[0.138s] Invoking command in '/home/wheeltec/wheeltec_robot/build/lslidar_msgs': CMAKE_PREFIX_PATH=${CMAKE_PREFIX_PATH}:/opt/ros/humble /usr/bin/cmake --build /home/wheeltec/wheeltec_robot/build/lslidar_msgs -- -j8 -l8
[0.554s] [  1%] Built target lslidar_msgs__cpp
[0.555s] [  1%] Built target ament_cmake_python_symlink_lslidar_msgs
[0.555s] [ 12%] Built target lslidar_msgs__rosidl_typesupport_introspection_cpp
[1.045s] running egg_info
[1.086s] writing lslidar_msgs.egg-info/PKG-INFO
[1.087s] writing dependency_links to lslidar_msgs.egg-info/dependency_links.txt
[1.087s] writing top-level names to lslidar_msgs.egg-info/top_level.txt
[1.202s] reading manifest file 'lslidar_msgs.egg-info/SOURCES.txt'
[1.204s] writing manifest file 'lslidar_msgs.egg-info/SOURCES.txt'
[1.349s] [ 12%] Built target ament_cmake_python_build_lslidar_msgs_egg
[1.476s] [ 23%] Built target lslidar_msgs__rosidl_typesupport_fastrtps_cpp
[1.542s] [ 34%] Built target lslidar_msgs__rosidl_typesupport_cpp
[1.613s] [ 46%] Built target lslidar_msgs__rosidl_generator_c
[1.678s] [ 57%] Built target lslidar_msgs__rosidl_typesupport_fastrtps_c
[1.764s] [ 68%] Built target lslidar_msgs__rosidl_typesupport_c
[1.843s] [ 79%] Built target lslidar_msgs__rosidl_typesupport_introspection_c
[1.889s] [ 79%] Built target lslidar_msgs
[1.991s] [ 80%] Built target lslidar_msgs__py
[2.107s] [ 90%] Built target lslidar_msgs__rosidl_generator_py
[2.209s] [ 93%] Built target lslidar_msgs__rosidl_typesupport_fastrtps_c__pyext
[2.361s] [ 96%] Built target lslidar_msgs__rosidl_typesupport_c__pyext
[2.465s] [100%] Built target lslidar_msgs__rosidl_typesupport_introspection_c__pyext
[2.546s] Invoked command in '/home/wheeltec/wheeltec_robot/build/lslidar_msgs' returned '0': CMAKE_PREFIX_PATH=${CMAKE_PREFIX_PATH}:/opt/ros/humble /usr/bin/cmake --build /home/wheeltec/wheeltec_robot/build/lslidar_msgs -- -j8 -l8
[2.633s] Invoking command in '/home/wheeltec/wheeltec_robot/build/lslidar_msgs': CMAKE_PREFIX_PATH=${CMAKE_PREFIX_PATH}:/opt/ros/humble /usr/bin/cmake --install /home/wheeltec/wheeltec_robot/build/lslidar_msgs
[2.949s] -- Install configuration: ""
[2.949s] -- Execute custom install script
[2.949s] -- Up-to-date symlink: /home/wheeltec/wheeltec_robot/install/lslidar_msgs/share/ament_index/resource_index/rosidl_interfaces/lslidar_msgs
[2.949s] -- Up-to-date symlink: /home/wheeltec/wheeltec_robot/install/lslidar_msgs/include/lslidar_msgs/lslidar_msgs/msg/detail/lslidar_difop__functions.h
[2.949s] -- Up-to-date symlink: /home/wheeltec/wheeltec_robot/install/lslidar_msgs/include/lslidar_msgs/lslidar_msgs/msg/detail/lslidar_difop__struct.h
[2.950s] -- Up-to-date symlink: /home/wheeltec/wheeltec_robot/install/lslidar_msgs/include/lslidar_msgs/lslidar_msgs/msg/detail/lslidar_difop__type_support.h
[2.950s] -- Up-to-date symlink: /home/wheeltec/wheeltec_robot/install/lslidar_msgs/include/lslidar_msgs/lslidar_msgs/msg/detail/lslidar_packet__functions.h
[2.950s] -- Up-to-date symlink: /home/wheeltec/wheeltec_robot/install/lslidar_msgs/include/lslidar_msgs/lslidar_msgs/msg/detail/lslidar_packet__struct.h
[2.950s] -- Up-to-date symlink: /home/wheeltec/wheeltec_robot/install/lslidar_msgs/include/lslidar_msgs/lslidar_msgs/msg/detail/lslidar_packet__type_support.h
[2.950s] -- Up-to-date symlink: /home/wheeltec/wheeltec_robot/install/lslidar_msgs/include/lslidar_msgs/lslidar_msgs/msg/detail/lslidar_point__functions.h
[2.950s] -- Up-to-date symlink: /home/wheeltec/wheeltec_robot/install/lslidar_msgs/include/lslidar_msgs/lslidar_msgs/msg/detail/lslidar_point__struct.h
[2.950s] -- Up-to-date symlink: /home/wheeltec/wheeltec_robot/install/lslidar_msgs/include/lslidar_msgs/lslidar_msgs/msg/detail/lslidar_point__type_support.h
[2.950s] -- Up-to-date symlink: /home/wheeltec/wheeltec_robot/install/lslidar_msgs/include/lslidar_msgs/lslidar_msgs/msg/detail/lslidar_scan__functions.h
[2.951s] -- Up-to-date symlink: /home/wheeltec/wheeltec_robot/install/lslidar_msgs/include/lslidar_msgs/lslidar_msgs/msg/detail/lslidar_scan__struct.h
[2.951s] -- Up-to-date symlink: /home/wheeltec/wheeltec_robot/install/lslidar_msgs/include/lslidar_msgs/lslidar_msgs/msg/detail/lslidar_scan__type_support.h
[2.951s] -- Up-to-date symlink: /home/wheeltec/wheeltec_robot/install/lslidar_msgs/include/lslidar_msgs/lslidar_msgs/msg/detail/lslidar_sweep__functions.h
[2.951s] -- Up-to-date symlink: /home/wheeltec/wheeltec_robot/install/lslidar_msgs/include/lslidar_msgs/lslidar_msgs/msg/detail/lslidar_sweep__struct.h
[2.951s] -- Up-to-date symlink: /home/wheeltec/wheeltec_robot/install/lslidar_msgs/include/lslidar_msgs/lslidar_msgs/msg/detail/lslidar_sweep__type_support.h
[2.951s] -- Up-to-date symlink: /home/wheeltec/wheeltec_robot/install/lslidar_msgs/include/lslidar_msgs/lslidar_msgs/msg/lslidar_difop.h
[2.951s] -- Up-to-date symlink: /home/wheeltec/wheeltec_robot/install/lslidar_msgs/include/lslidar_msgs/lslidar_msgs/msg/lslidar_packet.h
[2.952s] -- Up-to-date symlink: /home/wheeltec/wheeltec_robot/install/lslidar_msgs/include/lslidar_msgs/lslidar_msgs/msg/lslidar_point.h
[2.952s] -- Up-to-date symlink: /home/wheeltec/wheeltec_robot/install/lslidar_msgs/include/lslidar_msgs/lslidar_msgs/msg/lslidar_scan.h
[2.952s] -- Up-to-date symlink: /home/wheeltec/wheeltec_robot/install/lslidar_msgs/include/lslidar_msgs/lslidar_msgs/msg/lslidar_sweep.h
[2.952s] -- Up-to-date symlink: /home/wheeltec/wheeltec_robot/install/lslidar_msgs/include/lslidar_msgs/lslidar_msgs/msg/rosidl_generator_c__visibility_control.h
[2.952s] -- Up-to-date symlink: /home/wheeltec/wheeltec_robot/install/lslidar_msgs/share/lslidar_msgs/environment/library_path.sh
[2.953s] -- Up-to-date symlink: /home/wheeltec/wheeltec_robot/install/lslidar_msgs/share/lslidar_msgs/environment/library_path.dsv
[2.953s] -- Up-to-date symlink: /home/wheeltec/wheeltec_robot/install/lslidar_msgs/include/lslidar_msgs/lslidar_msgs/msg/detail/lslidar_difop__rosidl_typesupport_fastrtps_c.h
[2.953s] -- Up-to-date symlink: /home/wheeltec/wheeltec_robot/install/lslidar_msgs/include/lslidar_msgs/lslidar_msgs/msg/detail/lslidar_packet__rosidl_typesupport_fastrtps_c.h
[2.953s] -- Up-to-date symlink: /home/wheeltec/wheeltec_robot/install/lslidar_msgs/include/lslidar_msgs/lslidar_msgs/msg/detail/lslidar_point__rosidl_typesupport_fastrtps_c.h
[2.953s] -- Up-to-date symlink: /home/wheeltec/wheeltec_robot/install/lslidar_msgs/include/lslidar_msgs/lslidar_msgs/msg/detail/lslidar_scan__rosidl_typesupport_fastrtps_c.h
[2.954s] -- Up-to-date symlink: /home/wheeltec/wheeltec_robot/install/lslidar_msgs/include/lslidar_msgs/lslidar_msgs/msg/detail/lslidar_sweep__rosidl_typesupport_fastrtps_c.h
[2.954s] -- Up-to-date symlink: /home/wheeltec/wheeltec_robot/install/lslidar_msgs/include/lslidar_msgs/lslidar_msgs/msg/rosidl_typesupport_fastrtps_c__visibility_control.h
[2.954s] -- Up-to-date symlink: /home/wheeltec/wheeltec_robot/install/lslidar_msgs/include/lslidar_msgs/lslidar_msgs/msg/detail/lslidar_difop__builder.hpp
[2.954s] -- Up-to-date symlink: /home/wheeltec/wheeltec_robot/install/lslidar_msgs/include/lslidar_msgs/lslidar_msgs/msg/detail/lslidar_difop__struct.hpp
[2.954s] -- Up-to-date symlink: /home/wheeltec/wheeltec_robot/install/lslidar_msgs/include/lslidar_msgs/lslidar_msgs/msg/detail/lslidar_difop__traits.hpp
[2.954s] -- Up-to-date symlink: /home/wheeltec/wheeltec_robot/install/lslidar_msgs/include/lslidar_msgs/lslidar_msgs/msg/detail/lslidar_difop__type_support.hpp
[2.954s] -- Up-to-date symlink: /home/wheeltec/wheeltec_robot/install/lslidar_msgs/include/lslidar_msgs/lslidar_msgs/msg/detail/lslidar_packet__builder.hpp
[2.954s] -- Up-to-date symlink: /home/wheeltec/wheeltec_robot/install/lslidar_msgs/include/lslidar_msgs/lslidar_msgs/msg/detail/lslidar_packet__struct.hpp
[2.955s] -- Up-to-date symlink: /home/wheeltec/wheeltec_robot/install/lslidar_msgs/include/lslidar_msgs/lslidar_msgs/msg/detail/lslidar_packet__traits.hpp
[2.955s] -- Up-to-date symlink: /home/wheeltec/wheeltec_robot/install/lslidar_msgs/include/lslidar_msgs/lslidar_msgs/msg/detail/lslidar_packet__type_support.hpp
[2.955s] -- Up-to-date symlink: /home/wheeltec/wheeltec_robot/install/lslidar_msgs/include/lslidar_msgs/lslidar_msgs/msg/detail/lslidar_point__builder.hpp
[2.955s] -- Up-to-date symlink: /home/wheeltec/wheeltec_robot/install/lslidar_msgs/include/lslidar_msgs/lslidar_msgs/msg/detail/lslidar_point__struct.hpp
[2.955s] -- Up-to-date symlink: /home/wheeltec/wheeltec_robot/install/lslidar_msgs/include/lslidar_msgs/lslidar_msgs/msg/detail/lslidar_point__traits.hpp
[2.955s] -- Up-to-date symlink: /home/wheeltec/wheeltec_robot/install/lslidar_msgs/include/lslidar_msgs/lslidar_msgs/msg/detail/lslidar_point__type_support.hpp
[2.957s] -- Up-to-date symlink: /home/wheeltec/wheeltec_robot/install/lslidar_msgs/include/lslidar_msgs/lslidar_msgs/msg/detail/lslidar_scan__builder.hpp
[2.957s] -- Up-to-date symlink: /home/wheeltec/wheeltec_robot/install/lslidar_msgs/include/lslidar_msgs/lslidar_msgs/msg/detail/lslidar_scan__struct.hpp
[2.957s] -- Up-to-date symlink: /home/wheeltec/wheeltec_robot/install/lslidar_msgs/include/lslidar_msgs/lslidar_msgs/msg/detail/lslidar_scan__traits.hpp
[2.957s] -- Up-to-date symlink: /home/wheeltec/wheeltec_robot/install/lslidar_msgs/include/lslidar_msgs/lslidar_msgs/msg/detail/lslidar_scan__type_support.hpp
[2.958s] -- Up-to-date symlink: /home/wheeltec/wheeltec_robot/install/lslidar_msgs/include/lslidar_msgs/lslidar_msgs/msg/detail/lslidar_sweep__builder.hpp
[2.958s] -- Up-to-date symlink: /home/wheeltec/wheeltec_robot/install/lslidar_msgs/include/lslidar_msgs/lslidar_msgs/msg/detail/lslidar_sweep__struct.hpp
[2.958s] -- Up-to-date symlink: /home/wheeltec/wheeltec_robot/install/lslidar_msgs/include/lslidar_msgs/lslidar_msgs/msg/detail/lslidar_sweep__traits.hpp
[2.958s] -- Up-to-date symlink: /home/wheeltec/wheeltec_robot/install/lslidar_msgs/include/lslidar_msgs/lslidar_msgs/msg/detail/lslidar_sweep__type_support.hpp
[2.958s] -- Up-to-date symlink: /home/wheeltec/wheeltec_robot/install/lslidar_msgs/include/lslidar_msgs/lslidar_msgs/msg/lslidar_difop.hpp
[2.958s] -- Up-to-date symlink: /home/wheeltec/wheeltec_robot/install/lslidar_msgs/include/lslidar_msgs/lslidar_msgs/msg/lslidar_packet.hpp
[2.958s] -- Up-to-date symlink: /home/wheeltec/wheeltec_robot/install/lslidar_msgs/include/lslidar_msgs/lslidar_msgs/msg/lslidar_point.hpp
[2.966s] -- Up-to-date symlink: /home/wheeltec/wheeltec_robot/install/lslidar_msgs/include/lslidar_msgs/lslidar_msgs/msg/lslidar_scan.hpp
[2.967s] -- Up-to-date symlink: /home/wheeltec/wheeltec_robot/install/lslidar_msgs/include/lslidar_msgs/lslidar_msgs/msg/lslidar_sweep.hpp
[2.967s] -- Up-to-date symlink: /home/wheeltec/wheeltec_robot/install/lslidar_msgs/include/lslidar_msgs/lslidar_msgs/msg/rosidl_generator_cpp__visibility_control.hpp
[2.967s] -- Up-to-date symlink: /home/wheeltec/wheeltec_robot/install/lslidar_msgs/include/lslidar_msgs/lslidar_msgs/msg/detail/lslidar_difop__rosidl_typesupport_fastrtps_cpp.hpp
[2.967s] -- Up-to-date symlink: /home/wheeltec/wheeltec_robot/install/lslidar_msgs/include/lslidar_msgs/lslidar_msgs/msg/detail/lslidar_packet__rosidl_typesupport_fastrtps_cpp.hpp
[2.968s] -- Up-to-date symlink: /home/wheeltec/wheeltec_robot/install/lslidar_msgs/include/lslidar_msgs/lslidar_msgs/msg/detail/lslidar_point__rosidl_typesupport_fastrtps_cpp.hpp
[2.968s] -- Up-to-date symlink: /home/wheeltec/wheeltec_robot/install/lslidar_msgs/include/lslidar_msgs/lslidar_msgs/msg/detail/lslidar_scan__rosidl_typesupport_fastrtps_cpp.hpp
[2.968s] -- Up-to-date symlink: /home/wheeltec/wheeltec_robot/install/lslidar_msgs/include/lslidar_msgs/lslidar_msgs/msg/detail/lslidar_sweep__rosidl_typesupport_fastrtps_cpp.hpp
[2.968s] -- Up-to-date symlink: /home/wheeltec/wheeltec_robot/install/lslidar_msgs/include/lslidar_msgs/lslidar_msgs/msg/rosidl_typesupport_fastrtps_cpp__visibility_control.h
[2.968s] -- Up-to-date symlink: /home/wheeltec/wheeltec_robot/install/lslidar_msgs/include/lslidar_msgs/lslidar_msgs/msg/detail/lslidar_difop__rosidl_typesupport_introspection_c.h
[2.968s] -- Up-to-date symlink: /home/wheeltec/wheeltec_robot/install/lslidar_msgs/include/lslidar_msgs/lslidar_msgs/msg/detail/lslidar_packet__rosidl_typesupport_introspection_c.h
[2.968s] -- Up-to-date symlink: /home/wheeltec/wheeltec_robot/install/lslidar_msgs/include/lslidar_msgs/lslidar_msgs/msg/detail/lslidar_point__rosidl_typesupport_introspection_c.h
[2.968s] -- Up-to-date symlink: /home/wheeltec/wheeltec_robot/install/lslidar_msgs/include/lslidar_msgs/lslidar_msgs/msg/detail/lslidar_scan__rosidl_typesupport_introspection_c.h
[2.968s] -- Up-to-date symlink: /home/wheeltec/wheeltec_robot/install/lslidar_msgs/include/lslidar_msgs/lslidar_msgs/msg/detail/lslidar_sweep__rosidl_typesupport_introspection_c.h
[2.968s] -- Up-to-date symlink: /home/wheeltec/wheeltec_robot/install/lslidar_msgs/include/lslidar_msgs/lslidar_msgs/msg/rosidl_typesupport_introspection_c__visibility_control.h
[2.969s] -- Up-to-date symlink: /home/wheeltec/wheeltec_robot/install/lslidar_msgs/include/lslidar_msgs/lslidar_msgs/msg/detail/lslidar_difop__rosidl_typesupport_introspection_cpp.hpp
[2.969s] -- Up-to-date symlink: /home/wheeltec/wheeltec_robot/install/lslidar_msgs/include/lslidar_msgs/lslidar_msgs/msg/detail/lslidar_packet__rosidl_typesupport_introspection_cpp.hpp
[2.969s] -- Up-to-date symlink: /home/wheeltec/wheeltec_robot/install/lslidar_msgs/include/lslidar_msgs/lslidar_msgs/msg/detail/lslidar_point__rosidl_typesupport_introspection_cpp.hpp
[2.969s] -- Up-to-date symlink: /home/wheeltec/wheeltec_robot/install/lslidar_msgs/include/lslidar_msgs/lslidar_msgs/msg/detail/lslidar_scan__rosidl_typesupport_introspection_cpp.hpp
[2.975s] -- Up-to-date symlink: /home/wheeltec/wheeltec_robot/install/lslidar_msgs/include/lslidar_msgs/lslidar_msgs/msg/detail/lslidar_sweep__rosidl_typesupport_introspection_cpp.hpp
[2.975s] -- Up-to-date symlink: /home/wheeltec/wheeltec_robot/install/lslidar_msgs/share/lslidar_msgs/environment/pythonpath.sh
[2.975s] -- Up-to-date symlink: /home/wheeltec/wheeltec_robot/install/lslidar_msgs/share/lslidar_msgs/environment/pythonpath.dsv
[2.975s] -- Up-to-date symlink: /home/wheeltec/wheeltec_robot/install/lslidar_msgs/local/lib/python3.10/dist-packages/lslidar_msgs-1.2.0-py3.10.egg-info/PKG-INFO
[2.975s] -- Up-to-date symlink: /home/wheeltec/wheeltec_robot/install/lslidar_msgs/local/lib/python3.10/dist-packages/lslidar_msgs-1.2.0-py3.10.egg-info/SOURCES.txt
[2.975s] -- Up-to-date symlink: /home/wheeltec/wheeltec_robot/install/lslidar_msgs/local/lib/python3.10/dist-packages/lslidar_msgs-1.2.0-py3.10.egg-info/dependency_links.txt
[2.975s] -- Up-to-date symlink: /home/wheeltec/wheeltec_robot/install/lslidar_msgs/local/lib/python3.10/dist-packages/lslidar_msgs-1.2.0-py3.10.egg-info/top_level.txt
[2.975s] -- Up-to-date symlink: /home/wheeltec/wheeltec_robot/install/lslidar_msgs/local/lib/python3.10/dist-packages/lslidar_msgs/__init__.py
[2.975s] -- Up-to-date symlink: /home/wheeltec/wheeltec_robot/install/lslidar_msgs/local/lib/python3.10/dist-packages/lslidar_msgs/_lslidar_msgs_s.ep.rosidl_typesupport_c.c
[2.976s] -- Up-to-date symlink: /home/wheeltec/wheeltec_robot/install/lslidar_msgs/local/lib/python3.10/dist-packages/lslidar_msgs/_lslidar_msgs_s.ep.rosidl_typesupport_fastrtps_c.c
[2.976s] -- Up-to-date symlink: /home/wheeltec/wheeltec_robot/install/lslidar_msgs/local/lib/python3.10/dist-packages/lslidar_msgs/_lslidar_msgs_s.ep.rosidl_typesupport_introspection_c.c
[2.976s] -- Up-to-date symlink: /home/wheeltec/wheeltec_robot/install/lslidar_msgs/local/lib/python3.10/dist-packages/lslidar_msgs/liblslidar_msgs__rosidl_generator_py.so
[2.983s] -- Up-to-date symlink: /home/wheeltec/wheeltec_robot/install/lslidar_msgs/local/lib/python3.10/dist-packages/lslidar_msgs/lslidar_msgs_s__rosidl_typesupport_c.cpython-310-aarch64-linux-gnu.so
[2.985s] -- Up-to-date symlink: /home/wheeltec/wheeltec_robot/install/lslidar_msgs/local/lib/python3.10/dist-packages/lslidar_msgs/lslidar_msgs_s__rosidl_typesupport_fastrtps_c.cpython-310-aarch64-linux-gnu.so
[2.985s] -- Up-to-date symlink: /home/wheeltec/wheeltec_robot/install/lslidar_msgs/local/lib/python3.10/dist-packages/lslidar_msgs/lslidar_msgs_s__rosidl_typesupport_introspection_c.cpython-310-aarch64-linux-gnu.so
[2.985s] -- Up-to-date symlink: /home/wheeltec/wheeltec_robot/install/lslidar_msgs/local/lib/python3.10/dist-packages/lslidar_msgs/msg/__init__.py
[2.986s] -- Up-to-date symlink: /home/wheeltec/wheeltec_robot/install/lslidar_msgs/local/lib/python3.10/dist-packages/lslidar_msgs/msg/_lslidar_difop.py
[2.986s] -- Up-to-date symlink: /home/wheeltec/wheeltec_robot/install/lslidar_msgs/local/lib/python3.10/dist-packages/lslidar_msgs/msg/_lslidar_difop_s.c
[2.990s] -- Up-to-date symlink: /home/wheeltec/wheeltec_robot/install/lslidar_msgs/local/lib/python3.10/dist-packages/lslidar_msgs/msg/_lslidar_packet.py
[2.990s] -- Up-to-date symlink: /home/wheeltec/wheeltec_robot/install/lslidar_msgs/local/lib/python3.10/dist-packages/lslidar_msgs/msg/_lslidar_packet_s.c
[2.990s] -- Up-to-date symlink: /home/wheeltec/wheeltec_robot/install/lslidar_msgs/local/lib/python3.10/dist-packages/lslidar_msgs/msg/_lslidar_point.py
[2.990s] -- Up-to-date symlink: /home/wheeltec/wheeltec_robot/install/lslidar_msgs/local/lib/python3.10/dist-packages/lslidar_msgs/msg/_lslidar_point_s.c
[2.990s] -- Up-to-date symlink: /home/wheeltec/wheeltec_robot/install/lslidar_msgs/local/lib/python3.10/dist-packages/lslidar_msgs/msg/_lslidar_scan.py
[2.990s] -- Up-to-date symlink: /home/wheeltec/wheeltec_robot/install/lslidar_msgs/local/lib/python3.10/dist-packages/lslidar_msgs/msg/_lslidar_scan_s.c
[2.990s] -- Up-to-date symlink: /home/wheeltec/wheeltec_robot/install/lslidar_msgs/local/lib/python3.10/dist-packages/lslidar_msgs/msg/_lslidar_sweep.py
[2.991s] -- Up-to-date symlink: /home/wheeltec/wheeltec_robot/install/lslidar_msgs/local/lib/python3.10/dist-packages/lslidar_msgs/msg/_lslidar_sweep_s.c
[2.991s] -- Up-to-date symlink: /home/wheeltec/wheeltec_robot/install/lslidar_msgs/local/lib/python3.10/dist-packages/lslidar_msgs/lslidar_msgs_s__rosidl_typesupport_fastrtps_c.cpython-310-aarch64-linux-gnu.so
[2.991s] -- Up-to-date symlink: /home/wheeltec/wheeltec_robot/install/lslidar_msgs/local/lib/python3.10/dist-packages/lslidar_msgs/lslidar_msgs_s__rosidl_typesupport_introspection_c.cpython-310-aarch64-linux-gnu.so
[2.991s] -- Up-to-date symlink: /home/wheeltec/wheeltec_robot/install/lslidar_msgs/local/lib/python3.10/dist-packages/lslidar_msgs/lslidar_msgs_s__rosidl_typesupport_c.cpython-310-aarch64-linux-gnu.so
[2.991s] -- Up-to-date symlink: /home/wheeltec/wheeltec_robot/install/lslidar_msgs/share/lslidar_msgs/msg/LslidarDifop.idl
[2.991s] -- Up-to-date symlink: /home/wheeltec/wheeltec_robot/install/lslidar_msgs/share/lslidar_msgs/msg/LslidarPacket.idl
[2.991s] -- Up-to-date symlink: /home/wheeltec/wheeltec_robot/install/lslidar_msgs/share/lslidar_msgs/msg/LslidarPoint.idl
[2.991s] -- Up-to-date symlink: /home/wheeltec/wheeltec_robot/install/lslidar_msgs/share/lslidar_msgs/msg/LslidarScan.idl
[2.991s] -- Up-to-date symlink: /home/wheeltec/wheeltec_robot/install/lslidar_msgs/share/lslidar_msgs/msg/LslidarSweep.idl
[2.991s] -- Up-to-date symlink: /home/wheeltec/wheeltec_robot/install/lslidar_msgs/share/lslidar_msgs/msg/LslidarDifop.msg
[2.992s] -- Up-to-date symlink: /home/wheeltec/wheeltec_robot/install/lslidar_msgs/share/lslidar_msgs/msg/LslidarPacket.msg
[2.992s] -- Up-to-date symlink: /home/wheeltec/wheeltec_robot/install/lslidar_msgs/share/lslidar_msgs/msg/LslidarPoint.msg
[2.992s] -- Up-to-date symlink: /home/wheeltec/wheeltec_robot/install/lslidar_msgs/share/lslidar_msgs/msg/LslidarScan.msg
[2.992s] -- Up-to-date symlink: /home/wheeltec/wheeltec_robot/install/lslidar_msgs/share/lslidar_msgs/msg/LslidarSweep.msg
[2.992s] -- Up-to-date symlink: /home/wheeltec/wheeltec_robot/install/lslidar_msgs/share/ament_index/resource_index/package_run_dependencies/lslidar_msgs
[2.992s] -- Up-to-date symlink: /home/wheeltec/wheeltec_robot/install/lslidar_msgs/share/ament_index/resource_index/parent_prefix_path/lslidar_msgs
[2.992s] -- Up-to-date symlink: /home/wheeltec/wheeltec_robot/install/lslidar_msgs/share/lslidar_msgs/environment/ament_prefix_path.sh
[2.992s] -- Up-to-date symlink: /home/wheeltec/wheeltec_robot/install/lslidar_msgs/share/lslidar_msgs/environment/ament_prefix_path.dsv
[2.992s] -- Up-to-date symlink: /home/wheeltec/wheeltec_robot/install/lslidar_msgs/share/lslidar_msgs/environment/path.sh
[2.992s] -- Up-to-date symlink: /home/wheeltec/wheeltec_robot/install/lslidar_msgs/share/lslidar_msgs/environment/path.dsv
[2.993s] -- Up-to-date symlink: /home/wheeltec/wheeltec_robot/install/lslidar_msgs/share/lslidar_msgs/local_setup.bash
[2.993s] -- Up-to-date symlink: /home/wheeltec/wheeltec_robot/install/lslidar_msgs/share/lslidar_msgs/local_setup.sh
[2.993s] -- Up-to-date symlink: /home/wheeltec/wheeltec_robot/install/lslidar_msgs/share/lslidar_msgs/local_setup.zsh
[2.994s] -- Up-to-date symlink: /home/wheeltec/wheeltec_robot/install/lslidar_msgs/share/lslidar_msgs/local_setup.dsv
[2.994s] -- Symlinking: /home/wheeltec/wheeltec_robot/install/lslidar_msgs/share/lslidar_msgs/package.dsv
[3.091s] -- Up-to-date symlink: /home/wheeltec/wheeltec_robot/install/lslidar_msgs/share/ament_index/resource_index/packages/lslidar_msgs
[3.091s] -- Up-to-date symlink: /home/wheeltec/wheeltec_robot/install/lslidar_msgs/share/lslidar_msgs/cmake/rosidl_cmake-extras.cmake
[3.091s] -- Up-to-date symlink: /home/wheeltec/wheeltec_robot/install/lslidar_msgs/share/lslidar_msgs/cmake/ament_cmake_export_dependencies-extras.cmake
[3.091s] -- Up-to-date symlink: /home/wheeltec/wheeltec_robot/install/lslidar_msgs/share/lslidar_msgs/cmake/ament_cmake_export_include_directories-extras.cmake
[3.091s] -- Up-to-date symlink: /home/wheeltec/wheeltec_robot/install/lslidar_msgs/share/lslidar_msgs/cmake/ament_cmake_export_libraries-extras.cmake
[3.092s] -- Up-to-date symlink: /home/wheeltec/wheeltec_robot/install/lslidar_msgs/share/lslidar_msgs/cmake/ament_cmake_export_targets-extras.cmake
[3.092s] -- Up-to-date symlink: /home/wheeltec/wheeltec_robot/install/lslidar_msgs/share/lslidar_msgs/cmake/rosidl_cmake_export_typesupport_targets-extras.cmake
[3.092s] -- Up-to-date symlink: /home/wheeltec/wheeltec_robot/install/lslidar_msgs/share/lslidar_msgs/cmake/rosidl_cmake_export_typesupport_libraries-extras.cmake
[3.092s] -- Up-to-date symlink: /home/wheeltec/wheeltec_robot/install/lslidar_msgs/share/lslidar_msgs/cmake/lslidar_msgsConfig.cmake
[3.092s] -- Up-to-date symlink: /home/wheeltec/wheeltec_robot/install/lslidar_msgs/share/lslidar_msgs/cmake/lslidar_msgsConfig-version.cmake
[3.092s] -- Up-to-date symlink: /home/wheeltec/wheeltec_robot/install/lslidar_msgs/share/lslidar_msgs/package.xml
[3.092s] -- Up-to-date: /home/wheeltec/wheeltec_robot/install/lslidar_msgs/lib/liblslidar_msgs__rosidl_generator_c.so
[3.092s] -- Up-to-date: /home/wheeltec/wheeltec_robot/install/lslidar_msgs/lib/liblslidar_msgs__rosidl_typesupport_fastrtps_c.so
[3.092s] -- Up-to-date: /home/wheeltec/wheeltec_robot/install/lslidar_msgs/lib/liblslidar_msgs__rosidl_typesupport_fastrtps_cpp.so
[3.092s] -- Up-to-date: /home/wheeltec/wheeltec_robot/install/lslidar_msgs/lib/liblslidar_msgs__rosidl_typesupport_introspection_c.so
[3.093s] -- Up-to-date: /home/wheeltec/wheeltec_robot/install/lslidar_msgs/lib/liblslidar_msgs__rosidl_typesupport_c.so
[3.093s] -- Up-to-date: /home/wheeltec/wheeltec_robot/install/lslidar_msgs/lib/liblslidar_msgs__rosidl_typesupport_introspection_cpp.so
[3.093s] -- Up-to-date: /home/wheeltec/wheeltec_robot/install/lslidar_msgs/lib/liblslidar_msgs__rosidl_typesupport_cpp.so
[3.369s] Listing '/home/wheeltec/wheeltec_robot/install/lslidar_msgs/local/lib/python3.10/dist-packages/lslidar_msgs'...
[3.369s] Listing '/home/wheeltec/wheeltec_robot/install/lslidar_msgs/local/lib/python3.10/dist-packages/lslidar_msgs/msg'...
[3.386s] -- Up-to-date: /home/wheeltec/wheeltec_robot/install/lslidar_msgs/lib/liblslidar_msgs__rosidl_generator_py.so
[3.386s] -- Up-to-date: /home/wheeltec/wheeltec_robot/install/lslidar_msgs/share/lslidar_msgs/cmake/export_lslidar_msgs__rosidl_generator_cExport.cmake
[3.386s] -- Up-to-date: /home/wheeltec/wheeltec_robot/install/lslidar_msgs/share/lslidar_msgs/cmake/export_lslidar_msgs__rosidl_generator_cExport-noconfig.cmake
[3.387s] -- Up-to-date: /home/wheeltec/wheeltec_robot/install/lslidar_msgs/share/lslidar_msgs/cmake/export_lslidar_msgs__rosidl_typesupport_fastrtps_cExport.cmake
[3.387s] -- Up-to-date: /home/wheeltec/wheeltec_robot/install/lslidar_msgs/share/lslidar_msgs/cmake/export_lslidar_msgs__rosidl_typesupport_fastrtps_cExport-noconfig.cmake
[3.387s] -- Up-to-date: /home/wheeltec/wheeltec_robot/install/lslidar_msgs/share/lslidar_msgs/cmake/export_lslidar_msgs__rosidl_generator_cppExport.cmake
[3.387s] -- Up-to-date: /home/wheeltec/wheeltec_robot/install/lslidar_msgs/share/lslidar_msgs/cmake/export_lslidar_msgs__rosidl_typesupport_fastrtps_cppExport.cmake
[3.387s] -- Up-to-date: /home/wheeltec/wheeltec_robot/install/lslidar_msgs/share/lslidar_msgs/cmake/export_lslidar_msgs__rosidl_typesupport_fastrtps_cppExport-noconfig.cmake
[3.387s] -- Up-to-date: /home/wheeltec/wheeltec_robot/install/lslidar_msgs/share/lslidar_msgs/cmake/lslidar_msgs__rosidl_typesupport_introspection_cExport.cmake
[3.387s] -- Up-to-date: /home/wheeltec/wheeltec_robot/install/lslidar_msgs/share/lslidar_msgs/cmake/lslidar_msgs__rosidl_typesupport_introspection_cExport-noconfig.cmake
[3.387s] -- Up-to-date: /home/wheeltec/wheeltec_robot/install/lslidar_msgs/share/lslidar_msgs/cmake/lslidar_msgs__rosidl_typesupport_cExport.cmake
[3.387s] -- Up-to-date: /home/wheeltec/wheeltec_robot/install/lslidar_msgs/share/lslidar_msgs/cmake/lslidar_msgs__rosidl_typesupport_cExport-noconfig.cmake
[3.387s] -- Up-to-date: /home/wheeltec/wheeltec_robot/install/lslidar_msgs/share/lslidar_msgs/cmake/lslidar_msgs__rosidl_typesupport_introspection_cppExport.cmake
[3.388s] -- Up-to-date: /home/wheeltec/wheeltec_robot/install/lslidar_msgs/share/lslidar_msgs/cmake/lslidar_msgs__rosidl_typesupport_introspection_cppExport-noconfig.cmake
[3.388s] -- Up-to-date: /home/wheeltec/wheeltec_robot/install/lslidar_msgs/share/lslidar_msgs/cmake/lslidar_msgs__rosidl_typesupport_cppExport.cmake
[3.388s] -- Up-to-date: /home/wheeltec/wheeltec_robot/install/lslidar_msgs/share/lslidar_msgs/cmake/lslidar_msgs__rosidl_typesupport_cppExport-noconfig.cmake
[3.388s] -- Up-to-date: /home/wheeltec/wheeltec_robot/install/lslidar_msgs/share/lslidar_msgs/cmake/export_lslidar_msgs__rosidl_generator_pyExport.cmake
[3.388s] -- Up-to-date: /home/wheeltec/wheeltec_robot/install/lslidar_msgs/share/lslidar_msgs/cmake/export_lslidar_msgs__rosidl_generator_pyExport-noconfig.cmake
[3.410s] Invoked command in '/home/wheeltec/wheeltec_robot/build/lslidar_msgs' returned '0': CMAKE_PREFIX_PATH=${CMAKE_PREFIX_PATH}:/opt/ros/humble /usr/bin/cmake --install /home/wheeltec/wheeltec_robot/build/lslidar_msgs
