running develop
running egg_info
creating simple_follower_ros2.egg-info
writing simple_follower_ros2.egg-info/PKG-INFO
writing dependency_links to simple_follower_ros2.egg-info/dependency_links.txt
writing entry points to simple_follower_ros2.egg-info/entry_points.txt
writing requirements to simple_follower_ros2.egg-info/requires.txt
writing top-level names to simple_follower_ros2.egg-info/top_level.txt
writing manifest file 'simple_follower_ros2.egg-info/SOURCES.txt'
reading manifest file 'simple_follower_ros2.egg-info/SOURCES.txt'
writing manifest file 'simple_follower_ros2.egg-info/SOURCES.txt'
running build_ext
Creating /home/wheeltec/wheeltec_robot/install/simple_follower_ros2/lib/python3.10/site-packages/simple-follower-ros2.egg-link (link to .)
Installing adjust_hsv script to /home/wheeltec/wheeltec_robot/install/simple_follower_ros2/lib/simple_follower_ros2
Installing arfollower script to /home/wheeltec/wheeltec_robot/install/simple_follower_ros2/lib/simple_follower_ros2
Installing laserfollower script to /home/wheeltec/wheeltec_robot/install/simple_follower_ros2/lib/simple_follower_ros2
Installing lasertracker script to /home/wheeltec/wheeltec_robot/install/simple_follower_ros2/lib/simple_follower_ros2
Installing line_follow script to /home/wheeltec/wheeltec_robot/install/simple_follower_ros2/lib/simple_follower_ros2
Installing visualfollow script to /home/wheeltec/wheeltec_robot/install/simple_follower_ros2/lib/simple_follower_ros2
Installing visualtracker script to /home/wheeltec/wheeltec_robot/install/simple_follower_ros2/lib/simple_follower_ros2

Installed /home/wheeltec/wheeltec_robot/build/simple_follower_ros2
running symlink_data
creating /home/wheeltec/wheeltec_robot/install/simple_follower_ros2/share/ament_index/resource_index/packages
symbolically linking /home/wheeltec/wheeltec_robot/build/simple_follower_ros2/resource/simple_follower_ros2 -> /home/wheeltec/wheeltec_robot/install/simple_follower_ros2/share/ament_index/resource_index/packages
symbolically linking /home/wheeltec/wheeltec_robot/build/simple_follower_ros2/launch/line_follower.launch.py -> /home/wheeltec/wheeltec_robot/install/simple_follower_ros2/share/simple_follower_ros2
symbolically linking /home/wheeltec/wheeltec_robot/build/simple_follower_ros2/launch/laser_follower.launch.py -> /home/wheeltec/wheeltec_robot/install/simple_follower_ros2/share/simple_follower_ros2
symbolically linking /home/wheeltec/wheeltec_robot/build/simple_follower_ros2/launch/visual_follower.launch.py -> /home/wheeltec/wheeltec_robot/install/simple_follower_ros2/share/simple_follower_ros2
symbolically linking /home/wheeltec/wheeltec_robot/build/simple_follower_ros2/launch/adjust_hsv.launch.py -> /home/wheeltec/wheeltec_robot/install/simple_follower_ros2/share/simple_follower_ros2
symbolically linking /home/wheeltec/wheeltec_robot/build/simple_follower_ros2/launch/aruco_follower.launch.py -> /home/wheeltec/wheeltec_robot/install/simple_follower_ros2/share/simple_follower_ros2
symbolically linking /home/wheeltec/wheeltec_robot/build/simple_follower_ros2/package.xml -> /home/wheeltec/wheeltec_robot/install/simple_follower_ros2/share/simple_follower_ros2
