[0.604s] Invoking command in '/home/wheeltec/wheeltec_robot/build/turn_on_wheeltec_robot': AMENT_PREFIX_PATH=/home/wheeltec/wheeltec_robot/install/nav2_msgs:/home/wheeltec/wheeltec_robot/install/wheeltec_robot_msg:/home/wheeltec/wheeltec_robot/install/serial:/home/wheeltec/wheeltec_robot/install/nav2_common:/home/wheeltec/wheeltec_robot/install/ackermann_msgs:${AMENT_PREFIX_PATH} CMAKE_PREFIX_PATH=/home/wheeltec/wheeltec_robot/install/nav2_msgs:/home/wheeltec/wheeltec_robot/install/wheeltec_robot_msg:/home/wheeltec/wheeltec_robot/install/serial:/home/wheeltec/wheeltec_robot/install/nav2_common:/home/wheeltec/wheeltec_robot/install/ackermann_msgs:/opt/ros/humble LD_LIBRARY_PATH=/home/wheeltec/wheeltec_robot/install/nav2_msgs/lib:/home/wheeltec/wheeltec_robot/install/wheeltec_robot_msg/lib:/home/wheeltec/wheeltec_robot/install/serial/lib:/home/wheeltec/wheeltec_robot/install/ackermann_msgs/lib:/usr/local/cuda-12.6/lib64:/opt/ros/humble/opt/rviz_ogre_vendor/lib:/opt/ros/humble/lib/aarch64-linux-gnu:/opt/ros/humble/lib:/usr/local/cuda-12.6/lib64 PYTHONPATH=/home/wheeltec/wheeltec_robot/install/nav2_msgs/local/lib/python3.10/dist-packages:/home/wheeltec/wheeltec_robot/install/wheeltec_robot_msg/local/lib/python3.10/dist-packages:/home/wheeltec/wheeltec_robot/install/nav2_common/local/lib/python3.10/dist-packages:/home/wheeltec/wheeltec_robot/install/ackermann_msgs/local/lib/python3.10/dist-packages:${PYTHONPATH} /usr/bin/cmake /home/wheeltec/wheeltec_robot/src/turn_on_wheeltec_robot -DCMAKE_INSTALL_PREFIX=/home/wheeltec/wheeltec_robot/install/turn_on_wheeltec_robot
[0.823s] -- The C compiler identification is GNU 11.4.0
[1.032s] -- The CXX compiler identification is GNU 11.4.0
[1.059s] -- Detecting C compiler ABI info
[1.519s] -- Detecting C compiler ABI info - done
[1.519s] -- Check for working C compiler: /usr/bin/cc - skipped
[1.519s] -- Detecting C compile features
[1.519s] -- Detecting C compile features - done
[1.537s] -- Detecting CXX compiler ABI info
[1.907s] -- Detecting CXX compiler ABI info - done
[1.914s] -- Check for working CXX compiler: /usr/bin/c++ - skipped
[1.914s] -- Detecting CXX compile features
[1.921s] -- Detecting CXX compile features - done
[1.921s] -- Found ament_cmake: 1.3.12 (/opt/ros/humble/share/ament_cmake/cmake)
[2.910s] -- Found Python3: /usr/bin/python3 (found version "3.10.12") found components: Interpreter 
[3.230s] -- Found geometry_msgs: 4.9.0 (/opt/ros/humble/share/geometry_msgs/cmake)
[3.356s] -- Found rosidl_generator_c: 3.1.7 (/opt/ros/humble/share/rosidl_generator_c/cmake)
[3.364s] -- Found rosidl_adapter: 3.1.7 (/opt/ros/humble/share/rosidl_adapter/cmake)
[3.386s] -- Found rosidl_generator_cpp: 3.1.7 (/opt/ros/humble/share/rosidl_generator_cpp/cmake)
[3.423s] -- Using all available rosidl_typesupport_c: rosidl_typesupport_fastrtps_c;rosidl_typesupport_introspection_c
[3.465s] -- Using all available rosidl_typesupport_cpp: rosidl_typesupport_fastrtps_cpp;rosidl_typesupport_introspection_cpp
[3.629s] -- Found tf2_geometry_msgs: 0.25.15 (/opt/ros/humble/share/tf2_geometry_msgs/cmake)
[3.669s] -- Found eigen3_cmake_module: 0.1.1 (/opt/ros/humble/share/eigen3_cmake_module/cmake)
[3.672s] -- Found Eigen3: TRUE (found version "3.4.0") 
[3.672s] -- Ensuring Eigen3 include directory is part of orocos-kdl CMake target
[3.904s] -- Found rmw_implementation_cmake: 6.1.2 (/opt/ros/humble/share/rmw_implementation_cmake/cmake)
[3.909s] -- Found rmw_fastrtps_cpp: 6.2.8 (/opt/ros/humble/share/rmw_fastrtps_cpp/cmake)
[4.420s] -- Found OpenSSL: /usr/lib/aarch64-linux-gnu/libcrypto.so (found version "3.0.2")  
[4.490s] -- Found FastRTPS: /opt/ros/humble/include  
[4.645s] -- Using RMW implementation 'rmw_fastrtps_cpp' as default
[4.686s] -- Looking for pthread.h
[4.974s] -- Looking for pthread.h - found
[4.975s] -- Performing Test CMAKE_HAVE_LIBC_PTHREAD
[5.513s] -- Performing Test CMAKE_HAVE_LIBC_PTHREAD - Success
[5.515s] -- Found Threads: TRUE  
[5.763s] -- Found turtlesim: 1.4.2 (/opt/ros/humble/share/turtlesim/cmake)
[5.838s] -- Found nav2_msgs: 1.1.6 (/home/wheeltec/wheeltec_robot/install/nav2_msgs/share/nav2_msgs/cmake)
[5.950s] -- Found rclpy: 3.3.17 (/opt/ros/humble/share/rclpy/cmake)
[5.957s] -- Found sensor_msgs: 4.9.0 (/opt/ros/humble/share/sensor_msgs/cmake)
[5.996s] -- Found std_srvs: 4.9.0 (/opt/ros/humble/share/std_srvs/cmake)
[6.068s] -- Found wheeltec_robot_msg: 0.0.0 (/home/wheeltec/wheeltec_robot/install/wheeltec_robot_msg/share/wheeltec_robot_msg/cmake)
[6.114s] -- Found serial: 1.2.1 (/home/wheeltec/wheeltec_robot/install/serial/share/serial/cmake)
[6.123s] -- Found rosidl_default_generators: 1.2.0 (/opt/ros/humble/share/rosidl_default_generators/cmake)
[7.659s] -- Found ament_cmake_ros: 0.10.0 (/opt/ros/humble/share/ament_cmake_ros/cmake)
[9.225s] -- Using all available rosidl_typesupport_c: rosidl_typesupport_fastrtps_c;rosidl_typesupport_introspection_c
[9.728s] -- Using all available rosidl_typesupport_cpp: rosidl_typesupport_fastrtps_cpp;rosidl_typesupport_introspection_cpp
[9.790s] -- Found PythonInterp: /usr/bin/python3 (found suitable version "3.10.12", minimum required is "3.6") 
[9.793s] -- Found python_cmake_module: 0.10.0 (/opt/ros/humble/share/python_cmake_module/cmake)
[9.919s] -- Found PythonLibs: /usr/lib/aarch64-linux-gnu/libpython3.10.so (found suitable version "3.10.12", minimum required is "3.5") 
[9.919s] -- Using PYTHON_EXECUTABLE: /usr/bin/python3
[9.920s] -- Using PYTHON_INCLUDE_DIRS: /usr/include/python3.10
[9.920s] -- Using PYTHON_LIBRARIES: /usr/lib/aarch64-linux-gnu/libpython3.10.so
[10.008s] -- Found PythonExtra: .so  
[10.155s] -- Found ament_lint_auto: 0.12.14 (/opt/ros/humble/share/ament_lint_auto/cmake)
[10.351s] -- Added test 'copyright' to check source files copyright and LICENSE
[10.355s] -- Added test 'cppcheck' to perform static code analysis on C / C++ code
[10.361s] -- Configured cppcheck include dirs: /home/wheeltec/wheeltec_robot/src/turn_on_wheeltec_robot/include
[10.361s] -- Configured cppcheck exclude dirs and/or files: 
[10.368s] -- Added test 'cpplint' to check C / C++ code against the Google style
[10.375s] -- Configured cpplint exclude dirs and/or files: 
[10.377s] -- Added test 'flake8' to check Python code syntax and style conventions
[10.380s] -- Added test 'lint_cmake' to check CMake code style
[10.382s] -- Added test 'pep257' to check Python code against some of the docstring style conventions in PEP 257
[10.386s] -- Added test 'uncrustify' to check C / C++ code style
[10.391s] -- Configured uncrustify additional arguments: 
[10.394s] -- Added test 'xmllint' to check XML markup files
[10.417s] -- Configuring done
[10.809s] -- Generating done
[10.908s] -- Build files have been written to: /home/wheeltec/wheeltec_robot/build/turn_on_wheeltec_robot
