[0.057s] Invoking command in '/home/wheeltec/wheeltec_robot/build/wheeltec_robot_msg': CMAKE_PREFIX_PATH=/opt/ros/humble /usr/bin/cmake /home/wheeltec/wheeltec_robot/src/wheeltec_robot_msg -DCMAKE_INSTALL_PREFIX=/home/wheeltec/wheeltec_robot/install/wheeltec_robot_msg
[0.610s] -- Found ament_cmake: 1.3.12 (/opt/ros/humble/share/ament_cmake/cmake)
[0.610s] -- Override CMake install command with custom implementation using symlinks instead of copying resources
[0.610s] -- Found rosidl_default_generators: 1.2.0 (/opt/ros/humble/share/rosidl_default_generators/cmake)
[0.610s] -- Using all available rosidl_typesupport_c: rosidl_typesupport_fastrtps_c;rosidl_typesupport_introspection_c
[0.611s] -- Found rosidl_adapter: 3.1.7 (/opt/ros/humble/share/rosidl_adapter/cmake)
[0.611s] -- Using all available rosidl_typesupport_cpp: rosidl_typesupport_fastrtps_cpp;rosidl_typesupport_introspection_cpp
[0.611s] -- Found std_msgs: 4.9.0 (/opt/ros/humble/share/std_msgs/cmake)
[1.140s] -- Found ament_cmake_cppcheck: 0.12.14 (/opt/ros/humble/share/ament_cmake_cppcheck/cmake)
[1.141s] -- Found ament_cmake_cpplint: 0.12.14 (/opt/ros/humble/share/ament_cmake_cpplint/cmake)
[1.143s] -- Found ament_cmake_uncrustify: 0.12.14 (/opt/ros/humble/share/ament_cmake_uncrustify/cmake)
[1.144s] -- Found ament_cmake_ros: 0.10.0 (/opt/ros/humble/share/ament_cmake_ros/cmake)
[1.685s] -- Using all available rosidl_typesupport_c: rosidl_typesupport_fastrtps_c;rosidl_typesupport_introspection_c
[2.355s] -- Using all available rosidl_typesupport_cpp: rosidl_typesupport_fastrtps_cpp;rosidl_typesupport_introspection_cpp
[2.404s] -- Found python_cmake_module: 0.10.0 (/opt/ros/humble/share/python_cmake_module/cmake)
[2.449s] -- Using PYTHON_EXECUTABLE: /usr/bin/python3
[2.449s] -- Using PYTHON_INCLUDE_DIRS: /usr/include/python3.10
[2.449s] -- Using PYTHON_LIBRARIES: /usr/lib/aarch64-linux-gnu/libpython3.10.so
[2.499s] -- Found ament_cmake_flake8: 0.12.14 (/opt/ros/humble/share/ament_cmake_flake8/cmake)
[2.500s] -- Found ament_cmake_pep257: 0.12.14 (/opt/ros/humble/share/ament_cmake_pep257/cmake)
[2.517s] -- Configuring done
[2.583s] -- Generating done
[2.600s] -- Build files have been written to: /home/wheeltec/wheeltec_robot/build/wheeltec_robot_msg
[2.622s] Invoked command in '/home/wheeltec/wheeltec_robot/build/wheeltec_robot_msg' returned '0': CMAKE_PREFIX_PATH=/opt/ros/humble /usr/bin/cmake /home/wheeltec/wheeltec_robot/src/wheeltec_robot_msg -DCMAKE_INSTALL_PREFIX=/home/wheeltec/wheeltec_robot/install/wheeltec_robot_msg
[2.623s] Invoking command in '/home/wheeltec/wheeltec_robot/build/wheeltec_robot_msg': CMAKE_PREFIX_PATH=/opt/ros/humble /usr/bin/cmake --build /home/wheeltec/wheeltec_robot/build/wheeltec_robot_msg -- -j8 -l8
[2.696s] [35m[1mConsolidate compiler generated dependencies of target wheeltec_robot_msg__rosidl_generator_c[0m
[2.742s] [ 10%] Built target wheeltec_robot_msg__rosidl_generator_c
[2.799s] [ 12%] Built target wheeltec_robot_msg__cpp
[2.801s] [35m[1mConsolidate compiler generated dependencies of target wheeltec_robot_msg__rosidl_typesupport_fastrtps_c[0m
[2.802s] [35m[1mConsolidate compiler generated dependencies of target wheeltec_robot_msg__rosidl_typesupport_introspection_c[0m
[2.823s] [ 12%] Built target ament_cmake_python_symlink_wheeltec_robot_msg
[2.825s] [35m[1mConsolidate compiler generated dependencies of target wheeltec_robot_msg__rosidl_typesupport_c[0m
[2.861s] [ 23%] Built target wheeltec_robot_msg__rosidl_typesupport_introspection_c
[2.876s] [ 33%] Built target wheeltec_robot_msg__rosidl_typesupport_fastrtps_c
[2.879s] [ 43%] Built target wheeltec_robot_msg__rosidl_typesupport_c
[2.884s] [35m[1mConsolidate compiler generated dependencies of target wheeltec_robot_msg__rosidl_typesupport_introspection_cpp[0m
[2.889s] [35m[1mConsolidate compiler generated dependencies of target wheeltec_robot_msg__rosidl_typesupport_fastrtps_cpp[0m
[2.892s] [35m[1mConsolidate compiler generated dependencies of target wheeltec_robot_msg__rosidl_typesupport_cpp[0m
[2.921s] [ 53%] Built target wheeltec_robot_msg__rosidl_typesupport_cpp
[2.969s] [ 64%] Built target wheeltec_robot_msg__rosidl_typesupport_introspection_cpp
[2.974s] [ 74%] Built target wheeltec_robot_msg__rosidl_typesupport_fastrtps_cpp
[3.078s] [ 74%] Built target wheeltec_robot_msg
[3.131s] [ 76%] Built target wheeltec_robot_msg__py
[3.198s] [35m[1mConsolidate compiler generated dependencies of target wheeltec_robot_msg__rosidl_generator_py[0m
[3.326s] [ 84%] Built target wheeltec_robot_msg__rosidl_generator_py
[3.387s] [35m[1mConsolidate compiler generated dependencies of target wheeltec_robot_msg__rosidl_typesupport_fastrtps_c__pyext[0m
[3.407s] [35m[1mConsolidate compiler generated dependencies of target wheeltec_robot_msg__rosidl_typesupport_introspection_c__pyext[0m
[3.450s] [ 89%] Built target wheeltec_robot_msg__rosidl_typesupport_fastrtps_c__pyext
[3.472s] [35m[1mConsolidate compiler generated dependencies of target wheeltec_robot_msg__rosidl_typesupport_c__pyext[0m
[3.499s] [ 94%] Built target wheeltec_robot_msg__rosidl_typesupport_introspection_c__pyext
[3.505s] [100%] Built target wheeltec_robot_msg__rosidl_typesupport_c__pyext
[3.708s] running egg_info
[3.744s] writing wheeltec_robot_msg.egg-info/PKG-INFO
[3.746s] writing dependency_links to wheeltec_robot_msg.egg-info/dependency_links.txt
[3.748s] writing top-level names to wheeltec_robot_msg.egg-info/top_level.txt
[3.880s] reading manifest file 'wheeltec_robot_msg.egg-info/SOURCES.txt'
[3.883s] writing manifest file 'wheeltec_robot_msg.egg-info/SOURCES.txt'
[3.973s] [100%] Built target ament_cmake_python_build_wheeltec_robot_msg_egg
[4.005s] Invoked command in '/home/wheeltec/wheeltec_robot/build/wheeltec_robot_msg' returned '0': CMAKE_PREFIX_PATH=/opt/ros/humble /usr/bin/cmake --build /home/wheeltec/wheeltec_robot/build/wheeltec_robot_msg -- -j8 -l8
[4.006s] Invoking command in '/home/wheeltec/wheeltec_robot/build/wheeltec_robot_msg': CMAKE_PREFIX_PATH=/opt/ros/humble /usr/bin/cmake --install /home/wheeltec/wheeltec_robot/build/wheeltec_robot_msg
[4.261s] -- Install configuration: ""
[4.262s] -- Execute custom install script
[4.263s] -- Up-to-date symlink: /home/wheeltec/wheeltec_robot/install/wheeltec_robot_msg/share/ament_index/resource_index/rosidl_interfaces/wheeltec_robot_msg
[4.263s] -- Up-to-date symlink: /home/wheeltec/wheeltec_robot/install/wheeltec_robot_msg/include/wheeltec_robot_msg/wheeltec_robot_msg/msg/data.h
[4.267s] -- Up-to-date symlink: /home/wheeltec/wheeltec_robot/install/wheeltec_robot_msg/include/wheeltec_robot_msg/wheeltec_robot_msg/msg/detail/data__functions.h
[4.269s] -- Up-to-date symlink: /home/wheeltec/wheeltec_robot/install/wheeltec_robot_msg/include/wheeltec_robot_msg/wheeltec_robot_msg/msg/detail/data__struct.h
[4.269s] -- Up-to-date symlink: /home/wheeltec/wheeltec_robot/install/wheeltec_robot_msg/include/wheeltec_robot_msg/wheeltec_robot_msg/msg/detail/data__type_support.h
[4.272s] -- Up-to-date symlink: /home/wheeltec/wheeltec_robot/install/wheeltec_robot_msg/include/wheeltec_robot_msg/wheeltec_robot_msg/msg/detail/supersonic__functions.h
[4.272s] -- Up-to-date symlink: /home/wheeltec/wheeltec_robot/install/wheeltec_robot_msg/include/wheeltec_robot_msg/wheeltec_robot_msg/msg/detail/supersonic__struct.h
[4.272s] -- Up-to-date symlink: /home/wheeltec/wheeltec_robot/install/wheeltec_robot_msg/include/wheeltec_robot_msg/wheeltec_robot_msg/msg/detail/supersonic__type_support.h
[4.273s] -- Up-to-date symlink: /home/wheeltec/wheeltec_robot/install/wheeltec_robot_msg/include/wheeltec_robot_msg/wheeltec_robot_msg/msg/rosidl_generator_c__visibility_control.h
[4.273s] -- Up-to-date symlink: /home/wheeltec/wheeltec_robot/install/wheeltec_robot_msg/include/wheeltec_robot_msg/wheeltec_robot_msg/msg/supersonic.h
[4.273s] -- Up-to-date symlink: /home/wheeltec/wheeltec_robot/install/wheeltec_robot_msg/share/wheeltec_robot_msg/environment/library_path.sh
[4.274s] -- Up-to-date symlink: /home/wheeltec/wheeltec_robot/install/wheeltec_robot_msg/share/wheeltec_robot_msg/environment/library_path.dsv
[4.274s] -- Up-to-date symlink: /home/wheeltec/wheeltec_robot/install/wheeltec_robot_msg/include/wheeltec_robot_msg/wheeltec_robot_msg/msg/detail/data__rosidl_typesupport_fastrtps_c.h
[4.274s] -- Up-to-date symlink: /home/wheeltec/wheeltec_robot/install/wheeltec_robot_msg/include/wheeltec_robot_msg/wheeltec_robot_msg/msg/detail/supersonic__rosidl_typesupport_fastrtps_c.h
[4.275s] -- Up-to-date symlink: /home/wheeltec/wheeltec_robot/install/wheeltec_robot_msg/include/wheeltec_robot_msg/wheeltec_robot_msg/msg/rosidl_typesupport_fastrtps_c__visibility_control.h
[4.275s] -- Up-to-date symlink: /home/wheeltec/wheeltec_robot/install/wheeltec_robot_msg/include/wheeltec_robot_msg/wheeltec_robot_msg/msg/detail/data__rosidl_typesupport_introspection_c.h
[4.275s] -- Up-to-date symlink: /home/wheeltec/wheeltec_robot/install/wheeltec_robot_msg/include/wheeltec_robot_msg/wheeltec_robot_msg/msg/detail/supersonic__rosidl_typesupport_introspection_c.h
[4.275s] -- Up-to-date symlink: /home/wheeltec/wheeltec_robot/install/wheeltec_robot_msg/include/wheeltec_robot_msg/wheeltec_robot_msg/msg/rosidl_typesupport_introspection_c__visibility_control.h
[4.276s] -- Up-to-date symlink: /home/wheeltec/wheeltec_robot/install/wheeltec_robot_msg/include/wheeltec_robot_msg/wheeltec_robot_msg/msg/data.hpp
[4.276s] -- Up-to-date symlink: /home/wheeltec/wheeltec_robot/install/wheeltec_robot_msg/include/wheeltec_robot_msg/wheeltec_robot_msg/msg/detail/data__builder.hpp
[4.276s] -- Up-to-date symlink: /home/wheeltec/wheeltec_robot/install/wheeltec_robot_msg/include/wheeltec_robot_msg/wheeltec_robot_msg/msg/detail/data__struct.hpp
[4.276s] -- Up-to-date symlink: /home/wheeltec/wheeltec_robot/install/wheeltec_robot_msg/include/wheeltec_robot_msg/wheeltec_robot_msg/msg/detail/data__traits.hpp
[4.277s] -- Up-to-date symlink: /home/wheeltec/wheeltec_robot/install/wheeltec_robot_msg/include/wheeltec_robot_msg/wheeltec_robot_msg/msg/detail/data__type_support.hpp
[4.277s] -- Up-to-date symlink: /home/wheeltec/wheeltec_robot/install/wheeltec_robot_msg/include/wheeltec_robot_msg/wheeltec_robot_msg/msg/detail/supersonic__builder.hpp
[4.277s] -- Up-to-date symlink: /home/wheeltec/wheeltec_robot/install/wheeltec_robot_msg/include/wheeltec_robot_msg/wheeltec_robot_msg/msg/detail/supersonic__struct.hpp
[4.278s] -- Up-to-date symlink: /home/wheeltec/wheeltec_robot/install/wheeltec_robot_msg/include/wheeltec_robot_msg/wheeltec_robot_msg/msg/detail/supersonic__traits.hpp
[4.278s] -- Up-to-date symlink: /home/wheeltec/wheeltec_robot/install/wheeltec_robot_msg/include/wheeltec_robot_msg/wheeltec_robot_msg/msg/detail/supersonic__type_support.hpp
[4.278s] -- Up-to-date symlink: /home/wheeltec/wheeltec_robot/install/wheeltec_robot_msg/include/wheeltec_robot_msg/wheeltec_robot_msg/msg/rosidl_generator_cpp__visibility_control.hpp
[4.278s] -- Up-to-date symlink: /home/wheeltec/wheeltec_robot/install/wheeltec_robot_msg/include/wheeltec_robot_msg/wheeltec_robot_msg/msg/supersonic.hpp
[4.279s] -- Up-to-date symlink: /home/wheeltec/wheeltec_robot/install/wheeltec_robot_msg/include/wheeltec_robot_msg/wheeltec_robot_msg/msg/detail/data__rosidl_typesupport_fastrtps_cpp.hpp
[4.279s] -- Up-to-date symlink: /home/wheeltec/wheeltec_robot/install/wheeltec_robot_msg/include/wheeltec_robot_msg/wheeltec_robot_msg/msg/detail/supersonic__rosidl_typesupport_fastrtps_cpp.hpp
[4.280s] -- Up-to-date symlink: /home/wheeltec/wheeltec_robot/install/wheeltec_robot_msg/include/wheeltec_robot_msg/wheeltec_robot_msg/msg/rosidl_typesupport_fastrtps_cpp__visibility_control.h
[4.280s] -- Up-to-date symlink: /home/wheeltec/wheeltec_robot/install/wheeltec_robot_msg/include/wheeltec_robot_msg/wheeltec_robot_msg/msg/detail/data__rosidl_typesupport_introspection_cpp.hpp
[4.280s] -- Up-to-date symlink: /home/wheeltec/wheeltec_robot/install/wheeltec_robot_msg/include/wheeltec_robot_msg/wheeltec_robot_msg/msg/detail/supersonic__rosidl_typesupport_introspection_cpp.hpp
[4.281s] -- Up-to-date symlink: /home/wheeltec/wheeltec_robot/install/wheeltec_robot_msg/share/wheeltec_robot_msg/environment/pythonpath.sh
[4.281s] -- Up-to-date symlink: /home/wheeltec/wheeltec_robot/install/wheeltec_robot_msg/share/wheeltec_robot_msg/environment/pythonpath.dsv
[4.281s] -- Up-to-date symlink: /home/wheeltec/wheeltec_robot/install/wheeltec_robot_msg/local/lib/python3.10/dist-packages/wheeltec_robot_msg-0.0.0-py3.10.egg-info/PKG-INFO
[4.282s] -- Up-to-date symlink: /home/wheeltec/wheeltec_robot/install/wheeltec_robot_msg/local/lib/python3.10/dist-packages/wheeltec_robot_msg-0.0.0-py3.10.egg-info/SOURCES.txt
[4.282s] -- Up-to-date symlink: /home/wheeltec/wheeltec_robot/install/wheeltec_robot_msg/local/lib/python3.10/dist-packages/wheeltec_robot_msg-0.0.0-py3.10.egg-info/dependency_links.txt
[4.282s] -- Up-to-date symlink: /home/wheeltec/wheeltec_robot/install/wheeltec_robot_msg/local/lib/python3.10/dist-packages/wheeltec_robot_msg-0.0.0-py3.10.egg-info/top_level.txt
[4.283s] -- Up-to-date symlink: /home/wheeltec/wheeltec_robot/install/wheeltec_robot_msg/local/lib/python3.10/dist-packages/wheeltec_robot_msg/__init__.py
[4.283s] -- Up-to-date symlink: /home/wheeltec/wheeltec_robot/install/wheeltec_robot_msg/local/lib/python3.10/dist-packages/wheeltec_robot_msg/_wheeltec_robot_msg_s.ep.rosidl_typesupport_c.c
[4.283s] -- Up-to-date symlink: /home/wheeltec/wheeltec_robot/install/wheeltec_robot_msg/local/lib/python3.10/dist-packages/wheeltec_robot_msg/_wheeltec_robot_msg_s.ep.rosidl_typesupport_fastrtps_c.c
[4.284s] -- Up-to-date symlink: /home/wheeltec/wheeltec_robot/install/wheeltec_robot_msg/local/lib/python3.10/dist-packages/wheeltec_robot_msg/_wheeltec_robot_msg_s.ep.rosidl_typesupport_introspection_c.c
[4.284s] -- Up-to-date symlink: /home/wheeltec/wheeltec_robot/install/wheeltec_robot_msg/local/lib/python3.10/dist-packages/wheeltec_robot_msg/libwheeltec_robot_msg__rosidl_generator_py.so
[4.284s] -- Up-to-date symlink: /home/wheeltec/wheeltec_robot/install/wheeltec_robot_msg/local/lib/python3.10/dist-packages/wheeltec_robot_msg/msg/__init__.py
[4.284s] -- Up-to-date symlink: /home/wheeltec/wheeltec_robot/install/wheeltec_robot_msg/local/lib/python3.10/dist-packages/wheeltec_robot_msg/msg/_data.py
[4.285s] -- Up-to-date symlink: /home/wheeltec/wheeltec_robot/install/wheeltec_robot_msg/local/lib/python3.10/dist-packages/wheeltec_robot_msg/msg/_data_s.c
[4.285s] -- Up-to-date symlink: /home/wheeltec/wheeltec_robot/install/wheeltec_robot_msg/local/lib/python3.10/dist-packages/wheeltec_robot_msg/msg/_supersonic.py
[4.285s] -- Up-to-date symlink: /home/wheeltec/wheeltec_robot/install/wheeltec_robot_msg/local/lib/python3.10/dist-packages/wheeltec_robot_msg/msg/_supersonic_s.c
[4.285s] -- Up-to-date symlink: /home/wheeltec/wheeltec_robot/install/wheeltec_robot_msg/local/lib/python3.10/dist-packages/wheeltec_robot_msg/wheeltec_robot_msg_s__rosidl_typesupport_c.cpython-310-aarch64-linux-gnu.so
[4.286s] -- Up-to-date symlink: /home/wheeltec/wheeltec_robot/install/wheeltec_robot_msg/local/lib/python3.10/dist-packages/wheeltec_robot_msg/wheeltec_robot_msg_s__rosidl_typesupport_fastrtps_c.cpython-310-aarch64-linux-gnu.so
[4.286s] -- Up-to-date symlink: /home/wheeltec/wheeltec_robot/install/wheeltec_robot_msg/local/lib/python3.10/dist-packages/wheeltec_robot_msg/wheeltec_robot_msg_s__rosidl_typesupport_introspection_c.cpython-310-aarch64-linux-gnu.so
[4.287s] -- Up-to-date symlink: /home/wheeltec/wheeltec_robot/install/wheeltec_robot_msg/local/lib/python3.10/dist-packages/wheeltec_robot_msg/wheeltec_robot_msg_s__rosidl_typesupport_fastrtps_c.cpython-310-aarch64-linux-gnu.so
[4.288s] -- Up-to-date symlink: /home/wheeltec/wheeltec_robot/install/wheeltec_robot_msg/local/lib/python3.10/dist-packages/wheeltec_robot_msg/wheeltec_robot_msg_s__rosidl_typesupport_introspection_c.cpython-310-aarch64-linux-gnu.so
[4.288s] -- Up-to-date symlink: /home/wheeltec/wheeltec_robot/install/wheeltec_robot_msg/local/lib/python3.10/dist-packages/wheeltec_robot_msg/wheeltec_robot_msg_s__rosidl_typesupport_c.cpython-310-aarch64-linux-gnu.so
[4.288s] -- Up-to-date symlink: /home/wheeltec/wheeltec_robot/install/wheeltec_robot_msg/share/wheeltec_robot_msg/msg/Data.idl
[4.289s] -- Up-to-date symlink: /home/wheeltec/wheeltec_robot/install/wheeltec_robot_msg/share/wheeltec_robot_msg/msg/Supersonic.idl
[4.289s] -- Up-to-date symlink: /home/wheeltec/wheeltec_robot/install/wheeltec_robot_msg/share/wheeltec_robot_msg/msg/Data.msg
[4.290s] -- Up-to-date symlink: /home/wheeltec/wheeltec_robot/install/wheeltec_robot_msg/share/wheeltec_robot_msg/msg/Supersonic.msg
[4.290s] -- Up-to-date symlink: /home/wheeltec/wheeltec_robot/install/wheeltec_robot_msg/share/ament_index/resource_index/package_run_dependencies/wheeltec_robot_msg
[4.290s] -- Up-to-date symlink: /home/wheeltec/wheeltec_robot/install/wheeltec_robot_msg/share/ament_index/resource_index/parent_prefix_path/wheeltec_robot_msg
[4.291s] -- Up-to-date symlink: /home/wheeltec/wheeltec_robot/install/wheeltec_robot_msg/share/wheeltec_robot_msg/environment/ament_prefix_path.sh
[4.292s] -- Up-to-date symlink: /home/wheeltec/wheeltec_robot/install/wheeltec_robot_msg/share/wheeltec_robot_msg/environment/ament_prefix_path.dsv
[4.294s] -- Up-to-date symlink: /home/wheeltec/wheeltec_robot/install/wheeltec_robot_msg/share/wheeltec_robot_msg/environment/path.sh
[4.295s] -- Up-to-date symlink: /home/wheeltec/wheeltec_robot/install/wheeltec_robot_msg/share/wheeltec_robot_msg/environment/path.dsv
[4.295s] -- Up-to-date symlink: /home/wheeltec/wheeltec_robot/install/wheeltec_robot_msg/share/wheeltec_robot_msg/local_setup.bash
[4.296s] -- Up-to-date symlink: /home/wheeltec/wheeltec_robot/install/wheeltec_robot_msg/share/wheeltec_robot_msg/local_setup.sh
[4.297s] -- Up-to-date symlink: /home/wheeltec/wheeltec_robot/install/wheeltec_robot_msg/share/wheeltec_robot_msg/local_setup.zsh
[4.297s] -- Up-to-date symlink: /home/wheeltec/wheeltec_robot/install/wheeltec_robot_msg/share/wheeltec_robot_msg/local_setup.dsv
[4.297s] -- Symlinking: /home/wheeltec/wheeltec_robot/install/wheeltec_robot_msg/share/wheeltec_robot_msg/package.dsv
[4.298s] -- Up-to-date symlink: /home/wheeltec/wheeltec_robot/install/wheeltec_robot_msg/share/ament_index/resource_index/packages/wheeltec_robot_msg
[4.298s] -- Up-to-date symlink: /home/wheeltec/wheeltec_robot/install/wheeltec_robot_msg/share/wheeltec_robot_msg/cmake/rosidl_cmake-extras.cmake
[4.298s] -- Up-to-date symlink: /home/wheeltec/wheeltec_robot/install/wheeltec_robot_msg/share/wheeltec_robot_msg/cmake/ament_cmake_export_dependencies-extras.cmake
[4.299s] -- Up-to-date symlink: /home/wheeltec/wheeltec_robot/install/wheeltec_robot_msg/share/wheeltec_robot_msg/cmake/ament_cmake_export_include_directories-extras.cmake
[4.299s] -- Up-to-date symlink: /home/wheeltec/wheeltec_robot/install/wheeltec_robot_msg/share/wheeltec_robot_msg/cmake/ament_cmake_export_libraries-extras.cmake
[4.299s] -- Up-to-date symlink: /home/wheeltec/wheeltec_robot/install/wheeltec_robot_msg/share/wheeltec_robot_msg/cmake/ament_cmake_export_targets-extras.cmake
[4.300s] -- Up-to-date symlink: /home/wheeltec/wheeltec_robot/install/wheeltec_robot_msg/share/wheeltec_robot_msg/cmake/rosidl_cmake_export_typesupport_targets-extras.cmake
[4.300s] -- Up-to-date symlink: /home/wheeltec/wheeltec_robot/install/wheeltec_robot_msg/share/wheeltec_robot_msg/cmake/rosidl_cmake_export_typesupport_libraries-extras.cmake
[4.301s] -- Up-to-date symlink: /home/wheeltec/wheeltec_robot/install/wheeltec_robot_msg/share/wheeltec_robot_msg/cmake/wheeltec_robot_msgConfig.cmake
[4.301s] -- Up-to-date symlink: /home/wheeltec/wheeltec_robot/install/wheeltec_robot_msg/share/wheeltec_robot_msg/cmake/wheeltec_robot_msgConfig-version.cmake
[4.301s] -- Up-to-date symlink: /home/wheeltec/wheeltec_robot/install/wheeltec_robot_msg/share/wheeltec_robot_msg/package.xml
[4.302s] -- Up-to-date: /home/wheeltec/wheeltec_robot/install/wheeltec_robot_msg/lib/libwheeltec_robot_msg__rosidl_generator_c.so
[4.303s] -- Up-to-date: /home/wheeltec/wheeltec_robot/install/wheeltec_robot_msg/lib/libwheeltec_robot_msg__rosidl_typesupport_fastrtps_c.so
[4.303s] -- Up-to-date: /home/wheeltec/wheeltec_robot/install/wheeltec_robot_msg/lib/libwheeltec_robot_msg__rosidl_typesupport_introspection_c.so
[4.304s] -- Up-to-date: /home/wheeltec/wheeltec_robot/install/wheeltec_robot_msg/lib/libwheeltec_robot_msg__rosidl_typesupport_c.so
[4.304s] -- Up-to-date: /home/wheeltec/wheeltec_robot/install/wheeltec_robot_msg/lib/libwheeltec_robot_msg__rosidl_typesupport_fastrtps_cpp.so
[4.305s] -- Up-to-date: /home/wheeltec/wheeltec_robot/install/wheeltec_robot_msg/lib/libwheeltec_robot_msg__rosidl_typesupport_introspection_cpp.so
[4.305s] -- Up-to-date: /home/wheeltec/wheeltec_robot/install/wheeltec_robot_msg/lib/libwheeltec_robot_msg__rosidl_typesupport_cpp.so
[4.306s] Listing '/home/wheeltec/wheeltec_robot/install/wheeltec_robot_msg/local/lib/python3.10/dist-packages/wheeltec_robot_msg'...
[4.306s] Compiling '/home/wheeltec/wheeltec_robot/install/wheeltec_robot_msg/local/lib/python3.10/dist-packages/wheeltec_robot_msg/__init__.py'...
[4.306s] Listing '/home/wheeltec/wheeltec_robot/install/wheeltec_robot_msg/local/lib/python3.10/dist-packages/wheeltec_robot_msg/msg'...
[4.306s] -- Up-to-date: /home/wheeltec/wheeltec_robot/install/wheeltec_robot_msg/lib/libwheeltec_robot_msg__rosidl_generator_py.so
[4.307s] -- Up-to-date: /home/wheeltec/wheeltec_robot/install/wheeltec_robot_msg/share/wheeltec_robot_msg/cmake/export_wheeltec_robot_msg__rosidl_generator_cExport.cmake
[4.307s] -- Up-to-date: /home/wheeltec/wheeltec_robot/install/wheeltec_robot_msg/share/wheeltec_robot_msg/cmake/export_wheeltec_robot_msg__rosidl_generator_cExport-noconfig.cmake
[4.307s] -- Up-to-date: /home/wheeltec/wheeltec_robot/install/wheeltec_robot_msg/share/wheeltec_robot_msg/cmake/export_wheeltec_robot_msg__rosidl_typesupport_fastrtps_cExport.cmake
[4.308s] -- Up-to-date: /home/wheeltec/wheeltec_robot/install/wheeltec_robot_msg/share/wheeltec_robot_msg/cmake/export_wheeltec_robot_msg__rosidl_typesupport_fastrtps_cExport-noconfig.cmake
[4.308s] -- Up-to-date: /home/wheeltec/wheeltec_robot/install/wheeltec_robot_msg/share/wheeltec_robot_msg/cmake/wheeltec_robot_msg__rosidl_typesupport_introspection_cExport.cmake
[4.308s] -- Up-to-date: /home/wheeltec/wheeltec_robot/install/wheeltec_robot_msg/share/wheeltec_robot_msg/cmake/wheeltec_robot_msg__rosidl_typesupport_introspection_cExport-noconfig.cmake
[4.308s] -- Up-to-date: /home/wheeltec/wheeltec_robot/install/wheeltec_robot_msg/share/wheeltec_robot_msg/cmake/wheeltec_robot_msg__rosidl_typesupport_cExport.cmake
[4.309s] -- Up-to-date: /home/wheeltec/wheeltec_robot/install/wheeltec_robot_msg/share/wheeltec_robot_msg/cmake/wheeltec_robot_msg__rosidl_typesupport_cExport-noconfig.cmake
[4.309s] -- Up-to-date: /home/wheeltec/wheeltec_robot/install/wheeltec_robot_msg/share/wheeltec_robot_msg/cmake/export_wheeltec_robot_msg__rosidl_generator_cppExport.cmake
[4.309s] -- Up-to-date: /home/wheeltec/wheeltec_robot/install/wheeltec_robot_msg/share/wheeltec_robot_msg/cmake/export_wheeltec_robot_msg__rosidl_typesupport_fastrtps_cppExport.cmake
[4.310s] -- Up-to-date: /home/wheeltec/wheeltec_robot/install/wheeltec_robot_msg/share/wheeltec_robot_msg/cmake/export_wheeltec_robot_msg__rosidl_typesupport_fastrtps_cppExport-noconfig.cmake
[4.310s] -- Up-to-date: /home/wheeltec/wheeltec_robot/install/wheeltec_robot_msg/share/wheeltec_robot_msg/cmake/wheeltec_robot_msg__rosidl_typesupport_introspection_cppExport.cmake
[4.310s] -- Up-to-date: /home/wheeltec/wheeltec_robot/install/wheeltec_robot_msg/share/wheeltec_robot_msg/cmake/wheeltec_robot_msg__rosidl_typesupport_introspection_cppExport-noconfig.cmake
[4.311s] -- Up-to-date: /home/wheeltec/wheeltec_robot/install/wheeltec_robot_msg/share/wheeltec_robot_msg/cmake/wheeltec_robot_msg__rosidl_typesupport_cppExport.cmake
[4.311s] -- Up-to-date: /home/wheeltec/wheeltec_robot/install/wheeltec_robot_msg/share/wheeltec_robot_msg/cmake/wheeltec_robot_msg__rosidl_typesupport_cppExport-noconfig.cmake
[4.311s] -- Up-to-date: /home/wheeltec/wheeltec_robot/install/wheeltec_robot_msg/share/wheeltec_robot_msg/cmake/export_wheeltec_robot_msg__rosidl_generator_pyExport.cmake
[4.312s] -- Up-to-date: /home/wheeltec/wheeltec_robot/install/wheeltec_robot_msg/share/wheeltec_robot_msg/cmake/export_wheeltec_robot_msg__rosidl_generator_pyExport-noconfig.cmake
[4.318s] Invoked command in '/home/wheeltec/wheeltec_robot/build/wheeltec_robot_msg' returned '0': CMAKE_PREFIX_PATH=/opt/ros/humble /usr/bin/cmake --install /home/wheeltec/wheeltec_robot/build/wheeltec_robot_msg
