[  0%] Built target yesense_interface__cpp
[  0%] Built target ament_cmake_python_symlink_yesense_interface
[35m[1mConsolidate compiler generated dependencies of target yesense_interface__rosidl_typesupport_introspection_cpp[0m
[ 13%] Built target yesense_interface__rosidl_typesupport_introspection_cpp
running egg_info
writing yesense_interface.egg-info/PKG-INFO
writing dependency_links to yesense_interface.egg-info/dependency_links.txt
writing top-level names to yesense_interface.egg-info/top_level.txt
reading manifest file 'yesense_interface.egg-info/SOURCES.txt'
writing manifest file 'yesense_interface.egg-info/SOURCES.txt'
[ 13%] Built target ament_cmake_python_build_yesense_interface_egg
[35m[1mConsolidate compiler generated dependencies of target yesense_interface__rosidl_typesupport_fastrtps_cpp[0m
[ 25%] Built target yesense_interface__rosidl_typesupport_fastrtps_cpp
[35m[1mConsolidate compiler generated dependencies of target yesense_interface__rosidl_typesupport_cpp[0m
[ 37%] Built target yesense_interface__rosidl_typesupport_cpp
[35m[1mConsolidate compiler generated dependencies of target yesense_interface__rosidl_generator_c[0m
[ 49%] Built target yesense_interface__rosidl_generator_c
[35m[1mConsolidate compiler generated dependencies of target yesense_interface__rosidl_typesupport_fastrtps_c[0m
[ 61%] Built target yesense_interface__rosidl_typesupport_fastrtps_c
[35m[1mConsolidate compiler generated dependencies of target yesense_interface__rosidl_typesupport_c[0m
[ 73%] Built target yesense_interface__rosidl_typesupport_c
[35m[1mConsolidate compiler generated dependencies of target yesense_interface__rosidl_typesupport_introspection_c[0m
[ 85%] Built target yesense_interface__rosidl_typesupport_introspection_c
[ 85%] Built target yesense_interface
[ 86%] Built target yesense_interface__py
[35m[1mConsolidate compiler generated dependencies of target yesense_interface__rosidl_generator_py[0m
[ 97%] Built target yesense_interface__rosidl_generator_py
[35m[1mConsolidate compiler generated dependencies of target yesense_interface__rosidl_typesupport_fastrtps_c__pyext[0m
[ 98%] Built target yesense_interface__rosidl_typesupport_fastrtps_c__pyext
[35m[1mConsolidate compiler generated dependencies of target yesense_interface__rosidl_typesupport_c__pyext[0m
[ 99%] Built target yesense_interface__rosidl_typesupport_c__pyext
[35m[1mConsolidate compiler generated dependencies of target yesense_interface__rosidl_typesupport_introspection_c__pyext[0m
[100%] Built target yesense_interface__rosidl_typesupport_introspection_c__pyext
-- Install configuration: ""
-- Execute custom install script
-- Symlinking: /home/wheeltec/wheeltec_robot/install/yesense_interface/share/ament_index/resource_index/rosidl_interfaces/yesense_interface
-- Symlinking: /home/wheeltec/wheeltec_robot/install/yesense_interface/include/yesense_interface/yesense_interface/msg/attitude_all_data.h
-- Symlinking: /home/wheeltec/wheeltec_robot/install/yesense_interface/include/yesense_interface/yesense_interface/msg/attitude_min_ahrs.h
-- Symlinking: /home/wheeltec/wheeltec_robot/install/yesense_interface/include/yesense_interface/yesense_interface/msg/attitude_min_vru.h
-- Symlinking: /home/wheeltec/wheeltec_robot/install/yesense_interface/include/yesense_interface/yesense_interface/msg/detail/attitude_all_data__functions.h
-- Symlinking: /home/wheeltec/wheeltec_robot/install/yesense_interface/include/yesense_interface/yesense_interface/msg/detail/attitude_all_data__struct.h
-- Symlinking: /home/wheeltec/wheeltec_robot/install/yesense_interface/include/yesense_interface/yesense_interface/msg/detail/attitude_all_data__type_support.h
-- Symlinking: /home/wheeltec/wheeltec_robot/install/yesense_interface/include/yesense_interface/yesense_interface/msg/detail/attitude_min_ahrs__functions.h
-- Symlinking: /home/wheeltec/wheeltec_robot/install/yesense_interface/include/yesense_interface/yesense_interface/msg/detail/attitude_min_ahrs__struct.h
-- Symlinking: /home/wheeltec/wheeltec_robot/install/yesense_interface/include/yesense_interface/yesense_interface/msg/detail/attitude_min_ahrs__type_support.h
-- Symlinking: /home/wheeltec/wheeltec_robot/install/yesense_interface/include/yesense_interface/yesense_interface/msg/detail/attitude_min_vru__functions.h
-- Symlinking: /home/wheeltec/wheeltec_robot/install/yesense_interface/include/yesense_interface/yesense_interface/msg/detail/attitude_min_vru__struct.h
-- Symlinking: /home/wheeltec/wheeltec_robot/install/yesense_interface/include/yesense_interface/yesense_interface/msg/detail/attitude_min_vru__type_support.h
-- Symlinking: /home/wheeltec/wheeltec_robot/install/yesense_interface/include/yesense_interface/yesense_interface/msg/detail/euler_angle__functions.h
-- Symlinking: /home/wheeltec/wheeltec_robot/install/yesense_interface/include/yesense_interface/yesense_interface/msg/detail/euler_angle__struct.h
-- Symlinking: /home/wheeltec/wheeltec_robot/install/yesense_interface/include/yesense_interface/yesense_interface/msg/detail/euler_angle__type_support.h
-- Symlinking: /home/wheeltec/wheeltec_robot/install/yesense_interface/include/yesense_interface/yesense_interface/msg/detail/euler_only__functions.h
-- Symlinking: /home/wheeltec/wheeltec_robot/install/yesense_interface/include/yesense_interface/yesense_interface/msg/detail/euler_only__struct.h
-- Symlinking: /home/wheeltec/wheeltec_robot/install/yesense_interface/include/yesense_interface/yesense_interface/msg/detail/euler_only__type_support.h
-- Symlinking: /home/wheeltec/wheeltec_robot/install/yesense_interface/include/yesense_interface/yesense_interface/msg/detail/gnss_pos__functions.h
-- Symlinking: /home/wheeltec/wheeltec_robot/install/yesense_interface/include/yesense_interface/yesense_interface/msg/detail/gnss_pos__struct.h
-- Symlinking: /home/wheeltec/wheeltec_robot/install/yesense_interface/include/yesense_interface/yesense_interface/msg/detail/gnss_pos__type_support.h
-- Symlinking: /home/wheeltec/wheeltec_robot/install/yesense_interface/include/yesense_interface/yesense_interface/msg/detail/imu_data__functions.h
-- Symlinking: /home/wheeltec/wheeltec_robot/install/yesense_interface/include/yesense_interface/yesense_interface/msg/detail/imu_data__struct.h
-- Symlinking: /home/wheeltec/wheeltec_robot/install/yesense_interface/include/yesense_interface/yesense_interface/msg/detail/imu_data__type_support.h
-- Symlinking: /home/wheeltec/wheeltec_robot/install/yesense_interface/include/yesense_interface/yesense_interface/msg/detail/imu_data_ten_axis__functions.h
-- Symlinking: /home/wheeltec/wheeltec_robot/install/yesense_interface/include/yesense_interface/yesense_interface/msg/detail/imu_data_ten_axis__struct.h
-- Symlinking: /home/wheeltec/wheeltec_robot/install/yesense_interface/include/yesense_interface/yesense_interface/msg/detail/imu_data_ten_axis__type_support.h
-- Symlinking: /home/wheeltec/wheeltec_robot/install/yesense_interface/include/yesense_interface/yesense_interface/msg/detail/nav_all__functions.h
-- Symlinking: /home/wheeltec/wheeltec_robot/install/yesense_interface/include/yesense_interface/yesense_interface/msg/detail/nav_all__struct.h
-- Symlinking: /home/wheeltec/wheeltec_robot/install/yesense_interface/include/yesense_interface/yesense_interface/msg/detail/nav_all__type_support.h
-- Symlinking: /home/wheeltec/wheeltec_robot/install/yesense_interface/include/yesense_interface/yesense_interface/msg/detail/nav_min__functions.h
-- Symlinking: /home/wheeltec/wheeltec_robot/install/yesense_interface/include/yesense_interface/yesense_interface/msg/detail/nav_min__struct.h
-- Symlinking: /home/wheeltec/wheeltec_robot/install/yesense_interface/include/yesense_interface/yesense_interface/msg/detail/nav_min__type_support.h
-- Symlinking: /home/wheeltec/wheeltec_robot/install/yesense_interface/include/yesense_interface/yesense_interface/msg/detail/nav_min_utc__functions.h
-- Symlinking: /home/wheeltec/wheeltec_robot/install/yesense_interface/include/yesense_interface/yesense_interface/msg/detail/nav_min_utc__struct.h
-- Symlinking: /home/wheeltec/wheeltec_robot/install/yesense_interface/include/yesense_interface/yesense_interface/msg/detail/nav_min_utc__type_support.h
-- Symlinking: /home/wheeltec/wheeltec_robot/install/yesense_interface/include/yesense_interface/yesense_interface/msg/detail/nav_status__functions.h
-- Symlinking: /home/wheeltec/wheeltec_robot/install/yesense_interface/include/yesense_interface/yesense_interface/msg/detail/nav_status__struct.h
-- Symlinking: /home/wheeltec/wheeltec_robot/install/yesense_interface/include/yesense_interface/yesense_interface/msg/detail/nav_status__type_support.h
-- Symlinking: /home/wheeltec/wheeltec_robot/install/yesense_interface/include/yesense_interface/yesense_interface/msg/detail/pos_only__functions.h
-- Symlinking: /home/wheeltec/wheeltec_robot/install/yesense_interface/include/yesense_interface/yesense_interface/msg/detail/pos_only__struct.h
-- Symlinking: /home/wheeltec/wheeltec_robot/install/yesense_interface/include/yesense_interface/yesense_interface/msg/detail/pos_only__type_support.h
-- Symlinking: /home/wheeltec/wheeltec_robot/install/yesense_interface/include/yesense_interface/yesense_interface/msg/detail/pressure__functions.h
-- Symlinking: /home/wheeltec/wheeltec_robot/install/yesense_interface/include/yesense_interface/yesense_interface/msg/detail/pressure__struct.h
-- Symlinking: /home/wheeltec/wheeltec_robot/install/yesense_interface/include/yesense_interface/yesense_interface/msg/detail/pressure__type_support.h
-- Symlinking: /home/wheeltec/wheeltec_robot/install/yesense_interface/include/yesense_interface/yesense_interface/msg/detail/quat__functions.h
-- Symlinking: /home/wheeltec/wheeltec_robot/install/yesense_interface/include/yesense_interface/yesense_interface/msg/detail/quat__struct.h
-- Symlinking: /home/wheeltec/wheeltec_robot/install/yesense_interface/include/yesense_interface/yesense_interface/msg/detail/quat__type_support.h
-- Symlinking: /home/wheeltec/wheeltec_robot/install/yesense_interface/include/yesense_interface/yesense_interface/msg/detail/robot_lord__functions.h
-- Symlinking: /home/wheeltec/wheeltec_robot/install/yesense_interface/include/yesense_interface/yesense_interface/msg/detail/robot_lord__struct.h
-- Symlinking: /home/wheeltec/wheeltec_robot/install/yesense_interface/include/yesense_interface/yesense_interface/msg/detail/robot_lord__type_support.h
-- Symlinking: /home/wheeltec/wheeltec_robot/install/yesense_interface/include/yesense_interface/yesense_interface/msg/detail/sample_timestamp__functions.h
-- Symlinking: /home/wheeltec/wheeltec_robot/install/yesense_interface/include/yesense_interface/yesense_interface/msg/detail/sample_timestamp__struct.h
-- Symlinking: /home/wheeltec/wheeltec_robot/install/yesense_interface/include/yesense_interface/yesense_interface/msg/detail/sample_timestamp__type_support.h
-- Symlinking: /home/wheeltec/wheeltec_robot/install/yesense_interface/include/yesense_interface/yesense_interface/msg/detail/sensor_temp__functions.h
-- Symlinking: /home/wheeltec/wheeltec_robot/install/yesense_interface/include/yesense_interface/yesense_interface/msg/detail/sensor_temp__struct.h
-- Symlinking: /home/wheeltec/wheeltec_robot/install/yesense_interface/include/yesense_interface/yesense_interface/msg/detail/sensor_temp__type_support.h
-- Symlinking: /home/wheeltec/wheeltec_robot/install/yesense_interface/include/yesense_interface/yesense_interface/msg/detail/three_axis__functions.h
-- Symlinking: /home/wheeltec/wheeltec_robot/install/yesense_interface/include/yesense_interface/yesense_interface/msg/detail/three_axis__struct.h
-- Symlinking: /home/wheeltec/wheeltec_robot/install/yesense_interface/include/yesense_interface/yesense_interface/msg/detail/three_axis__type_support.h
-- Symlinking: /home/wheeltec/wheeltec_robot/install/yesense_interface/include/yesense_interface/yesense_interface/msg/detail/tid__functions.h
-- Symlinking: /home/wheeltec/wheeltec_robot/install/yesense_interface/include/yesense_interface/yesense_interface/msg/detail/tid__struct.h
-- Symlinking: /home/wheeltec/wheeltec_robot/install/yesense_interface/include/yesense_interface/yesense_interface/msg/detail/tid__type_support.h
-- Symlinking: /home/wheeltec/wheeltec_robot/install/yesense_interface/include/yesense_interface/yesense_interface/msg/detail/utc__functions.h
-- Symlinking: /home/wheeltec/wheeltec_robot/install/yesense_interface/include/yesense_interface/yesense_interface/msg/detail/utc__struct.h
-- Symlinking: /home/wheeltec/wheeltec_robot/install/yesense_interface/include/yesense_interface/yesense_interface/msg/detail/utc__type_support.h
-- Symlinking: /home/wheeltec/wheeltec_robot/install/yesense_interface/include/yesense_interface/yesense_interface/msg/detail/vel__functions.h
-- Symlinking: /home/wheeltec/wheeltec_robot/install/yesense_interface/include/yesense_interface/yesense_interface/msg/detail/vel__struct.h
-- Symlinking: /home/wheeltec/wheeltec_robot/install/yesense_interface/include/yesense_interface/yesense_interface/msg/detail/vel__type_support.h
-- Symlinking: /home/wheeltec/wheeltec_robot/install/yesense_interface/include/yesense_interface/yesense_interface/msg/euler_angle.h
-- Symlinking: /home/wheeltec/wheeltec_robot/install/yesense_interface/include/yesense_interface/yesense_interface/msg/euler_only.h
-- Symlinking: /home/wheeltec/wheeltec_robot/install/yesense_interface/include/yesense_interface/yesense_interface/msg/gnss_pos.h
-- Symlinking: /home/wheeltec/wheeltec_robot/install/yesense_interface/include/yesense_interface/yesense_interface/msg/imu_data.h
-- Symlinking: /home/wheeltec/wheeltec_robot/install/yesense_interface/include/yesense_interface/yesense_interface/msg/imu_data_ten_axis.h
-- Symlinking: /home/wheeltec/wheeltec_robot/install/yesense_interface/include/yesense_interface/yesense_interface/msg/nav_all.h
-- Symlinking: /home/wheeltec/wheeltec_robot/install/yesense_interface/include/yesense_interface/yesense_interface/msg/nav_min.h
-- Symlinking: /home/wheeltec/wheeltec_robot/install/yesense_interface/include/yesense_interface/yesense_interface/msg/nav_min_utc.h
-- Symlinking: /home/wheeltec/wheeltec_robot/install/yesense_interface/include/yesense_interface/yesense_interface/msg/nav_status.h
-- Symlinking: /home/wheeltec/wheeltec_robot/install/yesense_interface/include/yesense_interface/yesense_interface/msg/pos_only.h
-- Symlinking: /home/wheeltec/wheeltec_robot/install/yesense_interface/include/yesense_interface/yesense_interface/msg/pressure.h
-- Symlinking: /home/wheeltec/wheeltec_robot/install/yesense_interface/include/yesense_interface/yesense_interface/msg/quat.h
-- Symlinking: /home/wheeltec/wheeltec_robot/install/yesense_interface/include/yesense_interface/yesense_interface/msg/robot_lord.h
-- Symlinking: /home/wheeltec/wheeltec_robot/install/yesense_interface/include/yesense_interface/yesense_interface/msg/rosidl_generator_c__visibility_control.h
-- Symlinking: /home/wheeltec/wheeltec_robot/install/yesense_interface/include/yesense_interface/yesense_interface/msg/sample_timestamp.h
-- Symlinking: /home/wheeltec/wheeltec_robot/install/yesense_interface/include/yesense_interface/yesense_interface/msg/sensor_temp.h
-- Symlinking: /home/wheeltec/wheeltec_robot/install/yesense_interface/include/yesense_interface/yesense_interface/msg/three_axis.h
-- Symlinking: /home/wheeltec/wheeltec_robot/install/yesense_interface/include/yesense_interface/yesense_interface/msg/tid.h
-- Symlinking: /home/wheeltec/wheeltec_robot/install/yesense_interface/include/yesense_interface/yesense_interface/msg/utc.h
-- Symlinking: /home/wheeltec/wheeltec_robot/install/yesense_interface/include/yesense_interface/yesense_interface/msg/vel.h
-- Symlinking: /home/wheeltec/wheeltec_robot/install/yesense_interface/share/yesense_interface/environment/library_path.sh
-- Symlinking: /home/wheeltec/wheeltec_robot/install/yesense_interface/share/yesense_interface/environment/library_path.dsv
-- Symlinking: /home/wheeltec/wheeltec_robot/install/yesense_interface/include/yesense_interface/yesense_interface/msg/detail/attitude_all_data__rosidl_typesupport_fastrtps_c.h
-- Symlinking: /home/wheeltec/wheeltec_robot/install/yesense_interface/include/yesense_interface/yesense_interface/msg/detail/attitude_min_ahrs__rosidl_typesupport_fastrtps_c.h
-- Symlinking: /home/wheeltec/wheeltec_robot/install/yesense_interface/include/yesense_interface/yesense_interface/msg/detail/attitude_min_vru__rosidl_typesupport_fastrtps_c.h
-- Symlinking: /home/wheeltec/wheeltec_robot/install/yesense_interface/include/yesense_interface/yesense_interface/msg/detail/euler_angle__rosidl_typesupport_fastrtps_c.h
-- Symlinking: /home/wheeltec/wheeltec_robot/install/yesense_interface/include/yesense_interface/yesense_interface/msg/detail/euler_only__rosidl_typesupport_fastrtps_c.h
-- Symlinking: /home/wheeltec/wheeltec_robot/install/yesense_interface/include/yesense_interface/yesense_interface/msg/detail/gnss_pos__rosidl_typesupport_fastrtps_c.h
-- Symlinking: /home/wheeltec/wheeltec_robot/install/yesense_interface/include/yesense_interface/yesense_interface/msg/detail/imu_data__rosidl_typesupport_fastrtps_c.h
-- Symlinking: /home/wheeltec/wheeltec_robot/install/yesense_interface/include/yesense_interface/yesense_interface/msg/detail/imu_data_ten_axis__rosidl_typesupport_fastrtps_c.h
-- Symlinking: /home/wheeltec/wheeltec_robot/install/yesense_interface/include/yesense_interface/yesense_interface/msg/detail/nav_all__rosidl_typesupport_fastrtps_c.h
-- Symlinking: /home/wheeltec/wheeltec_robot/install/yesense_interface/include/yesense_interface/yesense_interface/msg/detail/nav_min__rosidl_typesupport_fastrtps_c.h
-- Symlinking: /home/wheeltec/wheeltec_robot/install/yesense_interface/include/yesense_interface/yesense_interface/msg/detail/nav_min_utc__rosidl_typesupport_fastrtps_c.h
-- Symlinking: /home/wheeltec/wheeltec_robot/install/yesense_interface/include/yesense_interface/yesense_interface/msg/detail/nav_status__rosidl_typesupport_fastrtps_c.h
-- Symlinking: /home/wheeltec/wheeltec_robot/install/yesense_interface/include/yesense_interface/yesense_interface/msg/detail/pos_only__rosidl_typesupport_fastrtps_c.h
-- Symlinking: /home/wheeltec/wheeltec_robot/install/yesense_interface/include/yesense_interface/yesense_interface/msg/detail/pressure__rosidl_typesupport_fastrtps_c.h
-- Symlinking: /home/wheeltec/wheeltec_robot/install/yesense_interface/include/yesense_interface/yesense_interface/msg/detail/quat__rosidl_typesupport_fastrtps_c.h
-- Symlinking: /home/wheeltec/wheeltec_robot/install/yesense_interface/include/yesense_interface/yesense_interface/msg/detail/robot_lord__rosidl_typesupport_fastrtps_c.h
-- Symlinking: /home/wheeltec/wheeltec_robot/install/yesense_interface/include/yesense_interface/yesense_interface/msg/detail/sample_timestamp__rosidl_typesupport_fastrtps_c.h
-- Symlinking: /home/wheeltec/wheeltec_robot/install/yesense_interface/include/yesense_interface/yesense_interface/msg/detail/sensor_temp__rosidl_typesupport_fastrtps_c.h
-- Symlinking: /home/wheeltec/wheeltec_robot/install/yesense_interface/include/yesense_interface/yesense_interface/msg/detail/three_axis__rosidl_typesupport_fastrtps_c.h
-- Symlinking: /home/wheeltec/wheeltec_robot/install/yesense_interface/include/yesense_interface/yesense_interface/msg/detail/tid__rosidl_typesupport_fastrtps_c.h
-- Symlinking: /home/wheeltec/wheeltec_robot/install/yesense_interface/include/yesense_interface/yesense_interface/msg/detail/utc__rosidl_typesupport_fastrtps_c.h
-- Symlinking: /home/wheeltec/wheeltec_robot/install/yesense_interface/include/yesense_interface/yesense_interface/msg/detail/vel__rosidl_typesupport_fastrtps_c.h
-- Symlinking: /home/wheeltec/wheeltec_robot/install/yesense_interface/include/yesense_interface/yesense_interface/msg/rosidl_typesupport_fastrtps_c__visibility_control.h
-- Symlinking: /home/wheeltec/wheeltec_robot/install/yesense_interface/include/yesense_interface/yesense_interface/msg/detail/attitude_all_data__rosidl_typesupport_introspection_c.h
-- Symlinking: /home/wheeltec/wheeltec_robot/install/yesense_interface/include/yesense_interface/yesense_interface/msg/detail/attitude_min_ahrs__rosidl_typesupport_introspection_c.h
-- Symlinking: /home/wheeltec/wheeltec_robot/install/yesense_interface/include/yesense_interface/yesense_interface/msg/detail/attitude_min_vru__rosidl_typesupport_introspection_c.h
-- Symlinking: /home/wheeltec/wheeltec_robot/install/yesense_interface/include/yesense_interface/yesense_interface/msg/detail/euler_angle__rosidl_typesupport_introspection_c.h
-- Symlinking: /home/wheeltec/wheeltec_robot/install/yesense_interface/include/yesense_interface/yesense_interface/msg/detail/euler_only__rosidl_typesupport_introspection_c.h
-- Symlinking: /home/wheeltec/wheeltec_robot/install/yesense_interface/include/yesense_interface/yesense_interface/msg/detail/gnss_pos__rosidl_typesupport_introspection_c.h
-- Symlinking: /home/wheeltec/wheeltec_robot/install/yesense_interface/include/yesense_interface/yesense_interface/msg/detail/imu_data__rosidl_typesupport_introspection_c.h
-- Symlinking: /home/wheeltec/wheeltec_robot/install/yesense_interface/include/yesense_interface/yesense_interface/msg/detail/imu_data_ten_axis__rosidl_typesupport_introspection_c.h
-- Symlinking: /home/wheeltec/wheeltec_robot/install/yesense_interface/include/yesense_interface/yesense_interface/msg/detail/nav_all__rosidl_typesupport_introspection_c.h
-- Symlinking: /home/wheeltec/wheeltec_robot/install/yesense_interface/include/yesense_interface/yesense_interface/msg/detail/nav_min__rosidl_typesupport_introspection_c.h
-- Symlinking: /home/wheeltec/wheeltec_robot/install/yesense_interface/include/yesense_interface/yesense_interface/msg/detail/nav_min_utc__rosidl_typesupport_introspection_c.h
-- Symlinking: /home/wheeltec/wheeltec_robot/install/yesense_interface/include/yesense_interface/yesense_interface/msg/detail/nav_status__rosidl_typesupport_introspection_c.h
-- Symlinking: /home/wheeltec/wheeltec_robot/install/yesense_interface/include/yesense_interface/yesense_interface/msg/detail/pos_only__rosidl_typesupport_introspection_c.h
-- Symlinking: /home/wheeltec/wheeltec_robot/install/yesense_interface/include/yesense_interface/yesense_interface/msg/detail/pressure__rosidl_typesupport_introspection_c.h
-- Symlinking: /home/wheeltec/wheeltec_robot/install/yesense_interface/include/yesense_interface/yesense_interface/msg/detail/quat__rosidl_typesupport_introspection_c.h
-- Symlinking: /home/wheeltec/wheeltec_robot/install/yesense_interface/include/yesense_interface/yesense_interface/msg/detail/robot_lord__rosidl_typesupport_introspection_c.h
-- Symlinking: /home/wheeltec/wheeltec_robot/install/yesense_interface/include/yesense_interface/yesense_interface/msg/detail/sample_timestamp__rosidl_typesupport_introspection_c.h
-- Symlinking: /home/wheeltec/wheeltec_robot/install/yesense_interface/include/yesense_interface/yesense_interface/msg/detail/sensor_temp__rosidl_typesupport_introspection_c.h
-- Symlinking: /home/wheeltec/wheeltec_robot/install/yesense_interface/include/yesense_interface/yesense_interface/msg/detail/three_axis__rosidl_typesupport_introspection_c.h
-- Symlinking: /home/wheeltec/wheeltec_robot/install/yesense_interface/include/yesense_interface/yesense_interface/msg/detail/tid__rosidl_typesupport_introspection_c.h
-- Symlinking: /home/wheeltec/wheeltec_robot/install/yesense_interface/include/yesense_interface/yesense_interface/msg/detail/utc__rosidl_typesupport_introspection_c.h
-- Symlinking: /home/wheeltec/wheeltec_robot/install/yesense_interface/include/yesense_interface/yesense_interface/msg/detail/vel__rosidl_typesupport_introspection_c.h
-- Symlinking: /home/wheeltec/wheeltec_robot/install/yesense_interface/include/yesense_interface/yesense_interface/msg/rosidl_typesupport_introspection_c__visibility_control.h
-- Symlinking: /home/wheeltec/wheeltec_robot/install/yesense_interface/include/yesense_interface/yesense_interface/msg/attitude_all_data.hpp
-- Symlinking: /home/wheeltec/wheeltec_robot/install/yesense_interface/include/yesense_interface/yesense_interface/msg/attitude_min_ahrs.hpp
-- Symlinking: /home/wheeltec/wheeltec_robot/install/yesense_interface/include/yesense_interface/yesense_interface/msg/attitude_min_vru.hpp
-- Symlinking: /home/wheeltec/wheeltec_robot/install/yesense_interface/include/yesense_interface/yesense_interface/msg/detail/attitude_all_data__builder.hpp
-- Symlinking: /home/wheeltec/wheeltec_robot/install/yesense_interface/include/yesense_interface/yesense_interface/msg/detail/attitude_all_data__struct.hpp
-- Symlinking: /home/wheeltec/wheeltec_robot/install/yesense_interface/include/yesense_interface/yesense_interface/msg/detail/attitude_all_data__traits.hpp
-- Symlinking: /home/wheeltec/wheeltec_robot/install/yesense_interface/include/yesense_interface/yesense_interface/msg/detail/attitude_all_data__type_support.hpp
-- Symlinking: /home/wheeltec/wheeltec_robot/install/yesense_interface/include/yesense_interface/yesense_interface/msg/detail/attitude_min_ahrs__builder.hpp
-- Symlinking: /home/wheeltec/wheeltec_robot/install/yesense_interface/include/yesense_interface/yesense_interface/msg/detail/attitude_min_ahrs__struct.hpp
-- Symlinking: /home/wheeltec/wheeltec_robot/install/yesense_interface/include/yesense_interface/yesense_interface/msg/detail/attitude_min_ahrs__traits.hpp
-- Symlinking: /home/wheeltec/wheeltec_robot/install/yesense_interface/include/yesense_interface/yesense_interface/msg/detail/attitude_min_ahrs__type_support.hpp
-- Symlinking: /home/wheeltec/wheeltec_robot/install/yesense_interface/include/yesense_interface/yesense_interface/msg/detail/attitude_min_vru__builder.hpp
-- Symlinking: /home/wheeltec/wheeltec_robot/install/yesense_interface/include/yesense_interface/yesense_interface/msg/detail/attitude_min_vru__struct.hpp
-- Symlinking: /home/wheeltec/wheeltec_robot/install/yesense_interface/include/yesense_interface/yesense_interface/msg/detail/attitude_min_vru__traits.hpp
-- Symlinking: /home/wheeltec/wheeltec_robot/install/yesense_interface/include/yesense_interface/yesense_interface/msg/detail/attitude_min_vru__type_support.hpp
-- Symlinking: /home/wheeltec/wheeltec_robot/install/yesense_interface/include/yesense_interface/yesense_interface/msg/detail/euler_angle__builder.hpp
-- Symlinking: /home/wheeltec/wheeltec_robot/install/yesense_interface/include/yesense_interface/yesense_interface/msg/detail/euler_angle__struct.hpp
-- Symlinking: /home/wheeltec/wheeltec_robot/install/yesense_interface/include/yesense_interface/yesense_interface/msg/detail/euler_angle__traits.hpp
-- Symlinking: /home/wheeltec/wheeltec_robot/install/yesense_interface/include/yesense_interface/yesense_interface/msg/detail/euler_angle__type_support.hpp
-- Symlinking: /home/wheeltec/wheeltec_robot/install/yesense_interface/include/yesense_interface/yesense_interface/msg/detail/euler_only__builder.hpp
-- Symlinking: /home/wheeltec/wheeltec_robot/install/yesense_interface/include/yesense_interface/yesense_interface/msg/detail/euler_only__struct.hpp
-- Symlinking: /home/wheeltec/wheeltec_robot/install/yesense_interface/include/yesense_interface/yesense_interface/msg/detail/euler_only__traits.hpp
-- Symlinking: /home/wheeltec/wheeltec_robot/install/yesense_interface/include/yesense_interface/yesense_interface/msg/detail/euler_only__type_support.hpp
-- Symlinking: /home/wheeltec/wheeltec_robot/install/yesense_interface/include/yesense_interface/yesense_interface/msg/detail/gnss_pos__builder.hpp
-- Symlinking: /home/wheeltec/wheeltec_robot/install/yesense_interface/include/yesense_interface/yesense_interface/msg/detail/gnss_pos__struct.hpp
-- Symlinking: /home/wheeltec/wheeltec_robot/install/yesense_interface/include/yesense_interface/yesense_interface/msg/detail/gnss_pos__traits.hpp
-- Symlinking: /home/wheeltec/wheeltec_robot/install/yesense_interface/include/yesense_interface/yesense_interface/msg/detail/gnss_pos__type_support.hpp
-- Symlinking: /home/wheeltec/wheeltec_robot/install/yesense_interface/include/yesense_interface/yesense_interface/msg/detail/imu_data__builder.hpp
-- Symlinking: /home/wheeltec/wheeltec_robot/install/yesense_interface/include/yesense_interface/yesense_interface/msg/detail/imu_data__struct.hpp
-- Symlinking: /home/wheeltec/wheeltec_robot/install/yesense_interface/include/yesense_interface/yesense_interface/msg/detail/imu_data__traits.hpp
-- Symlinking: /home/wheeltec/wheeltec_robot/install/yesense_interface/include/yesense_interface/yesense_interface/msg/detail/imu_data__type_support.hpp
-- Symlinking: /home/wheeltec/wheeltec_robot/install/yesense_interface/include/yesense_interface/yesense_interface/msg/detail/imu_data_ten_axis__builder.hpp
-- Symlinking: /home/wheeltec/wheeltec_robot/install/yesense_interface/include/yesense_interface/yesense_interface/msg/detail/imu_data_ten_axis__struct.hpp
-- Symlinking: /home/wheeltec/wheeltec_robot/install/yesense_interface/include/yesense_interface/yesense_interface/msg/detail/imu_data_ten_axis__traits.hpp
-- Symlinking: /home/wheeltec/wheeltec_robot/install/yesense_interface/include/yesense_interface/yesense_interface/msg/detail/imu_data_ten_axis__type_support.hpp
-- Symlinking: /home/wheeltec/wheeltec_robot/install/yesense_interface/include/yesense_interface/yesense_interface/msg/detail/nav_all__builder.hpp
-- Symlinking: /home/wheeltec/wheeltec_robot/install/yesense_interface/include/yesense_interface/yesense_interface/msg/detail/nav_all__struct.hpp
-- Symlinking: /home/wheeltec/wheeltec_robot/install/yesense_interface/include/yesense_interface/yesense_interface/msg/detail/nav_all__traits.hpp
-- Symlinking: /home/wheeltec/wheeltec_robot/install/yesense_interface/include/yesense_interface/yesense_interface/msg/detail/nav_all__type_support.hpp
-- Symlinking: /home/wheeltec/wheeltec_robot/install/yesense_interface/include/yesense_interface/yesense_interface/msg/detail/nav_min__builder.hpp
-- Symlinking: /home/wheeltec/wheeltec_robot/install/yesense_interface/include/yesense_interface/yesense_interface/msg/detail/nav_min__struct.hpp
-- Symlinking: /home/wheeltec/wheeltec_robot/install/yesense_interface/include/yesense_interface/yesense_interface/msg/detail/nav_min__traits.hpp
-- Symlinking: /home/wheeltec/wheeltec_robot/install/yesense_interface/include/yesense_interface/yesense_interface/msg/detail/nav_min__type_support.hpp
-- Symlinking: /home/wheeltec/wheeltec_robot/install/yesense_interface/include/yesense_interface/yesense_interface/msg/detail/nav_min_utc__builder.hpp
-- Symlinking: /home/wheeltec/wheeltec_robot/install/yesense_interface/include/yesense_interface/yesense_interface/msg/detail/nav_min_utc__struct.hpp
-- Symlinking: /home/wheeltec/wheeltec_robot/install/yesense_interface/include/yesense_interface/yesense_interface/msg/detail/nav_min_utc__traits.hpp
-- Symlinking: /home/wheeltec/wheeltec_robot/install/yesense_interface/include/yesense_interface/yesense_interface/msg/detail/nav_min_utc__type_support.hpp
-- Symlinking: /home/wheeltec/wheeltec_robot/install/yesense_interface/include/yesense_interface/yesense_interface/msg/detail/nav_status__builder.hpp
-- Symlinking: /home/wheeltec/wheeltec_robot/install/yesense_interface/include/yesense_interface/yesense_interface/msg/detail/nav_status__struct.hpp
-- Symlinking: /home/wheeltec/wheeltec_robot/install/yesense_interface/include/yesense_interface/yesense_interface/msg/detail/nav_status__traits.hpp
-- Symlinking: /home/wheeltec/wheeltec_robot/install/yesense_interface/include/yesense_interface/yesense_interface/msg/detail/nav_status__type_support.hpp
-- Symlinking: /home/wheeltec/wheeltec_robot/install/yesense_interface/include/yesense_interface/yesense_interface/msg/detail/pos_only__builder.hpp
-- Symlinking: /home/wheeltec/wheeltec_robot/install/yesense_interface/include/yesense_interface/yesense_interface/msg/detail/pos_only__struct.hpp
-- Symlinking: /home/wheeltec/wheeltec_robot/install/yesense_interface/include/yesense_interface/yesense_interface/msg/detail/pos_only__traits.hpp
-- Symlinking: /home/wheeltec/wheeltec_robot/install/yesense_interface/include/yesense_interface/yesense_interface/msg/detail/pos_only__type_support.hpp
-- Symlinking: /home/wheeltec/wheeltec_robot/install/yesense_interface/include/yesense_interface/yesense_interface/msg/detail/pressure__builder.hpp
-- Symlinking: /home/wheeltec/wheeltec_robot/install/yesense_interface/include/yesense_interface/yesense_interface/msg/detail/pressure__struct.hpp
-- Symlinking: /home/wheeltec/wheeltec_robot/install/yesense_interface/include/yesense_interface/yesense_interface/msg/detail/pressure__traits.hpp
-- Symlinking: /home/wheeltec/wheeltec_robot/install/yesense_interface/include/yesense_interface/yesense_interface/msg/detail/pressure__type_support.hpp
-- Symlinking: /home/wheeltec/wheeltec_robot/install/yesense_interface/include/yesense_interface/yesense_interface/msg/detail/quat__builder.hpp
-- Symlinking: /home/wheeltec/wheeltec_robot/install/yesense_interface/include/yesense_interface/yesense_interface/msg/detail/quat__struct.hpp
-- Symlinking: /home/wheeltec/wheeltec_robot/install/yesense_interface/include/yesense_interface/yesense_interface/msg/detail/quat__traits.hpp
-- Symlinking: /home/wheeltec/wheeltec_robot/install/yesense_interface/include/yesense_interface/yesense_interface/msg/detail/quat__type_support.hpp
-- Symlinking: /home/wheeltec/wheeltec_robot/install/yesense_interface/include/yesense_interface/yesense_interface/msg/detail/robot_lord__builder.hpp
-- Symlinking: /home/wheeltec/wheeltec_robot/install/yesense_interface/include/yesense_interface/yesense_interface/msg/detail/robot_lord__struct.hpp
-- Symlinking: /home/wheeltec/wheeltec_robot/install/yesense_interface/include/yesense_interface/yesense_interface/msg/detail/robot_lord__traits.hpp
-- Symlinking: /home/wheeltec/wheeltec_robot/install/yesense_interface/include/yesense_interface/yesense_interface/msg/detail/robot_lord__type_support.hpp
-- Symlinking: /home/wheeltec/wheeltec_robot/install/yesense_interface/include/yesense_interface/yesense_interface/msg/detail/sample_timestamp__builder.hpp
-- Symlinking: /home/wheeltec/wheeltec_robot/install/yesense_interface/include/yesense_interface/yesense_interface/msg/detail/sample_timestamp__struct.hpp
-- Symlinking: /home/wheeltec/wheeltec_robot/install/yesense_interface/include/yesense_interface/yesense_interface/msg/detail/sample_timestamp__traits.hpp
-- Symlinking: /home/wheeltec/wheeltec_robot/install/yesense_interface/include/yesense_interface/yesense_interface/msg/detail/sample_timestamp__type_support.hpp
-- Symlinking: /home/wheeltec/wheeltec_robot/install/yesense_interface/include/yesense_interface/yesense_interface/msg/detail/sensor_temp__builder.hpp
-- Symlinking: /home/wheeltec/wheeltec_robot/install/yesense_interface/include/yesense_interface/yesense_interface/msg/detail/sensor_temp__struct.hpp
-- Symlinking: /home/wheeltec/wheeltec_robot/install/yesense_interface/include/yesense_interface/yesense_interface/msg/detail/sensor_temp__traits.hpp
-- Symlinking: /home/wheeltec/wheeltec_robot/install/yesense_interface/include/yesense_interface/yesense_interface/msg/detail/sensor_temp__type_support.hpp
-- Symlinking: /home/wheeltec/wheeltec_robot/install/yesense_interface/include/yesense_interface/yesense_interface/msg/detail/three_axis__builder.hpp
-- Symlinking: /home/wheeltec/wheeltec_robot/install/yesense_interface/include/yesense_interface/yesense_interface/msg/detail/three_axis__struct.hpp
-- Symlinking: /home/wheeltec/wheeltec_robot/install/yesense_interface/include/yesense_interface/yesense_interface/msg/detail/three_axis__traits.hpp
-- Symlinking: /home/wheeltec/wheeltec_robot/install/yesense_interface/include/yesense_interface/yesense_interface/msg/detail/three_axis__type_support.hpp
-- Symlinking: /home/wheeltec/wheeltec_robot/install/yesense_interface/include/yesense_interface/yesense_interface/msg/detail/tid__builder.hpp
-- Symlinking: /home/wheeltec/wheeltec_robot/install/yesense_interface/include/yesense_interface/yesense_interface/msg/detail/tid__struct.hpp
-- Symlinking: /home/wheeltec/wheeltec_robot/install/yesense_interface/include/yesense_interface/yesense_interface/msg/detail/tid__traits.hpp
-- Symlinking: /home/wheeltec/wheeltec_robot/install/yesense_interface/include/yesense_interface/yesense_interface/msg/detail/tid__type_support.hpp
-- Symlinking: /home/wheeltec/wheeltec_robot/install/yesense_interface/include/yesense_interface/yesense_interface/msg/detail/utc__builder.hpp
-- Symlinking: /home/wheeltec/wheeltec_robot/install/yesense_interface/include/yesense_interface/yesense_interface/msg/detail/utc__struct.hpp
-- Symlinking: /home/wheeltec/wheeltec_robot/install/yesense_interface/include/yesense_interface/yesense_interface/msg/detail/utc__traits.hpp
-- Symlinking: /home/wheeltec/wheeltec_robot/install/yesense_interface/include/yesense_interface/yesense_interface/msg/detail/utc__type_support.hpp
-- Symlinking: /home/wheeltec/wheeltec_robot/install/yesense_interface/include/yesense_interface/yesense_interface/msg/detail/vel__builder.hpp
-- Symlinking: /home/wheeltec/wheeltec_robot/install/yesense_interface/include/yesense_interface/yesense_interface/msg/detail/vel__struct.hpp
-- Symlinking: /home/wheeltec/wheeltec_robot/install/yesense_interface/include/yesense_interface/yesense_interface/msg/detail/vel__traits.hpp
-- Symlinking: /home/wheeltec/wheeltec_robot/install/yesense_interface/include/yesense_interface/yesense_interface/msg/detail/vel__type_support.hpp
-- Symlinking: /home/wheeltec/wheeltec_robot/install/yesense_interface/include/yesense_interface/yesense_interface/msg/euler_angle.hpp
-- Symlinking: /home/wheeltec/wheeltec_robot/install/yesense_interface/include/yesense_interface/yesense_interface/msg/euler_only.hpp
-- Symlinking: /home/wheeltec/wheeltec_robot/install/yesense_interface/include/yesense_interface/yesense_interface/msg/gnss_pos.hpp
-- Symlinking: /home/wheeltec/wheeltec_robot/install/yesense_interface/include/yesense_interface/yesense_interface/msg/imu_data.hpp
-- Symlinking: /home/wheeltec/wheeltec_robot/install/yesense_interface/include/yesense_interface/yesense_interface/msg/imu_data_ten_axis.hpp
-- Symlinking: /home/wheeltec/wheeltec_robot/install/yesense_interface/include/yesense_interface/yesense_interface/msg/nav_all.hpp
-- Symlinking: /home/wheeltec/wheeltec_robot/install/yesense_interface/include/yesense_interface/yesense_interface/msg/nav_min.hpp
-- Symlinking: /home/wheeltec/wheeltec_robot/install/yesense_interface/include/yesense_interface/yesense_interface/msg/nav_min_utc.hpp
-- Symlinking: /home/wheeltec/wheeltec_robot/install/yesense_interface/include/yesense_interface/yesense_interface/msg/nav_status.hpp
-- Symlinking: /home/wheeltec/wheeltec_robot/install/yesense_interface/include/yesense_interface/yesense_interface/msg/pos_only.hpp
-- Symlinking: /home/wheeltec/wheeltec_robot/install/yesense_interface/include/yesense_interface/yesense_interface/msg/pressure.hpp
-- Symlinking: /home/wheeltec/wheeltec_robot/install/yesense_interface/include/yesense_interface/yesense_interface/msg/quat.hpp
-- Symlinking: /home/wheeltec/wheeltec_robot/install/yesense_interface/include/yesense_interface/yesense_interface/msg/robot_lord.hpp
-- Symlinking: /home/wheeltec/wheeltec_robot/install/yesense_interface/include/yesense_interface/yesense_interface/msg/rosidl_generator_cpp__visibility_control.hpp
-- Symlinking: /home/wheeltec/wheeltec_robot/install/yesense_interface/include/yesense_interface/yesense_interface/msg/sample_timestamp.hpp
-- Symlinking: /home/wheeltec/wheeltec_robot/install/yesense_interface/include/yesense_interface/yesense_interface/msg/sensor_temp.hpp
-- Symlinking: /home/wheeltec/wheeltec_robot/install/yesense_interface/include/yesense_interface/yesense_interface/msg/three_axis.hpp
-- Symlinking: /home/wheeltec/wheeltec_robot/install/yesense_interface/include/yesense_interface/yesense_interface/msg/tid.hpp
-- Symlinking: /home/wheeltec/wheeltec_robot/install/yesense_interface/include/yesense_interface/yesense_interface/msg/utc.hpp
-- Symlinking: /home/wheeltec/wheeltec_robot/install/yesense_interface/include/yesense_interface/yesense_interface/msg/vel.hpp
-- Symlinking: /home/wheeltec/wheeltec_robot/install/yesense_interface/include/yesense_interface/yesense_interface/msg/detail/attitude_all_data__rosidl_typesupport_fastrtps_cpp.hpp
-- Symlinking: /home/wheeltec/wheeltec_robot/install/yesense_interface/include/yesense_interface/yesense_interface/msg/detail/attitude_min_ahrs__rosidl_typesupport_fastrtps_cpp.hpp
-- Symlinking: /home/wheeltec/wheeltec_robot/install/yesense_interface/include/yesense_interface/yesense_interface/msg/detail/attitude_min_vru__rosidl_typesupport_fastrtps_cpp.hpp
-- Symlinking: /home/wheeltec/wheeltec_robot/install/yesense_interface/include/yesense_interface/yesense_interface/msg/detail/euler_angle__rosidl_typesupport_fastrtps_cpp.hpp
-- Symlinking: /home/wheeltec/wheeltec_robot/install/yesense_interface/include/yesense_interface/yesense_interface/msg/detail/euler_only__rosidl_typesupport_fastrtps_cpp.hpp
-- Symlinking: /home/wheeltec/wheeltec_robot/install/yesense_interface/include/yesense_interface/yesense_interface/msg/detail/gnss_pos__rosidl_typesupport_fastrtps_cpp.hpp
-- Symlinking: /home/wheeltec/wheeltec_robot/install/yesense_interface/include/yesense_interface/yesense_interface/msg/detail/imu_data__rosidl_typesupport_fastrtps_cpp.hpp
-- Symlinking: /home/wheeltec/wheeltec_robot/install/yesense_interface/include/yesense_interface/yesense_interface/msg/detail/imu_data_ten_axis__rosidl_typesupport_fastrtps_cpp.hpp
-- Symlinking: /home/wheeltec/wheeltec_robot/install/yesense_interface/include/yesense_interface/yesense_interface/msg/detail/nav_all__rosidl_typesupport_fastrtps_cpp.hpp
-- Symlinking: /home/wheeltec/wheeltec_robot/install/yesense_interface/include/yesense_interface/yesense_interface/msg/detail/nav_min__rosidl_typesupport_fastrtps_cpp.hpp
-- Symlinking: /home/wheeltec/wheeltec_robot/install/yesense_interface/include/yesense_interface/yesense_interface/msg/detail/nav_min_utc__rosidl_typesupport_fastrtps_cpp.hpp
-- Symlinking: /home/wheeltec/wheeltec_robot/install/yesense_interface/include/yesense_interface/yesense_interface/msg/detail/nav_status__rosidl_typesupport_fastrtps_cpp.hpp
-- Symlinking: /home/wheeltec/wheeltec_robot/install/yesense_interface/include/yesense_interface/yesense_interface/msg/detail/pos_only__rosidl_typesupport_fastrtps_cpp.hpp
-- Symlinking: /home/wheeltec/wheeltec_robot/install/yesense_interface/include/yesense_interface/yesense_interface/msg/detail/pressure__rosidl_typesupport_fastrtps_cpp.hpp
-- Symlinking: /home/wheeltec/wheeltec_robot/install/yesense_interface/include/yesense_interface/yesense_interface/msg/detail/quat__rosidl_typesupport_fastrtps_cpp.hpp
-- Symlinking: /home/wheeltec/wheeltec_robot/install/yesense_interface/include/yesense_interface/yesense_interface/msg/detail/robot_lord__rosidl_typesupport_fastrtps_cpp.hpp
-- Symlinking: /home/wheeltec/wheeltec_robot/install/yesense_interface/include/yesense_interface/yesense_interface/msg/detail/sample_timestamp__rosidl_typesupport_fastrtps_cpp.hpp
-- Symlinking: /home/wheeltec/wheeltec_robot/install/yesense_interface/include/yesense_interface/yesense_interface/msg/detail/sensor_temp__rosidl_typesupport_fastrtps_cpp.hpp
-- Symlinking: /home/wheeltec/wheeltec_robot/install/yesense_interface/include/yesense_interface/yesense_interface/msg/detail/three_axis__rosidl_typesupport_fastrtps_cpp.hpp
-- Symlinking: /home/wheeltec/wheeltec_robot/install/yesense_interface/include/yesense_interface/yesense_interface/msg/detail/tid__rosidl_typesupport_fastrtps_cpp.hpp
-- Symlinking: /home/wheeltec/wheeltec_robot/install/yesense_interface/include/yesense_interface/yesense_interface/msg/detail/utc__rosidl_typesupport_fastrtps_cpp.hpp
-- Symlinking: /home/wheeltec/wheeltec_robot/install/yesense_interface/include/yesense_interface/yesense_interface/msg/detail/vel__rosidl_typesupport_fastrtps_cpp.hpp
-- Symlinking: /home/wheeltec/wheeltec_robot/install/yesense_interface/include/yesense_interface/yesense_interface/msg/rosidl_typesupport_fastrtps_cpp__visibility_control.h
-- Symlinking: /home/wheeltec/wheeltec_robot/install/yesense_interface/include/yesense_interface/yesense_interface/msg/detail/attitude_all_data__rosidl_typesupport_introspection_cpp.hpp
-- Symlinking: /home/wheeltec/wheeltec_robot/install/yesense_interface/include/yesense_interface/yesense_interface/msg/detail/attitude_min_ahrs__rosidl_typesupport_introspection_cpp.hpp
-- Symlinking: /home/wheeltec/wheeltec_robot/install/yesense_interface/include/yesense_interface/yesense_interface/msg/detail/attitude_min_vru__rosidl_typesupport_introspection_cpp.hpp
-- Symlinking: /home/wheeltec/wheeltec_robot/install/yesense_interface/include/yesense_interface/yesense_interface/msg/detail/euler_angle__rosidl_typesupport_introspection_cpp.hpp
-- Symlinking: /home/wheeltec/wheeltec_robot/install/yesense_interface/include/yesense_interface/yesense_interface/msg/detail/euler_only__rosidl_typesupport_introspection_cpp.hpp
-- Symlinking: /home/wheeltec/wheeltec_robot/install/yesense_interface/include/yesense_interface/yesense_interface/msg/detail/gnss_pos__rosidl_typesupport_introspection_cpp.hpp
-- Symlinking: /home/wheeltec/wheeltec_robot/install/yesense_interface/include/yesense_interface/yesense_interface/msg/detail/imu_data__rosidl_typesupport_introspection_cpp.hpp
-- Symlinking: /home/wheeltec/wheeltec_robot/install/yesense_interface/include/yesense_interface/yesense_interface/msg/detail/imu_data_ten_axis__rosidl_typesupport_introspection_cpp.hpp
-- Symlinking: /home/wheeltec/wheeltec_robot/install/yesense_interface/include/yesense_interface/yesense_interface/msg/detail/nav_all__rosidl_typesupport_introspection_cpp.hpp
-- Symlinking: /home/wheeltec/wheeltec_robot/install/yesense_interface/include/yesense_interface/yesense_interface/msg/detail/nav_min__rosidl_typesupport_introspection_cpp.hpp
-- Symlinking: /home/wheeltec/wheeltec_robot/install/yesense_interface/include/yesense_interface/yesense_interface/msg/detail/nav_min_utc__rosidl_typesupport_introspection_cpp.hpp
-- Symlinking: /home/wheeltec/wheeltec_robot/install/yesense_interface/include/yesense_interface/yesense_interface/msg/detail/nav_status__rosidl_typesupport_introspection_cpp.hpp
-- Symlinking: /home/wheeltec/wheeltec_robot/install/yesense_interface/include/yesense_interface/yesense_interface/msg/detail/pos_only__rosidl_typesupport_introspection_cpp.hpp
-- Symlinking: /home/wheeltec/wheeltec_robot/install/yesense_interface/include/yesense_interface/yesense_interface/msg/detail/pressure__rosidl_typesupport_introspection_cpp.hpp
-- Symlinking: /home/wheeltec/wheeltec_robot/install/yesense_interface/include/yesense_interface/yesense_interface/msg/detail/quat__rosidl_typesupport_introspection_cpp.hpp
-- Symlinking: /home/wheeltec/wheeltec_robot/install/yesense_interface/include/yesense_interface/yesense_interface/msg/detail/robot_lord__rosidl_typesupport_introspection_cpp.hpp
-- Symlinking: /home/wheeltec/wheeltec_robot/install/yesense_interface/include/yesense_interface/yesense_interface/msg/detail/sample_timestamp__rosidl_typesupport_introspection_cpp.hpp
-- Symlinking: /home/wheeltec/wheeltec_robot/install/yesense_interface/include/yesense_interface/yesense_interface/msg/detail/sensor_temp__rosidl_typesupport_introspection_cpp.hpp
-- Symlinking: /home/wheeltec/wheeltec_robot/install/yesense_interface/include/yesense_interface/yesense_interface/msg/detail/three_axis__rosidl_typesupport_introspection_cpp.hpp
-- Symlinking: /home/wheeltec/wheeltec_robot/install/yesense_interface/include/yesense_interface/yesense_interface/msg/detail/tid__rosidl_typesupport_introspection_cpp.hpp
-- Symlinking: /home/wheeltec/wheeltec_robot/install/yesense_interface/include/yesense_interface/yesense_interface/msg/detail/utc__rosidl_typesupport_introspection_cpp.hpp
-- Symlinking: /home/wheeltec/wheeltec_robot/install/yesense_interface/include/yesense_interface/yesense_interface/msg/detail/vel__rosidl_typesupport_introspection_cpp.hpp
-- Symlinking: /home/wheeltec/wheeltec_robot/install/yesense_interface/share/yesense_interface/environment/pythonpath.sh
-- Symlinking: /home/wheeltec/wheeltec_robot/install/yesense_interface/share/yesense_interface/environment/pythonpath.dsv
-- Symlinking: /home/wheeltec/wheeltec_robot/install/yesense_interface/local/lib/python3.10/dist-packages/yesense_interface-1.0.0-py3.10.egg-info/PKG-INFO
-- Symlinking: /home/wheeltec/wheeltec_robot/install/yesense_interface/local/lib/python3.10/dist-packages/yesense_interface-1.0.0-py3.10.egg-info/SOURCES.txt
-- Symlinking: /home/wheeltec/wheeltec_robot/install/yesense_interface/local/lib/python3.10/dist-packages/yesense_interface-1.0.0-py3.10.egg-info/dependency_links.txt
-- Symlinking: /home/wheeltec/wheeltec_robot/install/yesense_interface/local/lib/python3.10/dist-packages/yesense_interface-1.0.0-py3.10.egg-info/top_level.txt
-- Symlinking: /home/wheeltec/wheeltec_robot/install/yesense_interface/local/lib/python3.10/dist-packages/yesense_interface/__init__.py
-- Symlinking: /home/wheeltec/wheeltec_robot/install/yesense_interface/local/lib/python3.10/dist-packages/yesense_interface/_yesense_interface_s.ep.rosidl_typesupport_c.c
-- Symlinking: /home/wheeltec/wheeltec_robot/install/yesense_interface/local/lib/python3.10/dist-packages/yesense_interface/_yesense_interface_s.ep.rosidl_typesupport_fastrtps_c.c
-- Symlinking: /home/wheeltec/wheeltec_robot/install/yesense_interface/local/lib/python3.10/dist-packages/yesense_interface/_yesense_interface_s.ep.rosidl_typesupport_introspection_c.c
-- Symlinking: /home/wheeltec/wheeltec_robot/install/yesense_interface/local/lib/python3.10/dist-packages/yesense_interface/libyesense_interface__rosidl_generator_py.so
-- Symlinking: /home/wheeltec/wheeltec_robot/install/yesense_interface/local/lib/python3.10/dist-packages/yesense_interface/msg/__init__.py
-- Symlinking: /home/wheeltec/wheeltec_robot/install/yesense_interface/local/lib/python3.10/dist-packages/yesense_interface/msg/_attitude_all_data.py
-- Symlinking: /home/wheeltec/wheeltec_robot/install/yesense_interface/local/lib/python3.10/dist-packages/yesense_interface/msg/_attitude_all_data_s.c
-- Symlinking: /home/wheeltec/wheeltec_robot/install/yesense_interface/local/lib/python3.10/dist-packages/yesense_interface/msg/_attitude_min_ahrs.py
-- Symlinking: /home/wheeltec/wheeltec_robot/install/yesense_interface/local/lib/python3.10/dist-packages/yesense_interface/msg/_attitude_min_ahrs_s.c
-- Symlinking: /home/wheeltec/wheeltec_robot/install/yesense_interface/local/lib/python3.10/dist-packages/yesense_interface/msg/_attitude_min_vru.py
-- Symlinking: /home/wheeltec/wheeltec_robot/install/yesense_interface/local/lib/python3.10/dist-packages/yesense_interface/msg/_attitude_min_vru_s.c
-- Symlinking: /home/wheeltec/wheeltec_robot/install/yesense_interface/local/lib/python3.10/dist-packages/yesense_interface/msg/_euler_angle.py
-- Symlinking: /home/wheeltec/wheeltec_robot/install/yesense_interface/local/lib/python3.10/dist-packages/yesense_interface/msg/_euler_angle_s.c
-- Symlinking: /home/wheeltec/wheeltec_robot/install/yesense_interface/local/lib/python3.10/dist-packages/yesense_interface/msg/_euler_only.py
-- Symlinking: /home/wheeltec/wheeltec_robot/install/yesense_interface/local/lib/python3.10/dist-packages/yesense_interface/msg/_euler_only_s.c
-- Symlinking: /home/wheeltec/wheeltec_robot/install/yesense_interface/local/lib/python3.10/dist-packages/yesense_interface/msg/_gnss_pos.py
-- Symlinking: /home/wheeltec/wheeltec_robot/install/yesense_interface/local/lib/python3.10/dist-packages/yesense_interface/msg/_gnss_pos_s.c
-- Symlinking: /home/wheeltec/wheeltec_robot/install/yesense_interface/local/lib/python3.10/dist-packages/yesense_interface/msg/_imu_data.py
-- Symlinking: /home/wheeltec/wheeltec_robot/install/yesense_interface/local/lib/python3.10/dist-packages/yesense_interface/msg/_imu_data_s.c
-- Symlinking: /home/wheeltec/wheeltec_robot/install/yesense_interface/local/lib/python3.10/dist-packages/yesense_interface/msg/_imu_data_ten_axis.py
-- Symlinking: /home/wheeltec/wheeltec_robot/install/yesense_interface/local/lib/python3.10/dist-packages/yesense_interface/msg/_imu_data_ten_axis_s.c
-- Symlinking: /home/wheeltec/wheeltec_robot/install/yesense_interface/local/lib/python3.10/dist-packages/yesense_interface/msg/_nav_all.py
-- Symlinking: /home/wheeltec/wheeltec_robot/install/yesense_interface/local/lib/python3.10/dist-packages/yesense_interface/msg/_nav_all_s.c
-- Symlinking: /home/wheeltec/wheeltec_robot/install/yesense_interface/local/lib/python3.10/dist-packages/yesense_interface/msg/_nav_min.py
-- Symlinking: /home/wheeltec/wheeltec_robot/install/yesense_interface/local/lib/python3.10/dist-packages/yesense_interface/msg/_nav_min_s.c
-- Symlinking: /home/wheeltec/wheeltec_robot/install/yesense_interface/local/lib/python3.10/dist-packages/yesense_interface/msg/_nav_min_utc.py
-- Symlinking: /home/wheeltec/wheeltec_robot/install/yesense_interface/local/lib/python3.10/dist-packages/yesense_interface/msg/_nav_min_utc_s.c
-- Symlinking: /home/wheeltec/wheeltec_robot/install/yesense_interface/local/lib/python3.10/dist-packages/yesense_interface/msg/_nav_status.py
-- Symlinking: /home/wheeltec/wheeltec_robot/install/yesense_interface/local/lib/python3.10/dist-packages/yesense_interface/msg/_nav_status_s.c
-- Symlinking: /home/wheeltec/wheeltec_robot/install/yesense_interface/local/lib/python3.10/dist-packages/yesense_interface/msg/_pos_only.py
-- Symlinking: /home/wheeltec/wheeltec_robot/install/yesense_interface/local/lib/python3.10/dist-packages/yesense_interface/msg/_pos_only_s.c
-- Symlinking: /home/wheeltec/wheeltec_robot/install/yesense_interface/local/lib/python3.10/dist-packages/yesense_interface/msg/_pressure.py
-- Symlinking: /home/wheeltec/wheeltec_robot/install/yesense_interface/local/lib/python3.10/dist-packages/yesense_interface/msg/_pressure_s.c
-- Symlinking: /home/wheeltec/wheeltec_robot/install/yesense_interface/local/lib/python3.10/dist-packages/yesense_interface/msg/_quat.py
-- Symlinking: /home/wheeltec/wheeltec_robot/install/yesense_interface/local/lib/python3.10/dist-packages/yesense_interface/msg/_quat_s.c
-- Symlinking: /home/wheeltec/wheeltec_robot/install/yesense_interface/local/lib/python3.10/dist-packages/yesense_interface/msg/_robot_lord.py
-- Symlinking: /home/wheeltec/wheeltec_robot/install/yesense_interface/local/lib/python3.10/dist-packages/yesense_interface/msg/_robot_lord_s.c
-- Symlinking: /home/wheeltec/wheeltec_robot/install/yesense_interface/local/lib/python3.10/dist-packages/yesense_interface/msg/_sample_timestamp.py
-- Symlinking: /home/wheeltec/wheeltec_robot/install/yesense_interface/local/lib/python3.10/dist-packages/yesense_interface/msg/_sample_timestamp_s.c
-- Symlinking: /home/wheeltec/wheeltec_robot/install/yesense_interface/local/lib/python3.10/dist-packages/yesense_interface/msg/_sensor_temp.py
-- Symlinking: /home/wheeltec/wheeltec_robot/install/yesense_interface/local/lib/python3.10/dist-packages/yesense_interface/msg/_sensor_temp_s.c
-- Symlinking: /home/wheeltec/wheeltec_robot/install/yesense_interface/local/lib/python3.10/dist-packages/yesense_interface/msg/_three_axis.py
-- Symlinking: /home/wheeltec/wheeltec_robot/install/yesense_interface/local/lib/python3.10/dist-packages/yesense_interface/msg/_three_axis_s.c
-- Symlinking: /home/wheeltec/wheeltec_robot/install/yesense_interface/local/lib/python3.10/dist-packages/yesense_interface/msg/_tid.py
-- Symlinking: /home/wheeltec/wheeltec_robot/install/yesense_interface/local/lib/python3.10/dist-packages/yesense_interface/msg/_tid_s.c
-- Symlinking: /home/wheeltec/wheeltec_robot/install/yesense_interface/local/lib/python3.10/dist-packages/yesense_interface/msg/_utc.py
-- Symlinking: /home/wheeltec/wheeltec_robot/install/yesense_interface/local/lib/python3.10/dist-packages/yesense_interface/msg/_utc_s.c
-- Symlinking: /home/wheeltec/wheeltec_robot/install/yesense_interface/local/lib/python3.10/dist-packages/yesense_interface/msg/_vel.py
-- Symlinking: /home/wheeltec/wheeltec_robot/install/yesense_interface/local/lib/python3.10/dist-packages/yesense_interface/msg/_vel_s.c
-- Symlinking: /home/wheeltec/wheeltec_robot/install/yesense_interface/local/lib/python3.10/dist-packages/yesense_interface/yesense_interface_s__rosidl_typesupport_c.cpython-310-aarch64-linux-gnu.so
-- Symlinking: /home/wheeltec/wheeltec_robot/install/yesense_interface/local/lib/python3.10/dist-packages/yesense_interface/yesense_interface_s__rosidl_typesupport_fastrtps_c.cpython-310-aarch64-linux-gnu.so
-- Symlinking: /home/wheeltec/wheeltec_robot/install/yesense_interface/local/lib/python3.10/dist-packages/yesense_interface/yesense_interface_s__rosidl_typesupport_introspection_c.cpython-310-aarch64-linux-gnu.so
-- Up-to-date symlink: /home/wheeltec/wheeltec_robot/install/yesense_interface/local/lib/python3.10/dist-packages/yesense_interface/yesense_interface_s__rosidl_typesupport_fastrtps_c.cpython-310-aarch64-linux-gnu.so
-- Up-to-date symlink: /home/wheeltec/wheeltec_robot/install/yesense_interface/local/lib/python3.10/dist-packages/yesense_interface/yesense_interface_s__rosidl_typesupport_introspection_c.cpython-310-aarch64-linux-gnu.so
-- Up-to-date symlink: /home/wheeltec/wheeltec_robot/install/yesense_interface/local/lib/python3.10/dist-packages/yesense_interface/yesense_interface_s__rosidl_typesupport_c.cpython-310-aarch64-linux-gnu.so
-- Symlinking: /home/wheeltec/wheeltec_robot/install/yesense_interface/share/yesense_interface/msg/Tid.idl
-- Symlinking: /home/wheeltec/wheeltec_robot/install/yesense_interface/share/yesense_interface/msg/ThreeAxis.idl
-- Symlinking: /home/wheeltec/wheeltec_robot/install/yesense_interface/share/yesense_interface/msg/SensorTemp.idl
-- Symlinking: /home/wheeltec/wheeltec_robot/install/yesense_interface/share/yesense_interface/msg/Pressure.idl
-- Symlinking: /home/wheeltec/wheeltec_robot/install/yesense_interface/share/yesense_interface/msg/EulerAngle.idl
-- Symlinking: /home/wheeltec/wheeltec_robot/install/yesense_interface/share/yesense_interface/msg/Quat.idl
-- Symlinking: /home/wheeltec/wheeltec_robot/install/yesense_interface/share/yesense_interface/msg/GnssPos.idl
-- Symlinking: /home/wheeltec/wheeltec_robot/install/yesense_interface/share/yesense_interface/msg/NavStatus.idl
-- Symlinking: /home/wheeltec/wheeltec_robot/install/yesense_interface/share/yesense_interface/msg/Vel.idl
-- Symlinking: /home/wheeltec/wheeltec_robot/install/yesense_interface/share/yesense_interface/msg/Utc.idl
-- Symlinking: /home/wheeltec/wheeltec_robot/install/yesense_interface/share/yesense_interface/msg/SampleTimestamp.idl
-- Symlinking: /home/wheeltec/wheeltec_robot/install/yesense_interface/share/yesense_interface/msg/ImuData.idl
-- Symlinking: /home/wheeltec/wheeltec_robot/install/yesense_interface/share/yesense_interface/msg/ImuDataTenAxis.idl
-- Symlinking: /home/wheeltec/wheeltec_robot/install/yesense_interface/share/yesense_interface/msg/EulerOnly.idl
-- Symlinking: /home/wheeltec/wheeltec_robot/install/yesense_interface/share/yesense_interface/msg/RobotLord.idl
-- Symlinking: /home/wheeltec/wheeltec_robot/install/yesense_interface/share/yesense_interface/msg/AttitudeMinVru.idl
-- Symlinking: /home/wheeltec/wheeltec_robot/install/yesense_interface/share/yesense_interface/msg/AttitudeMinAhrs.idl
-- Symlinking: /home/wheeltec/wheeltec_robot/install/yesense_interface/share/yesense_interface/msg/AttitudeAllData.idl
-- Symlinking: /home/wheeltec/wheeltec_robot/install/yesense_interface/share/yesense_interface/msg/PosOnly.idl
-- Symlinking: /home/wheeltec/wheeltec_robot/install/yesense_interface/share/yesense_interface/msg/NavMin.idl
-- Symlinking: /home/wheeltec/wheeltec_robot/install/yesense_interface/share/yesense_interface/msg/NavMinUtc.idl
-- Symlinking: /home/wheeltec/wheeltec_robot/install/yesense_interface/share/yesense_interface/msg/NavAll.idl
-- Symlinking: /home/wheeltec/wheeltec_robot/install/yesense_interface/share/yesense_interface/msg/Tid.msg
-- Symlinking: /home/wheeltec/wheeltec_robot/install/yesense_interface/share/yesense_interface/msg/ThreeAxis.msg
-- Symlinking: /home/wheeltec/wheeltec_robot/install/yesense_interface/share/yesense_interface/msg/SensorTemp.msg
-- Symlinking: /home/wheeltec/wheeltec_robot/install/yesense_interface/share/yesense_interface/msg/Pressure.msg
-- Symlinking: /home/wheeltec/wheeltec_robot/install/yesense_interface/share/yesense_interface/msg/EulerAngle.msg
-- Symlinking: /home/wheeltec/wheeltec_robot/install/yesense_interface/share/yesense_interface/msg/Quat.msg
-- Symlinking: /home/wheeltec/wheeltec_robot/install/yesense_interface/share/yesense_interface/msg/GnssPos.msg
-- Symlinking: /home/wheeltec/wheeltec_robot/install/yesense_interface/share/yesense_interface/msg/NavStatus.msg
-- Symlinking: /home/wheeltec/wheeltec_robot/install/yesense_interface/share/yesense_interface/msg/Vel.msg
-- Symlinking: /home/wheeltec/wheeltec_robot/install/yesense_interface/share/yesense_interface/msg/Utc.msg
-- Symlinking: /home/wheeltec/wheeltec_robot/install/yesense_interface/share/yesense_interface/msg/SampleTimestamp.msg
-- Symlinking: /home/wheeltec/wheeltec_robot/install/yesense_interface/share/yesense_interface/msg/ImuData.msg
-- Symlinking: /home/wheeltec/wheeltec_robot/install/yesense_interface/share/yesense_interface/msg/ImuDataTenAxis.msg
-- Symlinking: /home/wheeltec/wheeltec_robot/install/yesense_interface/share/yesense_interface/msg/EulerOnly.msg
-- Symlinking: /home/wheeltec/wheeltec_robot/install/yesense_interface/share/yesense_interface/msg/RobotLord.msg
-- Symlinking: /home/wheeltec/wheeltec_robot/install/yesense_interface/share/yesense_interface/msg/AttitudeMinVru.msg
-- Symlinking: /home/wheeltec/wheeltec_robot/install/yesense_interface/share/yesense_interface/msg/AttitudeMinAhrs.msg
-- Symlinking: /home/wheeltec/wheeltec_robot/install/yesense_interface/share/yesense_interface/msg/AttitudeAllData.msg
-- Symlinking: /home/wheeltec/wheeltec_robot/install/yesense_interface/share/yesense_interface/msg/PosOnly.msg
-- Symlinking: /home/wheeltec/wheeltec_robot/install/yesense_interface/share/yesense_interface/msg/NavMin.msg
-- Symlinking: /home/wheeltec/wheeltec_robot/install/yesense_interface/share/yesense_interface/msg/NavMinUtc.msg
-- Symlinking: /home/wheeltec/wheeltec_robot/install/yesense_interface/share/yesense_interface/msg/NavAll.msg
-- Symlinking: /home/wheeltec/wheeltec_robot/install/yesense_interface/share/ament_index/resource_index/package_run_dependencies/yesense_interface
-- Symlinking: /home/wheeltec/wheeltec_robot/install/yesense_interface/share/ament_index/resource_index/parent_prefix_path/yesense_interface
-- Symlinking: /home/wheeltec/wheeltec_robot/install/yesense_interface/share/yesense_interface/environment/ament_prefix_path.sh
-- Symlinking: /home/wheeltec/wheeltec_robot/install/yesense_interface/share/yesense_interface/environment/ament_prefix_path.dsv
-- Symlinking: /home/wheeltec/wheeltec_robot/install/yesense_interface/share/yesense_interface/environment/path.sh
-- Symlinking: /home/wheeltec/wheeltec_robot/install/yesense_interface/share/yesense_interface/environment/path.dsv
-- Symlinking: /home/wheeltec/wheeltec_robot/install/yesense_interface/share/yesense_interface/local_setup.bash
-- Symlinking: /home/wheeltec/wheeltec_robot/install/yesense_interface/share/yesense_interface/local_setup.sh
-- Symlinking: /home/wheeltec/wheeltec_robot/install/yesense_interface/share/yesense_interface/local_setup.zsh
-- Symlinking: /home/wheeltec/wheeltec_robot/install/yesense_interface/share/yesense_interface/local_setup.dsv
-- Symlinking: /home/wheeltec/wheeltec_robot/install/yesense_interface/share/yesense_interface/package.dsv
-- Symlinking: /home/wheeltec/wheeltec_robot/install/yesense_interface/share/ament_index/resource_index/packages/yesense_interface
-- Symlinking: /home/wheeltec/wheeltec_robot/install/yesense_interface/share/yesense_interface/cmake/rosidl_cmake-extras.cmake
-- Symlinking: /home/wheeltec/wheeltec_robot/install/yesense_interface/share/yesense_interface/cmake/ament_cmake_export_include_directories-extras.cmake
-- Symlinking: /home/wheeltec/wheeltec_robot/install/yesense_interface/share/yesense_interface/cmake/ament_cmake_export_libraries-extras.cmake
-- Symlinking: /home/wheeltec/wheeltec_robot/install/yesense_interface/share/yesense_interface/cmake/ament_cmake_export_targets-extras.cmake
-- Symlinking: /home/wheeltec/wheeltec_robot/install/yesense_interface/share/yesense_interface/cmake/rosidl_cmake_export_typesupport_targets-extras.cmake
-- Symlinking: /home/wheeltec/wheeltec_robot/install/yesense_interface/share/yesense_interface/cmake/ament_cmake_export_dependencies-extras.cmake
-- Symlinking: /home/wheeltec/wheeltec_robot/install/yesense_interface/share/yesense_interface/cmake/rosidl_cmake_export_typesupport_libraries-extras.cmake
-- Symlinking: /home/wheeltec/wheeltec_robot/install/yesense_interface/share/yesense_interface/cmake/yesense_interfaceConfig.cmake
-- Symlinking: /home/wheeltec/wheeltec_robot/install/yesense_interface/share/yesense_interface/cmake/yesense_interfaceConfig-version.cmake
-- Symlinking: /home/wheeltec/wheeltec_robot/install/yesense_interface/share/yesense_interface/package.xml
-- Installing: /home/wheeltec/wheeltec_robot/install/yesense_interface/lib/libyesense_interface__rosidl_generator_c.so
-- Set runtime path of "/home/wheeltec/wheeltec_robot/install/yesense_interface/lib/libyesense_interface__rosidl_generator_c.so" to ""
-- Installing: /home/wheeltec/wheeltec_robot/install/yesense_interface/lib/libyesense_interface__rosidl_typesupport_fastrtps_c.so
-- Set runtime path of "/home/wheeltec/wheeltec_robot/install/yesense_interface/lib/libyesense_interface__rosidl_typesupport_fastrtps_c.so" to ""
-- Installing: /home/wheeltec/wheeltec_robot/install/yesense_interface/lib/libyesense_interface__rosidl_typesupport_introspection_c.so
-- Set runtime path of "/home/wheeltec/wheeltec_robot/install/yesense_interface/lib/libyesense_interface__rosidl_typesupport_introspection_c.so" to ""
-- Installing: /home/wheeltec/wheeltec_robot/install/yesense_interface/lib/libyesense_interface__rosidl_typesupport_c.so
-- Set runtime path of "/home/wheeltec/wheeltec_robot/install/yesense_interface/lib/libyesense_interface__rosidl_typesupport_c.so" to ""
-- Installing: /home/wheeltec/wheeltec_robot/install/yesense_interface/lib/libyesense_interface__rosidl_typesupport_fastrtps_cpp.so
-- Set runtime path of "/home/wheeltec/wheeltec_robot/install/yesense_interface/lib/libyesense_interface__rosidl_typesupport_fastrtps_cpp.so" to ""
-- Installing: /home/wheeltec/wheeltec_robot/install/yesense_interface/lib/libyesense_interface__rosidl_typesupport_introspection_cpp.so
-- Set runtime path of "/home/wheeltec/wheeltec_robot/install/yesense_interface/lib/libyesense_interface__rosidl_typesupport_introspection_cpp.so" to ""
-- Installing: /home/wheeltec/wheeltec_robot/install/yesense_interface/lib/libyesense_interface__rosidl_typesupport_cpp.so
-- Set runtime path of "/home/wheeltec/wheeltec_robot/install/yesense_interface/lib/libyesense_interface__rosidl_typesupport_cpp.so" to ""
Listing '/home/wheeltec/wheeltec_robot/install/yesense_interface/local/lib/python3.10/dist-packages/yesense_interface'...
Compiling '/home/wheeltec/wheeltec_robot/install/yesense_interface/local/lib/python3.10/dist-packages/yesense_interface/__init__.py'...
Listing '/home/wheeltec/wheeltec_robot/install/yesense_interface/local/lib/python3.10/dist-packages/yesense_interface/msg'...
Compiling '/home/wheeltec/wheeltec_robot/install/yesense_interface/local/lib/python3.10/dist-packages/yesense_interface/msg/__init__.py'...
Compiling '/home/wheeltec/wheeltec_robot/install/yesense_interface/local/lib/python3.10/dist-packages/yesense_interface/msg/_attitude_all_data.py'...
Compiling '/home/wheeltec/wheeltec_robot/install/yesense_interface/local/lib/python3.10/dist-packages/yesense_interface/msg/_attitude_min_ahrs.py'...
Compiling '/home/wheeltec/wheeltec_robot/install/yesense_interface/local/lib/python3.10/dist-packages/yesense_interface/msg/_attitude_min_vru.py'...
Compiling '/home/wheeltec/wheeltec_robot/install/yesense_interface/local/lib/python3.10/dist-packages/yesense_interface/msg/_euler_angle.py'...
Compiling '/home/wheeltec/wheeltec_robot/install/yesense_interface/local/lib/python3.10/dist-packages/yesense_interface/msg/_euler_only.py'...
Compiling '/home/wheeltec/wheeltec_robot/install/yesense_interface/local/lib/python3.10/dist-packages/yesense_interface/msg/_gnss_pos.py'...
Compiling '/home/wheeltec/wheeltec_robot/install/yesense_interface/local/lib/python3.10/dist-packages/yesense_interface/msg/_imu_data.py'...
Compiling '/home/wheeltec/wheeltec_robot/install/yesense_interface/local/lib/python3.10/dist-packages/yesense_interface/msg/_imu_data_ten_axis.py'...
Compiling '/home/wheeltec/wheeltec_robot/install/yesense_interface/local/lib/python3.10/dist-packages/yesense_interface/msg/_nav_all.py'...
Compiling '/home/wheeltec/wheeltec_robot/install/yesense_interface/local/lib/python3.10/dist-packages/yesense_interface/msg/_nav_min.py'...
Compiling '/home/wheeltec/wheeltec_robot/install/yesense_interface/local/lib/python3.10/dist-packages/yesense_interface/msg/_nav_min_utc.py'...
Compiling '/home/wheeltec/wheeltec_robot/install/yesense_interface/local/lib/python3.10/dist-packages/yesense_interface/msg/_nav_status.py'...
Compiling '/home/wheeltec/wheeltec_robot/install/yesense_interface/local/lib/python3.10/dist-packages/yesense_interface/msg/_pos_only.py'...
Compiling '/home/wheeltec/wheeltec_robot/install/yesense_interface/local/lib/python3.10/dist-packages/yesense_interface/msg/_pressure.py'...
Compiling '/home/wheeltec/wheeltec_robot/install/yesense_interface/local/lib/python3.10/dist-packages/yesense_interface/msg/_quat.py'...
Compiling '/home/wheeltec/wheeltec_robot/install/yesense_interface/local/lib/python3.10/dist-packages/yesense_interface/msg/_robot_lord.py'...
Compiling '/home/wheeltec/wheeltec_robot/install/yesense_interface/local/lib/python3.10/dist-packages/yesense_interface/msg/_sample_timestamp.py'...
Compiling '/home/wheeltec/wheeltec_robot/install/yesense_interface/local/lib/python3.10/dist-packages/yesense_interface/msg/_sensor_temp.py'...
Compiling '/home/wheeltec/wheeltec_robot/install/yesense_interface/local/lib/python3.10/dist-packages/yesense_interface/msg/_three_axis.py'...
Compiling '/home/wheeltec/wheeltec_robot/install/yesense_interface/local/lib/python3.10/dist-packages/yesense_interface/msg/_tid.py'...
Compiling '/home/wheeltec/wheeltec_robot/install/yesense_interface/local/lib/python3.10/dist-packages/yesense_interface/msg/_utc.py'...
Compiling '/home/wheeltec/wheeltec_robot/install/yesense_interface/local/lib/python3.10/dist-packages/yesense_interface/msg/_vel.py'...
-- Installing: /home/wheeltec/wheeltec_robot/install/yesense_interface/lib/libyesense_interface__rosidl_generator_py.so
-- Set runtime path of "/home/wheeltec/wheeltec_robot/install/yesense_interface/lib/libyesense_interface__rosidl_generator_py.so" to ""
-- Installing: /home/wheeltec/wheeltec_robot/install/yesense_interface/share/yesense_interface/cmake/export_yesense_interface__rosidl_generator_cExport.cmake
-- Installing: /home/wheeltec/wheeltec_robot/install/yesense_interface/share/yesense_interface/cmake/export_yesense_interface__rosidl_generator_cExport-noconfig.cmake
-- Installing: /home/wheeltec/wheeltec_robot/install/yesense_interface/share/yesense_interface/cmake/export_yesense_interface__rosidl_typesupport_fastrtps_cExport.cmake
-- Installing: /home/wheeltec/wheeltec_robot/install/yesense_interface/share/yesense_interface/cmake/export_yesense_interface__rosidl_typesupport_fastrtps_cExport-noconfig.cmake
-- Installing: /home/wheeltec/wheeltec_robot/install/yesense_interface/share/yesense_interface/cmake/yesense_interface__rosidl_typesupport_introspection_cExport.cmake
-- Installing: /home/wheeltec/wheeltec_robot/install/yesense_interface/share/yesense_interface/cmake/yesense_interface__rosidl_typesupport_introspection_cExport-noconfig.cmake
-- Installing: /home/wheeltec/wheeltec_robot/install/yesense_interface/share/yesense_interface/cmake/yesense_interface__rosidl_typesupport_cExport.cmake
-- Installing: /home/wheeltec/wheeltec_robot/install/yesense_interface/share/yesense_interface/cmake/yesense_interface__rosidl_typesupport_cExport-noconfig.cmake
-- Installing: /home/wheeltec/wheeltec_robot/install/yesense_interface/share/yesense_interface/cmake/export_yesense_interface__rosidl_generator_cppExport.cmake
-- Installing: /home/wheeltec/wheeltec_robot/install/yesense_interface/share/yesense_interface/cmake/export_yesense_interface__rosidl_typesupport_fastrtps_cppExport.cmake
-- Installing: /home/wheeltec/wheeltec_robot/install/yesense_interface/share/yesense_interface/cmake/export_yesense_interface__rosidl_typesupport_fastrtps_cppExport-noconfig.cmake
-- Installing: /home/wheeltec/wheeltec_robot/install/yesense_interface/share/yesense_interface/cmake/yesense_interface__rosidl_typesupport_introspection_cppExport.cmake
-- Installing: /home/wheeltec/wheeltec_robot/install/yesense_interface/share/yesense_interface/cmake/yesense_interface__rosidl_typesupport_introspection_cppExport-noconfig.cmake
-- Installing: /home/wheeltec/wheeltec_robot/install/yesense_interface/share/yesense_interface/cmake/yesense_interface__rosidl_typesupport_cppExport.cmake
-- Installing: /home/wheeltec/wheeltec_robot/install/yesense_interface/share/yesense_interface/cmake/yesense_interface__rosidl_typesupport_cppExport-noconfig.cmake
-- Installing: /home/wheeltec/wheeltec_robot/install/yesense_interface/share/yesense_interface/cmake/export_yesense_interface__rosidl_generator_pyExport.cmake
-- Installing: /home/wheeltec/wheeltec_robot/install/yesense_interface/share/yesense_interface/cmake/export_yesense_interface__rosidl_generator_pyExport-noconfig.cmake
