[0.099s] Invoking command in '/home/wheeltec/wheeltec_robot/build/aruco_msgs': CMAKE_PREFIX_PATH=/opt/ros/humble /usr/bin/cmake /home/wheeltec/wheeltec_robot/src/aruco_ros-humble-devel/aruco_msgs -DCMAKE_INSTALL_PREFIX=/home/wheeltec/wheeltec_robot/install/aruco_msgs
[0.567s] -- Found ament_cmake: 1.3.12 (/opt/ros/humble/share/ament_cmake/cmake)
[0.568s] -- Override CMake install command with custom implementation using symlinks instead of copying resources
[0.568s] -- Found std_msgs: 4.9.0 (/opt/ros/humble/share/std_msgs/cmake)
[0.568s] -- Found rosidl_generator_c: 3.1.7 (/opt/ros/humble/share/rosidl_generator_c/cmake)
[0.568s] -- Found rosidl_adapter: 3.1.7 (/opt/ros/humble/share/rosidl_adapter/cmake)
[0.568s] -- Found rosidl_generator_cpp: 3.1.7 (/opt/ros/humble/share/rosidl_generator_cpp/cmake)
[0.568s] -- Using all available rosidl_typesupport_c: rosidl_typesupport_fastrtps_c;rosidl_typesupport_introspection_c
[0.568s] -- Using all available rosidl_typesupport_cpp: rosidl_typesupport_fastrtps_cpp;rosidl_typesupport_introspection_cpp
[0.568s] -- Found geometry_msgs: 4.9.0 (/opt/ros/humble/share/geometry_msgs/cmake)
[0.568s] -- Found rosidl_default_generators: 1.2.0 (/opt/ros/humble/share/rosidl_default_generators/cmake)
[1.162s] -- Found ament_cmake_ros: 0.10.0 (/opt/ros/humble/share/ament_cmake_ros/cmake)
[2.218s] -- Using all available rosidl_typesupport_c: rosidl_typesupport_fastrtps_c;rosidl_typesupport_introspection_c
[2.784s] -- Using all available rosidl_typesupport_cpp: rosidl_typesupport_fastrtps_cpp;rosidl_typesupport_introspection_cpp
[2.858s] -- Found python_cmake_module: 0.10.0 (/opt/ros/humble/share/python_cmake_module/cmake)
[2.928s] -- Using PYTHON_EXECUTABLE: /usr/bin/python3
[2.929s] -- Using PYTHON_INCLUDE_DIRS: /usr/include/python3.10
[2.933s] -- Using PYTHON_LIBRARIES: /usr/lib/aarch64-linux-gnu/libpython3.10.so
[2.998s] -- Found ament_lint_auto: 0.12.14 (/opt/ros/humble/share/ament_lint_auto/cmake)
[3.027s] -- Added test 'copyright' to check source files copyright and LICENSE
[3.030s] -- Added test 'lint_cmake' to check CMake code style
[3.032s] -- Added test 'xmllint' to check XML markup files
[3.036s] -- Configuring done
[3.133s] -- Generating done
[3.158s] -- Build files have been written to: /home/wheeltec/wheeltec_robot/build/aruco_msgs
[3.230s] Invoked command in '/home/wheeltec/wheeltec_robot/build/aruco_msgs' returned '0': CMAKE_PREFIX_PATH=/opt/ros/humble /usr/bin/cmake /home/wheeltec/wheeltec_robot/src/aruco_ros-humble-devel/aruco_msgs -DCMAKE_INSTALL_PREFIX=/home/wheeltec/wheeltec_robot/install/aruco_msgs
[3.235s] Invoking command in '/home/wheeltec/wheeltec_robot/build/aruco_msgs': CMAKE_PREFIX_PATH=/opt/ros/humble /usr/bin/cmake --build /home/wheeltec/wheeltec_robot/build/aruco_msgs -- -j8 -l8
[3.369s] [  2%] Built target aruco_msgs__cpp
[3.388s] [35m[1mConsolidate compiler generated dependencies of target aruco_msgs__rosidl_typesupport_cpp[0m
[3.389s] [35m[1mConsolidate compiler generated dependencies of target aruco_msgs__rosidl_generator_c[0m
[3.417s] [35m[1mConsolidate compiler generated dependencies of target aruco_msgs__rosidl_typesupport_fastrtps_cpp[0m
[3.426s] [  2%] Built target ament_cmake_python_symlink_aruco_msgs
[3.453s] [ 12%] Built target aruco_msgs__rosidl_generator_c
[3.461s] [ 23%] Built target aruco_msgs__rosidl_typesupport_cpp
[3.468s] [35m[1mConsolidate compiler generated dependencies of target aruco_msgs__rosidl_typesupport_introspection_cpp[0m
[3.502s] [ 33%] Built target aruco_msgs__rosidl_typesupport_fastrtps_cpp
[3.521s] [35m[1mConsolidate compiler generated dependencies of target aruco_msgs__rosidl_typesupport_fastrtps_c[0m
[3.561s] [ 43%] Built target aruco_msgs__rosidl_typesupport_introspection_cpp
[3.576s] [35m[1mConsolidate compiler generated dependencies of target aruco_msgs__rosidl_typesupport_introspection_c[0m
[3.608s] [35m[1mConsolidate compiler generated dependencies of target aruco_msgs__rosidl_typesupport_c[0m
[3.618s] [ 53%] Built target aruco_msgs__rosidl_typesupport_fastrtps_c
[3.685s] [ 64%] Built target aruco_msgs__rosidl_typesupport_c
[3.693s] [ 74%] Built target aruco_msgs__rosidl_typesupport_introspection_c
[3.867s] [ 74%] Built target aruco_msgs
[3.979s] [ 76%] Built target aruco_msgs__py
[4.009s] [35m[1mConsolidate compiler generated dependencies of target aruco_msgs__rosidl_generator_py[0m
[4.070s] [ 84%] Built target aruco_msgs__rosidl_generator_py
[4.126s] [35m[1mConsolidate compiler generated dependencies of target aruco_msgs__rosidl_typesupport_fastrtps_c__pyext[0m
[4.143s] [35m[1mConsolidate compiler generated dependencies of target aruco_msgs__rosidl_typesupport_introspection_c__pyext[0m
[4.163s] [35m[1mConsolidate compiler generated dependencies of target aruco_msgs__rosidl_typesupport_c__pyext[0m
[4.207s] [ 89%] Built target aruco_msgs__rosidl_typesupport_fastrtps_c__pyext
[4.223s] [ 94%] Built target aruco_msgs__rosidl_typesupport_introspection_c__pyext
[4.228s] running egg_info
[4.252s] [100%] Built target aruco_msgs__rosidl_typesupport_c__pyext
[4.275s] writing aruco_msgs.egg-info/PKG-INFO
[4.276s] writing dependency_links to aruco_msgs.egg-info/dependency_links.txt
[4.277s] writing top-level names to aruco_msgs.egg-info/top_level.txt
[4.453s] reading manifest file 'aruco_msgs.egg-info/SOURCES.txt'
[4.455s] writing manifest file 'aruco_msgs.egg-info/SOURCES.txt'
[4.587s] [100%] Built target ament_cmake_python_build_aruco_msgs_egg
[4.657s] Invoked command in '/home/wheeltec/wheeltec_robot/build/aruco_msgs' returned '0': CMAKE_PREFIX_PATH=/opt/ros/humble /usr/bin/cmake --build /home/wheeltec/wheeltec_robot/build/aruco_msgs -- -j8 -l8
[4.657s] Invoking command in '/home/wheeltec/wheeltec_robot/build/aruco_msgs': CMAKE_PREFIX_PATH=/opt/ros/humble /usr/bin/cmake --install /home/wheeltec/wheeltec_robot/build/aruco_msgs
[5.390s] -- Install configuration: ""
[5.390s] -- Execute custom install script
[5.390s] -- Up-to-date symlink: /home/wheeltec/wheeltec_robot/install/aruco_msgs/share/ament_index/resource_index/rosidl_interfaces/aruco_msgs
[5.390s] -- Up-to-date symlink: /home/wheeltec/wheeltec_robot/install/aruco_msgs/include/aruco_msgs/aruco_msgs/msg/detail/marker__functions.h
[5.390s] -- Up-to-date symlink: /home/wheeltec/wheeltec_robot/install/aruco_msgs/include/aruco_msgs/aruco_msgs/msg/detail/marker__struct.h
[5.390s] -- Up-to-date symlink: /home/wheeltec/wheeltec_robot/install/aruco_msgs/include/aruco_msgs/aruco_msgs/msg/detail/marker__type_support.h
[5.390s] -- Up-to-date symlink: /home/wheeltec/wheeltec_robot/install/aruco_msgs/include/aruco_msgs/aruco_msgs/msg/detail/marker_array__functions.h
[5.390s] -- Up-to-date symlink: /home/wheeltec/wheeltec_robot/install/aruco_msgs/include/aruco_msgs/aruco_msgs/msg/detail/marker_array__struct.h
[5.391s] -- Up-to-date symlink: /home/wheeltec/wheeltec_robot/install/aruco_msgs/include/aruco_msgs/aruco_msgs/msg/detail/marker_array__type_support.h
[5.391s] -- Up-to-date symlink: /home/wheeltec/wheeltec_robot/install/aruco_msgs/include/aruco_msgs/aruco_msgs/msg/marker.h
[5.391s] -- Up-to-date symlink: /home/wheeltec/wheeltec_robot/install/aruco_msgs/include/aruco_msgs/aruco_msgs/msg/marker_array.h
[5.391s] -- Up-to-date symlink: /home/wheeltec/wheeltec_robot/install/aruco_msgs/include/aruco_msgs/aruco_msgs/msg/rosidl_generator_c__visibility_control.h
[5.391s] -- Up-to-date symlink: /home/wheeltec/wheeltec_robot/install/aruco_msgs/share/aruco_msgs/environment/library_path.sh
[5.391s] -- Up-to-date symlink: /home/wheeltec/wheeltec_robot/install/aruco_msgs/share/aruco_msgs/environment/library_path.dsv
[5.391s] -- Up-to-date symlink: /home/wheeltec/wheeltec_robot/install/aruco_msgs/include/aruco_msgs/aruco_msgs/msg/detail/marker__rosidl_typesupport_fastrtps_c.h
[5.391s] -- Up-to-date symlink: /home/wheeltec/wheeltec_robot/install/aruco_msgs/include/aruco_msgs/aruco_msgs/msg/detail/marker_array__rosidl_typesupport_fastrtps_c.h
[5.391s] -- Up-to-date symlink: /home/wheeltec/wheeltec_robot/install/aruco_msgs/include/aruco_msgs/aruco_msgs/msg/rosidl_typesupport_fastrtps_c__visibility_control.h
[5.391s] -- Up-to-date symlink: /home/wheeltec/wheeltec_robot/install/aruco_msgs/include/aruco_msgs/aruco_msgs/msg/detail/marker__builder.hpp
[5.392s] -- Up-to-date symlink: /home/wheeltec/wheeltec_robot/install/aruco_msgs/include/aruco_msgs/aruco_msgs/msg/detail/marker__struct.hpp
[5.392s] -- Up-to-date symlink: /home/wheeltec/wheeltec_robot/install/aruco_msgs/include/aruco_msgs/aruco_msgs/msg/detail/marker__traits.hpp
[5.392s] -- Up-to-date symlink: /home/wheeltec/wheeltec_robot/install/aruco_msgs/include/aruco_msgs/aruco_msgs/msg/detail/marker__type_support.hpp
[5.392s] -- Up-to-date symlink: /home/wheeltec/wheeltec_robot/install/aruco_msgs/include/aruco_msgs/aruco_msgs/msg/detail/marker_array__builder.hpp
[5.392s] -- Up-to-date symlink: /home/wheeltec/wheeltec_robot/install/aruco_msgs/include/aruco_msgs/aruco_msgs/msg/detail/marker_array__struct.hpp
[5.392s] -- Up-to-date symlink: /home/wheeltec/wheeltec_robot/install/aruco_msgs/include/aruco_msgs/aruco_msgs/msg/detail/marker_array__traits.hpp
[5.392s] -- Up-to-date symlink: /home/wheeltec/wheeltec_robot/install/aruco_msgs/include/aruco_msgs/aruco_msgs/msg/detail/marker_array__type_support.hpp
[5.392s] -- Up-to-date symlink: /home/wheeltec/wheeltec_robot/install/aruco_msgs/include/aruco_msgs/aruco_msgs/msg/marker.hpp
[5.392s] -- Up-to-date symlink: /home/wheeltec/wheeltec_robot/install/aruco_msgs/include/aruco_msgs/aruco_msgs/msg/marker_array.hpp
[5.392s] -- Up-to-date symlink: /home/wheeltec/wheeltec_robot/install/aruco_msgs/include/aruco_msgs/aruco_msgs/msg/rosidl_generator_cpp__visibility_control.hpp
[5.393s] -- Up-to-date symlink: /home/wheeltec/wheeltec_robot/install/aruco_msgs/include/aruco_msgs/aruco_msgs/msg/detail/marker__rosidl_typesupport_fastrtps_cpp.hpp
[5.393s] -- Up-to-date symlink: /home/wheeltec/wheeltec_robot/install/aruco_msgs/include/aruco_msgs/aruco_msgs/msg/detail/marker_array__rosidl_typesupport_fastrtps_cpp.hpp
[5.393s] -- Up-to-date symlink: /home/wheeltec/wheeltec_robot/install/aruco_msgs/include/aruco_msgs/aruco_msgs/msg/rosidl_typesupport_fastrtps_cpp__visibility_control.h
[5.393s] -- Up-to-date symlink: /home/wheeltec/wheeltec_robot/install/aruco_msgs/include/aruco_msgs/aruco_msgs/msg/detail/marker__rosidl_typesupport_introspection_c.h
[5.394s] -- Up-to-date symlink: /home/wheeltec/wheeltec_robot/install/aruco_msgs/include/aruco_msgs/aruco_msgs/msg/detail/marker_array__rosidl_typesupport_introspection_c.h
[5.394s] -- Up-to-date symlink: /home/wheeltec/wheeltec_robot/install/aruco_msgs/include/aruco_msgs/aruco_msgs/msg/rosidl_typesupport_introspection_c__visibility_control.h
[5.394s] -- Up-to-date symlink: /home/wheeltec/wheeltec_robot/install/aruco_msgs/include/aruco_msgs/aruco_msgs/msg/detail/marker__rosidl_typesupport_introspection_cpp.hpp
[5.394s] -- Up-to-date symlink: /home/wheeltec/wheeltec_robot/install/aruco_msgs/include/aruco_msgs/aruco_msgs/msg/detail/marker_array__rosidl_typesupport_introspection_cpp.hpp
[5.394s] -- Up-to-date symlink: /home/wheeltec/wheeltec_robot/install/aruco_msgs/share/aruco_msgs/environment/pythonpath.sh
[5.394s] -- Up-to-date symlink: /home/wheeltec/wheeltec_robot/install/aruco_msgs/share/aruco_msgs/environment/pythonpath.dsv
[5.394s] -- Up-to-date symlink: /home/wheeltec/wheeltec_robot/install/aruco_msgs/local/lib/python3.10/dist-packages/aruco_msgs-5.0.5-py3.10.egg-info/PKG-INFO
[5.394s] -- Up-to-date symlink: /home/wheeltec/wheeltec_robot/install/aruco_msgs/local/lib/python3.10/dist-packages/aruco_msgs-5.0.5-py3.10.egg-info/SOURCES.txt
[5.395s] -- Up-to-date symlink: /home/wheeltec/wheeltec_robot/install/aruco_msgs/local/lib/python3.10/dist-packages/aruco_msgs-5.0.5-py3.10.egg-info/dependency_links.txt
[5.395s] -- Up-to-date symlink: /home/wheeltec/wheeltec_robot/install/aruco_msgs/local/lib/python3.10/dist-packages/aruco_msgs-5.0.5-py3.10.egg-info/top_level.txt
[5.395s] -- Up-to-date symlink: /home/wheeltec/wheeltec_robot/install/aruco_msgs/local/lib/python3.10/dist-packages/aruco_msgs/__init__.py
[5.395s] -- Up-to-date symlink: /home/wheeltec/wheeltec_robot/install/aruco_msgs/local/lib/python3.10/dist-packages/aruco_msgs/_aruco_msgs_s.ep.rosidl_typesupport_c.c
[5.395s] -- Up-to-date symlink: /home/wheeltec/wheeltec_robot/install/aruco_msgs/local/lib/python3.10/dist-packages/aruco_msgs/_aruco_msgs_s.ep.rosidl_typesupport_fastrtps_c.c
[5.395s] -- Up-to-date symlink: /home/wheeltec/wheeltec_robot/install/aruco_msgs/local/lib/python3.10/dist-packages/aruco_msgs/_aruco_msgs_s.ep.rosidl_typesupport_introspection_c.c
[5.395s] -- Up-to-date symlink: /home/wheeltec/wheeltec_robot/install/aruco_msgs/local/lib/python3.10/dist-packages/aruco_msgs/aruco_msgs_s__rosidl_typesupport_c.cpython-310-aarch64-linux-gnu.so
[5.395s] -- Up-to-date symlink: /home/wheeltec/wheeltec_robot/install/aruco_msgs/local/lib/python3.10/dist-packages/aruco_msgs/aruco_msgs_s__rosidl_typesupport_fastrtps_c.cpython-310-aarch64-linux-gnu.so
[5.395s] -- Up-to-date symlink: /home/wheeltec/wheeltec_robot/install/aruco_msgs/local/lib/python3.10/dist-packages/aruco_msgs/aruco_msgs_s__rosidl_typesupport_introspection_c.cpython-310-aarch64-linux-gnu.so
[5.395s] -- Up-to-date symlink: /home/wheeltec/wheeltec_robot/install/aruco_msgs/local/lib/python3.10/dist-packages/aruco_msgs/libaruco_msgs__rosidl_generator_py.so
[5.395s] -- Up-to-date symlink: /home/wheeltec/wheeltec_robot/install/aruco_msgs/local/lib/python3.10/dist-packages/aruco_msgs/msg/__init__.py
[5.396s] -- Up-to-date symlink: /home/wheeltec/wheeltec_robot/install/aruco_msgs/local/lib/python3.10/dist-packages/aruco_msgs/msg/_marker.py
[5.396s] -- Up-to-date symlink: /home/wheeltec/wheeltec_robot/install/aruco_msgs/local/lib/python3.10/dist-packages/aruco_msgs/msg/_marker_array.py
[5.396s] -- Up-to-date symlink: /home/wheeltec/wheeltec_robot/install/aruco_msgs/local/lib/python3.10/dist-packages/aruco_msgs/msg/_marker_array_s.c
[5.396s] -- Up-to-date symlink: /home/wheeltec/wheeltec_robot/install/aruco_msgs/local/lib/python3.10/dist-packages/aruco_msgs/msg/_marker_s.c
[5.396s] -- Up-to-date symlink: /home/wheeltec/wheeltec_robot/install/aruco_msgs/local/lib/python3.10/dist-packages/aruco_msgs/aruco_msgs_s__rosidl_typesupport_fastrtps_c.cpython-310-aarch64-linux-gnu.so
[5.399s] -- Up-to-date symlink: /home/wheeltec/wheeltec_robot/install/aruco_msgs/local/lib/python3.10/dist-packages/aruco_msgs/aruco_msgs_s__rosidl_typesupport_introspection_c.cpython-310-aarch64-linux-gnu.so
[5.399s] -- Up-to-date symlink: /home/wheeltec/wheeltec_robot/install/aruco_msgs/local/lib/python3.10/dist-packages/aruco_msgs/aruco_msgs_s__rosidl_typesupport_c.cpython-310-aarch64-linux-gnu.so
[5.400s] -- Up-to-date symlink: /home/wheeltec/wheeltec_robot/install/aruco_msgs/share/aruco_msgs/msg/Marker.idl
[5.400s] -- Up-to-date symlink: /home/wheeltec/wheeltec_robot/install/aruco_msgs/share/aruco_msgs/msg/MarkerArray.idl
[5.400s] -- Up-to-date symlink: /home/wheeltec/wheeltec_robot/install/aruco_msgs/share/aruco_msgs/msg/Marker.msg
[5.400s] -- Up-to-date symlink: /home/wheeltec/wheeltec_robot/install/aruco_msgs/share/aruco_msgs/msg/MarkerArray.msg
[5.400s] -- Up-to-date symlink: /home/wheeltec/wheeltec_robot/install/aruco_msgs/share/ament_index/resource_index/package_run_dependencies/aruco_msgs
[5.400s] -- Up-to-date symlink: /home/wheeltec/wheeltec_robot/install/aruco_msgs/share/ament_index/resource_index/parent_prefix_path/aruco_msgs
[5.400s] -- Up-to-date symlink: /home/wheeltec/wheeltec_robot/install/aruco_msgs/share/aruco_msgs/environment/ament_prefix_path.sh
[5.400s] -- Up-to-date symlink: /home/wheeltec/wheeltec_robot/install/aruco_msgs/share/aruco_msgs/environment/ament_prefix_path.dsv
[5.400s] -- Up-to-date symlink: /home/wheeltec/wheeltec_robot/install/aruco_msgs/share/aruco_msgs/environment/path.sh
[5.400s] -- Up-to-date symlink: /home/wheeltec/wheeltec_robot/install/aruco_msgs/share/aruco_msgs/environment/path.dsv
[5.400s] -- Up-to-date symlink: /home/wheeltec/wheeltec_robot/install/aruco_msgs/share/aruco_msgs/local_setup.bash
[5.401s] -- Up-to-date symlink: /home/wheeltec/wheeltec_robot/install/aruco_msgs/share/aruco_msgs/local_setup.sh
[5.401s] -- Up-to-date symlink: /home/wheeltec/wheeltec_robot/install/aruco_msgs/share/aruco_msgs/local_setup.zsh
[5.402s] -- Up-to-date symlink: /home/wheeltec/wheeltec_robot/install/aruco_msgs/share/aruco_msgs/local_setup.dsv
[5.402s] -- Symlinking: /home/wheeltec/wheeltec_robot/install/aruco_msgs/share/aruco_msgs/package.dsv
[5.402s] -- Up-to-date symlink: /home/wheeltec/wheeltec_robot/install/aruco_msgs/share/ament_index/resource_index/packages/aruco_msgs
[5.402s] -- Up-to-date symlink: /home/wheeltec/wheeltec_robot/install/aruco_msgs/share/aruco_msgs/cmake/rosidl_cmake-extras.cmake
[5.402s] -- Up-to-date symlink: /home/wheeltec/wheeltec_robot/install/aruco_msgs/share/aruco_msgs/cmake/ament_cmake_export_dependencies-extras.cmake
[5.402s] -- Up-to-date symlink: /home/wheeltec/wheeltec_robot/install/aruco_msgs/share/aruco_msgs/cmake/ament_cmake_export_include_directories-extras.cmake
[5.402s] -- Up-to-date symlink: /home/wheeltec/wheeltec_robot/install/aruco_msgs/share/aruco_msgs/cmake/ament_cmake_export_libraries-extras.cmake
[5.402s] -- Up-to-date symlink: /home/wheeltec/wheeltec_robot/install/aruco_msgs/share/aruco_msgs/cmake/ament_cmake_export_targets-extras.cmake
[5.402s] -- Up-to-date symlink: /home/wheeltec/wheeltec_robot/install/aruco_msgs/share/aruco_msgs/cmake/rosidl_cmake_export_typesupport_targets-extras.cmake
[5.402s] -- Up-to-date symlink: /home/wheeltec/wheeltec_robot/install/aruco_msgs/share/aruco_msgs/cmake/rosidl_cmake_export_typesupport_libraries-extras.cmake
[5.403s] -- Up-to-date symlink: /home/wheeltec/wheeltec_robot/install/aruco_msgs/share/aruco_msgs/cmake/aruco_msgsConfig.cmake
[5.403s] -- Up-to-date symlink: /home/wheeltec/wheeltec_robot/install/aruco_msgs/share/aruco_msgs/cmake/aruco_msgsConfig-version.cmake
[5.403s] -- Up-to-date symlink: /home/wheeltec/wheeltec_robot/install/aruco_msgs/share/aruco_msgs/package.xml
[5.403s] -- Up-to-date: /home/wheeltec/wheeltec_robot/install/aruco_msgs/lib/libaruco_msgs__rosidl_generator_c.so
[5.403s] -- Up-to-date: /home/wheeltec/wheeltec_robot/install/aruco_msgs/lib/libaruco_msgs__rosidl_typesupport_fastrtps_c.so
[5.403s] -- Up-to-date: /home/wheeltec/wheeltec_robot/install/aruco_msgs/lib/libaruco_msgs__rosidl_typesupport_fastrtps_cpp.so
[5.403s] -- Up-to-date: /home/wheeltec/wheeltec_robot/install/aruco_msgs/lib/libaruco_msgs__rosidl_typesupport_introspection_c.so
[5.403s] -- Up-to-date: /home/wheeltec/wheeltec_robot/install/aruco_msgs/lib/libaruco_msgs__rosidl_typesupport_c.so
[5.403s] -- Up-to-date: /home/wheeltec/wheeltec_robot/install/aruco_msgs/lib/libaruco_msgs__rosidl_typesupport_introspection_cpp.so
[5.403s] -- Up-to-date: /home/wheeltec/wheeltec_robot/install/aruco_msgs/lib/libaruco_msgs__rosidl_typesupport_cpp.so
[5.404s] Listing '/home/wheeltec/wheeltec_robot/install/aruco_msgs/local/lib/python3.10/dist-packages/aruco_msgs'...
[5.404s] Compiling '/home/wheeltec/wheeltec_robot/install/aruco_msgs/local/lib/python3.10/dist-packages/aruco_msgs/__init__.py'...
[5.404s] Listing '/home/wheeltec/wheeltec_robot/install/aruco_msgs/local/lib/python3.10/dist-packages/aruco_msgs/msg'...
[5.404s] -- Up-to-date: /home/wheeltec/wheeltec_robot/install/aruco_msgs/lib/libaruco_msgs__rosidl_generator_py.so
[5.404s] -- Up-to-date: /home/wheeltec/wheeltec_robot/install/aruco_msgs/share/aruco_msgs/cmake/export_aruco_msgs__rosidl_generator_cExport.cmake
[5.404s] -- Up-to-date: /home/wheeltec/wheeltec_robot/install/aruco_msgs/share/aruco_msgs/cmake/export_aruco_msgs__rosidl_generator_cExport-noconfig.cmake
[5.404s] -- Up-to-date: /home/wheeltec/wheeltec_robot/install/aruco_msgs/share/aruco_msgs/cmake/export_aruco_msgs__rosidl_typesupport_fastrtps_cExport.cmake
[5.404s] -- Up-to-date: /home/wheeltec/wheeltec_robot/install/aruco_msgs/share/aruco_msgs/cmake/export_aruco_msgs__rosidl_typesupport_fastrtps_cExport-noconfig.cmake
[5.404s] -- Up-to-date: /home/wheeltec/wheeltec_robot/install/aruco_msgs/share/aruco_msgs/cmake/export_aruco_msgs__rosidl_generator_cppExport.cmake
[5.404s] -- Up-to-date: /home/wheeltec/wheeltec_robot/install/aruco_msgs/share/aruco_msgs/cmake/export_aruco_msgs__rosidl_typesupport_fastrtps_cppExport.cmake
[5.404s] -- Up-to-date: /home/wheeltec/wheeltec_robot/install/aruco_msgs/share/aruco_msgs/cmake/export_aruco_msgs__rosidl_typesupport_fastrtps_cppExport-noconfig.cmake
[5.405s] -- Up-to-date: /home/wheeltec/wheeltec_robot/install/aruco_msgs/share/aruco_msgs/cmake/aruco_msgs__rosidl_typesupport_introspection_cExport.cmake
[5.405s] -- Up-to-date: /home/wheeltec/wheeltec_robot/install/aruco_msgs/share/aruco_msgs/cmake/aruco_msgs__rosidl_typesupport_introspection_cExport-noconfig.cmake
[5.405s] -- Up-to-date: /home/wheeltec/wheeltec_robot/install/aruco_msgs/share/aruco_msgs/cmake/aruco_msgs__rosidl_typesupport_cExport.cmake
[5.405s] -- Up-to-date: /home/wheeltec/wheeltec_robot/install/aruco_msgs/share/aruco_msgs/cmake/aruco_msgs__rosidl_typesupport_cExport-noconfig.cmake
[5.405s] -- Up-to-date: /home/wheeltec/wheeltec_robot/install/aruco_msgs/share/aruco_msgs/cmake/aruco_msgs__rosidl_typesupport_introspection_cppExport.cmake
[5.405s] -- Up-to-date: /home/wheeltec/wheeltec_robot/install/aruco_msgs/share/aruco_msgs/cmake/aruco_msgs__rosidl_typesupport_introspection_cppExport-noconfig.cmake
[5.405s] -- Up-to-date: /home/wheeltec/wheeltec_robot/install/aruco_msgs/share/aruco_msgs/cmake/aruco_msgs__rosidl_typesupport_cppExport.cmake
[5.405s] -- Up-to-date: /home/wheeltec/wheeltec_robot/install/aruco_msgs/share/aruco_msgs/cmake/aruco_msgs__rosidl_typesupport_cppExport-noconfig.cmake
[5.405s] -- Up-to-date: /home/wheeltec/wheeltec_robot/install/aruco_msgs/share/aruco_msgs/cmake/export_aruco_msgs__rosidl_generator_pyExport.cmake
[5.405s] -- Up-to-date: /home/wheeltec/wheeltec_robot/install/aruco_msgs/share/aruco_msgs/cmake/export_aruco_msgs__rosidl_generator_pyExport-noconfig.cmake
[5.437s] Invoked command in '/home/wheeltec/wheeltec_robot/build/aruco_msgs' returned '0': CMAKE_PREFIX_PATH=/opt/ros/humble /usr/bin/cmake --install /home/wheeltec/wheeltec_robot/build/aruco_msgs
