[2.103s] Invoking command in '/home/wheeltec/wheeltec_robot/build/tf2_tools': PYTHONPATH=/home/wheeltec/wheeltec_robot/build/tf2_tools/prefix_override:/usr/lib/python3/dist-packages/colcon_core/task/python/colcon_distutils_commands:/home/wheeltec/wheeltec_robot/install/tf2_tools/lib/python3.10/site-packages:${PYTHONPATH} /usr/bin/python3 -W ignore:setup.py install is deprecated -W ignore:easy_install command is deprecated setup.py develop --editable --build-directory /home/wheeltec/wheeltec_robot/build/tf2_tools/build --no-deps symlink_data
[2.898s] /usr/local/lib/python3.10/dist-packages/setuptools/_distutils/dist.py:289: UserWarning: Unknown distribution option: 'tests_require'
[2.898s]   warnings.warn(msg)
[2.899s] /usr/local/lib/python3.10/dist-packages/setuptools/dist.py:759: SetuptoolsDeprecationWarning: License classifiers are deprecated.
[2.911s] !!
[2.911s] 
[2.911s]         ********************************************************************************
[2.911s]         Please consider removing the following classifiers in favor of a SPDX license expression:
[2.912s] 
[2.912s]         License :: OSI Approved :: Apache Software License
[2.912s] 
[2.912s]         See https://packaging.python.org/en/latest/guides/writing-pyproject-toml/#license for details.
[2.912s]         ********************************************************************************
[2.912s] 
[2.912s] !!
[2.912s]   self._finalize_license_expression()
[2.914s] running develop
[3.365s] running egg_info
[3.400s] writing tf2_tools.egg-info/PKG-INFO
[3.402s] writing dependency_links to tf2_tools.egg-info/dependency_links.txt
[3.402s] writing entry points to tf2_tools.egg-info/entry_points.txt
[3.403s] writing requirements to tf2_tools.egg-info/requires.txt
[3.404s] writing top-level names to tf2_tools.egg-info/top_level.txt
[3.479s] reading manifest file 'tf2_tools.egg-info/SOURCES.txt'
[3.481s] writing manifest file 'tf2_tools.egg-info/SOURCES.txt'
[3.546s] running build_ext
[3.546s] Creating /home/wheeltec/wheeltec_robot/install/tf2_tools/lib/python3.10/site-packages/tf2-tools.egg-link (link to .)
[3.548s] Installing view_frames script to /home/wheeltec/wheeltec_robot/install/tf2_tools/lib/tf2_tools
[3.549s] 
[3.549s] Installed /home/wheeltec/wheeltec_robot/build/tf2_tools
[3.550s] running symlink_data
[3.670s] Invoked command in '/home/wheeltec/wheeltec_robot/build/tf2_tools' returned '0': PYTHONPATH=/home/wheeltec/wheeltec_robot/build/tf2_tools/prefix_override:/usr/lib/python3/dist-packages/colcon_core/task/python/colcon_distutils_commands:/home/wheeltec/wheeltec_robot/install/tf2_tools/lib/python3.10/site-packages:${PYTHONPATH} /usr/bin/python3 -W ignore:setup.py install is deprecated -W ignore:easy_install command is deprecated setup.py develop --editable --build-directory /home/wheeltec/wheeltec_robot/build/tf2_tools/build --no-deps symlink_data
