[0.064s] Invoking command in '/home/wheeltec/wheeltec_robot/build/aruco_msgs': CMAKE_PREFIX_PATH=/opt/ros/humble /usr/bin/cmake /home/wheeltec/wheeltec_robot/src/aruco_ros-humble-devel/aruco_msgs -DAMENT_CMAKE_SYMLINK_INSTALL=1 -DCMAKE_INSTALL_PREFIX=/home/wheeltec/wheeltec_robot/install/aruco_msgs
[0.965s] -- The C compiler identification is GNU 11.4.0
[0.966s] -- The CXX compiler identification is GNU 11.4.0
[0.966s] -- Detecting C compiler ABI info
[0.966s] -- Detecting C compiler ABI info - done
[0.967s] -- Check for working C compiler: /usr/bin/cc - skipped
[0.967s] -- Detecting C compile features
[0.968s] -- Detecting C compile features - done
[0.968s] -- Detecting CXX compiler ABI info
[0.968s] -- Detecting CXX compiler ABI info - done
[0.968s] -- Check for working CXX compiler: /usr/bin/c++ - skipped
[0.968s] -- Detecting CXX compile features
[0.968s] -- Detecting CXX compile features - done
[0.969s] -- Found ament_cmake: 1.3.12 (/opt/ros/humble/share/ament_cmake/cmake)
[1.696s] -- Found Python3: /usr/bin/python3 (found version "3.10.12") found components: Interpreter 
[1.835s] -- Override CMake install command with custom implementation using symlinks instead of copying resources
[1.872s] -- Found std_msgs: 4.9.0 (/opt/ros/humble/share/std_msgs/cmake)
[1.927s] -- Found rosidl_generator_c: 3.1.7 (/opt/ros/humble/share/rosidl_generator_c/cmake)
[1.934s] -- Found rosidl_adapter: 3.1.7 (/opt/ros/humble/share/rosidl_adapter/cmake)
[1.947s] -- Found rosidl_generator_cpp: 3.1.7 (/opt/ros/humble/share/rosidl_generator_cpp/cmake)
[1.968s] -- Using all available rosidl_typesupport_c: rosidl_typesupport_fastrtps_c;rosidl_typesupport_introspection_c
[2.013s] -- Using all available rosidl_typesupport_cpp: rosidl_typesupport_fastrtps_cpp;rosidl_typesupport_introspection_cpp
[2.062s] -- Found geometry_msgs: 4.9.0 (/opt/ros/humble/share/geometry_msgs/cmake)
[2.089s] -- Found rosidl_default_generators: 1.2.0 (/opt/ros/humble/share/rosidl_default_generators/cmake)
[2.750s] -- Found ament_cmake_ros: 0.10.0 (/opt/ros/humble/share/ament_cmake_ros/cmake)
[3.646s] -- Using all available rosidl_typesupport_c: rosidl_typesupport_fastrtps_c;rosidl_typesupport_introspection_c
[4.021s] -- Using all available rosidl_typesupport_cpp: rosidl_typesupport_fastrtps_cpp;rosidl_typesupport_introspection_cpp
[4.097s] -- Found PythonInterp: /usr/bin/python3 (found suitable version "3.10.12", minimum required is "3.6") 
[4.099s] -- Found python_cmake_module: 0.10.0 (/opt/ros/humble/share/python_cmake_module/cmake)
[4.157s] -- Found PythonLibs: /usr/lib/aarch64-linux-gnu/libpython3.10.so (found suitable version "3.10.12", minimum required is "3.5") 
[4.157s] -- Using PYTHON_EXECUTABLE: /usr/bin/python3
[4.158s] -- Using PYTHON_INCLUDE_DIRS: /usr/include/python3.10
[4.158s] -- Using PYTHON_LIBRARIES: /usr/lib/aarch64-linux-gnu/libpython3.10.so
[4.254s] -- Found PythonExtra: .so  
[4.395s] -- Found ament_lint_auto: 0.12.14 (/opt/ros/humble/share/ament_lint_auto/cmake)
[4.460s] -- Added test 'copyright' to check source files copyright and LICENSE
[4.462s] -- Added test 'lint_cmake' to check CMake code style
[4.464s] -- Added test 'xmllint' to check XML markup files
[4.476s] -- Configuring done
[4.615s] -- Generating done
[4.657s] -- Build files have been written to: /home/wheeltec/wheeltec_robot/build/aruco_msgs
[4.692s] Invoked command in '/home/wheeltec/wheeltec_robot/build/aruco_msgs' returned '0': CMAKE_PREFIX_PATH=/opt/ros/humble /usr/bin/cmake /home/wheeltec/wheeltec_robot/src/aruco_ros-humble-devel/aruco_msgs -DAMENT_CMAKE_SYMLINK_INSTALL=1 -DCMAKE_INSTALL_PREFIX=/home/wheeltec/wheeltec_robot/install/aruco_msgs
[4.693s] Invoking command in '/home/wheeltec/wheeltec_robot/build/aruco_msgs': CMAKE_PREFIX_PATH=/opt/ros/humble /usr/bin/cmake --build /home/wheeltec/wheeltec_robot/build/aruco_msgs -- -j8 -l8
[5.910s] [  2%] [34m[1mGenerating C++ code for ROS interfaces[0m
[5.910s] [  2%] Built target aruco_msgs__cpp
[5.910s] [  2%] Built target ament_cmake_python_symlink_aruco_msgs
[5.910s] [  5%] [34m[1mGenerating C++ introspection for ROS interfaces[0m
[6.512s] [  7%] [32mBuilding CXX object CMakeFiles/aruco_msgs__rosidl_typesupport_introspection_cpp.dir/rosidl_typesupport_introspection_cpp/aruco_msgs/msg/detail/marker__type_support.cpp.o[0m
[7.401s] [ 10%] [32mBuilding CXX object CMakeFiles/aruco_msgs__rosidl_typesupport_introspection_cpp.dir/rosidl_typesupport_introspection_cpp/aruco_msgs/msg/detail/marker_array__type_support.cpp.o[0m
[8.384s] [ 12%] [32m[1mLinking CXX shared library libaruco_msgs__rosidl_typesupport_introspection_cpp.so[0m
[8.603s] [ 12%] Built target aruco_msgs__rosidl_typesupport_introspection_cpp
[9.148s] running egg_info
[9.183s] creating aruco_msgs.egg-info
[9.183s] writing aruco_msgs.egg-info/PKG-INFO
[9.185s] writing dependency_links to aruco_msgs.egg-info/dependency_links.txt
[9.186s] writing top-level names to aruco_msgs.egg-info/top_level.txt
[9.186s] writing manifest file 'aruco_msgs.egg-info/SOURCES.txt'
[9.289s] reading manifest file 'aruco_msgs.egg-info/SOURCES.txt'
[9.291s] writing manifest file 'aruco_msgs.egg-info/SOURCES.txt'
[9.374s] [ 12%] Built target ament_cmake_python_build_aruco_msgs_egg
[9.397s] [ 15%] [34m[1mGenerating C++ type support for eProsima Fast-RTPS[0m
[10.193s] [ 17%] [32mBuilding CXX object CMakeFiles/aruco_msgs__rosidl_typesupport_fastrtps_cpp.dir/rosidl_typesupport_fastrtps_cpp/aruco_msgs/msg/detail/dds_fastrtps/marker__type_support.cpp.o[0m
[10.994s] [ 20%] [32mBuilding CXX object CMakeFiles/aruco_msgs__rosidl_typesupport_fastrtps_cpp.dir/rosidl_typesupport_fastrtps_cpp/aruco_msgs/msg/detail/dds_fastrtps/marker_array__type_support.cpp.o[0m
[11.801s] [ 23%] [32m[1mLinking CXX shared library libaruco_msgs__rosidl_typesupport_fastrtps_cpp.so[0m
[11.931s] [ 23%] Built target aruco_msgs__rosidl_typesupport_fastrtps_cpp
[11.948s] [ 25%] [34m[1mGenerating C++ type support dispatch for ROS interfaces[0m
[12.372s] [ 28%] [32mBuilding CXX object CMakeFiles/aruco_msgs__rosidl_typesupport_cpp.dir/rosidl_typesupport_cpp/aruco_msgs/msg/marker__type_support.cpp.o[0m
[12.847s] [ 30%] [32mBuilding CXX object CMakeFiles/aruco_msgs__rosidl_typesupport_cpp.dir/rosidl_typesupport_cpp/aruco_msgs/msg/marker_array__type_support.cpp.o[0m
[13.323s] [ 33%] [32m[1mLinking CXX shared library libaruco_msgs__rosidl_typesupport_cpp.so[0m
[13.387s] [ 33%] Built target aruco_msgs__rosidl_typesupport_cpp
[13.404s] [ 35%] [34m[1mGenerating C code for ROS interfaces[0m
[14.012s] [ 38%] [32mBuilding C object CMakeFiles/aruco_msgs__rosidl_generator_c.dir/rosidl_generator_c/aruco_msgs/msg/detail/marker__functions.c.o[0m
[14.114s] [ 41%] [32mBuilding C object CMakeFiles/aruco_msgs__rosidl_generator_c.dir/rosidl_generator_c/aruco_msgs/msg/detail/marker_array__functions.c.o[0m
[14.217s] [ 43%] [32m[1mLinking C shared library libaruco_msgs__rosidl_generator_c.so[0m
[14.289s] [ 43%] Built target aruco_msgs__rosidl_generator_c
[14.305s] [ 46%] [34m[1mGenerating C type support for eProsima Fast-RTPS[0m
[14.809s] [ 48%] [32mBuilding CXX object CMakeFiles/aruco_msgs__rosidl_typesupport_fastrtps_c.dir/rosidl_typesupport_fastrtps_c/aruco_msgs/msg/detail/marker__type_support_c.cpp.o[0m
[15.394s] [ 51%] [32mBuilding CXX object CMakeFiles/aruco_msgs__rosidl_typesupport_fastrtps_c.dir/rosidl_typesupport_fastrtps_c/aruco_msgs/msg/detail/marker_array__type_support_c.cpp.o[0m
[15.992s] [ 53%] [32m[1mLinking CXX shared library libaruco_msgs__rosidl_typesupport_fastrtps_c.so[0m
[16.130s] [ 53%] Built target aruco_msgs__rosidl_typesupport_fastrtps_c
[16.146s] [ 56%] [34m[1mGenerating C type support dispatch for ROS interfaces[0m
[16.613s] [ 58%] [32mBuilding CXX object CMakeFiles/aruco_msgs__rosidl_typesupport_c.dir/rosidl_typesupport_c/aruco_msgs/msg/marker__type_support.cpp.o[0m
[16.667s] [ 61%] [32mBuilding CXX object CMakeFiles/aruco_msgs__rosidl_typesupport_c.dir/rosidl_typesupport_c/aruco_msgs/msg/marker_array__type_support.cpp.o[0m
[16.722s] [ 64%] [32m[1mLinking CXX shared library libaruco_msgs__rosidl_typesupport_c.so[0m
[16.808s] [ 64%] Built target aruco_msgs__rosidl_typesupport_c
[16.833s] [ 66%] [34m[1mGenerating C introspection for ROS interfaces[0m
[17.331s] [ 69%] [32mBuilding C object CMakeFiles/aruco_msgs__rosidl_typesupport_introspection_c.dir/rosidl_typesupport_introspection_c/aruco_msgs/msg/detail/marker__type_support.c.o[0m
[17.397s] [ 71%] [32mBuilding C object CMakeFiles/aruco_msgs__rosidl_typesupport_introspection_c.dir/rosidl_typesupport_introspection_c/aruco_msgs/msg/detail/marker_array__type_support.c.o[0m
[17.463s] [ 74%] [32m[1mLinking C shared library libaruco_msgs__rosidl_typesupport_introspection_c.so[0m
[17.542s] [ 74%] Built target aruco_msgs__rosidl_typesupport_introspection_c
[17.582s] [ 74%] Built target aruco_msgs
[17.621s] [ 76%] [34m[1mGenerating Python code for ROS interfaces[0m
[18.345s] [ 76%] Built target aruco_msgs__py
[18.375s] [ 79%] [32mBuilding C object CMakeFiles/aruco_msgs__rosidl_generator_py.dir/rosidl_generator_py/aruco_msgs/msg/_marker_s.c.o[0m
[18.586s] [ 82%] [32mBuilding C object CMakeFiles/aruco_msgs__rosidl_generator_py.dir/rosidl_generator_py/aruco_msgs/msg/_marker_array_s.c.o[0m
[18.766s] [ 84%] [32m[1mLinking C shared library rosidl_generator_py/aruco_msgs/libaruco_msgs__rosidl_generator_py.so[0m
[18.867s] [ 84%] Built target aruco_msgs__rosidl_generator_py
[18.906s] [ 87%] [32mBuilding C object CMakeFiles/aruco_msgs__rosidl_typesupport_fastrtps_c__pyext.dir/rosidl_generator_py/aruco_msgs/_aruco_msgs_s.ep.rosidl_typesupport_fastrtps_c.c.o[0m
[19.088s] [ 89%] [32m[1mLinking C shared library rosidl_generator_py/aruco_msgs/aruco_msgs_s__rosidl_typesupport_fastrtps_c.cpython-310-aarch64-linux-gnu.so[0m
[19.154s] [ 89%] Built target aruco_msgs__rosidl_typesupport_fastrtps_c__pyext
[19.192s] [ 92%] [32mBuilding C object CMakeFiles/aruco_msgs__rosidl_typesupport_c__pyext.dir/rosidl_generator_py/aruco_msgs/_aruco_msgs_s.ep.rosidl_typesupport_c.c.o[0m
[19.367s] [ 94%] [32m[1mLinking C shared library rosidl_generator_py/aruco_msgs/aruco_msgs_s__rosidl_typesupport_c.cpython-310-aarch64-linux-gnu.so[0m
[19.453s] [ 94%] Built target aruco_msgs__rosidl_typesupport_c__pyext
[19.489s] [ 97%] [32mBuilding C object CMakeFiles/aruco_msgs__rosidl_typesupport_introspection_c__pyext.dir/rosidl_generator_py/aruco_msgs/_aruco_msgs_s.ep.rosidl_typesupport_introspection_c.c.o[0m
[19.673s] [100%] [32m[1mLinking C shared library rosidl_generator_py/aruco_msgs/aruco_msgs_s__rosidl_typesupport_introspection_c.cpython-310-aarch64-linux-gnu.so[0m
[19.747s] [100%] Built target aruco_msgs__rosidl_typesupport_introspection_c__pyext
[19.770s] Invoked command in '/home/wheeltec/wheeltec_robot/build/aruco_msgs' returned '0': CMAKE_PREFIX_PATH=/opt/ros/humble /usr/bin/cmake --build /home/wheeltec/wheeltec_robot/build/aruco_msgs -- -j8 -l8
[19.787s] Invoking command in '/home/wheeltec/wheeltec_robot/build/aruco_msgs': CMAKE_PREFIX_PATH=/opt/ros/humble /usr/bin/cmake --install /home/wheeltec/wheeltec_robot/build/aruco_msgs
[20.386s] -- Install configuration: ""
[20.386s] -- Execute custom install script
[20.386s] -- Symlinking: /home/wheeltec/wheeltec_robot/install/aruco_msgs/share/ament_index/resource_index/rosidl_interfaces/aruco_msgs
[20.387s] -- Symlinking: /home/wheeltec/wheeltec_robot/install/aruco_msgs/include/aruco_msgs/aruco_msgs/msg/detail/marker__functions.h
[20.387s] -- Symlinking: /home/wheeltec/wheeltec_robot/install/aruco_msgs/include/aruco_msgs/aruco_msgs/msg/detail/marker__struct.h
[20.387s] -- Symlinking: /home/wheeltec/wheeltec_robot/install/aruco_msgs/include/aruco_msgs/aruco_msgs/msg/detail/marker__type_support.h
[20.387s] -- Symlinking: /home/wheeltec/wheeltec_robot/install/aruco_msgs/include/aruco_msgs/aruco_msgs/msg/detail/marker_array__functions.h
[20.387s] -- Symlinking: /home/wheeltec/wheeltec_robot/install/aruco_msgs/include/aruco_msgs/aruco_msgs/msg/detail/marker_array__struct.h
[20.387s] -- Symlinking: /home/wheeltec/wheeltec_robot/install/aruco_msgs/include/aruco_msgs/aruco_msgs/msg/detail/marker_array__type_support.h
[20.387s] -- Symlinking: /home/wheeltec/wheeltec_robot/install/aruco_msgs/include/aruco_msgs/aruco_msgs/msg/marker.h
[20.387s] -- Symlinking: /home/wheeltec/wheeltec_robot/install/aruco_msgs/include/aruco_msgs/aruco_msgs/msg/marker_array.h
[20.387s] -- Symlinking: /home/wheeltec/wheeltec_robot/install/aruco_msgs/include/aruco_msgs/aruco_msgs/msg/rosidl_generator_c__visibility_control.h
[20.387s] -- Symlinking: /home/wheeltec/wheeltec_robot/install/aruco_msgs/share/aruco_msgs/environment/library_path.sh
[20.387s] -- Symlinking: /home/wheeltec/wheeltec_robot/install/aruco_msgs/share/aruco_msgs/environment/library_path.dsv
[20.388s] -- Symlinking: /home/wheeltec/wheeltec_robot/install/aruco_msgs/include/aruco_msgs/aruco_msgs/msg/detail/marker__rosidl_typesupport_fastrtps_c.h
[20.388s] -- Symlinking: /home/wheeltec/wheeltec_robot/install/aruco_msgs/include/aruco_msgs/aruco_msgs/msg/detail/marker_array__rosidl_typesupport_fastrtps_c.h
[20.388s] -- Symlinking: /home/wheeltec/wheeltec_robot/install/aruco_msgs/include/aruco_msgs/aruco_msgs/msg/rosidl_typesupport_fastrtps_c__visibility_control.h
[20.388s] -- Symlinking: /home/wheeltec/wheeltec_robot/install/aruco_msgs/include/aruco_msgs/aruco_msgs/msg/detail/marker__builder.hpp
[20.388s] -- Symlinking: /home/wheeltec/wheeltec_robot/install/aruco_msgs/include/aruco_msgs/aruco_msgs/msg/detail/marker__struct.hpp
[20.388s] -- Symlinking: /home/wheeltec/wheeltec_robot/install/aruco_msgs/include/aruco_msgs/aruco_msgs/msg/detail/marker__traits.hpp
[20.388s] -- Symlinking: /home/wheeltec/wheeltec_robot/install/aruco_msgs/include/aruco_msgs/aruco_msgs/msg/detail/marker__type_support.hpp
[20.388s] -- Symlinking: /home/wheeltec/wheeltec_robot/install/aruco_msgs/include/aruco_msgs/aruco_msgs/msg/detail/marker_array__builder.hpp
[20.388s] -- Symlinking: /home/wheeltec/wheeltec_robot/install/aruco_msgs/include/aruco_msgs/aruco_msgs/msg/detail/marker_array__struct.hpp
[20.388s] -- Symlinking: /home/wheeltec/wheeltec_robot/install/aruco_msgs/include/aruco_msgs/aruco_msgs/msg/detail/marker_array__traits.hpp
[20.388s] -- Symlinking: /home/wheeltec/wheeltec_robot/install/aruco_msgs/include/aruco_msgs/aruco_msgs/msg/detail/marker_array__type_support.hpp
[20.388s] -- Symlinking: /home/wheeltec/wheeltec_robot/install/aruco_msgs/include/aruco_msgs/aruco_msgs/msg/marker.hpp
[20.389s] -- Symlinking: /home/wheeltec/wheeltec_robot/install/aruco_msgs/include/aruco_msgs/aruco_msgs/msg/marker_array.hpp
[20.389s] -- Symlinking: /home/wheeltec/wheeltec_robot/install/aruco_msgs/include/aruco_msgs/aruco_msgs/msg/rosidl_generator_cpp__visibility_control.hpp
[20.431s] -- Symlinking: /home/wheeltec/wheeltec_robot/install/aruco_msgs/include/aruco_msgs/aruco_msgs/msg/detail/marker__rosidl_typesupport_fastrtps_cpp.hpp
[20.455s] -- Symlinking: /home/wheeltec/wheeltec_robot/install/aruco_msgs/include/aruco_msgs/aruco_msgs/msg/detail/marker_array__rosidl_typesupport_fastrtps_cpp.hpp
[20.499s] -- Symlinking: /home/wheeltec/wheeltec_robot/install/aruco_msgs/include/aruco_msgs/aruco_msgs/msg/rosidl_typesupport_fastrtps_cpp__visibility_control.h
[20.513s] -- Symlinking: /home/wheeltec/wheeltec_robot/install/aruco_msgs/include/aruco_msgs/aruco_msgs/msg/detail/marker__rosidl_typesupport_introspection_c.h
[20.530s] -- Symlinking: /home/wheeltec/wheeltec_robot/install/aruco_msgs/include/aruco_msgs/aruco_msgs/msg/detail/marker_array__rosidl_typesupport_introspection_c.h
[20.560s] -- Symlinking: /home/wheeltec/wheeltec_robot/install/aruco_msgs/include/aruco_msgs/aruco_msgs/msg/rosidl_typesupport_introspection_c__visibility_control.h
[20.576s] -- Symlinking: /home/wheeltec/wheeltec_robot/install/aruco_msgs/include/aruco_msgs/aruco_msgs/msg/detail/marker__rosidl_typesupport_introspection_cpp.hpp
[20.592s] -- Symlinking: /home/wheeltec/wheeltec_robot/install/aruco_msgs/include/aruco_msgs/aruco_msgs/msg/detail/marker_array__rosidl_typesupport_introspection_cpp.hpp
[20.625s] -- Symlinking: /home/wheeltec/wheeltec_robot/install/aruco_msgs/share/aruco_msgs/environment/pythonpath.sh
[20.653s] -- Symlinking: /home/wheeltec/wheeltec_robot/install/aruco_msgs/share/aruco_msgs/environment/pythonpath.dsv
[20.689s] -- Symlinking: /home/wheeltec/wheeltec_robot/install/aruco_msgs/local/lib/python3.10/dist-packages/aruco_msgs-5.0.5-py3.10.egg-info/PKG-INFO
[20.734s] -- Symlinking: /home/wheeltec/wheeltec_robot/install/aruco_msgs/local/lib/python3.10/dist-packages/aruco_msgs-5.0.5-py3.10.egg-info/SOURCES.txt
[20.753s] -- Symlinking: /home/wheeltec/wheeltec_robot/install/aruco_msgs/local/lib/python3.10/dist-packages/aruco_msgs-5.0.5-py3.10.egg-info/dependency_links.txt
[20.799s] -- Symlinking: /home/wheeltec/wheeltec_robot/install/aruco_msgs/local/lib/python3.10/dist-packages/aruco_msgs-5.0.5-py3.10.egg-info/top_level.txt
[20.829s] -- Symlinking: /home/wheeltec/wheeltec_robot/install/aruco_msgs/local/lib/python3.10/dist-packages/aruco_msgs/__init__.py
[20.845s] -- Symlinking: /home/wheeltec/wheeltec_robot/install/aruco_msgs/local/lib/python3.10/dist-packages/aruco_msgs/_aruco_msgs_s.ep.rosidl_typesupport_c.c
[20.880s] -- Symlinking: /home/wheeltec/wheeltec_robot/install/aruco_msgs/local/lib/python3.10/dist-packages/aruco_msgs/_aruco_msgs_s.ep.rosidl_typesupport_fastrtps_c.c
[20.898s] -- Symlinking: /home/wheeltec/wheeltec_robot/install/aruco_msgs/local/lib/python3.10/dist-packages/aruco_msgs/_aruco_msgs_s.ep.rosidl_typesupport_introspection_c.c
[20.924s] -- Symlinking: /home/wheeltec/wheeltec_robot/install/aruco_msgs/local/lib/python3.10/dist-packages/aruco_msgs/aruco_msgs_s__rosidl_typesupport_c.cpython-310-aarch64-linux-gnu.so
[20.952s] -- Symlinking: /home/wheeltec/wheeltec_robot/install/aruco_msgs/local/lib/python3.10/dist-packages/aruco_msgs/aruco_msgs_s__rosidl_typesupport_fastrtps_c.cpython-310-aarch64-linux-gnu.so
[20.975s] -- Symlinking: /home/wheeltec/wheeltec_robot/install/aruco_msgs/local/lib/python3.10/dist-packages/aruco_msgs/aruco_msgs_s__rosidl_typesupport_introspection_c.cpython-310-aarch64-linux-gnu.so
[21.015s] -- Symlinking: /home/wheeltec/wheeltec_robot/install/aruco_msgs/local/lib/python3.10/dist-packages/aruco_msgs/libaruco_msgs__rosidl_generator_py.so
[21.069s] -- Symlinking: /home/wheeltec/wheeltec_robot/install/aruco_msgs/local/lib/python3.10/dist-packages/aruco_msgs/msg/__init__.py
[21.098s] -- Symlinking: /home/wheeltec/wheeltec_robot/install/aruco_msgs/local/lib/python3.10/dist-packages/aruco_msgs/msg/_marker.py
[21.113s] -- Symlinking: /home/wheeltec/wheeltec_robot/install/aruco_msgs/local/lib/python3.10/dist-packages/aruco_msgs/msg/_marker_array.py
[21.132s] -- Symlinking: /home/wheeltec/wheeltec_robot/install/aruco_msgs/local/lib/python3.10/dist-packages/aruco_msgs/msg/_marker_array_s.c
[21.148s] -- Symlinking: /home/wheeltec/wheeltec_robot/install/aruco_msgs/local/lib/python3.10/dist-packages/aruco_msgs/msg/_marker_s.c
[21.205s] -- Up-to-date symlink: /home/wheeltec/wheeltec_robot/install/aruco_msgs/local/lib/python3.10/dist-packages/aruco_msgs/aruco_msgs_s__rosidl_typesupport_fastrtps_c.cpython-310-aarch64-linux-gnu.so
[21.206s] -- Up-to-date symlink: /home/wheeltec/wheeltec_robot/install/aruco_msgs/local/lib/python3.10/dist-packages/aruco_msgs/aruco_msgs_s__rosidl_typesupport_introspection_c.cpython-310-aarch64-linux-gnu.so
[21.206s] -- Up-to-date symlink: /home/wheeltec/wheeltec_robot/install/aruco_msgs/local/lib/python3.10/dist-packages/aruco_msgs/aruco_msgs_s__rosidl_typesupport_c.cpython-310-aarch64-linux-gnu.so
[21.206s] -- Symlinking: /home/wheeltec/wheeltec_robot/install/aruco_msgs/share/aruco_msgs/msg/Marker.idl
[21.248s] -- Symlinking: /home/wheeltec/wheeltec_robot/install/aruco_msgs/share/aruco_msgs/msg/MarkerArray.idl
[21.288s] -- Symlinking: /home/wheeltec/wheeltec_robot/install/aruco_msgs/share/aruco_msgs/msg/Marker.msg
[21.332s] -- Symlinking: /home/wheeltec/wheeltec_robot/install/aruco_msgs/share/aruco_msgs/msg/MarkerArray.msg
[21.340s] -- Symlinking: /home/wheeltec/wheeltec_robot/install/aruco_msgs/share/ament_index/resource_index/package_run_dependencies/aruco_msgs
[21.354s] -- Symlinking: /home/wheeltec/wheeltec_robot/install/aruco_msgs/share/ament_index/resource_index/parent_prefix_path/aruco_msgs
[21.388s] -- Symlinking: /home/wheeltec/wheeltec_robot/install/aruco_msgs/share/aruco_msgs/environment/ament_prefix_path.sh
[21.418s] -- Symlinking: /home/wheeltec/wheeltec_robot/install/aruco_msgs/share/aruco_msgs/environment/ament_prefix_path.dsv
[21.450s] -- Symlinking: /home/wheeltec/wheeltec_robot/install/aruco_msgs/share/aruco_msgs/environment/path.sh
[21.470s] -- Symlinking: /home/wheeltec/wheeltec_robot/install/aruco_msgs/share/aruco_msgs/environment/path.dsv
[21.498s] -- Symlinking: /home/wheeltec/wheeltec_robot/install/aruco_msgs/share/aruco_msgs/local_setup.bash
[21.523s] -- Symlinking: /home/wheeltec/wheeltec_robot/install/aruco_msgs/share/aruco_msgs/local_setup.sh
[21.542s] -- Symlinking: /home/wheeltec/wheeltec_robot/install/aruco_msgs/share/aruco_msgs/local_setup.zsh
[21.572s] -- Symlinking: /home/wheeltec/wheeltec_robot/install/aruco_msgs/share/aruco_msgs/local_setup.dsv
[21.587s] -- Symlinking: /home/wheeltec/wheeltec_robot/install/aruco_msgs/share/aruco_msgs/package.dsv
[21.601s] -- Symlinking: /home/wheeltec/wheeltec_robot/install/aruco_msgs/share/ament_index/resource_index/packages/aruco_msgs
[21.618s] -- Symlinking: /home/wheeltec/wheeltec_robot/install/aruco_msgs/share/aruco_msgs/cmake/rosidl_cmake-extras.cmake
[21.635s] -- Symlinking: /home/wheeltec/wheeltec_robot/install/aruco_msgs/share/aruco_msgs/cmake/ament_cmake_export_dependencies-extras.cmake
[21.669s] -- Symlinking: /home/wheeltec/wheeltec_robot/install/aruco_msgs/share/aruco_msgs/cmake/ament_cmake_export_include_directories-extras.cmake
[21.706s] -- Symlinking: /home/wheeltec/wheeltec_robot/install/aruco_msgs/share/aruco_msgs/cmake/ament_cmake_export_libraries-extras.cmake
[21.768s] -- Symlinking: /home/wheeltec/wheeltec_robot/install/aruco_msgs/share/aruco_msgs/cmake/ament_cmake_export_targets-extras.cmake
[21.790s] -- Symlinking: /home/wheeltec/wheeltec_robot/install/aruco_msgs/share/aruco_msgs/cmake/rosidl_cmake_export_typesupport_targets-extras.cmake
[21.822s] -- Symlinking: /home/wheeltec/wheeltec_robot/install/aruco_msgs/share/aruco_msgs/cmake/rosidl_cmake_export_typesupport_libraries-extras.cmake
[21.854s] -- Symlinking: /home/wheeltec/wheeltec_robot/install/aruco_msgs/share/aruco_msgs/cmake/aruco_msgsConfig.cmake
[21.901s] -- Symlinking: /home/wheeltec/wheeltec_robot/install/aruco_msgs/share/aruco_msgs/cmake/aruco_msgsConfig-version.cmake
[21.922s] -- Symlinking: /home/wheeltec/wheeltec_robot/install/aruco_msgs/share/aruco_msgs/package.xml
[21.959s] -- Installing: /home/wheeltec/wheeltec_robot/install/aruco_msgs/lib/libaruco_msgs__rosidl_generator_c.so
[21.960s] -- Set runtime path of "/home/wheeltec/wheeltec_robot/install/aruco_msgs/lib/libaruco_msgs__rosidl_generator_c.so" to ""
[21.960s] -- Installing: /home/wheeltec/wheeltec_robot/install/aruco_msgs/lib/libaruco_msgs__rosidl_typesupport_fastrtps_c.so
[21.960s] -- Set runtime path of "/home/wheeltec/wheeltec_robot/install/aruco_msgs/lib/libaruco_msgs__rosidl_typesupport_fastrtps_c.so" to ""
[21.960s] -- Installing: /home/wheeltec/wheeltec_robot/install/aruco_msgs/lib/libaruco_msgs__rosidl_typesupport_fastrtps_cpp.so
[21.964s] -- Set runtime path of "/home/wheeltec/wheeltec_robot/install/aruco_msgs/lib/libaruco_msgs__rosidl_typesupport_fastrtps_cpp.so" to ""
[21.964s] -- Installing: /home/wheeltec/wheeltec_robot/install/aruco_msgs/lib/libaruco_msgs__rosidl_typesupport_introspection_c.so
[21.965s] -- Set runtime path of "/home/wheeltec/wheeltec_robot/install/aruco_msgs/lib/libaruco_msgs__rosidl_typesupport_introspection_c.so" to ""
[21.965s] -- Installing: /home/wheeltec/wheeltec_robot/install/aruco_msgs/lib/libaruco_msgs__rosidl_typesupport_c.so
[21.983s] -- Set runtime path of "/home/wheeltec/wheeltec_robot/install/aruco_msgs/lib/libaruco_msgs__rosidl_typesupport_c.so" to ""
[21.983s] -- Installing: /home/wheeltec/wheeltec_robot/install/aruco_msgs/lib/libaruco_msgs__rosidl_typesupport_introspection_cpp.so
[21.983s] -- Set runtime path of "/home/wheeltec/wheeltec_robot/install/aruco_msgs/lib/libaruco_msgs__rosidl_typesupport_introspection_cpp.so" to ""
[21.983s] -- Installing: /home/wheeltec/wheeltec_robot/install/aruco_msgs/lib/libaruco_msgs__rosidl_typesupport_cpp.so
[21.984s] -- Set runtime path of "/home/wheeltec/wheeltec_robot/install/aruco_msgs/lib/libaruco_msgs__rosidl_typesupport_cpp.so" to ""
[22.043s] Listing '/home/wheeltec/wheeltec_robot/install/aruco_msgs/local/lib/python3.10/dist-packages/aruco_msgs'...
[22.043s] Compiling '/home/wheeltec/wheeltec_robot/install/aruco_msgs/local/lib/python3.10/dist-packages/aruco_msgs/__init__.py'...
[22.043s] Listing '/home/wheeltec/wheeltec_robot/install/aruco_msgs/local/lib/python3.10/dist-packages/aruco_msgs/msg'...
[22.043s] Compiling '/home/wheeltec/wheeltec_robot/install/aruco_msgs/local/lib/python3.10/dist-packages/aruco_msgs/msg/__init__.py'...
[22.043s] Compiling '/home/wheeltec/wheeltec_robot/install/aruco_msgs/local/lib/python3.10/dist-packages/aruco_msgs/msg/_marker.py'...
[22.043s] Compiling '/home/wheeltec/wheeltec_robot/install/aruco_msgs/local/lib/python3.10/dist-packages/aruco_msgs/msg/_marker_array.py'...
[22.056s] -- Installing: /home/wheeltec/wheeltec_robot/install/aruco_msgs/lib/libaruco_msgs__rosidl_generator_py.so
[22.057s] -- Set runtime path of "/home/wheeltec/wheeltec_robot/install/aruco_msgs/lib/libaruco_msgs__rosidl_generator_py.so" to ""
[22.057s] -- Installing: /home/wheeltec/wheeltec_robot/install/aruco_msgs/share/aruco_msgs/cmake/export_aruco_msgs__rosidl_generator_cExport.cmake
[22.057s] -- Installing: /home/wheeltec/wheeltec_robot/install/aruco_msgs/share/aruco_msgs/cmake/export_aruco_msgs__rosidl_generator_cExport-noconfig.cmake
[22.058s] -- Installing: /home/wheeltec/wheeltec_robot/install/aruco_msgs/share/aruco_msgs/cmake/export_aruco_msgs__rosidl_typesupport_fastrtps_cExport.cmake
[22.058s] -- Installing: /home/wheeltec/wheeltec_robot/install/aruco_msgs/share/aruco_msgs/cmake/export_aruco_msgs__rosidl_typesupport_fastrtps_cExport-noconfig.cmake
[22.059s] -- Installing: /home/wheeltec/wheeltec_robot/install/aruco_msgs/share/aruco_msgs/cmake/export_aruco_msgs__rosidl_generator_cppExport.cmake
[22.059s] -- Installing: /home/wheeltec/wheeltec_robot/install/aruco_msgs/share/aruco_msgs/cmake/export_aruco_msgs__rosidl_typesupport_fastrtps_cppExport.cmake
[22.059s] -- Installing: /home/wheeltec/wheeltec_robot/install/aruco_msgs/share/aruco_msgs/cmake/export_aruco_msgs__rosidl_typesupport_fastrtps_cppExport-noconfig.cmake
[22.060s] -- Installing: /home/wheeltec/wheeltec_robot/install/aruco_msgs/share/aruco_msgs/cmake/aruco_msgs__rosidl_typesupport_introspection_cExport.cmake
[22.060s] -- Installing: /home/wheeltec/wheeltec_robot/install/aruco_msgs/share/aruco_msgs/cmake/aruco_msgs__rosidl_typesupport_introspection_cExport-noconfig.cmake
[22.060s] -- Installing: /home/wheeltec/wheeltec_robot/install/aruco_msgs/share/aruco_msgs/cmake/aruco_msgs__rosidl_typesupport_cExport.cmake
[22.061s] -- Installing: /home/wheeltec/wheeltec_robot/install/aruco_msgs/share/aruco_msgs/cmake/aruco_msgs__rosidl_typesupport_cExport-noconfig.cmake
[22.061s] -- Installing: /home/wheeltec/wheeltec_robot/install/aruco_msgs/share/aruco_msgs/cmake/aruco_msgs__rosidl_typesupport_introspection_cppExport.cmake
[22.062s] -- Installing: /home/wheeltec/wheeltec_robot/install/aruco_msgs/share/aruco_msgs/cmake/aruco_msgs__rosidl_typesupport_introspection_cppExport-noconfig.cmake
[22.062s] -- Installing: /home/wheeltec/wheeltec_robot/install/aruco_msgs/share/aruco_msgs/cmake/aruco_msgs__rosidl_typesupport_cppExport.cmake
[22.062s] -- Installing: /home/wheeltec/wheeltec_robot/install/aruco_msgs/share/aruco_msgs/cmake/aruco_msgs__rosidl_typesupport_cppExport-noconfig.cmake
[22.063s] -- Installing: /home/wheeltec/wheeltec_robot/install/aruco_msgs/share/aruco_msgs/cmake/export_aruco_msgs__rosidl_generator_pyExport.cmake
[22.063s] -- Installing: /home/wheeltec/wheeltec_robot/install/aruco_msgs/share/aruco_msgs/cmake/export_aruco_msgs__rosidl_generator_pyExport-noconfig.cmake
[22.069s] Invoked command in '/home/wheeltec/wheeltec_robot/build/aruco_msgs' returned '0': CMAKE_PREFIX_PATH=/opt/ros/humble /usr/bin/cmake --install /home/wheeltec/wheeltec_robot/build/aruco_msgs
