[0.045s] Invoking command in '/home/wheeltec/wheeltec_robot/build/nav_2d_msgs': CMAKE_PREFIX_PATH=/opt/ros/humble /usr/bin/cmake /home/wheeltec/wheeltec_robot/src/navigation2-humble/nav2_dwb_controller/nav_2d_msgs -DAMENT_CMAKE_SYMLINK_INSTALL=1 -DCMAKE_INSTALL_PREFIX=/home/wheeltec/wheeltec_robot/install/nav_2d_msgs
[0.167s] -- The C compiler identification is GNU 11.4.0
[0.268s] -- The CXX compiler identification is GNU 11.4.0
[0.280s] -- Detecting C compiler ABI info
[0.447s] -- Detecting C compiler ABI info - done
[0.457s] -- Check for working C compiler: /usr/bin/cc - skipped
[0.458s] -- Detecting C compile features
[0.462s] -- Detecting C compile features - done
[0.467s] -- Detecting CXX compiler ABI info
[0.637s] -- Detecting CXX compiler ABI info - done
[0.648s] -- Check for working CXX compiler: /usr/bin/c++ - skipped
[0.648s] -- Detecting CXX compile features
[0.653s] -- Detecting CXX compile features - done
[0.662s] -- Found geometry_msgs: 4.9.0 (/opt/ros/humble/share/geometry_msgs/cmake)
[1.565s] -- Found Python3: /usr/bin/python3 (found version "3.10.12") found components: Interpreter 
[1.693s] -- Override CMake install command with custom implementation using symlinks instead of copying resources
[1.790s] -- Found rosidl_generator_c: 3.1.7 (/opt/ros/humble/share/rosidl_generator_c/cmake)
[1.800s] -- Found rosidl_adapter: 3.1.7 (/opt/ros/humble/share/rosidl_adapter/cmake)
[1.815s] -- Found rosidl_generator_cpp: 3.1.7 (/opt/ros/humble/share/rosidl_generator_cpp/cmake)
[1.833s] -- Using all available rosidl_typesupport_c: rosidl_typesupport_fastrtps_c;rosidl_typesupport_introspection_c
[1.857s] -- Using all available rosidl_typesupport_cpp: rosidl_typesupport_fastrtps_cpp;rosidl_typesupport_introspection_cpp
[1.915s] -- Found rosidl_default_generators: 1.2.0 (/opt/ros/humble/share/rosidl_default_generators/cmake)
[2.507s] -- Found ament_cmake_ros: 0.10.0 (/opt/ros/humble/share/ament_cmake_ros/cmake)
[4.153s] -- Using all available rosidl_typesupport_c: rosidl_typesupport_fastrtps_c;rosidl_typesupport_introspection_c
[4.908s] -- Using all available rosidl_typesupport_cpp: rosidl_typesupport_fastrtps_cpp;rosidl_typesupport_introspection_cpp
[5.060s] -- Found PythonInterp: /usr/bin/python3 (found suitable version "3.10.12", minimum required is "3.6") 
[5.061s] -- Found python_cmake_module: 0.10.0 (/opt/ros/humble/share/python_cmake_module/cmake)
[5.239s] -- Found PythonLibs: /usr/lib/aarch64-linux-gnu/libpython3.10.so (found suitable version "3.10.12", minimum required is "3.5") 
[5.240s] -- Using PYTHON_EXECUTABLE: /usr/bin/python3
[5.240s] -- Using PYTHON_INCLUDE_DIRS: /usr/include/python3.10
[5.240s] -- Using PYTHON_LIBRARIES: /usr/lib/aarch64-linux-gnu/libpython3.10.so
[5.438s] -- Found PythonExtra: .so  
[5.753s] -- Configuring done
[6.093s] -- Generating done
[6.240s] -- Build files have been written to: /home/wheeltec/wheeltec_robot/build/nav_2d_msgs
[6.386s] Invoked command in '/home/wheeltec/wheeltec_robot/build/nav_2d_msgs' returned '0': CMAKE_PREFIX_PATH=/opt/ros/humble /usr/bin/cmake /home/wheeltec/wheeltec_robot/src/navigation2-humble/nav2_dwb_controller/nav_2d_msgs -DAMENT_CMAKE_SYMLINK_INSTALL=1 -DCMAKE_INSTALL_PREFIX=/home/wheeltec/wheeltec_robot/install/nav_2d_msgs
[6.387s] Invoking command in '/home/wheeltec/wheeltec_robot/build/nav_2d_msgs': CMAKE_PREFIX_PATH=/opt/ros/humble /usr/bin/cmake --build /home/wheeltec/wheeltec_robot/build/nav_2d_msgs -- -j8 -l8
[16.077s] [  1%] [34m[1mGenerating C code for ROS interfaces[0m
[16.077s] [  2%] [34m[1mGenerating C++ code for ROS interfaces[0m
[16.077s] [  2%] Built target ament_cmake_python_symlink_nav_2d_msgs
[16.077s] running egg_info
[16.077s] creating nav_2d_msgs.egg-info
[16.077s] writing nav_2d_msgs.egg-info/PKG-INFO
[16.077s] writing dependency_links to nav_2d_msgs.egg-info/dependency_links.txt
[16.077s] writing top-level names to nav_2d_msgs.egg-info/top_level.txt
[16.078s] writing manifest file 'nav_2d_msgs.egg-info/SOURCES.txt'
[16.078s] reading manifest file 'nav_2d_msgs.egg-info/SOURCES.txt'
[16.078s] writing manifest file 'nav_2d_msgs.egg-info/SOURCES.txt'
[16.078s] [  2%] Built target ament_cmake_python_build_nav_2d_msgs_egg
[16.078s] [  4%] [32mBuilding C object CMakeFiles/nav_2d_msgs__rosidl_generator_c.dir/rosidl_generator_c/nav_2d_msgs/msg/detail/path2_d__functions.c.o[0m
[16.078s] [  5%] [32mBuilding C object CMakeFiles/nav_2d_msgs__rosidl_generator_c.dir/rosidl_generator_c/nav_2d_msgs/msg/detail/twist2_d_stamped__functions.c.o[0m
[16.078s] [  7%] [32mBuilding C object CMakeFiles/nav_2d_msgs__rosidl_generator_c.dir/rosidl_generator_c/nav_2d_msgs/msg/detail/twist2_d32__functions.c.o[0m
[16.078s] [  8%] [32mBuilding C object CMakeFiles/nav_2d_msgs__rosidl_generator_c.dir/rosidl_generator_c/nav_2d_msgs/msg/detail/twist2_d__functions.c.o[0m
[16.078s] [  9%] [32mBuilding C object CMakeFiles/nav_2d_msgs__rosidl_generator_c.dir/rosidl_generator_c/nav_2d_msgs/msg/detail/pose2_d_stamped__functions.c.o[0m
[16.078s] [ 11%] [32mBuilding C object CMakeFiles/nav_2d_msgs__rosidl_generator_c.dir/rosidl_generator_c/nav_2d_msgs/msg/detail/pose2_d32__functions.c.o[0m
[16.078s] [ 11%] Built target nav_2d_msgs__cpp
[16.079s] [ 12%] [32m[1mLinking C shared library libnav_2d_msgs__rosidl_generator_c.so[0m
[16.079s] [ 12%] Built target nav_2d_msgs__rosidl_generator_c
[16.079s] [ 14%] [34m[1mGenerating C++ introspection for ROS interfaces[0m
[16.079s] [ 15%] [32mBuilding CXX object CMakeFiles/nav_2d_msgs__rosidl_typesupport_introspection_cpp.dir/rosidl_typesupport_introspection_cpp/nav_2d_msgs/msg/detail/path2_d__type_support.cpp.o[0m
[16.079s] [ 16%] [32mBuilding CXX object CMakeFiles/nav_2d_msgs__rosidl_typesupport_introspection_cpp.dir/rosidl_typesupport_introspection_cpp/nav_2d_msgs/msg/detail/pose2_d_stamped__type_support.cpp.o[0m
[16.143s] [ 18%] [32mBuilding CXX object CMakeFiles/nav_2d_msgs__rosidl_typesupport_introspection_cpp.dir/rosidl_typesupport_introspection_cpp/nav_2d_msgs/msg/detail/twist2_d__type_support.cpp.o[0m
[16.960s] [ 19%] [32mBuilding CXX object CMakeFiles/nav_2d_msgs__rosidl_typesupport_introspection_cpp.dir/rosidl_typesupport_introspection_cpp/nav_2d_msgs/msg/detail/twist2_d32__type_support.cpp.o[0m
[17.855s] [ 21%] [32mBuilding CXX object CMakeFiles/nav_2d_msgs__rosidl_typesupport_introspection_cpp.dir/rosidl_typesupport_introspection_cpp/nav_2d_msgs/msg/detail/twist2_d_stamped__type_support.cpp.o[0m
[18.760s] [ 22%] [32mBuilding CXX object CMakeFiles/nav_2d_msgs__rosidl_typesupport_introspection_cpp.dir/rosidl_typesupport_introspection_cpp/nav_2d_msgs/msg/detail/pose2_d32__type_support.cpp.o[0m
[19.736s] [ 23%] [32m[1mLinking CXX shared library libnav_2d_msgs__rosidl_typesupport_introspection_cpp.so[0m
[19.967s] [ 23%] Built target nav_2d_msgs__rosidl_typesupport_introspection_cpp
[20.002s] [ 25%] [34m[1mGenerating C type support dispatch for ROS interfaces[0m
[20.861s] [ 26%] [32mBuilding CXX object CMakeFiles/nav_2d_msgs__rosidl_typesupport_c.dir/rosidl_typesupport_c/nav_2d_msgs/msg/path2_d__type_support.cpp.o[0m
[20.989s] [ 28%] [32mBuilding CXX object CMakeFiles/nav_2d_msgs__rosidl_typesupport_c.dir/rosidl_typesupport_c/nav_2d_msgs/msg/twist2_d__type_support.cpp.o[0m
[21.098s] [ 29%] [32mBuilding CXX object CMakeFiles/nav_2d_msgs__rosidl_typesupport_c.dir/rosidl_typesupport_c/nav_2d_msgs/msg/twist2_d32__type_support.cpp.o[0m
[21.164s] [ 30%] [32mBuilding CXX object CMakeFiles/nav_2d_msgs__rosidl_typesupport_c.dir/rosidl_typesupport_c/nav_2d_msgs/msg/twist2_d_stamped__type_support.cpp.o[0m
[21.267s] [ 32%] [32mBuilding CXX object CMakeFiles/nav_2d_msgs__rosidl_typesupport_c.dir/rosidl_typesupport_c/nav_2d_msgs/msg/pose2_d_stamped__type_support.cpp.o[0m
[21.385s] [ 33%] [32mBuilding CXX object CMakeFiles/nav_2d_msgs__rosidl_typesupport_c.dir/rosidl_typesupport_c/nav_2d_msgs/msg/pose2_d32__type_support.cpp.o[0m
[21.582s] [ 35%] [32m[1mLinking CXX shared library libnav_2d_msgs__rosidl_typesupport_c.so[0m
[21.733s] [ 35%] Built target nav_2d_msgs__rosidl_typesupport_c
[21.832s] [ 36%] [34m[1mGenerating C introspection for ROS interfaces[0m
[22.862s] [ 38%] [32mBuilding C object CMakeFiles/nav_2d_msgs__rosidl_typesupport_introspection_c.dir/rosidl_typesupport_introspection_c/nav_2d_msgs/msg/detail/path2_d__type_support.c.o[0m
[22.932s] [ 39%] [32mBuilding C object CMakeFiles/nav_2d_msgs__rosidl_typesupport_introspection_c.dir/rosidl_typesupport_introspection_c/nav_2d_msgs/msg/detail/twist2_d32__type_support.c.o[0m
[23.040s] [ 40%] [32mBuilding C object CMakeFiles/nav_2d_msgs__rosidl_typesupport_introspection_c.dir/rosidl_typesupport_introspection_c/nav_2d_msgs/msg/detail/twist2_d_stamped__type_support.c.o[0m
[23.173s] [ 42%] [32mBuilding C object CMakeFiles/nav_2d_msgs__rosidl_typesupport_introspection_c.dir/rosidl_typesupport_introspection_c/nav_2d_msgs/msg/detail/twist2_d__type_support.c.o[0m
[23.266s] [ 43%] [32mBuilding C object CMakeFiles/nav_2d_msgs__rosidl_typesupport_introspection_c.dir/rosidl_typesupport_introspection_c/nav_2d_msgs/msg/detail/pose2_d_stamped__type_support.c.o[0m
[23.354s] [ 45%] [32mBuilding C object CMakeFiles/nav_2d_msgs__rosidl_typesupport_introspection_c.dir/rosidl_typesupport_introspection_c/nav_2d_msgs/msg/detail/pose2_d32__type_support.c.o[0m
[23.440s] [ 46%] [32m[1mLinking C shared library libnav_2d_msgs__rosidl_typesupport_introspection_c.so[0m
[23.491s] [ 46%] Built target nav_2d_msgs__rosidl_typesupport_introspection_c
[23.531s] [ 47%] [34m[1mGenerating C type support for eProsima Fast-RTPS[0m
[24.433s] [ 49%] [32mBuilding CXX object CMakeFiles/nav_2d_msgs__rosidl_typesupport_fastrtps_c.dir/rosidl_typesupport_fastrtps_c/nav_2d_msgs/msg/detail/path2_d__type_support_c.cpp.o[0m
[25.057s] [ 50%] [32mBuilding CXX object CMakeFiles/nav_2d_msgs__rosidl_typesupport_fastrtps_c.dir/rosidl_typesupport_fastrtps_c/nav_2d_msgs/msg/detail/twist2_d_stamped__type_support_c.cpp.o[0m
[25.646s] [ 52%] [32mBuilding CXX object CMakeFiles/nav_2d_msgs__rosidl_typesupport_fastrtps_c.dir/rosidl_typesupport_fastrtps_c/nav_2d_msgs/msg/detail/twist2_d32__type_support_c.cpp.o[0m
[26.232s] [ 53%] [32mBuilding CXX object CMakeFiles/nav_2d_msgs__rosidl_typesupport_fastrtps_c.dir/rosidl_typesupport_fastrtps_c/nav_2d_msgs/msg/detail/twist2_d__type_support_c.cpp.o[0m
[26.806s] [ 54%] [32mBuilding CXX object CMakeFiles/nav_2d_msgs__rosidl_typesupport_fastrtps_c.dir/rosidl_typesupport_fastrtps_c/nav_2d_msgs/msg/detail/pose2_d_stamped__type_support_c.cpp.o[0m
[27.423s] [ 56%] [32mBuilding CXX object CMakeFiles/nav_2d_msgs__rosidl_typesupport_fastrtps_c.dir/rosidl_typesupport_fastrtps_c/nav_2d_msgs/msg/detail/pose2_d32__type_support_c.cpp.o[0m
[28.016s] [ 57%] [32m[1mLinking CXX shared library libnav_2d_msgs__rosidl_typesupport_fastrtps_c.so[0m
[28.163s] [ 57%] Built target nav_2d_msgs__rosidl_typesupport_fastrtps_c
[28.182s] [ 59%] [34m[1mGenerating C++ type support for eProsima Fast-RTPS[0m
[29.012s] [ 60%] [32mBuilding CXX object CMakeFiles/nav_2d_msgs__rosidl_typesupport_fastrtps_cpp.dir/rosidl_typesupport_fastrtps_cpp/nav_2d_msgs/msg/detail/dds_fastrtps/path2_d__type_support.cpp.o[0m
[29.778s] [ 61%] [32mBuilding CXX object CMakeFiles/nav_2d_msgs__rosidl_typesupport_fastrtps_cpp.dir/rosidl_typesupport_fastrtps_cpp/nav_2d_msgs/msg/detail/dds_fastrtps/twist2_d_stamped__type_support.cpp.o[0m
[30.488s] [ 63%] [32mBuilding CXX object CMakeFiles/nav_2d_msgs__rosidl_typesupport_fastrtps_cpp.dir/rosidl_typesupport_fastrtps_cpp/nav_2d_msgs/msg/detail/dds_fastrtps/twist2_d32__type_support.cpp.o[0m
[31.196s] [ 64%] [32mBuilding CXX object CMakeFiles/nav_2d_msgs__rosidl_typesupport_fastrtps_cpp.dir/rosidl_typesupport_fastrtps_cpp/nav_2d_msgs/msg/detail/dds_fastrtps/twist2_d__type_support.cpp.o[0m
[31.889s] [ 66%] [32mBuilding CXX object CMakeFiles/nav_2d_msgs__rosidl_typesupport_fastrtps_cpp.dir/rosidl_typesupport_fastrtps_cpp/nav_2d_msgs/msg/detail/dds_fastrtps/pose2_d_stamped__type_support.cpp.o[0m
[32.580s] [ 67%] [32mBuilding CXX object CMakeFiles/nav_2d_msgs__rosidl_typesupport_fastrtps_cpp.dir/rosidl_typesupport_fastrtps_cpp/nav_2d_msgs/msg/detail/dds_fastrtps/pose2_d32__type_support.cpp.o[0m
[33.286s] [ 69%] [32m[1mLinking CXX shared library libnav_2d_msgs__rosidl_typesupport_fastrtps_cpp.so[0m
[33.419s] [ 69%] Built target nav_2d_msgs__rosidl_typesupport_fastrtps_cpp
[33.436s] [ 70%] [34m[1mGenerating C++ type support dispatch for ROS interfaces[0m
[34.035s] [ 71%] [32mBuilding CXX object CMakeFiles/nav_2d_msgs__rosidl_typesupport_cpp.dir/rosidl_typesupport_cpp/nav_2d_msgs/msg/path2_d__type_support.cpp.o[0m
[34.504s] [ 73%] [32mBuilding CXX object CMakeFiles/nav_2d_msgs__rosidl_typesupport_cpp.dir/rosidl_typesupport_cpp/nav_2d_msgs/msg/twist2_d_stamped__type_support.cpp.o[0m
[35.032s] [ 74%] [32mBuilding CXX object CMakeFiles/nav_2d_msgs__rosidl_typesupport_cpp.dir/rosidl_typesupport_cpp/nav_2d_msgs/msg/twist2_d32__type_support.cpp.o[0m
[35.537s] [ 76%] [32mBuilding CXX object CMakeFiles/nav_2d_msgs__rosidl_typesupport_cpp.dir/rosidl_typesupport_cpp/nav_2d_msgs/msg/twist2_d__type_support.cpp.o[0m
[36.083s] [ 77%] [32mBuilding CXX object CMakeFiles/nav_2d_msgs__rosidl_typesupport_cpp.dir/rosidl_typesupport_cpp/nav_2d_msgs/msg/pose2_d_stamped__type_support.cpp.o[0m
[36.734s] [ 78%] [32mBuilding CXX object CMakeFiles/nav_2d_msgs__rosidl_typesupport_cpp.dir/rosidl_typesupport_cpp/nav_2d_msgs/msg/pose2_d32__type_support.cpp.o[0m
[37.237s] [ 80%] [32m[1mLinking CXX shared library libnav_2d_msgs__rosidl_typesupport_cpp.so[0m
[37.359s] [ 80%] Built target nav_2d_msgs__rosidl_typesupport_cpp
[37.422s] [ 80%] Built target nav_2d_msgs
[37.456s] [ 81%] [34m[1mGenerating Python code for ROS interfaces[0m
[39.032s] [ 81%] Built target nav_2d_msgs__py
[39.092s] [ 83%] [32mBuilding C object CMakeFiles/nav_2d_msgs__rosidl_generator_py.dir/rosidl_generator_py/nav_2d_msgs/msg/_path2_d_s.c.o[0m
[39.291s] [ 84%] [32mBuilding C object CMakeFiles/nav_2d_msgs__rosidl_generator_py.dir/rosidl_generator_py/nav_2d_msgs/msg/_twist2_d_stamped_s.c.o[0m
[39.475s] [ 85%] [32mBuilding C object CMakeFiles/nav_2d_msgs__rosidl_generator_py.dir/rosidl_generator_py/nav_2d_msgs/msg/_twist2_d32_s.c.o[0m
[39.690s] [ 87%] [32mBuilding C object CMakeFiles/nav_2d_msgs__rosidl_generator_py.dir/rosidl_generator_py/nav_2d_msgs/msg/_twist2_d_s.c.o[0m
[39.920s] [ 88%] [32mBuilding C object CMakeFiles/nav_2d_msgs__rosidl_generator_py.dir/rosidl_generator_py/nav_2d_msgs/msg/_pose2_d_stamped_s.c.o[0m
[40.105s] [ 90%] [32mBuilding C object CMakeFiles/nav_2d_msgs__rosidl_generator_py.dir/rosidl_generator_py/nav_2d_msgs/msg/_pose2_d32_s.c.o[0m
[40.349s] [ 91%] [32m[1mLinking C shared library rosidl_generator_py/nav_2d_msgs/libnav_2d_msgs__rosidl_generator_py.so[0m
[40.425s] [ 91%] Built target nav_2d_msgs__rosidl_generator_py
[40.461s] [ 92%] [32mBuilding C object CMakeFiles/nav_2d_msgs__rosidl_typesupport_fastrtps_c__pyext.dir/rosidl_generator_py/nav_2d_msgs/_nav_2d_msgs_s.ep.rosidl_typesupport_fastrtps_c.c.o[0m
[40.766s] [ 94%] [32m[1mLinking C shared library rosidl_generator_py/nav_2d_msgs/nav_2d_msgs_s__rosidl_typesupport_fastrtps_c.cpython-310-aarch64-linux-gnu.so[0m
[40.903s] [ 94%] Built target nav_2d_msgs__rosidl_typesupport_fastrtps_c__pyext
[40.954s] [ 95%] [32mBuilding C object CMakeFiles/nav_2d_msgs__rosidl_typesupport_c__pyext.dir/rosidl_generator_py/nav_2d_msgs/_nav_2d_msgs_s.ep.rosidl_typesupport_c.c.o[0m
[41.228s] [ 97%] [32m[1mLinking C shared library rosidl_generator_py/nav_2d_msgs/nav_2d_msgs_s__rosidl_typesupport_c.cpython-310-aarch64-linux-gnu.so[0m
[41.303s] [ 97%] Built target nav_2d_msgs__rosidl_typesupport_c__pyext
[41.350s] [ 98%] [32mBuilding C object CMakeFiles/nav_2d_msgs__rosidl_typesupport_introspection_c__pyext.dir/rosidl_generator_py/nav_2d_msgs/_nav_2d_msgs_s.ep.rosidl_typesupport_introspection_c.c.o[0m
[41.602s] [100%] [32m[1mLinking C shared library rosidl_generator_py/nav_2d_msgs/nav_2d_msgs_s__rosidl_typesupport_introspection_c.cpython-310-aarch64-linux-gnu.so[0m
[41.812s] [100%] Built target nav_2d_msgs__rosidl_typesupport_introspection_c__pyext
[41.866s] Invoked command in '/home/wheeltec/wheeltec_robot/build/nav_2d_msgs' returned '0': CMAKE_PREFIX_PATH=/opt/ros/humble /usr/bin/cmake --build /home/wheeltec/wheeltec_robot/build/nav_2d_msgs -- -j8 -l8
[41.867s] Invoking command in '/home/wheeltec/wheeltec_robot/build/nav_2d_msgs': CMAKE_PREFIX_PATH=/opt/ros/humble /usr/bin/cmake --install /home/wheeltec/wheeltec_robot/build/nav_2d_msgs
[55.426s] -- Install configuration: ""
[55.427s] -- Execute custom install script
[55.427s] -- Symlinking: /home/wheeltec/wheeltec_robot/install/nav_2d_msgs/share/ament_index/resource_index/rosidl_interfaces/nav_2d_msgs
[55.427s] -- Symlinking: /home/wheeltec/wheeltec_robot/install/nav_2d_msgs/include/nav_2d_msgs/nav_2d_msgs/msg/detail/path2_d__functions.h
[55.427s] -- Symlinking: /home/wheeltec/wheeltec_robot/install/nav_2d_msgs/include/nav_2d_msgs/nav_2d_msgs/msg/detail/path2_d__struct.h
[55.437s] -- Symlinking: /home/wheeltec/wheeltec_robot/install/nav_2d_msgs/include/nav_2d_msgs/nav_2d_msgs/msg/detail/path2_d__type_support.h
[55.437s] -- Symlinking: /home/wheeltec/wheeltec_robot/install/nav_2d_msgs/include/nav_2d_msgs/nav_2d_msgs/msg/detail/pose2_d32__functions.h
[55.437s] -- Symlinking: /home/wheeltec/wheeltec_robot/install/nav_2d_msgs/include/nav_2d_msgs/nav_2d_msgs/msg/detail/pose2_d32__struct.h
[55.437s] -- Symlinking: /home/wheeltec/wheeltec_robot/install/nav_2d_msgs/include/nav_2d_msgs/nav_2d_msgs/msg/detail/pose2_d32__type_support.h
[55.438s] -- Symlinking: /home/wheeltec/wheeltec_robot/install/nav_2d_msgs/include/nav_2d_msgs/nav_2d_msgs/msg/detail/pose2_d_stamped__functions.h
[55.438s] -- Symlinking: /home/wheeltec/wheeltec_robot/install/nav_2d_msgs/include/nav_2d_msgs/nav_2d_msgs/msg/detail/pose2_d_stamped__struct.h
[55.438s] -- Symlinking: /home/wheeltec/wheeltec_robot/install/nav_2d_msgs/include/nav_2d_msgs/nav_2d_msgs/msg/detail/pose2_d_stamped__type_support.h
[55.438s] -- Symlinking: /home/wheeltec/wheeltec_robot/install/nav_2d_msgs/include/nav_2d_msgs/nav_2d_msgs/msg/detail/twist2_d32__functions.h
[55.438s] -- Symlinking: /home/wheeltec/wheeltec_robot/install/nav_2d_msgs/include/nav_2d_msgs/nav_2d_msgs/msg/detail/twist2_d32__struct.h
[55.438s] -- Symlinking: /home/wheeltec/wheeltec_robot/install/nav_2d_msgs/include/nav_2d_msgs/nav_2d_msgs/msg/detail/twist2_d32__type_support.h
[55.438s] -- Symlinking: /home/wheeltec/wheeltec_robot/install/nav_2d_msgs/include/nav_2d_msgs/nav_2d_msgs/msg/detail/twist2_d__functions.h
[55.439s] -- Symlinking: /home/wheeltec/wheeltec_robot/install/nav_2d_msgs/include/nav_2d_msgs/nav_2d_msgs/msg/detail/twist2_d__struct.h
[55.439s] -- Symlinking: /home/wheeltec/wheeltec_robot/install/nav_2d_msgs/include/nav_2d_msgs/nav_2d_msgs/msg/detail/twist2_d__type_support.h
[55.439s] -- Symlinking: /home/wheeltec/wheeltec_robot/install/nav_2d_msgs/include/nav_2d_msgs/nav_2d_msgs/msg/detail/twist2_d_stamped__functions.h
[55.439s] -- Symlinking: /home/wheeltec/wheeltec_robot/install/nav_2d_msgs/include/nav_2d_msgs/nav_2d_msgs/msg/detail/twist2_d_stamped__struct.h
[55.439s] -- Symlinking: /home/wheeltec/wheeltec_robot/install/nav_2d_msgs/include/nav_2d_msgs/nav_2d_msgs/msg/detail/twist2_d_stamped__type_support.h
[55.439s] -- Symlinking: /home/wheeltec/wheeltec_robot/install/nav_2d_msgs/include/nav_2d_msgs/nav_2d_msgs/msg/path2_d.h
[55.440s] -- Symlinking: /home/wheeltec/wheeltec_robot/install/nav_2d_msgs/include/nav_2d_msgs/nav_2d_msgs/msg/pose2_d32.h
[55.440s] -- Symlinking: /home/wheeltec/wheeltec_robot/install/nav_2d_msgs/include/nav_2d_msgs/nav_2d_msgs/msg/pose2_d_stamped.h
[55.440s] -- Symlinking: /home/wheeltec/wheeltec_robot/install/nav_2d_msgs/include/nav_2d_msgs/nav_2d_msgs/msg/rosidl_generator_c__visibility_control.h
[55.440s] -- Symlinking: /home/wheeltec/wheeltec_robot/install/nav_2d_msgs/include/nav_2d_msgs/nav_2d_msgs/msg/twist2_d.h
[55.440s] -- Symlinking: /home/wheeltec/wheeltec_robot/install/nav_2d_msgs/include/nav_2d_msgs/nav_2d_msgs/msg/twist2_d32.h
[55.440s] -- Symlinking: /home/wheeltec/wheeltec_robot/install/nav_2d_msgs/include/nav_2d_msgs/nav_2d_msgs/msg/twist2_d_stamped.h
[55.440s] -- Symlinking: /home/wheeltec/wheeltec_robot/install/nav_2d_msgs/share/nav_2d_msgs/environment/library_path.sh
[55.440s] -- Symlinking: /home/wheeltec/wheeltec_robot/install/nav_2d_msgs/share/nav_2d_msgs/environment/library_path.dsv
[55.440s] -- Symlinking: /home/wheeltec/wheeltec_robot/install/nav_2d_msgs/include/nav_2d_msgs/nav_2d_msgs/msg/detail/path2_d__rosidl_typesupport_fastrtps_c.h
[55.440s] -- Symlinking: /home/wheeltec/wheeltec_robot/install/nav_2d_msgs/include/nav_2d_msgs/nav_2d_msgs/msg/detail/pose2_d32__rosidl_typesupport_fastrtps_c.h
[55.441s] -- Symlinking: /home/wheeltec/wheeltec_robot/install/nav_2d_msgs/include/nav_2d_msgs/nav_2d_msgs/msg/detail/pose2_d_stamped__rosidl_typesupport_fastrtps_c.h
[55.441s] -- Symlinking: /home/wheeltec/wheeltec_robot/install/nav_2d_msgs/include/nav_2d_msgs/nav_2d_msgs/msg/detail/twist2_d32__rosidl_typesupport_fastrtps_c.h
[55.441s] -- Symlinking: /home/wheeltec/wheeltec_robot/install/nav_2d_msgs/include/nav_2d_msgs/nav_2d_msgs/msg/detail/twist2_d__rosidl_typesupport_fastrtps_c.h
[55.442s] -- Symlinking: /home/wheeltec/wheeltec_robot/install/nav_2d_msgs/include/nav_2d_msgs/nav_2d_msgs/msg/detail/twist2_d_stamped__rosidl_typesupport_fastrtps_c.h
[55.442s] -- Symlinking: /home/wheeltec/wheeltec_robot/install/nav_2d_msgs/include/nav_2d_msgs/nav_2d_msgs/msg/rosidl_typesupport_fastrtps_c__visibility_control.h
[55.442s] -- Symlinking: /home/wheeltec/wheeltec_robot/install/nav_2d_msgs/include/nav_2d_msgs/nav_2d_msgs/msg/detail/path2_d__builder.hpp
[55.442s] -- Symlinking: /home/wheeltec/wheeltec_robot/install/nav_2d_msgs/include/nav_2d_msgs/nav_2d_msgs/msg/detail/path2_d__struct.hpp
[55.442s] -- Symlinking: /home/wheeltec/wheeltec_robot/install/nav_2d_msgs/include/nav_2d_msgs/nav_2d_msgs/msg/detail/path2_d__traits.hpp
[55.442s] -- Symlinking: /home/wheeltec/wheeltec_robot/install/nav_2d_msgs/include/nav_2d_msgs/nav_2d_msgs/msg/detail/path2_d__type_support.hpp
[55.442s] -- Symlinking: /home/wheeltec/wheeltec_robot/install/nav_2d_msgs/include/nav_2d_msgs/nav_2d_msgs/msg/detail/pose2_d32__builder.hpp
[55.442s] -- Symlinking: /home/wheeltec/wheeltec_robot/install/nav_2d_msgs/include/nav_2d_msgs/nav_2d_msgs/msg/detail/pose2_d32__struct.hpp
[55.443s] -- Symlinking: /home/wheeltec/wheeltec_robot/install/nav_2d_msgs/include/nav_2d_msgs/nav_2d_msgs/msg/detail/pose2_d32__traits.hpp
[55.443s] -- Symlinking: /home/wheeltec/wheeltec_robot/install/nav_2d_msgs/include/nav_2d_msgs/nav_2d_msgs/msg/detail/pose2_d32__type_support.hpp
[55.443s] -- Symlinking: /home/wheeltec/wheeltec_robot/install/nav_2d_msgs/include/nav_2d_msgs/nav_2d_msgs/msg/detail/pose2_d_stamped__builder.hpp
[55.443s] -- Symlinking: /home/wheeltec/wheeltec_robot/install/nav_2d_msgs/include/nav_2d_msgs/nav_2d_msgs/msg/detail/pose2_d_stamped__struct.hpp
[55.443s] -- Symlinking: /home/wheeltec/wheeltec_robot/install/nav_2d_msgs/include/nav_2d_msgs/nav_2d_msgs/msg/detail/pose2_d_stamped__traits.hpp
[55.443s] -- Symlinking: /home/wheeltec/wheeltec_robot/install/nav_2d_msgs/include/nav_2d_msgs/nav_2d_msgs/msg/detail/pose2_d_stamped__type_support.hpp
[55.443s] -- Symlinking: /home/wheeltec/wheeltec_robot/install/nav_2d_msgs/include/nav_2d_msgs/nav_2d_msgs/msg/detail/twist2_d32__builder.hpp
[55.443s] -- Symlinking: /home/wheeltec/wheeltec_robot/install/nav_2d_msgs/include/nav_2d_msgs/nav_2d_msgs/msg/detail/twist2_d32__struct.hpp
[55.443s] -- Symlinking: /home/wheeltec/wheeltec_robot/install/nav_2d_msgs/include/nav_2d_msgs/nav_2d_msgs/msg/detail/twist2_d32__traits.hpp
[55.443s] -- Symlinking: /home/wheeltec/wheeltec_robot/install/nav_2d_msgs/include/nav_2d_msgs/nav_2d_msgs/msg/detail/twist2_d32__type_support.hpp
[55.443s] -- Symlinking: /home/wheeltec/wheeltec_robot/install/nav_2d_msgs/include/nav_2d_msgs/nav_2d_msgs/msg/detail/twist2_d__builder.hpp
[55.444s] -- Symlinking: /home/wheeltec/wheeltec_robot/install/nav_2d_msgs/include/nav_2d_msgs/nav_2d_msgs/msg/detail/twist2_d__struct.hpp
[55.444s] -- Symlinking: /home/wheeltec/wheeltec_robot/install/nav_2d_msgs/include/nav_2d_msgs/nav_2d_msgs/msg/detail/twist2_d__traits.hpp
[55.444s] -- Symlinking: /home/wheeltec/wheeltec_robot/install/nav_2d_msgs/include/nav_2d_msgs/nav_2d_msgs/msg/detail/twist2_d__type_support.hpp
[55.444s] -- Symlinking: /home/wheeltec/wheeltec_robot/install/nav_2d_msgs/include/nav_2d_msgs/nav_2d_msgs/msg/detail/twist2_d_stamped__builder.hpp
[55.444s] -- Symlinking: /home/wheeltec/wheeltec_robot/install/nav_2d_msgs/include/nav_2d_msgs/nav_2d_msgs/msg/detail/twist2_d_stamped__struct.hpp
[55.444s] -- Symlinking: /home/wheeltec/wheeltec_robot/install/nav_2d_msgs/include/nav_2d_msgs/nav_2d_msgs/msg/detail/twist2_d_stamped__traits.hpp
[55.444s] -- Symlinking: /home/wheeltec/wheeltec_robot/install/nav_2d_msgs/include/nav_2d_msgs/nav_2d_msgs/msg/detail/twist2_d_stamped__type_support.hpp
[55.444s] -- Symlinking: /home/wheeltec/wheeltec_robot/install/nav_2d_msgs/include/nav_2d_msgs/nav_2d_msgs/msg/path2_d.hpp
[55.444s] -- Symlinking: /home/wheeltec/wheeltec_robot/install/nav_2d_msgs/include/nav_2d_msgs/nav_2d_msgs/msg/pose2_d32.hpp
[55.444s] -- Symlinking: /home/wheeltec/wheeltec_robot/install/nav_2d_msgs/include/nav_2d_msgs/nav_2d_msgs/msg/pose2_d_stamped.hpp
[55.444s] -- Symlinking: /home/wheeltec/wheeltec_robot/install/nav_2d_msgs/include/nav_2d_msgs/nav_2d_msgs/msg/rosidl_generator_cpp__visibility_control.hpp
[55.445s] -- Symlinking: /home/wheeltec/wheeltec_robot/install/nav_2d_msgs/include/nav_2d_msgs/nav_2d_msgs/msg/twist2_d.hpp
[55.445s] -- Symlinking: /home/wheeltec/wheeltec_robot/install/nav_2d_msgs/include/nav_2d_msgs/nav_2d_msgs/msg/twist2_d32.hpp
[55.445s] -- Symlinking: /home/wheeltec/wheeltec_robot/install/nav_2d_msgs/include/nav_2d_msgs/nav_2d_msgs/msg/twist2_d_stamped.hpp
[55.445s] -- Symlinking: /home/wheeltec/wheeltec_robot/install/nav_2d_msgs/include/nav_2d_msgs/nav_2d_msgs/msg/detail/path2_d__rosidl_typesupport_fastrtps_cpp.hpp
[55.445s] -- Symlinking: /home/wheeltec/wheeltec_robot/install/nav_2d_msgs/include/nav_2d_msgs/nav_2d_msgs/msg/detail/pose2_d32__rosidl_typesupport_fastrtps_cpp.hpp
[55.445s] -- Symlinking: /home/wheeltec/wheeltec_robot/install/nav_2d_msgs/include/nav_2d_msgs/nav_2d_msgs/msg/detail/pose2_d_stamped__rosidl_typesupport_fastrtps_cpp.hpp
[55.446s] -- Symlinking: /home/wheeltec/wheeltec_robot/install/nav_2d_msgs/include/nav_2d_msgs/nav_2d_msgs/msg/detail/twist2_d32__rosidl_typesupport_fastrtps_cpp.hpp
[55.446s] -- Symlinking: /home/wheeltec/wheeltec_robot/install/nav_2d_msgs/include/nav_2d_msgs/nav_2d_msgs/msg/detail/twist2_d__rosidl_typesupport_fastrtps_cpp.hpp
[55.446s] -- Symlinking: /home/wheeltec/wheeltec_robot/install/nav_2d_msgs/include/nav_2d_msgs/nav_2d_msgs/msg/detail/twist2_d_stamped__rosidl_typesupport_fastrtps_cpp.hpp
[55.446s] -- Symlinking: /home/wheeltec/wheeltec_robot/install/nav_2d_msgs/include/nav_2d_msgs/nav_2d_msgs/msg/rosidl_typesupport_fastrtps_cpp__visibility_control.h
[55.446s] -- Symlinking: /home/wheeltec/wheeltec_robot/install/nav_2d_msgs/include/nav_2d_msgs/nav_2d_msgs/msg/detail/path2_d__rosidl_typesupport_introspection_c.h
[55.446s] -- Symlinking: /home/wheeltec/wheeltec_robot/install/nav_2d_msgs/include/nav_2d_msgs/nav_2d_msgs/msg/detail/pose2_d32__rosidl_typesupport_introspection_c.h
[55.446s] -- Symlinking: /home/wheeltec/wheeltec_robot/install/nav_2d_msgs/include/nav_2d_msgs/nav_2d_msgs/msg/detail/pose2_d_stamped__rosidl_typesupport_introspection_c.h
[55.446s] -- Symlinking: /home/wheeltec/wheeltec_robot/install/nav_2d_msgs/include/nav_2d_msgs/nav_2d_msgs/msg/detail/twist2_d32__rosidl_typesupport_introspection_c.h
[55.446s] -- Symlinking: /home/wheeltec/wheeltec_robot/install/nav_2d_msgs/include/nav_2d_msgs/nav_2d_msgs/msg/detail/twist2_d__rosidl_typesupport_introspection_c.h
[55.447s] -- Symlinking: /home/wheeltec/wheeltec_robot/install/nav_2d_msgs/include/nav_2d_msgs/nav_2d_msgs/msg/detail/twist2_d_stamped__rosidl_typesupport_introspection_c.h
[55.447s] -- Symlinking: /home/wheeltec/wheeltec_robot/install/nav_2d_msgs/include/nav_2d_msgs/nav_2d_msgs/msg/rosidl_typesupport_introspection_c__visibility_control.h
[55.447s] -- Symlinking: /home/wheeltec/wheeltec_robot/install/nav_2d_msgs/include/nav_2d_msgs/nav_2d_msgs/msg/detail/path2_d__rosidl_typesupport_introspection_cpp.hpp
[55.447s] -- Symlinking: /home/wheeltec/wheeltec_robot/install/nav_2d_msgs/include/nav_2d_msgs/nav_2d_msgs/msg/detail/pose2_d32__rosidl_typesupport_introspection_cpp.hpp
[55.447s] -- Symlinking: /home/wheeltec/wheeltec_robot/install/nav_2d_msgs/include/nav_2d_msgs/nav_2d_msgs/msg/detail/pose2_d_stamped__rosidl_typesupport_introspection_cpp.hpp
[55.447s] -- Symlinking: /home/wheeltec/wheeltec_robot/install/nav_2d_msgs/include/nav_2d_msgs/nav_2d_msgs/msg/detail/twist2_d32__rosidl_typesupport_introspection_cpp.hpp
[55.447s] -- Symlinking: /home/wheeltec/wheeltec_robot/install/nav_2d_msgs/include/nav_2d_msgs/nav_2d_msgs/msg/detail/twist2_d__rosidl_typesupport_introspection_cpp.hpp
[55.447s] -- Symlinking: /home/wheeltec/wheeltec_robot/install/nav_2d_msgs/include/nav_2d_msgs/nav_2d_msgs/msg/detail/twist2_d_stamped__rosidl_typesupport_introspection_cpp.hpp
[55.447s] -- Symlinking: /home/wheeltec/wheeltec_robot/install/nav_2d_msgs/share/nav_2d_msgs/environment/pythonpath.sh
[55.447s] -- Symlinking: /home/wheeltec/wheeltec_robot/install/nav_2d_msgs/share/nav_2d_msgs/environment/pythonpath.dsv
[55.447s] -- Symlinking: /home/wheeltec/wheeltec_robot/install/nav_2d_msgs/local/lib/python3.10/dist-packages/nav_2d_msgs-1.1.6-py3.10.egg-info/PKG-INFO
[55.448s] -- Symlinking: /home/wheeltec/wheeltec_robot/install/nav_2d_msgs/local/lib/python3.10/dist-packages/nav_2d_msgs-1.1.6-py3.10.egg-info/SOURCES.txt
[55.448s] -- Symlinking: /home/wheeltec/wheeltec_robot/install/nav_2d_msgs/local/lib/python3.10/dist-packages/nav_2d_msgs-1.1.6-py3.10.egg-info/dependency_links.txt
[55.448s] -- Symlinking: /home/wheeltec/wheeltec_robot/install/nav_2d_msgs/local/lib/python3.10/dist-packages/nav_2d_msgs-1.1.6-py3.10.egg-info/top_level.txt
[55.448s] -- Symlinking: /home/wheeltec/wheeltec_robot/install/nav_2d_msgs/local/lib/python3.10/dist-packages/nav_2d_msgs/__init__.py
[55.448s] -- Symlinking: /home/wheeltec/wheeltec_robot/install/nav_2d_msgs/local/lib/python3.10/dist-packages/nav_2d_msgs/_nav_2d_msgs_s.ep.rosidl_typesupport_c.c
[55.448s] -- Symlinking: /home/wheeltec/wheeltec_robot/install/nav_2d_msgs/local/lib/python3.10/dist-packages/nav_2d_msgs/_nav_2d_msgs_s.ep.rosidl_typesupport_fastrtps_c.c
[55.448s] -- Symlinking: /home/wheeltec/wheeltec_robot/install/nav_2d_msgs/local/lib/python3.10/dist-packages/nav_2d_msgs/_nav_2d_msgs_s.ep.rosidl_typesupport_introspection_c.c
[55.448s] -- Symlinking: /home/wheeltec/wheeltec_robot/install/nav_2d_msgs/local/lib/python3.10/dist-packages/nav_2d_msgs/libnav_2d_msgs__rosidl_generator_py.so
[55.448s] -- Symlinking: /home/wheeltec/wheeltec_robot/install/nav_2d_msgs/local/lib/python3.10/dist-packages/nav_2d_msgs/msg/__init__.py
[55.448s] -- Symlinking: /home/wheeltec/wheeltec_robot/install/nav_2d_msgs/local/lib/python3.10/dist-packages/nav_2d_msgs/msg/_path2_d.py
[55.448s] -- Symlinking: /home/wheeltec/wheeltec_robot/install/nav_2d_msgs/local/lib/python3.10/dist-packages/nav_2d_msgs/msg/_path2_d_s.c
[55.448s] -- Symlinking: /home/wheeltec/wheeltec_robot/install/nav_2d_msgs/local/lib/python3.10/dist-packages/nav_2d_msgs/msg/_pose2_d32.py
[55.449s] -- Symlinking: /home/wheeltec/wheeltec_robot/install/nav_2d_msgs/local/lib/python3.10/dist-packages/nav_2d_msgs/msg/_pose2_d32_s.c
[55.449s] -- Symlinking: /home/wheeltec/wheeltec_robot/install/nav_2d_msgs/local/lib/python3.10/dist-packages/nav_2d_msgs/msg/_pose2_d_stamped.py
[55.449s] -- Symlinking: /home/wheeltec/wheeltec_robot/install/nav_2d_msgs/local/lib/python3.10/dist-packages/nav_2d_msgs/msg/_pose2_d_stamped_s.c
[55.449s] -- Symlinking: /home/wheeltec/wheeltec_robot/install/nav_2d_msgs/local/lib/python3.10/dist-packages/nav_2d_msgs/msg/_twist2_d.py
[55.449s] -- Symlinking: /home/wheeltec/wheeltec_robot/install/nav_2d_msgs/local/lib/python3.10/dist-packages/nav_2d_msgs/msg/_twist2_d32.py
[55.449s] -- Symlinking: /home/wheeltec/wheeltec_robot/install/nav_2d_msgs/local/lib/python3.10/dist-packages/nav_2d_msgs/msg/_twist2_d32_s.c
[55.449s] -- Symlinking: /home/wheeltec/wheeltec_robot/install/nav_2d_msgs/local/lib/python3.10/dist-packages/nav_2d_msgs/msg/_twist2_d_s.c
[55.449s] -- Symlinking: /home/wheeltec/wheeltec_robot/install/nav_2d_msgs/local/lib/python3.10/dist-packages/nav_2d_msgs/msg/_twist2_d_stamped.py
[55.449s] -- Symlinking: /home/wheeltec/wheeltec_robot/install/nav_2d_msgs/local/lib/python3.10/dist-packages/nav_2d_msgs/msg/_twist2_d_stamped_s.c
[55.449s] -- Symlinking: /home/wheeltec/wheeltec_robot/install/nav_2d_msgs/local/lib/python3.10/dist-packages/nav_2d_msgs/nav_2d_msgs_s__rosidl_typesupport_c.cpython-310-aarch64-linux-gnu.so
[55.449s] -- Symlinking: /home/wheeltec/wheeltec_robot/install/nav_2d_msgs/local/lib/python3.10/dist-packages/nav_2d_msgs/nav_2d_msgs_s__rosidl_typesupport_fastrtps_c.cpython-310-aarch64-linux-gnu.so
[55.450s] -- Symlinking: /home/wheeltec/wheeltec_robot/install/nav_2d_msgs/local/lib/python3.10/dist-packages/nav_2d_msgs/nav_2d_msgs_s__rosidl_typesupport_introspection_c.cpython-310-aarch64-linux-gnu.so
[55.450s] -- Up-to-date symlink: /home/wheeltec/wheeltec_robot/install/nav_2d_msgs/local/lib/python3.10/dist-packages/nav_2d_msgs/nav_2d_msgs_s__rosidl_typesupport_fastrtps_c.cpython-310-aarch64-linux-gnu.so
[55.450s] -- Up-to-date symlink: /home/wheeltec/wheeltec_robot/install/nav_2d_msgs/local/lib/python3.10/dist-packages/nav_2d_msgs/nav_2d_msgs_s__rosidl_typesupport_introspection_c.cpython-310-aarch64-linux-gnu.so
[55.450s] -- Up-to-date symlink: /home/wheeltec/wheeltec_robot/install/nav_2d_msgs/local/lib/python3.10/dist-packages/nav_2d_msgs/nav_2d_msgs_s__rosidl_typesupport_c.cpython-310-aarch64-linux-gnu.so
[55.450s] -- Symlinking: /home/wheeltec/wheeltec_robot/install/nav_2d_msgs/share/nav_2d_msgs/msg/Path2D.idl
[55.450s] -- Symlinking: /home/wheeltec/wheeltec_robot/install/nav_2d_msgs/share/nav_2d_msgs/msg/Pose2D32.idl
[55.450s] -- Symlinking: /home/wheeltec/wheeltec_robot/install/nav_2d_msgs/share/nav_2d_msgs/msg/Pose2DStamped.idl
[55.450s] -- Symlinking: /home/wheeltec/wheeltec_robot/install/nav_2d_msgs/share/nav_2d_msgs/msg/Twist2D.idl
[55.450s] -- Symlinking: /home/wheeltec/wheeltec_robot/install/nav_2d_msgs/share/nav_2d_msgs/msg/Twist2D32.idl
[55.450s] -- Symlinking: /home/wheeltec/wheeltec_robot/install/nav_2d_msgs/share/nav_2d_msgs/msg/Twist2DStamped.idl
[55.450s] -- Symlinking: /home/wheeltec/wheeltec_robot/install/nav_2d_msgs/share/nav_2d_msgs/msg/Path2D.msg
[55.451s] -- Symlinking: /home/wheeltec/wheeltec_robot/install/nav_2d_msgs/share/nav_2d_msgs/msg/Pose2D32.msg
[55.451s] -- Symlinking: /home/wheeltec/wheeltec_robot/install/nav_2d_msgs/share/nav_2d_msgs/msg/Pose2DStamped.msg
[55.451s] -- Symlinking: /home/wheeltec/wheeltec_robot/install/nav_2d_msgs/share/nav_2d_msgs/msg/Twist2D.msg
[55.451s] -- Symlinking: /home/wheeltec/wheeltec_robot/install/nav_2d_msgs/share/nav_2d_msgs/msg/Twist2D32.msg
[55.451s] -- Symlinking: /home/wheeltec/wheeltec_robot/install/nav_2d_msgs/share/nav_2d_msgs/msg/Twist2DStamped.msg
[55.466s] -- Symlinking: /home/wheeltec/wheeltec_robot/install/nav_2d_msgs/share/ament_index/resource_index/package_run_dependencies/nav_2d_msgs
[55.492s] -- Symlinking: /home/wheeltec/wheeltec_robot/install/nav_2d_msgs/share/ament_index/resource_index/parent_prefix_path/nav_2d_msgs
[55.509s] -- Symlinking: /home/wheeltec/wheeltec_robot/install/nav_2d_msgs/share/nav_2d_msgs/environment/ament_prefix_path.sh
[55.525s] -- Symlinking: /home/wheeltec/wheeltec_robot/install/nav_2d_msgs/share/nav_2d_msgs/environment/ament_prefix_path.dsv
[55.540s] -- Symlinking: /home/wheeltec/wheeltec_robot/install/nav_2d_msgs/share/nav_2d_msgs/environment/path.sh
[55.555s] -- Symlinking: /home/wheeltec/wheeltec_robot/install/nav_2d_msgs/share/nav_2d_msgs/environment/path.dsv
[55.573s] -- Symlinking: /home/wheeltec/wheeltec_robot/install/nav_2d_msgs/share/nav_2d_msgs/local_setup.bash
[55.588s] -- Symlinking: /home/wheeltec/wheeltec_robot/install/nav_2d_msgs/share/nav_2d_msgs/local_setup.sh
[55.603s] -- Symlinking: /home/wheeltec/wheeltec_robot/install/nav_2d_msgs/share/nav_2d_msgs/local_setup.zsh
[55.620s] -- Symlinking: /home/wheeltec/wheeltec_robot/install/nav_2d_msgs/share/nav_2d_msgs/local_setup.dsv
[55.635s] -- Symlinking: /home/wheeltec/wheeltec_robot/install/nav_2d_msgs/share/nav_2d_msgs/package.dsv
[55.651s] -- Symlinking: /home/wheeltec/wheeltec_robot/install/nav_2d_msgs/share/ament_index/resource_index/packages/nav_2d_msgs
[55.685s] -- Symlinking: /home/wheeltec/wheeltec_robot/install/nav_2d_msgs/share/nav_2d_msgs/cmake/rosidl_cmake-extras.cmake
[55.705s] -- Symlinking: /home/wheeltec/wheeltec_robot/install/nav_2d_msgs/share/nav_2d_msgs/cmake/ament_cmake_export_dependencies-extras.cmake
[55.723s] -- Symlinking: /home/wheeltec/wheeltec_robot/install/nav_2d_msgs/share/nav_2d_msgs/cmake/ament_cmake_export_include_directories-extras.cmake
[55.757s] -- Symlinking: /home/wheeltec/wheeltec_robot/install/nav_2d_msgs/share/nav_2d_msgs/cmake/ament_cmake_export_libraries-extras.cmake
[55.772s] -- Symlinking: /home/wheeltec/wheeltec_robot/install/nav_2d_msgs/share/nav_2d_msgs/cmake/ament_cmake_export_targets-extras.cmake
[55.794s] -- Symlinking: /home/wheeltec/wheeltec_robot/install/nav_2d_msgs/share/nav_2d_msgs/cmake/rosidl_cmake_export_typesupport_targets-extras.cmake
[55.840s] -- Symlinking: /home/wheeltec/wheeltec_robot/install/nav_2d_msgs/share/nav_2d_msgs/cmake/rosidl_cmake_export_typesupport_libraries-extras.cmake
[55.854s] -- Symlinking: /home/wheeltec/wheeltec_robot/install/nav_2d_msgs/share/nav_2d_msgs/cmake/nav_2d_msgsConfig.cmake
[55.890s] -- Symlinking: /home/wheeltec/wheeltec_robot/install/nav_2d_msgs/share/nav_2d_msgs/cmake/nav_2d_msgsConfig-version.cmake
[55.905s] -- Symlinking: /home/wheeltec/wheeltec_robot/install/nav_2d_msgs/share/nav_2d_msgs/package.xml
[55.924s] -- Installing: /home/wheeltec/wheeltec_robot/install/nav_2d_msgs/lib/libnav_2d_msgs__rosidl_generator_c.so
[55.924s] -- Set runtime path of "/home/wheeltec/wheeltec_robot/install/nav_2d_msgs/lib/libnav_2d_msgs__rosidl_generator_c.so" to ""
[55.924s] -- Installing: /home/wheeltec/wheeltec_robot/install/nav_2d_msgs/lib/libnav_2d_msgs__rosidl_typesupport_fastrtps_c.so
[55.925s] -- Set runtime path of "/home/wheeltec/wheeltec_robot/install/nav_2d_msgs/lib/libnav_2d_msgs__rosidl_typesupport_fastrtps_c.so" to ""
[55.925s] -- Installing: /home/wheeltec/wheeltec_robot/install/nav_2d_msgs/lib/libnav_2d_msgs__rosidl_typesupport_fastrtps_cpp.so
[55.926s] -- Set runtime path of "/home/wheeltec/wheeltec_robot/install/nav_2d_msgs/lib/libnav_2d_msgs__rosidl_typesupport_fastrtps_cpp.so" to ""
[55.927s] -- Installing: /home/wheeltec/wheeltec_robot/install/nav_2d_msgs/lib/libnav_2d_msgs__rosidl_typesupport_introspection_c.so
[55.927s] -- Set runtime path of "/home/wheeltec/wheeltec_robot/install/nav_2d_msgs/lib/libnav_2d_msgs__rosidl_typesupport_introspection_c.so" to ""
[55.928s] -- Installing: /home/wheeltec/wheeltec_robot/install/nav_2d_msgs/lib/libnav_2d_msgs__rosidl_typesupport_c.so
[55.928s] -- Set runtime path of "/home/wheeltec/wheeltec_robot/install/nav_2d_msgs/lib/libnav_2d_msgs__rosidl_typesupport_c.so" to ""
[55.928s] -- Installing: /home/wheeltec/wheeltec_robot/install/nav_2d_msgs/lib/libnav_2d_msgs__rosidl_typesupport_introspection_cpp.so
[55.929s] -- Set runtime path of "/home/wheeltec/wheeltec_robot/install/nav_2d_msgs/lib/libnav_2d_msgs__rosidl_typesupport_introspection_cpp.so" to ""
[55.931s] -- Installing: /home/wheeltec/wheeltec_robot/install/nav_2d_msgs/lib/libnav_2d_msgs__rosidl_typesupport_cpp.so
[55.931s] -- Set runtime path of "/home/wheeltec/wheeltec_robot/install/nav_2d_msgs/lib/libnav_2d_msgs__rosidl_typesupport_cpp.so" to ""
[56.011s] Listing '/home/wheeltec/wheeltec_robot/install/nav_2d_msgs/local/lib/python3.10/dist-packages/nav_2d_msgs'...
[56.011s] Compiling '/home/wheeltec/wheeltec_robot/install/nav_2d_msgs/local/lib/python3.10/dist-packages/nav_2d_msgs/__init__.py'...
[56.011s] Listing '/home/wheeltec/wheeltec_robot/install/nav_2d_msgs/local/lib/python3.10/dist-packages/nav_2d_msgs/msg'...
[56.011s] Compiling '/home/wheeltec/wheeltec_robot/install/nav_2d_msgs/local/lib/python3.10/dist-packages/nav_2d_msgs/msg/__init__.py'...
[56.011s] Compiling '/home/wheeltec/wheeltec_robot/install/nav_2d_msgs/local/lib/python3.10/dist-packages/nav_2d_msgs/msg/_path2_d.py'...
[56.011s] Compiling '/home/wheeltec/wheeltec_robot/install/nav_2d_msgs/local/lib/python3.10/dist-packages/nav_2d_msgs/msg/_pose2_d32.py'...
[56.011s] Compiling '/home/wheeltec/wheeltec_robot/install/nav_2d_msgs/local/lib/python3.10/dist-packages/nav_2d_msgs/msg/_pose2_d_stamped.py'...
[56.011s] Compiling '/home/wheeltec/wheeltec_robot/install/nav_2d_msgs/local/lib/python3.10/dist-packages/nav_2d_msgs/msg/_twist2_d.py'...
[56.011s] Compiling '/home/wheeltec/wheeltec_robot/install/nav_2d_msgs/local/lib/python3.10/dist-packages/nav_2d_msgs/msg/_twist2_d32.py'...
[56.012s] Compiling '/home/wheeltec/wheeltec_robot/install/nav_2d_msgs/local/lib/python3.10/dist-packages/nav_2d_msgs/msg/_twist2_d_stamped.py'...
[56.023s] -- Installing: /home/wheeltec/wheeltec_robot/install/nav_2d_msgs/lib/libnav_2d_msgs__rosidl_generator_py.so
[56.024s] -- Set runtime path of "/home/wheeltec/wheeltec_robot/install/nav_2d_msgs/lib/libnav_2d_msgs__rosidl_generator_py.so" to ""
[56.024s] -- Installing: /home/wheeltec/wheeltec_robot/install/nav_2d_msgs/share/nav_2d_msgs/cmake/export_nav_2d_msgs__rosidl_generator_cExport.cmake
[56.025s] -- Installing: /home/wheeltec/wheeltec_robot/install/nav_2d_msgs/share/nav_2d_msgs/cmake/export_nav_2d_msgs__rosidl_generator_cExport-noconfig.cmake
[56.025s] -- Installing: /home/wheeltec/wheeltec_robot/install/nav_2d_msgs/share/nav_2d_msgs/cmake/export_nav_2d_msgs__rosidl_typesupport_fastrtps_cExport.cmake
[56.025s] -- Installing: /home/wheeltec/wheeltec_robot/install/nav_2d_msgs/share/nav_2d_msgs/cmake/export_nav_2d_msgs__rosidl_typesupport_fastrtps_cExport-noconfig.cmake
[56.026s] -- Installing: /home/wheeltec/wheeltec_robot/install/nav_2d_msgs/share/nav_2d_msgs/cmake/export_nav_2d_msgs__rosidl_generator_cppExport.cmake
[56.026s] -- Installing: /home/wheeltec/wheeltec_robot/install/nav_2d_msgs/share/nav_2d_msgs/cmake/export_nav_2d_msgs__rosidl_typesupport_fastrtps_cppExport.cmake
[56.026s] -- Installing: /home/wheeltec/wheeltec_robot/install/nav_2d_msgs/share/nav_2d_msgs/cmake/export_nav_2d_msgs__rosidl_typesupport_fastrtps_cppExport-noconfig.cmake
[56.027s] -- Installing: /home/wheeltec/wheeltec_robot/install/nav_2d_msgs/share/nav_2d_msgs/cmake/nav_2d_msgs__rosidl_typesupport_introspection_cExport.cmake
[56.027s] -- Installing: /home/wheeltec/wheeltec_robot/install/nav_2d_msgs/share/nav_2d_msgs/cmake/nav_2d_msgs__rosidl_typesupport_introspection_cExport-noconfig.cmake
[56.027s] -- Installing: /home/wheeltec/wheeltec_robot/install/nav_2d_msgs/share/nav_2d_msgs/cmake/nav_2d_msgs__rosidl_typesupport_cExport.cmake
[56.028s] -- Installing: /home/wheeltec/wheeltec_robot/install/nav_2d_msgs/share/nav_2d_msgs/cmake/nav_2d_msgs__rosidl_typesupport_cExport-noconfig.cmake
[56.028s] -- Installing: /home/wheeltec/wheeltec_robot/install/nav_2d_msgs/share/nav_2d_msgs/cmake/nav_2d_msgs__rosidl_typesupport_introspection_cppExport.cmake
[56.028s] -- Installing: /home/wheeltec/wheeltec_robot/install/nav_2d_msgs/share/nav_2d_msgs/cmake/nav_2d_msgs__rosidl_typesupport_introspection_cppExport-noconfig.cmake
[56.029s] -- Installing: /home/wheeltec/wheeltec_robot/install/nav_2d_msgs/share/nav_2d_msgs/cmake/nav_2d_msgs__rosidl_typesupport_cppExport.cmake
[56.029s] -- Installing: /home/wheeltec/wheeltec_robot/install/nav_2d_msgs/share/nav_2d_msgs/cmake/nav_2d_msgs__rosidl_typesupport_cppExport-noconfig.cmake
[56.029s] -- Installing: /home/wheeltec/wheeltec_robot/install/nav_2d_msgs/share/nav_2d_msgs/cmake/export_nav_2d_msgs__rosidl_generator_pyExport.cmake
[56.030s] -- Installing: /home/wheeltec/wheeltec_robot/install/nav_2d_msgs/share/nav_2d_msgs/cmake/export_nav_2d_msgs__rosidl_generator_pyExport-noconfig.cmake
[56.035s] Invoked command in '/home/wheeltec/wheeltec_robot/build/nav_2d_msgs' returned '0': CMAKE_PREFIX_PATH=/opt/ros/humble /usr/bin/cmake --install /home/wheeltec/wheeltec_robot/build/nav_2d_msgs
