[0.073s] Invoking command in '/home/wheeltec/wheeltec_robot/build/nav_2d_msgs': CMAKE_PREFIX_PATH=${CMAKE_PREFIX_PATH}:/opt/ros/humble /usr/bin/cmake --build /home/wheeltec/wheeltec_robot/build/nav_2d_msgs -- -j8 -l8
[0.234s] [  1%] Built target nav_2d_msgs__cpp
[0.258s] [  1%] Built target ament_cmake_python_symlink_nav_2d_msgs
[0.289s] [ 12%] Built target nav_2d_msgs__rosidl_generator_c
[0.377s] [ 23%] Built target nav_2d_msgs__rosidl_typesupport_cpp
[0.431s] [ 35%] Built target nav_2d_msgs__rosidl_typesupport_fastrtps_cpp
[0.481s] [ 46%] Built target nav_2d_msgs__rosidl_typesupport_introspection_cpp
[0.511s] [ 57%] Built target nav_2d_msgs__rosidl_typesupport_c
[0.570s] [ 69%] Built target nav_2d_msgs__rosidl_typesupport_introspection_c
[0.589s] [ 80%] Built target nav_2d_msgs__rosidl_typesupport_fastrtps_c
[0.695s] [ 80%] Built target nav_2d_msgs
[0.846s] [ 81%] Built target nav_2d_msgs__py
[0.961s] [ 91%] Built target nav_2d_msgs__rosidl_generator_py
[1.116s] [ 94%] Built target nav_2d_msgs__rosidl_typesupport_fastrtps_c__pyext
[1.169s] [ 97%] Built target nav_2d_msgs__rosidl_typesupport_introspection_c__pyext
[1.267s] [100%] Built target nav_2d_msgs__rosidl_typesupport_c__pyext
[1.462s] running egg_info
[1.507s] writing nav_2d_msgs.egg-info/PKG-INFO
[1.508s] writing dependency_links to nav_2d_msgs.egg-info/dependency_links.txt
[1.509s] writing top-level names to nav_2d_msgs.egg-info/top_level.txt
[1.690s] reading manifest file 'nav_2d_msgs.egg-info/SOURCES.txt'
[1.690s] writing manifest file 'nav_2d_msgs.egg-info/SOURCES.txt'
[1.742s] [100%] Built target ament_cmake_python_build_nav_2d_msgs_egg
[1.767s] Invoked command in '/home/wheeltec/wheeltec_robot/build/nav_2d_msgs' returned '0': CMAKE_PREFIX_PATH=${CMAKE_PREFIX_PATH}:/opt/ros/humble /usr/bin/cmake --build /home/wheeltec/wheeltec_robot/build/nav_2d_msgs -- -j8 -l8
[1.768s] Invoking command in '/home/wheeltec/wheeltec_robot/build/nav_2d_msgs': CMAKE_PREFIX_PATH=${CMAKE_PREFIX_PATH}:/opt/ros/humble /usr/bin/cmake --install /home/wheeltec/wheeltec_robot/build/nav_2d_msgs
[1.939s] -- Install configuration: ""
[1.939s] -- Execute custom install script
[1.939s] -- Up-to-date symlink: /home/wheeltec/wheeltec_robot/install/nav_2d_msgs/share/ament_index/resource_index/rosidl_interfaces/nav_2d_msgs
[1.939s] -- Up-to-date symlink: /home/wheeltec/wheeltec_robot/install/nav_2d_msgs/include/nav_2d_msgs/nav_2d_msgs/msg/detail/path2_d__functions.h
[1.939s] -- Up-to-date symlink: /home/wheeltec/wheeltec_robot/install/nav_2d_msgs/include/nav_2d_msgs/nav_2d_msgs/msg/detail/path2_d__struct.h
[1.943s] -- Up-to-date symlink: /home/wheeltec/wheeltec_robot/install/nav_2d_msgs/include/nav_2d_msgs/nav_2d_msgs/msg/detail/path2_d__type_support.h
[1.943s] -- Up-to-date symlink: /home/wheeltec/wheeltec_robot/install/nav_2d_msgs/include/nav_2d_msgs/nav_2d_msgs/msg/detail/pose2_d32__functions.h
[1.944s] -- Up-to-date symlink: /home/wheeltec/wheeltec_robot/install/nav_2d_msgs/include/nav_2d_msgs/nav_2d_msgs/msg/detail/pose2_d32__struct.h
[1.944s] -- Up-to-date symlink: /home/wheeltec/wheeltec_robot/install/nav_2d_msgs/include/nav_2d_msgs/nav_2d_msgs/msg/detail/pose2_d32__type_support.h
[1.944s] -- Up-to-date symlink: /home/wheeltec/wheeltec_robot/install/nav_2d_msgs/include/nav_2d_msgs/nav_2d_msgs/msg/detail/pose2_d_stamped__functions.h
[1.944s] -- Up-to-date symlink: /home/wheeltec/wheeltec_robot/install/nav_2d_msgs/include/nav_2d_msgs/nav_2d_msgs/msg/detail/pose2_d_stamped__struct.h
[1.944s] -- Up-to-date symlink: /home/wheeltec/wheeltec_robot/install/nav_2d_msgs/include/nav_2d_msgs/nav_2d_msgs/msg/detail/pose2_d_stamped__type_support.h
[1.944s] -- Up-to-date symlink: /home/wheeltec/wheeltec_robot/install/nav_2d_msgs/include/nav_2d_msgs/nav_2d_msgs/msg/detail/twist2_d32__functions.h
[1.944s] -- Up-to-date symlink: /home/wheeltec/wheeltec_robot/install/nav_2d_msgs/include/nav_2d_msgs/nav_2d_msgs/msg/detail/twist2_d32__struct.h
[1.944s] -- Up-to-date symlink: /home/wheeltec/wheeltec_robot/install/nav_2d_msgs/include/nav_2d_msgs/nav_2d_msgs/msg/detail/twist2_d32__type_support.h
[1.945s] -- Up-to-date symlink: /home/wheeltec/wheeltec_robot/install/nav_2d_msgs/include/nav_2d_msgs/nav_2d_msgs/msg/detail/twist2_d__functions.h
[1.945s] -- Up-to-date symlink: /home/wheeltec/wheeltec_robot/install/nav_2d_msgs/include/nav_2d_msgs/nav_2d_msgs/msg/detail/twist2_d__struct.h
[1.945s] -- Up-to-date symlink: /home/wheeltec/wheeltec_robot/install/nav_2d_msgs/include/nav_2d_msgs/nav_2d_msgs/msg/detail/twist2_d__type_support.h
[1.945s] -- Up-to-date symlink: /home/wheeltec/wheeltec_robot/install/nav_2d_msgs/include/nav_2d_msgs/nav_2d_msgs/msg/detail/twist2_d_stamped__functions.h
[1.945s] -- Up-to-date symlink: /home/wheeltec/wheeltec_robot/install/nav_2d_msgs/include/nav_2d_msgs/nav_2d_msgs/msg/detail/twist2_d_stamped__struct.h
[1.945s] -- Up-to-date symlink: /home/wheeltec/wheeltec_robot/install/nav_2d_msgs/include/nav_2d_msgs/nav_2d_msgs/msg/detail/twist2_d_stamped__type_support.h
[1.945s] -- Up-to-date symlink: /home/wheeltec/wheeltec_robot/install/nav_2d_msgs/include/nav_2d_msgs/nav_2d_msgs/msg/path2_d.h
[1.945s] -- Up-to-date symlink: /home/wheeltec/wheeltec_robot/install/nav_2d_msgs/include/nav_2d_msgs/nav_2d_msgs/msg/pose2_d32.h
[1.945s] -- Up-to-date symlink: /home/wheeltec/wheeltec_robot/install/nav_2d_msgs/include/nav_2d_msgs/nav_2d_msgs/msg/pose2_d_stamped.h
[1.945s] -- Up-to-date symlink: /home/wheeltec/wheeltec_robot/install/nav_2d_msgs/include/nav_2d_msgs/nav_2d_msgs/msg/rosidl_generator_c__visibility_control.h
[1.946s] -- Up-to-date symlink: /home/wheeltec/wheeltec_robot/install/nav_2d_msgs/include/nav_2d_msgs/nav_2d_msgs/msg/twist2_d.h
[1.946s] -- Up-to-date symlink: /home/wheeltec/wheeltec_robot/install/nav_2d_msgs/include/nav_2d_msgs/nav_2d_msgs/msg/twist2_d32.h
[1.946s] -- Up-to-date symlink: /home/wheeltec/wheeltec_robot/install/nav_2d_msgs/include/nav_2d_msgs/nav_2d_msgs/msg/twist2_d_stamped.h
[1.946s] -- Up-to-date symlink: /home/wheeltec/wheeltec_robot/install/nav_2d_msgs/share/nav_2d_msgs/environment/library_path.sh
[1.946s] -- Up-to-date symlink: /home/wheeltec/wheeltec_robot/install/nav_2d_msgs/share/nav_2d_msgs/environment/library_path.dsv
[1.946s] -- Up-to-date symlink: /home/wheeltec/wheeltec_robot/install/nav_2d_msgs/include/nav_2d_msgs/nav_2d_msgs/msg/detail/path2_d__rosidl_typesupport_fastrtps_c.h
[1.946s] -- Up-to-date symlink: /home/wheeltec/wheeltec_robot/install/nav_2d_msgs/include/nav_2d_msgs/nav_2d_msgs/msg/detail/pose2_d32__rosidl_typesupport_fastrtps_c.h
[1.946s] -- Up-to-date symlink: /home/wheeltec/wheeltec_robot/install/nav_2d_msgs/include/nav_2d_msgs/nav_2d_msgs/msg/detail/pose2_d_stamped__rosidl_typesupport_fastrtps_c.h
[1.946s] -- Up-to-date symlink: /home/wheeltec/wheeltec_robot/install/nav_2d_msgs/include/nav_2d_msgs/nav_2d_msgs/msg/detail/twist2_d32__rosidl_typesupport_fastrtps_c.h
[1.946s] -- Up-to-date symlink: /home/wheeltec/wheeltec_robot/install/nav_2d_msgs/include/nav_2d_msgs/nav_2d_msgs/msg/detail/twist2_d__rosidl_typesupport_fastrtps_c.h
[1.946s] -- Up-to-date symlink: /home/wheeltec/wheeltec_robot/install/nav_2d_msgs/include/nav_2d_msgs/nav_2d_msgs/msg/detail/twist2_d_stamped__rosidl_typesupport_fastrtps_c.h
[1.947s] -- Up-to-date symlink: /home/wheeltec/wheeltec_robot/install/nav_2d_msgs/include/nav_2d_msgs/nav_2d_msgs/msg/rosidl_typesupport_fastrtps_c__visibility_control.h
[1.947s] -- Up-to-date symlink: /home/wheeltec/wheeltec_robot/install/nav_2d_msgs/include/nav_2d_msgs/nav_2d_msgs/msg/detail/path2_d__builder.hpp
[1.947s] -- Up-to-date symlink: /home/wheeltec/wheeltec_robot/install/nav_2d_msgs/include/nav_2d_msgs/nav_2d_msgs/msg/detail/path2_d__struct.hpp
[1.947s] -- Up-to-date symlink: /home/wheeltec/wheeltec_robot/install/nav_2d_msgs/include/nav_2d_msgs/nav_2d_msgs/msg/detail/path2_d__traits.hpp
[1.947s] -- Up-to-date symlink: /home/wheeltec/wheeltec_robot/install/nav_2d_msgs/include/nav_2d_msgs/nav_2d_msgs/msg/detail/path2_d__type_support.hpp
[1.947s] -- Up-to-date symlink: /home/wheeltec/wheeltec_robot/install/nav_2d_msgs/include/nav_2d_msgs/nav_2d_msgs/msg/detail/pose2_d32__builder.hpp
[1.947s] -- Up-to-date symlink: /home/wheeltec/wheeltec_robot/install/nav_2d_msgs/include/nav_2d_msgs/nav_2d_msgs/msg/detail/pose2_d32__struct.hpp
[1.947s] -- Up-to-date symlink: /home/wheeltec/wheeltec_robot/install/nav_2d_msgs/include/nav_2d_msgs/nav_2d_msgs/msg/detail/pose2_d32__traits.hpp
[1.947s] -- Up-to-date symlink: /home/wheeltec/wheeltec_robot/install/nav_2d_msgs/include/nav_2d_msgs/nav_2d_msgs/msg/detail/pose2_d32__type_support.hpp
[1.947s] -- Up-to-date symlink: /home/wheeltec/wheeltec_robot/install/nav_2d_msgs/include/nav_2d_msgs/nav_2d_msgs/msg/detail/pose2_d_stamped__builder.hpp
[1.948s] -- Up-to-date symlink: /home/wheeltec/wheeltec_robot/install/nav_2d_msgs/include/nav_2d_msgs/nav_2d_msgs/msg/detail/pose2_d_stamped__struct.hpp
[1.948s] -- Up-to-date symlink: /home/wheeltec/wheeltec_robot/install/nav_2d_msgs/include/nav_2d_msgs/nav_2d_msgs/msg/detail/pose2_d_stamped__traits.hpp
[1.948s] -- Up-to-date symlink: /home/wheeltec/wheeltec_robot/install/nav_2d_msgs/include/nav_2d_msgs/nav_2d_msgs/msg/detail/pose2_d_stamped__type_support.hpp
[1.948s] -- Up-to-date symlink: /home/wheeltec/wheeltec_robot/install/nav_2d_msgs/include/nav_2d_msgs/nav_2d_msgs/msg/detail/twist2_d32__builder.hpp
[1.948s] -- Up-to-date symlink: /home/wheeltec/wheeltec_robot/install/nav_2d_msgs/include/nav_2d_msgs/nav_2d_msgs/msg/detail/twist2_d32__struct.hpp
[1.948s] -- Up-to-date symlink: /home/wheeltec/wheeltec_robot/install/nav_2d_msgs/include/nav_2d_msgs/nav_2d_msgs/msg/detail/twist2_d32__traits.hpp
[1.948s] -- Up-to-date symlink: /home/wheeltec/wheeltec_robot/install/nav_2d_msgs/include/nav_2d_msgs/nav_2d_msgs/msg/detail/twist2_d32__type_support.hpp
[1.959s] -- Up-to-date symlink: /home/wheeltec/wheeltec_robot/install/nav_2d_msgs/include/nav_2d_msgs/nav_2d_msgs/msg/detail/twist2_d__builder.hpp
[1.960s] -- Up-to-date symlink: /home/wheeltec/wheeltec_robot/install/nav_2d_msgs/include/nav_2d_msgs/nav_2d_msgs/msg/detail/twist2_d__struct.hpp
[1.960s] -- Up-to-date symlink: /home/wheeltec/wheeltec_robot/install/nav_2d_msgs/include/nav_2d_msgs/nav_2d_msgs/msg/detail/twist2_d__traits.hpp
[1.960s] -- Up-to-date symlink: /home/wheeltec/wheeltec_robot/install/nav_2d_msgs/include/nav_2d_msgs/nav_2d_msgs/msg/detail/twist2_d__type_support.hpp
[1.961s] -- Up-to-date symlink: /home/wheeltec/wheeltec_robot/install/nav_2d_msgs/include/nav_2d_msgs/nav_2d_msgs/msg/detail/twist2_d_stamped__builder.hpp
[1.961s] -- Up-to-date symlink: /home/wheeltec/wheeltec_robot/install/nav_2d_msgs/include/nav_2d_msgs/nav_2d_msgs/msg/detail/twist2_d_stamped__struct.hpp
[1.961s] -- Up-to-date symlink: /home/wheeltec/wheeltec_robot/install/nav_2d_msgs/include/nav_2d_msgs/nav_2d_msgs/msg/detail/twist2_d_stamped__traits.hpp
[1.961s] -- Up-to-date symlink: /home/wheeltec/wheeltec_robot/install/nav_2d_msgs/include/nav_2d_msgs/nav_2d_msgs/msg/detail/twist2_d_stamped__type_support.hpp
[1.961s] -- Up-to-date symlink: /home/wheeltec/wheeltec_robot/install/nav_2d_msgs/include/nav_2d_msgs/nav_2d_msgs/msg/path2_d.hpp
[1.961s] -- Up-to-date symlink: /home/wheeltec/wheeltec_robot/install/nav_2d_msgs/include/nav_2d_msgs/nav_2d_msgs/msg/pose2_d32.hpp
[1.961s] -- Up-to-date symlink: /home/wheeltec/wheeltec_robot/install/nav_2d_msgs/include/nav_2d_msgs/nav_2d_msgs/msg/pose2_d_stamped.hpp
[1.961s] -- Up-to-date symlink: /home/wheeltec/wheeltec_robot/install/nav_2d_msgs/include/nav_2d_msgs/nav_2d_msgs/msg/rosidl_generator_cpp__visibility_control.hpp
[1.962s] -- Up-to-date symlink: /home/wheeltec/wheeltec_robot/install/nav_2d_msgs/include/nav_2d_msgs/nav_2d_msgs/msg/twist2_d.hpp
[1.962s] -- Up-to-date symlink: /home/wheeltec/wheeltec_robot/install/nav_2d_msgs/include/nav_2d_msgs/nav_2d_msgs/msg/twist2_d32.hpp
[1.962s] -- Up-to-date symlink: /home/wheeltec/wheeltec_robot/install/nav_2d_msgs/include/nav_2d_msgs/nav_2d_msgs/msg/twist2_d_stamped.hpp
[1.962s] -- Up-to-date symlink: /home/wheeltec/wheeltec_robot/install/nav_2d_msgs/include/nav_2d_msgs/nav_2d_msgs/msg/detail/path2_d__rosidl_typesupport_fastrtps_cpp.hpp
[1.962s] -- Up-to-date symlink: /home/wheeltec/wheeltec_robot/install/nav_2d_msgs/include/nav_2d_msgs/nav_2d_msgs/msg/detail/pose2_d32__rosidl_typesupport_fastrtps_cpp.hpp
[1.962s] -- Up-to-date symlink: /home/wheeltec/wheeltec_robot/install/nav_2d_msgs/include/nav_2d_msgs/nav_2d_msgs/msg/detail/pose2_d_stamped__rosidl_typesupport_fastrtps_cpp.hpp
[1.962s] -- Up-to-date symlink: /home/wheeltec/wheeltec_robot/install/nav_2d_msgs/include/nav_2d_msgs/nav_2d_msgs/msg/detail/twist2_d32__rosidl_typesupport_fastrtps_cpp.hpp
[1.962s] -- Up-to-date symlink: /home/wheeltec/wheeltec_robot/install/nav_2d_msgs/include/nav_2d_msgs/nav_2d_msgs/msg/detail/twist2_d__rosidl_typesupport_fastrtps_cpp.hpp
[1.969s] -- Up-to-date symlink: /home/wheeltec/wheeltec_robot/install/nav_2d_msgs/include/nav_2d_msgs/nav_2d_msgs/msg/detail/twist2_d_stamped__rosidl_typesupport_fastrtps_cpp.hpp
[1.969s] -- Up-to-date symlink: /home/wheeltec/wheeltec_robot/install/nav_2d_msgs/include/nav_2d_msgs/nav_2d_msgs/msg/rosidl_typesupport_fastrtps_cpp__visibility_control.h
[1.969s] -- Up-to-date symlink: /home/wheeltec/wheeltec_robot/install/nav_2d_msgs/include/nav_2d_msgs/nav_2d_msgs/msg/detail/path2_d__rosidl_typesupport_introspection_c.h
[1.969s] -- Up-to-date symlink: /home/wheeltec/wheeltec_robot/install/nav_2d_msgs/include/nav_2d_msgs/nav_2d_msgs/msg/detail/pose2_d32__rosidl_typesupport_introspection_c.h
[1.970s] -- Up-to-date symlink: /home/wheeltec/wheeltec_robot/install/nav_2d_msgs/include/nav_2d_msgs/nav_2d_msgs/msg/detail/pose2_d_stamped__rosidl_typesupport_introspection_c.h
[1.970s] -- Up-to-date symlink: /home/wheeltec/wheeltec_robot/install/nav_2d_msgs/include/nav_2d_msgs/nav_2d_msgs/msg/detail/twist2_d32__rosidl_typesupport_introspection_c.h
[1.970s] -- Up-to-date symlink: /home/wheeltec/wheeltec_robot/install/nav_2d_msgs/include/nav_2d_msgs/nav_2d_msgs/msg/detail/twist2_d__rosidl_typesupport_introspection_c.h
[1.970s] -- Up-to-date symlink: /home/wheeltec/wheeltec_robot/install/nav_2d_msgs/include/nav_2d_msgs/nav_2d_msgs/msg/detail/twist2_d_stamped__rosidl_typesupport_introspection_c.h
[1.970s] -- Up-to-date symlink: /home/wheeltec/wheeltec_robot/install/nav_2d_msgs/include/nav_2d_msgs/nav_2d_msgs/msg/rosidl_typesupport_introspection_c__visibility_control.h
[1.976s] -- Up-to-date symlink: /home/wheeltec/wheeltec_robot/install/nav_2d_msgs/include/nav_2d_msgs/nav_2d_msgs/msg/detail/path2_d__rosidl_typesupport_introspection_cpp.hpp
[1.977s] -- Up-to-date symlink: /home/wheeltec/wheeltec_robot/install/nav_2d_msgs/include/nav_2d_msgs/nav_2d_msgs/msg/detail/pose2_d32__rosidl_typesupport_introspection_cpp.hpp
[1.978s] -- Up-to-date symlink: /home/wheeltec/wheeltec_robot/install/nav_2d_msgs/include/nav_2d_msgs/nav_2d_msgs/msg/detail/pose2_d_stamped__rosidl_typesupport_introspection_cpp.hpp
[1.985s] -- Up-to-date symlink: /home/wheeltec/wheeltec_robot/install/nav_2d_msgs/include/nav_2d_msgs/nav_2d_msgs/msg/detail/twist2_d32__rosidl_typesupport_introspection_cpp.hpp
[1.986s] -- Up-to-date symlink: /home/wheeltec/wheeltec_robot/install/nav_2d_msgs/include/nav_2d_msgs/nav_2d_msgs/msg/detail/twist2_d__rosidl_typesupport_introspection_cpp.hpp
[1.987s] -- Up-to-date symlink: /home/wheeltec/wheeltec_robot/install/nav_2d_msgs/include/nav_2d_msgs/nav_2d_msgs/msg/detail/twist2_d_stamped__rosidl_typesupport_introspection_cpp.hpp
[1.988s] -- Up-to-date symlink: /home/wheeltec/wheeltec_robot/install/nav_2d_msgs/share/nav_2d_msgs/environment/pythonpath.sh
[1.989s] -- Up-to-date symlink: /home/wheeltec/wheeltec_robot/install/nav_2d_msgs/share/nav_2d_msgs/environment/pythonpath.dsv
[1.991s] -- Up-to-date symlink: /home/wheeltec/wheeltec_robot/install/nav_2d_msgs/local/lib/python3.10/dist-packages/nav_2d_msgs-1.1.6-py3.10.egg-info/PKG-INFO
[1.991s] -- Up-to-date symlink: /home/wheeltec/wheeltec_robot/install/nav_2d_msgs/local/lib/python3.10/dist-packages/nav_2d_msgs-1.1.6-py3.10.egg-info/SOURCES.txt
[1.991s] -- Up-to-date symlink: /home/wheeltec/wheeltec_robot/install/nav_2d_msgs/local/lib/python3.10/dist-packages/nav_2d_msgs-1.1.6-py3.10.egg-info/dependency_links.txt
[1.991s] -- Up-to-date symlink: /home/wheeltec/wheeltec_robot/install/nav_2d_msgs/local/lib/python3.10/dist-packages/nav_2d_msgs-1.1.6-py3.10.egg-info/top_level.txt
[1.999s] -- Up-to-date symlink: /home/wheeltec/wheeltec_robot/install/nav_2d_msgs/local/lib/python3.10/dist-packages/nav_2d_msgs/__init__.py
[1.999s] -- Up-to-date symlink: /home/wheeltec/wheeltec_robot/install/nav_2d_msgs/local/lib/python3.10/dist-packages/nav_2d_msgs/_nav_2d_msgs_s.ep.rosidl_typesupport_c.c
[1.999s] -- Up-to-date symlink: /home/wheeltec/wheeltec_robot/install/nav_2d_msgs/local/lib/python3.10/dist-packages/nav_2d_msgs/_nav_2d_msgs_s.ep.rosidl_typesupport_fastrtps_c.c
[1.999s] -- Up-to-date symlink: /home/wheeltec/wheeltec_robot/install/nav_2d_msgs/local/lib/python3.10/dist-packages/nav_2d_msgs/_nav_2d_msgs_s.ep.rosidl_typesupport_introspection_c.c
[1.999s] -- Up-to-date symlink: /home/wheeltec/wheeltec_robot/install/nav_2d_msgs/local/lib/python3.10/dist-packages/nav_2d_msgs/libnav_2d_msgs__rosidl_generator_py.so
[1.999s] -- Up-to-date symlink: /home/wheeltec/wheeltec_robot/install/nav_2d_msgs/local/lib/python3.10/dist-packages/nav_2d_msgs/msg/__init__.py
[2.020s] -- Up-to-date symlink: /home/wheeltec/wheeltec_robot/install/nav_2d_msgs/local/lib/python3.10/dist-packages/nav_2d_msgs/msg/_path2_d.py
[2.021s] -- Up-to-date symlink: /home/wheeltec/wheeltec_robot/install/nav_2d_msgs/local/lib/python3.10/dist-packages/nav_2d_msgs/msg/_path2_d_s.c
[2.021s] -- Up-to-date symlink: /home/wheeltec/wheeltec_robot/install/nav_2d_msgs/local/lib/python3.10/dist-packages/nav_2d_msgs/msg/_pose2_d32.py
[2.021s] -- Up-to-date symlink: /home/wheeltec/wheeltec_robot/install/nav_2d_msgs/local/lib/python3.10/dist-packages/nav_2d_msgs/msg/_pose2_d32_s.c
[2.021s] -- Up-to-date symlink: /home/wheeltec/wheeltec_robot/install/nav_2d_msgs/local/lib/python3.10/dist-packages/nav_2d_msgs/msg/_pose2_d_stamped.py
[2.021s] -- Up-to-date symlink: /home/wheeltec/wheeltec_robot/install/nav_2d_msgs/local/lib/python3.10/dist-packages/nav_2d_msgs/msg/_pose2_d_stamped_s.c
[2.022s] -- Up-to-date symlink: /home/wheeltec/wheeltec_robot/install/nav_2d_msgs/local/lib/python3.10/dist-packages/nav_2d_msgs/msg/_twist2_d.py
[2.022s] -- Up-to-date symlink: /home/wheeltec/wheeltec_robot/install/nav_2d_msgs/local/lib/python3.10/dist-packages/nav_2d_msgs/msg/_twist2_d32.py
[2.022s] -- Up-to-date symlink: /home/wheeltec/wheeltec_robot/install/nav_2d_msgs/local/lib/python3.10/dist-packages/nav_2d_msgs/msg/_twist2_d32_s.c
[2.022s] -- Up-to-date symlink: /home/wheeltec/wheeltec_robot/install/nav_2d_msgs/local/lib/python3.10/dist-packages/nav_2d_msgs/msg/_twist2_d_s.c
[2.022s] -- Up-to-date symlink: /home/wheeltec/wheeltec_robot/install/nav_2d_msgs/local/lib/python3.10/dist-packages/nav_2d_msgs/msg/_twist2_d_stamped.py
[2.022s] -- Up-to-date symlink: /home/wheeltec/wheeltec_robot/install/nav_2d_msgs/local/lib/python3.10/dist-packages/nav_2d_msgs/msg/_twist2_d_stamped_s.c
[2.022s] -- Up-to-date symlink: /home/wheeltec/wheeltec_robot/install/nav_2d_msgs/local/lib/python3.10/dist-packages/nav_2d_msgs/nav_2d_msgs_s__rosidl_typesupport_c.cpython-310-aarch64-linux-gnu.so
[2.022s] -- Up-to-date symlink: /home/wheeltec/wheeltec_robot/install/nav_2d_msgs/local/lib/python3.10/dist-packages/nav_2d_msgs/nav_2d_msgs_s__rosidl_typesupport_fastrtps_c.cpython-310-aarch64-linux-gnu.so
[2.022s] -- Up-to-date symlink: /home/wheeltec/wheeltec_robot/install/nav_2d_msgs/local/lib/python3.10/dist-packages/nav_2d_msgs/nav_2d_msgs_s__rosidl_typesupport_introspection_c.cpython-310-aarch64-linux-gnu.so
[2.022s] -- Up-to-date symlink: /home/wheeltec/wheeltec_robot/install/nav_2d_msgs/local/lib/python3.10/dist-packages/nav_2d_msgs/nav_2d_msgs_s__rosidl_typesupport_fastrtps_c.cpython-310-aarch64-linux-gnu.so
[2.023s] -- Up-to-date symlink: /home/wheeltec/wheeltec_robot/install/nav_2d_msgs/local/lib/python3.10/dist-packages/nav_2d_msgs/nav_2d_msgs_s__rosidl_typesupport_introspection_c.cpython-310-aarch64-linux-gnu.so
[2.023s] -- Up-to-date symlink: /home/wheeltec/wheeltec_robot/install/nav_2d_msgs/local/lib/python3.10/dist-packages/nav_2d_msgs/nav_2d_msgs_s__rosidl_typesupport_c.cpython-310-aarch64-linux-gnu.so
[2.023s] -- Up-to-date symlink: /home/wheeltec/wheeltec_robot/install/nav_2d_msgs/share/nav_2d_msgs/msg/Path2D.idl
[2.023s] -- Up-to-date symlink: /home/wheeltec/wheeltec_robot/install/nav_2d_msgs/share/nav_2d_msgs/msg/Pose2D32.idl
[2.023s] -- Up-to-date symlink: /home/wheeltec/wheeltec_robot/install/nav_2d_msgs/share/nav_2d_msgs/msg/Pose2DStamped.idl
[2.023s] -- Up-to-date symlink: /home/wheeltec/wheeltec_robot/install/nav_2d_msgs/share/nav_2d_msgs/msg/Twist2D.idl
[2.023s] -- Up-to-date symlink: /home/wheeltec/wheeltec_robot/install/nav_2d_msgs/share/nav_2d_msgs/msg/Twist2D32.idl
[2.023s] -- Up-to-date symlink: /home/wheeltec/wheeltec_robot/install/nav_2d_msgs/share/nav_2d_msgs/msg/Twist2DStamped.idl
[2.023s] -- Up-to-date symlink: /home/wheeltec/wheeltec_robot/install/nav_2d_msgs/share/nav_2d_msgs/msg/Path2D.msg
[2.023s] -- Up-to-date symlink: /home/wheeltec/wheeltec_robot/install/nav_2d_msgs/share/nav_2d_msgs/msg/Pose2D32.msg
[2.024s] -- Up-to-date symlink: /home/wheeltec/wheeltec_robot/install/nav_2d_msgs/share/nav_2d_msgs/msg/Pose2DStamped.msg
[2.024s] -- Up-to-date symlink: /home/wheeltec/wheeltec_robot/install/nav_2d_msgs/share/nav_2d_msgs/msg/Twist2D.msg
[2.025s] -- Up-to-date symlink: /home/wheeltec/wheeltec_robot/install/nav_2d_msgs/share/nav_2d_msgs/msg/Twist2D32.msg
[2.025s] -- Up-to-date symlink: /home/wheeltec/wheeltec_robot/install/nav_2d_msgs/share/nav_2d_msgs/msg/Twist2DStamped.msg
[2.025s] -- Up-to-date symlink: /home/wheeltec/wheeltec_robot/install/nav_2d_msgs/share/ament_index/resource_index/package_run_dependencies/nav_2d_msgs
[2.025s] -- Up-to-date symlink: /home/wheeltec/wheeltec_robot/install/nav_2d_msgs/share/ament_index/resource_index/parent_prefix_path/nav_2d_msgs
[2.025s] -- Up-to-date symlink: /home/wheeltec/wheeltec_robot/install/nav_2d_msgs/share/nav_2d_msgs/environment/ament_prefix_path.sh
[2.025s] -- Up-to-date symlink: /home/wheeltec/wheeltec_robot/install/nav_2d_msgs/share/nav_2d_msgs/environment/ament_prefix_path.dsv
[2.026s] -- Up-to-date symlink: /home/wheeltec/wheeltec_robot/install/nav_2d_msgs/share/nav_2d_msgs/environment/path.sh
[2.026s] -- Up-to-date symlink: /home/wheeltec/wheeltec_robot/install/nav_2d_msgs/share/nav_2d_msgs/environment/path.dsv
[2.026s] -- Up-to-date symlink: /home/wheeltec/wheeltec_robot/install/nav_2d_msgs/share/nav_2d_msgs/local_setup.bash
[2.026s] -- Up-to-date symlink: /home/wheeltec/wheeltec_robot/install/nav_2d_msgs/share/nav_2d_msgs/local_setup.sh
[2.026s] -- Up-to-date symlink: /home/wheeltec/wheeltec_robot/install/nav_2d_msgs/share/nav_2d_msgs/local_setup.zsh
[2.026s] -- Up-to-date symlink: /home/wheeltec/wheeltec_robot/install/nav_2d_msgs/share/nav_2d_msgs/local_setup.dsv
[2.026s] -- Symlinking: /home/wheeltec/wheeltec_robot/install/nav_2d_msgs/share/nav_2d_msgs/package.dsv
[2.040s] -- Up-to-date symlink: /home/wheeltec/wheeltec_robot/install/nav_2d_msgs/share/ament_index/resource_index/packages/nav_2d_msgs
[2.040s] -- Up-to-date symlink: /home/wheeltec/wheeltec_robot/install/nav_2d_msgs/share/nav_2d_msgs/cmake/rosidl_cmake-extras.cmake
[2.040s] -- Up-to-date symlink: /home/wheeltec/wheeltec_robot/install/nav_2d_msgs/share/nav_2d_msgs/cmake/ament_cmake_export_dependencies-extras.cmake
[2.040s] -- Up-to-date symlink: /home/wheeltec/wheeltec_robot/install/nav_2d_msgs/share/nav_2d_msgs/cmake/ament_cmake_export_include_directories-extras.cmake
[2.041s] -- Up-to-date symlink: /home/wheeltec/wheeltec_robot/install/nav_2d_msgs/share/nav_2d_msgs/cmake/ament_cmake_export_libraries-extras.cmake
[2.041s] -- Up-to-date symlink: /home/wheeltec/wheeltec_robot/install/nav_2d_msgs/share/nav_2d_msgs/cmake/ament_cmake_export_targets-extras.cmake
[2.041s] -- Up-to-date symlink: /home/wheeltec/wheeltec_robot/install/nav_2d_msgs/share/nav_2d_msgs/cmake/rosidl_cmake_export_typesupport_targets-extras.cmake
[2.041s] -- Up-to-date symlink: /home/wheeltec/wheeltec_robot/install/nav_2d_msgs/share/nav_2d_msgs/cmake/rosidl_cmake_export_typesupport_libraries-extras.cmake
[2.041s] -- Up-to-date symlink: /home/wheeltec/wheeltec_robot/install/nav_2d_msgs/share/nav_2d_msgs/cmake/nav_2d_msgsConfig.cmake
[2.041s] -- Up-to-date symlink: /home/wheeltec/wheeltec_robot/install/nav_2d_msgs/share/nav_2d_msgs/cmake/nav_2d_msgsConfig-version.cmake
[2.041s] -- Up-to-date symlink: /home/wheeltec/wheeltec_robot/install/nav_2d_msgs/share/nav_2d_msgs/package.xml
[2.041s] -- Up-to-date: /home/wheeltec/wheeltec_robot/install/nav_2d_msgs/lib/libnav_2d_msgs__rosidl_generator_c.so
[2.042s] -- Up-to-date: /home/wheeltec/wheeltec_robot/install/nav_2d_msgs/lib/libnav_2d_msgs__rosidl_typesupport_fastrtps_c.so
[2.043s] -- Up-to-date: /home/wheeltec/wheeltec_robot/install/nav_2d_msgs/lib/libnav_2d_msgs__rosidl_typesupport_fastrtps_cpp.so
[2.043s] -- Up-to-date: /home/wheeltec/wheeltec_robot/install/nav_2d_msgs/lib/libnav_2d_msgs__rosidl_typesupport_introspection_c.so
[2.043s] -- Up-to-date: /home/wheeltec/wheeltec_robot/install/nav_2d_msgs/lib/libnav_2d_msgs__rosidl_typesupport_c.so
[2.044s] -- Up-to-date: /home/wheeltec/wheeltec_robot/install/nav_2d_msgs/lib/libnav_2d_msgs__rosidl_typesupport_introspection_cpp.so
[2.044s] -- Up-to-date: /home/wheeltec/wheeltec_robot/install/nav_2d_msgs/lib/libnav_2d_msgs__rosidl_typesupport_cpp.so
[2.118s] Listing '/home/wheeltec/wheeltec_robot/install/nav_2d_msgs/local/lib/python3.10/dist-packages/nav_2d_msgs'...
[2.118s] Listing '/home/wheeltec/wheeltec_robot/install/nav_2d_msgs/local/lib/python3.10/dist-packages/nav_2d_msgs/msg'...
[2.126s] -- Up-to-date: /home/wheeltec/wheeltec_robot/install/nav_2d_msgs/lib/libnav_2d_msgs__rosidl_generator_py.so
[2.127s] -- Up-to-date: /home/wheeltec/wheeltec_robot/install/nav_2d_msgs/share/nav_2d_msgs/cmake/export_nav_2d_msgs__rosidl_generator_cExport.cmake
[2.128s] -- Up-to-date: /home/wheeltec/wheeltec_robot/install/nav_2d_msgs/share/nav_2d_msgs/cmake/export_nav_2d_msgs__rosidl_generator_cExport-noconfig.cmake
[2.131s] -- Up-to-date: /home/wheeltec/wheeltec_robot/install/nav_2d_msgs/share/nav_2d_msgs/cmake/export_nav_2d_msgs__rosidl_typesupport_fastrtps_cExport.cmake
[2.131s] -- Up-to-date: /home/wheeltec/wheeltec_robot/install/nav_2d_msgs/share/nav_2d_msgs/cmake/export_nav_2d_msgs__rosidl_typesupport_fastrtps_cExport-noconfig.cmake
[2.131s] -- Up-to-date: /home/wheeltec/wheeltec_robot/install/nav_2d_msgs/share/nav_2d_msgs/cmake/export_nav_2d_msgs__rosidl_generator_cppExport.cmake
[2.131s] -- Up-to-date: /home/wheeltec/wheeltec_robot/install/nav_2d_msgs/share/nav_2d_msgs/cmake/export_nav_2d_msgs__rosidl_typesupport_fastrtps_cppExport.cmake
[2.131s] -- Up-to-date: /home/wheeltec/wheeltec_robot/install/nav_2d_msgs/share/nav_2d_msgs/cmake/export_nav_2d_msgs__rosidl_typesupport_fastrtps_cppExport-noconfig.cmake
[2.131s] -- Up-to-date: /home/wheeltec/wheeltec_robot/install/nav_2d_msgs/share/nav_2d_msgs/cmake/nav_2d_msgs__rosidl_typesupport_introspection_cExport.cmake
[2.136s] -- Up-to-date: /home/wheeltec/wheeltec_robot/install/nav_2d_msgs/share/nav_2d_msgs/cmake/nav_2d_msgs__rosidl_typesupport_introspection_cExport-noconfig.cmake
[2.136s] -- Up-to-date: /home/wheeltec/wheeltec_robot/install/nav_2d_msgs/share/nav_2d_msgs/cmake/nav_2d_msgs__rosidl_typesupport_cExport.cmake
[2.139s] -- Up-to-date: /home/wheeltec/wheeltec_robot/install/nav_2d_msgs/share/nav_2d_msgs/cmake/nav_2d_msgs__rosidl_typesupport_cExport-noconfig.cmake
[2.139s] -- Up-to-date: /home/wheeltec/wheeltec_robot/install/nav_2d_msgs/share/nav_2d_msgs/cmake/nav_2d_msgs__rosidl_typesupport_introspection_cppExport.cmake
[2.139s] -- Up-to-date: /home/wheeltec/wheeltec_robot/install/nav_2d_msgs/share/nav_2d_msgs/cmake/nav_2d_msgs__rosidl_typesupport_introspection_cppExport-noconfig.cmake
[2.139s] -- Up-to-date: /home/wheeltec/wheeltec_robot/install/nav_2d_msgs/share/nav_2d_msgs/cmake/nav_2d_msgs__rosidl_typesupport_cppExport.cmake
[2.139s] -- Up-to-date: /home/wheeltec/wheeltec_robot/install/nav_2d_msgs/share/nav_2d_msgs/cmake/nav_2d_msgs__rosidl_typesupport_cppExport-noconfig.cmake
[2.139s] -- Up-to-date: /home/wheeltec/wheeltec_robot/install/nav_2d_msgs/share/nav_2d_msgs/cmake/export_nav_2d_msgs__rosidl_generator_pyExport.cmake
[2.139s] -- Up-to-date: /home/wheeltec/wheeltec_robot/install/nav_2d_msgs/share/nav_2d_msgs/cmake/export_nav_2d_msgs__rosidl_generator_pyExport-noconfig.cmake
[2.254s] Invoked command in '/home/wheeltec/wheeltec_robot/build/nav_2d_msgs' returned '0': CMAKE_PREFIX_PATH=${CMAKE_PREFIX_PATH}:/opt/ros/humble /usr/bin/cmake --install /home/wheeltec/wheeltec_robot/build/nav_2d_msgs
