[0.058s] Invoking command in '/home/wheeltec/wheeltec_robot/build/ldlidar_stl_ros2': CMAKE_PREFIX_PATH=/opt/ros/humble /usr/bin/cmake /home/wheeltec/wheeltec_robot/src/wheeltec_lidar_ros2/LDlidar/ldlidar06 -DCMAKE_INSTALL_PREFIX=/home/wheeltec/wheeltec_robot/install/ldlidar_stl_ros2
[0.347s] -- The C compiler identification is GNU 11.4.0
[0.631s] -- The CXX compiler identification is GNU 11.4.0
[0.670s] -- Detecting C compiler ABI info
[0.936s] -- Detecting C compiler ABI info - done
[0.944s] -- Check for working C compiler: /usr/bin/cc - skipped
[0.944s] -- Detecting C compile features
[0.945s] -- Detecting C compile features - done
[0.951s] -- Detecting CXX compiler ABI info
[1.410s] -- Detecting CXX compiler ABI info - done
[1.424s] -- Check for working CXX compiler: /usr/bin/c++ - skipped
[1.424s] -- Detecting CXX compile features
[1.425s] -- Detecting CXX compile features - done
[1.430s] -- Found ament_cmake: 1.3.12 (/opt/ros/humble/share/ament_cmake/cmake)
[3.697s] -- Found Python3: /usr/bin/python3 (found version "3.10.12") found components: Interpreter 
[4.138s] -- Found rclcpp: 16.0.14 (/opt/ros/humble/share/rclcpp/cmake)
[4.232s] -- Found rosidl_generator_c: 3.1.7 (/opt/ros/humble/share/rosidl_generator_c/cmake)
[4.249s] -- Found rosidl_adapter: 3.1.7 (/opt/ros/humble/share/rosidl_adapter/cmake)
[4.290s] -- Found rosidl_generator_cpp: 3.1.7 (/opt/ros/humble/share/rosidl_generator_cpp/cmake)
[4.314s] -- Using all available rosidl_typesupport_c: rosidl_typesupport_fastrtps_c;rosidl_typesupport_introspection_c
[4.392s] -- Using all available rosidl_typesupport_cpp: rosidl_typesupport_fastrtps_cpp;rosidl_typesupport_introspection_cpp
[4.524s] -- Found rmw_implementation_cmake: 6.1.2 (/opt/ros/humble/share/rmw_implementation_cmake/cmake)
[4.528s] -- Found rmw_fastrtps_cpp: 6.2.8 (/opt/ros/humble/share/rmw_fastrtps_cpp/cmake)
[5.094s] -- Found OpenSSL: /usr/lib/aarch64-linux-gnu/libcrypto.so (found version "3.0.2")  
[5.161s] -- Found FastRTPS: /opt/ros/humble/include  
[5.270s] -- Using RMW implementation 'rmw_fastrtps_cpp' as default
[5.317s] -- Looking for pthread.h
[5.784s] -- Looking for pthread.h - found
[5.784s] -- Performing Test CMAKE_HAVE_LIBC_PTHREAD
[6.244s] -- Performing Test CMAKE_HAVE_LIBC_PTHREAD - Success
[6.244s] -- Found Threads: TRUE  
[6.508s] -- Found sensor_msgs: 4.9.0 (/opt/ros/humble/share/sensor_msgs/cmake)
[6.696s] -- Found ament_lint_auto: 0.12.14 (/opt/ros/humble/share/ament_lint_auto/cmake)
[7.004s] -- Added test 'copyright' to check source files copyright and LICENSE
[7.007s] -- Added test 'cppcheck' to perform static code analysis on C / C++ code
[7.008s] -- Configured cppcheck include dirs: /home/wheeltec/wheeltec_robot/src/wheeltec_lidar_ros2/LDlidar/ldlidar06/include;/home/wheeltec/wheeltec_robot/src/wheeltec_lidar_ros2/LDlidar/ldlidar06/include/ldlidar_driver/include
[7.008s] -- Configured cppcheck exclude dirs and/or files: 
[7.025s] -- Added test 'cpplint' to check C / C++ code against the Google style
[7.025s] -- Configured cpplint exclude dirs and/or files: 
[7.026s] -- Added test 'flake8' to check Python code syntax and style conventions
[7.027s] -- Added test 'lint_cmake' to check CMake code style
[7.031s] -- Added test 'pep257' to check Python code against some of the docstring style conventions in PEP 257
[7.033s] -- Added test 'uncrustify' to check C / C++ code style
[7.034s] -- Configured uncrustify additional arguments: 
[7.034s] -- Added test 'xmllint' to check XML markup files
[7.036s] -- Configuring done
[7.088s] -- Generating done
[7.109s] -- Build files have been written to: /home/wheeltec/wheeltec_robot/build/ldlidar_stl_ros2
