[0.093s] Invoking command in '/home/wheeltec/wheeltec_robot/build/lslidar_msgs': CMAKE_PREFIX_PATH=${CMAKE_PREFIX_PATH}:/opt/ros/humble /usr/bin/cmake --build /home/wheeltec/wheeltec_robot/build/lslidar_msgs -- -j8 -l8
[0.474s] [  1%] Built target lslidar_msgs__cpp
[0.726s] [  1%] Built target ament_cmake_python_symlink_lslidar_msgs
[0.798s] [35m[1mConsolidate compiler generated dependencies of target lslidar_msgs__rosidl_typesupport_introspection_cpp[0m
[0.918s] [ 12%] Built target lslidar_msgs__rosidl_typesupport_introspection_cpp
[1.689s] running egg_info
[1.768s] writing lslidar_msgs.egg-info/PKG-INFO
[1.769s] writing dependency_links to lslidar_msgs.egg-info/dependency_links.txt
[1.770s] writing top-level names to lslidar_msgs.egg-info/top_level.txt
[2.009s] reading manifest file 'lslidar_msgs.egg-info/SOURCES.txt'
[2.014s] writing manifest file 'lslidar_msgs.egg-info/SOURCES.txt'
[2.212s] [ 12%] Built target ament_cmake_python_build_lslidar_msgs_egg
[2.324s] [35m[1mConsolidate compiler generated dependencies of target lslidar_msgs__rosidl_typesupport_fastrtps_cpp[0m
[2.433s] [ 23%] Built target lslidar_msgs__rosidl_typesupport_fastrtps_cpp
[2.512s] [35m[1mConsolidate compiler generated dependencies of target lslidar_msgs__rosidl_typesupport_cpp[0m
[2.574s] [ 34%] Built target lslidar_msgs__rosidl_typesupport_cpp
[2.654s] [35m[1mConsolidate compiler generated dependencies of target lslidar_msgs__rosidl_generator_c[0m
[2.753s] [ 46%] Built target lslidar_msgs__rosidl_generator_c
[2.779s] [35m[1mConsolidate compiler generated dependencies of target lslidar_msgs__rosidl_typesupport_fastrtps_c[0m
[2.853s] [ 57%] Built target lslidar_msgs__rosidl_typesupport_fastrtps_c
[2.878s] [35m[1mConsolidate compiler generated dependencies of target lslidar_msgs__rosidl_typesupport_c[0m
[2.918s] [ 68%] Built target lslidar_msgs__rosidl_typesupport_c
[2.981s] [35m[1mConsolidate compiler generated dependencies of target lslidar_msgs__rosidl_typesupport_introspection_c[0m
[3.068s] [ 79%] Built target lslidar_msgs__rosidl_typesupport_introspection_c
[3.176s] [ 79%] Built target lslidar_msgs
[3.333s] [ 80%] Built target lslidar_msgs__py
[3.421s] [35m[1mConsolidate compiler generated dependencies of target lslidar_msgs__rosidl_generator_py[0m
[3.529s] [ 90%] Built target lslidar_msgs__rosidl_generator_py
[3.624s] [35m[1mConsolidate compiler generated dependencies of target lslidar_msgs__rosidl_typesupport_fastrtps_c__pyext[0m
[3.714s] [ 93%] Built target lslidar_msgs__rosidl_typesupport_fastrtps_c__pyext
[3.802s] [35m[1mConsolidate compiler generated dependencies of target lslidar_msgs__rosidl_typesupport_c__pyext[0m
[3.922s] [ 96%] Built target lslidar_msgs__rosidl_typesupport_c__pyext
[4.038s] [35m[1mConsolidate compiler generated dependencies of target lslidar_msgs__rosidl_typesupport_introspection_c__pyext[0m
[4.141s] [100%] Built target lslidar_msgs__rosidl_typesupport_introspection_c__pyext
[4.211s] Invoked command in '/home/wheeltec/wheeltec_robot/build/lslidar_msgs' returned '0': CMAKE_PREFIX_PATH=${CMAKE_PREFIX_PATH}:/opt/ros/humble /usr/bin/cmake --build /home/wheeltec/wheeltec_robot/build/lslidar_msgs -- -j8 -l8
[4.241s] Invoking command in '/home/wheeltec/wheeltec_robot/build/lslidar_msgs': CMAKE_PREFIX_PATH=${CMAKE_PREFIX_PATH}:/opt/ros/humble /usr/bin/cmake --install /home/wheeltec/wheeltec_robot/build/lslidar_msgs
[4.672s] -- Install configuration: ""
[4.673s] -- Execute custom install script
[4.673s] -- Up-to-date symlink: /home/wheeltec/wheeltec_robot/install/lslidar_msgs/share/ament_index/resource_index/rosidl_interfaces/lslidar_msgs
[4.673s] -- Up-to-date symlink: /home/wheeltec/wheeltec_robot/install/lslidar_msgs/include/lslidar_msgs/lslidar_msgs/msg/detail/lslidar_difop__functions.h
[4.673s] -- Up-to-date symlink: /home/wheeltec/wheeltec_robot/install/lslidar_msgs/include/lslidar_msgs/lslidar_msgs/msg/detail/lslidar_difop__struct.h
[4.673s] -- Up-to-date symlink: /home/wheeltec/wheeltec_robot/install/lslidar_msgs/include/lslidar_msgs/lslidar_msgs/msg/detail/lslidar_difop__type_support.h
[4.674s] -- Up-to-date symlink: /home/wheeltec/wheeltec_robot/install/lslidar_msgs/include/lslidar_msgs/lslidar_msgs/msg/detail/lslidar_packet__functions.h
[4.674s] -- Up-to-date symlink: /home/wheeltec/wheeltec_robot/install/lslidar_msgs/include/lslidar_msgs/lslidar_msgs/msg/detail/lslidar_packet__struct.h
[4.674s] -- Up-to-date symlink: /home/wheeltec/wheeltec_robot/install/lslidar_msgs/include/lslidar_msgs/lslidar_msgs/msg/detail/lslidar_packet__type_support.h
[4.674s] -- Up-to-date symlink: /home/wheeltec/wheeltec_robot/install/lslidar_msgs/include/lslidar_msgs/lslidar_msgs/msg/detail/lslidar_point__functions.h
[4.674s] -- Up-to-date symlink: /home/wheeltec/wheeltec_robot/install/lslidar_msgs/include/lslidar_msgs/lslidar_msgs/msg/detail/lslidar_point__struct.h
[4.674s] -- Up-to-date symlink: /home/wheeltec/wheeltec_robot/install/lslidar_msgs/include/lslidar_msgs/lslidar_msgs/msg/detail/lslidar_point__type_support.h
[4.674s] -- Up-to-date symlink: /home/wheeltec/wheeltec_robot/install/lslidar_msgs/include/lslidar_msgs/lslidar_msgs/msg/detail/lslidar_scan__functions.h
[4.674s] -- Up-to-date symlink: /home/wheeltec/wheeltec_robot/install/lslidar_msgs/include/lslidar_msgs/lslidar_msgs/msg/detail/lslidar_scan__struct.h
[4.674s] -- Up-to-date symlink: /home/wheeltec/wheeltec_robot/install/lslidar_msgs/include/lslidar_msgs/lslidar_msgs/msg/detail/lslidar_scan__type_support.h
[4.674s] -- Up-to-date symlink: /home/wheeltec/wheeltec_robot/install/lslidar_msgs/include/lslidar_msgs/lslidar_msgs/msg/detail/lslidar_sweep__functions.h
[4.675s] -- Up-to-date symlink: /home/wheeltec/wheeltec_robot/install/lslidar_msgs/include/lslidar_msgs/lslidar_msgs/msg/detail/lslidar_sweep__struct.h
[4.675s] -- Up-to-date symlink: /home/wheeltec/wheeltec_robot/install/lslidar_msgs/include/lslidar_msgs/lslidar_msgs/msg/detail/lslidar_sweep__type_support.h
[4.675s] -- Up-to-date symlink: /home/wheeltec/wheeltec_robot/install/lslidar_msgs/include/lslidar_msgs/lslidar_msgs/msg/lslidar_difop.h
[4.675s] -- Up-to-date symlink: /home/wheeltec/wheeltec_robot/install/lslidar_msgs/include/lslidar_msgs/lslidar_msgs/msg/lslidar_packet.h
[4.675s] -- Up-to-date symlink: /home/wheeltec/wheeltec_robot/install/lslidar_msgs/include/lslidar_msgs/lslidar_msgs/msg/lslidar_point.h
[4.675s] -- Up-to-date symlink: /home/wheeltec/wheeltec_robot/install/lslidar_msgs/include/lslidar_msgs/lslidar_msgs/msg/lslidar_scan.h
[4.675s] -- Up-to-date symlink: /home/wheeltec/wheeltec_robot/install/lslidar_msgs/include/lslidar_msgs/lslidar_msgs/msg/lslidar_sweep.h
[4.675s] -- Up-to-date symlink: /home/wheeltec/wheeltec_robot/install/lslidar_msgs/include/lslidar_msgs/lslidar_msgs/msg/rosidl_generator_c__visibility_control.h
[4.675s] -- Up-to-date symlink: /home/wheeltec/wheeltec_robot/install/lslidar_msgs/share/lslidar_msgs/environment/library_path.sh
[4.675s] -- Up-to-date symlink: /home/wheeltec/wheeltec_robot/install/lslidar_msgs/share/lslidar_msgs/environment/library_path.dsv
[4.675s] -- Up-to-date symlink: /home/wheeltec/wheeltec_robot/install/lslidar_msgs/include/lslidar_msgs/lslidar_msgs/msg/detail/lslidar_difop__rosidl_typesupport_fastrtps_c.h
[4.676s] -- Up-to-date symlink: /home/wheeltec/wheeltec_robot/install/lslidar_msgs/include/lslidar_msgs/lslidar_msgs/msg/detail/lslidar_packet__rosidl_typesupport_fastrtps_c.h
[4.676s] -- Up-to-date symlink: /home/wheeltec/wheeltec_robot/install/lslidar_msgs/include/lslidar_msgs/lslidar_msgs/msg/detail/lslidar_point__rosidl_typesupport_fastrtps_c.h
[4.676s] -- Up-to-date symlink: /home/wheeltec/wheeltec_robot/install/lslidar_msgs/include/lslidar_msgs/lslidar_msgs/msg/detail/lslidar_scan__rosidl_typesupport_fastrtps_c.h
[4.676s] -- Up-to-date symlink: /home/wheeltec/wheeltec_robot/install/lslidar_msgs/include/lslidar_msgs/lslidar_msgs/msg/detail/lslidar_sweep__rosidl_typesupport_fastrtps_c.h
[4.677s] -- Up-to-date symlink: /home/wheeltec/wheeltec_robot/install/lslidar_msgs/include/lslidar_msgs/lslidar_msgs/msg/rosidl_typesupport_fastrtps_c__visibility_control.h
[4.677s] -- Up-to-date symlink: /home/wheeltec/wheeltec_robot/install/lslidar_msgs/include/lslidar_msgs/lslidar_msgs/msg/detail/lslidar_difop__builder.hpp
[4.677s] -- Up-to-date symlink: /home/wheeltec/wheeltec_robot/install/lslidar_msgs/include/lslidar_msgs/lslidar_msgs/msg/detail/lslidar_difop__struct.hpp
[4.677s] -- Up-to-date symlink: /home/wheeltec/wheeltec_robot/install/lslidar_msgs/include/lslidar_msgs/lslidar_msgs/msg/detail/lslidar_difop__traits.hpp
[4.677s] -- Up-to-date symlink: /home/wheeltec/wheeltec_robot/install/lslidar_msgs/include/lslidar_msgs/lslidar_msgs/msg/detail/lslidar_difop__type_support.hpp
[4.677s] -- Up-to-date symlink: /home/wheeltec/wheeltec_robot/install/lslidar_msgs/include/lslidar_msgs/lslidar_msgs/msg/detail/lslidar_packet__builder.hpp
[4.677s] -- Up-to-date symlink: /home/wheeltec/wheeltec_robot/install/lslidar_msgs/include/lslidar_msgs/lslidar_msgs/msg/detail/lslidar_packet__struct.hpp
[4.677s] -- Up-to-date symlink: /home/wheeltec/wheeltec_robot/install/lslidar_msgs/include/lslidar_msgs/lslidar_msgs/msg/detail/lslidar_packet__traits.hpp
[4.677s] -- Up-to-date symlink: /home/wheeltec/wheeltec_robot/install/lslidar_msgs/include/lslidar_msgs/lslidar_msgs/msg/detail/lslidar_packet__type_support.hpp
[4.678s] -- Up-to-date symlink: /home/wheeltec/wheeltec_robot/install/lslidar_msgs/include/lslidar_msgs/lslidar_msgs/msg/detail/lslidar_point__builder.hpp
[4.678s] -- Up-to-date symlink: /home/wheeltec/wheeltec_robot/install/lslidar_msgs/include/lslidar_msgs/lslidar_msgs/msg/detail/lslidar_point__struct.hpp
[4.678s] -- Up-to-date symlink: /home/wheeltec/wheeltec_robot/install/lslidar_msgs/include/lslidar_msgs/lslidar_msgs/msg/detail/lslidar_point__traits.hpp
[4.678s] -- Up-to-date symlink: /home/wheeltec/wheeltec_robot/install/lslidar_msgs/include/lslidar_msgs/lslidar_msgs/msg/detail/lslidar_point__type_support.hpp
[4.678s] -- Up-to-date symlink: /home/wheeltec/wheeltec_robot/install/lslidar_msgs/include/lslidar_msgs/lslidar_msgs/msg/detail/lslidar_scan__builder.hpp
[4.678s] -- Up-to-date symlink: /home/wheeltec/wheeltec_robot/install/lslidar_msgs/include/lslidar_msgs/lslidar_msgs/msg/detail/lslidar_scan__struct.hpp
[4.678s] -- Up-to-date symlink: /home/wheeltec/wheeltec_robot/install/lslidar_msgs/include/lslidar_msgs/lslidar_msgs/msg/detail/lslidar_scan__traits.hpp
[4.678s] -- Up-to-date symlink: /home/wheeltec/wheeltec_robot/install/lslidar_msgs/include/lslidar_msgs/lslidar_msgs/msg/detail/lslidar_scan__type_support.hpp
[4.678s] -- Up-to-date symlink: /home/wheeltec/wheeltec_robot/install/lslidar_msgs/include/lslidar_msgs/lslidar_msgs/msg/detail/lslidar_sweep__builder.hpp
[4.678s] -- Up-to-date symlink: /home/wheeltec/wheeltec_robot/install/lslidar_msgs/include/lslidar_msgs/lslidar_msgs/msg/detail/lslidar_sweep__struct.hpp
[4.678s] -- Up-to-date symlink: /home/wheeltec/wheeltec_robot/install/lslidar_msgs/include/lslidar_msgs/lslidar_msgs/msg/detail/lslidar_sweep__traits.hpp
[4.679s] -- Up-to-date symlink: /home/wheeltec/wheeltec_robot/install/lslidar_msgs/include/lslidar_msgs/lslidar_msgs/msg/detail/lslidar_sweep__type_support.hpp
[4.679s] -- Up-to-date symlink: /home/wheeltec/wheeltec_robot/install/lslidar_msgs/include/lslidar_msgs/lslidar_msgs/msg/lslidar_difop.hpp
[4.679s] -- Up-to-date symlink: /home/wheeltec/wheeltec_robot/install/lslidar_msgs/include/lslidar_msgs/lslidar_msgs/msg/lslidar_packet.hpp
[4.679s] -- Up-to-date symlink: /home/wheeltec/wheeltec_robot/install/lslidar_msgs/include/lslidar_msgs/lslidar_msgs/msg/lslidar_point.hpp
[4.679s] -- Up-to-date symlink: /home/wheeltec/wheeltec_robot/install/lslidar_msgs/include/lslidar_msgs/lslidar_msgs/msg/lslidar_scan.hpp
[4.679s] -- Up-to-date symlink: /home/wheeltec/wheeltec_robot/install/lslidar_msgs/include/lslidar_msgs/lslidar_msgs/msg/lslidar_sweep.hpp
[4.679s] -- Up-to-date symlink: /home/wheeltec/wheeltec_robot/install/lslidar_msgs/include/lslidar_msgs/lslidar_msgs/msg/rosidl_generator_cpp__visibility_control.hpp
[4.679s] -- Up-to-date symlink: /home/wheeltec/wheeltec_robot/install/lslidar_msgs/include/lslidar_msgs/lslidar_msgs/msg/detail/lslidar_difop__rosidl_typesupport_fastrtps_cpp.hpp
[4.679s] -- Up-to-date symlink: /home/wheeltec/wheeltec_robot/install/lslidar_msgs/include/lslidar_msgs/lslidar_msgs/msg/detail/lslidar_packet__rosidl_typesupport_fastrtps_cpp.hpp
[4.679s] -- Up-to-date symlink: /home/wheeltec/wheeltec_robot/install/lslidar_msgs/include/lslidar_msgs/lslidar_msgs/msg/detail/lslidar_point__rosidl_typesupport_fastrtps_cpp.hpp
[4.680s] -- Up-to-date symlink: /home/wheeltec/wheeltec_robot/install/lslidar_msgs/include/lslidar_msgs/lslidar_msgs/msg/detail/lslidar_scan__rosidl_typesupport_fastrtps_cpp.hpp
[4.680s] -- Up-to-date symlink: /home/wheeltec/wheeltec_robot/install/lslidar_msgs/include/lslidar_msgs/lslidar_msgs/msg/detail/lslidar_sweep__rosidl_typesupport_fastrtps_cpp.hpp
[4.680s] -- Up-to-date symlink: /home/wheeltec/wheeltec_robot/install/lslidar_msgs/include/lslidar_msgs/lslidar_msgs/msg/rosidl_typesupport_fastrtps_cpp__visibility_control.h
[4.680s] -- Up-to-date symlink: /home/wheeltec/wheeltec_robot/install/lslidar_msgs/include/lslidar_msgs/lslidar_msgs/msg/detail/lslidar_difop__rosidl_typesupport_introspection_c.h
[4.680s] -- Up-to-date symlink: /home/wheeltec/wheeltec_robot/install/lslidar_msgs/include/lslidar_msgs/lslidar_msgs/msg/detail/lslidar_packet__rosidl_typesupport_introspection_c.h
[4.680s] -- Up-to-date symlink: /home/wheeltec/wheeltec_robot/install/lslidar_msgs/include/lslidar_msgs/lslidar_msgs/msg/detail/lslidar_point__rosidl_typesupport_introspection_c.h
[4.681s] -- Up-to-date symlink: /home/wheeltec/wheeltec_robot/install/lslidar_msgs/include/lslidar_msgs/lslidar_msgs/msg/detail/lslidar_scan__rosidl_typesupport_introspection_c.h
[4.681s] -- Up-to-date symlink: /home/wheeltec/wheeltec_robot/install/lslidar_msgs/include/lslidar_msgs/lslidar_msgs/msg/detail/lslidar_sweep__rosidl_typesupport_introspection_c.h
[4.681s] -- Up-to-date symlink: /home/wheeltec/wheeltec_robot/install/lslidar_msgs/include/lslidar_msgs/lslidar_msgs/msg/rosidl_typesupport_introspection_c__visibility_control.h
[4.681s] -- Up-to-date symlink: /home/wheeltec/wheeltec_robot/install/lslidar_msgs/include/lslidar_msgs/lslidar_msgs/msg/detail/lslidar_difop__rosidl_typesupport_introspection_cpp.hpp
[4.681s] -- Up-to-date symlink: /home/wheeltec/wheeltec_robot/install/lslidar_msgs/include/lslidar_msgs/lslidar_msgs/msg/detail/lslidar_packet__rosidl_typesupport_introspection_cpp.hpp
[4.681s] -- Up-to-date symlink: /home/wheeltec/wheeltec_robot/install/lslidar_msgs/include/lslidar_msgs/lslidar_msgs/msg/detail/lslidar_point__rosidl_typesupport_introspection_cpp.hpp
[4.681s] -- Up-to-date symlink: /home/wheeltec/wheeltec_robot/install/lslidar_msgs/include/lslidar_msgs/lslidar_msgs/msg/detail/lslidar_scan__rosidl_typesupport_introspection_cpp.hpp
[4.681s] -- Up-to-date symlink: /home/wheeltec/wheeltec_robot/install/lslidar_msgs/include/lslidar_msgs/lslidar_msgs/msg/detail/lslidar_sweep__rosidl_typesupport_introspection_cpp.hpp
[4.681s] -- Up-to-date symlink: /home/wheeltec/wheeltec_robot/install/lslidar_msgs/share/lslidar_msgs/environment/pythonpath.sh
[4.681s] -- Up-to-date symlink: /home/wheeltec/wheeltec_robot/install/lslidar_msgs/share/lslidar_msgs/environment/pythonpath.dsv
[4.682s] -- Up-to-date symlink: /home/wheeltec/wheeltec_robot/install/lslidar_msgs/local/lib/python3.10/dist-packages/lslidar_msgs-1.2.0-py3.10.egg-info/PKG-INFO
[4.682s] -- Up-to-date symlink: /home/wheeltec/wheeltec_robot/install/lslidar_msgs/local/lib/python3.10/dist-packages/lslidar_msgs-1.2.0-py3.10.egg-info/SOURCES.txt
[4.682s] -- Up-to-date symlink: /home/wheeltec/wheeltec_robot/install/lslidar_msgs/local/lib/python3.10/dist-packages/lslidar_msgs-1.2.0-py3.10.egg-info/dependency_links.txt
[4.682s] -- Up-to-date symlink: /home/wheeltec/wheeltec_robot/install/lslidar_msgs/local/lib/python3.10/dist-packages/lslidar_msgs-1.2.0-py3.10.egg-info/top_level.txt
[4.682s] -- Up-to-date symlink: /home/wheeltec/wheeltec_robot/install/lslidar_msgs/local/lib/python3.10/dist-packages/lslidar_msgs/__init__.py
[4.682s] -- Up-to-date symlink: /home/wheeltec/wheeltec_robot/install/lslidar_msgs/local/lib/python3.10/dist-packages/lslidar_msgs/_lslidar_msgs_s.ep.rosidl_typesupport_c.c
[4.682s] -- Up-to-date symlink: /home/wheeltec/wheeltec_robot/install/lslidar_msgs/local/lib/python3.10/dist-packages/lslidar_msgs/_lslidar_msgs_s.ep.rosidl_typesupport_fastrtps_c.c
[4.682s] -- Up-to-date symlink: /home/wheeltec/wheeltec_robot/install/lslidar_msgs/local/lib/python3.10/dist-packages/lslidar_msgs/_lslidar_msgs_s.ep.rosidl_typesupport_introspection_c.c
[4.682s] -- Up-to-date symlink: /home/wheeltec/wheeltec_robot/install/lslidar_msgs/local/lib/python3.10/dist-packages/lslidar_msgs/liblslidar_msgs__rosidl_generator_py.so
[4.682s] -- Up-to-date symlink: /home/wheeltec/wheeltec_robot/install/lslidar_msgs/local/lib/python3.10/dist-packages/lslidar_msgs/lslidar_msgs_s__rosidl_typesupport_c.cpython-310-aarch64-linux-gnu.so
[4.683s] -- Up-to-date symlink: /home/wheeltec/wheeltec_robot/install/lslidar_msgs/local/lib/python3.10/dist-packages/lslidar_msgs/lslidar_msgs_s__rosidl_typesupport_fastrtps_c.cpython-310-aarch64-linux-gnu.so
[4.683s] -- Up-to-date symlink: /home/wheeltec/wheeltec_robot/install/lslidar_msgs/local/lib/python3.10/dist-packages/lslidar_msgs/lslidar_msgs_s__rosidl_typesupport_introspection_c.cpython-310-aarch64-linux-gnu.so
[4.683s] -- Up-to-date symlink: /home/wheeltec/wheeltec_robot/install/lslidar_msgs/local/lib/python3.10/dist-packages/lslidar_msgs/msg/__init__.py
[4.683s] -- Up-to-date symlink: /home/wheeltec/wheeltec_robot/install/lslidar_msgs/local/lib/python3.10/dist-packages/lslidar_msgs/msg/_lslidar_difop.py
[4.683s] -- Up-to-date symlink: /home/wheeltec/wheeltec_robot/install/lslidar_msgs/local/lib/python3.10/dist-packages/lslidar_msgs/msg/_lslidar_difop_s.c
[4.683s] -- Up-to-date symlink: /home/wheeltec/wheeltec_robot/install/lslidar_msgs/local/lib/python3.10/dist-packages/lslidar_msgs/msg/_lslidar_packet.py
[4.683s] -- Up-to-date symlink: /home/wheeltec/wheeltec_robot/install/lslidar_msgs/local/lib/python3.10/dist-packages/lslidar_msgs/msg/_lslidar_packet_s.c
[4.683s] -- Up-to-date symlink: /home/wheeltec/wheeltec_robot/install/lslidar_msgs/local/lib/python3.10/dist-packages/lslidar_msgs/msg/_lslidar_point.py
[4.683s] -- Up-to-date symlink: /home/wheeltec/wheeltec_robot/install/lslidar_msgs/local/lib/python3.10/dist-packages/lslidar_msgs/msg/_lslidar_point_s.c
[4.683s] -- Up-to-date symlink: /home/wheeltec/wheeltec_robot/install/lslidar_msgs/local/lib/python3.10/dist-packages/lslidar_msgs/msg/_lslidar_scan.py
[4.684s] -- Up-to-date symlink: /home/wheeltec/wheeltec_robot/install/lslidar_msgs/local/lib/python3.10/dist-packages/lslidar_msgs/msg/_lslidar_scan_s.c
[4.684s] -- Up-to-date symlink: /home/wheeltec/wheeltec_robot/install/lslidar_msgs/local/lib/python3.10/dist-packages/lslidar_msgs/msg/_lslidar_sweep.py
[4.684s] -- Up-to-date symlink: /home/wheeltec/wheeltec_robot/install/lslidar_msgs/local/lib/python3.10/dist-packages/lslidar_msgs/msg/_lslidar_sweep_s.c
[4.684s] -- Up-to-date symlink: /home/wheeltec/wheeltec_robot/install/lslidar_msgs/local/lib/python3.10/dist-packages/lslidar_msgs/lslidar_msgs_s__rosidl_typesupport_fastrtps_c.cpython-310-aarch64-linux-gnu.so
[4.684s] -- Up-to-date symlink: /home/wheeltec/wheeltec_robot/install/lslidar_msgs/local/lib/python3.10/dist-packages/lslidar_msgs/lslidar_msgs_s__rosidl_typesupport_introspection_c.cpython-310-aarch64-linux-gnu.so
[4.684s] -- Up-to-date symlink: /home/wheeltec/wheeltec_robot/install/lslidar_msgs/local/lib/python3.10/dist-packages/lslidar_msgs/lslidar_msgs_s__rosidl_typesupport_c.cpython-310-aarch64-linux-gnu.so
[4.684s] -- Up-to-date symlink: /home/wheeltec/wheeltec_robot/install/lslidar_msgs/share/lslidar_msgs/msg/LslidarDifop.idl
[4.684s] -- Up-to-date symlink: /home/wheeltec/wheeltec_robot/install/lslidar_msgs/share/lslidar_msgs/msg/LslidarPacket.idl
[4.684s] -- Up-to-date symlink: /home/wheeltec/wheeltec_robot/install/lslidar_msgs/share/lslidar_msgs/msg/LslidarPoint.idl
[4.684s] -- Up-to-date symlink: /home/wheeltec/wheeltec_robot/install/lslidar_msgs/share/lslidar_msgs/msg/LslidarScan.idl
[4.685s] -- Up-to-date symlink: /home/wheeltec/wheeltec_robot/install/lslidar_msgs/share/lslidar_msgs/msg/LslidarSweep.idl
[4.685s] -- Up-to-date symlink: /home/wheeltec/wheeltec_robot/install/lslidar_msgs/share/lslidar_msgs/msg/LslidarDifop.msg
[4.685s] -- Up-to-date symlink: /home/wheeltec/wheeltec_robot/install/lslidar_msgs/share/lslidar_msgs/msg/LslidarPacket.msg
[4.685s] -- Up-to-date symlink: /home/wheeltec/wheeltec_robot/install/lslidar_msgs/share/lslidar_msgs/msg/LslidarPoint.msg
[4.685s] -- Up-to-date symlink: /home/wheeltec/wheeltec_robot/install/lslidar_msgs/share/lslidar_msgs/msg/LslidarScan.msg
[4.685s] -- Up-to-date symlink: /home/wheeltec/wheeltec_robot/install/lslidar_msgs/share/lslidar_msgs/msg/LslidarSweep.msg
[4.685s] -- Up-to-date symlink: /home/wheeltec/wheeltec_robot/install/lslidar_msgs/share/ament_index/resource_index/package_run_dependencies/lslidar_msgs
[4.685s] -- Up-to-date symlink: /home/wheeltec/wheeltec_robot/install/lslidar_msgs/share/ament_index/resource_index/parent_prefix_path/lslidar_msgs
[4.685s] -- Up-to-date symlink: /home/wheeltec/wheeltec_robot/install/lslidar_msgs/share/lslidar_msgs/environment/ament_prefix_path.sh
[4.685s] -- Up-to-date symlink: /home/wheeltec/wheeltec_robot/install/lslidar_msgs/share/lslidar_msgs/environment/ament_prefix_path.dsv
[4.686s] -- Up-to-date symlink: /home/wheeltec/wheeltec_robot/install/lslidar_msgs/share/lslidar_msgs/environment/path.sh
[4.686s] -- Up-to-date symlink: /home/wheeltec/wheeltec_robot/install/lslidar_msgs/share/lslidar_msgs/environment/path.dsv
[4.686s] -- Up-to-date symlink: /home/wheeltec/wheeltec_robot/install/lslidar_msgs/share/lslidar_msgs/local_setup.bash
[4.686s] -- Up-to-date symlink: /home/wheeltec/wheeltec_robot/install/lslidar_msgs/share/lslidar_msgs/local_setup.sh
[4.687s] -- Up-to-date symlink: /home/wheeltec/wheeltec_robot/install/lslidar_msgs/share/lslidar_msgs/local_setup.zsh
[4.687s] -- Up-to-date symlink: /home/wheeltec/wheeltec_robot/install/lslidar_msgs/share/lslidar_msgs/local_setup.dsv
[4.687s] -- Symlinking: /home/wheeltec/wheeltec_robot/install/lslidar_msgs/share/lslidar_msgs/package.dsv
[4.719s] -- Up-to-date symlink: /home/wheeltec/wheeltec_robot/install/lslidar_msgs/share/ament_index/resource_index/packages/lslidar_msgs
[4.720s] -- Up-to-date symlink: /home/wheeltec/wheeltec_robot/install/lslidar_msgs/share/lslidar_msgs/cmake/rosidl_cmake-extras.cmake
[4.720s] -- Up-to-date symlink: /home/wheeltec/wheeltec_robot/install/lslidar_msgs/share/lslidar_msgs/cmake/ament_cmake_export_dependencies-extras.cmake
[4.720s] -- Up-to-date symlink: /home/wheeltec/wheeltec_robot/install/lslidar_msgs/share/lslidar_msgs/cmake/ament_cmake_export_include_directories-extras.cmake
[4.720s] -- Up-to-date symlink: /home/wheeltec/wheeltec_robot/install/lslidar_msgs/share/lslidar_msgs/cmake/ament_cmake_export_libraries-extras.cmake
[4.720s] -- Up-to-date symlink: /home/wheeltec/wheeltec_robot/install/lslidar_msgs/share/lslidar_msgs/cmake/ament_cmake_export_targets-extras.cmake
[4.721s] -- Up-to-date symlink: /home/wheeltec/wheeltec_robot/install/lslidar_msgs/share/lslidar_msgs/cmake/rosidl_cmake_export_typesupport_targets-extras.cmake
[4.721s] -- Up-to-date symlink: /home/wheeltec/wheeltec_robot/install/lslidar_msgs/share/lslidar_msgs/cmake/rosidl_cmake_export_typesupport_libraries-extras.cmake
[4.721s] -- Up-to-date symlink: /home/wheeltec/wheeltec_robot/install/lslidar_msgs/share/lslidar_msgs/cmake/lslidar_msgsConfig.cmake
[4.721s] -- Up-to-date symlink: /home/wheeltec/wheeltec_robot/install/lslidar_msgs/share/lslidar_msgs/cmake/lslidar_msgsConfig-version.cmake
[4.722s] -- Up-to-date symlink: /home/wheeltec/wheeltec_robot/install/lslidar_msgs/share/lslidar_msgs/package.xml
[4.722s] -- Up-to-date: /home/wheeltec/wheeltec_robot/install/lslidar_msgs/lib/liblslidar_msgs__rosidl_generator_c.so
[4.722s] -- Up-to-date: /home/wheeltec/wheeltec_robot/install/lslidar_msgs/lib/liblslidar_msgs__rosidl_typesupport_fastrtps_c.so
[4.723s] -- Up-to-date: /home/wheeltec/wheeltec_robot/install/lslidar_msgs/lib/liblslidar_msgs__rosidl_typesupport_fastrtps_cpp.so
[4.723s] -- Up-to-date: /home/wheeltec/wheeltec_robot/install/lslidar_msgs/lib/liblslidar_msgs__rosidl_typesupport_introspection_c.so
[4.724s] -- Up-to-date: /home/wheeltec/wheeltec_robot/install/lslidar_msgs/lib/liblslidar_msgs__rosidl_typesupport_c.so
[4.724s] -- Up-to-date: /home/wheeltec/wheeltec_robot/install/lslidar_msgs/lib/liblslidar_msgs__rosidl_typesupport_introspection_cpp.so
[4.724s] -- Up-to-date: /home/wheeltec/wheeltec_robot/install/lslidar_msgs/lib/liblslidar_msgs__rosidl_typesupport_cpp.so
[5.017s] Listing '/home/wheeltec/wheeltec_robot/install/lslidar_msgs/local/lib/python3.10/dist-packages/lslidar_msgs'...
[5.018s] Listing '/home/wheeltec/wheeltec_robot/install/lslidar_msgs/local/lib/python3.10/dist-packages/lslidar_msgs/msg'...
[5.070s] -- Up-to-date: /home/wheeltec/wheeltec_robot/install/lslidar_msgs/lib/liblslidar_msgs__rosidl_generator_py.so
[5.070s] -- Up-to-date: /home/wheeltec/wheeltec_robot/install/lslidar_msgs/share/lslidar_msgs/cmake/export_lslidar_msgs__rosidl_generator_cExport.cmake
[5.070s] -- Up-to-date: /home/wheeltec/wheeltec_robot/install/lslidar_msgs/share/lslidar_msgs/cmake/export_lslidar_msgs__rosidl_generator_cExport-noconfig.cmake
[5.070s] -- Up-to-date: /home/wheeltec/wheeltec_robot/install/lslidar_msgs/share/lslidar_msgs/cmake/export_lslidar_msgs__rosidl_typesupport_fastrtps_cExport.cmake
[5.071s] -- Up-to-date: /home/wheeltec/wheeltec_robot/install/lslidar_msgs/share/lslidar_msgs/cmake/export_lslidar_msgs__rosidl_typesupport_fastrtps_cExport-noconfig.cmake
[5.071s] -- Up-to-date: /home/wheeltec/wheeltec_robot/install/lslidar_msgs/share/lslidar_msgs/cmake/export_lslidar_msgs__rosidl_generator_cppExport.cmake
[5.071s] -- Up-to-date: /home/wheeltec/wheeltec_robot/install/lslidar_msgs/share/lslidar_msgs/cmake/export_lslidar_msgs__rosidl_typesupport_fastrtps_cppExport.cmake
[5.071s] -- Up-to-date: /home/wheeltec/wheeltec_robot/install/lslidar_msgs/share/lslidar_msgs/cmake/export_lslidar_msgs__rosidl_typesupport_fastrtps_cppExport-noconfig.cmake
[5.071s] -- Up-to-date: /home/wheeltec/wheeltec_robot/install/lslidar_msgs/share/lslidar_msgs/cmake/lslidar_msgs__rosidl_typesupport_introspection_cExport.cmake
[5.071s] -- Up-to-date: /home/wheeltec/wheeltec_robot/install/lslidar_msgs/share/lslidar_msgs/cmake/lslidar_msgs__rosidl_typesupport_introspection_cExport-noconfig.cmake
[5.072s] -- Up-to-date: /home/wheeltec/wheeltec_robot/install/lslidar_msgs/share/lslidar_msgs/cmake/lslidar_msgs__rosidl_typesupport_cExport.cmake
[5.072s] -- Up-to-date: /home/wheeltec/wheeltec_robot/install/lslidar_msgs/share/lslidar_msgs/cmake/lslidar_msgs__rosidl_typesupport_cExport-noconfig.cmake
[5.072s] -- Up-to-date: /home/wheeltec/wheeltec_robot/install/lslidar_msgs/share/lslidar_msgs/cmake/lslidar_msgs__rosidl_typesupport_introspection_cppExport.cmake
[5.072s] -- Up-to-date: /home/wheeltec/wheeltec_robot/install/lslidar_msgs/share/lslidar_msgs/cmake/lslidar_msgs__rosidl_typesupport_introspection_cppExport-noconfig.cmake
[5.072s] -- Up-to-date: /home/wheeltec/wheeltec_robot/install/lslidar_msgs/share/lslidar_msgs/cmake/lslidar_msgs__rosidl_typesupport_cppExport.cmake
[5.072s] -- Up-to-date: /home/wheeltec/wheeltec_robot/install/lslidar_msgs/share/lslidar_msgs/cmake/lslidar_msgs__rosidl_typesupport_cppExport-noconfig.cmake
[5.072s] -- Up-to-date: /home/wheeltec/wheeltec_robot/install/lslidar_msgs/share/lslidar_msgs/cmake/export_lslidar_msgs__rosidl_generator_pyExport.cmake
[5.072s] -- Up-to-date: /home/wheeltec/wheeltec_robot/install/lslidar_msgs/share/lslidar_msgs/cmake/export_lslidar_msgs__rosidl_generator_pyExport-noconfig.cmake
[5.614s] Invoked command in '/home/wheeltec/wheeltec_robot/build/lslidar_msgs' returned '0': CMAKE_PREFIX_PATH=${CMAKE_PREFIX_PATH}:/opt/ros/humble /usr/bin/cmake --install /home/wheeltec/wheeltec_robot/build/lslidar_msgs
