[  1%] Built target wheeltec_rrt_msg__cpp
[  1%] Built target ament_cmake_python_symlink_wheeltec_rrt_msg
[35m[1mConsolidate compiler generated dependencies of target wheeltec_rrt_msg__rosidl_typesupport_introspection_cpp[0m
[ 12%] Built target wheeltec_rrt_msg__rosidl_typesupport_introspection_cpp
running egg_info
writing wheeltec_rrt_msg.egg-info/PKG-INFO
writing dependency_links to wheeltec_rrt_msg.egg-info/dependency_links.txt
writing top-level names to wheeltec_rrt_msg.egg-info/top_level.txt
reading manifest file 'wheeltec_rrt_msg.egg-info/SOURCES.txt'
writing manifest file 'wheeltec_rrt_msg.egg-info/SOURCES.txt'
[ 12%] Built target ament_cmake_python_build_wheeltec_rrt_msg_egg
[35m[1mConsolidate compiler generated dependencies of target wheeltec_rrt_msg__rosidl_typesupport_fastrtps_cpp[0m
[ 23%] Built target wheeltec_rrt_msg__rosidl_typesupport_fastrtps_cpp
[35m[1mConsolidate compiler generated dependencies of target wheeltec_rrt_msg__rosidl_typesupport_cpp[0m
[ 34%] Built target wheeltec_rrt_msg__rosidl_typesupport_cpp
[35m[1mConsolidate compiler generated dependencies of target wheeltec_rrt_msg__rosidl_generator_c[0m
[ 46%] Built target wheeltec_rrt_msg__rosidl_generator_c
[35m[1mConsolidate compiler generated dependencies of target wheeltec_rrt_msg__rosidl_typesupport_fastrtps_c[0m
[ 57%] Built target wheeltec_rrt_msg__rosidl_typesupport_fastrtps_c
[35m[1mConsolidate compiler generated dependencies of target wheeltec_rrt_msg__rosidl_typesupport_c[0m
[ 68%] Built target wheeltec_rrt_msg__rosidl_typesupport_c
[35m[1mConsolidate compiler generated dependencies of target wheeltec_rrt_msg__rosidl_typesupport_introspection_c[0m
[ 79%] Built target wheeltec_rrt_msg__rosidl_typesupport_introspection_c
[ 79%] Built target wheeltec_rrt_msg
[ 80%] Built target wheeltec_rrt_msg__py
[35m[1mConsolidate compiler generated dependencies of target wheeltec_rrt_msg__rosidl_generator_py[0m
[ 90%] Built target wheeltec_rrt_msg__rosidl_generator_py
[35m[1mConsolidate compiler generated dependencies of target wheeltec_rrt_msg__rosidl_typesupport_fastrtps_c__pyext[0m
[ 93%] Built target wheeltec_rrt_msg__rosidl_typesupport_fastrtps_c__pyext
[35m[1mConsolidate compiler generated dependencies of target wheeltec_rrt_msg__rosidl_typesupport_c__pyext[0m
[ 96%] Built target wheeltec_rrt_msg__rosidl_typesupport_c__pyext
[35m[1mConsolidate compiler generated dependencies of target wheeltec_rrt_msg__rosidl_typesupport_introspection_c__pyext[0m
[100%] Built target wheeltec_rrt_msg__rosidl_typesupport_introspection_c__pyext
-- Install configuration: ""
-- Execute custom install script
-- Up-to-date symlink: /home/wheeltec/wheeltec_robot/install/wheeltec_rrt_msg/share/ament_index/resource_index/rosidl_interfaces/wheeltec_rrt_msg
-- Up-to-date symlink: /home/wheeltec/wheeltec_robot/install/wheeltec_rrt_msg/include/wheeltec_rrt_msg/wheeltec_rrt_msg/action/change_position.h
-- Up-to-date symlink: /home/wheeltec/wheeltec_robot/install/wheeltec_rrt_msg/include/wheeltec_rrt_msg/wheeltec_rrt_msg/action/detail/change_position__functions.h
-- Up-to-date symlink: /home/wheeltec/wheeltec_robot/install/wheeltec_rrt_msg/include/wheeltec_rrt_msg/wheeltec_rrt_msg/action/detail/change_position__struct.h
-- Up-to-date symlink: /home/wheeltec/wheeltec_robot/install/wheeltec_rrt_msg/include/wheeltec_rrt_msg/wheeltec_rrt_msg/action/detail/change_position__type_support.h
-- Up-to-date symlink: /home/wheeltec/wheeltec_robot/install/wheeltec_rrt_msg/include/wheeltec_rrt_msg/wheeltec_rrt_msg/action/detail/find_coloured_box__functions.h
-- Up-to-date symlink: /home/wheeltec/wheeltec_robot/install/wheeltec_rrt_msg/include/wheeltec_rrt_msg/wheeltec_rrt_msg/action/detail/find_coloured_box__struct.h
-- Up-to-date symlink: /home/wheeltec/wheeltec_robot/install/wheeltec_rrt_msg/include/wheeltec_rrt_msg/wheeltec_rrt_msg/action/detail/find_coloured_box__type_support.h
-- Up-to-date symlink: /home/wheeltec/wheeltec_robot/install/wheeltec_rrt_msg/include/wheeltec_rrt_msg/wheeltec_rrt_msg/action/detail/pick_coloured_box__functions.h
-- Up-to-date symlink: /home/wheeltec/wheeltec_robot/install/wheeltec_rrt_msg/include/wheeltec_rrt_msg/wheeltec_rrt_msg/action/detail/pick_coloured_box__struct.h
-- Up-to-date symlink: /home/wheeltec/wheeltec_robot/install/wheeltec_rrt_msg/include/wheeltec_rrt_msg/wheeltec_rrt_msg/action/detail/pick_coloured_box__type_support.h
-- Up-to-date symlink: /home/wheeltec/wheeltec_robot/install/wheeltec_rrt_msg/include/wheeltec_rrt_msg/wheeltec_rrt_msg/action/find_coloured_box.h
-- Up-to-date symlink: /home/wheeltec/wheeltec_robot/install/wheeltec_rrt_msg/include/wheeltec_rrt_msg/wheeltec_rrt_msg/action/pick_coloured_box.h
-- Up-to-date symlink: /home/wheeltec/wheeltec_robot/install/wheeltec_rrt_msg/include/wheeltec_rrt_msg/wheeltec_rrt_msg/msg/detail/point_array__functions.h
-- Up-to-date symlink: /home/wheeltec/wheeltec_robot/install/wheeltec_rrt_msg/include/wheeltec_rrt_msg/wheeltec_rrt_msg/msg/detail/point_array__struct.h
-- Up-to-date symlink: /home/wheeltec/wheeltec_robot/install/wheeltec_rrt_msg/include/wheeltec_rrt_msg/wheeltec_rrt_msg/msg/detail/point_array__type_support.h
-- Up-to-date symlink: /home/wheeltec/wheeltec_robot/install/wheeltec_rrt_msg/include/wheeltec_rrt_msg/wheeltec_rrt_msg/msg/point_array.h
-- Up-to-date symlink: /home/wheeltec/wheeltec_robot/install/wheeltec_rrt_msg/include/wheeltec_rrt_msg/wheeltec_rrt_msg/msg/rosidl_generator_c__visibility_control.h
-- Up-to-date symlink: /home/wheeltec/wheeltec_robot/install/wheeltec_rrt_msg/include/wheeltec_rrt_msg/wheeltec_rrt_msg/srv/delete_shape.h
-- Up-to-date symlink: /home/wheeltec/wheeltec_robot/install/wheeltec_rrt_msg/include/wheeltec_rrt_msg/wheeltec_rrt_msg/srv/detail/delete_shape__functions.h
-- Up-to-date symlink: /home/wheeltec/wheeltec_robot/install/wheeltec_rrt_msg/include/wheeltec_rrt_msg/wheeltec_rrt_msg/srv/detail/delete_shape__struct.h
-- Up-to-date symlink: /home/wheeltec/wheeltec_robot/install/wheeltec_rrt_msg/include/wheeltec_rrt_msg/wheeltec_rrt_msg/srv/detail/delete_shape__type_support.h
-- Up-to-date symlink: /home/wheeltec/wheeltec_robot/install/wheeltec_rrt_msg/share/wheeltec_rrt_msg/environment/library_path.sh
-- Up-to-date symlink: /home/wheeltec/wheeltec_robot/install/wheeltec_rrt_msg/share/wheeltec_rrt_msg/environment/library_path.dsv
-- Up-to-date symlink: /home/wheeltec/wheeltec_robot/install/wheeltec_rrt_msg/include/wheeltec_rrt_msg/wheeltec_rrt_msg/action/detail/change_position__rosidl_typesupport_fastrtps_c.h
-- Up-to-date symlink: /home/wheeltec/wheeltec_robot/install/wheeltec_rrt_msg/include/wheeltec_rrt_msg/wheeltec_rrt_msg/action/detail/find_coloured_box__rosidl_typesupport_fastrtps_c.h
-- Up-to-date symlink: /home/wheeltec/wheeltec_robot/install/wheeltec_rrt_msg/include/wheeltec_rrt_msg/wheeltec_rrt_msg/action/detail/pick_coloured_box__rosidl_typesupport_fastrtps_c.h
-- Up-to-date symlink: /home/wheeltec/wheeltec_robot/install/wheeltec_rrt_msg/include/wheeltec_rrt_msg/wheeltec_rrt_msg/msg/detail/point_array__rosidl_typesupport_fastrtps_c.h
-- Up-to-date symlink: /home/wheeltec/wheeltec_robot/install/wheeltec_rrt_msg/include/wheeltec_rrt_msg/wheeltec_rrt_msg/msg/rosidl_typesupport_fastrtps_c__visibility_control.h
-- Up-to-date symlink: /home/wheeltec/wheeltec_robot/install/wheeltec_rrt_msg/include/wheeltec_rrt_msg/wheeltec_rrt_msg/srv/detail/delete_shape__rosidl_typesupport_fastrtps_c.h
-- Up-to-date symlink: /home/wheeltec/wheeltec_robot/install/wheeltec_rrt_msg/include/wheeltec_rrt_msg/wheeltec_rrt_msg/action/detail/change_position__rosidl_typesupport_introspection_c.h
-- Up-to-date symlink: /home/wheeltec/wheeltec_robot/install/wheeltec_rrt_msg/include/wheeltec_rrt_msg/wheeltec_rrt_msg/action/detail/find_coloured_box__rosidl_typesupport_introspection_c.h
-- Up-to-date symlink: /home/wheeltec/wheeltec_robot/install/wheeltec_rrt_msg/include/wheeltec_rrt_msg/wheeltec_rrt_msg/action/detail/pick_coloured_box__rosidl_typesupport_introspection_c.h
-- Up-to-date symlink: /home/wheeltec/wheeltec_robot/install/wheeltec_rrt_msg/include/wheeltec_rrt_msg/wheeltec_rrt_msg/msg/detail/point_array__rosidl_typesupport_introspection_c.h
-- Up-to-date symlink: /home/wheeltec/wheeltec_robot/install/wheeltec_rrt_msg/include/wheeltec_rrt_msg/wheeltec_rrt_msg/msg/rosidl_typesupport_introspection_c__visibility_control.h
-- Up-to-date symlink: /home/wheeltec/wheeltec_robot/install/wheeltec_rrt_msg/include/wheeltec_rrt_msg/wheeltec_rrt_msg/srv/detail/delete_shape__rosidl_typesupport_introspection_c.h
-- Up-to-date symlink: /home/wheeltec/wheeltec_robot/install/wheeltec_rrt_msg/include/wheeltec_rrt_msg/wheeltec_rrt_msg/action/change_position.hpp
-- Up-to-date symlink: /home/wheeltec/wheeltec_robot/install/wheeltec_rrt_msg/include/wheeltec_rrt_msg/wheeltec_rrt_msg/action/detail/change_position__builder.hpp
-- Up-to-date symlink: /home/wheeltec/wheeltec_robot/install/wheeltec_rrt_msg/include/wheeltec_rrt_msg/wheeltec_rrt_msg/action/detail/change_position__struct.hpp
-- Up-to-date symlink: /home/wheeltec/wheeltec_robot/install/wheeltec_rrt_msg/include/wheeltec_rrt_msg/wheeltec_rrt_msg/action/detail/change_position__traits.hpp
-- Up-to-date symlink: /home/wheeltec/wheeltec_robot/install/wheeltec_rrt_msg/include/wheeltec_rrt_msg/wheeltec_rrt_msg/action/detail/change_position__type_support.hpp
-- Up-to-date symlink: /home/wheeltec/wheeltec_robot/install/wheeltec_rrt_msg/include/wheeltec_rrt_msg/wheeltec_rrt_msg/action/detail/find_coloured_box__builder.hpp
-- Up-to-date symlink: /home/wheeltec/wheeltec_robot/install/wheeltec_rrt_msg/include/wheeltec_rrt_msg/wheeltec_rrt_msg/action/detail/find_coloured_box__struct.hpp
-- Up-to-date symlink: /home/wheeltec/wheeltec_robot/install/wheeltec_rrt_msg/include/wheeltec_rrt_msg/wheeltec_rrt_msg/action/detail/find_coloured_box__traits.hpp
-- Up-to-date symlink: /home/wheeltec/wheeltec_robot/install/wheeltec_rrt_msg/include/wheeltec_rrt_msg/wheeltec_rrt_msg/action/detail/find_coloured_box__type_support.hpp
-- Up-to-date symlink: /home/wheeltec/wheeltec_robot/install/wheeltec_rrt_msg/include/wheeltec_rrt_msg/wheeltec_rrt_msg/action/detail/pick_coloured_box__builder.hpp
-- Up-to-date symlink: /home/wheeltec/wheeltec_robot/install/wheeltec_rrt_msg/include/wheeltec_rrt_msg/wheeltec_rrt_msg/action/detail/pick_coloured_box__struct.hpp
-- Up-to-date symlink: /home/wheeltec/wheeltec_robot/install/wheeltec_rrt_msg/include/wheeltec_rrt_msg/wheeltec_rrt_msg/action/detail/pick_coloured_box__traits.hpp
-- Up-to-date symlink: /home/wheeltec/wheeltec_robot/install/wheeltec_rrt_msg/include/wheeltec_rrt_msg/wheeltec_rrt_msg/action/detail/pick_coloured_box__type_support.hpp
-- Up-to-date symlink: /home/wheeltec/wheeltec_robot/install/wheeltec_rrt_msg/include/wheeltec_rrt_msg/wheeltec_rrt_msg/action/find_coloured_box.hpp
-- Up-to-date symlink: /home/wheeltec/wheeltec_robot/install/wheeltec_rrt_msg/include/wheeltec_rrt_msg/wheeltec_rrt_msg/action/pick_coloured_box.hpp
-- Up-to-date symlink: /home/wheeltec/wheeltec_robot/install/wheeltec_rrt_msg/include/wheeltec_rrt_msg/wheeltec_rrt_msg/msg/detail/point_array__builder.hpp
-- Up-to-date symlink: /home/wheeltec/wheeltec_robot/install/wheeltec_rrt_msg/include/wheeltec_rrt_msg/wheeltec_rrt_msg/msg/detail/point_array__struct.hpp
-- Up-to-date symlink: /home/wheeltec/wheeltec_robot/install/wheeltec_rrt_msg/include/wheeltec_rrt_msg/wheeltec_rrt_msg/msg/detail/point_array__traits.hpp
-- Up-to-date symlink: /home/wheeltec/wheeltec_robot/install/wheeltec_rrt_msg/include/wheeltec_rrt_msg/wheeltec_rrt_msg/msg/detail/point_array__type_support.hpp
-- Up-to-date symlink: /home/wheeltec/wheeltec_robot/install/wheeltec_rrt_msg/include/wheeltec_rrt_msg/wheeltec_rrt_msg/msg/point_array.hpp
-- Up-to-date symlink: /home/wheeltec/wheeltec_robot/install/wheeltec_rrt_msg/include/wheeltec_rrt_msg/wheeltec_rrt_msg/msg/rosidl_generator_cpp__visibility_control.hpp
-- Up-to-date symlink: /home/wheeltec/wheeltec_robot/install/wheeltec_rrt_msg/include/wheeltec_rrt_msg/wheeltec_rrt_msg/srv/delete_shape.hpp
-- Up-to-date symlink: /home/wheeltec/wheeltec_robot/install/wheeltec_rrt_msg/include/wheeltec_rrt_msg/wheeltec_rrt_msg/srv/detail/delete_shape__builder.hpp
-- Up-to-date symlink: /home/wheeltec/wheeltec_robot/install/wheeltec_rrt_msg/include/wheeltec_rrt_msg/wheeltec_rrt_msg/srv/detail/delete_shape__struct.hpp
-- Up-to-date symlink: /home/wheeltec/wheeltec_robot/install/wheeltec_rrt_msg/include/wheeltec_rrt_msg/wheeltec_rrt_msg/srv/detail/delete_shape__traits.hpp
-- Up-to-date symlink: /home/wheeltec/wheeltec_robot/install/wheeltec_rrt_msg/include/wheeltec_rrt_msg/wheeltec_rrt_msg/srv/detail/delete_shape__type_support.hpp
-- Up-to-date symlink: /home/wheeltec/wheeltec_robot/install/wheeltec_rrt_msg/include/wheeltec_rrt_msg/wheeltec_rrt_msg/action/detail/change_position__rosidl_typesupport_fastrtps_cpp.hpp
-- Up-to-date symlink: /home/wheeltec/wheeltec_robot/install/wheeltec_rrt_msg/include/wheeltec_rrt_msg/wheeltec_rrt_msg/action/detail/find_coloured_box__rosidl_typesupport_fastrtps_cpp.hpp
-- Up-to-date symlink: /home/wheeltec/wheeltec_robot/install/wheeltec_rrt_msg/include/wheeltec_rrt_msg/wheeltec_rrt_msg/action/detail/pick_coloured_box__rosidl_typesupport_fastrtps_cpp.hpp
-- Up-to-date symlink: /home/wheeltec/wheeltec_robot/install/wheeltec_rrt_msg/include/wheeltec_rrt_msg/wheeltec_rrt_msg/msg/detail/point_array__rosidl_typesupport_fastrtps_cpp.hpp
-- Up-to-date symlink: /home/wheeltec/wheeltec_robot/install/wheeltec_rrt_msg/include/wheeltec_rrt_msg/wheeltec_rrt_msg/msg/rosidl_typesupport_fastrtps_cpp__visibility_control.h
-- Up-to-date symlink: /home/wheeltec/wheeltec_robot/install/wheeltec_rrt_msg/include/wheeltec_rrt_msg/wheeltec_rrt_msg/srv/detail/delete_shape__rosidl_typesupport_fastrtps_cpp.hpp
-- Up-to-date symlink: /home/wheeltec/wheeltec_robot/install/wheeltec_rrt_msg/include/wheeltec_rrt_msg/wheeltec_rrt_msg/action/detail/change_position__rosidl_typesupport_introspection_cpp.hpp
-- Up-to-date symlink: /home/wheeltec/wheeltec_robot/install/wheeltec_rrt_msg/include/wheeltec_rrt_msg/wheeltec_rrt_msg/action/detail/find_coloured_box__rosidl_typesupport_introspection_cpp.hpp
-- Up-to-date symlink: /home/wheeltec/wheeltec_robot/install/wheeltec_rrt_msg/include/wheeltec_rrt_msg/wheeltec_rrt_msg/action/detail/pick_coloured_box__rosidl_typesupport_introspection_cpp.hpp
-- Up-to-date symlink: /home/wheeltec/wheeltec_robot/install/wheeltec_rrt_msg/include/wheeltec_rrt_msg/wheeltec_rrt_msg/msg/detail/point_array__rosidl_typesupport_introspection_cpp.hpp
-- Up-to-date symlink: /home/wheeltec/wheeltec_robot/install/wheeltec_rrt_msg/include/wheeltec_rrt_msg/wheeltec_rrt_msg/srv/detail/delete_shape__rosidl_typesupport_introspection_cpp.hpp
-- Up-to-date symlink: /home/wheeltec/wheeltec_robot/install/wheeltec_rrt_msg/share/wheeltec_rrt_msg/environment/pythonpath.sh
-- Up-to-date symlink: /home/wheeltec/wheeltec_robot/install/wheeltec_rrt_msg/share/wheeltec_rrt_msg/environment/pythonpath.dsv
-- Up-to-date symlink: /home/wheeltec/wheeltec_robot/install/wheeltec_rrt_msg/local/lib/python3.10/dist-packages/wheeltec_rrt_msg-0.0.0-py3.10.egg-info/PKG-INFO
-- Up-to-date symlink: /home/wheeltec/wheeltec_robot/install/wheeltec_rrt_msg/local/lib/python3.10/dist-packages/wheeltec_rrt_msg-0.0.0-py3.10.egg-info/SOURCES.txt
-- Up-to-date symlink: /home/wheeltec/wheeltec_robot/install/wheeltec_rrt_msg/local/lib/python3.10/dist-packages/wheeltec_rrt_msg-0.0.0-py3.10.egg-info/dependency_links.txt
-- Up-to-date symlink: /home/wheeltec/wheeltec_robot/install/wheeltec_rrt_msg/local/lib/python3.10/dist-packages/wheeltec_rrt_msg-0.0.0-py3.10.egg-info/top_level.txt
-- Up-to-date symlink: /home/wheeltec/wheeltec_robot/install/wheeltec_rrt_msg/local/lib/python3.10/dist-packages/wheeltec_rrt_msg/__init__.py
-- Up-to-date symlink: /home/wheeltec/wheeltec_robot/install/wheeltec_rrt_msg/local/lib/python3.10/dist-packages/wheeltec_rrt_msg/_wheeltec_rrt_msg_s.ep.rosidl_typesupport_c.c
-- Up-to-date symlink: /home/wheeltec/wheeltec_robot/install/wheeltec_rrt_msg/local/lib/python3.10/dist-packages/wheeltec_rrt_msg/_wheeltec_rrt_msg_s.ep.rosidl_typesupport_fastrtps_c.c
-- Up-to-date symlink: /home/wheeltec/wheeltec_robot/install/wheeltec_rrt_msg/local/lib/python3.10/dist-packages/wheeltec_rrt_msg/_wheeltec_rrt_msg_s.ep.rosidl_typesupport_introspection_c.c
-- Up-to-date symlink: /home/wheeltec/wheeltec_robot/install/wheeltec_rrt_msg/local/lib/python3.10/dist-packages/wheeltec_rrt_msg/action/__init__.py
-- Up-to-date symlink: /home/wheeltec/wheeltec_robot/install/wheeltec_rrt_msg/local/lib/python3.10/dist-packages/wheeltec_rrt_msg/action/_change_position.py
-- Up-to-date symlink: /home/wheeltec/wheeltec_robot/install/wheeltec_rrt_msg/local/lib/python3.10/dist-packages/wheeltec_rrt_msg/action/_change_position_s.c
-- Up-to-date symlink: /home/wheeltec/wheeltec_robot/install/wheeltec_rrt_msg/local/lib/python3.10/dist-packages/wheeltec_rrt_msg/action/_find_coloured_box.py
-- Up-to-date symlink: /home/wheeltec/wheeltec_robot/install/wheeltec_rrt_msg/local/lib/python3.10/dist-packages/wheeltec_rrt_msg/action/_find_coloured_box_s.c
-- Up-to-date symlink: /home/wheeltec/wheeltec_robot/install/wheeltec_rrt_msg/local/lib/python3.10/dist-packages/wheeltec_rrt_msg/action/_pick_coloured_box.py
-- Up-to-date symlink: /home/wheeltec/wheeltec_robot/install/wheeltec_rrt_msg/local/lib/python3.10/dist-packages/wheeltec_rrt_msg/action/_pick_coloured_box_s.c
-- Up-to-date symlink: /home/wheeltec/wheeltec_robot/install/wheeltec_rrt_msg/local/lib/python3.10/dist-packages/wheeltec_rrt_msg/libwheeltec_rrt_msg__rosidl_generator_py.so
-- Up-to-date symlink: /home/wheeltec/wheeltec_robot/install/wheeltec_rrt_msg/local/lib/python3.10/dist-packages/wheeltec_rrt_msg/msg/__init__.py
-- Up-to-date symlink: /home/wheeltec/wheeltec_robot/install/wheeltec_rrt_msg/local/lib/python3.10/dist-packages/wheeltec_rrt_msg/msg/_point_array.py
-- Up-to-date symlink: /home/wheeltec/wheeltec_robot/install/wheeltec_rrt_msg/local/lib/python3.10/dist-packages/wheeltec_rrt_msg/msg/_point_array_s.c
-- Up-to-date symlink: /home/wheeltec/wheeltec_robot/install/wheeltec_rrt_msg/local/lib/python3.10/dist-packages/wheeltec_rrt_msg/srv/__init__.py
-- Up-to-date symlink: /home/wheeltec/wheeltec_robot/install/wheeltec_rrt_msg/local/lib/python3.10/dist-packages/wheeltec_rrt_msg/srv/_delete_shape.py
-- Up-to-date symlink: /home/wheeltec/wheeltec_robot/install/wheeltec_rrt_msg/local/lib/python3.10/dist-packages/wheeltec_rrt_msg/srv/_delete_shape_s.c
-- Up-to-date symlink: /home/wheeltec/wheeltec_robot/install/wheeltec_rrt_msg/local/lib/python3.10/dist-packages/wheeltec_rrt_msg/wheeltec_rrt_msg_s__rosidl_typesupport_c.cpython-310-aarch64-linux-gnu.so
-- Up-to-date symlink: /home/wheeltec/wheeltec_robot/install/wheeltec_rrt_msg/local/lib/python3.10/dist-packages/wheeltec_rrt_msg/wheeltec_rrt_msg_s__rosidl_typesupport_fastrtps_c.cpython-310-aarch64-linux-gnu.so
-- Up-to-date symlink: /home/wheeltec/wheeltec_robot/install/wheeltec_rrt_msg/local/lib/python3.10/dist-packages/wheeltec_rrt_msg/wheeltec_rrt_msg_s__rosidl_typesupport_introspection_c.cpython-310-aarch64-linux-gnu.so
-- Up-to-date symlink: /home/wheeltec/wheeltec_robot/install/wheeltec_rrt_msg/local/lib/python3.10/dist-packages/wheeltec_rrt_msg/wheeltec_rrt_msg_s__rosidl_typesupport_fastrtps_c.cpython-310-aarch64-linux-gnu.so
-- Up-to-date symlink: /home/wheeltec/wheeltec_robot/install/wheeltec_rrt_msg/local/lib/python3.10/dist-packages/wheeltec_rrt_msg/wheeltec_rrt_msg_s__rosidl_typesupport_introspection_c.cpython-310-aarch64-linux-gnu.so
-- Up-to-date symlink: /home/wheeltec/wheeltec_robot/install/wheeltec_rrt_msg/local/lib/python3.10/dist-packages/wheeltec_rrt_msg/wheeltec_rrt_msg_s__rosidl_typesupport_c.cpython-310-aarch64-linux-gnu.so
-- Up-to-date symlink: /home/wheeltec/wheeltec_robot/install/wheeltec_rrt_msg/share/wheeltec_rrt_msg/action/ChangePosition.idl
-- Up-to-date symlink: /home/wheeltec/wheeltec_robot/install/wheeltec_rrt_msg/share/wheeltec_rrt_msg/action/FindColouredBox.idl
-- Up-to-date symlink: /home/wheeltec/wheeltec_robot/install/wheeltec_rrt_msg/share/wheeltec_rrt_msg/action/PickColouredBox.idl
-- Up-to-date symlink: /home/wheeltec/wheeltec_robot/install/wheeltec_rrt_msg/share/wheeltec_rrt_msg/srv/DeleteShape.idl
-- Up-to-date symlink: /home/wheeltec/wheeltec_robot/install/wheeltec_rrt_msg/share/wheeltec_rrt_msg/msg/PointArray.idl
-- Up-to-date symlink: /home/wheeltec/wheeltec_robot/install/wheeltec_rrt_msg/share/wheeltec_rrt_msg/action/ChangePosition.action
-- Up-to-date symlink: /home/wheeltec/wheeltec_robot/install/wheeltec_rrt_msg/share/wheeltec_rrt_msg/action/FindColouredBox.action
-- Up-to-date symlink: /home/wheeltec/wheeltec_robot/install/wheeltec_rrt_msg/share/wheeltec_rrt_msg/action/PickColouredBox.action
-- Up-to-date symlink: /home/wheeltec/wheeltec_robot/install/wheeltec_rrt_msg/share/wheeltec_rrt_msg/srv/DeleteShape.srv
-- Up-to-date symlink: /home/wheeltec/wheeltec_robot/install/wheeltec_rrt_msg/share/wheeltec_rrt_msg/srv/DeleteShape_Request.msg
-- Up-to-date symlink: /home/wheeltec/wheeltec_robot/install/wheeltec_rrt_msg/share/wheeltec_rrt_msg/srv/DeleteShape_Response.msg
-- Up-to-date symlink: /home/wheeltec/wheeltec_robot/install/wheeltec_rrt_msg/share/wheeltec_rrt_msg/msg/PointArray.msg
-- Up-to-date symlink: /home/wheeltec/wheeltec_robot/install/wheeltec_rrt_msg/share/ament_index/resource_index/package_run_dependencies/wheeltec_rrt_msg
-- Up-to-date symlink: /home/wheeltec/wheeltec_robot/install/wheeltec_rrt_msg/share/ament_index/resource_index/parent_prefix_path/wheeltec_rrt_msg
-- Up-to-date symlink: /home/wheeltec/wheeltec_robot/install/wheeltec_rrt_msg/share/wheeltec_rrt_msg/environment/ament_prefix_path.sh
-- Up-to-date symlink: /home/wheeltec/wheeltec_robot/install/wheeltec_rrt_msg/share/wheeltec_rrt_msg/environment/ament_prefix_path.dsv
-- Up-to-date symlink: /home/wheeltec/wheeltec_robot/install/wheeltec_rrt_msg/share/wheeltec_rrt_msg/environment/path.sh
-- Up-to-date symlink: /home/wheeltec/wheeltec_robot/install/wheeltec_rrt_msg/share/wheeltec_rrt_msg/environment/path.dsv
-- Up-to-date symlink: /home/wheeltec/wheeltec_robot/install/wheeltec_rrt_msg/share/wheeltec_rrt_msg/local_setup.bash
-- Up-to-date symlink: /home/wheeltec/wheeltec_robot/install/wheeltec_rrt_msg/share/wheeltec_rrt_msg/local_setup.sh
-- Up-to-date symlink: /home/wheeltec/wheeltec_robot/install/wheeltec_rrt_msg/share/wheeltec_rrt_msg/local_setup.zsh
-- Up-to-date symlink: /home/wheeltec/wheeltec_robot/install/wheeltec_rrt_msg/share/wheeltec_rrt_msg/local_setup.dsv
-- Symlinking: /home/wheeltec/wheeltec_robot/install/wheeltec_rrt_msg/share/wheeltec_rrt_msg/package.dsv
-- Up-to-date symlink: /home/wheeltec/wheeltec_robot/install/wheeltec_rrt_msg/share/ament_index/resource_index/packages/wheeltec_rrt_msg
-- Up-to-date symlink: /home/wheeltec/wheeltec_robot/install/wheeltec_rrt_msg/share/wheeltec_rrt_msg/cmake/rosidl_cmake-extras.cmake
-- Up-to-date symlink: /home/wheeltec/wheeltec_robot/install/wheeltec_rrt_msg/share/wheeltec_rrt_msg/cmake/ament_cmake_export_dependencies-extras.cmake
-- Up-to-date symlink: /home/wheeltec/wheeltec_robot/install/wheeltec_rrt_msg/share/wheeltec_rrt_msg/cmake/ament_cmake_export_include_directories-extras.cmake
-- Up-to-date symlink: /home/wheeltec/wheeltec_robot/install/wheeltec_rrt_msg/share/wheeltec_rrt_msg/cmake/ament_cmake_export_libraries-extras.cmake
-- Up-to-date symlink: /home/wheeltec/wheeltec_robot/install/wheeltec_rrt_msg/share/wheeltec_rrt_msg/cmake/ament_cmake_export_targets-extras.cmake
-- Up-to-date symlink: /home/wheeltec/wheeltec_robot/install/wheeltec_rrt_msg/share/wheeltec_rrt_msg/cmake/rosidl_cmake_export_typesupport_targets-extras.cmake
-- Up-to-date symlink: /home/wheeltec/wheeltec_robot/install/wheeltec_rrt_msg/share/wheeltec_rrt_msg/cmake/rosidl_cmake_export_typesupport_libraries-extras.cmake
-- Up-to-date symlink: /home/wheeltec/wheeltec_robot/install/wheeltec_rrt_msg/share/wheeltec_rrt_msg/cmake/wheeltec_rrt_msgConfig.cmake
-- Up-to-date symlink: /home/wheeltec/wheeltec_robot/install/wheeltec_rrt_msg/share/wheeltec_rrt_msg/cmake/wheeltec_rrt_msgConfig-version.cmake
-- Up-to-date symlink: /home/wheeltec/wheeltec_robot/install/wheeltec_rrt_msg/share/wheeltec_rrt_msg/package.xml
-- Up-to-date: /home/wheeltec/wheeltec_robot/install/wheeltec_rrt_msg/lib/libwheeltec_rrt_msg__rosidl_generator_c.so
-- Up-to-date: /home/wheeltec/wheeltec_robot/install/wheeltec_rrt_msg/lib/libwheeltec_rrt_msg__rosidl_typesupport_fastrtps_c.so
-- Up-to-date: /home/wheeltec/wheeltec_robot/install/wheeltec_rrt_msg/lib/libwheeltec_rrt_msg__rosidl_typesupport_introspection_c.so
-- Up-to-date: /home/wheeltec/wheeltec_robot/install/wheeltec_rrt_msg/lib/libwheeltec_rrt_msg__rosidl_typesupport_c.so
-- Up-to-date: /home/wheeltec/wheeltec_robot/install/wheeltec_rrt_msg/lib/libwheeltec_rrt_msg__rosidl_typesupport_fastrtps_cpp.so
-- Up-to-date: /home/wheeltec/wheeltec_robot/install/wheeltec_rrt_msg/lib/libwheeltec_rrt_msg__rosidl_typesupport_introspection_cpp.so
-- Up-to-date: /home/wheeltec/wheeltec_robot/install/wheeltec_rrt_msg/lib/libwheeltec_rrt_msg__rosidl_typesupport_cpp.so
Listing '/home/wheeltec/wheeltec_robot/install/wheeltec_rrt_msg/local/lib/python3.10/dist-packages/wheeltec_rrt_msg'...
Listing '/home/wheeltec/wheeltec_robot/install/wheeltec_rrt_msg/local/lib/python3.10/dist-packages/wheeltec_rrt_msg/action'...
Listing '/home/wheeltec/wheeltec_robot/install/wheeltec_rrt_msg/local/lib/python3.10/dist-packages/wheeltec_rrt_msg/msg'...
Listing '/home/wheeltec/wheeltec_robot/install/wheeltec_rrt_msg/local/lib/python3.10/dist-packages/wheeltec_rrt_msg/srv'...
-- Up-to-date: /home/wheeltec/wheeltec_robot/install/wheeltec_rrt_msg/lib/libwheeltec_rrt_msg__rosidl_generator_py.so
-- Up-to-date: /home/wheeltec/wheeltec_robot/install/wheeltec_rrt_msg/share/wheeltec_rrt_msg/cmake/export_wheeltec_rrt_msg__rosidl_generator_cExport.cmake
-- Up-to-date: /home/wheeltec/wheeltec_robot/install/wheeltec_rrt_msg/share/wheeltec_rrt_msg/cmake/export_wheeltec_rrt_msg__rosidl_generator_cExport-noconfig.cmake
-- Up-to-date: /home/wheeltec/wheeltec_robot/install/wheeltec_rrt_msg/share/wheeltec_rrt_msg/cmake/export_wheeltec_rrt_msg__rosidl_typesupport_fastrtps_cExport.cmake
-- Up-to-date: /home/wheeltec/wheeltec_robot/install/wheeltec_rrt_msg/share/wheeltec_rrt_msg/cmake/export_wheeltec_rrt_msg__rosidl_typesupport_fastrtps_cExport-noconfig.cmake
-- Up-to-date: /home/wheeltec/wheeltec_robot/install/wheeltec_rrt_msg/share/wheeltec_rrt_msg/cmake/wheeltec_rrt_msg__rosidl_typesupport_introspection_cExport.cmake
-- Up-to-date: /home/wheeltec/wheeltec_robot/install/wheeltec_rrt_msg/share/wheeltec_rrt_msg/cmake/wheeltec_rrt_msg__rosidl_typesupport_introspection_cExport-noconfig.cmake
-- Up-to-date: /home/wheeltec/wheeltec_robot/install/wheeltec_rrt_msg/share/wheeltec_rrt_msg/cmake/wheeltec_rrt_msg__rosidl_typesupport_cExport.cmake
-- Up-to-date: /home/wheeltec/wheeltec_robot/install/wheeltec_rrt_msg/share/wheeltec_rrt_msg/cmake/wheeltec_rrt_msg__rosidl_typesupport_cExport-noconfig.cmake
-- Up-to-date: /home/wheeltec/wheeltec_robot/install/wheeltec_rrt_msg/share/wheeltec_rrt_msg/cmake/export_wheeltec_rrt_msg__rosidl_generator_cppExport.cmake
-- Up-to-date: /home/wheeltec/wheeltec_robot/install/wheeltec_rrt_msg/share/wheeltec_rrt_msg/cmake/export_wheeltec_rrt_msg__rosidl_typesupport_fastrtps_cppExport.cmake
-- Up-to-date: /home/wheeltec/wheeltec_robot/install/wheeltec_rrt_msg/share/wheeltec_rrt_msg/cmake/export_wheeltec_rrt_msg__rosidl_typesupport_fastrtps_cppExport-noconfig.cmake
-- Up-to-date: /home/wheeltec/wheeltec_robot/install/wheeltec_rrt_msg/share/wheeltec_rrt_msg/cmake/wheeltec_rrt_msg__rosidl_typesupport_introspection_cppExport.cmake
-- Up-to-date: /home/wheeltec/wheeltec_robot/install/wheeltec_rrt_msg/share/wheeltec_rrt_msg/cmake/wheeltec_rrt_msg__rosidl_typesupport_introspection_cppExport-noconfig.cmake
-- Up-to-date: /home/wheeltec/wheeltec_robot/install/wheeltec_rrt_msg/share/wheeltec_rrt_msg/cmake/wheeltec_rrt_msg__rosidl_typesupport_cppExport.cmake
-- Up-to-date: /home/wheeltec/wheeltec_robot/install/wheeltec_rrt_msg/share/wheeltec_rrt_msg/cmake/wheeltec_rrt_msg__rosidl_typesupport_cppExport-noconfig.cmake
-- Up-to-date: /home/wheeltec/wheeltec_robot/install/wheeltec_rrt_msg/share/wheeltec_rrt_msg/cmake/export_wheeltec_rrt_msg__rosidl_generator_pyExport.cmake
-- Up-to-date: /home/wheeltec/wheeltec_robot/install/wheeltec_rrt_msg/share/wheeltec_rrt_msg/cmake/export_wheeltec_rrt_msg__rosidl_generator_pyExport-noconfig.cmake
