[0.075s] Invoking command in '/home/wheeltec/wheeltec_robot/build/nav2_common': CMAKE_PREFIX_PATH=${CMAKE_PREFIX_PATH}:/opt/ros/humble /usr/bin/cmake --build /home/wheeltec/wheeltec_robot/build/nav2_common -- -j8 -l8
[0.241s] Built target ament_cmake_python_symlink_nav2_common
[0.910s] running egg_info
[0.947s] writing nav2_common.egg-info/PKG-INFO
[0.948s] writing dependency_links to nav2_common.egg-info/dependency_links.txt
[0.952s] writing top-level names to nav2_common.egg-info/top_level.txt
[1.050s] reading manifest file 'nav2_common.egg-info/SOURCES.txt'
[1.051s] writing manifest file 'nav2_common.egg-info/SOURCES.txt'
[1.179s] Built target ament_cmake_python_build_nav2_common_egg
[1.207s] Invoked command in '/home/wheeltec/wheeltec_robot/build/nav2_common' returned '0': CMAKE_PREFIX_PATH=${CMAKE_PREFIX_PATH}:/opt/ros/humble /usr/bin/cmake --build /home/wheeltec/wheeltec_robot/build/nav2_common -- -j8 -l8
[1.224s] Invoking command in '/home/wheeltec/wheeltec_robot/build/nav2_common': CMAKE_PREFIX_PATH=${CMAKE_PREFIX_PATH}:/opt/ros/humble /usr/bin/cmake --install /home/wheeltec/wheeltec_robot/build/nav2_common
[1.565s] -- Install configuration: ""
[1.565s] -- Execute custom install script
[1.565s] -- Up-to-date symlink: /home/wheeltec/wheeltec_robot/install/nav2_common/share/nav2_common/environment/pythonpath.sh
[1.566s] -- Up-to-date symlink: /home/wheeltec/wheeltec_robot/install/nav2_common/share/nav2_common/environment/pythonpath.dsv
[1.566s] -- Up-to-date symlink: /home/wheeltec/wheeltec_robot/install/nav2_common/local/lib/python3.10/dist-packages/nav2_common-1.1.6-py3.10.egg-info/PKG-INFO
[1.566s] -- Up-to-date symlink: /home/wheeltec/wheeltec_robot/install/nav2_common/local/lib/python3.10/dist-packages/nav2_common-1.1.6-py3.10.egg-info/SOURCES.txt
[1.566s] -- Up-to-date symlink: /home/wheeltec/wheeltec_robot/install/nav2_common/local/lib/python3.10/dist-packages/nav2_common-1.1.6-py3.10.egg-info/dependency_links.txt
[1.566s] -- Up-to-date symlink: /home/wheeltec/wheeltec_robot/install/nav2_common/local/lib/python3.10/dist-packages/nav2_common-1.1.6-py3.10.egg-info/top_level.txt
[1.566s] -- Up-to-date symlink: /home/wheeltec/wheeltec_robot/install/nav2_common/local/lib/python3.10/dist-packages/nav2_common/__init__.py
[1.566s] -- Up-to-date symlink: /home/wheeltec/wheeltec_robot/install/nav2_common/local/lib/python3.10/dist-packages/nav2_common/launch/__init__.py
[1.566s] -- Up-to-date symlink: /home/wheeltec/wheeltec_robot/install/nav2_common/local/lib/python3.10/dist-packages/nav2_common/launch/has_node_params.py
[1.566s] -- Up-to-date symlink: /home/wheeltec/wheeltec_robot/install/nav2_common/local/lib/python3.10/dist-packages/nav2_common/launch/replace_string.py
[1.567s] -- Up-to-date symlink: /home/wheeltec/wheeltec_robot/install/nav2_common/local/lib/python3.10/dist-packages/nav2_common/launch/rewritten_yaml.py
[1.567s] -- Up-to-date symlink: /home/wheeltec/wheeltec_robot/install/nav2_common/share/ament_index/resource_index/package_run_dependencies/nav2_common
[1.567s] -- Up-to-date symlink: /home/wheeltec/wheeltec_robot/install/nav2_common/share/ament_index/resource_index/parent_prefix_path/nav2_common
[1.567s] -- Up-to-date symlink: /home/wheeltec/wheeltec_robot/install/nav2_common/share/nav2_common/environment/ament_prefix_path.sh
[1.567s] -- Up-to-date symlink: /home/wheeltec/wheeltec_robot/install/nav2_common/share/nav2_common/environment/ament_prefix_path.dsv
[1.567s] -- Up-to-date symlink: /home/wheeltec/wheeltec_robot/install/nav2_common/share/nav2_common/environment/path.sh
[1.567s] -- Up-to-date symlink: /home/wheeltec/wheeltec_robot/install/nav2_common/share/nav2_common/environment/path.dsv
[1.567s] -- Up-to-date symlink: /home/wheeltec/wheeltec_robot/install/nav2_common/share/nav2_common/local_setup.bash
[1.567s] -- Up-to-date symlink: /home/wheeltec/wheeltec_robot/install/nav2_common/share/nav2_common/local_setup.sh
[1.567s] -- Up-to-date symlink: /home/wheeltec/wheeltec_robot/install/nav2_common/share/nav2_common/local_setup.zsh
[1.567s] -- Up-to-date symlink: /home/wheeltec/wheeltec_robot/install/nav2_common/share/nav2_common/local_setup.dsv
[1.568s] -- Symlinking: /home/wheeltec/wheeltec_robot/install/nav2_common/share/nav2_common/package.dsv
[1.568s] -- Up-to-date symlink: /home/wheeltec/wheeltec_robot/install/nav2_common/share/ament_index/resource_index/packages/nav2_common
[1.574s] -- Up-to-date symlink: /home/wheeltec/wheeltec_robot/install/nav2_common/share/nav2_common/cmake/nav2_common-extras.cmake
[1.579s] -- Up-to-date symlink: /home/wheeltec/wheeltec_robot/install/nav2_common/share/nav2_common/cmake/nav2_commonConfig.cmake
[1.579s] -- Up-to-date symlink: /home/wheeltec/wheeltec_robot/install/nav2_common/share/nav2_common/cmake/nav2_commonConfig-version.cmake
[1.579s] -- Up-to-date symlink: /home/wheeltec/wheeltec_robot/install/nav2_common/share/nav2_common/package.xml
[1.579s] -- Up-to-date symlink: /home/wheeltec/wheeltec_robot/install/nav2_common/share/nav2_common/cmake/nav2_package.cmake
[1.579s] Listing '/home/wheeltec/wheeltec_robot/install/nav2_common/local/lib/python3.10/dist-packages/nav2_common'...
[1.579s] Listing '/home/wheeltec/wheeltec_robot/install/nav2_common/local/lib/python3.10/dist-packages/nav2_common/launch'...
[1.668s] Invoked command in '/home/wheeltec/wheeltec_robot/build/nav2_common' returned '0': CMAKE_PREFIX_PATH=${CMAKE_PREFIX_PATH}:/opt/ros/humble /usr/bin/cmake --install /home/wheeltec/wheeltec_robot/build/nav2_common
