[2.491s] Invoking command in '/home/wheeltec/wheeltec_robot/build/tf2_tools': PYTHONPATH=/home/wheeltec/wheeltec_robot/build/tf2_tools/prefix_override:/usr/lib/python3/dist-packages/colcon_core/task/python/colcon_distutils_commands:/home/wheeltec/wheeltec_robot/install/tf2_tools/lib/python3.10/site-packages:${PYTHONPATH} /usr/bin/python3 -W ignore:setup.py install is deprecated -W ignore:easy_install command is deprecated setup.py develop --editable --build-directory /home/wheeltec/wheeltec_robot/build/tf2_tools/build --no-deps symlink_data
[12.794s] running develop
[12.794s] running egg_info
[12.794s] creating tf2_tools.egg-info
[12.794s] writing tf2_tools.egg-info/PKG-INFO
[12.794s] writing dependency_links to tf2_tools.egg-info/dependency_links.txt
[12.795s] writing entry points to tf2_tools.egg-info/entry_points.txt
[12.795s] writing requirements to tf2_tools.egg-info/requires.txt
[12.795s] writing top-level names to tf2_tools.egg-info/top_level.txt
[12.795s] writing manifest file 'tf2_tools.egg-info/SOURCES.txt'
[12.795s] reading manifest file 'tf2_tools.egg-info/SOURCES.txt'
[12.795s] writing manifest file 'tf2_tools.egg-info/SOURCES.txt'
[12.795s] running build_ext
[12.795s] Creating /home/wheeltec/wheeltec_robot/install/tf2_tools/lib/python3.10/site-packages/tf2-tools.egg-link (link to .)
[12.795s] Installing view_frames script to /home/wheeltec/wheeltec_robot/install/tf2_tools/lib/tf2_tools
[12.795s] 
[12.795s] Installed /home/wheeltec/wheeltec_robot/build/tf2_tools
[12.796s] running symlink_data
[12.796s] creating /home/wheeltec/wheeltec_robot/install/tf2_tools/share/ament_index/resource_index/packages
[12.796s] symbolically linking /home/wheeltec/wheeltec_robot/build/tf2_tools/resource/tf2_tools -> /home/wheeltec/wheeltec_robot/install/tf2_tools/share/ament_index/resource_index/packages
[12.796s] symbolically linking /home/wheeltec/wheeltec_robot/build/tf2_tools/package.xml -> /home/wheeltec/wheeltec_robot/install/tf2_tools/share/tf2_tools
[12.800s] /usr/local/lib/python3.10/dist-packages/setuptools/_distutils/dist.py:289: UserWarning: Unknown distribution option: 'tests_require'
[12.801s]   warnings.warn(msg)
[12.801s] /usr/local/lib/python3.10/dist-packages/setuptools/dist.py:759: SetuptoolsDeprecationWarning: License classifiers are deprecated.
[12.801s] !!
[12.801s] 
[12.801s]         ********************************************************************************
[12.801s]         Please consider removing the following classifiers in favor of a SPDX license expression:
[12.801s] 
[12.801s]         License :: OSI Approved :: Apache Software License
[12.801s] 
[12.802s]         See https://packaging.python.org/en/latest/guides/writing-pyproject-toml/#license for details.
[12.802s]         ********************************************************************************
[12.802s] 
[12.802s] !!
[12.802s]   self._finalize_license_expression()
[12.827s] Invoked command in '/home/wheeltec/wheeltec_robot/build/tf2_tools' returned '0': PYTHONPATH=/home/wheeltec/wheeltec_robot/build/tf2_tools/prefix_override:/usr/lib/python3/dist-packages/colcon_core/task/python/colcon_distutils_commands:/home/wheeltec/wheeltec_robot/install/tf2_tools/lib/python3.10/site-packages:${PYTHONPATH} /usr/bin/python3 -W ignore:setup.py install is deprecated -W ignore:easy_install command is deprecated setup.py develop --editable --build-directory /home/wheeltec/wheeltec_robot/build/tf2_tools/build --no-deps symlink_data
