[0.255s] Invoking command in '/home/wheeltec/wheeltec_robot/build/nav_2d_msgs': CMAKE_PREFIX_PATH=${CMAKE_PREFIX_PATH}:/opt/ros/humble /usr/bin/cmake --build /home/wheeltec/wheeltec_robot/build/nav_2d_msgs -- -j8 -l8
[0.565s] [  1%] Built target nav_2d_msgs__cpp
[0.761s] [  1%] Built target ament_cmake_python_symlink_nav_2d_msgs
[0.826s] [35m[1mConsolidate compiler generated dependencies of target nav_2d_msgs__rosidl_typesupport_introspection_cpp[0m
[0.886s] [ 12%] Built target nav_2d_msgs__rosidl_typesupport_introspection_cpp
[1.931s] running egg_info
[2.008s] writing nav_2d_msgs.egg-info/PKG-INFO
[2.014s] writing dependency_links to nav_2d_msgs.egg-info/dependency_links.txt
[2.014s] writing top-level names to nav_2d_msgs.egg-info/top_level.txt
[2.245s] reading manifest file 'nav_2d_msgs.egg-info/SOURCES.txt'
[2.263s] writing manifest file 'nav_2d_msgs.egg-info/SOURCES.txt'
[2.450s] [ 12%] Built target ament_cmake_python_build_nav_2d_msgs_egg
[2.527s] [35m[1mConsolidate compiler generated dependencies of target nav_2d_msgs__rosidl_typesupport_fastrtps_cpp[0m
[2.599s] [ 23%] Built target nav_2d_msgs__rosidl_typesupport_fastrtps_cpp
[2.714s] [35m[1mConsolidate compiler generated dependencies of target nav_2d_msgs__rosidl_typesupport_cpp[0m
[2.839s] [ 35%] Built target nav_2d_msgs__rosidl_typesupport_cpp
[2.903s] [35m[1mConsolidate compiler generated dependencies of target nav_2d_msgs__rosidl_generator_c[0m
[2.983s] [ 46%] Built target nav_2d_msgs__rosidl_generator_c
[3.090s] [35m[1mConsolidate compiler generated dependencies of target nav_2d_msgs__rosidl_typesupport_fastrtps_c[0m
[3.165s] [ 57%] Built target nav_2d_msgs__rosidl_typesupport_fastrtps_c
[3.253s] [35m[1mConsolidate compiler generated dependencies of target nav_2d_msgs__rosidl_typesupport_c[0m
[3.359s] [ 69%] Built target nav_2d_msgs__rosidl_typesupport_c
[3.445s] [35m[1mConsolidate compiler generated dependencies of target nav_2d_msgs__rosidl_typesupport_introspection_c[0m
[3.532s] [ 80%] Built target nav_2d_msgs__rosidl_typesupport_introspection_c
[3.665s] [ 80%] Built target nav_2d_msgs
[3.828s] [ 81%] Built target nav_2d_msgs__py
[3.922s] [35m[1mConsolidate compiler generated dependencies of target nav_2d_msgs__rosidl_generator_py[0m
[4.014s] [ 91%] Built target nav_2d_msgs__rosidl_generator_py
[4.091s] [35m[1mConsolidate compiler generated dependencies of target nav_2d_msgs__rosidl_typesupport_fastrtps_c__pyext[0m
[4.159s] [ 94%] Built target nav_2d_msgs__rosidl_typesupport_fastrtps_c__pyext
[4.267s] [35m[1mConsolidate compiler generated dependencies of target nav_2d_msgs__rosidl_typesupport_c__pyext[0m
[4.350s] [ 97%] Built target nav_2d_msgs__rosidl_typesupport_c__pyext
[4.448s] [35m[1mConsolidate compiler generated dependencies of target nav_2d_msgs__rosidl_typesupport_introspection_c__pyext[0m
[4.541s] [100%] Built target nav_2d_msgs__rosidl_typesupport_introspection_c__pyext
[4.661s] Invoked command in '/home/wheeltec/wheeltec_robot/build/nav_2d_msgs' returned '0': CMAKE_PREFIX_PATH=${CMAKE_PREFIX_PATH}:/opt/ros/humble /usr/bin/cmake --build /home/wheeltec/wheeltec_robot/build/nav_2d_msgs -- -j8 -l8
[4.662s] Invoking command in '/home/wheeltec/wheeltec_robot/build/nav_2d_msgs': CMAKE_PREFIX_PATH=${CMAKE_PREFIX_PATH}:/opt/ros/humble /usr/bin/cmake --install /home/wheeltec/wheeltec_robot/build/nav_2d_msgs
[4.708s] -- Install configuration: ""
[4.709s] -- Execute custom install script
[4.709s] -- Up-to-date symlink: /home/wheeltec/wheeltec_robot/install/nav_2d_msgs/share/ament_index/resource_index/rosidl_interfaces/nav_2d_msgs
[4.711s] -- Up-to-date symlink: /home/wheeltec/wheeltec_robot/install/nav_2d_msgs/include/nav_2d_msgs/nav_2d_msgs/msg/detail/path2_d__functions.h
[4.711s] -- Up-to-date symlink: /home/wheeltec/wheeltec_robot/install/nav_2d_msgs/include/nav_2d_msgs/nav_2d_msgs/msg/detail/path2_d__struct.h
[4.711s] -- Up-to-date symlink: /home/wheeltec/wheeltec_robot/install/nav_2d_msgs/include/nav_2d_msgs/nav_2d_msgs/msg/detail/path2_d__type_support.h
[4.712s] -- Up-to-date symlink: /home/wheeltec/wheeltec_robot/install/nav_2d_msgs/include/nav_2d_msgs/nav_2d_msgs/msg/detail/pose2_d32__functions.h
[4.718s] -- Up-to-date symlink: /home/wheeltec/wheeltec_robot/install/nav_2d_msgs/include/nav_2d_msgs/nav_2d_msgs/msg/detail/pose2_d32__struct.h
[4.718s] -- Up-to-date symlink: /home/wheeltec/wheeltec_robot/install/nav_2d_msgs/include/nav_2d_msgs/nav_2d_msgs/msg/detail/pose2_d32__type_support.h
[4.718s] -- Up-to-date symlink: /home/wheeltec/wheeltec_robot/install/nav_2d_msgs/include/nav_2d_msgs/nav_2d_msgs/msg/detail/pose2_d_stamped__functions.h
[4.718s] -- Up-to-date symlink: /home/wheeltec/wheeltec_robot/install/nav_2d_msgs/include/nav_2d_msgs/nav_2d_msgs/msg/detail/pose2_d_stamped__struct.h
[4.719s] -- Up-to-date symlink: /home/wheeltec/wheeltec_robot/install/nav_2d_msgs/include/nav_2d_msgs/nav_2d_msgs/msg/detail/pose2_d_stamped__type_support.h
[4.719s] -- Up-to-date symlink: /home/wheeltec/wheeltec_robot/install/nav_2d_msgs/include/nav_2d_msgs/nav_2d_msgs/msg/detail/twist2_d32__functions.h
[4.719s] -- Up-to-date symlink: /home/wheeltec/wheeltec_robot/install/nav_2d_msgs/include/nav_2d_msgs/nav_2d_msgs/msg/detail/twist2_d32__struct.h
[4.719s] -- Up-to-date symlink: /home/wheeltec/wheeltec_robot/install/nav_2d_msgs/include/nav_2d_msgs/nav_2d_msgs/msg/detail/twist2_d32__type_support.h
[4.720s] -- Up-to-date symlink: /home/wheeltec/wheeltec_robot/install/nav_2d_msgs/include/nav_2d_msgs/nav_2d_msgs/msg/detail/twist2_d__functions.h
[4.720s] -- Up-to-date symlink: /home/wheeltec/wheeltec_robot/install/nav_2d_msgs/include/nav_2d_msgs/nav_2d_msgs/msg/detail/twist2_d__struct.h
[4.720s] -- Up-to-date symlink: /home/wheeltec/wheeltec_robot/install/nav_2d_msgs/include/nav_2d_msgs/nav_2d_msgs/msg/detail/twist2_d__type_support.h
[4.721s] -- Up-to-date symlink: /home/wheeltec/wheeltec_robot/install/nav_2d_msgs/include/nav_2d_msgs/nav_2d_msgs/msg/detail/twist2_d_stamped__functions.h
[4.721s] -- Up-to-date symlink: /home/wheeltec/wheeltec_robot/install/nav_2d_msgs/include/nav_2d_msgs/nav_2d_msgs/msg/detail/twist2_d_stamped__struct.h
[4.721s] -- Up-to-date symlink: /home/wheeltec/wheeltec_robot/install/nav_2d_msgs/include/nav_2d_msgs/nav_2d_msgs/msg/detail/twist2_d_stamped__type_support.h
[4.721s] -- Up-to-date symlink: /home/wheeltec/wheeltec_robot/install/nav_2d_msgs/include/nav_2d_msgs/nav_2d_msgs/msg/path2_d.h
[4.722s] -- Up-to-date symlink: /home/wheeltec/wheeltec_robot/install/nav_2d_msgs/include/nav_2d_msgs/nav_2d_msgs/msg/pose2_d32.h
[4.722s] -- Up-to-date symlink: /home/wheeltec/wheeltec_robot/install/nav_2d_msgs/include/nav_2d_msgs/nav_2d_msgs/msg/pose2_d_stamped.h
[4.722s] -- Up-to-date symlink: /home/wheeltec/wheeltec_robot/install/nav_2d_msgs/include/nav_2d_msgs/nav_2d_msgs/msg/rosidl_generator_c__visibility_control.h
[4.726s] -- Up-to-date symlink: /home/wheeltec/wheeltec_robot/install/nav_2d_msgs/include/nav_2d_msgs/nav_2d_msgs/msg/twist2_d.h
[4.726s] -- Up-to-date symlink: /home/wheeltec/wheeltec_robot/install/nav_2d_msgs/include/nav_2d_msgs/nav_2d_msgs/msg/twist2_d32.h
[4.726s] -- Up-to-date symlink: /home/wheeltec/wheeltec_robot/install/nav_2d_msgs/include/nav_2d_msgs/nav_2d_msgs/msg/twist2_d_stamped.h
[4.726s] -- Up-to-date symlink: /home/wheeltec/wheeltec_robot/install/nav_2d_msgs/share/nav_2d_msgs/environment/library_path.sh
[4.727s] -- Up-to-date symlink: /home/wheeltec/wheeltec_robot/install/nav_2d_msgs/share/nav_2d_msgs/environment/library_path.dsv
[4.727s] -- Up-to-date symlink: /home/wheeltec/wheeltec_robot/install/nav_2d_msgs/include/nav_2d_msgs/nav_2d_msgs/msg/detail/path2_d__rosidl_typesupport_fastrtps_c.h
[4.727s] -- Up-to-date symlink: /home/wheeltec/wheeltec_robot/install/nav_2d_msgs/include/nav_2d_msgs/nav_2d_msgs/msg/detail/pose2_d32__rosidl_typesupport_fastrtps_c.h
[4.727s] -- Up-to-date symlink: /home/wheeltec/wheeltec_robot/install/nav_2d_msgs/include/nav_2d_msgs/nav_2d_msgs/msg/detail/pose2_d_stamped__rosidl_typesupport_fastrtps_c.h
[4.727s] -- Up-to-date symlink: /home/wheeltec/wheeltec_robot/install/nav_2d_msgs/include/nav_2d_msgs/nav_2d_msgs/msg/detail/twist2_d32__rosidl_typesupport_fastrtps_c.h
[4.727s] -- Up-to-date symlink: /home/wheeltec/wheeltec_robot/install/nav_2d_msgs/include/nav_2d_msgs/nav_2d_msgs/msg/detail/twist2_d__rosidl_typesupport_fastrtps_c.h
[4.727s] -- Up-to-date symlink: /home/wheeltec/wheeltec_robot/install/nav_2d_msgs/include/nav_2d_msgs/nav_2d_msgs/msg/detail/twist2_d_stamped__rosidl_typesupport_fastrtps_c.h
[4.734s] -- Up-to-date symlink: /home/wheeltec/wheeltec_robot/install/nav_2d_msgs/include/nav_2d_msgs/nav_2d_msgs/msg/rosidl_typesupport_fastrtps_c__visibility_control.h
[4.737s] -- Up-to-date symlink: /home/wheeltec/wheeltec_robot/install/nav_2d_msgs/include/nav_2d_msgs/nav_2d_msgs/msg/detail/path2_d__builder.hpp
[4.737s] -- Up-to-date symlink: /home/wheeltec/wheeltec_robot/install/nav_2d_msgs/include/nav_2d_msgs/nav_2d_msgs/msg/detail/path2_d__struct.hpp
[4.738s] -- Up-to-date symlink: /home/wheeltec/wheeltec_robot/install/nav_2d_msgs/include/nav_2d_msgs/nav_2d_msgs/msg/detail/path2_d__traits.hpp
[4.746s] -- Up-to-date symlink: /home/wheeltec/wheeltec_robot/install/nav_2d_msgs/include/nav_2d_msgs/nav_2d_msgs/msg/detail/path2_d__type_support.hpp
[4.746s] -- Up-to-date symlink: /home/wheeltec/wheeltec_robot/install/nav_2d_msgs/include/nav_2d_msgs/nav_2d_msgs/msg/detail/pose2_d32__builder.hpp
[4.746s] -- Up-to-date symlink: /home/wheeltec/wheeltec_robot/install/nav_2d_msgs/include/nav_2d_msgs/nav_2d_msgs/msg/detail/pose2_d32__struct.hpp
[4.746s] -- Up-to-date symlink: /home/wheeltec/wheeltec_robot/install/nav_2d_msgs/include/nav_2d_msgs/nav_2d_msgs/msg/detail/pose2_d32__traits.hpp
[4.747s] -- Up-to-date symlink: /home/wheeltec/wheeltec_robot/install/nav_2d_msgs/include/nav_2d_msgs/nav_2d_msgs/msg/detail/pose2_d32__type_support.hpp
[4.747s] -- Up-to-date symlink: /home/wheeltec/wheeltec_robot/install/nav_2d_msgs/include/nav_2d_msgs/nav_2d_msgs/msg/detail/pose2_d_stamped__builder.hpp
[4.747s] -- Up-to-date symlink: /home/wheeltec/wheeltec_robot/install/nav_2d_msgs/include/nav_2d_msgs/nav_2d_msgs/msg/detail/pose2_d_stamped__struct.hpp
[4.747s] -- Up-to-date symlink: /home/wheeltec/wheeltec_robot/install/nav_2d_msgs/include/nav_2d_msgs/nav_2d_msgs/msg/detail/pose2_d_stamped__traits.hpp
[4.747s] -- Up-to-date symlink: /home/wheeltec/wheeltec_robot/install/nav_2d_msgs/include/nav_2d_msgs/nav_2d_msgs/msg/detail/pose2_d_stamped__type_support.hpp
[4.747s] -- Up-to-date symlink: /home/wheeltec/wheeltec_robot/install/nav_2d_msgs/include/nav_2d_msgs/nav_2d_msgs/msg/detail/twist2_d32__builder.hpp
[4.747s] -- Up-to-date symlink: /home/wheeltec/wheeltec_robot/install/nav_2d_msgs/include/nav_2d_msgs/nav_2d_msgs/msg/detail/twist2_d32__struct.hpp
[4.748s] -- Up-to-date symlink: /home/wheeltec/wheeltec_robot/install/nav_2d_msgs/include/nav_2d_msgs/nav_2d_msgs/msg/detail/twist2_d32__traits.hpp
[4.748s] -- Up-to-date symlink: /home/wheeltec/wheeltec_robot/install/nav_2d_msgs/include/nav_2d_msgs/nav_2d_msgs/msg/detail/twist2_d32__type_support.hpp
[4.748s] -- Up-to-date symlink: /home/wheeltec/wheeltec_robot/install/nav_2d_msgs/include/nav_2d_msgs/nav_2d_msgs/msg/detail/twist2_d__builder.hpp
[4.748s] -- Up-to-date symlink: /home/wheeltec/wheeltec_robot/install/nav_2d_msgs/include/nav_2d_msgs/nav_2d_msgs/msg/detail/twist2_d__struct.hpp
[4.748s] -- Up-to-date symlink: /home/wheeltec/wheeltec_robot/install/nav_2d_msgs/include/nav_2d_msgs/nav_2d_msgs/msg/detail/twist2_d__traits.hpp
[4.748s] -- Up-to-date symlink: /home/wheeltec/wheeltec_robot/install/nav_2d_msgs/include/nav_2d_msgs/nav_2d_msgs/msg/detail/twist2_d__type_support.hpp
[4.748s] -- Up-to-date symlink: /home/wheeltec/wheeltec_robot/install/nav_2d_msgs/include/nav_2d_msgs/nav_2d_msgs/msg/detail/twist2_d_stamped__builder.hpp
[4.748s] -- Up-to-date symlink: /home/wheeltec/wheeltec_robot/install/nav_2d_msgs/include/nav_2d_msgs/nav_2d_msgs/msg/detail/twist2_d_stamped__struct.hpp
[4.748s] -- Up-to-date symlink: /home/wheeltec/wheeltec_robot/install/nav_2d_msgs/include/nav_2d_msgs/nav_2d_msgs/msg/detail/twist2_d_stamped__traits.hpp
[4.779s] -- Up-to-date symlink: /home/wheeltec/wheeltec_robot/install/nav_2d_msgs/include/nav_2d_msgs/nav_2d_msgs/msg/detail/twist2_d_stamped__type_support.hpp
[4.779s] -- Up-to-date symlink: /home/wheeltec/wheeltec_robot/install/nav_2d_msgs/include/nav_2d_msgs/nav_2d_msgs/msg/path2_d.hpp
[4.779s] -- Up-to-date symlink: /home/wheeltec/wheeltec_robot/install/nav_2d_msgs/include/nav_2d_msgs/nav_2d_msgs/msg/pose2_d32.hpp
[4.779s] -- Up-to-date symlink: /home/wheeltec/wheeltec_robot/install/nav_2d_msgs/include/nav_2d_msgs/nav_2d_msgs/msg/pose2_d_stamped.hpp
[4.779s] -- Up-to-date symlink: /home/wheeltec/wheeltec_robot/install/nav_2d_msgs/include/nav_2d_msgs/nav_2d_msgs/msg/rosidl_generator_cpp__visibility_control.hpp
[4.779s] -- Up-to-date symlink: /home/wheeltec/wheeltec_robot/install/nav_2d_msgs/include/nav_2d_msgs/nav_2d_msgs/msg/twist2_d.hpp
[4.779s] -- Up-to-date symlink: /home/wheeltec/wheeltec_robot/install/nav_2d_msgs/include/nav_2d_msgs/nav_2d_msgs/msg/twist2_d32.hpp
[4.780s] -- Up-to-date symlink: /home/wheeltec/wheeltec_robot/install/nav_2d_msgs/include/nav_2d_msgs/nav_2d_msgs/msg/twist2_d_stamped.hpp
[4.780s] -- Up-to-date symlink: /home/wheeltec/wheeltec_robot/install/nav_2d_msgs/include/nav_2d_msgs/nav_2d_msgs/msg/detail/path2_d__rosidl_typesupport_fastrtps_cpp.hpp
[4.780s] -- Up-to-date symlink: /home/wheeltec/wheeltec_robot/install/nav_2d_msgs/include/nav_2d_msgs/nav_2d_msgs/msg/detail/pose2_d32__rosidl_typesupport_fastrtps_cpp.hpp
[4.780s] -- Up-to-date symlink: /home/wheeltec/wheeltec_robot/install/nav_2d_msgs/include/nav_2d_msgs/nav_2d_msgs/msg/detail/pose2_d_stamped__rosidl_typesupport_fastrtps_cpp.hpp
[4.780s] -- Up-to-date symlink: /home/wheeltec/wheeltec_robot/install/nav_2d_msgs/include/nav_2d_msgs/nav_2d_msgs/msg/detail/twist2_d32__rosidl_typesupport_fastrtps_cpp.hpp
[4.780s] -- Up-to-date symlink: /home/wheeltec/wheeltec_robot/install/nav_2d_msgs/include/nav_2d_msgs/nav_2d_msgs/msg/detail/twist2_d__rosidl_typesupport_fastrtps_cpp.hpp
[4.780s] -- Up-to-date symlink: /home/wheeltec/wheeltec_robot/install/nav_2d_msgs/include/nav_2d_msgs/nav_2d_msgs/msg/detail/twist2_d_stamped__rosidl_typesupport_fastrtps_cpp.hpp
[4.780s] -- Up-to-date symlink: /home/wheeltec/wheeltec_robot/install/nav_2d_msgs/include/nav_2d_msgs/nav_2d_msgs/msg/rosidl_typesupport_fastrtps_cpp__visibility_control.h
[4.780s] -- Up-to-date symlink: /home/wheeltec/wheeltec_robot/install/nav_2d_msgs/include/nav_2d_msgs/nav_2d_msgs/msg/detail/path2_d__rosidl_typesupport_introspection_c.h
[4.780s] -- Up-to-date symlink: /home/wheeltec/wheeltec_robot/install/nav_2d_msgs/include/nav_2d_msgs/nav_2d_msgs/msg/detail/pose2_d32__rosidl_typesupport_introspection_c.h
[4.781s] -- Up-to-date symlink: /home/wheeltec/wheeltec_robot/install/nav_2d_msgs/include/nav_2d_msgs/nav_2d_msgs/msg/detail/pose2_d_stamped__rosidl_typesupport_introspection_c.h
[4.781s] -- Up-to-date symlink: /home/wheeltec/wheeltec_robot/install/nav_2d_msgs/include/nav_2d_msgs/nav_2d_msgs/msg/detail/twist2_d32__rosidl_typesupport_introspection_c.h
[4.781s] -- Up-to-date symlink: /home/wheeltec/wheeltec_robot/install/nav_2d_msgs/include/nav_2d_msgs/nav_2d_msgs/msg/detail/twist2_d__rosidl_typesupport_introspection_c.h
[4.781s] -- Up-to-date symlink: /home/wheeltec/wheeltec_robot/install/nav_2d_msgs/include/nav_2d_msgs/nav_2d_msgs/msg/detail/twist2_d_stamped__rosidl_typesupport_introspection_c.h
[4.781s] -- Up-to-date symlink: /home/wheeltec/wheeltec_robot/install/nav_2d_msgs/include/nav_2d_msgs/nav_2d_msgs/msg/rosidl_typesupport_introspection_c__visibility_control.h
[4.781s] -- Up-to-date symlink: /home/wheeltec/wheeltec_robot/install/nav_2d_msgs/include/nav_2d_msgs/nav_2d_msgs/msg/detail/path2_d__rosidl_typesupport_introspection_cpp.hpp
[4.781s] -- Up-to-date symlink: /home/wheeltec/wheeltec_robot/install/nav_2d_msgs/include/nav_2d_msgs/nav_2d_msgs/msg/detail/pose2_d32__rosidl_typesupport_introspection_cpp.hpp
[4.781s] -- Up-to-date symlink: /home/wheeltec/wheeltec_robot/install/nav_2d_msgs/include/nav_2d_msgs/nav_2d_msgs/msg/detail/pose2_d_stamped__rosidl_typesupport_introspection_cpp.hpp
[4.781s] -- Up-to-date symlink: /home/wheeltec/wheeltec_robot/install/nav_2d_msgs/include/nav_2d_msgs/nav_2d_msgs/msg/detail/twist2_d32__rosidl_typesupport_introspection_cpp.hpp
[4.782s] -- Up-to-date symlink: /home/wheeltec/wheeltec_robot/install/nav_2d_msgs/include/nav_2d_msgs/nav_2d_msgs/msg/detail/twist2_d__rosidl_typesupport_introspection_cpp.hpp
[4.782s] -- Up-to-date symlink: /home/wheeltec/wheeltec_robot/install/nav_2d_msgs/include/nav_2d_msgs/nav_2d_msgs/msg/detail/twist2_d_stamped__rosidl_typesupport_introspection_cpp.hpp
[4.782s] -- Up-to-date symlink: /home/wheeltec/wheeltec_robot/install/nav_2d_msgs/share/nav_2d_msgs/environment/pythonpath.sh
[4.782s] -- Up-to-date symlink: /home/wheeltec/wheeltec_robot/install/nav_2d_msgs/share/nav_2d_msgs/environment/pythonpath.dsv
[4.782s] -- Up-to-date symlink: /home/wheeltec/wheeltec_robot/install/nav_2d_msgs/local/lib/python3.10/dist-packages/nav_2d_msgs-1.1.6-py3.10.egg-info/PKG-INFO
[4.782s] -- Up-to-date symlink: /home/wheeltec/wheeltec_robot/install/nav_2d_msgs/local/lib/python3.10/dist-packages/nav_2d_msgs-1.1.6-py3.10.egg-info/SOURCES.txt
[4.782s] -- Up-to-date symlink: /home/wheeltec/wheeltec_robot/install/nav_2d_msgs/local/lib/python3.10/dist-packages/nav_2d_msgs-1.1.6-py3.10.egg-info/dependency_links.txt
[4.782s] -- Up-to-date symlink: /home/wheeltec/wheeltec_robot/install/nav_2d_msgs/local/lib/python3.10/dist-packages/nav_2d_msgs-1.1.6-py3.10.egg-info/top_level.txt
[4.782s] -- Up-to-date symlink: /home/wheeltec/wheeltec_robot/install/nav_2d_msgs/local/lib/python3.10/dist-packages/nav_2d_msgs/__init__.py
[4.782s] -- Up-to-date symlink: /home/wheeltec/wheeltec_robot/install/nav_2d_msgs/local/lib/python3.10/dist-packages/nav_2d_msgs/_nav_2d_msgs_s.ep.rosidl_typesupport_c.c
[4.783s] -- Up-to-date symlink: /home/wheeltec/wheeltec_robot/install/nav_2d_msgs/local/lib/python3.10/dist-packages/nav_2d_msgs/_nav_2d_msgs_s.ep.rosidl_typesupport_fastrtps_c.c
[4.783s] -- Up-to-date symlink: /home/wheeltec/wheeltec_robot/install/nav_2d_msgs/local/lib/python3.10/dist-packages/nav_2d_msgs/_nav_2d_msgs_s.ep.rosidl_typesupport_introspection_c.c
[4.783s] -- Up-to-date symlink: /home/wheeltec/wheeltec_robot/install/nav_2d_msgs/local/lib/python3.10/dist-packages/nav_2d_msgs/libnav_2d_msgs__rosidl_generator_py.so
[4.783s] -- Up-to-date symlink: /home/wheeltec/wheeltec_robot/install/nav_2d_msgs/local/lib/python3.10/dist-packages/nav_2d_msgs/msg/__init__.py
[4.783s] -- Up-to-date symlink: /home/wheeltec/wheeltec_robot/install/nav_2d_msgs/local/lib/python3.10/dist-packages/nav_2d_msgs/msg/_path2_d.py
[4.783s] -- Up-to-date symlink: /home/wheeltec/wheeltec_robot/install/nav_2d_msgs/local/lib/python3.10/dist-packages/nav_2d_msgs/msg/_path2_d_s.c
[4.783s] -- Up-to-date symlink: /home/wheeltec/wheeltec_robot/install/nav_2d_msgs/local/lib/python3.10/dist-packages/nav_2d_msgs/msg/_pose2_d32.py
[4.783s] -- Up-to-date symlink: /home/wheeltec/wheeltec_robot/install/nav_2d_msgs/local/lib/python3.10/dist-packages/nav_2d_msgs/msg/_pose2_d32_s.c
[4.783s] -- Up-to-date symlink: /home/wheeltec/wheeltec_robot/install/nav_2d_msgs/local/lib/python3.10/dist-packages/nav_2d_msgs/msg/_pose2_d_stamped.py
[4.783s] -- Up-to-date symlink: /home/wheeltec/wheeltec_robot/install/nav_2d_msgs/local/lib/python3.10/dist-packages/nav_2d_msgs/msg/_pose2_d_stamped_s.c
[4.783s] -- Up-to-date symlink: /home/wheeltec/wheeltec_robot/install/nav_2d_msgs/local/lib/python3.10/dist-packages/nav_2d_msgs/msg/_twist2_d.py
[4.784s] -- Up-to-date symlink: /home/wheeltec/wheeltec_robot/install/nav_2d_msgs/local/lib/python3.10/dist-packages/nav_2d_msgs/msg/_twist2_d32.py
[4.784s] -- Up-to-date symlink: /home/wheeltec/wheeltec_robot/install/nav_2d_msgs/local/lib/python3.10/dist-packages/nav_2d_msgs/msg/_twist2_d32_s.c
[4.784s] -- Up-to-date symlink: /home/wheeltec/wheeltec_robot/install/nav_2d_msgs/local/lib/python3.10/dist-packages/nav_2d_msgs/msg/_twist2_d_s.c
[4.784s] -- Up-to-date symlink: /home/wheeltec/wheeltec_robot/install/nav_2d_msgs/local/lib/python3.10/dist-packages/nav_2d_msgs/msg/_twist2_d_stamped.py
[4.784s] -- Up-to-date symlink: /home/wheeltec/wheeltec_robot/install/nav_2d_msgs/local/lib/python3.10/dist-packages/nav_2d_msgs/msg/_twist2_d_stamped_s.c
[4.784s] -- Up-to-date symlink: /home/wheeltec/wheeltec_robot/install/nav_2d_msgs/local/lib/python3.10/dist-packages/nav_2d_msgs/nav_2d_msgs_s__rosidl_typesupport_c.cpython-310-aarch64-linux-gnu.so
[4.784s] -- Up-to-date symlink: /home/wheeltec/wheeltec_robot/install/nav_2d_msgs/local/lib/python3.10/dist-packages/nav_2d_msgs/nav_2d_msgs_s__rosidl_typesupport_fastrtps_c.cpython-310-aarch64-linux-gnu.so
[4.784s] -- Up-to-date symlink: /home/wheeltec/wheeltec_robot/install/nav_2d_msgs/local/lib/python3.10/dist-packages/nav_2d_msgs/nav_2d_msgs_s__rosidl_typesupport_introspection_c.cpython-310-aarch64-linux-gnu.so
[4.785s] -- Up-to-date symlink: /home/wheeltec/wheeltec_robot/install/nav_2d_msgs/local/lib/python3.10/dist-packages/nav_2d_msgs/nav_2d_msgs_s__rosidl_typesupport_fastrtps_c.cpython-310-aarch64-linux-gnu.so
[4.785s] -- Up-to-date symlink: /home/wheeltec/wheeltec_robot/install/nav_2d_msgs/local/lib/python3.10/dist-packages/nav_2d_msgs/nav_2d_msgs_s__rosidl_typesupport_introspection_c.cpython-310-aarch64-linux-gnu.so
[4.785s] -- Up-to-date symlink: /home/wheeltec/wheeltec_robot/install/nav_2d_msgs/local/lib/python3.10/dist-packages/nav_2d_msgs/nav_2d_msgs_s__rosidl_typesupport_c.cpython-310-aarch64-linux-gnu.so
[4.785s] -- Up-to-date symlink: /home/wheeltec/wheeltec_robot/install/nav_2d_msgs/share/nav_2d_msgs/msg/Path2D.idl
[4.785s] -- Up-to-date symlink: /home/wheeltec/wheeltec_robot/install/nav_2d_msgs/share/nav_2d_msgs/msg/Pose2D32.idl
[4.785s] -- Up-to-date symlink: /home/wheeltec/wheeltec_robot/install/nav_2d_msgs/share/nav_2d_msgs/msg/Pose2DStamped.idl
[4.785s] -- Up-to-date symlink: /home/wheeltec/wheeltec_robot/install/nav_2d_msgs/share/nav_2d_msgs/msg/Twist2D.idl
[4.786s] -- Up-to-date symlink: /home/wheeltec/wheeltec_robot/install/nav_2d_msgs/share/nav_2d_msgs/msg/Twist2D32.idl
[4.786s] -- Up-to-date symlink: /home/wheeltec/wheeltec_robot/install/nav_2d_msgs/share/nav_2d_msgs/msg/Twist2DStamped.idl
[4.786s] -- Up-to-date symlink: /home/wheeltec/wheeltec_robot/install/nav_2d_msgs/share/nav_2d_msgs/msg/Path2D.msg
[4.786s] -- Up-to-date symlink: /home/wheeltec/wheeltec_robot/install/nav_2d_msgs/share/nav_2d_msgs/msg/Pose2D32.msg
[4.787s] -- Up-to-date symlink: /home/wheeltec/wheeltec_robot/install/nav_2d_msgs/share/nav_2d_msgs/msg/Pose2DStamped.msg
[4.789s] -- Up-to-date symlink: /home/wheeltec/wheeltec_robot/install/nav_2d_msgs/share/nav_2d_msgs/msg/Twist2D.msg
[4.789s] -- Up-to-date symlink: /home/wheeltec/wheeltec_robot/install/nav_2d_msgs/share/nav_2d_msgs/msg/Twist2D32.msg
[4.790s] -- Up-to-date symlink: /home/wheeltec/wheeltec_robot/install/nav_2d_msgs/share/nav_2d_msgs/msg/Twist2DStamped.msg
[4.809s] -- Up-to-date symlink: /home/wheeltec/wheeltec_robot/install/nav_2d_msgs/share/ament_index/resource_index/package_run_dependencies/nav_2d_msgs
[4.810s] -- Up-to-date symlink: /home/wheeltec/wheeltec_robot/install/nav_2d_msgs/share/ament_index/resource_index/parent_prefix_path/nav_2d_msgs
[4.810s] -- Up-to-date symlink: /home/wheeltec/wheeltec_robot/install/nav_2d_msgs/share/nav_2d_msgs/environment/ament_prefix_path.sh
[4.811s] -- Up-to-date symlink: /home/wheeltec/wheeltec_robot/install/nav_2d_msgs/share/nav_2d_msgs/environment/ament_prefix_path.dsv
[4.811s] -- Up-to-date symlink: /home/wheeltec/wheeltec_robot/install/nav_2d_msgs/share/nav_2d_msgs/environment/path.sh
[4.811s] -- Up-to-date symlink: /home/wheeltec/wheeltec_robot/install/nav_2d_msgs/share/nav_2d_msgs/environment/path.dsv
[4.811s] -- Up-to-date symlink: /home/wheeltec/wheeltec_robot/install/nav_2d_msgs/share/nav_2d_msgs/local_setup.bash
[4.811s] -- Up-to-date symlink: /home/wheeltec/wheeltec_robot/install/nav_2d_msgs/share/nav_2d_msgs/local_setup.sh
[4.812s] -- Up-to-date symlink: /home/wheeltec/wheeltec_robot/install/nav_2d_msgs/share/nav_2d_msgs/local_setup.zsh
[4.812s] -- Up-to-date symlink: /home/wheeltec/wheeltec_robot/install/nav_2d_msgs/share/nav_2d_msgs/local_setup.dsv
[4.812s] -- Symlinking: /home/wheeltec/wheeltec_robot/install/nav_2d_msgs/share/nav_2d_msgs/package.dsv
[4.838s] -- Up-to-date symlink: /home/wheeltec/wheeltec_robot/install/nav_2d_msgs/share/ament_index/resource_index/packages/nav_2d_msgs
[4.838s] -- Up-to-date symlink: /home/wheeltec/wheeltec_robot/install/nav_2d_msgs/share/nav_2d_msgs/cmake/rosidl_cmake-extras.cmake
[4.838s] -- Up-to-date symlink: /home/wheeltec/wheeltec_robot/install/nav_2d_msgs/share/nav_2d_msgs/cmake/ament_cmake_export_dependencies-extras.cmake
[4.838s] -- Up-to-date symlink: /home/wheeltec/wheeltec_robot/install/nav_2d_msgs/share/nav_2d_msgs/cmake/ament_cmake_export_include_directories-extras.cmake
[4.838s] -- Up-to-date symlink: /home/wheeltec/wheeltec_robot/install/nav_2d_msgs/share/nav_2d_msgs/cmake/ament_cmake_export_libraries-extras.cmake
[4.839s] -- Up-to-date symlink: /home/wheeltec/wheeltec_robot/install/nav_2d_msgs/share/nav_2d_msgs/cmake/ament_cmake_export_targets-extras.cmake
[4.839s] -- Up-to-date symlink: /home/wheeltec/wheeltec_robot/install/nav_2d_msgs/share/nav_2d_msgs/cmake/rosidl_cmake_export_typesupport_targets-extras.cmake
[4.839s] -- Up-to-date symlink: /home/wheeltec/wheeltec_robot/install/nav_2d_msgs/share/nav_2d_msgs/cmake/rosidl_cmake_export_typesupport_libraries-extras.cmake
[4.839s] -- Up-to-date symlink: /home/wheeltec/wheeltec_robot/install/nav_2d_msgs/share/nav_2d_msgs/cmake/nav_2d_msgsConfig.cmake
[4.839s] -- Up-to-date symlink: /home/wheeltec/wheeltec_robot/install/nav_2d_msgs/share/nav_2d_msgs/cmake/nav_2d_msgsConfig-version.cmake
[4.840s] -- Up-to-date symlink: /home/wheeltec/wheeltec_robot/install/nav_2d_msgs/share/nav_2d_msgs/package.xml
[4.840s] -- Up-to-date: /home/wheeltec/wheeltec_robot/install/nav_2d_msgs/lib/libnav_2d_msgs__rosidl_generator_c.so
[4.840s] -- Up-to-date: /home/wheeltec/wheeltec_robot/install/nav_2d_msgs/lib/libnav_2d_msgs__rosidl_typesupport_fastrtps_c.so
[4.841s] -- Up-to-date: /home/wheeltec/wheeltec_robot/install/nav_2d_msgs/lib/libnav_2d_msgs__rosidl_typesupport_fastrtps_cpp.so
[4.841s] -- Up-to-date: /home/wheeltec/wheeltec_robot/install/nav_2d_msgs/lib/libnav_2d_msgs__rosidl_typesupport_introspection_c.so
[4.842s] -- Up-to-date: /home/wheeltec/wheeltec_robot/install/nav_2d_msgs/lib/libnav_2d_msgs__rosidl_typesupport_c.so
[4.842s] -- Up-to-date: /home/wheeltec/wheeltec_robot/install/nav_2d_msgs/lib/libnav_2d_msgs__rosidl_typesupport_introspection_cpp.so
[4.842s] -- Up-to-date: /home/wheeltec/wheeltec_robot/install/nav_2d_msgs/lib/libnav_2d_msgs__rosidl_typesupport_cpp.so
[5.020s] Listing '/home/wheeltec/wheeltec_robot/install/nav_2d_msgs/local/lib/python3.10/dist-packages/nav_2d_msgs'...
[5.021s] Listing '/home/wheeltec/wheeltec_robot/install/nav_2d_msgs/local/lib/python3.10/dist-packages/nav_2d_msgs/msg'...
[5.034s] -- Up-to-date: /home/wheeltec/wheeltec_robot/install/nav_2d_msgs/lib/libnav_2d_msgs__rosidl_generator_py.so
[5.035s] -- Up-to-date: /home/wheeltec/wheeltec_robot/install/nav_2d_msgs/share/nav_2d_msgs/cmake/export_nav_2d_msgs__rosidl_generator_cExport.cmake
[5.035s] -- Up-to-date: /home/wheeltec/wheeltec_robot/install/nav_2d_msgs/share/nav_2d_msgs/cmake/export_nav_2d_msgs__rosidl_generator_cExport-noconfig.cmake
[5.035s] -- Up-to-date: /home/wheeltec/wheeltec_robot/install/nav_2d_msgs/share/nav_2d_msgs/cmake/export_nav_2d_msgs__rosidl_typesupport_fastrtps_cExport.cmake
[5.035s] -- Up-to-date: /home/wheeltec/wheeltec_robot/install/nav_2d_msgs/share/nav_2d_msgs/cmake/export_nav_2d_msgs__rosidl_typesupport_fastrtps_cExport-noconfig.cmake
[5.035s] -- Up-to-date: /home/wheeltec/wheeltec_robot/install/nav_2d_msgs/share/nav_2d_msgs/cmake/export_nav_2d_msgs__rosidl_generator_cppExport.cmake
[5.036s] -- Up-to-date: /home/wheeltec/wheeltec_robot/install/nav_2d_msgs/share/nav_2d_msgs/cmake/export_nav_2d_msgs__rosidl_typesupport_fastrtps_cppExport.cmake
[5.036s] -- Up-to-date: /home/wheeltec/wheeltec_robot/install/nav_2d_msgs/share/nav_2d_msgs/cmake/export_nav_2d_msgs__rosidl_typesupport_fastrtps_cppExport-noconfig.cmake
[5.036s] -- Up-to-date: /home/wheeltec/wheeltec_robot/install/nav_2d_msgs/share/nav_2d_msgs/cmake/nav_2d_msgs__rosidl_typesupport_introspection_cExport.cmake
[5.036s] -- Up-to-date: /home/wheeltec/wheeltec_robot/install/nav_2d_msgs/share/nav_2d_msgs/cmake/nav_2d_msgs__rosidl_typesupport_introspection_cExport-noconfig.cmake
[5.036s] -- Up-to-date: /home/wheeltec/wheeltec_robot/install/nav_2d_msgs/share/nav_2d_msgs/cmake/nav_2d_msgs__rosidl_typesupport_cExport.cmake
[5.036s] -- Up-to-date: /home/wheeltec/wheeltec_robot/install/nav_2d_msgs/share/nav_2d_msgs/cmake/nav_2d_msgs__rosidl_typesupport_cExport-noconfig.cmake
[5.037s] -- Up-to-date: /home/wheeltec/wheeltec_robot/install/nav_2d_msgs/share/nav_2d_msgs/cmake/nav_2d_msgs__rosidl_typesupport_introspection_cppExport.cmake
[5.037s] -- Up-to-date: /home/wheeltec/wheeltec_robot/install/nav_2d_msgs/share/nav_2d_msgs/cmake/nav_2d_msgs__rosidl_typesupport_introspection_cppExport-noconfig.cmake
[5.037s] -- Up-to-date: /home/wheeltec/wheeltec_robot/install/nav_2d_msgs/share/nav_2d_msgs/cmake/nav_2d_msgs__rosidl_typesupport_cppExport.cmake
[5.037s] -- Up-to-date: /home/wheeltec/wheeltec_robot/install/nav_2d_msgs/share/nav_2d_msgs/cmake/nav_2d_msgs__rosidl_typesupport_cppExport-noconfig.cmake
[5.037s] -- Up-to-date: /home/wheeltec/wheeltec_robot/install/nav_2d_msgs/share/nav_2d_msgs/cmake/export_nav_2d_msgs__rosidl_generator_pyExport.cmake
[5.037s] -- Up-to-date: /home/wheeltec/wheeltec_robot/install/nav_2d_msgs/share/nav_2d_msgs/cmake/export_nav_2d_msgs__rosidl_generator_pyExport-noconfig.cmake
[5.052s] Invoked command in '/home/wheeltec/wheeltec_robot/build/nav_2d_msgs' returned '0': CMAKE_PREFIX_PATH=${CMAKE_PREFIX_PATH}:/opt/ros/humble /usr/bin/cmake --install /home/wheeltec/wheeltec_robot/build/nav_2d_msgs
