[3.067s] Invoking command in '/home/wheeltec/wheeltec_robot/build/tf2_tools': PYTHONPATH=/home/wheeltec/wheeltec_robot/build/tf2_tools/prefix_override:/usr/lib/python3/dist-packages/colcon_core/task/python/colcon_distutils_commands:/home/wheeltec/wheeltec_robot/install/tf2_tools/lib/python3.10/site-packages:${PYTHONPATH} /usr/bin/python3 -W ignore:setup.py install is deprecated -W ignore:easy_install command is deprecated setup.py develop --editable --build-directory /home/wheeltec/wheeltec_robot/build/tf2_tools/build --no-deps symlink_data
[3.607s] /usr/local/lib/python3.10/dist-packages/setuptools/_distutils/dist.py:289: UserWarning: Unknown distribution option: 'tests_require'
[3.608s]   warnings.warn(msg)
[3.680s] /usr/local/lib/python3.10/dist-packages/setuptools/dist.py:759: SetuptoolsDeprecationWarning: License classifiers are deprecated.
[3.680s] !!
[3.680s] 
[3.680s]         ********************************************************************************
[3.680s]         Please consider removing the following classifiers in favor of a SPDX license expression:
[3.680s] 
[3.681s]         License :: OSI Approved :: Apache Software License
[3.681s] 
[3.681s]         See https://packaging.python.org/en/latest/guides/writing-pyproject-toml/#license for details.
[3.681s]         ********************************************************************************
[3.681s] 
[3.681s] !!
[3.681s]   self._finalize_license_expression()
[3.995s] running develop
[4.512s] running egg_info
[4.548s] writing tf2_tools.egg-info/PKG-INFO
[4.550s] writing dependency_links to tf2_tools.egg-info/dependency_links.txt
[4.551s] writing entry points to tf2_tools.egg-info/entry_points.txt
[4.552s] writing requirements to tf2_tools.egg-info/requires.txt
[4.552s] writing top-level names to tf2_tools.egg-info/top_level.txt
[4.632s] reading manifest file 'tf2_tools.egg-info/SOURCES.txt'
[4.635s] writing manifest file 'tf2_tools.egg-info/SOURCES.txt'
[4.698s] running build_ext
[4.699s] Creating /home/wheeltec/wheeltec_robot/install/tf2_tools/lib/python3.10/site-packages/tf2-tools.egg-link (link to .)
[4.701s] Installing view_frames script to /home/wheeltec/wheeltec_robot/install/tf2_tools/lib/tf2_tools
[4.703s] 
[4.703s] Installed /home/wheeltec/wheeltec_robot/build/tf2_tools
[4.703s] running symlink_data
[4.813s] Invoked command in '/home/wheeltec/wheeltec_robot/build/tf2_tools' returned '0': PYTHONPATH=/home/wheeltec/wheeltec_robot/build/tf2_tools/prefix_override:/usr/lib/python3/dist-packages/colcon_core/task/python/colcon_distutils_commands:/home/wheeltec/wheeltec_robot/install/tf2_tools/lib/python3.10/site-packages:${PYTHONPATH} /usr/bin/python3 -W ignore:setup.py install is deprecated -W ignore:easy_install command is deprecated setup.py develop --editable --build-directory /home/wheeltec/wheeltec_robot/build/tf2_tools/build --no-deps symlink_data
