-- The C compiler identification is GNU 11.4.0
-- The CXX compiler identification is GNU 11.4.0
-- Detecting C compiler ABI info
-- Detecting C compiler ABI info - done
-- Check for working C compiler: /usr/bin/cc - skipped
-- Detecting C compile features
-- Detecting C compile features - done
-- Detecting CXX compiler ABI info
-- Detecting CXX compiler ABI info - done
-- Check for working CXX compiler: /usr/bin/c++ - skipped
-- Detecting CXX compile features
-- Detecting CXX compile features - done
-- Found ament_cmake: 1.3.12 (/opt/ros/humble/share/ament_cmake/cmake)
-- Found Python3: /usr/bin/python3 (found version "3.10.12") found components: Interpreter 
-- Override CMake install command with custom implementation using symlinks instead of copying resources
-- Configuring done
-- Generating done
-- Build files have been written to: /home/wheeltec/wheeltec_robot/build/nav2_dwb_controller
-- Install configuration: ""
-- Execute custom install script
-- Symlinking: /home/wheeltec/wheeltec_robot/install/nav2_dwb_controller/share/ament_index/resource_index/package_run_dependencies/nav2_dwb_controller
-- Symlinking: /home/wheeltec/wheeltec_robot/install/nav2_dwb_controller/share/ament_index/resource_index/parent_prefix_path/nav2_dwb_controller
-- Symlinking: /home/wheeltec/wheeltec_robot/install/nav2_dwb_controller/share/nav2_dwb_controller/environment/ament_prefix_path.sh
-- Symlinking: /home/wheeltec/wheeltec_robot/install/nav2_dwb_controller/share/nav2_dwb_controller/environment/ament_prefix_path.dsv
-- Symlinking: /home/wheeltec/wheeltec_robot/install/nav2_dwb_controller/share/nav2_dwb_controller/environment/path.sh
-- Symlinking: /home/wheeltec/wheeltec_robot/install/nav2_dwb_controller/share/nav2_dwb_controller/environment/path.dsv
-- Symlinking: /home/wheeltec/wheeltec_robot/install/nav2_dwb_controller/share/nav2_dwb_controller/local_setup.bash
-- Symlinking: /home/wheeltec/wheeltec_robot/install/nav2_dwb_controller/share/nav2_dwb_controller/local_setup.sh
-- Symlinking: /home/wheeltec/wheeltec_robot/install/nav2_dwb_controller/share/nav2_dwb_controller/local_setup.zsh
-- Symlinking: /home/wheeltec/wheeltec_robot/install/nav2_dwb_controller/share/nav2_dwb_controller/local_setup.dsv
-- Symlinking: /home/wheeltec/wheeltec_robot/install/nav2_dwb_controller/share/nav2_dwb_controller/package.dsv
-- Symlinking: /home/wheeltec/wheeltec_robot/install/nav2_dwb_controller/share/ament_index/resource_index/packages/nav2_dwb_controller
-- Symlinking: /home/wheeltec/wheeltec_robot/install/nav2_dwb_controller/share/nav2_dwb_controller/cmake/nav2_dwb_controllerConfig.cmake
-- Symlinking: /home/wheeltec/wheeltec_robot/install/nav2_dwb_controller/share/nav2_dwb_controller/cmake/nav2_dwb_controllerConfig-version.cmake
-- Symlinking: /home/wheeltec/wheeltec_robot/install/nav2_dwb_controller/share/nav2_dwb_controller/package.xml
