[0.039s] Invoking command in '/home/wheeltec/wheeltec_robot/build/ublox_serialization': CMAKE_PREFIX_PATH=/opt/ros/humble /usr/bin/cmake /home/wheeltec/wheeltec_robot/src/wheeltec_gps/ublox-ros2/ublox_serialization -DAMENT_CMAKE_SYMLINK_INSTALL=1 -DCMAKE_INSTALL_PREFIX=/home/wheeltec/wheeltec_robot/install/ublox_serialization
[0.152s] -- The C compiler identification is GNU 11.4.0
[0.255s] -- The CXX compiler identification is GNU 11.4.0
[0.282s] -- Detecting C compiler ABI info
[0.425s] -- Detecting C compiler ABI info - done
[0.437s] -- Check for working C compiler: /usr/bin/cc - skipped
[0.438s] -- Detecting C compile features
[0.439s] -- Detecting C compile features - done
[0.444s] -- Detecting CXX compiler ABI info
[0.652s] -- Detecting CXX compiler ABI info - done
[0.667s] -- Check for working CXX compiler: /usr/bin/c++ - skipped
[0.667s] -- Detecting CXX compile features
[0.667s] -- Detecting CXX compile features - done
[0.670s] -- Found ament_cmake: 1.3.12 (/opt/ros/humble/share/ament_cmake/cmake)
[1.524s] -- Found Python3: /usr/bin/python3 (found version "3.10.12") found components: Interpreter 
[1.690s] -- Override CMake install command with custom implementation using symlinks instead of copying resources
[1.879s] -- Configuring done
[1.879s] -- Generating done
[1.880s] -- Build files have been written to: /home/wheeltec/wheeltec_robot/build/ublox_serialization
[1.895s] Invoked command in '/home/wheeltec/wheeltec_robot/build/ublox_serialization' returned '0': CMAKE_PREFIX_PATH=/opt/ros/humble /usr/bin/cmake /home/wheeltec/wheeltec_robot/src/wheeltec_gps/ublox-ros2/ublox_serialization -DAMENT_CMAKE_SYMLINK_INSTALL=1 -DCMAKE_INSTALL_PREFIX=/home/wheeltec/wheeltec_robot/install/ublox_serialization
[1.896s] Invoking command in '/home/wheeltec/wheeltec_robot/build/ublox_serialization': CMAKE_PREFIX_PATH=/opt/ros/humble /usr/bin/cmake --build /home/wheeltec/wheeltec_robot/build/ublox_serialization -- -j8 -l8
[2.424s] Invoked command in '/home/wheeltec/wheeltec_robot/build/ublox_serialization' returned '0': CMAKE_PREFIX_PATH=/opt/ros/humble /usr/bin/cmake --build /home/wheeltec/wheeltec_robot/build/ublox_serialization -- -j8 -l8
[2.440s] Invoking command in '/home/wheeltec/wheeltec_robot/build/ublox_serialization': CMAKE_PREFIX_PATH=/opt/ros/humble /usr/bin/cmake --install /home/wheeltec/wheeltec_robot/build/ublox_serialization
[3.984s] -- Install configuration: ""
[3.984s] -- Execute custom install script
[3.998s] -- Symlinking: /home/wheeltec/wheeltec_robot/install/ublox_serialization/include/ublox_serialization/ublox_serialization/checksum.hpp
[3.998s] -- Symlinking: /home/wheeltec/wheeltec_robot/install/ublox_serialization/include/ublox_serialization/ublox_serialization/serialization.hpp
[3.998s] -- Symlinking: /home/wheeltec/wheeltec_robot/install/ublox_serialization/share/ament_index/resource_index/package_run_dependencies/ublox_serialization
[3.998s] -- Symlinking: /home/wheeltec/wheeltec_robot/install/ublox_serialization/share/ament_index/resource_index/parent_prefix_path/ublox_serialization
[3.998s] -- Symlinking: /home/wheeltec/wheeltec_robot/install/ublox_serialization/share/ublox_serialization/environment/ament_prefix_path.sh
[3.999s] -- Symlinking: /home/wheeltec/wheeltec_robot/install/ublox_serialization/share/ublox_serialization/environment/ament_prefix_path.dsv
[3.999s] -- Symlinking: /home/wheeltec/wheeltec_robot/install/ublox_serialization/share/ublox_serialization/environment/path.sh
[3.999s] -- Symlinking: /home/wheeltec/wheeltec_robot/install/ublox_serialization/share/ublox_serialization/environment/path.dsv
[3.999s] -- Symlinking: /home/wheeltec/wheeltec_robot/install/ublox_serialization/share/ublox_serialization/local_setup.bash
[3.999s] -- Symlinking: /home/wheeltec/wheeltec_robot/install/ublox_serialization/share/ublox_serialization/local_setup.sh
[3.999s] -- Symlinking: /home/wheeltec/wheeltec_robot/install/ublox_serialization/share/ublox_serialization/local_setup.zsh
[3.999s] -- Symlinking: /home/wheeltec/wheeltec_robot/install/ublox_serialization/share/ublox_serialization/local_setup.dsv
[3.999s] -- Symlinking: /home/wheeltec/wheeltec_robot/install/ublox_serialization/share/ublox_serialization/package.dsv
[3.999s] -- Symlinking: /home/wheeltec/wheeltec_robot/install/ublox_serialization/share/ament_index/resource_index/packages/ublox_serialization
[3.999s] -- Symlinking: /home/wheeltec/wheeltec_robot/install/ublox_serialization/share/ublox_serialization/cmake/ament_cmake_export_include_directories-extras.cmake
[3.999s] -- Symlinking: /home/wheeltec/wheeltec_robot/install/ublox_serialization/share/ublox_serialization/cmake/ament_cmake_export_targets-extras.cmake
[4.000s] -- Symlinking: /home/wheeltec/wheeltec_robot/install/ublox_serialization/share/ublox_serialization/cmake/ublox_serializationConfig.cmake
[4.000s] -- Symlinking: /home/wheeltec/wheeltec_robot/install/ublox_serialization/share/ublox_serialization/cmake/ublox_serializationConfig-version.cmake
[4.000s] -- Symlinking: /home/wheeltec/wheeltec_robot/install/ublox_serialization/share/ublox_serialization/package.xml
[4.000s] -- Installing: /home/wheeltec/wheeltec_robot/install/ublox_serialization/share/ublox_serialization/cmake/export_ublox_serializationExport.cmake
[4.017s] Invoked command in '/home/wheeltec/wheeltec_robot/build/ublox_serialization' returned '0': CMAKE_PREFIX_PATH=/opt/ros/humble /usr/bin/cmake --install /home/wheeltec/wheeltec_robot/build/ublox_serialization
