[0.050s] Invoking command in '/home/wheeltec/wheeltec_robot/build/nav2_common': CMAKE_PREFIX_PATH=/opt/ros/humble /usr/bin/cmake /home/wheeltec/wheeltec_robot/src/navigation2-humble/nav2_common -DCMAKE_INSTALL_PREFIX=/home/wheeltec/wheeltec_robot/install/nav2_common
[0.121s] -- Found ament_cmake_core: 1.3.12 (/opt/ros/humble/share/ament_cmake_core/cmake)
[0.376s] -- Override CMake install command with custom implementation using symlinks instead of copying resources
[0.377s] -- Found ament_cmake_python: 1.3.12 (/opt/ros/humble/share/ament_cmake_python/cmake)
[0.736s] -- Configuring done
[0.747s] -- Generating done
[0.753s] -- Build files have been written to: /home/wheeltec/wheeltec_robot/build/nav2_common
[0.764s] Invoked command in '/home/wheeltec/wheeltec_robot/build/nav2_common' returned '0': CMAKE_PREFIX_PATH=/opt/ros/humble /usr/bin/cmake /home/wheeltec/wheeltec_robot/src/navigation2-humble/nav2_common -DCMAKE_INSTALL_PREFIX=/home/wheeltec/wheeltec_robot/install/nav2_common
[0.767s] Invoking command in '/home/wheeltec/wheeltec_robot/build/nav2_common': CMAKE_PREFIX_PATH=/opt/ros/humble /usr/bin/cmake --build /home/wheeltec/wheeltec_robot/build/nav2_common -- -j8 -l8
[0.878s] Built target ament_cmake_python_symlink_nav2_common
[1.340s] running egg_info
[1.385s] writing nav2_common.egg-info/PKG-INFO
[1.386s] writing dependency_links to nav2_common.egg-info/dependency_links.txt
[1.386s] writing top-level names to nav2_common.egg-info/top_level.txt
[1.514s] reading manifest file 'nav2_common.egg-info/SOURCES.txt'
[1.516s] writing manifest file 'nav2_common.egg-info/SOURCES.txt'
[1.652s] Built target ament_cmake_python_build_nav2_common_egg
[1.703s] Invoked command in '/home/wheeltec/wheeltec_robot/build/nav2_common' returned '0': CMAKE_PREFIX_PATH=/opt/ros/humble /usr/bin/cmake --build /home/wheeltec/wheeltec_robot/build/nav2_common -- -j8 -l8
[1.705s] Invoking command in '/home/wheeltec/wheeltec_robot/build/nav2_common': CMAKE_PREFIX_PATH=/opt/ros/humble /usr/bin/cmake --install /home/wheeltec/wheeltec_robot/build/nav2_common
[2.700s] -- Install configuration: ""
[2.700s] -- Execute custom install script
[2.700s] -- Up-to-date symlink: /home/wheeltec/wheeltec_robot/install/nav2_common/share/nav2_common/environment/pythonpath.sh
[2.700s] -- Up-to-date symlink: /home/wheeltec/wheeltec_robot/install/nav2_common/share/nav2_common/environment/pythonpath.dsv
[2.700s] -- Up-to-date symlink: /home/wheeltec/wheeltec_robot/install/nav2_common/local/lib/python3.10/dist-packages/nav2_common-1.1.6-py3.10.egg-info/PKG-INFO
[2.700s] -- Up-to-date symlink: /home/wheeltec/wheeltec_robot/install/nav2_common/local/lib/python3.10/dist-packages/nav2_common-1.1.6-py3.10.egg-info/SOURCES.txt
[2.701s] -- Up-to-date symlink: /home/wheeltec/wheeltec_robot/install/nav2_common/local/lib/python3.10/dist-packages/nav2_common-1.1.6-py3.10.egg-info/dependency_links.txt
[2.701s] -- Up-to-date symlink: /home/wheeltec/wheeltec_robot/install/nav2_common/local/lib/python3.10/dist-packages/nav2_common-1.1.6-py3.10.egg-info/top_level.txt
[2.701s] -- Up-to-date symlink: /home/wheeltec/wheeltec_robot/install/nav2_common/local/lib/python3.10/dist-packages/nav2_common/__init__.py
[2.701s] -- Up-to-date symlink: /home/wheeltec/wheeltec_robot/install/nav2_common/local/lib/python3.10/dist-packages/nav2_common/launch/__init__.py
[2.701s] -- Up-to-date symlink: /home/wheeltec/wheeltec_robot/install/nav2_common/local/lib/python3.10/dist-packages/nav2_common/launch/has_node_params.py
[2.701s] -- Up-to-date symlink: /home/wheeltec/wheeltec_robot/install/nav2_common/local/lib/python3.10/dist-packages/nav2_common/launch/replace_string.py
[2.701s] -- Up-to-date symlink: /home/wheeltec/wheeltec_robot/install/nav2_common/local/lib/python3.10/dist-packages/nav2_common/launch/rewritten_yaml.py
[2.702s] -- Up-to-date symlink: /home/wheeltec/wheeltec_robot/install/nav2_common/share/ament_index/resource_index/package_run_dependencies/nav2_common
[2.702s] -- Up-to-date symlink: /home/wheeltec/wheeltec_robot/install/nav2_common/share/ament_index/resource_index/parent_prefix_path/nav2_common
[2.702s] -- Up-to-date symlink: /home/wheeltec/wheeltec_robot/install/nav2_common/share/nav2_common/environment/ament_prefix_path.sh
[2.702s] -- Up-to-date symlink: /home/wheeltec/wheeltec_robot/install/nav2_common/share/nav2_common/environment/ament_prefix_path.dsv
[2.702s] -- Up-to-date symlink: /home/wheeltec/wheeltec_robot/install/nav2_common/share/nav2_common/environment/path.sh
[2.702s] -- Up-to-date symlink: /home/wheeltec/wheeltec_robot/install/nav2_common/share/nav2_common/environment/path.dsv
[2.702s] -- Up-to-date symlink: /home/wheeltec/wheeltec_robot/install/nav2_common/share/nav2_common/local_setup.bash
[2.702s] -- Up-to-date symlink: /home/wheeltec/wheeltec_robot/install/nav2_common/share/nav2_common/local_setup.sh
[2.703s] -- Up-to-date symlink: /home/wheeltec/wheeltec_robot/install/nav2_common/share/nav2_common/local_setup.zsh
[2.703s] -- Up-to-date symlink: /home/wheeltec/wheeltec_robot/install/nav2_common/share/nav2_common/local_setup.dsv
[2.703s] -- Symlinking: /home/wheeltec/wheeltec_robot/install/nav2_common/share/nav2_common/package.dsv
[2.703s] -- Up-to-date symlink: /home/wheeltec/wheeltec_robot/install/nav2_common/share/ament_index/resource_index/packages/nav2_common
[2.703s] -- Up-to-date symlink: /home/wheeltec/wheeltec_robot/install/nav2_common/share/nav2_common/cmake/nav2_common-extras.cmake
[2.703s] -- Up-to-date symlink: /home/wheeltec/wheeltec_robot/install/nav2_common/share/nav2_common/cmake/nav2_commonConfig.cmake
[2.703s] -- Up-to-date symlink: /home/wheeltec/wheeltec_robot/install/nav2_common/share/nav2_common/cmake/nav2_commonConfig-version.cmake
[2.703s] -- Up-to-date symlink: /home/wheeltec/wheeltec_robot/install/nav2_common/share/nav2_common/package.xml
[2.704s] -- Up-to-date symlink: /home/wheeltec/wheeltec_robot/install/nav2_common/share/nav2_common/cmake/nav2_package.cmake
[2.704s] Listing '/home/wheeltec/wheeltec_robot/install/nav2_common/local/lib/python3.10/dist-packages/nav2_common'...
[2.704s] Listing '/home/wheeltec/wheeltec_robot/install/nav2_common/local/lib/python3.10/dist-packages/nav2_common/launch'...
[2.715s] Invoked command in '/home/wheeltec/wheeltec_robot/build/nav2_common' returned '0': CMAKE_PREFIX_PATH=/opt/ros/humble /usr/bin/cmake --install /home/wheeltec/wheeltec_robot/build/nav2_common
