[0.026s] Invoking command in '/home/wheeltec/wheeltec_robot/build/ldlidar': CMAKE_PREFIX_PATH=${CMAKE_PREFIX_PATH}:/opt/ros/humble /usr/bin/cmake --build /home/wheeltec/wheeltec_robot/build/ldlidar -- -j8 -l8
[0.323s] [100%] Built target ldlidar
[0.400s] Invoked command in '/home/wheeltec/wheeltec_robot/build/ldlidar' returned '0': CMAKE_PREFIX_PATH=${CMAKE_PREFIX_PATH}:/opt/ros/humble /usr/bin/cmake --build /home/wheeltec/wheeltec_robot/build/ldlidar -- -j8 -l8
[0.400s] Invoking command in '/home/wheeltec/wheeltec_robot/build/ldlidar': CMAKE_PREFIX_PATH=${CMAKE_PREFIX_PATH}:/opt/ros/humble /usr/bin/cmake --install /home/wheeltec/wheeltec_robot/build/ldlidar
[0.428s] -- Install configuration: ""
[0.435s] -- Execute custom install script
[0.435s] -- Up-to-date symlink: /home/wheeltec/wheeltec_robot/install/ldlidar/lib/ldlidar/ldlidar
[0.438s] -- Up-to-date symlink: /home/wheeltec/wheeltec_robot/install/ldlidar/share/ldlidar//launch/ld06.launch.py
[0.438s] -- Up-to-date symlink: /home/wheeltec/wheeltec_robot/install/ldlidar/share/ldlidar//launch/ld19.launch.py
[0.439s] -- Up-to-date symlink: /home/wheeltec/wheeltec_robot/install/ldlidar/share/ldlidar//launch/stl06n.launch.py
[0.439s] -- Up-to-date symlink: /home/wheeltec/wheeltec_robot/install/ldlidar/share/ldlidar//launch/stl06p.launch.py
[0.440s] -- Up-to-date symlink: /home/wheeltec/wheeltec_robot/install/ldlidar/share/ldlidar//launch/stl26.launch.py
[0.441s] -- Up-to-date symlink: /home/wheeltec/wheeltec_robot/install/ldlidar/share/ldlidar//launch/stl27l.launch.py
[0.442s] -- Up-to-date symlink: /home/wheeltec/wheeltec_robot/install/ldlidar/share/ldlidar//launch/viewer_ld06.launch.py
[0.443s] -- Up-to-date symlink: /home/wheeltec/wheeltec_robot/install/ldlidar/share/ldlidar//launch/viewer_ld19.launch.py
[0.443s] -- Up-to-date symlink: /home/wheeltec/wheeltec_robot/install/ldlidar/share/ldlidar//launch/viewer_stl06n.launch.py
[0.459s] -- Up-to-date symlink: /home/wheeltec/wheeltec_robot/install/ldlidar/share/ldlidar//launch/viewer_stl06p.launch.py
[0.461s] -- Up-to-date symlink: /home/wheeltec/wheeltec_robot/install/ldlidar/share/ldlidar//launch/viewer_stl26.launch.py
[0.463s] -- Up-to-date symlink: /home/wheeltec/wheeltec_robot/install/ldlidar/share/ldlidar//launch/viewer_stl27l.launch.py
[0.463s] -- Up-to-date symlink: /home/wheeltec/wheeltec_robot/install/ldlidar/share/ldlidar//rviz2/ldlidar.rviz
[0.464s] -- Up-to-date symlink: /home/wheeltec/wheeltec_robot/install/ldlidar/share/ament_index/resource_index/package_run_dependencies/ldlidar
[0.466s] -- Up-to-date symlink: /home/wheeltec/wheeltec_robot/install/ldlidar/share/ament_index/resource_index/parent_prefix_path/ldlidar
[0.467s] -- Up-to-date symlink: /home/wheeltec/wheeltec_robot/install/ldlidar/share/ldlidar/environment/ament_prefix_path.sh
[0.467s] -- Up-to-date symlink: /home/wheeltec/wheeltec_robot/install/ldlidar/share/ldlidar/environment/ament_prefix_path.dsv
[0.467s] -- Up-to-date symlink: /home/wheeltec/wheeltec_robot/install/ldlidar/share/ldlidar/environment/path.sh
[0.467s] -- Up-to-date symlink: /home/wheeltec/wheeltec_robot/install/ldlidar/share/ldlidar/environment/path.dsv
[0.468s] -- Up-to-date symlink: /home/wheeltec/wheeltec_robot/install/ldlidar/share/ldlidar/local_setup.bash
[0.470s] -- Up-to-date symlink: /home/wheeltec/wheeltec_robot/install/ldlidar/share/ldlidar/local_setup.sh
[0.475s] -- Up-to-date symlink: /home/wheeltec/wheeltec_robot/install/ldlidar/share/ldlidar/local_setup.zsh
[0.480s] -- Up-to-date symlink: /home/wheeltec/wheeltec_robot/install/ldlidar/share/ldlidar/local_setup.dsv
[0.480s] -- Up-to-date symlink: /home/wheeltec/wheeltec_robot/install/ldlidar/share/ldlidar/package.dsv
[0.482s] -- Up-to-date symlink: /home/wheeltec/wheeltec_robot/install/ldlidar/share/ament_index/resource_index/packages/ldlidar
[0.483s] -- Up-to-date symlink: /home/wheeltec/wheeltec_robot/install/ldlidar/share/ldlidar/cmake/ldlidarConfig.cmake
[0.483s] -- Up-to-date symlink: /home/wheeltec/wheeltec_robot/install/ldlidar/share/ldlidar/cmake/ldlidarConfig-version.cmake
[0.485s] -- Up-to-date symlink: /home/wheeltec/wheeltec_robot/install/ldlidar/share/ldlidar/package.xml
[0.497s] Invoked command in '/home/wheeltec/wheeltec_robot/build/ldlidar' returned '0': CMAKE_PREFIX_PATH=${CMAKE_PREFIX_PATH}:/opt/ros/humble /usr/bin/cmake --install /home/wheeltec/wheeltec_robot/build/ldlidar
