-- The C compiler identification is GNU 11.4.0
-- The CXX compiler identification is GNU 11.4.0
-- Detecting C compiler ABI info
-- Detecting C compiler ABI info - done
-- Check for working C compiler: /usr/bin/cc - skipped
-- Detecting C compile features
-- Detecting C compile features - done
-- Detecting CXX compiler ABI info
-- Detecting CXX compiler ABI info - done
-- Check for working CXX compiler: /usr/bin/c++ - skipped
-- Detecting CXX compile features
-- Detecting CXX compile features - done
-- Found ament_cmake: 1.3.12 (/opt/ros/humble/share/ament_cmake/cmake)
-- Found Python3: /usr/bin/python3 (found version "3.10.12") found components: Interpreter 
-- Override CMake install command with custom implementation using symlinks instead of copying resources
-- Found sensor_msgs: 4.9.0 (/opt/ros/humble/share/sensor_msgs/cmake)
-- Found rosidl_generator_c: 3.1.7 (/opt/ros/humble/share/rosidl_generator_c/cmake)
-- Found rosidl_adapter: 3.1.7 (/opt/ros/humble/share/rosidl_adapter/cmake)
-- Found rosidl_generator_cpp: 3.1.7 (/opt/ros/humble/share/rosidl_generator_cpp/cmake)
-- Using all available rosidl_typesupport_c: rosidl_typesupport_fastrtps_c;rosidl_typesupport_introspection_c
-- Using all available rosidl_typesupport_cpp: rosidl_typesupport_fastrtps_cpp;rosidl_typesupport_introspection_cpp
-- Found rosidl_default_generators: 1.2.0 (/opt/ros/humble/share/rosidl_default_generators/cmake)
-- Found ament_cmake_cppcheck: 0.12.14 (/opt/ros/humble/share/ament_cmake_cppcheck/cmake)
-- Found ament_cmake_cpplint: 0.12.14 (/opt/ros/humble/share/ament_cmake_cpplint/cmake)
-- Found ament_cmake_uncrustify: 0.12.14 (/opt/ros/humble/share/ament_cmake_uncrustify/cmake)
-- Found ament_cmake_ros: 0.10.0 (/opt/ros/humble/share/ament_cmake_ros/cmake)
-- Using all available rosidl_typesupport_c: rosidl_typesupport_fastrtps_c;rosidl_typesupport_introspection_c
-- Using all available rosidl_typesupport_cpp: rosidl_typesupport_fastrtps_cpp;rosidl_typesupport_introspection_cpp
-- Found PythonInterp: /usr/bin/python3 (found suitable version "3.10.12", minimum required is "3.6") 
-- Found python_cmake_module: 0.10.0 (/opt/ros/humble/share/python_cmake_module/cmake)
-- Found PythonLibs: /usr/lib/aarch64-linux-gnu/libpython3.10.so (found suitable version "3.10.12", minimum required is "3.5") 
-- Using PYTHON_EXECUTABLE: /usr/bin/python3
-- Using PYTHON_INCLUDE_DIRS: /usr/include/python3.10
-- Using PYTHON_LIBRARIES: /usr/lib/aarch64-linux-gnu/libpython3.10.so
-- Found PythonExtra: .so  
-- Found ament_cmake_flake8: 0.12.14 (/opt/ros/humble/share/ament_cmake_flake8/cmake)
-- Found ament_cmake_pep257: 0.12.14 (/opt/ros/humble/share/ament_cmake_pep257/cmake)
-- Configuring done
-- Generating done
-- Build files have been written to: /home/wheeltec/wheeltec_robot/src/build/bodyreader_msg
[  1%] [34m[1mGenerating C++ code for ROS interfaces[0m
[  1%] Built target bodyreader_msg__cpp
[  1%] Built target ament_cmake_python_symlink_bodyreader_msg
[  2%] [34m[1mGenerating C++ introspection for ROS interfaces[0m
[  3%] [32mBuilding CXX object CMakeFiles/bodyreader_msg__rosidl_typesupport_introspection_cpp.dir/rosidl_typesupport_introspection_cpp/bodyreader_msg/msg/detail/body__type_support.cpp.o[0m
[  4%] [32mBuilding CXX object CMakeFiles/bodyreader_msg__rosidl_typesupport_introspection_cpp.dir/rosidl_typesupport_introspection_cpp/bodyreader_msg/msg/detail/joint__type_support.cpp.o[0m
[  5%] [32mBuilding CXX object CMakeFiles/bodyreader_msg__rosidl_typesupport_introspection_cpp.dir/rosidl_typesupport_introspection_cpp/bodyreader_msg/msg/detail/lockedcharrgb__type_support.cpp.o[0m
[  6%] [32mBuilding CXX object CMakeFiles/bodyreader_msg__rosidl_typesupport_introspection_cpp.dir/rosidl_typesupport_introspection_cpp/bodyreader_msg/msg/detail/lockedmaskwh__type_support.cpp.o[0m
[  7%] [32mBuilding CXX object CMakeFiles/bodyreader_msg__rosidl_typesupport_introspection_cpp.dir/rosidl_typesupport_introspection_cpp/bodyreader_msg/msg/detail/maskdata__type_support.cpp.o[0m
[  8%] [32mBuilding CXX object CMakeFiles/bodyreader_msg__rosidl_typesupport_introspection_cpp.dir/rosidl_typesupport_introspection_cpp/bodyreader_msg/msg/detail/vector2f__type_support.cpp.o[0m
[  9%] [32mBuilding CXX object CMakeFiles/bodyreader_msg__rosidl_typesupport_introspection_cpp.dir/rosidl_typesupport_introspection_cpp/bodyreader_msg/msg/detail/vector3f__type_support.cpp.o[0m
[ 10%] [32mBuilding CXX object CMakeFiles/bodyreader_msg__rosidl_typesupport_introspection_cpp.dir/rosidl_typesupport_introspection_cpp/bodyreader_msg/msg/detail/bodyposture__type_support.cpp.o[0m
[ 11%] [32mBuilding CXX object CMakeFiles/bodyreader_msg__rosidl_typesupport_introspection_cpp.dir/rosidl_typesupport_introspection_cpp/bodyreader_msg/msg/detail/bodylist__type_support.cpp.o[0m
[ 12%] [32m[1mLinking CXX shared library libbodyreader_msg__rosidl_typesupport_introspection_cpp.so[0m
[ 12%] Built target bodyreader_msg__rosidl_typesupport_introspection_cpp
running egg_info
creating bodyreader_msg.egg-info
writing bodyreader_msg.egg-info/PKG-INFO
writing dependency_links to bodyreader_msg.egg-info/dependency_links.txt
writing top-level names to bodyreader_msg.egg-info/top_level.txt
writing manifest file 'bodyreader_msg.egg-info/SOURCES.txt'
reading manifest file 'bodyreader_msg.egg-info/SOURCES.txt'
writing manifest file 'bodyreader_msg.egg-info/SOURCES.txt'
[ 12%] Built target ament_cmake_python_build_bodyreader_msg_egg
[ 13%] [34m[1mGenerating C++ type support for eProsima Fast-RTPS[0m
[ 14%] [32mBuilding CXX object CMakeFiles/bodyreader_msg__rosidl_typesupport_fastrtps_cpp.dir/rosidl_typesupport_fastrtps_cpp/bodyreader_msg/msg/detail/dds_fastrtps/body__type_support.cpp.o[0m
[ 15%] [32mBuilding CXX object CMakeFiles/bodyreader_msg__rosidl_typesupport_fastrtps_cpp.dir/rosidl_typesupport_fastrtps_cpp/bodyreader_msg/msg/detail/dds_fastrtps/lockedmaskwh__type_support.cpp.o[0m
[ 16%] [32mBuilding CXX object CMakeFiles/bodyreader_msg__rosidl_typesupport_fastrtps_cpp.dir/rosidl_typesupport_fastrtps_cpp/bodyreader_msg/msg/detail/dds_fastrtps/maskdata__type_support.cpp.o[0m
[ 17%] [32mBuilding CXX object CMakeFiles/bodyreader_msg__rosidl_typesupport_fastrtps_cpp.dir/rosidl_typesupport_fastrtps_cpp/bodyreader_msg/msg/detail/dds_fastrtps/vector2f__type_support.cpp.o[0m
[ 18%] [32mBuilding CXX object CMakeFiles/bodyreader_msg__rosidl_typesupport_fastrtps_cpp.dir/rosidl_typesupport_fastrtps_cpp/bodyreader_msg/msg/detail/dds_fastrtps/vector3f__type_support.cpp.o[0m
[ 20%] [32mBuilding CXX object CMakeFiles/bodyreader_msg__rosidl_typesupport_fastrtps_cpp.dir/rosidl_typesupport_fastrtps_cpp/bodyreader_msg/msg/detail/dds_fastrtps/lockedcharrgb__type_support.cpp.o[0m
[ 21%] [32mBuilding CXX object CMakeFiles/bodyreader_msg__rosidl_typesupport_fastrtps_cpp.dir/rosidl_typesupport_fastrtps_cpp/bodyreader_msg/msg/detail/dds_fastrtps/joint__type_support.cpp.o[0m
[ 22%] [32mBuilding CXX object CMakeFiles/bodyreader_msg__rosidl_typesupport_fastrtps_cpp.dir/rosidl_typesupport_fastrtps_cpp/bodyreader_msg/msg/detail/dds_fastrtps/bodyposture__type_support.cpp.o[0m
[ 23%] [32mBuilding CXX object CMakeFiles/bodyreader_msg__rosidl_typesupport_fastrtps_cpp.dir/rosidl_typesupport_fastrtps_cpp/bodyreader_msg/msg/detail/dds_fastrtps/bodylist__type_support.cpp.o[0m
[ 24%] [32m[1mLinking CXX shared library libbodyreader_msg__rosidl_typesupport_fastrtps_cpp.so[0m
[ 24%] Built target bodyreader_msg__rosidl_typesupport_fastrtps_cpp
[ 25%] [34m[1mGenerating C++ type support dispatch for ROS interfaces[0m
[ 26%] [32mBuilding CXX object CMakeFiles/bodyreader_msg__rosidl_typesupport_cpp.dir/rosidl_typesupport_cpp/bodyreader_msg/msg/body__type_support.cpp.o[0m
[ 27%] [32mBuilding CXX object CMakeFiles/bodyreader_msg__rosidl_typesupport_cpp.dir/rosidl_typesupport_cpp/bodyreader_msg/msg/maskdata__type_support.cpp.o[0m
[ 28%] [32mBuilding CXX object CMakeFiles/bodyreader_msg__rosidl_typesupport_cpp.dir/rosidl_typesupport_cpp/bodyreader_msg/msg/vector2f__type_support.cpp.o[0m
[ 29%] [32mBuilding CXX object CMakeFiles/bodyreader_msg__rosidl_typesupport_cpp.dir/rosidl_typesupport_cpp/bodyreader_msg/msg/vector3f__type_support.cpp.o[0m
[ 30%] [32mBuilding CXX object CMakeFiles/bodyreader_msg__rosidl_typesupport_cpp.dir/rosidl_typesupport_cpp/bodyreader_msg/msg/lockedmaskwh__type_support.cpp.o[0m
[ 31%] [32mBuilding CXX object CMakeFiles/bodyreader_msg__rosidl_typesupport_cpp.dir/rosidl_typesupport_cpp/bodyreader_msg/msg/lockedcharrgb__type_support.cpp.o[0m
[ 32%] [32mBuilding CXX object CMakeFiles/bodyreader_msg__rosidl_typesupport_cpp.dir/rosidl_typesupport_cpp/bodyreader_msg/msg/joint__type_support.cpp.o[0m
[ 33%] [32mBuilding CXX object CMakeFiles/bodyreader_msg__rosidl_typesupport_cpp.dir/rosidl_typesupport_cpp/bodyreader_msg/msg/bodyposture__type_support.cpp.o[0m
[ 34%] [32mBuilding CXX object CMakeFiles/bodyreader_msg__rosidl_typesupport_cpp.dir/rosidl_typesupport_cpp/bodyreader_msg/msg/bodylist__type_support.cpp.o[0m
[ 35%] [32m[1mLinking CXX shared library libbodyreader_msg__rosidl_typesupport_cpp.so[0m
[ 35%] Built target bodyreader_msg__rosidl_typesupport_cpp
[ 36%] [34m[1mGenerating C code for ROS interfaces[0m
[ 37%] [32mBuilding C object CMakeFiles/bodyreader_msg__rosidl_generator_c.dir/rosidl_generator_c/bodyreader_msg/msg/detail/body__functions.c.o[0m
[ 38%] [32mBuilding C object CMakeFiles/bodyreader_msg__rosidl_generator_c.dir/rosidl_generator_c/bodyreader_msg/msg/detail/vector2f__functions.c.o[0m
[ 40%] [32mBuilding C object CMakeFiles/bodyreader_msg__rosidl_generator_c.dir/rosidl_generator_c/bodyreader_msg/msg/detail/vector3f__functions.c.o[0m
[ 41%] [32mBuilding C object CMakeFiles/bodyreader_msg__rosidl_generator_c.dir/rosidl_generator_c/bodyreader_msg/msg/detail/maskdata__functions.c.o[0m
[ 42%] [32mBuilding C object CMakeFiles/bodyreader_msg__rosidl_generator_c.dir/rosidl_generator_c/bodyreader_msg/msg/detail/lockedmaskwh__functions.c.o[0m
[ 43%] [32mBuilding C object CMakeFiles/bodyreader_msg__rosidl_generator_c.dir/rosidl_generator_c/bodyreader_msg/msg/detail/lockedcharrgb__functions.c.o[0m
[ 44%] [32mBuilding C object CMakeFiles/bodyreader_msg__rosidl_generator_c.dir/rosidl_generator_c/bodyreader_msg/msg/detail/joint__functions.c.o[0m
[ 45%] [32mBuilding C object CMakeFiles/bodyreader_msg__rosidl_generator_c.dir/rosidl_generator_c/bodyreader_msg/msg/detail/bodyposture__functions.c.o[0m
[ 46%] [32mBuilding C object CMakeFiles/bodyreader_msg__rosidl_generator_c.dir/rosidl_generator_c/bodyreader_msg/msg/detail/bodylist__functions.c.o[0m
[ 47%] [32m[1mLinking C shared library libbodyreader_msg__rosidl_generator_c.so[0m
[ 47%] Built target bodyreader_msg__rosidl_generator_c
[ 48%] [34m[1mGenerating C type support for eProsima Fast-RTPS[0m
[ 49%] [32mBuilding CXX object CMakeFiles/bodyreader_msg__rosidl_typesupport_fastrtps_c.dir/rosidl_typesupport_fastrtps_c/bodyreader_msg/msg/detail/body__type_support_c.cpp.o[0m
[ 50%] [32mBuilding CXX object CMakeFiles/bodyreader_msg__rosidl_typesupport_fastrtps_c.dir/rosidl_typesupport_fastrtps_c/bodyreader_msg/msg/detail/lockedmaskwh__type_support_c.cpp.o[0m
[ 51%] [32mBuilding CXX object CMakeFiles/bodyreader_msg__rosidl_typesupport_fastrtps_c.dir/rosidl_typesupport_fastrtps_c/bodyreader_msg/msg/detail/maskdata__type_support_c.cpp.o[0m
[ 52%] [32mBuilding CXX object CMakeFiles/bodyreader_msg__rosidl_typesupport_fastrtps_c.dir/rosidl_typesupport_fastrtps_c/bodyreader_msg/msg/detail/vector2f__type_support_c.cpp.o[0m
[ 53%] [32mBuilding CXX object CMakeFiles/bodyreader_msg__rosidl_typesupport_fastrtps_c.dir/rosidl_typesupport_fastrtps_c/bodyreader_msg/msg/detail/vector3f__type_support_c.cpp.o[0m
[ 54%] [32mBuilding CXX object CMakeFiles/bodyreader_msg__rosidl_typesupport_fastrtps_c.dir/rosidl_typesupport_fastrtps_c/bodyreader_msg/msg/detail/lockedcharrgb__type_support_c.cpp.o[0m
[ 55%] [32mBuilding CXX object CMakeFiles/bodyreader_msg__rosidl_typesupport_fastrtps_c.dir/rosidl_typesupport_fastrtps_c/bodyreader_msg/msg/detail/joint__type_support_c.cpp.o[0m
[ 56%] [32mBuilding CXX object CMakeFiles/bodyreader_msg__rosidl_typesupport_fastrtps_c.dir/rosidl_typesupport_fastrtps_c/bodyreader_msg/msg/detail/bodyposture__type_support_c.cpp.o[0m
[ 57%] [32mBuilding CXX object CMakeFiles/bodyreader_msg__rosidl_typesupport_fastrtps_c.dir/rosidl_typesupport_fastrtps_c/bodyreader_msg/msg/detail/bodylist__type_support_c.cpp.o[0m
[ 58%] [32m[1mLinking CXX shared library libbodyreader_msg__rosidl_typesupport_fastrtps_c.so[0m
[ 58%] Built target bodyreader_msg__rosidl_typesupport_fastrtps_c
[ 60%] [34m[1mGenerating C type support dispatch for ROS interfaces[0m
[ 61%] [32mBuilding CXX object CMakeFiles/bodyreader_msg__rosidl_typesupport_c.dir/rosidl_typesupport_c/bodyreader_msg/msg/body__type_support.cpp.o[0m
[ 62%] [32mBuilding CXX object CMakeFiles/bodyreader_msg__rosidl_typesupport_c.dir/rosidl_typesupport_c/bodyreader_msg/msg/maskdata__type_support.cpp.o[0m
[ 63%] [32mBuilding CXX object CMakeFiles/bodyreader_msg__rosidl_typesupport_c.dir/rosidl_typesupport_c/bodyreader_msg/msg/vector2f__type_support.cpp.o[0m
[ 64%] [32mBuilding CXX object CMakeFiles/bodyreader_msg__rosidl_typesupport_c.dir/rosidl_typesupport_c/bodyreader_msg/msg/vector3f__type_support.cpp.o[0m
[ 65%] [32mBuilding CXX object CMakeFiles/bodyreader_msg__rosidl_typesupport_c.dir/rosidl_typesupport_c/bodyreader_msg/msg/lockedmaskwh__type_support.cpp.o[0m
[ 66%] [32mBuilding CXX object CMakeFiles/bodyreader_msg__rosidl_typesupport_c.dir/rosidl_typesupport_c/bodyreader_msg/msg/lockedcharrgb__type_support.cpp.o[0m
[ 67%] [32mBuilding CXX object CMakeFiles/bodyreader_msg__rosidl_typesupport_c.dir/rosidl_typesupport_c/bodyreader_msg/msg/joint__type_support.cpp.o[0m
[ 68%] [32mBuilding CXX object CMakeFiles/bodyreader_msg__rosidl_typesupport_c.dir/rosidl_typesupport_c/bodyreader_msg/msg/bodyposture__type_support.cpp.o[0m
[ 69%] [32mBuilding CXX object CMakeFiles/bodyreader_msg__rosidl_typesupport_c.dir/rosidl_typesupport_c/bodyreader_msg/msg/bodylist__type_support.cpp.o[0m
[ 70%] [32m[1mLinking CXX shared library libbodyreader_msg__rosidl_typesupport_c.so[0m
[ 70%] Built target bodyreader_msg__rosidl_typesupport_c
[ 71%] [34m[1mGenerating C introspection for ROS interfaces[0m
[ 72%] [32mBuilding C object CMakeFiles/bodyreader_msg__rosidl_typesupport_introspection_c.dir/rosidl_typesupport_introspection_c/bodyreader_msg/msg/detail/body__type_support.c.o[0m
[ 73%] [32mBuilding C object CMakeFiles/bodyreader_msg__rosidl_typesupport_introspection_c.dir/rosidl_typesupport_introspection_c/bodyreader_msg/msg/detail/vector2f__type_support.c.o[0m
[ 74%] [32mBuilding C object CMakeFiles/bodyreader_msg__rosidl_typesupport_introspection_c.dir/rosidl_typesupport_introspection_c/bodyreader_msg/msg/detail/vector3f__type_support.c.o[0m
[ 75%] [32mBuilding C object CMakeFiles/bodyreader_msg__rosidl_typesupport_introspection_c.dir/rosidl_typesupport_introspection_c/bodyreader_msg/msg/detail/maskdata__type_support.c.o[0m
[ 76%] [32mBuilding C object CMakeFiles/bodyreader_msg__rosidl_typesupport_introspection_c.dir/rosidl_typesupport_introspection_c/bodyreader_msg/msg/detail/lockedmaskwh__type_support.c.o[0m
[ 77%] [32mBuilding C object CMakeFiles/bodyreader_msg__rosidl_typesupport_introspection_c.dir/rosidl_typesupport_introspection_c/bodyreader_msg/msg/detail/lockedcharrgb__type_support.c.o[0m
[ 78%] [32mBuilding C object CMakeFiles/bodyreader_msg__rosidl_typesupport_introspection_c.dir/rosidl_typesupport_introspection_c/bodyreader_msg/msg/detail/joint__type_support.c.o[0m
[ 80%] [32mBuilding C object CMakeFiles/bodyreader_msg__rosidl_typesupport_introspection_c.dir/rosidl_typesupport_introspection_c/bodyreader_msg/msg/detail/bodyposture__type_support.c.o[0m
[ 81%] [32mBuilding C object CMakeFiles/bodyreader_msg__rosidl_typesupport_introspection_c.dir/rosidl_typesupport_introspection_c/bodyreader_msg/msg/detail/bodylist__type_support.c.o[0m
[ 82%] [32m[1mLinking C shared library libbodyreader_msg__rosidl_typesupport_introspection_c.so[0m
[ 82%] Built target bodyreader_msg__rosidl_typesupport_introspection_c
[ 82%] Built target bodyreader_msg
[ 83%] [34m[1mGenerating Python code for ROS interfaces[0m
[ 83%] Built target bodyreader_msg__py
[ 84%] [32mBuilding C object CMakeFiles/bodyreader_msg__rosidl_generator_py.dir/rosidl_generator_py/bodyreader_msg/msg/_body_s.c.o[0m
[ 85%] [32mBuilding C object CMakeFiles/bodyreader_msg__rosidl_generator_py.dir/rosidl_generator_py/bodyreader_msg/msg/_vector2f_s.c.o[0m
[ 86%] [32mBuilding C object CMakeFiles/bodyreader_msg__rosidl_generator_py.dir/rosidl_generator_py/bodyreader_msg/msg/_vector3f_s.c.o[0m
[ 87%] [32mBuilding C object CMakeFiles/bodyreader_msg__rosidl_generator_py.dir/rosidl_generator_py/bodyreader_msg/msg/_maskdata_s.c.o[0m
[ 88%] [32mBuilding C object CMakeFiles/bodyreader_msg__rosidl_generator_py.dir/rosidl_generator_py/bodyreader_msg/msg/_lockedmaskwh_s.c.o[0m
[ 89%] [32mBuilding C object CMakeFiles/bodyreader_msg__rosidl_generator_py.dir/rosidl_generator_py/bodyreader_msg/msg/_lockedcharrgb_s.c.o[0m
[ 90%] [32mBuilding C object CMakeFiles/bodyreader_msg__rosidl_generator_py.dir/rosidl_generator_py/bodyreader_msg/msg/_joint_s.c.o[0m
[ 91%] [32mBuilding C object CMakeFiles/bodyreader_msg__rosidl_generator_py.dir/rosidl_generator_py/bodyreader_msg/msg/_bodyposture_s.c.o[0m
[ 92%] [32mBuilding C object CMakeFiles/bodyreader_msg__rosidl_generator_py.dir/rosidl_generator_py/bodyreader_msg/msg/_bodylist_s.c.o[0m
[ 93%] [32m[1mLinking C shared library rosidl_generator_py/bodyreader_msg/libbodyreader_msg__rosidl_generator_py.so[0m
[ 93%] Built target bodyreader_msg__rosidl_generator_py
[ 94%] [32mBuilding C object CMakeFiles/bodyreader_msg__rosidl_typesupport_fastrtps_c__pyext.dir/rosidl_generator_py/bodyreader_msg/_bodyreader_msg_s.ep.rosidl_typesupport_fastrtps_c.c.o[0m
[ 95%] [32m[1mLinking C shared library rosidl_generator_py/bodyreader_msg/bodyreader_msg_s__rosidl_typesupport_fastrtps_c.cpython-310-aarch64-linux-gnu.so[0m
[ 95%] Built target bodyreader_msg__rosidl_typesupport_fastrtps_c__pyext
[ 96%] [32mBuilding C object CMakeFiles/bodyreader_msg__rosidl_typesupport_c__pyext.dir/rosidl_generator_py/bodyreader_msg/_bodyreader_msg_s.ep.rosidl_typesupport_c.c.o[0m
[ 97%] [32m[1mLinking C shared library rosidl_generator_py/bodyreader_msg/bodyreader_msg_s__rosidl_typesupport_c.cpython-310-aarch64-linux-gnu.so[0m
[ 97%] Built target bodyreader_msg__rosidl_typesupport_c__pyext
[ 98%] [32mBuilding C object CMakeFiles/bodyreader_msg__rosidl_typesupport_introspection_c__pyext.dir/rosidl_generator_py/bodyreader_msg/_bodyreader_msg_s.ep.rosidl_typesupport_introspection_c.c.o[0m
[100%] [32m[1mLinking C shared library rosidl_generator_py/bodyreader_msg/bodyreader_msg_s__rosidl_typesupport_introspection_c.cpython-310-aarch64-linux-gnu.so[0m
[100%] Built target bodyreader_msg__rosidl_typesupport_introspection_c__pyext
-- Install configuration: ""
-- Execute custom install script
-- Symlinking: /home/wheeltec/wheeltec_robot/src/install/bodyreader_msg/share/ament_index/resource_index/rosidl_interfaces/bodyreader_msg
-- Symlinking: /home/wheeltec/wheeltec_robot/src/install/bodyreader_msg/include/bodyreader_msg/bodyreader_msg/msg/body.h
-- Symlinking: /home/wheeltec/wheeltec_robot/src/install/bodyreader_msg/include/bodyreader_msg/bodyreader_msg/msg/bodylist.h
-- Symlinking: /home/wheeltec/wheeltec_robot/src/install/bodyreader_msg/include/bodyreader_msg/bodyreader_msg/msg/bodyposture.h
-- Symlinking: /home/wheeltec/wheeltec_robot/src/install/bodyreader_msg/include/bodyreader_msg/bodyreader_msg/msg/detail/body__functions.h
-- Symlinking: /home/wheeltec/wheeltec_robot/src/install/bodyreader_msg/include/bodyreader_msg/bodyreader_msg/msg/detail/body__struct.h
-- Symlinking: /home/wheeltec/wheeltec_robot/src/install/bodyreader_msg/include/bodyreader_msg/bodyreader_msg/msg/detail/body__type_support.h
-- Symlinking: /home/wheeltec/wheeltec_robot/src/install/bodyreader_msg/include/bodyreader_msg/bodyreader_msg/msg/detail/bodylist__functions.h
-- Symlinking: /home/wheeltec/wheeltec_robot/src/install/bodyreader_msg/include/bodyreader_msg/bodyreader_msg/msg/detail/bodylist__struct.h
-- Symlinking: /home/wheeltec/wheeltec_robot/src/install/bodyreader_msg/include/bodyreader_msg/bodyreader_msg/msg/detail/bodylist__type_support.h
-- Symlinking: /home/wheeltec/wheeltec_robot/src/install/bodyreader_msg/include/bodyreader_msg/bodyreader_msg/msg/detail/bodyposture__functions.h
-- Symlinking: /home/wheeltec/wheeltec_robot/src/install/bodyreader_msg/include/bodyreader_msg/bodyreader_msg/msg/detail/bodyposture__struct.h
-- Symlinking: /home/wheeltec/wheeltec_robot/src/install/bodyreader_msg/include/bodyreader_msg/bodyreader_msg/msg/detail/bodyposture__type_support.h
-- Symlinking: /home/wheeltec/wheeltec_robot/src/install/bodyreader_msg/include/bodyreader_msg/bodyreader_msg/msg/detail/joint__functions.h
-- Symlinking: /home/wheeltec/wheeltec_robot/src/install/bodyreader_msg/include/bodyreader_msg/bodyreader_msg/msg/detail/joint__struct.h
-- Symlinking: /home/wheeltec/wheeltec_robot/src/install/bodyreader_msg/include/bodyreader_msg/bodyreader_msg/msg/detail/joint__type_support.h
-- Symlinking: /home/wheeltec/wheeltec_robot/src/install/bodyreader_msg/include/bodyreader_msg/bodyreader_msg/msg/detail/lockedcharrgb__functions.h
-- Symlinking: /home/wheeltec/wheeltec_robot/src/install/bodyreader_msg/include/bodyreader_msg/bodyreader_msg/msg/detail/lockedcharrgb__struct.h
-- Symlinking: /home/wheeltec/wheeltec_robot/src/install/bodyreader_msg/include/bodyreader_msg/bodyreader_msg/msg/detail/lockedcharrgb__type_support.h
-- Symlinking: /home/wheeltec/wheeltec_robot/src/install/bodyreader_msg/include/bodyreader_msg/bodyreader_msg/msg/detail/lockedmaskwh__functions.h
-- Symlinking: /home/wheeltec/wheeltec_robot/src/install/bodyreader_msg/include/bodyreader_msg/bodyreader_msg/msg/detail/lockedmaskwh__struct.h
-- Symlinking: /home/wheeltec/wheeltec_robot/src/install/bodyreader_msg/include/bodyreader_msg/bodyreader_msg/msg/detail/lockedmaskwh__type_support.h
-- Symlinking: /home/wheeltec/wheeltec_robot/src/install/bodyreader_msg/include/bodyreader_msg/bodyreader_msg/msg/detail/maskdata__functions.h
-- Symlinking: /home/wheeltec/wheeltec_robot/src/install/bodyreader_msg/include/bodyreader_msg/bodyreader_msg/msg/detail/maskdata__struct.h
-- Symlinking: /home/wheeltec/wheeltec_robot/src/install/bodyreader_msg/include/bodyreader_msg/bodyreader_msg/msg/detail/maskdata__type_support.h
-- Symlinking: /home/wheeltec/wheeltec_robot/src/install/bodyreader_msg/include/bodyreader_msg/bodyreader_msg/msg/detail/vector2f__functions.h
-- Symlinking: /home/wheeltec/wheeltec_robot/src/install/bodyreader_msg/include/bodyreader_msg/bodyreader_msg/msg/detail/vector2f__struct.h
-- Symlinking: /home/wheeltec/wheeltec_robot/src/install/bodyreader_msg/include/bodyreader_msg/bodyreader_msg/msg/detail/vector2f__type_support.h
-- Symlinking: /home/wheeltec/wheeltec_robot/src/install/bodyreader_msg/include/bodyreader_msg/bodyreader_msg/msg/detail/vector3f__functions.h
-- Symlinking: /home/wheeltec/wheeltec_robot/src/install/bodyreader_msg/include/bodyreader_msg/bodyreader_msg/msg/detail/vector3f__struct.h
-- Symlinking: /home/wheeltec/wheeltec_robot/src/install/bodyreader_msg/include/bodyreader_msg/bodyreader_msg/msg/detail/vector3f__type_support.h
-- Symlinking: /home/wheeltec/wheeltec_robot/src/install/bodyreader_msg/include/bodyreader_msg/bodyreader_msg/msg/joint.h
-- Symlinking: /home/wheeltec/wheeltec_robot/src/install/bodyreader_msg/include/bodyreader_msg/bodyreader_msg/msg/lockedcharrgb.h
-- Symlinking: /home/wheeltec/wheeltec_robot/src/install/bodyreader_msg/include/bodyreader_msg/bodyreader_msg/msg/lockedmaskwh.h
-- Symlinking: /home/wheeltec/wheeltec_robot/src/install/bodyreader_msg/include/bodyreader_msg/bodyreader_msg/msg/maskdata.h
-- Symlinking: /home/wheeltec/wheeltec_robot/src/install/bodyreader_msg/include/bodyreader_msg/bodyreader_msg/msg/rosidl_generator_c__visibility_control.h
-- Symlinking: /home/wheeltec/wheeltec_robot/src/install/bodyreader_msg/include/bodyreader_msg/bodyreader_msg/msg/vector2f.h
-- Symlinking: /home/wheeltec/wheeltec_robot/src/install/bodyreader_msg/include/bodyreader_msg/bodyreader_msg/msg/vector3f.h
-- Symlinking: /home/wheeltec/wheeltec_robot/src/install/bodyreader_msg/share/bodyreader_msg/environment/library_path.sh
-- Symlinking: /home/wheeltec/wheeltec_robot/src/install/bodyreader_msg/share/bodyreader_msg/environment/library_path.dsv
-- Symlinking: /home/wheeltec/wheeltec_robot/src/install/bodyreader_msg/include/bodyreader_msg/bodyreader_msg/msg/detail/body__rosidl_typesupport_fastrtps_c.h
-- Symlinking: /home/wheeltec/wheeltec_robot/src/install/bodyreader_msg/include/bodyreader_msg/bodyreader_msg/msg/detail/bodylist__rosidl_typesupport_fastrtps_c.h
-- Symlinking: /home/wheeltec/wheeltec_robot/src/install/bodyreader_msg/include/bodyreader_msg/bodyreader_msg/msg/detail/bodyposture__rosidl_typesupport_fastrtps_c.h
-- Symlinking: /home/wheeltec/wheeltec_robot/src/install/bodyreader_msg/include/bodyreader_msg/bodyreader_msg/msg/detail/joint__rosidl_typesupport_fastrtps_c.h
-- Symlinking: /home/wheeltec/wheeltec_robot/src/install/bodyreader_msg/include/bodyreader_msg/bodyreader_msg/msg/detail/lockedcharrgb__rosidl_typesupport_fastrtps_c.h
-- Symlinking: /home/wheeltec/wheeltec_robot/src/install/bodyreader_msg/include/bodyreader_msg/bodyreader_msg/msg/detail/lockedmaskwh__rosidl_typesupport_fastrtps_c.h
-- Symlinking: /home/wheeltec/wheeltec_robot/src/install/bodyreader_msg/include/bodyreader_msg/bodyreader_msg/msg/detail/maskdata__rosidl_typesupport_fastrtps_c.h
-- Symlinking: /home/wheeltec/wheeltec_robot/src/install/bodyreader_msg/include/bodyreader_msg/bodyreader_msg/msg/detail/vector2f__rosidl_typesupport_fastrtps_c.h
-- Symlinking: /home/wheeltec/wheeltec_robot/src/install/bodyreader_msg/include/bodyreader_msg/bodyreader_msg/msg/detail/vector3f__rosidl_typesupport_fastrtps_c.h
-- Symlinking: /home/wheeltec/wheeltec_robot/src/install/bodyreader_msg/include/bodyreader_msg/bodyreader_msg/msg/rosidl_typesupport_fastrtps_c__visibility_control.h
-- Symlinking: /home/wheeltec/wheeltec_robot/src/install/bodyreader_msg/include/bodyreader_msg/bodyreader_msg/msg/body.hpp
-- Symlinking: /home/wheeltec/wheeltec_robot/src/install/bodyreader_msg/include/bodyreader_msg/bodyreader_msg/msg/bodylist.hpp
-- Symlinking: /home/wheeltec/wheeltec_robot/src/install/bodyreader_msg/include/bodyreader_msg/bodyreader_msg/msg/bodyposture.hpp
-- Symlinking: /home/wheeltec/wheeltec_robot/src/install/bodyreader_msg/include/bodyreader_msg/bodyreader_msg/msg/detail/body__builder.hpp
-- Symlinking: /home/wheeltec/wheeltec_robot/src/install/bodyreader_msg/include/bodyreader_msg/bodyreader_msg/msg/detail/body__struct.hpp
-- Symlinking: /home/wheeltec/wheeltec_robot/src/install/bodyreader_msg/include/bodyreader_msg/bodyreader_msg/msg/detail/body__traits.hpp
-- Symlinking: /home/wheeltec/wheeltec_robot/src/install/bodyreader_msg/include/bodyreader_msg/bodyreader_msg/msg/detail/body__type_support.hpp
-- Symlinking: /home/wheeltec/wheeltec_robot/src/install/bodyreader_msg/include/bodyreader_msg/bodyreader_msg/msg/detail/bodylist__builder.hpp
-- Symlinking: /home/wheeltec/wheeltec_robot/src/install/bodyreader_msg/include/bodyreader_msg/bodyreader_msg/msg/detail/bodylist__struct.hpp
-- Symlinking: /home/wheeltec/wheeltec_robot/src/install/bodyreader_msg/include/bodyreader_msg/bodyreader_msg/msg/detail/bodylist__traits.hpp
-- Symlinking: /home/wheeltec/wheeltec_robot/src/install/bodyreader_msg/include/bodyreader_msg/bodyreader_msg/msg/detail/bodylist__type_support.hpp
-- Symlinking: /home/wheeltec/wheeltec_robot/src/install/bodyreader_msg/include/bodyreader_msg/bodyreader_msg/msg/detail/bodyposture__builder.hpp
-- Symlinking: /home/wheeltec/wheeltec_robot/src/install/bodyreader_msg/include/bodyreader_msg/bodyreader_msg/msg/detail/bodyposture__struct.hpp
-- Symlinking: /home/wheeltec/wheeltec_robot/src/install/bodyreader_msg/include/bodyreader_msg/bodyreader_msg/msg/detail/bodyposture__traits.hpp
-- Symlinking: /home/wheeltec/wheeltec_robot/src/install/bodyreader_msg/include/bodyreader_msg/bodyreader_msg/msg/detail/bodyposture__type_support.hpp
-- Symlinking: /home/wheeltec/wheeltec_robot/src/install/bodyreader_msg/include/bodyreader_msg/bodyreader_msg/msg/detail/joint__builder.hpp
-- Symlinking: /home/wheeltec/wheeltec_robot/src/install/bodyreader_msg/include/bodyreader_msg/bodyreader_msg/msg/detail/joint__struct.hpp
-- Symlinking: /home/wheeltec/wheeltec_robot/src/install/bodyreader_msg/include/bodyreader_msg/bodyreader_msg/msg/detail/joint__traits.hpp
-- Symlinking: /home/wheeltec/wheeltec_robot/src/install/bodyreader_msg/include/bodyreader_msg/bodyreader_msg/msg/detail/joint__type_support.hpp
-- Symlinking: /home/wheeltec/wheeltec_robot/src/install/bodyreader_msg/include/bodyreader_msg/bodyreader_msg/msg/detail/lockedcharrgb__builder.hpp
-- Symlinking: /home/wheeltec/wheeltec_robot/src/install/bodyreader_msg/include/bodyreader_msg/bodyreader_msg/msg/detail/lockedcharrgb__struct.hpp
-- Symlinking: /home/wheeltec/wheeltec_robot/src/install/bodyreader_msg/include/bodyreader_msg/bodyreader_msg/msg/detail/lockedcharrgb__traits.hpp
-- Symlinking: /home/wheeltec/wheeltec_robot/src/install/bodyreader_msg/include/bodyreader_msg/bodyreader_msg/msg/detail/lockedcharrgb__type_support.hpp
-- Symlinking: /home/wheeltec/wheeltec_robot/src/install/bodyreader_msg/include/bodyreader_msg/bodyreader_msg/msg/detail/lockedmaskwh__builder.hpp
-- Symlinking: /home/wheeltec/wheeltec_robot/src/install/bodyreader_msg/include/bodyreader_msg/bodyreader_msg/msg/detail/lockedmaskwh__struct.hpp
-- Symlinking: /home/wheeltec/wheeltec_robot/src/install/bodyreader_msg/include/bodyreader_msg/bodyreader_msg/msg/detail/lockedmaskwh__traits.hpp
-- Symlinking: /home/wheeltec/wheeltec_robot/src/install/bodyreader_msg/include/bodyreader_msg/bodyreader_msg/msg/detail/lockedmaskwh__type_support.hpp
-- Symlinking: /home/wheeltec/wheeltec_robot/src/install/bodyreader_msg/include/bodyreader_msg/bodyreader_msg/msg/detail/maskdata__builder.hpp
-- Symlinking: /home/wheeltec/wheeltec_robot/src/install/bodyreader_msg/include/bodyreader_msg/bodyreader_msg/msg/detail/maskdata__struct.hpp
-- Symlinking: /home/wheeltec/wheeltec_robot/src/install/bodyreader_msg/include/bodyreader_msg/bodyreader_msg/msg/detail/maskdata__traits.hpp
-- Symlinking: /home/wheeltec/wheeltec_robot/src/install/bodyreader_msg/include/bodyreader_msg/bodyreader_msg/msg/detail/maskdata__type_support.hpp
-- Symlinking: /home/wheeltec/wheeltec_robot/src/install/bodyreader_msg/include/bodyreader_msg/bodyreader_msg/msg/detail/vector2f__builder.hpp
-- Symlinking: /home/wheeltec/wheeltec_robot/src/install/bodyreader_msg/include/bodyreader_msg/bodyreader_msg/msg/detail/vector2f__struct.hpp
-- Symlinking: /home/wheeltec/wheeltec_robot/src/install/bodyreader_msg/include/bodyreader_msg/bodyreader_msg/msg/detail/vector2f__traits.hpp
-- Symlinking: /home/wheeltec/wheeltec_robot/src/install/bodyreader_msg/include/bodyreader_msg/bodyreader_msg/msg/detail/vector2f__type_support.hpp
-- Symlinking: /home/wheeltec/wheeltec_robot/src/install/bodyreader_msg/include/bodyreader_msg/bodyreader_msg/msg/detail/vector3f__builder.hpp
-- Symlinking: /home/wheeltec/wheeltec_robot/src/install/bodyreader_msg/include/bodyreader_msg/bodyreader_msg/msg/detail/vector3f__struct.hpp
-- Symlinking: /home/wheeltec/wheeltec_robot/src/install/bodyreader_msg/include/bodyreader_msg/bodyreader_msg/msg/detail/vector3f__traits.hpp
-- Symlinking: /home/wheeltec/wheeltec_robot/src/install/bodyreader_msg/include/bodyreader_msg/bodyreader_msg/msg/detail/vector3f__type_support.hpp
-- Symlinking: /home/wheeltec/wheeltec_robot/src/install/bodyreader_msg/include/bodyreader_msg/bodyreader_msg/msg/joint.hpp
-- Symlinking: /home/wheeltec/wheeltec_robot/src/install/bodyreader_msg/include/bodyreader_msg/bodyreader_msg/msg/lockedcharrgb.hpp
-- Symlinking: /home/wheeltec/wheeltec_robot/src/install/bodyreader_msg/include/bodyreader_msg/bodyreader_msg/msg/lockedmaskwh.hpp
-- Symlinking: /home/wheeltec/wheeltec_robot/src/install/bodyreader_msg/include/bodyreader_msg/bodyreader_msg/msg/maskdata.hpp
-- Symlinking: /home/wheeltec/wheeltec_robot/src/install/bodyreader_msg/include/bodyreader_msg/bodyreader_msg/msg/rosidl_generator_cpp__visibility_control.hpp
-- Symlinking: /home/wheeltec/wheeltec_robot/src/install/bodyreader_msg/include/bodyreader_msg/bodyreader_msg/msg/vector2f.hpp
-- Symlinking: /home/wheeltec/wheeltec_robot/src/install/bodyreader_msg/include/bodyreader_msg/bodyreader_msg/msg/vector3f.hpp
-- Symlinking: /home/wheeltec/wheeltec_robot/src/install/bodyreader_msg/include/bodyreader_msg/bodyreader_msg/msg/detail/body__rosidl_typesupport_fastrtps_cpp.hpp
-- Symlinking: /home/wheeltec/wheeltec_robot/src/install/bodyreader_msg/include/bodyreader_msg/bodyreader_msg/msg/detail/bodylist__rosidl_typesupport_fastrtps_cpp.hpp
-- Symlinking: /home/wheeltec/wheeltec_robot/src/install/bodyreader_msg/include/bodyreader_msg/bodyreader_msg/msg/detail/bodyposture__rosidl_typesupport_fastrtps_cpp.hpp
-- Symlinking: /home/wheeltec/wheeltec_robot/src/install/bodyreader_msg/include/bodyreader_msg/bodyreader_msg/msg/detail/joint__rosidl_typesupport_fastrtps_cpp.hpp
-- Symlinking: /home/wheeltec/wheeltec_robot/src/install/bodyreader_msg/include/bodyreader_msg/bodyreader_msg/msg/detail/lockedcharrgb__rosidl_typesupport_fastrtps_cpp.hpp
-- Symlinking: /home/wheeltec/wheeltec_robot/src/install/bodyreader_msg/include/bodyreader_msg/bodyreader_msg/msg/detail/lockedmaskwh__rosidl_typesupport_fastrtps_cpp.hpp
-- Symlinking: /home/wheeltec/wheeltec_robot/src/install/bodyreader_msg/include/bodyreader_msg/bodyreader_msg/msg/detail/maskdata__rosidl_typesupport_fastrtps_cpp.hpp
-- Symlinking: /home/wheeltec/wheeltec_robot/src/install/bodyreader_msg/include/bodyreader_msg/bodyreader_msg/msg/detail/vector2f__rosidl_typesupport_fastrtps_cpp.hpp
-- Symlinking: /home/wheeltec/wheeltec_robot/src/install/bodyreader_msg/include/bodyreader_msg/bodyreader_msg/msg/detail/vector3f__rosidl_typesupport_fastrtps_cpp.hpp
-- Symlinking: /home/wheeltec/wheeltec_robot/src/install/bodyreader_msg/include/bodyreader_msg/bodyreader_msg/msg/rosidl_typesupport_fastrtps_cpp__visibility_control.h
-- Symlinking: /home/wheeltec/wheeltec_robot/src/install/bodyreader_msg/include/bodyreader_msg/bodyreader_msg/msg/detail/body__rosidl_typesupport_introspection_c.h
-- Symlinking: /home/wheeltec/wheeltec_robot/src/install/bodyreader_msg/include/bodyreader_msg/bodyreader_msg/msg/detail/bodylist__rosidl_typesupport_introspection_c.h
-- Symlinking: /home/wheeltec/wheeltec_robot/src/install/bodyreader_msg/include/bodyreader_msg/bodyreader_msg/msg/detail/bodyposture__rosidl_typesupport_introspection_c.h
-- Symlinking: /home/wheeltec/wheeltec_robot/src/install/bodyreader_msg/include/bodyreader_msg/bodyreader_msg/msg/detail/joint__rosidl_typesupport_introspection_c.h
-- Symlinking: /home/wheeltec/wheeltec_robot/src/install/bodyreader_msg/include/bodyreader_msg/bodyreader_msg/msg/detail/lockedcharrgb__rosidl_typesupport_introspection_c.h
-- Symlinking: /home/wheeltec/wheeltec_robot/src/install/bodyreader_msg/include/bodyreader_msg/bodyreader_msg/msg/detail/lockedmaskwh__rosidl_typesupport_introspection_c.h
-- Symlinking: /home/wheeltec/wheeltec_robot/src/install/bodyreader_msg/include/bodyreader_msg/bodyreader_msg/msg/detail/maskdata__rosidl_typesupport_introspection_c.h
-- Symlinking: /home/wheeltec/wheeltec_robot/src/install/bodyreader_msg/include/bodyreader_msg/bodyreader_msg/msg/detail/vector2f__rosidl_typesupport_introspection_c.h
-- Symlinking: /home/wheeltec/wheeltec_robot/src/install/bodyreader_msg/include/bodyreader_msg/bodyreader_msg/msg/detail/vector3f__rosidl_typesupport_introspection_c.h
-- Symlinking: /home/wheeltec/wheeltec_robot/src/install/bodyreader_msg/include/bodyreader_msg/bodyreader_msg/msg/rosidl_typesupport_introspection_c__visibility_control.h
-- Symlinking: /home/wheeltec/wheeltec_robot/src/install/bodyreader_msg/include/bodyreader_msg/bodyreader_msg/msg/detail/body__rosidl_typesupport_introspection_cpp.hpp
-- Symlinking: /home/wheeltec/wheeltec_robot/src/install/bodyreader_msg/include/bodyreader_msg/bodyreader_msg/msg/detail/bodylist__rosidl_typesupport_introspection_cpp.hpp
-- Symlinking: /home/wheeltec/wheeltec_robot/src/install/bodyreader_msg/include/bodyreader_msg/bodyreader_msg/msg/detail/bodyposture__rosidl_typesupport_introspection_cpp.hpp
-- Symlinking: /home/wheeltec/wheeltec_robot/src/install/bodyreader_msg/include/bodyreader_msg/bodyreader_msg/msg/detail/joint__rosidl_typesupport_introspection_cpp.hpp
-- Symlinking: /home/wheeltec/wheeltec_robot/src/install/bodyreader_msg/include/bodyreader_msg/bodyreader_msg/msg/detail/lockedcharrgb__rosidl_typesupport_introspection_cpp.hpp
-- Symlinking: /home/wheeltec/wheeltec_robot/src/install/bodyreader_msg/include/bodyreader_msg/bodyreader_msg/msg/detail/lockedmaskwh__rosidl_typesupport_introspection_cpp.hpp
-- Symlinking: /home/wheeltec/wheeltec_robot/src/install/bodyreader_msg/include/bodyreader_msg/bodyreader_msg/msg/detail/maskdata__rosidl_typesupport_introspection_cpp.hpp
-- Symlinking: /home/wheeltec/wheeltec_robot/src/install/bodyreader_msg/include/bodyreader_msg/bodyreader_msg/msg/detail/vector2f__rosidl_typesupport_introspection_cpp.hpp
-- Symlinking: /home/wheeltec/wheeltec_robot/src/install/bodyreader_msg/include/bodyreader_msg/bodyreader_msg/msg/detail/vector3f__rosidl_typesupport_introspection_cpp.hpp
-- Symlinking: /home/wheeltec/wheeltec_robot/src/install/bodyreader_msg/share/bodyreader_msg/environment/pythonpath.sh
-- Symlinking: /home/wheeltec/wheeltec_robot/src/install/bodyreader_msg/share/bodyreader_msg/environment/pythonpath.dsv
-- Symlinking: /home/wheeltec/wheeltec_robot/src/install/bodyreader_msg/local/lib/python3.10/dist-packages/bodyreader_msg-0.0.0-py3.10.egg-info/PKG-INFO
-- Symlinking: /home/wheeltec/wheeltec_robot/src/install/bodyreader_msg/local/lib/python3.10/dist-packages/bodyreader_msg-0.0.0-py3.10.egg-info/SOURCES.txt
-- Symlinking: /home/wheeltec/wheeltec_robot/src/install/bodyreader_msg/local/lib/python3.10/dist-packages/bodyreader_msg-0.0.0-py3.10.egg-info/dependency_links.txt
-- Symlinking: /home/wheeltec/wheeltec_robot/src/install/bodyreader_msg/local/lib/python3.10/dist-packages/bodyreader_msg-0.0.0-py3.10.egg-info/top_level.txt
-- Symlinking: /home/wheeltec/wheeltec_robot/src/install/bodyreader_msg/local/lib/python3.10/dist-packages/bodyreader_msg/__init__.py
-- Symlinking: /home/wheeltec/wheeltec_robot/src/install/bodyreader_msg/local/lib/python3.10/dist-packages/bodyreader_msg/_bodyreader_msg_s.ep.rosidl_typesupport_c.c
-- Symlinking: /home/wheeltec/wheeltec_robot/src/install/bodyreader_msg/local/lib/python3.10/dist-packages/bodyreader_msg/_bodyreader_msg_s.ep.rosidl_typesupport_fastrtps_c.c
-- Symlinking: /home/wheeltec/wheeltec_robot/src/install/bodyreader_msg/local/lib/python3.10/dist-packages/bodyreader_msg/_bodyreader_msg_s.ep.rosidl_typesupport_introspection_c.c
-- Symlinking: /home/wheeltec/wheeltec_robot/src/install/bodyreader_msg/local/lib/python3.10/dist-packages/bodyreader_msg/bodyreader_msg_s__rosidl_typesupport_c.cpython-310-aarch64-linux-gnu.so
-- Symlinking: /home/wheeltec/wheeltec_robot/src/install/bodyreader_msg/local/lib/python3.10/dist-packages/bodyreader_msg/bodyreader_msg_s__rosidl_typesupport_fastrtps_c.cpython-310-aarch64-linux-gnu.so
-- Symlinking: /home/wheeltec/wheeltec_robot/src/install/bodyreader_msg/local/lib/python3.10/dist-packages/bodyreader_msg/bodyreader_msg_s__rosidl_typesupport_introspection_c.cpython-310-aarch64-linux-gnu.so
-- Symlinking: /home/wheeltec/wheeltec_robot/src/install/bodyreader_msg/local/lib/python3.10/dist-packages/bodyreader_msg/libbodyreader_msg__rosidl_generator_py.so
-- Symlinking: /home/wheeltec/wheeltec_robot/src/install/bodyreader_msg/local/lib/python3.10/dist-packages/bodyreader_msg/msg/__init__.py
-- Symlinking: /home/wheeltec/wheeltec_robot/src/install/bodyreader_msg/local/lib/python3.10/dist-packages/bodyreader_msg/msg/_body.py
-- Symlinking: /home/wheeltec/wheeltec_robot/src/install/bodyreader_msg/local/lib/python3.10/dist-packages/bodyreader_msg/msg/_body_s.c
-- Symlinking: /home/wheeltec/wheeltec_robot/src/install/bodyreader_msg/local/lib/python3.10/dist-packages/bodyreader_msg/msg/_bodylist.py
-- Symlinking: /home/wheeltec/wheeltec_robot/src/install/bodyreader_msg/local/lib/python3.10/dist-packages/bodyreader_msg/msg/_bodylist_s.c
-- Symlinking: /home/wheeltec/wheeltec_robot/src/install/bodyreader_msg/local/lib/python3.10/dist-packages/bodyreader_msg/msg/_bodyposture.py
-- Symlinking: /home/wheeltec/wheeltec_robot/src/install/bodyreader_msg/local/lib/python3.10/dist-packages/bodyreader_msg/msg/_bodyposture_s.c
-- Symlinking: /home/wheeltec/wheeltec_robot/src/install/bodyreader_msg/local/lib/python3.10/dist-packages/bodyreader_msg/msg/_joint.py
-- Symlinking: /home/wheeltec/wheeltec_robot/src/install/bodyreader_msg/local/lib/python3.10/dist-packages/bodyreader_msg/msg/_joint_s.c
-- Symlinking: /home/wheeltec/wheeltec_robot/src/install/bodyreader_msg/local/lib/python3.10/dist-packages/bodyreader_msg/msg/_lockedcharrgb.py
-- Symlinking: /home/wheeltec/wheeltec_robot/src/install/bodyreader_msg/local/lib/python3.10/dist-packages/bodyreader_msg/msg/_lockedcharrgb_s.c
-- Symlinking: /home/wheeltec/wheeltec_robot/src/install/bodyreader_msg/local/lib/python3.10/dist-packages/bodyreader_msg/msg/_lockedmaskwh.py
-- Symlinking: /home/wheeltec/wheeltec_robot/src/install/bodyreader_msg/local/lib/python3.10/dist-packages/bodyreader_msg/msg/_lockedmaskwh_s.c
-- Symlinking: /home/wheeltec/wheeltec_robot/src/install/bodyreader_msg/local/lib/python3.10/dist-packages/bodyreader_msg/msg/_maskdata.py
-- Symlinking: /home/wheeltec/wheeltec_robot/src/install/bodyreader_msg/local/lib/python3.10/dist-packages/bodyreader_msg/msg/_maskdata_s.c
-- Symlinking: /home/wheeltec/wheeltec_robot/src/install/bodyreader_msg/local/lib/python3.10/dist-packages/bodyreader_msg/msg/_vector2f.py
-- Symlinking: /home/wheeltec/wheeltec_robot/src/install/bodyreader_msg/local/lib/python3.10/dist-packages/bodyreader_msg/msg/_vector2f_s.c
-- Symlinking: /home/wheeltec/wheeltec_robot/src/install/bodyreader_msg/local/lib/python3.10/dist-packages/bodyreader_msg/msg/_vector3f.py
-- Symlinking: /home/wheeltec/wheeltec_robot/src/install/bodyreader_msg/local/lib/python3.10/dist-packages/bodyreader_msg/msg/_vector3f_s.c
-- Up-to-date symlink: /home/wheeltec/wheeltec_robot/src/install/bodyreader_msg/local/lib/python3.10/dist-packages/bodyreader_msg/bodyreader_msg_s__rosidl_typesupport_fastrtps_c.cpython-310-aarch64-linux-gnu.so
-- Up-to-date symlink: /home/wheeltec/wheeltec_robot/src/install/bodyreader_msg/local/lib/python3.10/dist-packages/bodyreader_msg/bodyreader_msg_s__rosidl_typesupport_introspection_c.cpython-310-aarch64-linux-gnu.so
-- Up-to-date symlink: /home/wheeltec/wheeltec_robot/src/install/bodyreader_msg/local/lib/python3.10/dist-packages/bodyreader_msg/bodyreader_msg_s__rosidl_typesupport_c.cpython-310-aarch64-linux-gnu.so
-- Symlinking: /home/wheeltec/wheeltec_robot/src/install/bodyreader_msg/share/bodyreader_msg/msg/Body.idl
-- Symlinking: /home/wheeltec/wheeltec_robot/src/install/bodyreader_msg/share/bodyreader_msg/msg/Bodylist.idl
-- Symlinking: /home/wheeltec/wheeltec_robot/src/install/bodyreader_msg/share/bodyreader_msg/msg/Bodyposture.idl
-- Symlinking: /home/wheeltec/wheeltec_robot/src/install/bodyreader_msg/share/bodyreader_msg/msg/Joint.idl
-- Symlinking: /home/wheeltec/wheeltec_robot/src/install/bodyreader_msg/share/bodyreader_msg/msg/Lockedcharrgb.idl
-- Symlinking: /home/wheeltec/wheeltec_robot/src/install/bodyreader_msg/share/bodyreader_msg/msg/Lockedmaskwh.idl
-- Symlinking: /home/wheeltec/wheeltec_robot/src/install/bodyreader_msg/share/bodyreader_msg/msg/Maskdata.idl
-- Symlinking: /home/wheeltec/wheeltec_robot/src/install/bodyreader_msg/share/bodyreader_msg/msg/Vector2f.idl
-- Symlinking: /home/wheeltec/wheeltec_robot/src/install/bodyreader_msg/share/bodyreader_msg/msg/Vector3f.idl
-- Symlinking: /home/wheeltec/wheeltec_robot/src/install/bodyreader_msg/share/bodyreader_msg/msg/Body.msg
-- Symlinking: /home/wheeltec/wheeltec_robot/src/install/bodyreader_msg/share/bodyreader_msg/msg/Bodylist.msg
-- Symlinking: /home/wheeltec/wheeltec_robot/src/install/bodyreader_msg/share/bodyreader_msg/msg/Bodyposture.msg
-- Symlinking: /home/wheeltec/wheeltec_robot/src/install/bodyreader_msg/share/bodyreader_msg/msg/Joint.msg
-- Symlinking: /home/wheeltec/wheeltec_robot/src/install/bodyreader_msg/share/bodyreader_msg/msg/Lockedcharrgb.msg
-- Symlinking: /home/wheeltec/wheeltec_robot/src/install/bodyreader_msg/share/bodyreader_msg/msg/Lockedmaskwh.msg
-- Symlinking: /home/wheeltec/wheeltec_robot/src/install/bodyreader_msg/share/bodyreader_msg/msg/Maskdata.msg
-- Symlinking: /home/wheeltec/wheeltec_robot/src/install/bodyreader_msg/share/bodyreader_msg/msg/Vector2f.msg
-- Symlinking: /home/wheeltec/wheeltec_robot/src/install/bodyreader_msg/share/bodyreader_msg/msg/Vector3f.msg
-- Symlinking: /home/wheeltec/wheeltec_robot/src/install/bodyreader_msg/share/ament_index/resource_index/package_run_dependencies/bodyreader_msg
-- Symlinking: /home/wheeltec/wheeltec_robot/src/install/bodyreader_msg/share/ament_index/resource_index/parent_prefix_path/bodyreader_msg
-- Symlinking: /home/wheeltec/wheeltec_robot/src/install/bodyreader_msg/share/bodyreader_msg/environment/ament_prefix_path.sh
-- Symlinking: /home/wheeltec/wheeltec_robot/src/install/bodyreader_msg/share/bodyreader_msg/environment/ament_prefix_path.dsv
-- Symlinking: /home/wheeltec/wheeltec_robot/src/install/bodyreader_msg/share/bodyreader_msg/environment/path.sh
-- Symlinking: /home/wheeltec/wheeltec_robot/src/install/bodyreader_msg/share/bodyreader_msg/environment/path.dsv
-- Symlinking: /home/wheeltec/wheeltec_robot/src/install/bodyreader_msg/share/bodyreader_msg/local_setup.bash
-- Symlinking: /home/wheeltec/wheeltec_robot/src/install/bodyreader_msg/share/bodyreader_msg/local_setup.sh
-- Symlinking: /home/wheeltec/wheeltec_robot/src/install/bodyreader_msg/share/bodyreader_msg/local_setup.zsh
-- Symlinking: /home/wheeltec/wheeltec_robot/src/install/bodyreader_msg/share/bodyreader_msg/local_setup.dsv
-- Symlinking: /home/wheeltec/wheeltec_robot/src/install/bodyreader_msg/share/bodyreader_msg/package.dsv
-- Symlinking: /home/wheeltec/wheeltec_robot/src/install/bodyreader_msg/share/ament_index/resource_index/packages/bodyreader_msg
-- Symlinking: /home/wheeltec/wheeltec_robot/src/install/bodyreader_msg/share/bodyreader_msg/cmake/rosidl_cmake-extras.cmake
-- Symlinking: /home/wheeltec/wheeltec_robot/src/install/bodyreader_msg/share/bodyreader_msg/cmake/ament_cmake_export_dependencies-extras.cmake
-- Symlinking: /home/wheeltec/wheeltec_robot/src/install/bodyreader_msg/share/bodyreader_msg/cmake/ament_cmake_export_include_directories-extras.cmake
-- Symlinking: /home/wheeltec/wheeltec_robot/src/install/bodyreader_msg/share/bodyreader_msg/cmake/ament_cmake_export_libraries-extras.cmake
-- Symlinking: /home/wheeltec/wheeltec_robot/src/install/bodyreader_msg/share/bodyreader_msg/cmake/ament_cmake_export_targets-extras.cmake
-- Symlinking: /home/wheeltec/wheeltec_robot/src/install/bodyreader_msg/share/bodyreader_msg/cmake/rosidl_cmake_export_typesupport_targets-extras.cmake
-- Symlinking: /home/wheeltec/wheeltec_robot/src/install/bodyreader_msg/share/bodyreader_msg/cmake/rosidl_cmake_export_typesupport_libraries-extras.cmake
-- Symlinking: /home/wheeltec/wheeltec_robot/src/install/bodyreader_msg/share/bodyreader_msg/cmake/bodyreader_msgConfig.cmake
-- Symlinking: /home/wheeltec/wheeltec_robot/src/install/bodyreader_msg/share/bodyreader_msg/cmake/bodyreader_msgConfig-version.cmake
-- Symlinking: /home/wheeltec/wheeltec_robot/src/install/bodyreader_msg/share/bodyreader_msg/package.xml
-- Installing: /home/wheeltec/wheeltec_robot/src/install/bodyreader_msg/lib/libbodyreader_msg__rosidl_generator_c.so
-- Set runtime path of "/home/wheeltec/wheeltec_robot/src/install/bodyreader_msg/lib/libbodyreader_msg__rosidl_generator_c.so" to ""
-- Installing: /home/wheeltec/wheeltec_robot/src/install/bodyreader_msg/lib/libbodyreader_msg__rosidl_typesupport_fastrtps_c.so
-- Set runtime path of "/home/wheeltec/wheeltec_robot/src/install/bodyreader_msg/lib/libbodyreader_msg__rosidl_typesupport_fastrtps_c.so" to ""
-- Installing: /home/wheeltec/wheeltec_robot/src/install/bodyreader_msg/lib/libbodyreader_msg__rosidl_typesupport_fastrtps_cpp.so
-- Set runtime path of "/home/wheeltec/wheeltec_robot/src/install/bodyreader_msg/lib/libbodyreader_msg__rosidl_typesupport_fastrtps_cpp.so" to ""
-- Installing: /home/wheeltec/wheeltec_robot/src/install/bodyreader_msg/lib/libbodyreader_msg__rosidl_typesupport_introspection_c.so
-- Set runtime path of "/home/wheeltec/wheeltec_robot/src/install/bodyreader_msg/lib/libbodyreader_msg__rosidl_typesupport_introspection_c.so" to ""
-- Installing: /home/wheeltec/wheeltec_robot/src/install/bodyreader_msg/lib/libbodyreader_msg__rosidl_typesupport_c.so
-- Set runtime path of "/home/wheeltec/wheeltec_robot/src/install/bodyreader_msg/lib/libbodyreader_msg__rosidl_typesupport_c.so" to ""
-- Installing: /home/wheeltec/wheeltec_robot/src/install/bodyreader_msg/lib/libbodyreader_msg__rosidl_typesupport_introspection_cpp.so
-- Set runtime path of "/home/wheeltec/wheeltec_robot/src/install/bodyreader_msg/lib/libbodyreader_msg__rosidl_typesupport_introspection_cpp.so" to ""
-- Installing: /home/wheeltec/wheeltec_robot/src/install/bodyreader_msg/lib/libbodyreader_msg__rosidl_typesupport_cpp.so
-- Set runtime path of "/home/wheeltec/wheeltec_robot/src/install/bodyreader_msg/lib/libbodyreader_msg__rosidl_typesupport_cpp.so" to ""
Listing '/home/wheeltec/wheeltec_robot/src/install/bodyreader_msg/local/lib/python3.10/dist-packages/bodyreader_msg'...
Compiling '/home/wheeltec/wheeltec_robot/src/install/bodyreader_msg/local/lib/python3.10/dist-packages/bodyreader_msg/__init__.py'...
Listing '/home/wheeltec/wheeltec_robot/src/install/bodyreader_msg/local/lib/python3.10/dist-packages/bodyreader_msg/msg'...
Compiling '/home/wheeltec/wheeltec_robot/src/install/bodyreader_msg/local/lib/python3.10/dist-packages/bodyreader_msg/msg/__init__.py'...
Compiling '/home/wheeltec/wheeltec_robot/src/install/bodyreader_msg/local/lib/python3.10/dist-packages/bodyreader_msg/msg/_body.py'...
Compiling '/home/wheeltec/wheeltec_robot/src/install/bodyreader_msg/local/lib/python3.10/dist-packages/bodyreader_msg/msg/_bodylist.py'...
Compiling '/home/wheeltec/wheeltec_robot/src/install/bodyreader_msg/local/lib/python3.10/dist-packages/bodyreader_msg/msg/_bodyposture.py'...
Compiling '/home/wheeltec/wheeltec_robot/src/install/bodyreader_msg/local/lib/python3.10/dist-packages/bodyreader_msg/msg/_joint.py'...
Compiling '/home/wheeltec/wheeltec_robot/src/install/bodyreader_msg/local/lib/python3.10/dist-packages/bodyreader_msg/msg/_lockedcharrgb.py'...
Compiling '/home/wheeltec/wheeltec_robot/src/install/bodyreader_msg/local/lib/python3.10/dist-packages/bodyreader_msg/msg/_lockedmaskwh.py'...
Compiling '/home/wheeltec/wheeltec_robot/src/install/bodyreader_msg/local/lib/python3.10/dist-packages/bodyreader_msg/msg/_maskdata.py'...
Compiling '/home/wheeltec/wheeltec_robot/src/install/bodyreader_msg/local/lib/python3.10/dist-packages/bodyreader_msg/msg/_vector2f.py'...
Compiling '/home/wheeltec/wheeltec_robot/src/install/bodyreader_msg/local/lib/python3.10/dist-packages/bodyreader_msg/msg/_vector3f.py'...
-- Installing: /home/wheeltec/wheeltec_robot/src/install/bodyreader_msg/lib/libbodyreader_msg__rosidl_generator_py.so
-- Set runtime path of "/home/wheeltec/wheeltec_robot/src/install/bodyreader_msg/lib/libbodyreader_msg__rosidl_generator_py.so" to ""
-- Installing: /home/wheeltec/wheeltec_robot/src/install/bodyreader_msg/share/bodyreader_msg/cmake/export_bodyreader_msg__rosidl_generator_cExport.cmake
-- Installing: /home/wheeltec/wheeltec_robot/src/install/bodyreader_msg/share/bodyreader_msg/cmake/export_bodyreader_msg__rosidl_generator_cExport-noconfig.cmake
-- Installing: /home/wheeltec/wheeltec_robot/src/install/bodyreader_msg/share/bodyreader_msg/cmake/export_bodyreader_msg__rosidl_typesupport_fastrtps_cExport.cmake
-- Installing: /home/wheeltec/wheeltec_robot/src/install/bodyreader_msg/share/bodyreader_msg/cmake/export_bodyreader_msg__rosidl_typesupport_fastrtps_cExport-noconfig.cmake
-- Installing: /home/wheeltec/wheeltec_robot/src/install/bodyreader_msg/share/bodyreader_msg/cmake/export_bodyreader_msg__rosidl_generator_cppExport.cmake
-- Installing: /home/wheeltec/wheeltec_robot/src/install/bodyreader_msg/share/bodyreader_msg/cmake/export_bodyreader_msg__rosidl_typesupport_fastrtps_cppExport.cmake
-- Installing: /home/wheeltec/wheeltec_robot/src/install/bodyreader_msg/share/bodyreader_msg/cmake/export_bodyreader_msg__rosidl_typesupport_fastrtps_cppExport-noconfig.cmake
-- Installing: /home/wheeltec/wheeltec_robot/src/install/bodyreader_msg/share/bodyreader_msg/cmake/bodyreader_msg__rosidl_typesupport_introspection_cExport.cmake
-- Installing: /home/wheeltec/wheeltec_robot/src/install/bodyreader_msg/share/bodyreader_msg/cmake/bodyreader_msg__rosidl_typesupport_introspection_cExport-noconfig.cmake
-- Installing: /home/wheeltec/wheeltec_robot/src/install/bodyreader_msg/share/bodyreader_msg/cmake/bodyreader_msg__rosidl_typesupport_cExport.cmake
-- Installing: /home/wheeltec/wheeltec_robot/src/install/bodyreader_msg/share/bodyreader_msg/cmake/bodyreader_msg__rosidl_typesupport_cExport-noconfig.cmake
-- Installing: /home/wheeltec/wheeltec_robot/src/install/bodyreader_msg/share/bodyreader_msg/cmake/bodyreader_msg__rosidl_typesupport_introspection_cppExport.cmake
-- Installing: /home/wheeltec/wheeltec_robot/src/install/bodyreader_msg/share/bodyreader_msg/cmake/bodyreader_msg__rosidl_typesupport_introspection_cppExport-noconfig.cmake
-- Installing: /home/wheeltec/wheeltec_robot/src/install/bodyreader_msg/share/bodyreader_msg/cmake/bodyreader_msg__rosidl_typesupport_cppExport.cmake
-- Installing: /home/wheeltec/wheeltec_robot/src/install/bodyreader_msg/share/bodyreader_msg/cmake/bodyreader_msg__rosidl_typesupport_cppExport-noconfig.cmake
-- Installing: /home/wheeltec/wheeltec_robot/src/install/bodyreader_msg/share/bodyreader_msg/cmake/export_bodyreader_msg__rosidl_generator_pyExport.cmake
-- Installing: /home/wheeltec/wheeltec_robot/src/install/bodyreader_msg/share/bodyreader_msg/cmake/export_bodyreader_msg__rosidl_generator_pyExport-noconfig.cmake
