[0.243s] Invoking command in '/home/wheeltec/wheeltec_robot/build/nmea_msgs': CMAKE_PREFIX_PATH=${CMAKE_PREFIX_PATH}:/opt/ros/humble /usr/bin/cmake --build /home/wheeltec/wheeltec_robot/build/nmea_msgs -- -j8 -l8
[0.427s] [  1%] Built target nmea_msgs__cpp
[0.640s] [  1%] Built target ament_cmake_python_symlink_nmea_msgs
[0.721s] [35m[1mConsolidate compiler generated dependencies of target nmea_msgs__rosidl_typesupport_introspection_cpp[0m
[0.822s] [ 12%] Built target nmea_msgs__rosidl_typesupport_introspection_cpp
[1.875s] running egg_info
[1.951s] writing nmea_msgs.egg-info/PKG-INFO
[1.952s] writing dependency_links to nmea_msgs.egg-info/dependency_links.txt
[1.953s] writing top-level names to nmea_msgs.egg-info/top_level.txt
[2.206s] reading manifest file 'nmea_msgs.egg-info/SOURCES.txt'
[2.208s] writing manifest file 'nmea_msgs.egg-info/SOURCES.txt'
[2.493s] [ 12%] Built target ament_cmake_python_build_nmea_msgs_egg
[2.597s] [35m[1mConsolidate compiler generated dependencies of target nmea_msgs__rosidl_typesupport_fastrtps_cpp[0m
[2.671s] [ 24%] Built target nmea_msgs__rosidl_typesupport_fastrtps_cpp
[2.785s] [35m[1mConsolidate compiler generated dependencies of target nmea_msgs__rosidl_typesupport_cpp[0m
[2.905s] [ 35%] Built target nmea_msgs__rosidl_typesupport_cpp
[3.001s] [35m[1mConsolidate compiler generated dependencies of target nmea_msgs__rosidl_generator_c[0m
[3.070s] [ 46%] Built target nmea_msgs__rosidl_generator_c
[3.163s] [35m[1mConsolidate compiler generated dependencies of target nmea_msgs__rosidl_typesupport_fastrtps_c[0m
[3.235s] [ 58%] Built target nmea_msgs__rosidl_typesupport_fastrtps_c
[3.294s] [35m[1mConsolidate compiler generated dependencies of target nmea_msgs__rosidl_typesupport_c[0m
[3.379s] [ 69%] Built target nmea_msgs__rosidl_typesupport_c
[3.464s] [35m[1mConsolidate compiler generated dependencies of target nmea_msgs__rosidl_typesupport_introspection_c[0m
[3.540s] [ 81%] Built target nmea_msgs__rosidl_typesupport_introspection_c
[3.710s] [ 81%] Built target nmea_msgs
[3.894s] [ 82%] Built target nmea_msgs__py
[3.957s] [35m[1mConsolidate compiler generated dependencies of target nmea_msgs__rosidl_generator_py[0m
[4.047s] [ 92%] Built target nmea_msgs__rosidl_generator_py
[4.117s] [35m[1mConsolidate compiler generated dependencies of target nmea_msgs__rosidl_typesupport_fastrtps_c__pyext[0m
[4.215s] [ 94%] Built target nmea_msgs__rosidl_typesupport_fastrtps_c__pyext
[4.302s] [35m[1mConsolidate compiler generated dependencies of target nmea_msgs__rosidl_typesupport_c__pyext[0m
[4.443s] [ 97%] Built target nmea_msgs__rosidl_typesupport_c__pyext
[4.509s] [35m[1mConsolidate compiler generated dependencies of target nmea_msgs__rosidl_typesupport_introspection_c__pyext[0m
[4.600s] [100%] Built target nmea_msgs__rosidl_typesupport_introspection_c__pyext
[4.762s] Invoked command in '/home/wheeltec/wheeltec_robot/build/nmea_msgs' returned '0': CMAKE_PREFIX_PATH=${CMAKE_PREFIX_PATH}:/opt/ros/humble /usr/bin/cmake --build /home/wheeltec/wheeltec_robot/build/nmea_msgs -- -j8 -l8
[4.774s] Invoking command in '/home/wheeltec/wheeltec_robot/build/nmea_msgs': CMAKE_PREFIX_PATH=${CMAKE_PREFIX_PATH}:/opt/ros/humble /usr/bin/cmake --install /home/wheeltec/wheeltec_robot/build/nmea_msgs
[4.985s] -- Install configuration: ""
[4.985s] -- Execute custom install script
[4.985s] -- Up-to-date symlink: /home/wheeltec/wheeltec_robot/install/nmea_msgs/share/ament_index/resource_index/rosidl_interfaces/nmea_msgs
[4.985s] -- Up-to-date symlink: /home/wheeltec/wheeltec_robot/install/nmea_msgs/include/nmea_msgs/nmea_msgs/msg/detail/gpgga__functions.h
[4.985s] -- Up-to-date symlink: /home/wheeltec/wheeltec_robot/install/nmea_msgs/include/nmea_msgs/nmea_msgs/msg/detail/gpgga__struct.h
[4.985s] -- Up-to-date symlink: /home/wheeltec/wheeltec_robot/install/nmea_msgs/include/nmea_msgs/nmea_msgs/msg/detail/gpgga__type_support.h
[4.986s] -- Up-to-date symlink: /home/wheeltec/wheeltec_robot/install/nmea_msgs/include/nmea_msgs/nmea_msgs/msg/detail/gpgsa__functions.h
[4.986s] -- Up-to-date symlink: /home/wheeltec/wheeltec_robot/install/nmea_msgs/include/nmea_msgs/nmea_msgs/msg/detail/gpgsa__struct.h
[4.986s] -- Up-to-date symlink: /home/wheeltec/wheeltec_robot/install/nmea_msgs/include/nmea_msgs/nmea_msgs/msg/detail/gpgsa__type_support.h
[4.986s] -- Up-to-date symlink: /home/wheeltec/wheeltec_robot/install/nmea_msgs/include/nmea_msgs/nmea_msgs/msg/detail/gpgst__functions.h
[4.986s] -- Up-to-date symlink: /home/wheeltec/wheeltec_robot/install/nmea_msgs/include/nmea_msgs/nmea_msgs/msg/detail/gpgst__struct.h
[4.986s] -- Up-to-date symlink: /home/wheeltec/wheeltec_robot/install/nmea_msgs/include/nmea_msgs/nmea_msgs/msg/detail/gpgst__type_support.h
[4.986s] -- Up-to-date symlink: /home/wheeltec/wheeltec_robot/install/nmea_msgs/include/nmea_msgs/nmea_msgs/msg/detail/gpgsv__functions.h
[4.986s] -- Up-to-date symlink: /home/wheeltec/wheeltec_robot/install/nmea_msgs/include/nmea_msgs/nmea_msgs/msg/detail/gpgsv__struct.h
[4.986s] -- Up-to-date symlink: /home/wheeltec/wheeltec_robot/install/nmea_msgs/include/nmea_msgs/nmea_msgs/msg/detail/gpgsv__type_support.h
[4.986s] -- Up-to-date symlink: /home/wheeltec/wheeltec_robot/install/nmea_msgs/include/nmea_msgs/nmea_msgs/msg/detail/gpgsv_satellite__functions.h
[4.987s] -- Up-to-date symlink: /home/wheeltec/wheeltec_robot/install/nmea_msgs/include/nmea_msgs/nmea_msgs/msg/detail/gpgsv_satellite__struct.h
[4.987s] -- Up-to-date symlink: /home/wheeltec/wheeltec_robot/install/nmea_msgs/include/nmea_msgs/nmea_msgs/msg/detail/gpgsv_satellite__type_support.h
[4.987s] -- Up-to-date symlink: /home/wheeltec/wheeltec_robot/install/nmea_msgs/include/nmea_msgs/nmea_msgs/msg/detail/gprmc__functions.h
[4.987s] -- Up-to-date symlink: /home/wheeltec/wheeltec_robot/install/nmea_msgs/include/nmea_msgs/nmea_msgs/msg/detail/gprmc__struct.h
[4.987s] -- Up-to-date symlink: /home/wheeltec/wheeltec_robot/install/nmea_msgs/include/nmea_msgs/nmea_msgs/msg/detail/gprmc__type_support.h
[4.987s] -- Up-to-date symlink: /home/wheeltec/wheeltec_robot/install/nmea_msgs/include/nmea_msgs/nmea_msgs/msg/detail/sentence__functions.h
[4.987s] -- Up-to-date symlink: /home/wheeltec/wheeltec_robot/install/nmea_msgs/include/nmea_msgs/nmea_msgs/msg/detail/sentence__struct.h
[4.987s] -- Up-to-date symlink: /home/wheeltec/wheeltec_robot/install/nmea_msgs/include/nmea_msgs/nmea_msgs/msg/detail/sentence__type_support.h
[4.987s] -- Up-to-date symlink: /home/wheeltec/wheeltec_robot/install/nmea_msgs/include/nmea_msgs/nmea_msgs/msg/gpgga.h
[4.987s] -- Up-to-date symlink: /home/wheeltec/wheeltec_robot/install/nmea_msgs/include/nmea_msgs/nmea_msgs/msg/gpgsa.h
[4.988s] -- Up-to-date symlink: /home/wheeltec/wheeltec_robot/install/nmea_msgs/include/nmea_msgs/nmea_msgs/msg/gpgst.h
[4.988s] -- Up-to-date symlink: /home/wheeltec/wheeltec_robot/install/nmea_msgs/include/nmea_msgs/nmea_msgs/msg/gpgsv.h
[4.988s] -- Up-to-date symlink: /home/wheeltec/wheeltec_robot/install/nmea_msgs/include/nmea_msgs/nmea_msgs/msg/gpgsv_satellite.h
[4.988s] -- Up-to-date symlink: /home/wheeltec/wheeltec_robot/install/nmea_msgs/include/nmea_msgs/nmea_msgs/msg/gprmc.h
[4.988s] -- Up-to-date symlink: /home/wheeltec/wheeltec_robot/install/nmea_msgs/include/nmea_msgs/nmea_msgs/msg/rosidl_generator_c__visibility_control.h
[4.988s] -- Up-to-date symlink: /home/wheeltec/wheeltec_robot/install/nmea_msgs/include/nmea_msgs/nmea_msgs/msg/sentence.h
[4.988s] -- Up-to-date symlink: /home/wheeltec/wheeltec_robot/install/nmea_msgs/share/nmea_msgs/environment/library_path.sh
[4.988s] -- Up-to-date symlink: /home/wheeltec/wheeltec_robot/install/nmea_msgs/share/nmea_msgs/environment/library_path.dsv
[4.988s] -- Up-to-date symlink: /home/wheeltec/wheeltec_robot/install/nmea_msgs/include/nmea_msgs/nmea_msgs/msg/detail/gpgga__rosidl_typesupport_fastrtps_c.h
[4.988s] -- Up-to-date symlink: /home/wheeltec/wheeltec_robot/install/nmea_msgs/include/nmea_msgs/nmea_msgs/msg/detail/gpgsa__rosidl_typesupport_fastrtps_c.h
[4.989s] -- Up-to-date symlink: /home/wheeltec/wheeltec_robot/install/nmea_msgs/include/nmea_msgs/nmea_msgs/msg/detail/gpgst__rosidl_typesupport_fastrtps_c.h
[4.989s] -- Up-to-date symlink: /home/wheeltec/wheeltec_robot/install/nmea_msgs/include/nmea_msgs/nmea_msgs/msg/detail/gpgsv__rosidl_typesupport_fastrtps_c.h
[4.989s] -- Up-to-date symlink: /home/wheeltec/wheeltec_robot/install/nmea_msgs/include/nmea_msgs/nmea_msgs/msg/detail/gpgsv_satellite__rosidl_typesupport_fastrtps_c.h
[4.989s] -- Up-to-date symlink: /home/wheeltec/wheeltec_robot/install/nmea_msgs/include/nmea_msgs/nmea_msgs/msg/detail/gprmc__rosidl_typesupport_fastrtps_c.h
[4.989s] -- Up-to-date symlink: /home/wheeltec/wheeltec_robot/install/nmea_msgs/include/nmea_msgs/nmea_msgs/msg/detail/sentence__rosidl_typesupport_fastrtps_c.h
[4.989s] -- Up-to-date symlink: /home/wheeltec/wheeltec_robot/install/nmea_msgs/include/nmea_msgs/nmea_msgs/msg/rosidl_typesupport_fastrtps_c__visibility_control.h
[4.989s] -- Up-to-date symlink: /home/wheeltec/wheeltec_robot/install/nmea_msgs/include/nmea_msgs/nmea_msgs/msg/detail/gpgga__rosidl_typesupport_introspection_c.h
[4.989s] -- Up-to-date symlink: /home/wheeltec/wheeltec_robot/install/nmea_msgs/include/nmea_msgs/nmea_msgs/msg/detail/gpgsa__rosidl_typesupport_introspection_c.h
[4.989s] -- Up-to-date symlink: /home/wheeltec/wheeltec_robot/install/nmea_msgs/include/nmea_msgs/nmea_msgs/msg/detail/gpgst__rosidl_typesupport_introspection_c.h
[4.989s] -- Up-to-date symlink: /home/wheeltec/wheeltec_robot/install/nmea_msgs/include/nmea_msgs/nmea_msgs/msg/detail/gpgsv__rosidl_typesupport_introspection_c.h
[4.990s] -- Up-to-date symlink: /home/wheeltec/wheeltec_robot/install/nmea_msgs/include/nmea_msgs/nmea_msgs/msg/detail/gpgsv_satellite__rosidl_typesupport_introspection_c.h
[4.990s] -- Up-to-date symlink: /home/wheeltec/wheeltec_robot/install/nmea_msgs/include/nmea_msgs/nmea_msgs/msg/detail/gprmc__rosidl_typesupport_introspection_c.h
[4.990s] -- Up-to-date symlink: /home/wheeltec/wheeltec_robot/install/nmea_msgs/include/nmea_msgs/nmea_msgs/msg/detail/sentence__rosidl_typesupport_introspection_c.h
[4.990s] -- Up-to-date symlink: /home/wheeltec/wheeltec_robot/install/nmea_msgs/include/nmea_msgs/nmea_msgs/msg/rosidl_typesupport_introspection_c__visibility_control.h
[4.990s] -- Up-to-date symlink: /home/wheeltec/wheeltec_robot/install/nmea_msgs/include/nmea_msgs/nmea_msgs/msg/detail/gpgga__builder.hpp
[4.990s] -- Up-to-date symlink: /home/wheeltec/wheeltec_robot/install/nmea_msgs/include/nmea_msgs/nmea_msgs/msg/detail/gpgga__struct.hpp
[4.990s] -- Up-to-date symlink: /home/wheeltec/wheeltec_robot/install/nmea_msgs/include/nmea_msgs/nmea_msgs/msg/detail/gpgga__traits.hpp
[4.990s] -- Up-to-date symlink: /home/wheeltec/wheeltec_robot/install/nmea_msgs/include/nmea_msgs/nmea_msgs/msg/detail/gpgga__type_support.hpp
[4.990s] -- Up-to-date symlink: /home/wheeltec/wheeltec_robot/install/nmea_msgs/include/nmea_msgs/nmea_msgs/msg/detail/gpgsa__builder.hpp
[4.990s] -- Up-to-date symlink: /home/wheeltec/wheeltec_robot/install/nmea_msgs/include/nmea_msgs/nmea_msgs/msg/detail/gpgsa__struct.hpp
[4.991s] -- Up-to-date symlink: /home/wheeltec/wheeltec_robot/install/nmea_msgs/include/nmea_msgs/nmea_msgs/msg/detail/gpgsa__traits.hpp
[4.991s] -- Up-to-date symlink: /home/wheeltec/wheeltec_robot/install/nmea_msgs/include/nmea_msgs/nmea_msgs/msg/detail/gpgsa__type_support.hpp
[4.991s] -- Up-to-date symlink: /home/wheeltec/wheeltec_robot/install/nmea_msgs/include/nmea_msgs/nmea_msgs/msg/detail/gpgst__builder.hpp
[4.991s] -- Up-to-date symlink: /home/wheeltec/wheeltec_robot/install/nmea_msgs/include/nmea_msgs/nmea_msgs/msg/detail/gpgst__struct.hpp
[4.991s] -- Up-to-date symlink: /home/wheeltec/wheeltec_robot/install/nmea_msgs/include/nmea_msgs/nmea_msgs/msg/detail/gpgst__traits.hpp
[4.991s] -- Up-to-date symlink: /home/wheeltec/wheeltec_robot/install/nmea_msgs/include/nmea_msgs/nmea_msgs/msg/detail/gpgst__type_support.hpp
[4.993s] -- Up-to-date symlink: /home/wheeltec/wheeltec_robot/install/nmea_msgs/include/nmea_msgs/nmea_msgs/msg/detail/gpgsv__builder.hpp
[4.994s] -- Up-to-date symlink: /home/wheeltec/wheeltec_robot/install/nmea_msgs/include/nmea_msgs/nmea_msgs/msg/detail/gpgsv__struct.hpp
[4.994s] -- Up-to-date symlink: /home/wheeltec/wheeltec_robot/install/nmea_msgs/include/nmea_msgs/nmea_msgs/msg/detail/gpgsv__traits.hpp
[4.994s] -- Up-to-date symlink: /home/wheeltec/wheeltec_robot/install/nmea_msgs/include/nmea_msgs/nmea_msgs/msg/detail/gpgsv__type_support.hpp
[4.994s] -- Up-to-date symlink: /home/wheeltec/wheeltec_robot/install/nmea_msgs/include/nmea_msgs/nmea_msgs/msg/detail/gpgsv_satellite__builder.hpp
[4.994s] -- Up-to-date symlink: /home/wheeltec/wheeltec_robot/install/nmea_msgs/include/nmea_msgs/nmea_msgs/msg/detail/gpgsv_satellite__struct.hpp
[4.994s] -- Up-to-date symlink: /home/wheeltec/wheeltec_robot/install/nmea_msgs/include/nmea_msgs/nmea_msgs/msg/detail/gpgsv_satellite__traits.hpp
[4.994s] -- Up-to-date symlink: /home/wheeltec/wheeltec_robot/install/nmea_msgs/include/nmea_msgs/nmea_msgs/msg/detail/gpgsv_satellite__type_support.hpp
[4.994s] -- Up-to-date symlink: /home/wheeltec/wheeltec_robot/install/nmea_msgs/include/nmea_msgs/nmea_msgs/msg/detail/gprmc__builder.hpp
[4.994s] -- Up-to-date symlink: /home/wheeltec/wheeltec_robot/install/nmea_msgs/include/nmea_msgs/nmea_msgs/msg/detail/gprmc__struct.hpp
[4.995s] -- Up-to-date symlink: /home/wheeltec/wheeltec_robot/install/nmea_msgs/include/nmea_msgs/nmea_msgs/msg/detail/gprmc__traits.hpp
[4.995s] -- Up-to-date symlink: /home/wheeltec/wheeltec_robot/install/nmea_msgs/include/nmea_msgs/nmea_msgs/msg/detail/gprmc__type_support.hpp
[4.995s] -- Up-to-date symlink: /home/wheeltec/wheeltec_robot/install/nmea_msgs/include/nmea_msgs/nmea_msgs/msg/detail/sentence__builder.hpp
[4.995s] -- Up-to-date symlink: /home/wheeltec/wheeltec_robot/install/nmea_msgs/include/nmea_msgs/nmea_msgs/msg/detail/sentence__struct.hpp
[4.995s] -- Up-to-date symlink: /home/wheeltec/wheeltec_robot/install/nmea_msgs/include/nmea_msgs/nmea_msgs/msg/detail/sentence__traits.hpp
[4.995s] -- Up-to-date symlink: /home/wheeltec/wheeltec_robot/install/nmea_msgs/include/nmea_msgs/nmea_msgs/msg/detail/sentence__type_support.hpp
[4.995s] -- Up-to-date symlink: /home/wheeltec/wheeltec_robot/install/nmea_msgs/include/nmea_msgs/nmea_msgs/msg/gpgga.hpp
[4.995s] -- Up-to-date symlink: /home/wheeltec/wheeltec_robot/install/nmea_msgs/include/nmea_msgs/nmea_msgs/msg/gpgsa.hpp
[4.995s] -- Up-to-date symlink: /home/wheeltec/wheeltec_robot/install/nmea_msgs/include/nmea_msgs/nmea_msgs/msg/gpgst.hpp
[4.995s] -- Up-to-date symlink: /home/wheeltec/wheeltec_robot/install/nmea_msgs/include/nmea_msgs/nmea_msgs/msg/gpgsv.hpp
[4.996s] -- Up-to-date symlink: /home/wheeltec/wheeltec_robot/install/nmea_msgs/include/nmea_msgs/nmea_msgs/msg/gpgsv_satellite.hpp
[4.996s] -- Up-to-date symlink: /home/wheeltec/wheeltec_robot/install/nmea_msgs/include/nmea_msgs/nmea_msgs/msg/gprmc.hpp
[4.996s] -- Up-to-date symlink: /home/wheeltec/wheeltec_robot/install/nmea_msgs/include/nmea_msgs/nmea_msgs/msg/rosidl_generator_cpp__visibility_control.hpp
[4.996s] -- Up-to-date symlink: /home/wheeltec/wheeltec_robot/install/nmea_msgs/include/nmea_msgs/nmea_msgs/msg/sentence.hpp
[4.996s] -- Up-to-date symlink: /home/wheeltec/wheeltec_robot/install/nmea_msgs/include/nmea_msgs/nmea_msgs/msg/detail/gpgga__rosidl_typesupport_fastrtps_cpp.hpp
[4.996s] -- Up-to-date symlink: /home/wheeltec/wheeltec_robot/install/nmea_msgs/include/nmea_msgs/nmea_msgs/msg/detail/gpgsa__rosidl_typesupport_fastrtps_cpp.hpp
[4.996s] -- Up-to-date symlink: /home/wheeltec/wheeltec_robot/install/nmea_msgs/include/nmea_msgs/nmea_msgs/msg/detail/gpgst__rosidl_typesupport_fastrtps_cpp.hpp
[4.996s] -- Up-to-date symlink: /home/wheeltec/wheeltec_robot/install/nmea_msgs/include/nmea_msgs/nmea_msgs/msg/detail/gpgsv__rosidl_typesupport_fastrtps_cpp.hpp
[4.996s] -- Up-to-date symlink: /home/wheeltec/wheeltec_robot/install/nmea_msgs/include/nmea_msgs/nmea_msgs/msg/detail/gpgsv_satellite__rosidl_typesupport_fastrtps_cpp.hpp
[4.996s] -- Up-to-date symlink: /home/wheeltec/wheeltec_robot/install/nmea_msgs/include/nmea_msgs/nmea_msgs/msg/detail/gprmc__rosidl_typesupport_fastrtps_cpp.hpp
[4.997s] -- Up-to-date symlink: /home/wheeltec/wheeltec_robot/install/nmea_msgs/include/nmea_msgs/nmea_msgs/msg/detail/sentence__rosidl_typesupport_fastrtps_cpp.hpp
[4.997s] -- Up-to-date symlink: /home/wheeltec/wheeltec_robot/install/nmea_msgs/include/nmea_msgs/nmea_msgs/msg/rosidl_typesupport_fastrtps_cpp__visibility_control.h
[4.997s] -- Up-to-date symlink: /home/wheeltec/wheeltec_robot/install/nmea_msgs/include/nmea_msgs/nmea_msgs/msg/detail/gpgga__rosidl_typesupport_introspection_cpp.hpp
[4.997s] -- Up-to-date symlink: /home/wheeltec/wheeltec_robot/install/nmea_msgs/include/nmea_msgs/nmea_msgs/msg/detail/gpgsa__rosidl_typesupport_introspection_cpp.hpp
[4.997s] -- Up-to-date symlink: /home/wheeltec/wheeltec_robot/install/nmea_msgs/include/nmea_msgs/nmea_msgs/msg/detail/gpgst__rosidl_typesupport_introspection_cpp.hpp
[4.997s] -- Up-to-date symlink: /home/wheeltec/wheeltec_robot/install/nmea_msgs/include/nmea_msgs/nmea_msgs/msg/detail/gpgsv__rosidl_typesupport_introspection_cpp.hpp
[4.997s] -- Up-to-date symlink: /home/wheeltec/wheeltec_robot/install/nmea_msgs/include/nmea_msgs/nmea_msgs/msg/detail/gpgsv_satellite__rosidl_typesupport_introspection_cpp.hpp
[4.997s] -- Up-to-date symlink: /home/wheeltec/wheeltec_robot/install/nmea_msgs/include/nmea_msgs/nmea_msgs/msg/detail/gprmc__rosidl_typesupport_introspection_cpp.hpp
[4.997s] -- Up-to-date symlink: /home/wheeltec/wheeltec_robot/install/nmea_msgs/include/nmea_msgs/nmea_msgs/msg/detail/sentence__rosidl_typesupport_introspection_cpp.hpp
[4.997s] -- Up-to-date symlink: /home/wheeltec/wheeltec_robot/install/nmea_msgs/share/nmea_msgs/environment/pythonpath.sh
[4.997s] -- Up-to-date symlink: /home/wheeltec/wheeltec_robot/install/nmea_msgs/share/nmea_msgs/environment/pythonpath.dsv
[4.998s] -- Up-to-date symlink: /home/wheeltec/wheeltec_robot/install/nmea_msgs/local/lib/python3.10/dist-packages/nmea_msgs-2.0.0-py3.10.egg-info/PKG-INFO
[4.998s] -- Up-to-date symlink: /home/wheeltec/wheeltec_robot/install/nmea_msgs/local/lib/python3.10/dist-packages/nmea_msgs-2.0.0-py3.10.egg-info/SOURCES.txt
[4.998s] -- Up-to-date symlink: /home/wheeltec/wheeltec_robot/install/nmea_msgs/local/lib/python3.10/dist-packages/nmea_msgs-2.0.0-py3.10.egg-info/dependency_links.txt
[4.998s] -- Up-to-date symlink: /home/wheeltec/wheeltec_robot/install/nmea_msgs/local/lib/python3.10/dist-packages/nmea_msgs-2.0.0-py3.10.egg-info/top_level.txt
[4.998s] -- Up-to-date symlink: /home/wheeltec/wheeltec_robot/install/nmea_msgs/local/lib/python3.10/dist-packages/nmea_msgs/__init__.py
[4.998s] -- Up-to-date symlink: /home/wheeltec/wheeltec_robot/install/nmea_msgs/local/lib/python3.10/dist-packages/nmea_msgs/_nmea_msgs_s.ep.rosidl_typesupport_c.c
[4.998s] -- Up-to-date symlink: /home/wheeltec/wheeltec_robot/install/nmea_msgs/local/lib/python3.10/dist-packages/nmea_msgs/_nmea_msgs_s.ep.rosidl_typesupport_fastrtps_c.c
[4.998s] -- Up-to-date symlink: /home/wheeltec/wheeltec_robot/install/nmea_msgs/local/lib/python3.10/dist-packages/nmea_msgs/_nmea_msgs_s.ep.rosidl_typesupport_introspection_c.c
[4.998s] -- Up-to-date symlink: /home/wheeltec/wheeltec_robot/install/nmea_msgs/local/lib/python3.10/dist-packages/nmea_msgs/libnmea_msgs__rosidl_generator_py.so
[4.998s] -- Up-to-date symlink: /home/wheeltec/wheeltec_robot/install/nmea_msgs/local/lib/python3.10/dist-packages/nmea_msgs/msg/__init__.py
[4.999s] -- Up-to-date symlink: /home/wheeltec/wheeltec_robot/install/nmea_msgs/local/lib/python3.10/dist-packages/nmea_msgs/msg/_gpgga.py
[4.999s] -- Up-to-date symlink: /home/wheeltec/wheeltec_robot/install/nmea_msgs/local/lib/python3.10/dist-packages/nmea_msgs/msg/_gpgga_s.c
[4.999s] -- Up-to-date symlink: /home/wheeltec/wheeltec_robot/install/nmea_msgs/local/lib/python3.10/dist-packages/nmea_msgs/msg/_gpgsa.py
[4.999s] -- Up-to-date symlink: /home/wheeltec/wheeltec_robot/install/nmea_msgs/local/lib/python3.10/dist-packages/nmea_msgs/msg/_gpgsa_s.c
[4.999s] -- Up-to-date symlink: /home/wheeltec/wheeltec_robot/install/nmea_msgs/local/lib/python3.10/dist-packages/nmea_msgs/msg/_gpgst.py
[4.999s] -- Up-to-date symlink: /home/wheeltec/wheeltec_robot/install/nmea_msgs/local/lib/python3.10/dist-packages/nmea_msgs/msg/_gpgst_s.c
[4.999s] -- Up-to-date symlink: /home/wheeltec/wheeltec_robot/install/nmea_msgs/local/lib/python3.10/dist-packages/nmea_msgs/msg/_gpgsv.py
[4.999s] -- Up-to-date symlink: /home/wheeltec/wheeltec_robot/install/nmea_msgs/local/lib/python3.10/dist-packages/nmea_msgs/msg/_gpgsv_s.c
[4.999s] -- Up-to-date symlink: /home/wheeltec/wheeltec_robot/install/nmea_msgs/local/lib/python3.10/dist-packages/nmea_msgs/msg/_gpgsv_satellite.py
[5.016s] -- Up-to-date symlink: /home/wheeltec/wheeltec_robot/install/nmea_msgs/local/lib/python3.10/dist-packages/nmea_msgs/msg/_gpgsv_satellite_s.c
[5.016s] -- Up-to-date symlink: /home/wheeltec/wheeltec_robot/install/nmea_msgs/local/lib/python3.10/dist-packages/nmea_msgs/msg/_gprmc.py
[5.016s] -- Up-to-date symlink: /home/wheeltec/wheeltec_robot/install/nmea_msgs/local/lib/python3.10/dist-packages/nmea_msgs/msg/_gprmc_s.c
[5.017s] -- Up-to-date symlink: /home/wheeltec/wheeltec_robot/install/nmea_msgs/local/lib/python3.10/dist-packages/nmea_msgs/msg/_sentence.py
[5.017s] -- Up-to-date symlink: /home/wheeltec/wheeltec_robot/install/nmea_msgs/local/lib/python3.10/dist-packages/nmea_msgs/msg/_sentence_s.c
[5.017s] -- Up-to-date symlink: /home/wheeltec/wheeltec_robot/install/nmea_msgs/local/lib/python3.10/dist-packages/nmea_msgs/nmea_msgs_s__rosidl_typesupport_c.cpython-310-aarch64-linux-gnu.so
[5.017s] -- Up-to-date symlink: /home/wheeltec/wheeltec_robot/install/nmea_msgs/local/lib/python3.10/dist-packages/nmea_msgs/nmea_msgs_s__rosidl_typesupport_fastrtps_c.cpython-310-aarch64-linux-gnu.so
[5.017s] -- Up-to-date symlink: /home/wheeltec/wheeltec_robot/install/nmea_msgs/local/lib/python3.10/dist-packages/nmea_msgs/nmea_msgs_s__rosidl_typesupport_introspection_c.cpython-310-aarch64-linux-gnu.so
[5.017s] -- Up-to-date symlink: /home/wheeltec/wheeltec_robot/install/nmea_msgs/local/lib/python3.10/dist-packages/nmea_msgs/nmea_msgs_s__rosidl_typesupport_fastrtps_c.cpython-310-aarch64-linux-gnu.so
[5.017s] -- Up-to-date symlink: /home/wheeltec/wheeltec_robot/install/nmea_msgs/local/lib/python3.10/dist-packages/nmea_msgs/nmea_msgs_s__rosidl_typesupport_introspection_c.cpython-310-aarch64-linux-gnu.so
[5.017s] -- Up-to-date symlink: /home/wheeltec/wheeltec_robot/install/nmea_msgs/local/lib/python3.10/dist-packages/nmea_msgs/nmea_msgs_s__rosidl_typesupport_c.cpython-310-aarch64-linux-gnu.so
[5.017s] -- Up-to-date symlink: /home/wheeltec/wheeltec_robot/install/nmea_msgs/share/nmea_msgs/msg/Sentence.idl
[5.018s] -- Up-to-date symlink: /home/wheeltec/wheeltec_robot/install/nmea_msgs/share/nmea_msgs/msg/Gpgga.idl
[5.018s] -- Up-to-date symlink: /home/wheeltec/wheeltec_robot/install/nmea_msgs/share/nmea_msgs/msg/Gpgsa.idl
[5.018s] -- Up-to-date symlink: /home/wheeltec/wheeltec_robot/install/nmea_msgs/share/nmea_msgs/msg/Gpgst.idl
[5.018s] -- Up-to-date symlink: /home/wheeltec/wheeltec_robot/install/nmea_msgs/share/nmea_msgs/msg/Gpgsv.idl
[5.018s] -- Up-to-date symlink: /home/wheeltec/wheeltec_robot/install/nmea_msgs/share/nmea_msgs/msg/GpgsvSatellite.idl
[5.018s] -- Up-to-date symlink: /home/wheeltec/wheeltec_robot/install/nmea_msgs/share/nmea_msgs/msg/Gprmc.idl
[5.018s] -- Up-to-date symlink: /home/wheeltec/wheeltec_robot/install/nmea_msgs/share/nmea_msgs/msg/Sentence.msg
[5.018s] -- Up-to-date symlink: /home/wheeltec/wheeltec_robot/install/nmea_msgs/share/nmea_msgs/msg/Gpgga.msg
[5.018s] -- Up-to-date symlink: /home/wheeltec/wheeltec_robot/install/nmea_msgs/share/nmea_msgs/msg/Gpgsa.msg
[5.018s] -- Up-to-date symlink: /home/wheeltec/wheeltec_robot/install/nmea_msgs/share/nmea_msgs/msg/Gpgst.msg
[5.019s] -- Up-to-date symlink: /home/wheeltec/wheeltec_robot/install/nmea_msgs/share/nmea_msgs/msg/Gpgsv.msg
[5.019s] -- Up-to-date symlink: /home/wheeltec/wheeltec_robot/install/nmea_msgs/share/nmea_msgs/msg/GpgsvSatellite.msg
[5.019s] -- Up-to-date symlink: /home/wheeltec/wheeltec_robot/install/nmea_msgs/share/nmea_msgs/msg/Gprmc.msg
[5.019s] -- Up-to-date symlink: /home/wheeltec/wheeltec_robot/install/nmea_msgs/share/ament_index/resource_index/package_run_dependencies/nmea_msgs
[5.019s] -- Up-to-date symlink: /home/wheeltec/wheeltec_robot/install/nmea_msgs/share/ament_index/resource_index/parent_prefix_path/nmea_msgs
[5.019s] -- Up-to-date symlink: /home/wheeltec/wheeltec_robot/install/nmea_msgs/share/nmea_msgs/environment/ament_prefix_path.sh
[5.019s] -- Up-to-date symlink: /home/wheeltec/wheeltec_robot/install/nmea_msgs/share/nmea_msgs/environment/ament_prefix_path.dsv
[5.019s] -- Up-to-date symlink: /home/wheeltec/wheeltec_robot/install/nmea_msgs/share/nmea_msgs/environment/path.sh
[5.019s] -- Up-to-date symlink: /home/wheeltec/wheeltec_robot/install/nmea_msgs/share/nmea_msgs/environment/path.dsv
[5.019s] -- Up-to-date symlink: /home/wheeltec/wheeltec_robot/install/nmea_msgs/share/nmea_msgs/local_setup.bash
[5.020s] -- Up-to-date symlink: /home/wheeltec/wheeltec_robot/install/nmea_msgs/share/nmea_msgs/local_setup.sh
[5.020s] -- Up-to-date symlink: /home/wheeltec/wheeltec_robot/install/nmea_msgs/share/nmea_msgs/local_setup.zsh
[5.020s] -- Up-to-date symlink: /home/wheeltec/wheeltec_robot/install/nmea_msgs/share/nmea_msgs/local_setup.dsv
[5.020s] -- Symlinking: /home/wheeltec/wheeltec_robot/install/nmea_msgs/share/nmea_msgs/package.dsv
[5.045s] -- Up-to-date symlink: /home/wheeltec/wheeltec_robot/install/nmea_msgs/share/ament_index/resource_index/packages/nmea_msgs
[5.045s] -- Up-to-date symlink: /home/wheeltec/wheeltec_robot/install/nmea_msgs/share/nmea_msgs/cmake/rosidl_cmake-extras.cmake
[5.045s] -- Up-to-date symlink: /home/wheeltec/wheeltec_robot/install/nmea_msgs/share/nmea_msgs/cmake/ament_cmake_export_dependencies-extras.cmake
[5.045s] -- Up-to-date symlink: /home/wheeltec/wheeltec_robot/install/nmea_msgs/share/nmea_msgs/cmake/ament_cmake_export_include_directories-extras.cmake
[5.045s] -- Up-to-date symlink: /home/wheeltec/wheeltec_robot/install/nmea_msgs/share/nmea_msgs/cmake/ament_cmake_export_libraries-extras.cmake
[5.049s] -- Up-to-date symlink: /home/wheeltec/wheeltec_robot/install/nmea_msgs/share/nmea_msgs/cmake/ament_cmake_export_targets-extras.cmake
[5.049s] -- Up-to-date symlink: /home/wheeltec/wheeltec_robot/install/nmea_msgs/share/nmea_msgs/cmake/rosidl_cmake_export_typesupport_targets-extras.cmake
[5.049s] -- Up-to-date symlink: /home/wheeltec/wheeltec_robot/install/nmea_msgs/share/nmea_msgs/cmake/rosidl_cmake_export_typesupport_libraries-extras.cmake
[5.049s] -- Up-to-date symlink: /home/wheeltec/wheeltec_robot/install/nmea_msgs/share/nmea_msgs/cmake/nmea_msgsConfig.cmake
[5.049s] -- Up-to-date symlink: /home/wheeltec/wheeltec_robot/install/nmea_msgs/share/nmea_msgs/cmake/nmea_msgsConfig-version.cmake
[5.049s] -- Up-to-date symlink: /home/wheeltec/wheeltec_robot/install/nmea_msgs/share/nmea_msgs/package.xml
[5.050s] -- Up-to-date: /home/wheeltec/wheeltec_robot/install/nmea_msgs/lib/libnmea_msgs__rosidl_generator_c.so
[5.050s] -- Up-to-date: /home/wheeltec/wheeltec_robot/install/nmea_msgs/lib/libnmea_msgs__rosidl_typesupport_fastrtps_c.so
[5.050s] -- Up-to-date: /home/wheeltec/wheeltec_robot/install/nmea_msgs/lib/libnmea_msgs__rosidl_typesupport_introspection_c.so
[5.050s] -- Up-to-date: /home/wheeltec/wheeltec_robot/install/nmea_msgs/lib/libnmea_msgs__rosidl_typesupport_c.so
[5.050s] -- Up-to-date: /home/wheeltec/wheeltec_robot/install/nmea_msgs/lib/libnmea_msgs__rosidl_typesupport_fastrtps_cpp.so
[5.050s] -- Up-to-date: /home/wheeltec/wheeltec_robot/install/nmea_msgs/lib/libnmea_msgs__rosidl_typesupport_introspection_cpp.so
[5.050s] -- Up-to-date: /home/wheeltec/wheeltec_robot/install/nmea_msgs/lib/libnmea_msgs__rosidl_typesupport_cpp.so
[5.150s] Listing '/home/wheeltec/wheeltec_robot/install/nmea_msgs/local/lib/python3.10/dist-packages/nmea_msgs'...
[5.151s] Listing '/home/wheeltec/wheeltec_robot/install/nmea_msgs/local/lib/python3.10/dist-packages/nmea_msgs/msg'...
[5.186s] -- Up-to-date: /home/wheeltec/wheeltec_robot/install/nmea_msgs/lib/libnmea_msgs__rosidl_generator_py.so
[5.186s] -- Up-to-date: /home/wheeltec/wheeltec_robot/install/nmea_msgs/share/nmea_msgs/cmake/export_nmea_msgs__rosidl_generator_cExport.cmake
[5.187s] -- Up-to-date: /home/wheeltec/wheeltec_robot/install/nmea_msgs/share/nmea_msgs/cmake/export_nmea_msgs__rosidl_generator_cExport-noconfig.cmake
[5.187s] -- Up-to-date: /home/wheeltec/wheeltec_robot/install/nmea_msgs/share/nmea_msgs/cmake/export_nmea_msgs__rosidl_typesupport_fastrtps_cExport.cmake
[5.187s] -- Up-to-date: /home/wheeltec/wheeltec_robot/install/nmea_msgs/share/nmea_msgs/cmake/export_nmea_msgs__rosidl_typesupport_fastrtps_cExport-noconfig.cmake
[5.187s] -- Up-to-date: /home/wheeltec/wheeltec_robot/install/nmea_msgs/share/nmea_msgs/cmake/nmea_msgs__rosidl_typesupport_introspection_cExport.cmake
[5.187s] -- Up-to-date: /home/wheeltec/wheeltec_robot/install/nmea_msgs/share/nmea_msgs/cmake/nmea_msgs__rosidl_typesupport_introspection_cExport-noconfig.cmake
[5.187s] -- Up-to-date: /home/wheeltec/wheeltec_robot/install/nmea_msgs/share/nmea_msgs/cmake/nmea_msgs__rosidl_typesupport_cExport.cmake
[5.187s] -- Up-to-date: /home/wheeltec/wheeltec_robot/install/nmea_msgs/share/nmea_msgs/cmake/nmea_msgs__rosidl_typesupport_cExport-noconfig.cmake
[5.187s] -- Up-to-date: /home/wheeltec/wheeltec_robot/install/nmea_msgs/share/nmea_msgs/cmake/export_nmea_msgs__rosidl_generator_cppExport.cmake
[5.187s] -- Up-to-date: /home/wheeltec/wheeltec_robot/install/nmea_msgs/share/nmea_msgs/cmake/export_nmea_msgs__rosidl_typesupport_fastrtps_cppExport.cmake
[5.187s] -- Up-to-date: /home/wheeltec/wheeltec_robot/install/nmea_msgs/share/nmea_msgs/cmake/export_nmea_msgs__rosidl_typesupport_fastrtps_cppExport-noconfig.cmake
[5.188s] -- Up-to-date: /home/wheeltec/wheeltec_robot/install/nmea_msgs/share/nmea_msgs/cmake/nmea_msgs__rosidl_typesupport_introspection_cppExport.cmake
[5.188s] -- Up-to-date: /home/wheeltec/wheeltec_robot/install/nmea_msgs/share/nmea_msgs/cmake/nmea_msgs__rosidl_typesupport_introspection_cppExport-noconfig.cmake
[5.188s] -- Up-to-date: /home/wheeltec/wheeltec_robot/install/nmea_msgs/share/nmea_msgs/cmake/nmea_msgs__rosidl_typesupport_cppExport.cmake
[5.188s] -- Up-to-date: /home/wheeltec/wheeltec_robot/install/nmea_msgs/share/nmea_msgs/cmake/nmea_msgs__rosidl_typesupport_cppExport-noconfig.cmake
[5.188s] -- Up-to-date: /home/wheeltec/wheeltec_robot/install/nmea_msgs/share/nmea_msgs/cmake/export_nmea_msgs__rosidl_generator_pyExport.cmake
[5.188s] -- Up-to-date: /home/wheeltec/wheeltec_robot/install/nmea_msgs/share/nmea_msgs/cmake/export_nmea_msgs__rosidl_generator_pyExport-noconfig.cmake
[5.234s] Invoked command in '/home/wheeltec/wheeltec_robot/build/nmea_msgs' returned '0': CMAKE_PREFIX_PATH=${CMAKE_PREFIX_PATH}:/opt/ros/humble /usr/bin/cmake --install /home/wheeltec/wheeltec_robot/build/nmea_msgs
