[0.631s] Invoking command in '/home/wheeltec/wheeltec_robot/build/ldlidar': CMAKE_PREFIX_PATH=/opt/ros/humble /usr/bin/cmake /home/wheeltec/wheeltec_robot/src/wheeltec_lidar_ros2/LDlidar/ldlidar_stl06n_ros2/ldlidar -DCMAKE_INSTALL_PREFIX=/home/wheeltec/wheeltec_robot/install/ldlidar
[0.692s] -- Found ament_cmake: 1.3.12 (/opt/ros/humble/share/ament_cmake/cmake)
[1.117s] -- Override CMake install command with custom implementation using symlinks instead of copying resources
[1.117s] -- Found rclcpp: 16.0.14 (/opt/ros/humble/share/rclcpp/cmake)
[1.137s] -- Found rosidl_generator_c: 3.1.7 (/opt/ros/humble/share/rosidl_generator_c/cmake)
[1.141s] -- Found rosidl_adapter: 3.1.7 (/opt/ros/humble/share/rosidl_adapter/cmake)
[1.151s] -- Found rosidl_generator_cpp: 3.1.7 (/opt/ros/humble/share/rosidl_generator_cpp/cmake)
[1.168s] -- Using all available rosidl_typesupport_c: rosidl_typesupport_fastrtps_c;rosidl_typesupport_introspection_c
[1.188s] -- Using all available rosidl_typesupport_cpp: rosidl_typesupport_fastrtps_cpp;rosidl_typesupport_introspection_cpp
[1.253s] -- Found rmw_implementation_cmake: 6.1.2 (/opt/ros/humble/share/rmw_implementation_cmake/cmake)
[1.257s] -- Found rmw_fastrtps_cpp: 6.2.8 (/opt/ros/humble/share/rmw_fastrtps_cpp/cmake)
[1.626s] -- Using RMW implementation 'rmw_fastrtps_cpp' as default
[1.831s] -- Found sensor_msgs: 4.9.0 (/opt/ros/humble/share/sensor_msgs/cmake)
[1.907s] -- Found ament_lint_auto: 0.12.14 (/opt/ros/humble/share/ament_lint_auto/cmake)
[2.187s] -- Added test 'copyright' to check source files copyright and LICENSE
[2.190s] -- Added test 'cppcheck' to perform static code analysis on C / C++ code
[2.192s] -- Configured cppcheck include dirs: /home/wheeltec/wheeltec_robot/src/wheeltec_lidar_ros2/LDlidar/ldlidar_stl06n_ros2/ldlidar/include;/home/wheeltec/wheeltec_robot/src/wheeltec_lidar_ros2/LDlidar/ldlidar_stl06n_ros2/ldlidar/../ldlidar_driver/include/core;/home/wheeltec/wheeltec_robot/src/wheeltec_lidar_ros2/LDlidar/ldlidar_stl06n_ros2/ldlidar/../ldlidar_driver/include/dataprocess;/home/wheeltec/wheeltec_robot/src/wheeltec_lidar_ros2/LDlidar/ldlidar_stl06n_ros2/ldlidar/../ldlidar_driver/include/filter;/home/wheeltec/wheeltec_robot/src/wheeltec_lidar_ros2/LDlidar/ldlidar_stl06n_ros2/ldlidar/../ldlidar_driver/include/logger;/home/wheeltec/wheeltec_robot/src/wheeltec_lidar_ros2/LDlidar/ldlidar_stl06n_ros2/ldlidar/../ldlidar_driver/include/networkcom;/home/wheeltec/wheeltec_robot/src/wheeltec_lidar_ros2/LDlidar/ldlidar_stl06n_ros2/ldlidar/../ldlidar_driver/include/serialcom
[2.192s] -- Configured cppcheck exclude dirs and/or files: 
[2.194s] -- Added test 'cpplint' to check C / C++ code against the Google style
[2.194s] -- Configured cpplint exclude dirs and/or files: 
[2.195s] -- Added test 'flake8' to check Python code syntax and style conventions
[2.196s] -- Added test 'lint_cmake' to check CMake code style
[2.197s] -- Added test 'pep257' to check Python code against some of the docstring style conventions in PEP 257
[2.201s] -- Added test 'uncrustify' to check C / C++ code style
[2.201s] -- Configured uncrustify additional arguments: 
[2.201s] -- Added test 'xmllint' to check XML markup files
[2.207s] -- Configuring done
[2.263s] -- Generating done
[2.282s] -- Build files have been written to: /home/wheeltec/wheeltec_robot/build/ldlidar
[2.330s] Invoked command in '/home/wheeltec/wheeltec_robot/build/ldlidar' returned '0': CMAKE_PREFIX_PATH=/opt/ros/humble /usr/bin/cmake /home/wheeltec/wheeltec_robot/src/wheeltec_lidar_ros2/LDlidar/ldlidar_stl06n_ros2/ldlidar -DCMAKE_INSTALL_PREFIX=/home/wheeltec/wheeltec_robot/install/ldlidar
[2.330s] Invoking command in '/home/wheeltec/wheeltec_robot/build/ldlidar': CMAKE_PREFIX_PATH=/opt/ros/humble /usr/bin/cmake --build /home/wheeltec/wheeltec_robot/build/ldlidar -- -j8 -l8
[2.800s] [35m[1mConsolidate compiler generated dependencies of target ldlidar[0m
[2.801s] [100%] Built target ldlidar
[2.829s] Invoked command in '/home/wheeltec/wheeltec_robot/build/ldlidar' returned '0': CMAKE_PREFIX_PATH=/opt/ros/humble /usr/bin/cmake --build /home/wheeltec/wheeltec_robot/build/ldlidar -- -j8 -l8
[2.830s] Invoking command in '/home/wheeltec/wheeltec_robot/build/ldlidar': CMAKE_PREFIX_PATH=/opt/ros/humble /usr/bin/cmake --install /home/wheeltec/wheeltec_robot/build/ldlidar
[3.504s] -- Install configuration: ""
[3.504s] -- Execute custom install script
[3.505s] -- Symlinking: /home/wheeltec/wheeltec_robot/install/ldlidar/lib/ldlidar/ldlidar
[3.505s] -- Symlinking: /home/wheeltec/wheeltec_robot/install/ldlidar/share/ldlidar//launch/ld06.launch.py
[3.505s] -- Symlinking: /home/wheeltec/wheeltec_robot/install/ldlidar/share/ldlidar//launch/ld19.launch.py
[3.505s] -- Symlinking: /home/wheeltec/wheeltec_robot/install/ldlidar/share/ldlidar//launch/stl06n.launch.py
[3.505s] -- Symlinking: /home/wheeltec/wheeltec_robot/install/ldlidar/share/ldlidar//launch/stl06p.launch.py
[3.506s] -- Symlinking: /home/wheeltec/wheeltec_robot/install/ldlidar/share/ldlidar//launch/stl26.launch.py
[3.506s] -- Symlinking: /home/wheeltec/wheeltec_robot/install/ldlidar/share/ldlidar//launch/stl27l.launch.py
[3.506s] -- Symlinking: /home/wheeltec/wheeltec_robot/install/ldlidar/share/ldlidar//launch/viewer_ld06.launch.py
[3.506s] -- Symlinking: /home/wheeltec/wheeltec_robot/install/ldlidar/share/ldlidar//launch/viewer_ld19.launch.py
[3.506s] -- Symlinking: /home/wheeltec/wheeltec_robot/install/ldlidar/share/ldlidar//launch/viewer_stl06n.launch.py
[3.506s] -- Symlinking: /home/wheeltec/wheeltec_robot/install/ldlidar/share/ldlidar//launch/viewer_stl06p.launch.py
[3.507s] -- Symlinking: /home/wheeltec/wheeltec_robot/install/ldlidar/share/ldlidar//launch/viewer_stl26.launch.py
[3.507s] -- Symlinking: /home/wheeltec/wheeltec_robot/install/ldlidar/share/ldlidar//launch/viewer_stl27l.launch.py
[3.507s] -- Symlinking: /home/wheeltec/wheeltec_robot/install/ldlidar/share/ldlidar//rviz2/ldlidar.rviz
[3.553s] -- Symlinking: /home/wheeltec/wheeltec_robot/install/ldlidar/share/ament_index/resource_index/package_run_dependencies/ldlidar
[3.644s] -- Symlinking: /home/wheeltec/wheeltec_robot/install/ldlidar/share/ament_index/resource_index/parent_prefix_path/ldlidar
[3.714s] -- Symlinking: /home/wheeltec/wheeltec_robot/install/ldlidar/share/ldlidar/environment/ament_prefix_path.sh
[3.775s] -- Symlinking: /home/wheeltec/wheeltec_robot/install/ldlidar/share/ldlidar/environment/ament_prefix_path.dsv
[3.844s] -- Symlinking: /home/wheeltec/wheeltec_robot/install/ldlidar/share/ldlidar/environment/path.sh
[3.925s] -- Symlinking: /home/wheeltec/wheeltec_robot/install/ldlidar/share/ldlidar/environment/path.dsv
[4.035s] -- Symlinking: /home/wheeltec/wheeltec_robot/install/ldlidar/share/ldlidar/local_setup.bash
[4.097s] -- Symlinking: /home/wheeltec/wheeltec_robot/install/ldlidar/share/ldlidar/local_setup.sh
[4.157s] -- Symlinking: /home/wheeltec/wheeltec_robot/install/ldlidar/share/ldlidar/local_setup.zsh
[4.250s] -- Symlinking: /home/wheeltec/wheeltec_robot/install/ldlidar/share/ldlidar/local_setup.dsv
[4.289s] -- Symlinking: /home/wheeltec/wheeltec_robot/install/ldlidar/share/ldlidar/package.dsv
[4.353s] -- Symlinking: /home/wheeltec/wheeltec_robot/install/ldlidar/share/ament_index/resource_index/packages/ldlidar
[4.434s] -- Symlinking: /home/wheeltec/wheeltec_robot/install/ldlidar/share/ldlidar/cmake/ldlidarConfig.cmake
[4.514s] -- Symlinking: /home/wheeltec/wheeltec_robot/install/ldlidar/share/ldlidar/cmake/ldlidarConfig-version.cmake
[4.581s] -- Symlinking: /home/wheeltec/wheeltec_robot/install/ldlidar/share/ldlidar/package.xml
