[0.030s] Invoking command in '/home/wheeltec/wheeltec_robot/build/ldlidar': CMAKE_PREFIX_PATH=/opt/ros/humble /usr/bin/cmake /home/wheeltec/wheeltec_robot/src/wheeltec_lidar_ros2/LDlidar/ldlidar_stl06n_ros2/ldlidar -DAMENT_CMAKE_SYMLINK_INSTALL=1 -DCMAKE_INSTALL_PREFIX=/home/wheeltec/wheeltec_robot/install/ldlidar
[1.223s] -- The C compiler identification is GNU 11.4.0
[1.224s] -- The CXX compiler identification is GNU 11.4.0
[1.224s] -- Detecting C compiler ABI info
[1.224s] -- Detecting C compiler ABI info - done
[1.225s] -- Check for working C compiler: /usr/bin/cc - skipped
[1.226s] -- Detecting C compile features
[1.227s] -- Detecting C compile features - done
[1.227s] -- Detecting CXX compiler ABI info
[1.227s] -- Detecting CXX compiler ABI info - done
[1.228s] -- Check for working CXX compiler: /usr/bin/c++ - skipped
[1.228s] -- Detecting CXX compile features
[1.229s] -- Detecting CXX compile features - done
[1.229s] -- Found ament_cmake: 1.3.12 (/opt/ros/humble/share/ament_cmake/cmake)
[1.370s] -- Found Python3: /usr/bin/python3 (found version "3.10.12") found components: Interpreter 
[1.492s] -- Override CMake install command with custom implementation using symlinks instead of copying resources
[1.532s] -- Found rclcpp: 16.0.14 (/opt/ros/humble/share/rclcpp/cmake)
[1.592s] -- Found rosidl_generator_c: 3.1.7 (/opt/ros/humble/share/rosidl_generator_c/cmake)
[1.600s] -- Found rosidl_adapter: 3.1.7 (/opt/ros/humble/share/rosidl_adapter/cmake)
[1.611s] -- Found rosidl_generator_cpp: 3.1.7 (/opt/ros/humble/share/rosidl_generator_cpp/cmake)
[1.630s] -- Using all available rosidl_typesupport_c: rosidl_typesupport_fastrtps_c;rosidl_typesupport_introspection_c
[1.654s] -- Using all available rosidl_typesupport_cpp: rosidl_typesupport_fastrtps_cpp;rosidl_typesupport_introspection_cpp
[1.721s] -- Found rmw_implementation_cmake: 6.1.2 (/opt/ros/humble/share/rmw_implementation_cmake/cmake)
[1.726s] -- Found rmw_fastrtps_cpp: 6.2.8 (/opt/ros/humble/share/rmw_fastrtps_cpp/cmake)
[1.883s] -- Found OpenSSL: /usr/lib/aarch64-linux-gnu/libcrypto.so (found version "3.0.2")  
[1.929s] -- Found FastRTPS: /opt/ros/humble/include  
[1.997s] -- Using RMW implementation 'rmw_fastrtps_cpp' as default
[2.032s] -- Looking for pthread.h
[2.150s] -- Looking for pthread.h - found
[2.151s] -- Performing Test CMAKE_HAVE_LIBC_PTHREAD
[2.324s] -- Performing Test CMAKE_HAVE_LIBC_PTHREAD - Success
[2.326s] -- Found Threads: TRUE  
[2.424s] -- Found sensor_msgs: 4.9.0 (/opt/ros/humble/share/sensor_msgs/cmake)
[2.515s] -- Found ament_lint_auto: 0.12.14 (/opt/ros/humble/share/ament_lint_auto/cmake)
[2.699s] -- Added test 'copyright' to check source files copyright and LICENSE
[2.707s] -- Added test 'cppcheck' to perform static code analysis on C / C++ code
[2.708s] -- Configured cppcheck include dirs: /home/wheeltec/wheeltec_robot/src/wheeltec_lidar_ros2/LDlidar/ldlidar_stl06n_ros2/ldlidar/include;/home/wheeltec/wheeltec_robot/src/wheeltec_lidar_ros2/LDlidar/ldlidar_stl06n_ros2/ldlidar/../ldlidar_driver/include/core;/home/wheeltec/wheeltec_robot/src/wheeltec_lidar_ros2/LDlidar/ldlidar_stl06n_ros2/ldlidar/../ldlidar_driver/include/dataprocess;/home/wheeltec/wheeltec_robot/src/wheeltec_lidar_ros2/LDlidar/ldlidar_stl06n_ros2/ldlidar/../ldlidar_driver/include/filter;/home/wheeltec/wheeltec_robot/src/wheeltec_lidar_ros2/LDlidar/ldlidar_stl06n_ros2/ldlidar/../ldlidar_driver/include/logger;/home/wheeltec/wheeltec_robot/src/wheeltec_lidar_ros2/LDlidar/ldlidar_stl06n_ros2/ldlidar/../ldlidar_driver/include/networkcom;/home/wheeltec/wheeltec_robot/src/wheeltec_lidar_ros2/LDlidar/ldlidar_stl06n_ros2/ldlidar/../ldlidar_driver/include/serialcom
[2.708s] -- Configured cppcheck exclude dirs and/or files: 
[2.710s] -- Added test 'cpplint' to check C / C++ code against the Google style
[2.710s] -- Configured cpplint exclude dirs and/or files: 
[2.711s] -- Added test 'flake8' to check Python code syntax and style conventions
[2.718s] -- Added test 'lint_cmake' to check CMake code style
[2.719s] -- Added test 'pep257' to check Python code against some of the docstring style conventions in PEP 257
[2.721s] -- Added test 'uncrustify' to check C / C++ code style
[2.721s] -- Configured uncrustify additional arguments: 
[2.723s] -- Added test 'xmllint' to check XML markup files
[2.726s] -- Configuring done
[2.770s] -- Generating done
[2.777s] -- Build files have been written to: /home/wheeltec/wheeltec_robot/build/ldlidar
