[0.203s] Invoking command in '/home/wheeltec/wheeltec_robot/build/aruco': CMAKE_PREFIX_PATH=${CMAKE_PREFIX_PATH}:/opt/ros/humble /usr/bin/cmake --build /home/wheeltec/wheeltec_robot/build/aruco -- -j8 -l8
[0.329s] [35m[1mConsolidate compiler generated dependencies of target aruco[0m
[0.410s] [100%] Built target aruco
[0.462s] Invoked command in '/home/wheeltec/wheeltec_robot/build/aruco' returned '0': CMAKE_PREFIX_PATH=${CMAKE_PREFIX_PATH}:/opt/ros/humble /usr/bin/cmake --build /home/wheeltec/wheeltec_robot/build/aruco -- -j8 -l8
[0.463s] Invoking command in '/home/wheeltec/wheeltec_robot/build/aruco': CMAKE_PREFIX_PATH=${CMAKE_PREFIX_PATH}:/opt/ros/humble /usr/bin/cmake --install /home/wheeltec/wheeltec_robot/build/aruco
[0.589s] -- Install configuration: ""
[0.589s] -- Execute custom install script
[0.589s] -- Up-to-date symlink: /home/wheeltec/wheeltec_robot/install/aruco/lib/libaruco.so
[0.589s] -- Up-to-date symlink: /home/wheeltec/wheeltec_robot/install/aruco/include/aruco/aruco.h
[0.589s] -- Up-to-date symlink: /home/wheeltec/wheeltec_robot/install/aruco/include/aruco/aruco_cvversioning.h
[0.589s] -- Up-to-date symlink: /home/wheeltec/wheeltec_robot/install/aruco/include/aruco/aruco_export.h
[0.589s] -- Up-to-date symlink: /home/wheeltec/wheeltec_robot/install/aruco/include/aruco/cameraparameters.h
[0.589s] -- Up-to-date symlink: /home/wheeltec/wheeltec_robot/install/aruco/include/aruco/cvdrawingutils.h
[0.590s] -- Up-to-date symlink: /home/wheeltec/wheeltec_robot/install/aruco/include/aruco/debug.h
[0.590s] -- Up-to-date symlink: /home/wheeltec/wheeltec_robot/install/aruco/include/aruco/dictionary.h
[0.590s] -- Up-to-date symlink: /home/wheeltec/wheeltec_robot/install/aruco/include/aruco/dictionary_based.h
[0.590s] -- Up-to-date symlink: /home/wheeltec/wheeltec_robot/install/aruco/include/aruco/fractaldetector.h
[0.590s] -- Up-to-date symlink: /home/wheeltec/wheeltec_robot/install/aruco/include/aruco/fractallabelers/fractallabeler.h
[0.590s] -- Up-to-date symlink: /home/wheeltec/wheeltec_robot/install/aruco/include/aruco/fractallabelers/fractalmarker.h
[0.590s] -- Up-to-date symlink: /home/wheeltec/wheeltec_robot/install/aruco/include/aruco/fractallabelers/fractalmarkerset.h
[0.590s] -- Up-to-date symlink: /home/wheeltec/wheeltec_robot/install/aruco/include/aruco/fractallabelers/fractalposetracker.h
[0.590s] -- Up-to-date symlink: /home/wheeltec/wheeltec_robot/install/aruco/include/aruco/ippe.h
[0.590s] -- Up-to-date symlink: /home/wheeltec/wheeltec_robot/install/aruco/include/aruco/levmarq.h
[0.591s] -- Up-to-date symlink: /home/wheeltec/wheeltec_robot/install/aruco/include/aruco/marker.h
[0.591s] -- Up-to-date symlink: /home/wheeltec/wheeltec_robot/install/aruco/include/aruco/markerdetector.h
[0.591s] -- Up-to-date symlink: /home/wheeltec/wheeltec_robot/install/aruco/include/aruco/markerdetector_impl.h
[0.591s] -- Up-to-date symlink: /home/wheeltec/wheeltec_robot/install/aruco/include/aruco/markerlabeler.h
[0.591s] -- Up-to-date symlink: /home/wheeltec/wheeltec_robot/install/aruco/include/aruco/markermap.h
[0.591s] -- Up-to-date symlink: /home/wheeltec/wheeltec_robot/install/aruco/include/aruco/picoflann.h
[0.591s] -- Up-to-date symlink: /home/wheeltec/wheeltec_robot/install/aruco/include/aruco/posetracker.h
[0.591s] -- Up-to-date symlink: /home/wheeltec/wheeltec_robot/install/aruco/include/aruco/timers.h
[0.591s] -- Up-to-date symlink: /home/wheeltec/wheeltec_robot/install/aruco/share/aruco/environment/library_path.sh
[0.591s] -- Up-to-date symlink: /home/wheeltec/wheeltec_robot/install/aruco/share/aruco/environment/library_path.dsv
[0.592s] -- Up-to-date symlink: /home/wheeltec/wheeltec_robot/install/aruco/share/ament_index/resource_index/package_run_dependencies/aruco
[0.592s] -- Up-to-date symlink: /home/wheeltec/wheeltec_robot/install/aruco/share/ament_index/resource_index/parent_prefix_path/aruco
[0.592s] -- Up-to-date symlink: /home/wheeltec/wheeltec_robot/install/aruco/share/aruco/environment/ament_prefix_path.sh
[0.592s] -- Up-to-date symlink: /home/wheeltec/wheeltec_robot/install/aruco/share/aruco/environment/ament_prefix_path.dsv
[0.592s] -- Up-to-date symlink: /home/wheeltec/wheeltec_robot/install/aruco/share/aruco/environment/path.sh
[0.592s] -- Up-to-date symlink: /home/wheeltec/wheeltec_robot/install/aruco/share/aruco/environment/path.dsv
[0.592s] -- Up-to-date symlink: /home/wheeltec/wheeltec_robot/install/aruco/share/aruco/local_setup.bash
[0.592s] -- Up-to-date symlink: /home/wheeltec/wheeltec_robot/install/aruco/share/aruco/local_setup.sh
[0.592s] -- Up-to-date symlink: /home/wheeltec/wheeltec_robot/install/aruco/share/aruco/local_setup.zsh
[0.592s] -- Up-to-date symlink: /home/wheeltec/wheeltec_robot/install/aruco/share/aruco/local_setup.dsv
[0.593s] -- Symlinking: /home/wheeltec/wheeltec_robot/install/aruco/share/aruco/package.dsv
[0.593s] -- Up-to-date symlink: /home/wheeltec/wheeltec_robot/install/aruco/share/ament_index/resource_index/packages/aruco
[0.593s] -- Up-to-date symlink: /home/wheeltec/wheeltec_robot/install/aruco/share/aruco/cmake/ament_cmake_export_include_directories-extras.cmake
[0.593s] -- Up-to-date symlink: /home/wheeltec/wheeltec_robot/install/aruco/share/aruco/cmake/ament_cmake_export_libraries-extras.cmake
[0.594s] -- Up-to-date symlink: /home/wheeltec/wheeltec_robot/install/aruco/share/aruco/cmake/arucoConfig.cmake
[0.594s] -- Up-to-date symlink: /home/wheeltec/wheeltec_robot/install/aruco/share/aruco/cmake/arucoConfig-version.cmake
[0.594s] -- Up-to-date symlink: /home/wheeltec/wheeltec_robot/install/aruco/share/aruco/package.xml
[0.684s] Invoked command in '/home/wheeltec/wheeltec_robot/build/aruco' returned '0': CMAKE_PREFIX_PATH=${CMAKE_PREFIX_PATH}:/opt/ros/humble /usr/bin/cmake --install /home/wheeltec/wheeltec_robot/build/aruco
