[0.314s] Invoking command in '/home/wheeltec/wheeltec_robot/build/yesense_interface': CMAKE_PREFIX_PATH=/opt/ros/humble /usr/bin/cmake /home/wheeltec/wheeltec_robot/src/wheeltec_imu/yesense_ros2/yesense_interface -DCMAKE_INSTALL_PREFIX=/home/wheeltec/wheeltec_robot/install/yesense_interface
[0.498s] -- Found ament_cmake: 1.3.12 (/opt/ros/humble/share/ament_cmake/cmake)
[0.885s] -- Override CMake install command with custom implementation using symlinks instead of copying resources
[0.979s] -- Found rosidl_default_generators: 1.2.0 (/opt/ros/humble/share/rosidl_default_generators/cmake)
[0.987s] -- Using all available rosidl_typesupport_c: rosidl_typesupport_fastrtps_c;rosidl_typesupport_introspection_c
[0.992s] -- Found rosidl_adapter: 3.1.7 (/opt/ros/humble/share/rosidl_adapter/cmake)
[1.001s] -- Using all available rosidl_typesupport_cpp: rosidl_typesupport_fastrtps_cpp;rosidl_typesupport_introspection_cpp
[2.174s] -- Found ament_cmake_ros: 0.10.0 (/opt/ros/humble/share/ament_cmake_ros/cmake)
[2.887s] -- Using all available rosidl_typesupport_c: rosidl_typesupport_fastrtps_c;rosidl_typesupport_introspection_c
[3.794s] -- Using all available rosidl_typesupport_cpp: rosidl_typesupport_fastrtps_cpp;rosidl_typesupport_introspection_cpp
[3.877s] -- Found python_cmake_module: 0.10.0 (/opt/ros/humble/share/python_cmake_module/cmake)
[3.946s] -- Using PYTHON_EXECUTABLE: /usr/bin/python3
[3.946s] -- Using PYTHON_INCLUDE_DIRS: /usr/include/python3.10
[3.946s] -- Using PYTHON_LIBRARIES: /usr/lib/aarch64-linux-gnu/libpython3.10.so
[3.979s] -- Found ament_lint_auto: 0.12.14 (/opt/ros/humble/share/ament_lint_auto/cmake)
[4.016s] -- Added test 'lint_cmake' to check CMake code style
[4.019s] -- Added test 'xmllint' to check XML markup files
[4.031s] -- Configuring done
[4.282s] -- Generating done
[4.321s] -- Build files have been written to: /home/wheeltec/wheeltec_robot/build/yesense_interface
[4.393s] Invoked command in '/home/wheeltec/wheeltec_robot/build/yesense_interface' returned '0': CMAKE_PREFIX_PATH=/opt/ros/humble /usr/bin/cmake /home/wheeltec/wheeltec_robot/src/wheeltec_imu/yesense_ros2/yesense_interface -DCMAKE_INSTALL_PREFIX=/home/wheeltec/wheeltec_robot/install/yesense_interface
[4.393s] Invoking command in '/home/wheeltec/wheeltec_robot/build/yesense_interface': CMAKE_PREFIX_PATH=/opt/ros/humble /usr/bin/cmake --build /home/wheeltec/wheeltec_robot/build/yesense_interface -- -j8 -l8
[4.587s] [35m[1mConsolidate compiler generated dependencies of target yesense_interface__rosidl_generator_c[0m
[4.638s] [ 12%] Built target yesense_interface__rosidl_generator_c
[4.650s] [ 12%] Built target yesense_interface__cpp
[4.696s] [35m[1mConsolidate compiler generated dependencies of target yesense_interface__rosidl_typesupport_fastrtps_c[0m
[4.725s] [ 12%] Built target ament_cmake_python_symlink_yesense_interface
[4.725s] [35m[1mConsolidate compiler generated dependencies of target yesense_interface__rosidl_typesupport_introspection_cpp[0m
[4.730s] [35m[1mConsolidate compiler generated dependencies of target yesense_interface__rosidl_typesupport_fastrtps_cpp[0m
[4.748s] [35m[1mConsolidate compiler generated dependencies of target yesense_interface__rosidl_typesupport_c[0m
[4.776s] [35m[1mConsolidate compiler generated dependencies of target yesense_interface__rosidl_typesupport_introspection_c[0m
[4.818s] [35m[1mConsolidate compiler generated dependencies of target yesense_interface__rosidl_typesupport_cpp[0m
[4.883s] [ 25%] Built target yesense_interface__rosidl_typesupport_introspection_cpp
[4.895s] [ 37%] Built target yesense_interface__rosidl_typesupport_fastrtps_cpp
[4.918s] [ 49%] Built target yesense_interface__rosidl_typesupport_fastrtps_c
[4.949s] [ 61%] Built target yesense_interface__rosidl_typesupport_introspection_c
[4.971s] [ 73%] Built target yesense_interface__rosidl_typesupport_c
[4.990s] [ 85%] Built target yesense_interface__rosidl_typesupport_cpp
[5.123s] [ 85%] Built target yesense_interface
[5.249s] [ 86%] Built target yesense_interface__py
[5.381s] [35m[1mConsolidate compiler generated dependencies of target yesense_interface__rosidl_generator_py[0m
[5.546s] [ 97%] Built target yesense_interface__rosidl_generator_py
[5.622s] [35m[1mConsolidate compiler generated dependencies of target yesense_interface__rosidl_typesupport_c__pyext[0m
[5.624s] [35m[1mConsolidate compiler generated dependencies of target yesense_interface__rosidl_typesupport_fastrtps_c__pyext[0m
[5.630s] [35m[1mConsolidate compiler generated dependencies of target yesense_interface__rosidl_typesupport_introspection_c__pyext[0m
[5.712s] [ 98%] Built target yesense_interface__rosidl_typesupport_fastrtps_c__pyext
[5.749s] [ 99%] Built target yesense_interface__rosidl_typesupport_c__pyext
[5.749s] [100%] Built target yesense_interface__rosidl_typesupport_introspection_c__pyext
[5.765s] running egg_info
[5.800s] writing yesense_interface.egg-info/PKG-INFO
[5.801s] writing dependency_links to yesense_interface.egg-info/dependency_links.txt
[5.803s] writing top-level names to yesense_interface.egg-info/top_level.txt
[5.946s] reading manifest file 'yesense_interface.egg-info/SOURCES.txt'
[5.957s] writing manifest file 'yesense_interface.egg-info/SOURCES.txt'
[6.081s] [100%] Built target ament_cmake_python_build_yesense_interface_egg
[6.148s] Invoked command in '/home/wheeltec/wheeltec_robot/build/yesense_interface' returned '0': CMAKE_PREFIX_PATH=/opt/ros/humble /usr/bin/cmake --build /home/wheeltec/wheeltec_robot/build/yesense_interface -- -j8 -l8
[6.149s] Invoking command in '/home/wheeltec/wheeltec_robot/build/yesense_interface': CMAKE_PREFIX_PATH=/opt/ros/humble /usr/bin/cmake --install /home/wheeltec/wheeltec_robot/build/yesense_interface
[6.963s] -- Install configuration: ""
[6.964s] -- Execute custom install script
[6.965s] -- Up-to-date symlink: /home/wheeltec/wheeltec_robot/install/yesense_interface/share/ament_index/resource_index/rosidl_interfaces/yesense_interface
[6.965s] -- Up-to-date symlink: /home/wheeltec/wheeltec_robot/install/yesense_interface/include/yesense_interface/yesense_interface/msg/attitude_all_data.h
[6.965s] -- Up-to-date symlink: /home/wheeltec/wheeltec_robot/install/yesense_interface/include/yesense_interface/yesense_interface/msg/attitude_min_ahrs.h
[6.965s] -- Up-to-date symlink: /home/wheeltec/wheeltec_robot/install/yesense_interface/include/yesense_interface/yesense_interface/msg/attitude_min_vru.h
[6.966s] -- Up-to-date symlink: /home/wheeltec/wheeltec_robot/install/yesense_interface/include/yesense_interface/yesense_interface/msg/detail/attitude_all_data__functions.h
[6.966s] -- Up-to-date symlink: /home/wheeltec/wheeltec_robot/install/yesense_interface/include/yesense_interface/yesense_interface/msg/detail/attitude_all_data__struct.h
[6.966s] -- Up-to-date symlink: /home/wheeltec/wheeltec_robot/install/yesense_interface/include/yesense_interface/yesense_interface/msg/detail/attitude_all_data__type_support.h
[6.966s] -- Up-to-date symlink: /home/wheeltec/wheeltec_robot/install/yesense_interface/include/yesense_interface/yesense_interface/msg/detail/attitude_min_ahrs__functions.h
[6.966s] -- Up-to-date symlink: /home/wheeltec/wheeltec_robot/install/yesense_interface/include/yesense_interface/yesense_interface/msg/detail/attitude_min_ahrs__struct.h
[6.966s] -- Up-to-date symlink: /home/wheeltec/wheeltec_robot/install/yesense_interface/include/yesense_interface/yesense_interface/msg/detail/attitude_min_ahrs__type_support.h
[6.966s] -- Up-to-date symlink: /home/wheeltec/wheeltec_robot/install/yesense_interface/include/yesense_interface/yesense_interface/msg/detail/attitude_min_vru__functions.h
[6.966s] -- Up-to-date symlink: /home/wheeltec/wheeltec_robot/install/yesense_interface/include/yesense_interface/yesense_interface/msg/detail/attitude_min_vru__struct.h
[6.966s] -- Up-to-date symlink: /home/wheeltec/wheeltec_robot/install/yesense_interface/include/yesense_interface/yesense_interface/msg/detail/attitude_min_vru__type_support.h
[6.966s] -- Up-to-date symlink: /home/wheeltec/wheeltec_robot/install/yesense_interface/include/yesense_interface/yesense_interface/msg/detail/euler_angle__functions.h
[6.967s] -- Up-to-date symlink: /home/wheeltec/wheeltec_robot/install/yesense_interface/include/yesense_interface/yesense_interface/msg/detail/euler_angle__struct.h
[6.967s] -- Up-to-date symlink: /home/wheeltec/wheeltec_robot/install/yesense_interface/include/yesense_interface/yesense_interface/msg/detail/euler_angle__type_support.h
[6.967s] -- Up-to-date symlink: /home/wheeltec/wheeltec_robot/install/yesense_interface/include/yesense_interface/yesense_interface/msg/detail/euler_only__functions.h
[6.967s] -- Up-to-date symlink: /home/wheeltec/wheeltec_robot/install/yesense_interface/include/yesense_interface/yesense_interface/msg/detail/euler_only__struct.h
[6.967s] -- Up-to-date symlink: /home/wheeltec/wheeltec_robot/install/yesense_interface/include/yesense_interface/yesense_interface/msg/detail/euler_only__type_support.h
[6.967s] -- Up-to-date symlink: /home/wheeltec/wheeltec_robot/install/yesense_interface/include/yesense_interface/yesense_interface/msg/detail/gnss_pos__functions.h
[6.967s] -- Up-to-date symlink: /home/wheeltec/wheeltec_robot/install/yesense_interface/include/yesense_interface/yesense_interface/msg/detail/gnss_pos__struct.h
[6.967s] -- Up-to-date symlink: /home/wheeltec/wheeltec_robot/install/yesense_interface/include/yesense_interface/yesense_interface/msg/detail/gnss_pos__type_support.h
[6.968s] -- Up-to-date symlink: /home/wheeltec/wheeltec_robot/install/yesense_interface/include/yesense_interface/yesense_interface/msg/detail/imu_data__functions.h
[6.968s] -- Up-to-date symlink: /home/wheeltec/wheeltec_robot/install/yesense_interface/include/yesense_interface/yesense_interface/msg/detail/imu_data__struct.h
[6.968s] -- Up-to-date symlink: /home/wheeltec/wheeltec_robot/install/yesense_interface/include/yesense_interface/yesense_interface/msg/detail/imu_data__type_support.h
[6.968s] -- Up-to-date symlink: /home/wheeltec/wheeltec_robot/install/yesense_interface/include/yesense_interface/yesense_interface/msg/detail/imu_data_ten_axis__functions.h
[6.968s] -- Up-to-date symlink: /home/wheeltec/wheeltec_robot/install/yesense_interface/include/yesense_interface/yesense_interface/msg/detail/imu_data_ten_axis__struct.h
[6.969s] -- Up-to-date symlink: /home/wheeltec/wheeltec_robot/install/yesense_interface/include/yesense_interface/yesense_interface/msg/detail/imu_data_ten_axis__type_support.h
[6.972s] -- Up-to-date symlink: /home/wheeltec/wheeltec_robot/install/yesense_interface/include/yesense_interface/yesense_interface/msg/detail/nav_all__functions.h
[6.973s] -- Up-to-date symlink: /home/wheeltec/wheeltec_robot/install/yesense_interface/include/yesense_interface/yesense_interface/msg/detail/nav_all__struct.h
[6.973s] -- Up-to-date symlink: /home/wheeltec/wheeltec_robot/install/yesense_interface/include/yesense_interface/yesense_interface/msg/detail/nav_all__type_support.h
[6.973s] -- Up-to-date symlink: /home/wheeltec/wheeltec_robot/install/yesense_interface/include/yesense_interface/yesense_interface/msg/detail/nav_min__functions.h
[6.973s] -- Up-to-date symlink: /home/wheeltec/wheeltec_robot/install/yesense_interface/include/yesense_interface/yesense_interface/msg/detail/nav_min__struct.h
[6.973s] -- Up-to-date symlink: /home/wheeltec/wheeltec_robot/install/yesense_interface/include/yesense_interface/yesense_interface/msg/detail/nav_min__type_support.h
[6.973s] -- Up-to-date symlink: /home/wheeltec/wheeltec_robot/install/yesense_interface/include/yesense_interface/yesense_interface/msg/detail/nav_min_utc__functions.h
[6.975s] -- Up-to-date symlink: /home/wheeltec/wheeltec_robot/install/yesense_interface/include/yesense_interface/yesense_interface/msg/detail/nav_min_utc__struct.h
[6.975s] -- Up-to-date symlink: /home/wheeltec/wheeltec_robot/install/yesense_interface/include/yesense_interface/yesense_interface/msg/detail/nav_min_utc__type_support.h
[6.975s] -- Up-to-date symlink: /home/wheeltec/wheeltec_robot/install/yesense_interface/include/yesense_interface/yesense_interface/msg/detail/nav_status__functions.h
[6.975s] -- Up-to-date symlink: /home/wheeltec/wheeltec_robot/install/yesense_interface/include/yesense_interface/yesense_interface/msg/detail/nav_status__struct.h
[6.975s] -- Up-to-date symlink: /home/wheeltec/wheeltec_robot/install/yesense_interface/include/yesense_interface/yesense_interface/msg/detail/nav_status__type_support.h
[6.976s] -- Up-to-date symlink: /home/wheeltec/wheeltec_robot/install/yesense_interface/include/yesense_interface/yesense_interface/msg/detail/pos_only__functions.h
[6.976s] -- Up-to-date symlink: /home/wheeltec/wheeltec_robot/install/yesense_interface/include/yesense_interface/yesense_interface/msg/detail/pos_only__struct.h
[6.976s] -- Up-to-date symlink: /home/wheeltec/wheeltec_robot/install/yesense_interface/include/yesense_interface/yesense_interface/msg/detail/pos_only__type_support.h
[6.976s] -- Up-to-date symlink: /home/wheeltec/wheeltec_robot/install/yesense_interface/include/yesense_interface/yesense_interface/msg/detail/pressure__functions.h
[6.976s] -- Up-to-date symlink: /home/wheeltec/wheeltec_robot/install/yesense_interface/include/yesense_interface/yesense_interface/msg/detail/pressure__struct.h
[6.976s] -- Up-to-date symlink: /home/wheeltec/wheeltec_robot/install/yesense_interface/include/yesense_interface/yesense_interface/msg/detail/pressure__type_support.h
[6.976s] -- Up-to-date symlink: /home/wheeltec/wheeltec_robot/install/yesense_interface/include/yesense_interface/yesense_interface/msg/detail/quat__functions.h
[6.976s] -- Up-to-date symlink: /home/wheeltec/wheeltec_robot/install/yesense_interface/include/yesense_interface/yesense_interface/msg/detail/quat__struct.h
[6.976s] -- Up-to-date symlink: /home/wheeltec/wheeltec_robot/install/yesense_interface/include/yesense_interface/yesense_interface/msg/detail/quat__type_support.h
[6.977s] -- Up-to-date symlink: /home/wheeltec/wheeltec_robot/install/yesense_interface/include/yesense_interface/yesense_interface/msg/detail/robot_lord__functions.h
[6.977s] -- Up-to-date symlink: /home/wheeltec/wheeltec_robot/install/yesense_interface/include/yesense_interface/yesense_interface/msg/detail/robot_lord__struct.h
[6.977s] -- Up-to-date symlink: /home/wheeltec/wheeltec_robot/install/yesense_interface/include/yesense_interface/yesense_interface/msg/detail/robot_lord__type_support.h
[6.977s] -- Up-to-date symlink: /home/wheeltec/wheeltec_robot/install/yesense_interface/include/yesense_interface/yesense_interface/msg/detail/sample_timestamp__functions.h
[6.977s] -- Up-to-date symlink: /home/wheeltec/wheeltec_robot/install/yesense_interface/include/yesense_interface/yesense_interface/msg/detail/sample_timestamp__struct.h
[6.977s] -- Up-to-date symlink: /home/wheeltec/wheeltec_robot/install/yesense_interface/include/yesense_interface/yesense_interface/msg/detail/sample_timestamp__type_support.h
[6.978s] -- Up-to-date symlink: /home/wheeltec/wheeltec_robot/install/yesense_interface/include/yesense_interface/yesense_interface/msg/detail/sensor_temp__functions.h
[6.978s] -- Up-to-date symlink: /home/wheeltec/wheeltec_robot/install/yesense_interface/include/yesense_interface/yesense_interface/msg/detail/sensor_temp__struct.h
[6.978s] -- Up-to-date symlink: /home/wheeltec/wheeltec_robot/install/yesense_interface/include/yesense_interface/yesense_interface/msg/detail/sensor_temp__type_support.h
[6.978s] -- Up-to-date symlink: /home/wheeltec/wheeltec_robot/install/yesense_interface/include/yesense_interface/yesense_interface/msg/detail/three_axis__functions.h
[6.978s] -- Up-to-date symlink: /home/wheeltec/wheeltec_robot/install/yesense_interface/include/yesense_interface/yesense_interface/msg/detail/three_axis__struct.h
[6.978s] -- Up-to-date symlink: /home/wheeltec/wheeltec_robot/install/yesense_interface/include/yesense_interface/yesense_interface/msg/detail/three_axis__type_support.h
[6.978s] -- Up-to-date symlink: /home/wheeltec/wheeltec_robot/install/yesense_interface/include/yesense_interface/yesense_interface/msg/detail/tid__functions.h
[6.978s] -- Up-to-date symlink: /home/wheeltec/wheeltec_robot/install/yesense_interface/include/yesense_interface/yesense_interface/msg/detail/tid__struct.h
[6.978s] -- Up-to-date symlink: /home/wheeltec/wheeltec_robot/install/yesense_interface/include/yesense_interface/yesense_interface/msg/detail/tid__type_support.h
[6.979s] -- Up-to-date symlink: /home/wheeltec/wheeltec_robot/install/yesense_interface/include/yesense_interface/yesense_interface/msg/detail/utc__functions.h
[6.979s] -- Up-to-date symlink: /home/wheeltec/wheeltec_robot/install/yesense_interface/include/yesense_interface/yesense_interface/msg/detail/utc__struct.h
[6.979s] -- Up-to-date symlink: /home/wheeltec/wheeltec_robot/install/yesense_interface/include/yesense_interface/yesense_interface/msg/detail/utc__type_support.h
[6.979s] -- Up-to-date symlink: /home/wheeltec/wheeltec_robot/install/yesense_interface/include/yesense_interface/yesense_interface/msg/detail/vel__functions.h
[6.979s] -- Up-to-date symlink: /home/wheeltec/wheeltec_robot/install/yesense_interface/include/yesense_interface/yesense_interface/msg/detail/vel__struct.h
[6.979s] -- Up-to-date symlink: /home/wheeltec/wheeltec_robot/install/yesense_interface/include/yesense_interface/yesense_interface/msg/detail/vel__type_support.h
[6.979s] -- Up-to-date symlink: /home/wheeltec/wheeltec_robot/install/yesense_interface/include/yesense_interface/yesense_interface/msg/euler_angle.h
[6.979s] -- Up-to-date symlink: /home/wheeltec/wheeltec_robot/install/yesense_interface/include/yesense_interface/yesense_interface/msg/euler_only.h
[6.980s] -- Up-to-date symlink: /home/wheeltec/wheeltec_robot/install/yesense_interface/include/yesense_interface/yesense_interface/msg/gnss_pos.h
[6.980s] -- Up-to-date symlink: /home/wheeltec/wheeltec_robot/install/yesense_interface/include/yesense_interface/yesense_interface/msg/imu_data.h
[6.980s] -- Up-to-date symlink: /home/wheeltec/wheeltec_robot/install/yesense_interface/include/yesense_interface/yesense_interface/msg/imu_data_ten_axis.h
[6.980s] -- Up-to-date symlink: /home/wheeltec/wheeltec_robot/install/yesense_interface/include/yesense_interface/yesense_interface/msg/nav_all.h
[6.980s] -- Up-to-date symlink: /home/wheeltec/wheeltec_robot/install/yesense_interface/include/yesense_interface/yesense_interface/msg/nav_min.h
[6.980s] -- Up-to-date symlink: /home/wheeltec/wheeltec_robot/install/yesense_interface/include/yesense_interface/yesense_interface/msg/nav_min_utc.h
[6.980s] -- Up-to-date symlink: /home/wheeltec/wheeltec_robot/install/yesense_interface/include/yesense_interface/yesense_interface/msg/nav_status.h
[6.980s] -- Up-to-date symlink: /home/wheeltec/wheeltec_robot/install/yesense_interface/include/yesense_interface/yesense_interface/msg/pos_only.h
[6.981s] -- Up-to-date symlink: /home/wheeltec/wheeltec_robot/install/yesense_interface/include/yesense_interface/yesense_interface/msg/pressure.h
[6.981s] -- Up-to-date symlink: /home/wheeltec/wheeltec_robot/install/yesense_interface/include/yesense_interface/yesense_interface/msg/quat.h
[6.981s] -- Up-to-date symlink: /home/wheeltec/wheeltec_robot/install/yesense_interface/include/yesense_interface/yesense_interface/msg/robot_lord.h
[6.981s] -- Up-to-date symlink: /home/wheeltec/wheeltec_robot/install/yesense_interface/include/yesense_interface/yesense_interface/msg/rosidl_generator_c__visibility_control.h
[6.981s] -- Up-to-date symlink: /home/wheeltec/wheeltec_robot/install/yesense_interface/include/yesense_interface/yesense_interface/msg/sample_timestamp.h
[6.981s] -- Up-to-date symlink: /home/wheeltec/wheeltec_robot/install/yesense_interface/include/yesense_interface/yesense_interface/msg/sensor_temp.h
[6.981s] -- Up-to-date symlink: /home/wheeltec/wheeltec_robot/install/yesense_interface/include/yesense_interface/yesense_interface/msg/three_axis.h
[6.981s] -- Up-to-date symlink: /home/wheeltec/wheeltec_robot/install/yesense_interface/include/yesense_interface/yesense_interface/msg/tid.h
[6.981s] -- Up-to-date symlink: /home/wheeltec/wheeltec_robot/install/yesense_interface/include/yesense_interface/yesense_interface/msg/utc.h
[6.981s] -- Up-to-date symlink: /home/wheeltec/wheeltec_robot/install/yesense_interface/include/yesense_interface/yesense_interface/msg/vel.h
[6.982s] -- Up-to-date symlink: /home/wheeltec/wheeltec_robot/install/yesense_interface/share/yesense_interface/environment/library_path.sh
[6.982s] -- Up-to-date symlink: /home/wheeltec/wheeltec_robot/install/yesense_interface/share/yesense_interface/environment/library_path.dsv
[6.982s] -- Up-to-date symlink: /home/wheeltec/wheeltec_robot/install/yesense_interface/include/yesense_interface/yesense_interface/msg/detail/attitude_all_data__rosidl_typesupport_fastrtps_c.h
[6.982s] -- Up-to-date symlink: /home/wheeltec/wheeltec_robot/install/yesense_interface/include/yesense_interface/yesense_interface/msg/detail/attitude_min_ahrs__rosidl_typesupport_fastrtps_c.h
[6.982s] -- Up-to-date symlink: /home/wheeltec/wheeltec_robot/install/yesense_interface/include/yesense_interface/yesense_interface/msg/detail/attitude_min_vru__rosidl_typesupport_fastrtps_c.h
[6.982s] -- Up-to-date symlink: /home/wheeltec/wheeltec_robot/install/yesense_interface/include/yesense_interface/yesense_interface/msg/detail/euler_angle__rosidl_typesupport_fastrtps_c.h
[6.982s] -- Up-to-date symlink: /home/wheeltec/wheeltec_robot/install/yesense_interface/include/yesense_interface/yesense_interface/msg/detail/euler_only__rosidl_typesupport_fastrtps_c.h
[6.982s] -- Up-to-date symlink: /home/wheeltec/wheeltec_robot/install/yesense_interface/include/yesense_interface/yesense_interface/msg/detail/gnss_pos__rosidl_typesupport_fastrtps_c.h
[6.982s] -- Up-to-date symlink: /home/wheeltec/wheeltec_robot/install/yesense_interface/include/yesense_interface/yesense_interface/msg/detail/imu_data__rosidl_typesupport_fastrtps_c.h
[6.982s] -- Up-to-date symlink: /home/wheeltec/wheeltec_robot/install/yesense_interface/include/yesense_interface/yesense_interface/msg/detail/imu_data_ten_axis__rosidl_typesupport_fastrtps_c.h
[6.983s] -- Up-to-date symlink: /home/wheeltec/wheeltec_robot/install/yesense_interface/include/yesense_interface/yesense_interface/msg/detail/nav_all__rosidl_typesupport_fastrtps_c.h
[6.983s] -- Up-to-date symlink: /home/wheeltec/wheeltec_robot/install/yesense_interface/include/yesense_interface/yesense_interface/msg/detail/nav_min__rosidl_typesupport_fastrtps_c.h
[6.983s] -- Up-to-date symlink: /home/wheeltec/wheeltec_robot/install/yesense_interface/include/yesense_interface/yesense_interface/msg/detail/nav_min_utc__rosidl_typesupport_fastrtps_c.h
[6.984s] -- Up-to-date symlink: /home/wheeltec/wheeltec_robot/install/yesense_interface/include/yesense_interface/yesense_interface/msg/detail/nav_status__rosidl_typesupport_fastrtps_c.h
[6.998s] -- Up-to-date symlink: /home/wheeltec/wheeltec_robot/install/yesense_interface/include/yesense_interface/yesense_interface/msg/detail/pos_only__rosidl_typesupport_fastrtps_c.h
[6.999s] -- Up-to-date symlink: /home/wheeltec/wheeltec_robot/install/yesense_interface/include/yesense_interface/yesense_interface/msg/detail/pressure__rosidl_typesupport_fastrtps_c.h
[6.999s] -- Up-to-date symlink: /home/wheeltec/wheeltec_robot/install/yesense_interface/include/yesense_interface/yesense_interface/msg/detail/quat__rosidl_typesupport_fastrtps_c.h
[6.999s] -- Up-to-date symlink: /home/wheeltec/wheeltec_robot/install/yesense_interface/include/yesense_interface/yesense_interface/msg/detail/robot_lord__rosidl_typesupport_fastrtps_c.h
[6.999s] -- Up-to-date symlink: /home/wheeltec/wheeltec_robot/install/yesense_interface/include/yesense_interface/yesense_interface/msg/detail/sample_timestamp__rosidl_typesupport_fastrtps_c.h
[6.999s] -- Up-to-date symlink: /home/wheeltec/wheeltec_robot/install/yesense_interface/include/yesense_interface/yesense_interface/msg/detail/sensor_temp__rosidl_typesupport_fastrtps_c.h
[7.000s] -- Up-to-date symlink: /home/wheeltec/wheeltec_robot/install/yesense_interface/include/yesense_interface/yesense_interface/msg/detail/three_axis__rosidl_typesupport_fastrtps_c.h
[7.000s] -- Up-to-date symlink: /home/wheeltec/wheeltec_robot/install/yesense_interface/include/yesense_interface/yesense_interface/msg/detail/tid__rosidl_typesupport_fastrtps_c.h
[7.001s] -- Up-to-date symlink: /home/wheeltec/wheeltec_robot/install/yesense_interface/include/yesense_interface/yesense_interface/msg/detail/utc__rosidl_typesupport_fastrtps_c.h
[7.001s] -- Up-to-date symlink: /home/wheeltec/wheeltec_robot/install/yesense_interface/include/yesense_interface/yesense_interface/msg/detail/vel__rosidl_typesupport_fastrtps_c.h
[7.001s] -- Up-to-date symlink: /home/wheeltec/wheeltec_robot/install/yesense_interface/include/yesense_interface/yesense_interface/msg/rosidl_typesupport_fastrtps_c__visibility_control.h
[7.001s] -- Up-to-date symlink: /home/wheeltec/wheeltec_robot/install/yesense_interface/include/yesense_interface/yesense_interface/msg/detail/attitude_all_data__rosidl_typesupport_introspection_c.h
[7.001s] -- Up-to-date symlink: /home/wheeltec/wheeltec_robot/install/yesense_interface/include/yesense_interface/yesense_interface/msg/detail/attitude_min_ahrs__rosidl_typesupport_introspection_c.h
[7.001s] -- Up-to-date symlink: /home/wheeltec/wheeltec_robot/install/yesense_interface/include/yesense_interface/yesense_interface/msg/detail/attitude_min_vru__rosidl_typesupport_introspection_c.h
[7.001s] -- Up-to-date symlink: /home/wheeltec/wheeltec_robot/install/yesense_interface/include/yesense_interface/yesense_interface/msg/detail/euler_angle__rosidl_typesupport_introspection_c.h
[7.001s] -- Up-to-date symlink: /home/wheeltec/wheeltec_robot/install/yesense_interface/include/yesense_interface/yesense_interface/msg/detail/euler_only__rosidl_typesupport_introspection_c.h
[7.001s] -- Up-to-date symlink: /home/wheeltec/wheeltec_robot/install/yesense_interface/include/yesense_interface/yesense_interface/msg/detail/gnss_pos__rosidl_typesupport_introspection_c.h
[7.001s] -- Up-to-date symlink: /home/wheeltec/wheeltec_robot/install/yesense_interface/include/yesense_interface/yesense_interface/msg/detail/imu_data__rosidl_typesupport_introspection_c.h
[7.002s] -- Up-to-date symlink: /home/wheeltec/wheeltec_robot/install/yesense_interface/include/yesense_interface/yesense_interface/msg/detail/imu_data_ten_axis__rosidl_typesupport_introspection_c.h
[7.002s] -- Up-to-date symlink: /home/wheeltec/wheeltec_robot/install/yesense_interface/include/yesense_interface/yesense_interface/msg/detail/nav_all__rosidl_typesupport_introspection_c.h
[7.002s] -- Up-to-date symlink: /home/wheeltec/wheeltec_robot/install/yesense_interface/include/yesense_interface/yesense_interface/msg/detail/nav_min__rosidl_typesupport_introspection_c.h
[7.002s] -- Up-to-date symlink: /home/wheeltec/wheeltec_robot/install/yesense_interface/include/yesense_interface/yesense_interface/msg/detail/nav_min_utc__rosidl_typesupport_introspection_c.h
[7.002s] -- Up-to-date symlink: /home/wheeltec/wheeltec_robot/install/yesense_interface/include/yesense_interface/yesense_interface/msg/detail/nav_status__rosidl_typesupport_introspection_c.h
[7.002s] -- Up-to-date symlink: /home/wheeltec/wheeltec_robot/install/yesense_interface/include/yesense_interface/yesense_interface/msg/detail/pos_only__rosidl_typesupport_introspection_c.h
[7.002s] -- Up-to-date symlink: /home/wheeltec/wheeltec_robot/install/yesense_interface/include/yesense_interface/yesense_interface/msg/detail/pressure__rosidl_typesupport_introspection_c.h
[7.002s] -- Up-to-date symlink: /home/wheeltec/wheeltec_robot/install/yesense_interface/include/yesense_interface/yesense_interface/msg/detail/quat__rosidl_typesupport_introspection_c.h
[7.002s] -- Up-to-date symlink: /home/wheeltec/wheeltec_robot/install/yesense_interface/include/yesense_interface/yesense_interface/msg/detail/robot_lord__rosidl_typesupport_introspection_c.h
[7.002s] -- Up-to-date symlink: /home/wheeltec/wheeltec_robot/install/yesense_interface/include/yesense_interface/yesense_interface/msg/detail/sample_timestamp__rosidl_typesupport_introspection_c.h
[7.003s] -- Up-to-date symlink: /home/wheeltec/wheeltec_robot/install/yesense_interface/include/yesense_interface/yesense_interface/msg/detail/sensor_temp__rosidl_typesupport_introspection_c.h
[7.003s] -- Up-to-date symlink: /home/wheeltec/wheeltec_robot/install/yesense_interface/include/yesense_interface/yesense_interface/msg/detail/three_axis__rosidl_typesupport_introspection_c.h
[7.003s] -- Up-to-date symlink: /home/wheeltec/wheeltec_robot/install/yesense_interface/include/yesense_interface/yesense_interface/msg/detail/tid__rosidl_typesupport_introspection_c.h
[7.003s] -- Up-to-date symlink: /home/wheeltec/wheeltec_robot/install/yesense_interface/include/yesense_interface/yesense_interface/msg/detail/utc__rosidl_typesupport_introspection_c.h
[7.003s] -- Up-to-date symlink: /home/wheeltec/wheeltec_robot/install/yesense_interface/include/yesense_interface/yesense_interface/msg/detail/vel__rosidl_typesupport_introspection_c.h
[7.003s] -- Up-to-date symlink: /home/wheeltec/wheeltec_robot/install/yesense_interface/include/yesense_interface/yesense_interface/msg/rosidl_typesupport_introspection_c__visibility_control.h
[7.003s] -- Up-to-date symlink: /home/wheeltec/wheeltec_robot/install/yesense_interface/include/yesense_interface/yesense_interface/msg/attitude_all_data.hpp
[7.003s] -- Up-to-date symlink: /home/wheeltec/wheeltec_robot/install/yesense_interface/include/yesense_interface/yesense_interface/msg/attitude_min_ahrs.hpp
[7.003s] -- Up-to-date symlink: /home/wheeltec/wheeltec_robot/install/yesense_interface/include/yesense_interface/yesense_interface/msg/attitude_min_vru.hpp
[7.003s] -- Up-to-date symlink: /home/wheeltec/wheeltec_robot/install/yesense_interface/include/yesense_interface/yesense_interface/msg/detail/attitude_all_data__builder.hpp
[7.004s] -- Up-to-date symlink: /home/wheeltec/wheeltec_robot/install/yesense_interface/include/yesense_interface/yesense_interface/msg/detail/attitude_all_data__struct.hpp
[7.004s] -- Up-to-date symlink: /home/wheeltec/wheeltec_robot/install/yesense_interface/include/yesense_interface/yesense_interface/msg/detail/attitude_all_data__traits.hpp
[7.004s] -- Up-to-date symlink: /home/wheeltec/wheeltec_robot/install/yesense_interface/include/yesense_interface/yesense_interface/msg/detail/attitude_all_data__type_support.hpp
[7.004s] -- Up-to-date symlink: /home/wheeltec/wheeltec_robot/install/yesense_interface/include/yesense_interface/yesense_interface/msg/detail/attitude_min_ahrs__builder.hpp
[7.004s] -- Up-to-date symlink: /home/wheeltec/wheeltec_robot/install/yesense_interface/include/yesense_interface/yesense_interface/msg/detail/attitude_min_ahrs__struct.hpp
[7.004s] -- Up-to-date symlink: /home/wheeltec/wheeltec_robot/install/yesense_interface/include/yesense_interface/yesense_interface/msg/detail/attitude_min_ahrs__traits.hpp
[7.004s] -- Up-to-date symlink: /home/wheeltec/wheeltec_robot/install/yesense_interface/include/yesense_interface/yesense_interface/msg/detail/attitude_min_ahrs__type_support.hpp
[7.004s] -- Up-to-date symlink: /home/wheeltec/wheeltec_robot/install/yesense_interface/include/yesense_interface/yesense_interface/msg/detail/attitude_min_vru__builder.hpp
[7.004s] -- Up-to-date symlink: /home/wheeltec/wheeltec_robot/install/yesense_interface/include/yesense_interface/yesense_interface/msg/detail/attitude_min_vru__struct.hpp
[7.004s] -- Up-to-date symlink: /home/wheeltec/wheeltec_robot/install/yesense_interface/include/yesense_interface/yesense_interface/msg/detail/attitude_min_vru__traits.hpp
[7.005s] -- Up-to-date symlink: /home/wheeltec/wheeltec_robot/install/yesense_interface/include/yesense_interface/yesense_interface/msg/detail/attitude_min_vru__type_support.hpp
[7.005s] -- Up-to-date symlink: /home/wheeltec/wheeltec_robot/install/yesense_interface/include/yesense_interface/yesense_interface/msg/detail/euler_angle__builder.hpp
[7.005s] -- Up-to-date symlink: /home/wheeltec/wheeltec_robot/install/yesense_interface/include/yesense_interface/yesense_interface/msg/detail/euler_angle__struct.hpp
[7.005s] -- Up-to-date symlink: /home/wheeltec/wheeltec_robot/install/yesense_interface/include/yesense_interface/yesense_interface/msg/detail/euler_angle__traits.hpp
[7.005s] -- Up-to-date symlink: /home/wheeltec/wheeltec_robot/install/yesense_interface/include/yesense_interface/yesense_interface/msg/detail/euler_angle__type_support.hpp
[7.005s] -- Up-to-date symlink: /home/wheeltec/wheeltec_robot/install/yesense_interface/include/yesense_interface/yesense_interface/msg/detail/euler_only__builder.hpp
[7.005s] -- Up-to-date symlink: /home/wheeltec/wheeltec_robot/install/yesense_interface/include/yesense_interface/yesense_interface/msg/detail/euler_only__struct.hpp
[7.005s] -- Up-to-date symlink: /home/wheeltec/wheeltec_robot/install/yesense_interface/include/yesense_interface/yesense_interface/msg/detail/euler_only__traits.hpp
[7.005s] -- Up-to-date symlink: /home/wheeltec/wheeltec_robot/install/yesense_interface/include/yesense_interface/yesense_interface/msg/detail/euler_only__type_support.hpp
[7.005s] -- Up-to-date symlink: /home/wheeltec/wheeltec_robot/install/yesense_interface/include/yesense_interface/yesense_interface/msg/detail/gnss_pos__builder.hpp
[7.006s] -- Up-to-date symlink: /home/wheeltec/wheeltec_robot/install/yesense_interface/include/yesense_interface/yesense_interface/msg/detail/gnss_pos__struct.hpp
[7.006s] -- Up-to-date symlink: /home/wheeltec/wheeltec_robot/install/yesense_interface/include/yesense_interface/yesense_interface/msg/detail/gnss_pos__traits.hpp
[7.006s] -- Up-to-date symlink: /home/wheeltec/wheeltec_robot/install/yesense_interface/include/yesense_interface/yesense_interface/msg/detail/gnss_pos__type_support.hpp
[7.006s] -- Up-to-date symlink: /home/wheeltec/wheeltec_robot/install/yesense_interface/include/yesense_interface/yesense_interface/msg/detail/imu_data__builder.hpp
[7.006s] -- Up-to-date symlink: /home/wheeltec/wheeltec_robot/install/yesense_interface/include/yesense_interface/yesense_interface/msg/detail/imu_data__struct.hpp
[7.006s] -- Up-to-date symlink: /home/wheeltec/wheeltec_robot/install/yesense_interface/include/yesense_interface/yesense_interface/msg/detail/imu_data__traits.hpp
[7.006s] -- Up-to-date symlink: /home/wheeltec/wheeltec_robot/install/yesense_interface/include/yesense_interface/yesense_interface/msg/detail/imu_data__type_support.hpp
[7.006s] -- Up-to-date symlink: /home/wheeltec/wheeltec_robot/install/yesense_interface/include/yesense_interface/yesense_interface/msg/detail/imu_data_ten_axis__builder.hpp
[7.006s] -- Up-to-date symlink: /home/wheeltec/wheeltec_robot/install/yesense_interface/include/yesense_interface/yesense_interface/msg/detail/imu_data_ten_axis__struct.hpp
[7.007s] -- Up-to-date symlink: /home/wheeltec/wheeltec_robot/install/yesense_interface/include/yesense_interface/yesense_interface/msg/detail/imu_data_ten_axis__traits.hpp
[7.007s] -- Up-to-date symlink: /home/wheeltec/wheeltec_robot/install/yesense_interface/include/yesense_interface/yesense_interface/msg/detail/imu_data_ten_axis__type_support.hpp
[7.007s] -- Up-to-date symlink: /home/wheeltec/wheeltec_robot/install/yesense_interface/include/yesense_interface/yesense_interface/msg/detail/nav_all__builder.hpp
[7.007s] -- Up-to-date symlink: /home/wheeltec/wheeltec_robot/install/yesense_interface/include/yesense_interface/yesense_interface/msg/detail/nav_all__struct.hpp
[7.007s] -- Up-to-date symlink: /home/wheeltec/wheeltec_robot/install/yesense_interface/include/yesense_interface/yesense_interface/msg/detail/nav_all__traits.hpp
[7.007s] -- Up-to-date symlink: /home/wheeltec/wheeltec_robot/install/yesense_interface/include/yesense_interface/yesense_interface/msg/detail/nav_all__type_support.hpp
[7.007s] -- Up-to-date symlink: /home/wheeltec/wheeltec_robot/install/yesense_interface/include/yesense_interface/yesense_interface/msg/detail/nav_min__builder.hpp
[7.007s] -- Up-to-date symlink: /home/wheeltec/wheeltec_robot/install/yesense_interface/include/yesense_interface/yesense_interface/msg/detail/nav_min__struct.hpp
[7.007s] -- Up-to-date symlink: /home/wheeltec/wheeltec_robot/install/yesense_interface/include/yesense_interface/yesense_interface/msg/detail/nav_min__traits.hpp
[7.007s] -- Up-to-date symlink: /home/wheeltec/wheeltec_robot/install/yesense_interface/include/yesense_interface/yesense_interface/msg/detail/nav_min__type_support.hpp
[7.008s] -- Up-to-date symlink: /home/wheeltec/wheeltec_robot/install/yesense_interface/include/yesense_interface/yesense_interface/msg/detail/nav_min_utc__builder.hpp
[7.008s] -- Up-to-date symlink: /home/wheeltec/wheeltec_robot/install/yesense_interface/include/yesense_interface/yesense_interface/msg/detail/nav_min_utc__struct.hpp
[7.008s] -- Up-to-date symlink: /home/wheeltec/wheeltec_robot/install/yesense_interface/include/yesense_interface/yesense_interface/msg/detail/nav_min_utc__traits.hpp
[7.008s] -- Up-to-date symlink: /home/wheeltec/wheeltec_robot/install/yesense_interface/include/yesense_interface/yesense_interface/msg/detail/nav_min_utc__type_support.hpp
[7.008s] -- Up-to-date symlink: /home/wheeltec/wheeltec_robot/install/yesense_interface/include/yesense_interface/yesense_interface/msg/detail/nav_status__builder.hpp
[7.008s] -- Up-to-date symlink: /home/wheeltec/wheeltec_robot/install/yesense_interface/include/yesense_interface/yesense_interface/msg/detail/nav_status__struct.hpp
[7.015s] -- Up-to-date symlink: /home/wheeltec/wheeltec_robot/install/yesense_interface/include/yesense_interface/yesense_interface/msg/detail/nav_status__traits.hpp
[7.016s] -- Up-to-date symlink: /home/wheeltec/wheeltec_robot/install/yesense_interface/include/yesense_interface/yesense_interface/msg/detail/nav_status__type_support.hpp
[7.016s] -- Up-to-date symlink: /home/wheeltec/wheeltec_robot/install/yesense_interface/include/yesense_interface/yesense_interface/msg/detail/pos_only__builder.hpp
[7.016s] -- Up-to-date symlink: /home/wheeltec/wheeltec_robot/install/yesense_interface/include/yesense_interface/yesense_interface/msg/detail/pos_only__struct.hpp
[7.016s] -- Up-to-date symlink: /home/wheeltec/wheeltec_robot/install/yesense_interface/include/yesense_interface/yesense_interface/msg/detail/pos_only__traits.hpp
[7.017s] -- Up-to-date symlink: /home/wheeltec/wheeltec_robot/install/yesense_interface/include/yesense_interface/yesense_interface/msg/detail/pos_only__type_support.hpp
[7.017s] -- Up-to-date symlink: /home/wheeltec/wheeltec_robot/install/yesense_interface/include/yesense_interface/yesense_interface/msg/detail/pressure__builder.hpp
[7.017s] -- Up-to-date symlink: /home/wheeltec/wheeltec_robot/install/yesense_interface/include/yesense_interface/yesense_interface/msg/detail/pressure__struct.hpp
[7.017s] -- Up-to-date symlink: /home/wheeltec/wheeltec_robot/install/yesense_interface/include/yesense_interface/yesense_interface/msg/detail/pressure__traits.hpp
[7.017s] -- Up-to-date symlink: /home/wheeltec/wheeltec_robot/install/yesense_interface/include/yesense_interface/yesense_interface/msg/detail/pressure__type_support.hpp
[7.017s] -- Up-to-date symlink: /home/wheeltec/wheeltec_robot/install/yesense_interface/include/yesense_interface/yesense_interface/msg/detail/quat__builder.hpp
[7.017s] -- Up-to-date symlink: /home/wheeltec/wheeltec_robot/install/yesense_interface/include/yesense_interface/yesense_interface/msg/detail/quat__struct.hpp
[7.017s] -- Up-to-date symlink: /home/wheeltec/wheeltec_robot/install/yesense_interface/include/yesense_interface/yesense_interface/msg/detail/quat__traits.hpp
[7.017s] -- Up-to-date symlink: /home/wheeltec/wheeltec_robot/install/yesense_interface/include/yesense_interface/yesense_interface/msg/detail/quat__type_support.hpp
[7.017s] -- Up-to-date symlink: /home/wheeltec/wheeltec_robot/install/yesense_interface/include/yesense_interface/yesense_interface/msg/detail/robot_lord__builder.hpp
[7.018s] -- Up-to-date symlink: /home/wheeltec/wheeltec_robot/install/yesense_interface/include/yesense_interface/yesense_interface/msg/detail/robot_lord__struct.hpp
[7.018s] -- Up-to-date symlink: /home/wheeltec/wheeltec_robot/install/yesense_interface/include/yesense_interface/yesense_interface/msg/detail/robot_lord__traits.hpp
[7.018s] -- Up-to-date symlink: /home/wheeltec/wheeltec_robot/install/yesense_interface/include/yesense_interface/yesense_interface/msg/detail/robot_lord__type_support.hpp
[7.018s] -- Up-to-date symlink: /home/wheeltec/wheeltec_robot/install/yesense_interface/include/yesense_interface/yesense_interface/msg/detail/sample_timestamp__builder.hpp
[7.018s] -- Up-to-date symlink: /home/wheeltec/wheeltec_robot/install/yesense_interface/include/yesense_interface/yesense_interface/msg/detail/sample_timestamp__struct.hpp
[7.018s] -- Up-to-date symlink: /home/wheeltec/wheeltec_robot/install/yesense_interface/include/yesense_interface/yesense_interface/msg/detail/sample_timestamp__traits.hpp
[7.018s] -- Up-to-date symlink: /home/wheeltec/wheeltec_robot/install/yesense_interface/include/yesense_interface/yesense_interface/msg/detail/sample_timestamp__type_support.hpp
[7.018s] -- Up-to-date symlink: /home/wheeltec/wheeltec_robot/install/yesense_interface/include/yesense_interface/yesense_interface/msg/detail/sensor_temp__builder.hpp
[7.018s] -- Up-to-date symlink: /home/wheeltec/wheeltec_robot/install/yesense_interface/include/yesense_interface/yesense_interface/msg/detail/sensor_temp__struct.hpp
[7.018s] -- Up-to-date symlink: /home/wheeltec/wheeltec_robot/install/yesense_interface/include/yesense_interface/yesense_interface/msg/detail/sensor_temp__traits.hpp
[7.019s] -- Up-to-date symlink: /home/wheeltec/wheeltec_robot/install/yesense_interface/include/yesense_interface/yesense_interface/msg/detail/sensor_temp__type_support.hpp
[7.019s] -- Up-to-date symlink: /home/wheeltec/wheeltec_robot/install/yesense_interface/include/yesense_interface/yesense_interface/msg/detail/three_axis__builder.hpp
[7.019s] -- Up-to-date symlink: /home/wheeltec/wheeltec_robot/install/yesense_interface/include/yesense_interface/yesense_interface/msg/detail/three_axis__struct.hpp
[7.019s] -- Up-to-date symlink: /home/wheeltec/wheeltec_robot/install/yesense_interface/include/yesense_interface/yesense_interface/msg/detail/three_axis__traits.hpp
[7.019s] -- Up-to-date symlink: /home/wheeltec/wheeltec_robot/install/yesense_interface/include/yesense_interface/yesense_interface/msg/detail/three_axis__type_support.hpp
[7.041s] -- Up-to-date symlink: /home/wheeltec/wheeltec_robot/install/yesense_interface/include/yesense_interface/yesense_interface/msg/detail/tid__builder.hpp
[7.041s] -- Up-to-date symlink: /home/wheeltec/wheeltec_robot/install/yesense_interface/include/yesense_interface/yesense_interface/msg/detail/tid__struct.hpp
[7.041s] -- Up-to-date symlink: /home/wheeltec/wheeltec_robot/install/yesense_interface/include/yesense_interface/yesense_interface/msg/detail/tid__traits.hpp
[7.041s] -- Up-to-date symlink: /home/wheeltec/wheeltec_robot/install/yesense_interface/include/yesense_interface/yesense_interface/msg/detail/tid__type_support.hpp
[7.043s] -- Up-to-date symlink: /home/wheeltec/wheeltec_robot/install/yesense_interface/include/yesense_interface/yesense_interface/msg/detail/utc__builder.hpp
[7.043s] -- Up-to-date symlink: /home/wheeltec/wheeltec_robot/install/yesense_interface/include/yesense_interface/yesense_interface/msg/detail/utc__struct.hpp
[7.043s] -- Up-to-date symlink: /home/wheeltec/wheeltec_robot/install/yesense_interface/include/yesense_interface/yesense_interface/msg/detail/utc__traits.hpp
[7.043s] -- Up-to-date symlink: /home/wheeltec/wheeltec_robot/install/yesense_interface/include/yesense_interface/yesense_interface/msg/detail/utc__type_support.hpp
[7.043s] -- Up-to-date symlink: /home/wheeltec/wheeltec_robot/install/yesense_interface/include/yesense_interface/yesense_interface/msg/detail/vel__builder.hpp
[7.043s] -- Up-to-date symlink: /home/wheeltec/wheeltec_robot/install/yesense_interface/include/yesense_interface/yesense_interface/msg/detail/vel__struct.hpp
[7.043s] -- Up-to-date symlink: /home/wheeltec/wheeltec_robot/install/yesense_interface/include/yesense_interface/yesense_interface/msg/detail/vel__traits.hpp
[7.043s] -- Up-to-date symlink: /home/wheeltec/wheeltec_robot/install/yesense_interface/include/yesense_interface/yesense_interface/msg/detail/vel__type_support.hpp
[7.044s] -- Up-to-date symlink: /home/wheeltec/wheeltec_robot/install/yesense_interface/include/yesense_interface/yesense_interface/msg/euler_angle.hpp
[7.044s] -- Up-to-date symlink: /home/wheeltec/wheeltec_robot/install/yesense_interface/include/yesense_interface/yesense_interface/msg/euler_only.hpp
[7.044s] -- Up-to-date symlink: /home/wheeltec/wheeltec_robot/install/yesense_interface/include/yesense_interface/yesense_interface/msg/gnss_pos.hpp
[7.044s] -- Up-to-date symlink: /home/wheeltec/wheeltec_robot/install/yesense_interface/include/yesense_interface/yesense_interface/msg/imu_data.hpp
[7.053s] -- Up-to-date symlink: /home/wheeltec/wheeltec_robot/install/yesense_interface/include/yesense_interface/yesense_interface/msg/imu_data_ten_axis.hpp
[7.053s] -- Up-to-date symlink: /home/wheeltec/wheeltec_robot/install/yesense_interface/include/yesense_interface/yesense_interface/msg/nav_all.hpp
[7.054s] -- Up-to-date symlink: /home/wheeltec/wheeltec_robot/install/yesense_interface/include/yesense_interface/yesense_interface/msg/nav_min.hpp
[7.054s] -- Up-to-date symlink: /home/wheeltec/wheeltec_robot/install/yesense_interface/include/yesense_interface/yesense_interface/msg/nav_min_utc.hpp
[7.054s] -- Up-to-date symlink: /home/wheeltec/wheeltec_robot/install/yesense_interface/include/yesense_interface/yesense_interface/msg/nav_status.hpp
[7.055s] -- Up-to-date symlink: /home/wheeltec/wheeltec_robot/install/yesense_interface/include/yesense_interface/yesense_interface/msg/pos_only.hpp
[7.055s] -- Up-to-date symlink: /home/wheeltec/wheeltec_robot/install/yesense_interface/include/yesense_interface/yesense_interface/msg/pressure.hpp
[7.055s] -- Up-to-date symlink: /home/wheeltec/wheeltec_robot/install/yesense_interface/include/yesense_interface/yesense_interface/msg/quat.hpp
[7.057s] -- Up-to-date symlink: /home/wheeltec/wheeltec_robot/install/yesense_interface/include/yesense_interface/yesense_interface/msg/robot_lord.hpp
[7.057s] -- Up-to-date symlink: /home/wheeltec/wheeltec_robot/install/yesense_interface/include/yesense_interface/yesense_interface/msg/rosidl_generator_cpp__visibility_control.hpp
[7.057s] -- Up-to-date symlink: /home/wheeltec/wheeltec_robot/install/yesense_interface/include/yesense_interface/yesense_interface/msg/sample_timestamp.hpp
[7.059s] -- Up-to-date symlink: /home/wheeltec/wheeltec_robot/install/yesense_interface/include/yesense_interface/yesense_interface/msg/sensor_temp.hpp
[7.059s] -- Up-to-date symlink: /home/wheeltec/wheeltec_robot/install/yesense_interface/include/yesense_interface/yesense_interface/msg/three_axis.hpp
[7.060s] -- Up-to-date symlink: /home/wheeltec/wheeltec_robot/install/yesense_interface/include/yesense_interface/yesense_interface/msg/tid.hpp
[7.060s] -- Up-to-date symlink: /home/wheeltec/wheeltec_robot/install/yesense_interface/include/yesense_interface/yesense_interface/msg/utc.hpp
[7.061s] -- Up-to-date symlink: /home/wheeltec/wheeltec_robot/install/yesense_interface/include/yesense_interface/yesense_interface/msg/vel.hpp
[7.070s] -- Up-to-date symlink: /home/wheeltec/wheeltec_robot/install/yesense_interface/include/yesense_interface/yesense_interface/msg/detail/attitude_all_data__rosidl_typesupport_fastrtps_cpp.hpp
[7.070s] -- Up-to-date symlink: /home/wheeltec/wheeltec_robot/install/yesense_interface/include/yesense_interface/yesense_interface/msg/detail/attitude_min_ahrs__rosidl_typesupport_fastrtps_cpp.hpp
[7.071s] -- Up-to-date symlink: /home/wheeltec/wheeltec_robot/install/yesense_interface/include/yesense_interface/yesense_interface/msg/detail/attitude_min_vru__rosidl_typesupport_fastrtps_cpp.hpp
[7.071s] -- Up-to-date symlink: /home/wheeltec/wheeltec_robot/install/yesense_interface/include/yesense_interface/yesense_interface/msg/detail/euler_angle__rosidl_typesupport_fastrtps_cpp.hpp
[7.072s] -- Up-to-date symlink: /home/wheeltec/wheeltec_robot/install/yesense_interface/include/yesense_interface/yesense_interface/msg/detail/euler_only__rosidl_typesupport_fastrtps_cpp.hpp
[7.072s] -- Up-to-date symlink: /home/wheeltec/wheeltec_robot/install/yesense_interface/include/yesense_interface/yesense_interface/msg/detail/gnss_pos__rosidl_typesupport_fastrtps_cpp.hpp
[7.073s] -- Up-to-date symlink: /home/wheeltec/wheeltec_robot/install/yesense_interface/include/yesense_interface/yesense_interface/msg/detail/imu_data__rosidl_typesupport_fastrtps_cpp.hpp
[7.073s] -- Up-to-date symlink: /home/wheeltec/wheeltec_robot/install/yesense_interface/include/yesense_interface/yesense_interface/msg/detail/imu_data_ten_axis__rosidl_typesupport_fastrtps_cpp.hpp
[7.074s] -- Up-to-date symlink: /home/wheeltec/wheeltec_robot/install/yesense_interface/include/yesense_interface/yesense_interface/msg/detail/nav_all__rosidl_typesupport_fastrtps_cpp.hpp
[7.078s] -- Up-to-date symlink: /home/wheeltec/wheeltec_robot/install/yesense_interface/include/yesense_interface/yesense_interface/msg/detail/nav_min__rosidl_typesupport_fastrtps_cpp.hpp
[7.078s] -- Up-to-date symlink: /home/wheeltec/wheeltec_robot/install/yesense_interface/include/yesense_interface/yesense_interface/msg/detail/nav_min_utc__rosidl_typesupport_fastrtps_cpp.hpp
[7.079s] -- Up-to-date symlink: /home/wheeltec/wheeltec_robot/install/yesense_interface/include/yesense_interface/yesense_interface/msg/detail/nav_status__rosidl_typesupport_fastrtps_cpp.hpp
[7.079s] -- Up-to-date symlink: /home/wheeltec/wheeltec_robot/install/yesense_interface/include/yesense_interface/yesense_interface/msg/detail/pos_only__rosidl_typesupport_fastrtps_cpp.hpp
[7.080s] -- Up-to-date symlink: /home/wheeltec/wheeltec_robot/install/yesense_interface/include/yesense_interface/yesense_interface/msg/detail/pressure__rosidl_typesupport_fastrtps_cpp.hpp
[7.080s] -- Up-to-date symlink: /home/wheeltec/wheeltec_robot/install/yesense_interface/include/yesense_interface/yesense_interface/msg/detail/quat__rosidl_typesupport_fastrtps_cpp.hpp
[7.080s] -- Up-to-date symlink: /home/wheeltec/wheeltec_robot/install/yesense_interface/include/yesense_interface/yesense_interface/msg/detail/robot_lord__rosidl_typesupport_fastrtps_cpp.hpp
[7.085s] -- Up-to-date symlink: /home/wheeltec/wheeltec_robot/install/yesense_interface/include/yesense_interface/yesense_interface/msg/detail/sample_timestamp__rosidl_typesupport_fastrtps_cpp.hpp
[7.086s] -- Up-to-date symlink: /home/wheeltec/wheeltec_robot/install/yesense_interface/include/yesense_interface/yesense_interface/msg/detail/sensor_temp__rosidl_typesupport_fastrtps_cpp.hpp
[7.086s] -- Up-to-date symlink: /home/wheeltec/wheeltec_robot/install/yesense_interface/include/yesense_interface/yesense_interface/msg/detail/three_axis__rosidl_typesupport_fastrtps_cpp.hpp
[7.089s] -- Up-to-date symlink: /home/wheeltec/wheeltec_robot/install/yesense_interface/include/yesense_interface/yesense_interface/msg/detail/tid__rosidl_typesupport_fastrtps_cpp.hpp
[7.089s] -- Up-to-date symlink: /home/wheeltec/wheeltec_robot/install/yesense_interface/include/yesense_interface/yesense_interface/msg/detail/utc__rosidl_typesupport_fastrtps_cpp.hpp
[7.090s] -- Up-to-date symlink: /home/wheeltec/wheeltec_robot/install/yesense_interface/include/yesense_interface/yesense_interface/msg/detail/vel__rosidl_typesupport_fastrtps_cpp.hpp
[7.090s] -- Up-to-date symlink: /home/wheeltec/wheeltec_robot/install/yesense_interface/include/yesense_interface/yesense_interface/msg/rosidl_typesupport_fastrtps_cpp__visibility_control.h
[7.092s] -- Up-to-date symlink: /home/wheeltec/wheeltec_robot/install/yesense_interface/include/yesense_interface/yesense_interface/msg/detail/attitude_all_data__rosidl_typesupport_introspection_cpp.hpp
[7.095s] -- Up-to-date symlink: /home/wheeltec/wheeltec_robot/install/yesense_interface/include/yesense_interface/yesense_interface/msg/detail/attitude_min_ahrs__rosidl_typesupport_introspection_cpp.hpp
[7.105s] -- Up-to-date symlink: /home/wheeltec/wheeltec_robot/install/yesense_interface/include/yesense_interface/yesense_interface/msg/detail/attitude_min_vru__rosidl_typesupport_introspection_cpp.hpp
[7.106s] -- Up-to-date symlink: /home/wheeltec/wheeltec_robot/install/yesense_interface/include/yesense_interface/yesense_interface/msg/detail/euler_angle__rosidl_typesupport_introspection_cpp.hpp
[7.106s] -- Up-to-date symlink: /home/wheeltec/wheeltec_robot/install/yesense_interface/include/yesense_interface/yesense_interface/msg/detail/euler_only__rosidl_typesupport_introspection_cpp.hpp
[7.107s] -- Up-to-date symlink: /home/wheeltec/wheeltec_robot/install/yesense_interface/include/yesense_interface/yesense_interface/msg/detail/gnss_pos__rosidl_typesupport_introspection_cpp.hpp
[7.107s] -- Up-to-date symlink: /home/wheeltec/wheeltec_robot/install/yesense_interface/include/yesense_interface/yesense_interface/msg/detail/imu_data__rosidl_typesupport_introspection_cpp.hpp
[7.108s] -- Up-to-date symlink: /home/wheeltec/wheeltec_robot/install/yesense_interface/include/yesense_interface/yesense_interface/msg/detail/imu_data_ten_axis__rosidl_typesupport_introspection_cpp.hpp
[7.113s] -- Up-to-date symlink: /home/wheeltec/wheeltec_robot/install/yesense_interface/include/yesense_interface/yesense_interface/msg/detail/nav_all__rosidl_typesupport_introspection_cpp.hpp
[7.116s] -- Up-to-date symlink: /home/wheeltec/wheeltec_robot/install/yesense_interface/include/yesense_interface/yesense_interface/msg/detail/nav_min__rosidl_typesupport_introspection_cpp.hpp
[7.117s] -- Up-to-date symlink: /home/wheeltec/wheeltec_robot/install/yesense_interface/include/yesense_interface/yesense_interface/msg/detail/nav_min_utc__rosidl_typesupport_introspection_cpp.hpp
[7.117s] -- Up-to-date symlink: /home/wheeltec/wheeltec_robot/install/yesense_interface/include/yesense_interface/yesense_interface/msg/detail/nav_status__rosidl_typesupport_introspection_cpp.hpp
[7.118s] -- Up-to-date symlink: /home/wheeltec/wheeltec_robot/install/yesense_interface/include/yesense_interface/yesense_interface/msg/detail/pos_only__rosidl_typesupport_introspection_cpp.hpp
[7.118s] -- Up-to-date symlink: /home/wheeltec/wheeltec_robot/install/yesense_interface/include/yesense_interface/yesense_interface/msg/detail/pressure__rosidl_typesupport_introspection_cpp.hpp
[7.119s] -- Up-to-date symlink: /home/wheeltec/wheeltec_robot/install/yesense_interface/include/yesense_interface/yesense_interface/msg/detail/quat__rosidl_typesupport_introspection_cpp.hpp
[7.119s] -- Up-to-date symlink: /home/wheeltec/wheeltec_robot/install/yesense_interface/include/yesense_interface/yesense_interface/msg/detail/robot_lord__rosidl_typesupport_introspection_cpp.hpp
[7.121s] -- Up-to-date symlink: /home/wheeltec/wheeltec_robot/install/yesense_interface/include/yesense_interface/yesense_interface/msg/detail/sample_timestamp__rosidl_typesupport_introspection_cpp.hpp
[7.126s] -- Up-to-date symlink: /home/wheeltec/wheeltec_robot/install/yesense_interface/include/yesense_interface/yesense_interface/msg/detail/sensor_temp__rosidl_typesupport_introspection_cpp.hpp
[7.127s] -- Up-to-date symlink: /home/wheeltec/wheeltec_robot/install/yesense_interface/include/yesense_interface/yesense_interface/msg/detail/three_axis__rosidl_typesupport_introspection_cpp.hpp
[7.128s] -- Up-to-date symlink: /home/wheeltec/wheeltec_robot/install/yesense_interface/include/yesense_interface/yesense_interface/msg/detail/tid__rosidl_typesupport_introspection_cpp.hpp
[7.128s] -- Up-to-date symlink: /home/wheeltec/wheeltec_robot/install/yesense_interface/include/yesense_interface/yesense_interface/msg/detail/utc__rosidl_typesupport_introspection_cpp.hpp
[7.129s] -- Up-to-date symlink: /home/wheeltec/wheeltec_robot/install/yesense_interface/include/yesense_interface/yesense_interface/msg/detail/vel__rosidl_typesupport_introspection_cpp.hpp
[7.137s] -- Up-to-date symlink: /home/wheeltec/wheeltec_robot/install/yesense_interface/share/yesense_interface/environment/pythonpath.sh
[7.137s] -- Up-to-date symlink: /home/wheeltec/wheeltec_robot/install/yesense_interface/share/yesense_interface/environment/pythonpath.dsv
[7.143s] -- Up-to-date symlink: /home/wheeltec/wheeltec_robot/install/yesense_interface/local/lib/python3.10/dist-packages/yesense_interface-1.0.0-py3.10.egg-info/PKG-INFO
[7.144s] -- Up-to-date symlink: /home/wheeltec/wheeltec_robot/install/yesense_interface/local/lib/python3.10/dist-packages/yesense_interface-1.0.0-py3.10.egg-info/SOURCES.txt
[7.145s] -- Up-to-date symlink: /home/wheeltec/wheeltec_robot/install/yesense_interface/local/lib/python3.10/dist-packages/yesense_interface-1.0.0-py3.10.egg-info/dependency_links.txt
[7.157s] -- Up-to-date symlink: /home/wheeltec/wheeltec_robot/install/yesense_interface/local/lib/python3.10/dist-packages/yesense_interface-1.0.0-py3.10.egg-info/top_level.txt
[7.159s] -- Up-to-date symlink: /home/wheeltec/wheeltec_robot/install/yesense_interface/local/lib/python3.10/dist-packages/yesense_interface/__init__.py
[7.160s] -- Up-to-date symlink: /home/wheeltec/wheeltec_robot/install/yesense_interface/local/lib/python3.10/dist-packages/yesense_interface/_yesense_interface_s.ep.rosidl_typesupport_c.c
[7.161s] -- Up-to-date symlink: /home/wheeltec/wheeltec_robot/install/yesense_interface/local/lib/python3.10/dist-packages/yesense_interface/_yesense_interface_s.ep.rosidl_typesupport_fastrtps_c.c
[7.161s] -- Up-to-date symlink: /home/wheeltec/wheeltec_robot/install/yesense_interface/local/lib/python3.10/dist-packages/yesense_interface/_yesense_interface_s.ep.rosidl_typesupport_introspection_c.c
[7.162s] -- Up-to-date symlink: /home/wheeltec/wheeltec_robot/install/yesense_interface/local/lib/python3.10/dist-packages/yesense_interface/libyesense_interface__rosidl_generator_py.so
[7.162s] -- Up-to-date symlink: /home/wheeltec/wheeltec_robot/install/yesense_interface/local/lib/python3.10/dist-packages/yesense_interface/msg/__init__.py
[7.162s] -- Up-to-date symlink: /home/wheeltec/wheeltec_robot/install/yesense_interface/local/lib/python3.10/dist-packages/yesense_interface/msg/_attitude_all_data.py
[7.163s] -- Up-to-date symlink: /home/wheeltec/wheeltec_robot/install/yesense_interface/local/lib/python3.10/dist-packages/yesense_interface/msg/_attitude_all_data_s.c
[7.163s] -- Up-to-date symlink: /home/wheeltec/wheeltec_robot/install/yesense_interface/local/lib/python3.10/dist-packages/yesense_interface/msg/_attitude_min_ahrs.py
[7.164s] -- Up-to-date symlink: /home/wheeltec/wheeltec_robot/install/yesense_interface/local/lib/python3.10/dist-packages/yesense_interface/msg/_attitude_min_ahrs_s.c
[7.165s] -- Up-to-date symlink: /home/wheeltec/wheeltec_robot/install/yesense_interface/local/lib/python3.10/dist-packages/yesense_interface/msg/_attitude_min_vru.py
[7.170s] -- Up-to-date symlink: /home/wheeltec/wheeltec_robot/install/yesense_interface/local/lib/python3.10/dist-packages/yesense_interface/msg/_attitude_min_vru_s.c
[7.171s] -- Up-to-date symlink: /home/wheeltec/wheeltec_robot/install/yesense_interface/local/lib/python3.10/dist-packages/yesense_interface/msg/_euler_angle.py
[7.171s] -- Up-to-date symlink: /home/wheeltec/wheeltec_robot/install/yesense_interface/local/lib/python3.10/dist-packages/yesense_interface/msg/_euler_angle_s.c
[7.172s] -- Up-to-date symlink: /home/wheeltec/wheeltec_robot/install/yesense_interface/local/lib/python3.10/dist-packages/yesense_interface/msg/_euler_only.py
[7.172s] -- Up-to-date symlink: /home/wheeltec/wheeltec_robot/install/yesense_interface/local/lib/python3.10/dist-packages/yesense_interface/msg/_euler_only_s.c
[7.179s] -- Up-to-date symlink: /home/wheeltec/wheeltec_robot/install/yesense_interface/local/lib/python3.10/dist-packages/yesense_interface/msg/_gnss_pos.py
[7.180s] -- Up-to-date symlink: /home/wheeltec/wheeltec_robot/install/yesense_interface/local/lib/python3.10/dist-packages/yesense_interface/msg/_gnss_pos_s.c
[7.180s] -- Up-to-date symlink: /home/wheeltec/wheeltec_robot/install/yesense_interface/local/lib/python3.10/dist-packages/yesense_interface/msg/_imu_data.py
[7.181s] -- Up-to-date symlink: /home/wheeltec/wheeltec_robot/install/yesense_interface/local/lib/python3.10/dist-packages/yesense_interface/msg/_imu_data_s.c
[7.181s] -- Up-to-date symlink: /home/wheeltec/wheeltec_robot/install/yesense_interface/local/lib/python3.10/dist-packages/yesense_interface/msg/_imu_data_ten_axis.py
[7.182s] -- Up-to-date symlink: /home/wheeltec/wheeltec_robot/install/yesense_interface/local/lib/python3.10/dist-packages/yesense_interface/msg/_imu_data_ten_axis_s.c
[7.182s] -- Up-to-date symlink: /home/wheeltec/wheeltec_robot/install/yesense_interface/local/lib/python3.10/dist-packages/yesense_interface/msg/_nav_all.py
[7.183s] -- Up-to-date symlink: /home/wheeltec/wheeltec_robot/install/yesense_interface/local/lib/python3.10/dist-packages/yesense_interface/msg/_nav_all_s.c
[7.183s] -- Up-to-date symlink: /home/wheeltec/wheeltec_robot/install/yesense_interface/local/lib/python3.10/dist-packages/yesense_interface/msg/_nav_min.py
[7.184s] -- Up-to-date symlink: /home/wheeltec/wheeltec_robot/install/yesense_interface/local/lib/python3.10/dist-packages/yesense_interface/msg/_nav_min_s.c
[7.184s] -- Up-to-date symlink: /home/wheeltec/wheeltec_robot/install/yesense_interface/local/lib/python3.10/dist-packages/yesense_interface/msg/_nav_min_utc.py
[7.189s] -- Up-to-date symlink: /home/wheeltec/wheeltec_robot/install/yesense_interface/local/lib/python3.10/dist-packages/yesense_interface/msg/_nav_min_utc_s.c
[7.190s] -- Up-to-date symlink: /home/wheeltec/wheeltec_robot/install/yesense_interface/local/lib/python3.10/dist-packages/yesense_interface/msg/_nav_status.py
[7.190s] -- Up-to-date symlink: /home/wheeltec/wheeltec_robot/install/yesense_interface/local/lib/python3.10/dist-packages/yesense_interface/msg/_nav_status_s.c
[7.191s] -- Up-to-date symlink: /home/wheeltec/wheeltec_robot/install/yesense_interface/local/lib/python3.10/dist-packages/yesense_interface/msg/_pos_only.py
[7.191s] -- Up-to-date symlink: /home/wheeltec/wheeltec_robot/install/yesense_interface/local/lib/python3.10/dist-packages/yesense_interface/msg/_pos_only_s.c
[7.191s] -- Up-to-date symlink: /home/wheeltec/wheeltec_robot/install/yesense_interface/local/lib/python3.10/dist-packages/yesense_interface/msg/_pressure.py
[7.192s] -- Up-to-date symlink: /home/wheeltec/wheeltec_robot/install/yesense_interface/local/lib/python3.10/dist-packages/yesense_interface/msg/_pressure_s.c
[7.192s] -- Up-to-date symlink: /home/wheeltec/wheeltec_robot/install/yesense_interface/local/lib/python3.10/dist-packages/yesense_interface/msg/_quat.py
[7.193s] -- Up-to-date symlink: /home/wheeltec/wheeltec_robot/install/yesense_interface/local/lib/python3.10/dist-packages/yesense_interface/msg/_quat_s.c
[7.193s] -- Up-to-date symlink: /home/wheeltec/wheeltec_robot/install/yesense_interface/local/lib/python3.10/dist-packages/yesense_interface/msg/_robot_lord.py
[7.194s] -- Up-to-date symlink: /home/wheeltec/wheeltec_robot/install/yesense_interface/local/lib/python3.10/dist-packages/yesense_interface/msg/_robot_lord_s.c
[7.194s] -- Up-to-date symlink: /home/wheeltec/wheeltec_robot/install/yesense_interface/local/lib/python3.10/dist-packages/yesense_interface/msg/_sample_timestamp.py
[7.195s] -- Up-to-date symlink: /home/wheeltec/wheeltec_robot/install/yesense_interface/local/lib/python3.10/dist-packages/yesense_interface/msg/_sample_timestamp_s.c
[7.202s] -- Up-to-date symlink: /home/wheeltec/wheeltec_robot/install/yesense_interface/local/lib/python3.10/dist-packages/yesense_interface/msg/_sensor_temp.py
[7.203s] -- Up-to-date symlink: /home/wheeltec/wheeltec_robot/install/yesense_interface/local/lib/python3.10/dist-packages/yesense_interface/msg/_sensor_temp_s.c
[7.210s] -- Up-to-date symlink: /home/wheeltec/wheeltec_robot/install/yesense_interface/local/lib/python3.10/dist-packages/yesense_interface/msg/_three_axis.py
[7.211s] -- Up-to-date symlink: /home/wheeltec/wheeltec_robot/install/yesense_interface/local/lib/python3.10/dist-packages/yesense_interface/msg/_three_axis_s.c
[7.212s] -- Up-to-date symlink: /home/wheeltec/wheeltec_robot/install/yesense_interface/local/lib/python3.10/dist-packages/yesense_interface/msg/_tid.py
[7.214s] -- Up-to-date symlink: /home/wheeltec/wheeltec_robot/install/yesense_interface/local/lib/python3.10/dist-packages/yesense_interface/msg/_tid_s.c
[7.215s] -- Up-to-date symlink: /home/wheeltec/wheeltec_robot/install/yesense_interface/local/lib/python3.10/dist-packages/yesense_interface/msg/_utc.py
[7.218s] -- Up-to-date symlink: /home/wheeltec/wheeltec_robot/install/yesense_interface/local/lib/python3.10/dist-packages/yesense_interface/msg/_utc_s.c
[7.219s] -- Up-to-date symlink: /home/wheeltec/wheeltec_robot/install/yesense_interface/local/lib/python3.10/dist-packages/yesense_interface/msg/_vel.py
[7.219s] -- Up-to-date symlink: /home/wheeltec/wheeltec_robot/install/yesense_interface/local/lib/python3.10/dist-packages/yesense_interface/msg/_vel_s.c
[7.220s] -- Up-to-date symlink: /home/wheeltec/wheeltec_robot/install/yesense_interface/local/lib/python3.10/dist-packages/yesense_interface/yesense_interface_s__rosidl_typesupport_c.cpython-310-aarch64-linux-gnu.so
[7.220s] -- Up-to-date symlink: /home/wheeltec/wheeltec_robot/install/yesense_interface/local/lib/python3.10/dist-packages/yesense_interface/yesense_interface_s__rosidl_typesupport_fastrtps_c.cpython-310-aarch64-linux-gnu.so
[7.221s] -- Up-to-date symlink: /home/wheeltec/wheeltec_robot/install/yesense_interface/local/lib/python3.10/dist-packages/yesense_interface/yesense_interface_s__rosidl_typesupport_introspection_c.cpython-310-aarch64-linux-gnu.so
[7.221s] -- Up-to-date symlink: /home/wheeltec/wheeltec_robot/install/yesense_interface/local/lib/python3.10/dist-packages/yesense_interface/yesense_interface_s__rosidl_typesupport_fastrtps_c.cpython-310-aarch64-linux-gnu.so
[7.222s] -- Up-to-date symlink: /home/wheeltec/wheeltec_robot/install/yesense_interface/local/lib/python3.10/dist-packages/yesense_interface/yesense_interface_s__rosidl_typesupport_introspection_c.cpython-310-aarch64-linux-gnu.so
[7.223s] -- Up-to-date symlink: /home/wheeltec/wheeltec_robot/install/yesense_interface/local/lib/python3.10/dist-packages/yesense_interface/yesense_interface_s__rosidl_typesupport_c.cpython-310-aarch64-linux-gnu.so
[7.226s] -- Up-to-date symlink: /home/wheeltec/wheeltec_robot/install/yesense_interface/share/yesense_interface/msg/Tid.idl
[7.238s] -- Up-to-date symlink: /home/wheeltec/wheeltec_robot/install/yesense_interface/share/yesense_interface/msg/ThreeAxis.idl
[7.244s] -- Up-to-date symlink: /home/wheeltec/wheeltec_robot/install/yesense_interface/share/yesense_interface/msg/SensorTemp.idl
[7.246s] -- Up-to-date symlink: /home/wheeltec/wheeltec_robot/install/yesense_interface/share/yesense_interface/msg/Pressure.idl
[7.251s] -- Up-to-date symlink: /home/wheeltec/wheeltec_robot/install/yesense_interface/share/yesense_interface/msg/EulerAngle.idl
[7.256s] -- Up-to-date symlink: /home/wheeltec/wheeltec_robot/install/yesense_interface/share/yesense_interface/msg/Quat.idl
[7.257s] -- Up-to-date symlink: /home/wheeltec/wheeltec_robot/install/yesense_interface/share/yesense_interface/msg/GnssPos.idl
[7.258s] -- Up-to-date symlink: /home/wheeltec/wheeltec_robot/install/yesense_interface/share/yesense_interface/msg/NavStatus.idl
[7.260s] -- Up-to-date symlink: /home/wheeltec/wheeltec_robot/install/yesense_interface/share/yesense_interface/msg/Vel.idl
[7.261s] -- Up-to-date symlink: /home/wheeltec/wheeltec_robot/install/yesense_interface/share/yesense_interface/msg/Utc.idl
[7.261s] -- Up-to-date symlink: /home/wheeltec/wheeltec_robot/install/yesense_interface/share/yesense_interface/msg/SampleTimestamp.idl
[7.265s] -- Up-to-date symlink: /home/wheeltec/wheeltec_robot/install/yesense_interface/share/yesense_interface/msg/ImuData.idl
[7.271s] -- Up-to-date symlink: /home/wheeltec/wheeltec_robot/install/yesense_interface/share/yesense_interface/msg/ImuDataTenAxis.idl
[7.272s] -- Up-to-date symlink: /home/wheeltec/wheeltec_robot/install/yesense_interface/share/yesense_interface/msg/EulerOnly.idl
[7.281s] -- Up-to-date symlink: /home/wheeltec/wheeltec_robot/install/yesense_interface/share/yesense_interface/msg/RobotLord.idl
[7.282s] -- Up-to-date symlink: /home/wheeltec/wheeltec_robot/install/yesense_interface/share/yesense_interface/msg/AttitudeMinVru.idl
[7.288s] -- Up-to-date symlink: /home/wheeltec/wheeltec_robot/install/yesense_interface/share/yesense_interface/msg/AttitudeMinAhrs.idl
[7.295s] -- Up-to-date symlink: /home/wheeltec/wheeltec_robot/install/yesense_interface/share/yesense_interface/msg/AttitudeAllData.idl
[7.296s] -- Up-to-date symlink: /home/wheeltec/wheeltec_robot/install/yesense_interface/share/yesense_interface/msg/PosOnly.idl
[7.297s] -- Up-to-date symlink: /home/wheeltec/wheeltec_robot/install/yesense_interface/share/yesense_interface/msg/NavMin.idl
[7.297s] -- Up-to-date symlink: /home/wheeltec/wheeltec_robot/install/yesense_interface/share/yesense_interface/msg/NavMinUtc.idl
[7.298s] -- Up-to-date symlink: /home/wheeltec/wheeltec_robot/install/yesense_interface/share/yesense_interface/msg/NavAll.idl
[7.299s] -- Up-to-date symlink: /home/wheeltec/wheeltec_robot/install/yesense_interface/share/yesense_interface/msg/Tid.msg
[7.300s] -- Up-to-date symlink: /home/wheeltec/wheeltec_robot/install/yesense_interface/share/yesense_interface/msg/ThreeAxis.msg
[7.301s] -- Up-to-date symlink: /home/wheeltec/wheeltec_robot/install/yesense_interface/share/yesense_interface/msg/SensorTemp.msg
[7.302s] -- Up-to-date symlink: /home/wheeltec/wheeltec_robot/install/yesense_interface/share/yesense_interface/msg/Pressure.msg
[7.303s] -- Up-to-date symlink: /home/wheeltec/wheeltec_robot/install/yesense_interface/share/yesense_interface/msg/EulerAngle.msg
[7.304s] -- Up-to-date symlink: /home/wheeltec/wheeltec_robot/install/yesense_interface/share/yesense_interface/msg/Quat.msg
[7.305s] -- Up-to-date symlink: /home/wheeltec/wheeltec_robot/install/yesense_interface/share/yesense_interface/msg/GnssPos.msg
[7.315s] -- Up-to-date symlink: /home/wheeltec/wheeltec_robot/install/yesense_interface/share/yesense_interface/msg/NavStatus.msg
[7.316s] -- Up-to-date symlink: /home/wheeltec/wheeltec_robot/install/yesense_interface/share/yesense_interface/msg/Vel.msg
[7.317s] -- Up-to-date symlink: /home/wheeltec/wheeltec_robot/install/yesense_interface/share/yesense_interface/msg/Utc.msg
[7.317s] -- Up-to-date symlink: /home/wheeltec/wheeltec_robot/install/yesense_interface/share/yesense_interface/msg/SampleTimestamp.msg
[7.318s] -- Up-to-date symlink: /home/wheeltec/wheeltec_robot/install/yesense_interface/share/yesense_interface/msg/ImuData.msg
[7.326s] -- Up-to-date symlink: /home/wheeltec/wheeltec_robot/install/yesense_interface/share/yesense_interface/msg/ImuDataTenAxis.msg
[7.326s] -- Up-to-date symlink: /home/wheeltec/wheeltec_robot/install/yesense_interface/share/yesense_interface/msg/EulerOnly.msg
[7.326s] -- Up-to-date symlink: /home/wheeltec/wheeltec_robot/install/yesense_interface/share/yesense_interface/msg/RobotLord.msg
[7.327s] -- Up-to-date symlink: /home/wheeltec/wheeltec_robot/install/yesense_interface/share/yesense_interface/msg/AttitudeMinVru.msg
[7.327s] -- Up-to-date symlink: /home/wheeltec/wheeltec_robot/install/yesense_interface/share/yesense_interface/msg/AttitudeMinAhrs.msg
[7.327s] -- Up-to-date symlink: /home/wheeltec/wheeltec_robot/install/yesense_interface/share/yesense_interface/msg/AttitudeAllData.msg
[7.327s] -- Up-to-date symlink: /home/wheeltec/wheeltec_robot/install/yesense_interface/share/yesense_interface/msg/PosOnly.msg
[7.327s] -- Up-to-date symlink: /home/wheeltec/wheeltec_robot/install/yesense_interface/share/yesense_interface/msg/NavMin.msg
[7.328s] -- Up-to-date symlink: /home/wheeltec/wheeltec_robot/install/yesense_interface/share/yesense_interface/msg/NavMinUtc.msg
[7.329s] -- Up-to-date symlink: /home/wheeltec/wheeltec_robot/install/yesense_interface/share/yesense_interface/msg/NavAll.msg
[7.330s] -- Up-to-date symlink: /home/wheeltec/wheeltec_robot/install/yesense_interface/share/ament_index/resource_index/package_run_dependencies/yesense_interface
[7.341s] -- Up-to-date symlink: /home/wheeltec/wheeltec_robot/install/yesense_interface/share/ament_index/resource_index/parent_prefix_path/yesense_interface
[7.342s] -- Up-to-date symlink: /home/wheeltec/wheeltec_robot/install/yesense_interface/share/yesense_interface/environment/ament_prefix_path.sh
[7.342s] -- Up-to-date symlink: /home/wheeltec/wheeltec_robot/install/yesense_interface/share/yesense_interface/environment/ament_prefix_path.dsv
[7.343s] -- Up-to-date symlink: /home/wheeltec/wheeltec_robot/install/yesense_interface/share/yesense_interface/environment/path.sh
[7.344s] -- Up-to-date symlink: /home/wheeltec/wheeltec_robot/install/yesense_interface/share/yesense_interface/environment/path.dsv
[7.344s] -- Up-to-date symlink: /home/wheeltec/wheeltec_robot/install/yesense_interface/share/yesense_interface/local_setup.bash
[7.345s] -- Up-to-date symlink: /home/wheeltec/wheeltec_robot/install/yesense_interface/share/yesense_interface/local_setup.sh
[7.346s] -- Up-to-date symlink: /home/wheeltec/wheeltec_robot/install/yesense_interface/share/yesense_interface/local_setup.zsh
[7.346s] -- Up-to-date symlink: /home/wheeltec/wheeltec_robot/install/yesense_interface/share/yesense_interface/local_setup.dsv
[7.347s] -- Up-to-date symlink: /home/wheeltec/wheeltec_robot/install/yesense_interface/share/yesense_interface/package.dsv
[7.347s] -- Up-to-date symlink: /home/wheeltec/wheeltec_robot/install/yesense_interface/share/ament_index/resource_index/packages/yesense_interface
[7.348s] -- Up-to-date symlink: /home/wheeltec/wheeltec_robot/install/yesense_interface/share/yesense_interface/cmake/rosidl_cmake-extras.cmake
[7.353s] -- Up-to-date symlink: /home/wheeltec/wheeltec_robot/install/yesense_interface/share/yesense_interface/cmake/ament_cmake_export_include_directories-extras.cmake
[7.353s] -- Up-to-date symlink: /home/wheeltec/wheeltec_robot/install/yesense_interface/share/yesense_interface/cmake/ament_cmake_export_libraries-extras.cmake
[7.354s] -- Up-to-date symlink: /home/wheeltec/wheeltec_robot/install/yesense_interface/share/yesense_interface/cmake/ament_cmake_export_targets-extras.cmake
[7.355s] -- Up-to-date symlink: /home/wheeltec/wheeltec_robot/install/yesense_interface/share/yesense_interface/cmake/rosidl_cmake_export_typesupport_targets-extras.cmake
[7.356s] -- Up-to-date symlink: /home/wheeltec/wheeltec_robot/install/yesense_interface/share/yesense_interface/cmake/ament_cmake_export_dependencies-extras.cmake
[7.356s] -- Up-to-date symlink: /home/wheeltec/wheeltec_robot/install/yesense_interface/share/yesense_interface/cmake/rosidl_cmake_export_typesupport_libraries-extras.cmake
[7.367s] -- Up-to-date symlink: /home/wheeltec/wheeltec_robot/install/yesense_interface/share/yesense_interface/cmake/yesense_interfaceConfig.cmake
[7.367s] -- Up-to-date symlink: /home/wheeltec/wheeltec_robot/install/yesense_interface/share/yesense_interface/cmake/yesense_interfaceConfig-version.cmake
[7.367s] -- Up-to-date symlink: /home/wheeltec/wheeltec_robot/install/yesense_interface/share/yesense_interface/package.xml
[7.367s] -- Up-to-date: /home/wheeltec/wheeltec_robot/install/yesense_interface/lib/libyesense_interface__rosidl_generator_c.so
[7.367s] -- Up-to-date: /home/wheeltec/wheeltec_robot/install/yesense_interface/lib/libyesense_interface__rosidl_typesupport_fastrtps_c.so
[7.378s] -- Up-to-date: /home/wheeltec/wheeltec_robot/install/yesense_interface/lib/libyesense_interface__rosidl_typesupport_introspection_c.so
[7.379s] -- Up-to-date: /home/wheeltec/wheeltec_robot/install/yesense_interface/lib/libyesense_interface__rosidl_typesupport_c.so
[7.380s] -- Up-to-date: /home/wheeltec/wheeltec_robot/install/yesense_interface/lib/libyesense_interface__rosidl_typesupport_fastrtps_cpp.so
[7.388s] -- Up-to-date: /home/wheeltec/wheeltec_robot/install/yesense_interface/lib/libyesense_interface__rosidl_typesupport_introspection_cpp.so
[7.389s] -- Up-to-date: /home/wheeltec/wheeltec_robot/install/yesense_interface/lib/libyesense_interface__rosidl_typesupport_cpp.so
[7.671s] Listing '/home/wheeltec/wheeltec_robot/install/yesense_interface/local/lib/python3.10/dist-packages/yesense_interface'...
[7.672s] Compiling '/home/wheeltec/wheeltec_robot/install/yesense_interface/local/lib/python3.10/dist-packages/yesense_interface/__init__.py'...
[7.672s] Listing '/home/wheeltec/wheeltec_robot/install/yesense_interface/local/lib/python3.10/dist-packages/yesense_interface/msg'...
[7.726s] -- Up-to-date: /home/wheeltec/wheeltec_robot/install/yesense_interface/lib/libyesense_interface__rosidl_generator_py.so
[7.726s] -- Up-to-date: /home/wheeltec/wheeltec_robot/install/yesense_interface/share/yesense_interface/cmake/export_yesense_interface__rosidl_generator_cExport.cmake
[7.726s] -- Up-to-date: /home/wheeltec/wheeltec_robot/install/yesense_interface/share/yesense_interface/cmake/export_yesense_interface__rosidl_generator_cExport-noconfig.cmake
[7.726s] -- Up-to-date: /home/wheeltec/wheeltec_robot/install/yesense_interface/share/yesense_interface/cmake/export_yesense_interface__rosidl_typesupport_fastrtps_cExport.cmake
[7.726s] -- Up-to-date: /home/wheeltec/wheeltec_robot/install/yesense_interface/share/yesense_interface/cmake/export_yesense_interface__rosidl_typesupport_fastrtps_cExport-noconfig.cmake
[7.726s] -- Up-to-date: /home/wheeltec/wheeltec_robot/install/yesense_interface/share/yesense_interface/cmake/yesense_interface__rosidl_typesupport_introspection_cExport.cmake
[7.727s] -- Up-to-date: /home/wheeltec/wheeltec_robot/install/yesense_interface/share/yesense_interface/cmake/yesense_interface__rosidl_typesupport_introspection_cExport-noconfig.cmake
[7.727s] -- Up-to-date: /home/wheeltec/wheeltec_robot/install/yesense_interface/share/yesense_interface/cmake/yesense_interface__rosidl_typesupport_cExport.cmake
[7.727s] -- Up-to-date: /home/wheeltec/wheeltec_robot/install/yesense_interface/share/yesense_interface/cmake/yesense_interface__rosidl_typesupport_cExport-noconfig.cmake
[7.727s] -- Up-to-date: /home/wheeltec/wheeltec_robot/install/yesense_interface/share/yesense_interface/cmake/export_yesense_interface__rosidl_generator_cppExport.cmake
[7.727s] -- Up-to-date: /home/wheeltec/wheeltec_robot/install/yesense_interface/share/yesense_interface/cmake/export_yesense_interface__rosidl_typesupport_fastrtps_cppExport.cmake
[7.727s] -- Up-to-date: /home/wheeltec/wheeltec_robot/install/yesense_interface/share/yesense_interface/cmake/export_yesense_interface__rosidl_typesupport_fastrtps_cppExport-noconfig.cmake
[7.749s] -- Up-to-date: /home/wheeltec/wheeltec_robot/install/yesense_interface/share/yesense_interface/cmake/yesense_interface__rosidl_typesupport_introspection_cppExport.cmake
[7.749s] -- Up-to-date: /home/wheeltec/wheeltec_robot/install/yesense_interface/share/yesense_interface/cmake/yesense_interface__rosidl_typesupport_introspection_cppExport-noconfig.cmake
[7.749s] -- Up-to-date: /home/wheeltec/wheeltec_robot/install/yesense_interface/share/yesense_interface/cmake/yesense_interface__rosidl_typesupport_cppExport.cmake
[7.749s] -- Up-to-date: /home/wheeltec/wheeltec_robot/install/yesense_interface/share/yesense_interface/cmake/yesense_interface__rosidl_typesupport_cppExport-noconfig.cmake
[7.749s] -- Up-to-date: /home/wheeltec/wheeltec_robot/install/yesense_interface/share/yesense_interface/cmake/export_yesense_interface__rosidl_generator_pyExport.cmake
[7.749s] -- Up-to-date: /home/wheeltec/wheeltec_robot/install/yesense_interface/share/yesense_interface/cmake/export_yesense_interface__rosidl_generator_pyExport-noconfig.cmake
