[0.065s] Invoking command in '/home/wheeltec/wheeltec_robot/build/ackermann_msgs': CMAKE_PREFIX_PATH=${CMAKE_PREFIX_PATH}:/opt/ros/humble /usr/bin/cmake --build /home/wheeltec/wheeltec_robot/build/ackermann_msgs -- -j8 -l8
[0.212s] [  2%] Built target ackermann_msgs__cpp
[0.251s] [ 12%] Built target ackermann_msgs__rosidl_generator_c
[0.328s] [ 12%] Built target ament_cmake_python_symlink_ackermann_msgs
[0.340s] [ 23%] Built target ackermann_msgs__rosidl_typesupport_cpp
[0.357s] [ 33%] Built target ackermann_msgs__rosidl_typesupport_introspection_cpp
[0.379s] [ 43%] Built target ackermann_msgs__rosidl_typesupport_fastrtps_cpp
[0.449s] [ 53%] Built target ackermann_msgs__rosidl_typesupport_c
[0.471s] [ 64%] Built target ackermann_msgs__rosidl_typesupport_introspection_c
[0.560s] [ 74%] Built target ackermann_msgs__rosidl_typesupport_fastrtps_c
[0.691s] [ 74%] Built target ackermann_msgs
[0.801s] [ 76%] Built target ackermann_msgs__py
[0.966s] [ 84%] Built target ackermann_msgs__rosidl_generator_py
[1.049s] [ 89%] Built target ackermann_msgs__rosidl_typesupport_fastrtps_c__pyext
[1.095s] [ 94%] Built target ackermann_msgs__rosidl_typesupport_introspection_c__pyext
[1.145s] running egg_info
[1.183s] [100%] Built target ackermann_msgs__rosidl_typesupport_c__pyext
[1.184s] writing ackermann_msgs.egg-info/PKG-INFO
[1.185s] writing dependency_links to ackermann_msgs.egg-info/dependency_links.txt
[1.186s] writing top-level names to ackermann_msgs.egg-info/top_level.txt
[1.354s] reading manifest file 'ackermann_msgs.egg-info/SOURCES.txt'
[1.360s] writing manifest file 'ackermann_msgs.egg-info/SOURCES.txt'
[1.463s] [100%] Built target ament_cmake_python_build_ackermann_msgs_egg
[1.558s] Invoked command in '/home/wheeltec/wheeltec_robot/build/ackermann_msgs' returned '0': CMAKE_PREFIX_PATH=${CMAKE_PREFIX_PATH}:/opt/ros/humble /usr/bin/cmake --build /home/wheeltec/wheeltec_robot/build/ackermann_msgs -- -j8 -l8
[1.558s] Invoking command in '/home/wheeltec/wheeltec_robot/build/ackermann_msgs': CMAKE_PREFIX_PATH=${CMAKE_PREFIX_PATH}:/opt/ros/humble /usr/bin/cmake --install /home/wheeltec/wheeltec_robot/build/ackermann_msgs
[1.680s] -- Install configuration: ""
[1.680s] -- Execute custom install script
[1.680s] -- Up-to-date symlink: /home/wheeltec/wheeltec_robot/install/ackermann_msgs/share/ament_index/resource_index/rosidl_interfaces/ackermann_msgs
[1.680s] -- Up-to-date symlink: /home/wheeltec/wheeltec_robot/install/ackermann_msgs/include/ackermann_msgs/ackermann_msgs/msg/ackermann_drive.h
[1.681s] -- Up-to-date symlink: /home/wheeltec/wheeltec_robot/install/ackermann_msgs/include/ackermann_msgs/ackermann_msgs/msg/ackermann_drive_stamped.h
[1.681s] -- Up-to-date symlink: /home/wheeltec/wheeltec_robot/install/ackermann_msgs/include/ackermann_msgs/ackermann_msgs/msg/detail/ackermann_drive__functions.h
[1.681s] -- Up-to-date symlink: /home/wheeltec/wheeltec_robot/install/ackermann_msgs/include/ackermann_msgs/ackermann_msgs/msg/detail/ackermann_drive__struct.h
[1.681s] -- Up-to-date symlink: /home/wheeltec/wheeltec_robot/install/ackermann_msgs/include/ackermann_msgs/ackermann_msgs/msg/detail/ackermann_drive__type_support.h
[1.681s] -- Up-to-date symlink: /home/wheeltec/wheeltec_robot/install/ackermann_msgs/include/ackermann_msgs/ackermann_msgs/msg/detail/ackermann_drive_stamped__functions.h
[1.681s] -- Up-to-date symlink: /home/wheeltec/wheeltec_robot/install/ackermann_msgs/include/ackermann_msgs/ackermann_msgs/msg/detail/ackermann_drive_stamped__struct.h
[1.681s] -- Up-to-date symlink: /home/wheeltec/wheeltec_robot/install/ackermann_msgs/include/ackermann_msgs/ackermann_msgs/msg/detail/ackermann_drive_stamped__type_support.h
[1.681s] -- Up-to-date symlink: /home/wheeltec/wheeltec_robot/install/ackermann_msgs/include/ackermann_msgs/ackermann_msgs/msg/rosidl_generator_c__visibility_control.h
[1.681s] -- Up-to-date symlink: /home/wheeltec/wheeltec_robot/install/ackermann_msgs/share/ackermann_msgs/environment/library_path.sh
[1.681s] -- Up-to-date symlink: /home/wheeltec/wheeltec_robot/install/ackermann_msgs/share/ackermann_msgs/environment/library_path.dsv
[1.682s] -- Up-to-date symlink: /home/wheeltec/wheeltec_robot/install/ackermann_msgs/include/ackermann_msgs/ackermann_msgs/msg/detail/ackermann_drive__rosidl_typesupport_fastrtps_c.h
[1.682s] -- Up-to-date symlink: /home/wheeltec/wheeltec_robot/install/ackermann_msgs/include/ackermann_msgs/ackermann_msgs/msg/detail/ackermann_drive_stamped__rosidl_typesupport_fastrtps_c.h
[1.682s] -- Up-to-date symlink: /home/wheeltec/wheeltec_robot/install/ackermann_msgs/include/ackermann_msgs/ackermann_msgs/msg/rosidl_typesupport_fastrtps_c__visibility_control.h
[1.682s] -- Up-to-date symlink: /home/wheeltec/wheeltec_robot/install/ackermann_msgs/include/ackermann_msgs/ackermann_msgs/msg/detail/ackermann_drive__rosidl_typesupport_introspection_c.h
[1.682s] -- Up-to-date symlink: /home/wheeltec/wheeltec_robot/install/ackermann_msgs/include/ackermann_msgs/ackermann_msgs/msg/detail/ackermann_drive_stamped__rosidl_typesupport_introspection_c.h
[1.682s] -- Up-to-date symlink: /home/wheeltec/wheeltec_robot/install/ackermann_msgs/include/ackermann_msgs/ackermann_msgs/msg/rosidl_typesupport_introspection_c__visibility_control.h
[1.682s] -- Up-to-date symlink: /home/wheeltec/wheeltec_robot/install/ackermann_msgs/include/ackermann_msgs/ackermann_msgs/msg/ackermann_drive.hpp
[1.682s] -- Up-to-date symlink: /home/wheeltec/wheeltec_robot/install/ackermann_msgs/include/ackermann_msgs/ackermann_msgs/msg/ackermann_drive_stamped.hpp
[1.682s] -- Up-to-date symlink: /home/wheeltec/wheeltec_robot/install/ackermann_msgs/include/ackermann_msgs/ackermann_msgs/msg/detail/ackermann_drive__builder.hpp
[1.683s] -- Up-to-date symlink: /home/wheeltec/wheeltec_robot/install/ackermann_msgs/include/ackermann_msgs/ackermann_msgs/msg/detail/ackermann_drive__struct.hpp
[1.683s] -- Up-to-date symlink: /home/wheeltec/wheeltec_robot/install/ackermann_msgs/include/ackermann_msgs/ackermann_msgs/msg/detail/ackermann_drive__traits.hpp
[1.683s] -- Up-to-date symlink: /home/wheeltec/wheeltec_robot/install/ackermann_msgs/include/ackermann_msgs/ackermann_msgs/msg/detail/ackermann_drive__type_support.hpp
[1.683s] -- Up-to-date symlink: /home/wheeltec/wheeltec_robot/install/ackermann_msgs/include/ackermann_msgs/ackermann_msgs/msg/detail/ackermann_drive_stamped__builder.hpp
[1.683s] -- Up-to-date symlink: /home/wheeltec/wheeltec_robot/install/ackermann_msgs/include/ackermann_msgs/ackermann_msgs/msg/detail/ackermann_drive_stamped__struct.hpp
[1.683s] -- Up-to-date symlink: /home/wheeltec/wheeltec_robot/install/ackermann_msgs/include/ackermann_msgs/ackermann_msgs/msg/detail/ackermann_drive_stamped__traits.hpp
[1.683s] -- Up-to-date symlink: /home/wheeltec/wheeltec_robot/install/ackermann_msgs/include/ackermann_msgs/ackermann_msgs/msg/detail/ackermann_drive_stamped__type_support.hpp
[1.683s] -- Up-to-date symlink: /home/wheeltec/wheeltec_robot/install/ackermann_msgs/include/ackermann_msgs/ackermann_msgs/msg/rosidl_generator_cpp__visibility_control.hpp
[1.683s] -- Up-to-date symlink: /home/wheeltec/wheeltec_robot/install/ackermann_msgs/include/ackermann_msgs/ackermann_msgs/msg/detail/ackermann_drive__rosidl_typesupport_fastrtps_cpp.hpp
[1.683s] -- Up-to-date symlink: /home/wheeltec/wheeltec_robot/install/ackermann_msgs/include/ackermann_msgs/ackermann_msgs/msg/detail/ackermann_drive_stamped__rosidl_typesupport_fastrtps_cpp.hpp
[1.684s] -- Up-to-date symlink: /home/wheeltec/wheeltec_robot/install/ackermann_msgs/include/ackermann_msgs/ackermann_msgs/msg/rosidl_typesupport_fastrtps_cpp__visibility_control.h
[1.684s] -- Up-to-date symlink: /home/wheeltec/wheeltec_robot/install/ackermann_msgs/include/ackermann_msgs/ackermann_msgs/msg/detail/ackermann_drive__rosidl_typesupport_introspection_cpp.hpp
[1.684s] -- Up-to-date symlink: /home/wheeltec/wheeltec_robot/install/ackermann_msgs/include/ackermann_msgs/ackermann_msgs/msg/detail/ackermann_drive_stamped__rosidl_typesupport_introspection_cpp.hpp
[1.684s] -- Up-to-date symlink: /home/wheeltec/wheeltec_robot/install/ackermann_msgs/share/ackermann_msgs/environment/pythonpath.sh
[1.684s] -- Up-to-date symlink: /home/wheeltec/wheeltec_robot/install/ackermann_msgs/share/ackermann_msgs/environment/pythonpath.dsv
[1.684s] -- Up-to-date symlink: /home/wheeltec/wheeltec_robot/install/ackermann_msgs/local/lib/python3.10/dist-packages/ackermann_msgs-2.0.2-py3.10.egg-info/PKG-INFO
[1.684s] -- Up-to-date symlink: /home/wheeltec/wheeltec_robot/install/ackermann_msgs/local/lib/python3.10/dist-packages/ackermann_msgs-2.0.2-py3.10.egg-info/SOURCES.txt
[1.684s] -- Up-to-date symlink: /home/wheeltec/wheeltec_robot/install/ackermann_msgs/local/lib/python3.10/dist-packages/ackermann_msgs-2.0.2-py3.10.egg-info/dependency_links.txt
[1.684s] -- Up-to-date symlink: /home/wheeltec/wheeltec_robot/install/ackermann_msgs/local/lib/python3.10/dist-packages/ackermann_msgs-2.0.2-py3.10.egg-info/top_level.txt
[1.685s] -- Up-to-date symlink: /home/wheeltec/wheeltec_robot/install/ackermann_msgs/local/lib/python3.10/dist-packages/ackermann_msgs/__init__.py
[1.685s] -- Up-to-date symlink: /home/wheeltec/wheeltec_robot/install/ackermann_msgs/local/lib/python3.10/dist-packages/ackermann_msgs/_ackermann_msgs_s.ep.rosidl_typesupport_c.c
[1.685s] -- Up-to-date symlink: /home/wheeltec/wheeltec_robot/install/ackermann_msgs/local/lib/python3.10/dist-packages/ackermann_msgs/_ackermann_msgs_s.ep.rosidl_typesupport_fastrtps_c.c
[1.685s] -- Up-to-date symlink: /home/wheeltec/wheeltec_robot/install/ackermann_msgs/local/lib/python3.10/dist-packages/ackermann_msgs/_ackermann_msgs_s.ep.rosidl_typesupport_introspection_c.c
[1.685s] -- Up-to-date symlink: /home/wheeltec/wheeltec_robot/install/ackermann_msgs/local/lib/python3.10/dist-packages/ackermann_msgs/ackermann_msgs_s__rosidl_typesupport_c.cpython-310-aarch64-linux-gnu.so
[1.685s] -- Up-to-date symlink: /home/wheeltec/wheeltec_robot/install/ackermann_msgs/local/lib/python3.10/dist-packages/ackermann_msgs/ackermann_msgs_s__rosidl_typesupport_fastrtps_c.cpython-310-aarch64-linux-gnu.so
[1.685s] -- Up-to-date symlink: /home/wheeltec/wheeltec_robot/install/ackermann_msgs/local/lib/python3.10/dist-packages/ackermann_msgs/ackermann_msgs_s__rosidl_typesupport_introspection_c.cpython-310-aarch64-linux-gnu.so
[1.686s] -- Up-to-date symlink: /home/wheeltec/wheeltec_robot/install/ackermann_msgs/local/lib/python3.10/dist-packages/ackermann_msgs/libackermann_msgs__rosidl_generator_py.so
[1.686s] -- Up-to-date symlink: /home/wheeltec/wheeltec_robot/install/ackermann_msgs/local/lib/python3.10/dist-packages/ackermann_msgs/msg/__init__.py
[1.686s] -- Up-to-date symlink: /home/wheeltec/wheeltec_robot/install/ackermann_msgs/local/lib/python3.10/dist-packages/ackermann_msgs/msg/_ackermann_drive.py
[1.686s] -- Up-to-date symlink: /home/wheeltec/wheeltec_robot/install/ackermann_msgs/local/lib/python3.10/dist-packages/ackermann_msgs/msg/_ackermann_drive_s.c
[1.686s] -- Up-to-date symlink: /home/wheeltec/wheeltec_robot/install/ackermann_msgs/local/lib/python3.10/dist-packages/ackermann_msgs/msg/_ackermann_drive_stamped.py
[1.686s] -- Up-to-date symlink: /home/wheeltec/wheeltec_robot/install/ackermann_msgs/local/lib/python3.10/dist-packages/ackermann_msgs/msg/_ackermann_drive_stamped_s.c
[1.686s] -- Up-to-date symlink: /home/wheeltec/wheeltec_robot/install/ackermann_msgs/local/lib/python3.10/dist-packages/ackermann_msgs/ackermann_msgs_s__rosidl_typesupport_fastrtps_c.cpython-310-aarch64-linux-gnu.so
[1.708s] -- Up-to-date symlink: /home/wheeltec/wheeltec_robot/install/ackermann_msgs/local/lib/python3.10/dist-packages/ackermann_msgs/ackermann_msgs_s__rosidl_typesupport_introspection_c.cpython-310-aarch64-linux-gnu.so
[1.709s] -- Up-to-date symlink: /home/wheeltec/wheeltec_robot/install/ackermann_msgs/local/lib/python3.10/dist-packages/ackermann_msgs/ackermann_msgs_s__rosidl_typesupport_c.cpython-310-aarch64-linux-gnu.so
[1.709s] -- Up-to-date symlink: /home/wheeltec/wheeltec_robot/install/ackermann_msgs/share/ackermann_msgs/msg/AckermannDrive.idl
[1.709s] -- Up-to-date symlink: /home/wheeltec/wheeltec_robot/install/ackermann_msgs/share/ackermann_msgs/msg/AckermannDriveStamped.idl
[1.709s] -- Up-to-date symlink: /home/wheeltec/wheeltec_robot/install/ackermann_msgs/share/ackermann_msgs/msg/AckermannDrive.msg
[1.709s] -- Up-to-date symlink: /home/wheeltec/wheeltec_robot/install/ackermann_msgs/share/ackermann_msgs/msg/AckermannDriveStamped.msg
[1.709s] -- Up-to-date symlink: /home/wheeltec/wheeltec_robot/install/ackermann_msgs/share/ament_index/resource_index/package_run_dependencies/ackermann_msgs
[1.709s] -- Up-to-date symlink: /home/wheeltec/wheeltec_robot/install/ackermann_msgs/share/ament_index/resource_index/parent_prefix_path/ackermann_msgs
[1.710s] -- Up-to-date symlink: /home/wheeltec/wheeltec_robot/install/ackermann_msgs/share/ackermann_msgs/environment/ament_prefix_path.sh
[1.710s] -- Up-to-date symlink: /home/wheeltec/wheeltec_robot/install/ackermann_msgs/share/ackermann_msgs/environment/ament_prefix_path.dsv
[1.710s] -- Up-to-date symlink: /home/wheeltec/wheeltec_robot/install/ackermann_msgs/share/ackermann_msgs/environment/path.sh
[1.710s] -- Up-to-date symlink: /home/wheeltec/wheeltec_robot/install/ackermann_msgs/share/ackermann_msgs/environment/path.dsv
[1.710s] -- Up-to-date symlink: /home/wheeltec/wheeltec_robot/install/ackermann_msgs/share/ackermann_msgs/local_setup.bash
[1.710s] -- Up-to-date symlink: /home/wheeltec/wheeltec_robot/install/ackermann_msgs/share/ackermann_msgs/local_setup.sh
[1.711s] -- Up-to-date symlink: /home/wheeltec/wheeltec_robot/install/ackermann_msgs/share/ackermann_msgs/local_setup.zsh
[1.711s] -- Up-to-date symlink: /home/wheeltec/wheeltec_robot/install/ackermann_msgs/share/ackermann_msgs/local_setup.dsv
[1.711s] -- Symlinking: /home/wheeltec/wheeltec_robot/install/ackermann_msgs/share/ackermann_msgs/package.dsv
[1.712s] -- Up-to-date symlink: /home/wheeltec/wheeltec_robot/install/ackermann_msgs/share/ament_index/resource_index/packages/ackermann_msgs
[1.713s] -- Up-to-date symlink: /home/wheeltec/wheeltec_robot/install/ackermann_msgs/share/ackermann_msgs/cmake/rosidl_cmake-extras.cmake
[1.713s] -- Up-to-date symlink: /home/wheeltec/wheeltec_robot/install/ackermann_msgs/share/ackermann_msgs/cmake/ament_cmake_export_dependencies-extras.cmake
[1.713s] -- Up-to-date symlink: /home/wheeltec/wheeltec_robot/install/ackermann_msgs/share/ackermann_msgs/cmake/ament_cmake_export_include_directories-extras.cmake
[1.713s] -- Up-to-date symlink: /home/wheeltec/wheeltec_robot/install/ackermann_msgs/share/ackermann_msgs/cmake/ament_cmake_export_libraries-extras.cmake
[1.713s] -- Up-to-date symlink: /home/wheeltec/wheeltec_robot/install/ackermann_msgs/share/ackermann_msgs/cmake/ament_cmake_export_targets-extras.cmake
[1.713s] -- Up-to-date symlink: /home/wheeltec/wheeltec_robot/install/ackermann_msgs/share/ackermann_msgs/cmake/rosidl_cmake_export_typesupport_targets-extras.cmake
[1.713s] -- Up-to-date symlink: /home/wheeltec/wheeltec_robot/install/ackermann_msgs/share/ackermann_msgs/cmake/rosidl_cmake_export_typesupport_libraries-extras.cmake
[1.713s] -- Up-to-date symlink: /home/wheeltec/wheeltec_robot/install/ackermann_msgs/share/ackermann_msgs/cmake/ackermann_msgsConfig.cmake
[1.713s] -- Up-to-date symlink: /home/wheeltec/wheeltec_robot/install/ackermann_msgs/share/ackermann_msgs/cmake/ackermann_msgsConfig-version.cmake
[1.714s] -- Up-to-date symlink: /home/wheeltec/wheeltec_robot/install/ackermann_msgs/share/ackermann_msgs/package.xml
[1.714s] -- Up-to-date: /home/wheeltec/wheeltec_robot/install/ackermann_msgs/lib/libackermann_msgs__rosidl_generator_c.so
[1.714s] -- Up-to-date: /home/wheeltec/wheeltec_robot/install/ackermann_msgs/lib/libackermann_msgs__rosidl_typesupport_fastrtps_c.so
[1.714s] -- Up-to-date: /home/wheeltec/wheeltec_robot/install/ackermann_msgs/lib/libackermann_msgs__rosidl_typesupport_introspection_c.so
[1.714s] -- Up-to-date: /home/wheeltec/wheeltec_robot/install/ackermann_msgs/lib/libackermann_msgs__rosidl_typesupport_c.so
[1.714s] -- Up-to-date: /home/wheeltec/wheeltec_robot/install/ackermann_msgs/lib/libackermann_msgs__rosidl_typesupport_fastrtps_cpp.so
[1.714s] -- Up-to-date: /home/wheeltec/wheeltec_robot/install/ackermann_msgs/lib/libackermann_msgs__rosidl_typesupport_introspection_cpp.so
[1.714s] -- Up-to-date: /home/wheeltec/wheeltec_robot/install/ackermann_msgs/lib/libackermann_msgs__rosidl_typesupport_cpp.so
[1.796s] Listing '/home/wheeltec/wheeltec_robot/install/ackermann_msgs/local/lib/python3.10/dist-packages/ackermann_msgs'...
[1.796s] Listing '/home/wheeltec/wheeltec_robot/install/ackermann_msgs/local/lib/python3.10/dist-packages/ackermann_msgs/msg'...
[1.809s] -- Up-to-date: /home/wheeltec/wheeltec_robot/install/ackermann_msgs/lib/libackermann_msgs__rosidl_generator_py.so
[1.810s] -- Up-to-date: /home/wheeltec/wheeltec_robot/install/ackermann_msgs/share/ackermann_msgs/cmake/export_ackermann_msgs__rosidl_generator_cExport.cmake
[1.810s] -- Up-to-date: /home/wheeltec/wheeltec_robot/install/ackermann_msgs/share/ackermann_msgs/cmake/export_ackermann_msgs__rosidl_generator_cExport-noconfig.cmake
[1.811s] -- Up-to-date: /home/wheeltec/wheeltec_robot/install/ackermann_msgs/share/ackermann_msgs/cmake/export_ackermann_msgs__rosidl_typesupport_fastrtps_cExport.cmake
[1.811s] -- Up-to-date: /home/wheeltec/wheeltec_robot/install/ackermann_msgs/share/ackermann_msgs/cmake/export_ackermann_msgs__rosidl_typesupport_fastrtps_cExport-noconfig.cmake
[1.811s] -- Up-to-date: /home/wheeltec/wheeltec_robot/install/ackermann_msgs/share/ackermann_msgs/cmake/ackermann_msgs__rosidl_typesupport_introspection_cExport.cmake
[1.811s] -- Up-to-date: /home/wheeltec/wheeltec_robot/install/ackermann_msgs/share/ackermann_msgs/cmake/ackermann_msgs__rosidl_typesupport_introspection_cExport-noconfig.cmake
[1.811s] -- Up-to-date: /home/wheeltec/wheeltec_robot/install/ackermann_msgs/share/ackermann_msgs/cmake/ackermann_msgs__rosidl_typesupport_cExport.cmake
[1.811s] -- Up-to-date: /home/wheeltec/wheeltec_robot/install/ackermann_msgs/share/ackermann_msgs/cmake/ackermann_msgs__rosidl_typesupport_cExport-noconfig.cmake
[1.811s] -- Up-to-date: /home/wheeltec/wheeltec_robot/install/ackermann_msgs/share/ackermann_msgs/cmake/export_ackermann_msgs__rosidl_generator_cppExport.cmake
[1.811s] -- Up-to-date: /home/wheeltec/wheeltec_robot/install/ackermann_msgs/share/ackermann_msgs/cmake/export_ackermann_msgs__rosidl_typesupport_fastrtps_cppExport.cmake
[1.811s] -- Up-to-date: /home/wheeltec/wheeltec_robot/install/ackermann_msgs/share/ackermann_msgs/cmake/export_ackermann_msgs__rosidl_typesupport_fastrtps_cppExport-noconfig.cmake
[1.812s] -- Up-to-date: /home/wheeltec/wheeltec_robot/install/ackermann_msgs/share/ackermann_msgs/cmake/ackermann_msgs__rosidl_typesupport_introspection_cppExport.cmake
[1.812s] -- Up-to-date: /home/wheeltec/wheeltec_robot/install/ackermann_msgs/share/ackermann_msgs/cmake/ackermann_msgs__rosidl_typesupport_introspection_cppExport-noconfig.cmake
[1.812s] -- Up-to-date: /home/wheeltec/wheeltec_robot/install/ackermann_msgs/share/ackermann_msgs/cmake/ackermann_msgs__rosidl_typesupport_cppExport.cmake
[1.816s] -- Up-to-date: /home/wheeltec/wheeltec_robot/install/ackermann_msgs/share/ackermann_msgs/cmake/ackermann_msgs__rosidl_typesupport_cppExport-noconfig.cmake
[1.816s] -- Up-to-date: /home/wheeltec/wheeltec_robot/install/ackermann_msgs/share/ackermann_msgs/cmake/export_ackermann_msgs__rosidl_generator_pyExport.cmake
[1.816s] -- Up-to-date: /home/wheeltec/wheeltec_robot/install/ackermann_msgs/share/ackermann_msgs/cmake/export_ackermann_msgs__rosidl_generator_pyExport-noconfig.cmake
[1.828s] Invoked command in '/home/wheeltec/wheeltec_robot/build/ackermann_msgs' returned '0': CMAKE_PREFIX_PATH=${CMAKE_PREFIX_PATH}:/opt/ros/humble /usr/bin/cmake --install /home/wheeltec/wheeltec_robot/build/ackermann_msgs
