[0.103s] Invoking command in '/home/wheeltec/wheeltec_robot/build/ldlidar_sl_ros2': CMAKE_PREFIX_PATH=${CMAKE_PREFIX_PATH}:/opt/ros/humble /usr/bin/cmake /home/wheeltec/wheeltec_robot/src/wheeltec_lidar_ros2/LDlidar/ldlidar14 -DAMENT_CMAKE_SYMLINK_INSTALL=1 -DCMAKE_INSTALL_PREFIX=/home/wheeltec/wheeltec_robot/install/ldlidar_sl_ros2
[0.921s] -- The C compiler identification is GNU 11.4.0
[0.921s] -- The CXX compiler identification is GNU 11.4.0
[0.921s] -- Detecting C compiler ABI info
[1.181s] -- Detecting C compiler ABI info - done
[1.192s] -- Check for working C compiler: /usr/bin/cc - skipped
[1.192s] -- Detecting C compile features
[1.196s] -- Detecting C compile features - done
[1.208s] -- Detecting CXX compiler ABI info
[1.597s] -- Detecting CXX compiler ABI info - done
[1.607s] -- Check for working CXX compiler: /usr/bin/c++ - skipped
[1.609s] -- Detecting CXX compile features
[1.609s] -- Detecting CXX compile features - done
[1.618s] -- Found ament_cmake: 1.3.12 (/opt/ros/humble/share/ament_cmake/cmake)
[3.576s] -- Found Python3: /usr/bin/python3 (found version "3.10.12") found components: Interpreter 
[3.956s] -- Override CMake install command with custom implementation using symlinks instead of copying resources
[4.123s] -- Found rclcpp: 16.0.14 (/opt/ros/humble/share/rclcpp/cmake)
[4.322s] -- Found rosidl_generator_c: 3.1.7 (/opt/ros/humble/share/rosidl_generator_c/cmake)
[4.354s] -- Found rosidl_adapter: 3.1.7 (/opt/ros/humble/share/rosidl_adapter/cmake)
[4.394s] -- Found rosidl_generator_cpp: 3.1.7 (/opt/ros/humble/share/rosidl_generator_cpp/cmake)
[4.453s] -- Using all available rosidl_typesupport_c: rosidl_typesupport_fastrtps_c;rosidl_typesupport_introspection_c
[4.560s] -- Using all available rosidl_typesupport_cpp: rosidl_typesupport_fastrtps_cpp;rosidl_typesupport_introspection_cpp
[4.880s] -- Found rmw_implementation_cmake: 6.1.2 (/opt/ros/humble/share/rmw_implementation_cmake/cmake)
[4.909s] -- Found rmw_fastrtps_cpp: 6.2.8 (/opt/ros/humble/share/rmw_fastrtps_cpp/cmake)
[5.582s] -- Found OpenSSL: /usr/lib/aarch64-linux-gnu/libcrypto.so (found version "3.0.2")  
[5.744s] -- Found FastRTPS: /opt/ros/humble/include  
[5.922s] -- Using RMW implementation 'rmw_fastrtps_cpp' as default
[5.960s] -- Looking for pthread.h
[6.491s] -- Looking for pthread.h - found
[6.492s] -- Performing Test CMAKE_HAVE_LIBC_PTHREAD
[6.974s] -- Performing Test CMAKE_HAVE_LIBC_PTHREAD - Success
[6.977s] -- Found Threads: TRUE  
[7.252s] -- Found sensor_msgs: 4.9.0 (/opt/ros/humble/share/sensor_msgs/cmake)
[7.383s] -- Found ament_lint_auto: 0.12.14 (/opt/ros/humble/share/ament_lint_auto/cmake)
[7.880s] -- Added test 'copyright' to check source files copyright and LICENSE
[7.892s] -- Added test 'cppcheck' to perform static code analysis on C / C++ code
[7.893s] -- Configured cppcheck include dirs: /home/wheeltec/wheeltec_robot/src/wheeltec_lidar_ros2/LDlidar/ldlidar14/include;/home/wheeltec/wheeltec_robot/src/wheeltec_lidar_ros2/LDlidar/ldlidar14/include/ldlidar_driver/include
[7.893s] -- Configured cppcheck exclude dirs and/or files: 
[7.896s] -- Added test 'cpplint' to check C / C++ code against the Google style
[7.896s] -- Configured cpplint exclude dirs and/or files: 
[7.900s] -- Added test 'flake8' to check Python code syntax and style conventions
[7.911s] -- Added test 'lint_cmake' to check CMake code style
[7.914s] -- Added test 'pep257' to check Python code against some of the docstring style conventions in PEP 257
[7.918s] -- Added test 'uncrustify' to check C / C++ code style
[7.920s] -- Configured uncrustify additional arguments: 
[7.928s] -- Added test 'xmllint' to check XML markup files
[7.943s] -- Configuring done
[8.016s] -- Generating done
[8.042s] -- Build files have been written to: /home/wheeltec/wheeltec_robot/build/ldlidar_sl_ros2
[8.134s] Invoked command in '/home/wheeltec/wheeltec_robot/build/ldlidar_sl_ros2' returned '0': CMAKE_PREFIX_PATH=${CMAKE_PREFIX_PATH}:/opt/ros/humble /usr/bin/cmake /home/wheeltec/wheeltec_robot/src/wheeltec_lidar_ros2/LDlidar/ldlidar14 -DAMENT_CMAKE_SYMLINK_INSTALL=1 -DCMAKE_INSTALL_PREFIX=/home/wheeltec/wheeltec_robot/install/ldlidar_sl_ros2
[8.134s] Invoking command in '/home/wheeltec/wheeltec_robot/build/ldlidar_sl_ros2': CMAKE_PREFIX_PATH=${CMAKE_PREFIX_PATH}:/opt/ros/humble /usr/bin/cmake --build /home/wheeltec/wheeltec_robot/build/ldlidar_sl_ros2 -- -j8 -l8
[10.940s] [ 16%] [32mBuilding CXX object CMakeFiles/ldlidar_sl_ros2_node.dir/src/demo.cpp.o[0m
[24.609s] [ 33%] [32mBuilding CXX object CMakeFiles/ldlidar_sl_ros2_node.dir/include/ldlidar_driver/transform.cpp.o[0m
[26.650s] [ 50%] [32mBuilding CXX object CMakeFiles/ldlidar_sl_ros2_node.dir/include/ldlidar_driver/slbf.cpp.o[0m
[29.609s] [ 66%] [32mBuilding CXX object CMakeFiles/ldlidar_sl_ros2_node.dir/include/ldlidar_driver/lipkg.cpp.o[0m
[32.610s] [ 83%] [32mBuilding CXX object CMakeFiles/ldlidar_sl_ros2_node.dir/include/ldlidar_driver/cmd_interface_linux.cpp.o[0m
[34.454s] [100%] [32m[1mLinking CXX executable ldlidar_sl_ros2_node[0m
[35.002s] [100%] Built target ldlidar_sl_ros2_node
