[35m[1mConsolidate compiler generated dependencies of target gps_path[0m
[100%] Built target gps_path
-- Install configuration: ""
-- Execute custom install script
-- Up-to-date symlink: /home/wheeltec/wheeltec_robot/install/wheeltec_gps_driver/lib/wheeltec_gps_driver/gps_path
-- Up-to-date symlink: /home/wheeltec/wheeltec_robot/install/wheeltec_gps_driver/share/wheeltec_gps_driver/launch/nmea_gps_path.launch.py
-- Up-to-date symlink: /home/wheeltec/wheeltec_robot/install/wheeltec_gps_driver/share/wheeltec_gps_driver/launch/nmea_gps_path_dualrtk.launch.py
-- Up-to-date symlink: /home/wheeltec/wheeltec_robot/install/wheeltec_gps_driver/share/wheeltec_gps_driver/launch/ublox_gps_path.launch.py
-- Up-to-date symlink: /home/wheeltec/wheeltec_robot/install/wheeltec_gps_driver/share/wheeltec_gps_driver/launch/unicore_gps_path_dualrtk.launch.py
-- Up-to-date symlink: /home/wheeltec/wheeltec_robot/install/wheeltec_gps_driver/share/wheeltec_gps_driver/launch/wheeltec_dual_rtk_driver_nmea.launch.py
-- Up-to-date symlink: /home/wheeltec/wheeltec_robot/install/wheeltec_gps_driver/share/wheeltec_gps_driver/launch/wheeltec_dual_rtk_driver_unicore.launch.py
-- Up-to-date symlink: /home/wheeltec/wheeltec_robot/install/wheeltec_gps_driver/share/wheeltec_gps_driver/launch/wheeltec_nmea_driver.launch.py
-- Up-to-date symlink: /home/wheeltec/wheeltec_robot/install/wheeltec_gps_driver/share/wheeltec_gps_driver/launch/wheeltec_ublox_driver.launch.py
-- Up-to-date symlink: /home/wheeltec/wheeltec_robot/install/wheeltec_gps_driver/share/wheeltec_gps_driver/config/nmea_serial_driver.yaml
-- Up-to-date symlink: /home/wheeltec/wheeltec_robot/install/wheeltec_gps_driver/share/wheeltec_gps_driver/config/path.rviz
-- Up-to-date symlink: /home/wheeltec/wheeltec_robot/install/wheeltec_gps_driver/share/wheeltec_gps_driver/config/ublox_serial_driver.yaml
-- Up-to-date symlink: /home/wheeltec/wheeltec_robot/install/wheeltec_gps_driver/share/wheeltec_gps_driver/config/wheeltec_dual_rtk_nmea_serial_driver.yaml
-- Up-to-date symlink: /home/wheeltec/wheeltec_robot/install/wheeltec_gps_driver/share/ament_index/resource_index/package_run_dependencies/wheeltec_gps_driver
-- Up-to-date symlink: /home/wheeltec/wheeltec_robot/install/wheeltec_gps_driver/share/ament_index/resource_index/parent_prefix_path/wheeltec_gps_driver
-- Up-to-date symlink: /home/wheeltec/wheeltec_robot/install/wheeltec_gps_driver/share/wheeltec_gps_driver/environment/ament_prefix_path.sh
-- Up-to-date symlink: /home/wheeltec/wheeltec_robot/install/wheeltec_gps_driver/share/wheeltec_gps_driver/environment/ament_prefix_path.dsv
-- Up-to-date symlink: /home/wheeltec/wheeltec_robot/install/wheeltec_gps_driver/share/wheeltec_gps_driver/environment/path.sh
-- Up-to-date symlink: /home/wheeltec/wheeltec_robot/install/wheeltec_gps_driver/share/wheeltec_gps_driver/environment/path.dsv
-- Up-to-date symlink: /home/wheeltec/wheeltec_robot/install/wheeltec_gps_driver/share/wheeltec_gps_driver/local_setup.bash
-- Up-to-date symlink: /home/wheeltec/wheeltec_robot/install/wheeltec_gps_driver/share/wheeltec_gps_driver/local_setup.sh
-- Up-to-date symlink: /home/wheeltec/wheeltec_robot/install/wheeltec_gps_driver/share/wheeltec_gps_driver/local_setup.zsh
-- Up-to-date symlink: /home/wheeltec/wheeltec_robot/install/wheeltec_gps_driver/share/wheeltec_gps_driver/local_setup.dsv
-- Symlinking: /home/wheeltec/wheeltec_robot/install/wheeltec_gps_driver/share/wheeltec_gps_driver/package.dsv
-- Up-to-date symlink: /home/wheeltec/wheeltec_robot/install/wheeltec_gps_driver/share/ament_index/resource_index/packages/wheeltec_gps_driver
-- Up-to-date symlink: /home/wheeltec/wheeltec_robot/install/wheeltec_gps_driver/share/wheeltec_gps_driver/cmake/wheeltec_gps_driverConfig.cmake
-- Up-to-date symlink: /home/wheeltec/wheeltec_robot/install/wheeltec_gps_driver/share/wheeltec_gps_driver/cmake/wheeltec_gps_driverConfig-version.cmake
-- Up-to-date symlink: /home/wheeltec/wheeltec_robot/install/wheeltec_gps_driver/share/wheeltec_gps_driver/package.xml
