[3.500s] Invoking command in '/home/wheeltec/wheeltec_robot/src/build/nav2_waypoint_cycle': PYTHONPATH=/home/wheeltec/wheeltec_robot/src/build/nav2_waypoint_cycle/prefix_override:/usr/lib/python3/dist-packages/colcon_core/task/python/colcon_distutils_commands:/home/wheeltec/wheeltec_robot/src/install/nav2_waypoint_cycle/lib/python3.10/site-packages:${PYTHONPATH} /usr/bin/python3 -W ignore:setup.py install is deprecated -W ignore:easy_install command is deprecated setup.py develop --editable --build-directory /home/wheeltec/wheeltec_robot/src/build/nav2_waypoint_cycle/build --no-deps symlink_data
[17.217s] running develop
[17.217s] running egg_info
[17.217s] creating nav2_waypoint_cycle.egg-info
[17.217s] writing nav2_waypoint_cycle.egg-info/PKG-INFO
[17.217s] writing dependency_links to nav2_waypoint_cycle.egg-info/dependency_links.txt
[17.217s] writing entry points to nav2_waypoint_cycle.egg-info/entry_points.txt
[17.217s] writing requirements to nav2_waypoint_cycle.egg-info/requires.txt
[17.217s] writing top-level names to nav2_waypoint_cycle.egg-info/top_level.txt
[17.217s] writing manifest file 'nav2_waypoint_cycle.egg-info/SOURCES.txt'
[17.217s] reading manifest file 'nav2_waypoint_cycle.egg-info/SOURCES.txt'
[17.218s] writing manifest file 'nav2_waypoint_cycle.egg-info/SOURCES.txt'
[17.218s] running build_ext
[17.218s] Creating /home/wheeltec/wheeltec_robot/src/install/nav2_waypoint_cycle/lib/python3.10/site-packages/nav2-waypoint-cycle.egg-link (link to .)
[17.219s] Installing nav2_waypoint_cycle script to /home/wheeltec/wheeltec_robot/src/install/nav2_waypoint_cycle/lib/nav2_waypoint_cycle
[17.219s] 
[17.219s] Installed /home/wheeltec/wheeltec_robot/src/build/nav2_waypoint_cycle
[17.219s] running symlink_data
[17.219s] creating /home/wheeltec/wheeltec_robot/src/install/nav2_waypoint_cycle/share/ament_index/resource_index/packages
[17.219s] symbolically linking /home/wheeltec/wheeltec_robot/src/build/nav2_waypoint_cycle/resource/nav2_waypoint_cycle -> /home/wheeltec/wheeltec_robot/src/install/nav2_waypoint_cycle/share/ament_index/resource_index/packages
[17.219s] symbolically linking /home/wheeltec/wheeltec_robot/src/build/nav2_waypoint_cycle/package.xml -> /home/wheeltec/wheeltec_robot/src/install/nav2_waypoint_cycle/share/nav2_waypoint_cycle
[17.220s] /usr/local/lib/python3.10/dist-packages/setuptools/_distutils/dist.py:289: UserWarning: Unknown distribution option: 'tests_require'
[17.220s]   warnings.warn(msg)
[17.357s] Invoked command in '/home/wheeltec/wheeltec_robot/src/build/nav2_waypoint_cycle' returned '0': PYTHONPATH=/home/wheeltec/wheeltec_robot/src/build/nav2_waypoint_cycle/prefix_override:/usr/lib/python3/dist-packages/colcon_core/task/python/colcon_distutils_commands:/home/wheeltec/wheeltec_robot/src/install/nav2_waypoint_cycle/lib/python3.10/site-packages:${PYTHONPATH} /usr/bin/python3 -W ignore:setup.py install is deprecated -W ignore:easy_install command is deprecated setup.py develop --editable --build-directory /home/wheeltec/wheeltec_robot/src/build/nav2_waypoint_cycle/build --no-deps symlink_data
