[0.166s] Invoking command in '/home/wheeltec/wheeltec_robot/build/aruco_msgs': CMAKE_PREFIX_PATH=${CMAKE_PREFIX_PATH}:/opt/ros/humble /usr/bin/cmake --build /home/wheeltec/wheeltec_robot/build/aruco_msgs -- -j8 -l8
[0.954s] [  2%] Built target aruco_msgs__cpp
[0.954s] [  2%] Built target ament_cmake_python_symlink_aruco_msgs
[0.955s] [35m[1mConsolidate compiler generated dependencies of target aruco_msgs__rosidl_typesupport_introspection_cpp[0m
[0.971s] [ 12%] Built target aruco_msgs__rosidl_typesupport_introspection_cpp
[2.102s] running egg_info
[2.133s] writing aruco_msgs.egg-info/PKG-INFO
[2.138s] writing dependency_links to aruco_msgs.egg-info/dependency_links.txt
[2.139s] writing top-level names to aruco_msgs.egg-info/top_level.txt
[2.264s] reading manifest file 'aruco_msgs.egg-info/SOURCES.txt'
[2.267s] writing manifest file 'aruco_msgs.egg-info/SOURCES.txt'
[2.378s] [ 12%] Built target ament_cmake_python_build_aruco_msgs_egg
[2.455s] [35m[1mConsolidate compiler generated dependencies of target aruco_msgs__rosidl_typesupport_fastrtps_cpp[0m
[2.555s] [ 23%] Built target aruco_msgs__rosidl_typesupport_fastrtps_cpp
[2.648s] [35m[1mConsolidate compiler generated dependencies of target aruco_msgs__rosidl_typesupport_cpp[0m
[2.716s] [ 33%] Built target aruco_msgs__rosidl_typesupport_cpp
[2.787s] [35m[1mConsolidate compiler generated dependencies of target aruco_msgs__rosidl_generator_c[0m
[2.901s] [ 43%] Built target aruco_msgs__rosidl_generator_c
[2.993s] [35m[1mConsolidate compiler generated dependencies of target aruco_msgs__rosidl_typesupport_fastrtps_c[0m
[3.068s] [ 53%] Built target aruco_msgs__rosidl_typesupport_fastrtps_c
[3.134s] [35m[1mConsolidate compiler generated dependencies of target aruco_msgs__rosidl_typesupport_c[0m
[3.191s] [ 64%] Built target aruco_msgs__rosidl_typesupport_c
[3.271s] [35m[1mConsolidate compiler generated dependencies of target aruco_msgs__rosidl_typesupport_introspection_c[0m
[3.396s] [ 74%] Built target aruco_msgs__rosidl_typesupport_introspection_c
[3.561s] [ 74%] Built target aruco_msgs
[3.717s] [ 76%] Built target aruco_msgs__py
[3.808s] [35m[1mConsolidate compiler generated dependencies of target aruco_msgs__rosidl_generator_py[0m
[3.885s] [ 84%] Built target aruco_msgs__rosidl_generator_py
[3.983s] [35m[1mConsolidate compiler generated dependencies of target aruco_msgs__rosidl_typesupport_fastrtps_c__pyext[0m
[4.101s] [ 89%] Built target aruco_msgs__rosidl_typesupport_fastrtps_c__pyext
[4.186s] [35m[1mConsolidate compiler generated dependencies of target aruco_msgs__rosidl_typesupport_c__pyext[0m
[4.241s] [ 94%] Built target aruco_msgs__rosidl_typesupport_c__pyext
[4.282s] [35m[1mConsolidate compiler generated dependencies of target aruco_msgs__rosidl_typesupport_introspection_c__pyext[0m
[4.339s] [100%] Built target aruco_msgs__rosidl_typesupport_introspection_c__pyext
[4.406s] Invoked command in '/home/wheeltec/wheeltec_robot/build/aruco_msgs' returned '0': CMAKE_PREFIX_PATH=${CMAKE_PREFIX_PATH}:/opt/ros/humble /usr/bin/cmake --build /home/wheeltec/wheeltec_robot/build/aruco_msgs -- -j8 -l8
[4.407s] Invoking command in '/home/wheeltec/wheeltec_robot/build/aruco_msgs': CMAKE_PREFIX_PATH=${CMAKE_PREFIX_PATH}:/opt/ros/humble /usr/bin/cmake --install /home/wheeltec/wheeltec_robot/build/aruco_msgs
[4.455s] -- Install configuration: ""
[4.456s] -- Execute custom install script
[4.456s] -- Up-to-date symlink: /home/wheeltec/wheeltec_robot/install/aruco_msgs/share/ament_index/resource_index/rosidl_interfaces/aruco_msgs
[4.456s] -- Up-to-date symlink: /home/wheeltec/wheeltec_robot/install/aruco_msgs/include/aruco_msgs/aruco_msgs/msg/detail/marker__functions.h
[4.456s] -- Up-to-date symlink: /home/wheeltec/wheeltec_robot/install/aruco_msgs/include/aruco_msgs/aruco_msgs/msg/detail/marker__struct.h
[4.456s] -- Up-to-date symlink: /home/wheeltec/wheeltec_robot/install/aruco_msgs/include/aruco_msgs/aruco_msgs/msg/detail/marker__type_support.h
[4.456s] -- Up-to-date symlink: /home/wheeltec/wheeltec_robot/install/aruco_msgs/include/aruco_msgs/aruco_msgs/msg/detail/marker_array__functions.h
[4.456s] -- Up-to-date symlink: /home/wheeltec/wheeltec_robot/install/aruco_msgs/include/aruco_msgs/aruco_msgs/msg/detail/marker_array__struct.h
[4.456s] -- Up-to-date symlink: /home/wheeltec/wheeltec_robot/install/aruco_msgs/include/aruco_msgs/aruco_msgs/msg/detail/marker_array__type_support.h
[4.457s] -- Up-to-date symlink: /home/wheeltec/wheeltec_robot/install/aruco_msgs/include/aruco_msgs/aruco_msgs/msg/marker.h
[4.457s] -- Up-to-date symlink: /home/wheeltec/wheeltec_robot/install/aruco_msgs/include/aruco_msgs/aruco_msgs/msg/marker_array.h
[4.457s] -- Up-to-date symlink: /home/wheeltec/wheeltec_robot/install/aruco_msgs/include/aruco_msgs/aruco_msgs/msg/rosidl_generator_c__visibility_control.h
[4.457s] -- Up-to-date symlink: /home/wheeltec/wheeltec_robot/install/aruco_msgs/share/aruco_msgs/environment/library_path.sh
[4.457s] -- Up-to-date symlink: /home/wheeltec/wheeltec_robot/install/aruco_msgs/share/aruco_msgs/environment/library_path.dsv
[4.458s] -- Up-to-date symlink: /home/wheeltec/wheeltec_robot/install/aruco_msgs/include/aruco_msgs/aruco_msgs/msg/detail/marker__rosidl_typesupport_fastrtps_c.h
[4.458s] -- Up-to-date symlink: /home/wheeltec/wheeltec_robot/install/aruco_msgs/include/aruco_msgs/aruco_msgs/msg/detail/marker_array__rosidl_typesupport_fastrtps_c.h
[4.458s] -- Up-to-date symlink: /home/wheeltec/wheeltec_robot/install/aruco_msgs/include/aruco_msgs/aruco_msgs/msg/rosidl_typesupport_fastrtps_c__visibility_control.h
[4.458s] -- Up-to-date symlink: /home/wheeltec/wheeltec_robot/install/aruco_msgs/include/aruco_msgs/aruco_msgs/msg/detail/marker__builder.hpp
[4.459s] -- Up-to-date symlink: /home/wheeltec/wheeltec_robot/install/aruco_msgs/include/aruco_msgs/aruco_msgs/msg/detail/marker__struct.hpp
[4.459s] -- Up-to-date symlink: /home/wheeltec/wheeltec_robot/install/aruco_msgs/include/aruco_msgs/aruco_msgs/msg/detail/marker__traits.hpp
[4.459s] -- Up-to-date symlink: /home/wheeltec/wheeltec_robot/install/aruco_msgs/include/aruco_msgs/aruco_msgs/msg/detail/marker__type_support.hpp
[4.478s] -- Up-to-date symlink: /home/wheeltec/wheeltec_robot/install/aruco_msgs/include/aruco_msgs/aruco_msgs/msg/detail/marker_array__builder.hpp
[4.478s] -- Up-to-date symlink: /home/wheeltec/wheeltec_robot/install/aruco_msgs/include/aruco_msgs/aruco_msgs/msg/detail/marker_array__struct.hpp
[4.478s] -- Up-to-date symlink: /home/wheeltec/wheeltec_robot/install/aruco_msgs/include/aruco_msgs/aruco_msgs/msg/detail/marker_array__traits.hpp
[4.478s] -- Up-to-date symlink: /home/wheeltec/wheeltec_robot/install/aruco_msgs/include/aruco_msgs/aruco_msgs/msg/detail/marker_array__type_support.hpp
[4.478s] -- Up-to-date symlink: /home/wheeltec/wheeltec_robot/install/aruco_msgs/include/aruco_msgs/aruco_msgs/msg/marker.hpp
[4.479s] -- Up-to-date symlink: /home/wheeltec/wheeltec_robot/install/aruco_msgs/include/aruco_msgs/aruco_msgs/msg/marker_array.hpp
[4.479s] -- Up-to-date symlink: /home/wheeltec/wheeltec_robot/install/aruco_msgs/include/aruco_msgs/aruco_msgs/msg/rosidl_generator_cpp__visibility_control.hpp
[4.479s] -- Up-to-date symlink: /home/wheeltec/wheeltec_robot/install/aruco_msgs/include/aruco_msgs/aruco_msgs/msg/detail/marker__rosidl_typesupport_fastrtps_cpp.hpp
[4.479s] -- Up-to-date symlink: /home/wheeltec/wheeltec_robot/install/aruco_msgs/include/aruco_msgs/aruco_msgs/msg/detail/marker_array__rosidl_typesupport_fastrtps_cpp.hpp
[4.479s] -- Up-to-date symlink: /home/wheeltec/wheeltec_robot/install/aruco_msgs/include/aruco_msgs/aruco_msgs/msg/rosidl_typesupport_fastrtps_cpp__visibility_control.h
[4.479s] -- Up-to-date symlink: /home/wheeltec/wheeltec_robot/install/aruco_msgs/include/aruco_msgs/aruco_msgs/msg/detail/marker__rosidl_typesupport_introspection_c.h
[4.480s] -- Up-to-date symlink: /home/wheeltec/wheeltec_robot/install/aruco_msgs/include/aruco_msgs/aruco_msgs/msg/detail/marker_array__rosidl_typesupport_introspection_c.h
[4.480s] -- Up-to-date symlink: /home/wheeltec/wheeltec_robot/install/aruco_msgs/include/aruco_msgs/aruco_msgs/msg/rosidl_typesupport_introspection_c__visibility_control.h
[4.480s] -- Up-to-date symlink: /home/wheeltec/wheeltec_robot/install/aruco_msgs/include/aruco_msgs/aruco_msgs/msg/detail/marker__rosidl_typesupport_introspection_cpp.hpp
[4.480s] -- Up-to-date symlink: /home/wheeltec/wheeltec_robot/install/aruco_msgs/include/aruco_msgs/aruco_msgs/msg/detail/marker_array__rosidl_typesupport_introspection_cpp.hpp
[4.480s] -- Up-to-date symlink: /home/wheeltec/wheeltec_robot/install/aruco_msgs/share/aruco_msgs/environment/pythonpath.sh
[4.480s] -- Up-to-date symlink: /home/wheeltec/wheeltec_robot/install/aruco_msgs/share/aruco_msgs/environment/pythonpath.dsv
[4.481s] -- Up-to-date symlink: /home/wheeltec/wheeltec_robot/install/aruco_msgs/local/lib/python3.10/dist-packages/aruco_msgs-5.0.5-py3.10.egg-info/PKG-INFO
[4.481s] -- Up-to-date symlink: /home/wheeltec/wheeltec_robot/install/aruco_msgs/local/lib/python3.10/dist-packages/aruco_msgs-5.0.5-py3.10.egg-info/SOURCES.txt
[4.481s] -- Up-to-date symlink: /home/wheeltec/wheeltec_robot/install/aruco_msgs/local/lib/python3.10/dist-packages/aruco_msgs-5.0.5-py3.10.egg-info/dependency_links.txt
[4.481s] -- Up-to-date symlink: /home/wheeltec/wheeltec_robot/install/aruco_msgs/local/lib/python3.10/dist-packages/aruco_msgs-5.0.5-py3.10.egg-info/top_level.txt
[4.483s] -- Up-to-date symlink: /home/wheeltec/wheeltec_robot/install/aruco_msgs/local/lib/python3.10/dist-packages/aruco_msgs/__init__.py
[4.483s] -- Up-to-date symlink: /home/wheeltec/wheeltec_robot/install/aruco_msgs/local/lib/python3.10/dist-packages/aruco_msgs/_aruco_msgs_s.ep.rosidl_typesupport_c.c
[4.483s] -- Up-to-date symlink: /home/wheeltec/wheeltec_robot/install/aruco_msgs/local/lib/python3.10/dist-packages/aruco_msgs/_aruco_msgs_s.ep.rosidl_typesupport_fastrtps_c.c
[4.498s] -- Up-to-date symlink: /home/wheeltec/wheeltec_robot/install/aruco_msgs/local/lib/python3.10/dist-packages/aruco_msgs/_aruco_msgs_s.ep.rosidl_typesupport_introspection_c.c
[4.498s] -- Up-to-date symlink: /home/wheeltec/wheeltec_robot/install/aruco_msgs/local/lib/python3.10/dist-packages/aruco_msgs/aruco_msgs_s__rosidl_typesupport_c.cpython-310-aarch64-linux-gnu.so
[4.498s] -- Up-to-date symlink: /home/wheeltec/wheeltec_robot/install/aruco_msgs/local/lib/python3.10/dist-packages/aruco_msgs/aruco_msgs_s__rosidl_typesupport_fastrtps_c.cpython-310-aarch64-linux-gnu.so
[4.498s] -- Up-to-date symlink: /home/wheeltec/wheeltec_robot/install/aruco_msgs/local/lib/python3.10/dist-packages/aruco_msgs/aruco_msgs_s__rosidl_typesupport_introspection_c.cpython-310-aarch64-linux-gnu.so
[4.499s] -- Up-to-date symlink: /home/wheeltec/wheeltec_robot/install/aruco_msgs/local/lib/python3.10/dist-packages/aruco_msgs/libaruco_msgs__rosidl_generator_py.so
[4.499s] -- Up-to-date symlink: /home/wheeltec/wheeltec_robot/install/aruco_msgs/local/lib/python3.10/dist-packages/aruco_msgs/msg/__init__.py
[4.499s] -- Up-to-date symlink: /home/wheeltec/wheeltec_robot/install/aruco_msgs/local/lib/python3.10/dist-packages/aruco_msgs/msg/_marker.py
[4.499s] -- Up-to-date symlink: /home/wheeltec/wheeltec_robot/install/aruco_msgs/local/lib/python3.10/dist-packages/aruco_msgs/msg/_marker_array.py
[4.499s] -- Up-to-date symlink: /home/wheeltec/wheeltec_robot/install/aruco_msgs/local/lib/python3.10/dist-packages/aruco_msgs/msg/_marker_array_s.c
[4.499s] -- Up-to-date symlink: /home/wheeltec/wheeltec_robot/install/aruco_msgs/local/lib/python3.10/dist-packages/aruco_msgs/msg/_marker_s.c
[4.500s] -- Up-to-date symlink: /home/wheeltec/wheeltec_robot/install/aruco_msgs/local/lib/python3.10/dist-packages/aruco_msgs/aruco_msgs_s__rosidl_typesupport_fastrtps_c.cpython-310-aarch64-linux-gnu.so
[4.500s] -- Up-to-date symlink: /home/wheeltec/wheeltec_robot/install/aruco_msgs/local/lib/python3.10/dist-packages/aruco_msgs/aruco_msgs_s__rosidl_typesupport_introspection_c.cpython-310-aarch64-linux-gnu.so
[4.510s] -- Up-to-date symlink: /home/wheeltec/wheeltec_robot/install/aruco_msgs/local/lib/python3.10/dist-packages/aruco_msgs/aruco_msgs_s__rosidl_typesupport_c.cpython-310-aarch64-linux-gnu.so
[4.512s] -- Up-to-date symlink: /home/wheeltec/wheeltec_robot/install/aruco_msgs/share/aruco_msgs/msg/Marker.idl
[4.514s] -- Up-to-date symlink: /home/wheeltec/wheeltec_robot/install/aruco_msgs/share/aruco_msgs/msg/MarkerArray.idl
[4.514s] -- Up-to-date symlink: /home/wheeltec/wheeltec_robot/install/aruco_msgs/share/aruco_msgs/msg/Marker.msg
[4.514s] -- Up-to-date symlink: /home/wheeltec/wheeltec_robot/install/aruco_msgs/share/aruco_msgs/msg/MarkerArray.msg
[4.515s] -- Up-to-date symlink: /home/wheeltec/wheeltec_robot/install/aruco_msgs/share/ament_index/resource_index/package_run_dependencies/aruco_msgs
[4.515s] -- Up-to-date symlink: /home/wheeltec/wheeltec_robot/install/aruco_msgs/share/ament_index/resource_index/parent_prefix_path/aruco_msgs
[4.515s] -- Up-to-date symlink: /home/wheeltec/wheeltec_robot/install/aruco_msgs/share/aruco_msgs/environment/ament_prefix_path.sh
[4.515s] -- Up-to-date symlink: /home/wheeltec/wheeltec_robot/install/aruco_msgs/share/aruco_msgs/environment/ament_prefix_path.dsv
[4.529s] -- Up-to-date symlink: /home/wheeltec/wheeltec_robot/install/aruco_msgs/share/aruco_msgs/environment/path.sh
[4.529s] -- Up-to-date symlink: /home/wheeltec/wheeltec_robot/install/aruco_msgs/share/aruco_msgs/environment/path.dsv
[4.529s] -- Up-to-date symlink: /home/wheeltec/wheeltec_robot/install/aruco_msgs/share/aruco_msgs/local_setup.bash
[4.529s] -- Up-to-date symlink: /home/wheeltec/wheeltec_robot/install/aruco_msgs/share/aruco_msgs/local_setup.sh
[4.529s] -- Up-to-date symlink: /home/wheeltec/wheeltec_robot/install/aruco_msgs/share/aruco_msgs/local_setup.zsh
[4.530s] -- Up-to-date symlink: /home/wheeltec/wheeltec_robot/install/aruco_msgs/share/aruco_msgs/local_setup.dsv
[4.537s] -- Symlinking: /home/wheeltec/wheeltec_robot/install/aruco_msgs/share/aruco_msgs/package.dsv
[4.548s] -- Up-to-date symlink: /home/wheeltec/wheeltec_robot/install/aruco_msgs/share/ament_index/resource_index/packages/aruco_msgs
[4.548s] -- Up-to-date symlink: /home/wheeltec/wheeltec_robot/install/aruco_msgs/share/aruco_msgs/cmake/rosidl_cmake-extras.cmake
[4.548s] -- Up-to-date symlink: /home/wheeltec/wheeltec_robot/install/aruco_msgs/share/aruco_msgs/cmake/ament_cmake_export_dependencies-extras.cmake
[4.548s] -- Up-to-date symlink: /home/wheeltec/wheeltec_robot/install/aruco_msgs/share/aruco_msgs/cmake/ament_cmake_export_include_directories-extras.cmake
[4.548s] -- Up-to-date symlink: /home/wheeltec/wheeltec_robot/install/aruco_msgs/share/aruco_msgs/cmake/ament_cmake_export_libraries-extras.cmake
[4.548s] -- Up-to-date symlink: /home/wheeltec/wheeltec_robot/install/aruco_msgs/share/aruco_msgs/cmake/ament_cmake_export_targets-extras.cmake
[4.548s] -- Up-to-date symlink: /home/wheeltec/wheeltec_robot/install/aruco_msgs/share/aruco_msgs/cmake/rosidl_cmake_export_typesupport_targets-extras.cmake
[4.548s] -- Up-to-date symlink: /home/wheeltec/wheeltec_robot/install/aruco_msgs/share/aruco_msgs/cmake/rosidl_cmake_export_typesupport_libraries-extras.cmake
[4.548s] -- Up-to-date symlink: /home/wheeltec/wheeltec_robot/install/aruco_msgs/share/aruco_msgs/cmake/aruco_msgsConfig.cmake
[4.548s] -- Up-to-date symlink: /home/wheeltec/wheeltec_robot/install/aruco_msgs/share/aruco_msgs/cmake/aruco_msgsConfig-version.cmake
[4.549s] -- Up-to-date symlink: /home/wheeltec/wheeltec_robot/install/aruco_msgs/share/aruco_msgs/package.xml
[4.549s] -- Up-to-date: /home/wheeltec/wheeltec_robot/install/aruco_msgs/lib/libaruco_msgs__rosidl_generator_c.so
[4.549s] -- Up-to-date: /home/wheeltec/wheeltec_robot/install/aruco_msgs/lib/libaruco_msgs__rosidl_typesupport_fastrtps_c.so
[4.549s] -- Up-to-date: /home/wheeltec/wheeltec_robot/install/aruco_msgs/lib/libaruco_msgs__rosidl_typesupport_fastrtps_cpp.so
[4.549s] -- Up-to-date: /home/wheeltec/wheeltec_robot/install/aruco_msgs/lib/libaruco_msgs__rosidl_typesupport_introspection_c.so
[4.549s] -- Up-to-date: /home/wheeltec/wheeltec_robot/install/aruco_msgs/lib/libaruco_msgs__rosidl_typesupport_c.so
[4.549s] -- Up-to-date: /home/wheeltec/wheeltec_robot/install/aruco_msgs/lib/libaruco_msgs__rosidl_typesupport_introspection_cpp.so
[4.549s] -- Up-to-date: /home/wheeltec/wheeltec_robot/install/aruco_msgs/lib/libaruco_msgs__rosidl_typesupport_cpp.so
[4.699s] Listing '/home/wheeltec/wheeltec_robot/install/aruco_msgs/local/lib/python3.10/dist-packages/aruco_msgs'...
[4.699s] Listing '/home/wheeltec/wheeltec_robot/install/aruco_msgs/local/lib/python3.10/dist-packages/aruco_msgs/msg'...
[4.728s] -- Up-to-date: /home/wheeltec/wheeltec_robot/install/aruco_msgs/lib/libaruco_msgs__rosidl_generator_py.so
[4.729s] -- Up-to-date: /home/wheeltec/wheeltec_robot/install/aruco_msgs/share/aruco_msgs/cmake/export_aruco_msgs__rosidl_generator_cExport.cmake
[4.730s] -- Up-to-date: /home/wheeltec/wheeltec_robot/install/aruco_msgs/share/aruco_msgs/cmake/export_aruco_msgs__rosidl_generator_cExport-noconfig.cmake
[4.731s] -- Up-to-date: /home/wheeltec/wheeltec_robot/install/aruco_msgs/share/aruco_msgs/cmake/export_aruco_msgs__rosidl_typesupport_fastrtps_cExport.cmake
[4.731s] -- Up-to-date: /home/wheeltec/wheeltec_robot/install/aruco_msgs/share/aruco_msgs/cmake/export_aruco_msgs__rosidl_typesupport_fastrtps_cExport-noconfig.cmake
[4.732s] -- Up-to-date: /home/wheeltec/wheeltec_robot/install/aruco_msgs/share/aruco_msgs/cmake/export_aruco_msgs__rosidl_generator_cppExport.cmake
[4.732s] -- Up-to-date: /home/wheeltec/wheeltec_robot/install/aruco_msgs/share/aruco_msgs/cmake/export_aruco_msgs__rosidl_typesupport_fastrtps_cppExport.cmake
[4.732s] -- Up-to-date: /home/wheeltec/wheeltec_robot/install/aruco_msgs/share/aruco_msgs/cmake/export_aruco_msgs__rosidl_typesupport_fastrtps_cppExport-noconfig.cmake
[4.733s] -- Up-to-date: /home/wheeltec/wheeltec_robot/install/aruco_msgs/share/aruco_msgs/cmake/aruco_msgs__rosidl_typesupport_introspection_cExport.cmake
[4.733s] -- Up-to-date: /home/wheeltec/wheeltec_robot/install/aruco_msgs/share/aruco_msgs/cmake/aruco_msgs__rosidl_typesupport_introspection_cExport-noconfig.cmake
[4.734s] -- Up-to-date: /home/wheeltec/wheeltec_robot/install/aruco_msgs/share/aruco_msgs/cmake/aruco_msgs__rosidl_typesupport_cExport.cmake
[4.734s] -- Up-to-date: /home/wheeltec/wheeltec_robot/install/aruco_msgs/share/aruco_msgs/cmake/aruco_msgs__rosidl_typesupport_cExport-noconfig.cmake
[4.735s] -- Up-to-date: /home/wheeltec/wheeltec_robot/install/aruco_msgs/share/aruco_msgs/cmake/aruco_msgs__rosidl_typesupport_introspection_cppExport.cmake
[4.735s] -- Up-to-date: /home/wheeltec/wheeltec_robot/install/aruco_msgs/share/aruco_msgs/cmake/aruco_msgs__rosidl_typesupport_introspection_cppExport-noconfig.cmake
[4.735s] -- Up-to-date: /home/wheeltec/wheeltec_robot/install/aruco_msgs/share/aruco_msgs/cmake/aruco_msgs__rosidl_typesupport_cppExport.cmake
[4.736s] -- Up-to-date: /home/wheeltec/wheeltec_robot/install/aruco_msgs/share/aruco_msgs/cmake/aruco_msgs__rosidl_typesupport_cppExport-noconfig.cmake
[4.736s] -- Up-to-date: /home/wheeltec/wheeltec_robot/install/aruco_msgs/share/aruco_msgs/cmake/export_aruco_msgs__rosidl_generator_pyExport.cmake
[4.736s] -- Up-to-date: /home/wheeltec/wheeltec_robot/install/aruco_msgs/share/aruco_msgs/cmake/export_aruco_msgs__rosidl_generator_pyExport-noconfig.cmake
[4.747s] Invoked command in '/home/wheeltec/wheeltec_robot/build/aruco_msgs' returned '0': CMAKE_PREFIX_PATH=${CMAKE_PREFIX_PATH}:/opt/ros/humble /usr/bin/cmake --install /home/wheeltec/wheeltec_robot/build/aruco_msgs
