[  1%] Built target dwb_msgs__cpp
[  1%] Built target ament_cmake_python_symlink_dwb_msgs
[35m[1mConsolidate compiler generated dependencies of target dwb_msgs__rosidl_typesupport_introspection_cpp[0m
[ 12%] Built target dwb_msgs__rosidl_typesupport_introspection_cpp
running egg_info
writing dwb_msgs.egg-info/PKG-INFO
writing dependency_links to dwb_msgs.egg-info/dependency_links.txt
writing top-level names to dwb_msgs.egg-info/top_level.txt
reading manifest file 'dwb_msgs.egg-info/SOURCES.txt'
writing manifest file 'dwb_msgs.egg-info/SOURCES.txt'
[ 12%] Built target ament_cmake_python_build_dwb_msgs_egg
[35m[1mConsolidate compiler generated dependencies of target dwb_msgs__rosidl_typesupport_fastrtps_cpp[0m
[ 24%] Built target dwb_msgs__rosidl_typesupport_fastrtps_cpp
[35m[1mConsolidate compiler generated dependencies of target dwb_msgs__rosidl_typesupport_cpp[0m
[ 35%] Built target dwb_msgs__rosidl_typesupport_cpp
[35m[1mConsolidate compiler generated dependencies of target dwb_msgs__rosidl_generator_c[0m
[ 47%] Built target dwb_msgs__rosidl_generator_c
[35m[1mConsolidate compiler generated dependencies of target dwb_msgs__rosidl_typesupport_fastrtps_c[0m
[ 58%] Built target dwb_msgs__rosidl_typesupport_fastrtps_c
[35m[1mConsolidate compiler generated dependencies of target dwb_msgs__rosidl_typesupport_c[0m
[ 70%] Built target dwb_msgs__rosidl_typesupport_c
[35m[1mConsolidate compiler generated dependencies of target dwb_msgs__rosidl_typesupport_introspection_c[0m
[ 82%] Built target dwb_msgs__rosidl_typesupport_introspection_c
[ 82%] Built target dwb_msgs
[ 83%] Built target dwb_msgs__py
[35m[1mConsolidate compiler generated dependencies of target dwb_msgs__rosidl_generator_py[0m
[ 93%] Built target dwb_msgs__rosidl_generator_py
[35m[1mConsolidate compiler generated dependencies of target dwb_msgs__rosidl_typesupport_fastrtps_c__pyext[0m
[ 95%] Built target dwb_msgs__rosidl_typesupport_fastrtps_c__pyext
[35m[1mConsolidate compiler generated dependencies of target dwb_msgs__rosidl_typesupport_c__pyext[0m
[ 97%] Built target dwb_msgs__rosidl_typesupport_c__pyext
[35m[1mConsolidate compiler generated dependencies of target dwb_msgs__rosidl_typesupport_introspection_c__pyext[0m
[100%] Built target dwb_msgs__rosidl_typesupport_introspection_c__pyext
-- Install configuration: ""
-- Execute custom install script
-- Symlinking: /home/wheeltec/wheeltec_robot/install/dwb_msgs/share/ament_index/resource_index/rosidl_interfaces/dwb_msgs
-- Symlinking: /home/wheeltec/wheeltec_robot/install/dwb_msgs/include/dwb_msgs/dwb_msgs/msg/critic_score.h
-- Symlinking: /home/wheeltec/wheeltec_robot/install/dwb_msgs/include/dwb_msgs/dwb_msgs/msg/detail/critic_score__functions.h
-- Symlinking: /home/wheeltec/wheeltec_robot/install/dwb_msgs/include/dwb_msgs/dwb_msgs/msg/detail/critic_score__struct.h
-- Symlinking: /home/wheeltec/wheeltec_robot/install/dwb_msgs/include/dwb_msgs/dwb_msgs/msg/detail/critic_score__type_support.h
-- Symlinking: /home/wheeltec/wheeltec_robot/install/dwb_msgs/include/dwb_msgs/dwb_msgs/msg/detail/local_plan_evaluation__functions.h
-- Symlinking: /home/wheeltec/wheeltec_robot/install/dwb_msgs/include/dwb_msgs/dwb_msgs/msg/detail/local_plan_evaluation__struct.h
-- Symlinking: /home/wheeltec/wheeltec_robot/install/dwb_msgs/include/dwb_msgs/dwb_msgs/msg/detail/local_plan_evaluation__type_support.h
-- Symlinking: /home/wheeltec/wheeltec_robot/install/dwb_msgs/include/dwb_msgs/dwb_msgs/msg/detail/trajectory2_d__functions.h
-- Symlinking: /home/wheeltec/wheeltec_robot/install/dwb_msgs/include/dwb_msgs/dwb_msgs/msg/detail/trajectory2_d__struct.h
-- Symlinking: /home/wheeltec/wheeltec_robot/install/dwb_msgs/include/dwb_msgs/dwb_msgs/msg/detail/trajectory2_d__type_support.h
-- Symlinking: /home/wheeltec/wheeltec_robot/install/dwb_msgs/include/dwb_msgs/dwb_msgs/msg/detail/trajectory_score__functions.h
-- Symlinking: /home/wheeltec/wheeltec_robot/install/dwb_msgs/include/dwb_msgs/dwb_msgs/msg/detail/trajectory_score__struct.h
-- Symlinking: /home/wheeltec/wheeltec_robot/install/dwb_msgs/include/dwb_msgs/dwb_msgs/msg/detail/trajectory_score__type_support.h
-- Symlinking: /home/wheeltec/wheeltec_robot/install/dwb_msgs/include/dwb_msgs/dwb_msgs/msg/local_plan_evaluation.h
-- Symlinking: /home/wheeltec/wheeltec_robot/install/dwb_msgs/include/dwb_msgs/dwb_msgs/msg/rosidl_generator_c__visibility_control.h
-- Symlinking: /home/wheeltec/wheeltec_robot/install/dwb_msgs/include/dwb_msgs/dwb_msgs/msg/trajectory2_d.h
-- Symlinking: /home/wheeltec/wheeltec_robot/install/dwb_msgs/include/dwb_msgs/dwb_msgs/msg/trajectory_score.h
-- Symlinking: /home/wheeltec/wheeltec_robot/install/dwb_msgs/include/dwb_msgs/dwb_msgs/srv/debug_local_plan.h
-- Symlinking: /home/wheeltec/wheeltec_robot/install/dwb_msgs/include/dwb_msgs/dwb_msgs/srv/detail/debug_local_plan__functions.h
-- Symlinking: /home/wheeltec/wheeltec_robot/install/dwb_msgs/include/dwb_msgs/dwb_msgs/srv/detail/debug_local_plan__struct.h
-- Symlinking: /home/wheeltec/wheeltec_robot/install/dwb_msgs/include/dwb_msgs/dwb_msgs/srv/detail/debug_local_plan__type_support.h
-- Symlinking: /home/wheeltec/wheeltec_robot/install/dwb_msgs/include/dwb_msgs/dwb_msgs/srv/detail/generate_trajectory__functions.h
-- Symlinking: /home/wheeltec/wheeltec_robot/install/dwb_msgs/include/dwb_msgs/dwb_msgs/srv/detail/generate_trajectory__struct.h
-- Symlinking: /home/wheeltec/wheeltec_robot/install/dwb_msgs/include/dwb_msgs/dwb_msgs/srv/detail/generate_trajectory__type_support.h
-- Symlinking: /home/wheeltec/wheeltec_robot/install/dwb_msgs/include/dwb_msgs/dwb_msgs/srv/detail/generate_twists__functions.h
-- Symlinking: /home/wheeltec/wheeltec_robot/install/dwb_msgs/include/dwb_msgs/dwb_msgs/srv/detail/generate_twists__struct.h
-- Symlinking: /home/wheeltec/wheeltec_robot/install/dwb_msgs/include/dwb_msgs/dwb_msgs/srv/detail/generate_twists__type_support.h
-- Symlinking: /home/wheeltec/wheeltec_robot/install/dwb_msgs/include/dwb_msgs/dwb_msgs/srv/detail/get_critic_score__functions.h
-- Symlinking: /home/wheeltec/wheeltec_robot/install/dwb_msgs/include/dwb_msgs/dwb_msgs/srv/detail/get_critic_score__struct.h
-- Symlinking: /home/wheeltec/wheeltec_robot/install/dwb_msgs/include/dwb_msgs/dwb_msgs/srv/detail/get_critic_score__type_support.h
-- Symlinking: /home/wheeltec/wheeltec_robot/install/dwb_msgs/include/dwb_msgs/dwb_msgs/srv/detail/score_trajectory__functions.h
-- Symlinking: /home/wheeltec/wheeltec_robot/install/dwb_msgs/include/dwb_msgs/dwb_msgs/srv/detail/score_trajectory__struct.h
-- Symlinking: /home/wheeltec/wheeltec_robot/install/dwb_msgs/include/dwb_msgs/dwb_msgs/srv/detail/score_trajectory__type_support.h
-- Symlinking: /home/wheeltec/wheeltec_robot/install/dwb_msgs/include/dwb_msgs/dwb_msgs/srv/generate_trajectory.h
-- Symlinking: /home/wheeltec/wheeltec_robot/install/dwb_msgs/include/dwb_msgs/dwb_msgs/srv/generate_twists.h
-- Symlinking: /home/wheeltec/wheeltec_robot/install/dwb_msgs/include/dwb_msgs/dwb_msgs/srv/get_critic_score.h
-- Symlinking: /home/wheeltec/wheeltec_robot/install/dwb_msgs/include/dwb_msgs/dwb_msgs/srv/score_trajectory.h
-- Symlinking: /home/wheeltec/wheeltec_robot/install/dwb_msgs/share/dwb_msgs/environment/library_path.sh
-- Symlinking: /home/wheeltec/wheeltec_robot/install/dwb_msgs/share/dwb_msgs/environment/library_path.dsv
-- Symlinking: /home/wheeltec/wheeltec_robot/install/dwb_msgs/include/dwb_msgs/dwb_msgs/msg/detail/critic_score__rosidl_typesupport_fastrtps_c.h
-- Symlinking: /home/wheeltec/wheeltec_robot/install/dwb_msgs/include/dwb_msgs/dwb_msgs/msg/detail/local_plan_evaluation__rosidl_typesupport_fastrtps_c.h
-- Symlinking: /home/wheeltec/wheeltec_robot/install/dwb_msgs/include/dwb_msgs/dwb_msgs/msg/detail/trajectory2_d__rosidl_typesupport_fastrtps_c.h
-- Symlinking: /home/wheeltec/wheeltec_robot/install/dwb_msgs/include/dwb_msgs/dwb_msgs/msg/detail/trajectory_score__rosidl_typesupport_fastrtps_c.h
-- Symlinking: /home/wheeltec/wheeltec_robot/install/dwb_msgs/include/dwb_msgs/dwb_msgs/msg/rosidl_typesupport_fastrtps_c__visibility_control.h
-- Symlinking: /home/wheeltec/wheeltec_robot/install/dwb_msgs/include/dwb_msgs/dwb_msgs/srv/detail/debug_local_plan__rosidl_typesupport_fastrtps_c.h
-- Symlinking: /home/wheeltec/wheeltec_robot/install/dwb_msgs/include/dwb_msgs/dwb_msgs/srv/detail/generate_trajectory__rosidl_typesupport_fastrtps_c.h
-- Symlinking: /home/wheeltec/wheeltec_robot/install/dwb_msgs/include/dwb_msgs/dwb_msgs/srv/detail/generate_twists__rosidl_typesupport_fastrtps_c.h
-- Symlinking: /home/wheeltec/wheeltec_robot/install/dwb_msgs/include/dwb_msgs/dwb_msgs/srv/detail/get_critic_score__rosidl_typesupport_fastrtps_c.h
-- Symlinking: /home/wheeltec/wheeltec_robot/install/dwb_msgs/include/dwb_msgs/dwb_msgs/srv/detail/score_trajectory__rosidl_typesupport_fastrtps_c.h
-- Symlinking: /home/wheeltec/wheeltec_robot/install/dwb_msgs/include/dwb_msgs/dwb_msgs/msg/critic_score.hpp
-- Symlinking: /home/wheeltec/wheeltec_robot/install/dwb_msgs/include/dwb_msgs/dwb_msgs/msg/detail/critic_score__builder.hpp
-- Symlinking: /home/wheeltec/wheeltec_robot/install/dwb_msgs/include/dwb_msgs/dwb_msgs/msg/detail/critic_score__struct.hpp
-- Symlinking: /home/wheeltec/wheeltec_robot/install/dwb_msgs/include/dwb_msgs/dwb_msgs/msg/detail/critic_score__traits.hpp
-- Symlinking: /home/wheeltec/wheeltec_robot/install/dwb_msgs/include/dwb_msgs/dwb_msgs/msg/detail/critic_score__type_support.hpp
-- Symlinking: /home/wheeltec/wheeltec_robot/install/dwb_msgs/include/dwb_msgs/dwb_msgs/msg/detail/local_plan_evaluation__builder.hpp
-- Symlinking: /home/wheeltec/wheeltec_robot/install/dwb_msgs/include/dwb_msgs/dwb_msgs/msg/detail/local_plan_evaluation__struct.hpp
-- Symlinking: /home/wheeltec/wheeltec_robot/install/dwb_msgs/include/dwb_msgs/dwb_msgs/msg/detail/local_plan_evaluation__traits.hpp
-- Symlinking: /home/wheeltec/wheeltec_robot/install/dwb_msgs/include/dwb_msgs/dwb_msgs/msg/detail/local_plan_evaluation__type_support.hpp
-- Symlinking: /home/wheeltec/wheeltec_robot/install/dwb_msgs/include/dwb_msgs/dwb_msgs/msg/detail/trajectory2_d__builder.hpp
-- Symlinking: /home/wheeltec/wheeltec_robot/install/dwb_msgs/include/dwb_msgs/dwb_msgs/msg/detail/trajectory2_d__struct.hpp
-- Symlinking: /home/wheeltec/wheeltec_robot/install/dwb_msgs/include/dwb_msgs/dwb_msgs/msg/detail/trajectory2_d__traits.hpp
-- Symlinking: /home/wheeltec/wheeltec_robot/install/dwb_msgs/include/dwb_msgs/dwb_msgs/msg/detail/trajectory2_d__type_support.hpp
-- Symlinking: /home/wheeltec/wheeltec_robot/install/dwb_msgs/include/dwb_msgs/dwb_msgs/msg/detail/trajectory_score__builder.hpp
-- Symlinking: /home/wheeltec/wheeltec_robot/install/dwb_msgs/include/dwb_msgs/dwb_msgs/msg/detail/trajectory_score__struct.hpp
-- Symlinking: /home/wheeltec/wheeltec_robot/install/dwb_msgs/include/dwb_msgs/dwb_msgs/msg/detail/trajectory_score__traits.hpp
-- Symlinking: /home/wheeltec/wheeltec_robot/install/dwb_msgs/include/dwb_msgs/dwb_msgs/msg/detail/trajectory_score__type_support.hpp
-- Symlinking: /home/wheeltec/wheeltec_robot/install/dwb_msgs/include/dwb_msgs/dwb_msgs/msg/local_plan_evaluation.hpp
-- Symlinking: /home/wheeltec/wheeltec_robot/install/dwb_msgs/include/dwb_msgs/dwb_msgs/msg/rosidl_generator_cpp__visibility_control.hpp
-- Symlinking: /home/wheeltec/wheeltec_robot/install/dwb_msgs/include/dwb_msgs/dwb_msgs/msg/trajectory2_d.hpp
-- Symlinking: /home/wheeltec/wheeltec_robot/install/dwb_msgs/include/dwb_msgs/dwb_msgs/msg/trajectory_score.hpp
-- Symlinking: /home/wheeltec/wheeltec_robot/install/dwb_msgs/include/dwb_msgs/dwb_msgs/srv/debug_local_plan.hpp
-- Symlinking: /home/wheeltec/wheeltec_robot/install/dwb_msgs/include/dwb_msgs/dwb_msgs/srv/detail/debug_local_plan__builder.hpp
-- Symlinking: /home/wheeltec/wheeltec_robot/install/dwb_msgs/include/dwb_msgs/dwb_msgs/srv/detail/debug_local_plan__struct.hpp
-- Symlinking: /home/wheeltec/wheeltec_robot/install/dwb_msgs/include/dwb_msgs/dwb_msgs/srv/detail/debug_local_plan__traits.hpp
-- Symlinking: /home/wheeltec/wheeltec_robot/install/dwb_msgs/include/dwb_msgs/dwb_msgs/srv/detail/debug_local_plan__type_support.hpp
-- Symlinking: /home/wheeltec/wheeltec_robot/install/dwb_msgs/include/dwb_msgs/dwb_msgs/srv/detail/generate_trajectory__builder.hpp
-- Symlinking: /home/wheeltec/wheeltec_robot/install/dwb_msgs/include/dwb_msgs/dwb_msgs/srv/detail/generate_trajectory__struct.hpp
-- Symlinking: /home/wheeltec/wheeltec_robot/install/dwb_msgs/include/dwb_msgs/dwb_msgs/srv/detail/generate_trajectory__traits.hpp
-- Symlinking: /home/wheeltec/wheeltec_robot/install/dwb_msgs/include/dwb_msgs/dwb_msgs/srv/detail/generate_trajectory__type_support.hpp
-- Symlinking: /home/wheeltec/wheeltec_robot/install/dwb_msgs/include/dwb_msgs/dwb_msgs/srv/detail/generate_twists__builder.hpp
-- Symlinking: /home/wheeltec/wheeltec_robot/install/dwb_msgs/include/dwb_msgs/dwb_msgs/srv/detail/generate_twists__struct.hpp
-- Symlinking: /home/wheeltec/wheeltec_robot/install/dwb_msgs/include/dwb_msgs/dwb_msgs/srv/detail/generate_twists__traits.hpp
-- Symlinking: /home/wheeltec/wheeltec_robot/install/dwb_msgs/include/dwb_msgs/dwb_msgs/srv/detail/generate_twists__type_support.hpp
-- Symlinking: /home/wheeltec/wheeltec_robot/install/dwb_msgs/include/dwb_msgs/dwb_msgs/srv/detail/get_critic_score__builder.hpp
-- Symlinking: /home/wheeltec/wheeltec_robot/install/dwb_msgs/include/dwb_msgs/dwb_msgs/srv/detail/get_critic_score__struct.hpp
-- Symlinking: /home/wheeltec/wheeltec_robot/install/dwb_msgs/include/dwb_msgs/dwb_msgs/srv/detail/get_critic_score__traits.hpp
-- Symlinking: /home/wheeltec/wheeltec_robot/install/dwb_msgs/include/dwb_msgs/dwb_msgs/srv/detail/get_critic_score__type_support.hpp
-- Symlinking: /home/wheeltec/wheeltec_robot/install/dwb_msgs/include/dwb_msgs/dwb_msgs/srv/detail/score_trajectory__builder.hpp
-- Symlinking: /home/wheeltec/wheeltec_robot/install/dwb_msgs/include/dwb_msgs/dwb_msgs/srv/detail/score_trajectory__struct.hpp
-- Symlinking: /home/wheeltec/wheeltec_robot/install/dwb_msgs/include/dwb_msgs/dwb_msgs/srv/detail/score_trajectory__traits.hpp
-- Symlinking: /home/wheeltec/wheeltec_robot/install/dwb_msgs/include/dwb_msgs/dwb_msgs/srv/detail/score_trajectory__type_support.hpp
-- Symlinking: /home/wheeltec/wheeltec_robot/install/dwb_msgs/include/dwb_msgs/dwb_msgs/srv/generate_trajectory.hpp
-- Symlinking: /home/wheeltec/wheeltec_robot/install/dwb_msgs/include/dwb_msgs/dwb_msgs/srv/generate_twists.hpp
-- Symlinking: /home/wheeltec/wheeltec_robot/install/dwb_msgs/include/dwb_msgs/dwb_msgs/srv/get_critic_score.hpp
-- Symlinking: /home/wheeltec/wheeltec_robot/install/dwb_msgs/include/dwb_msgs/dwb_msgs/srv/score_trajectory.hpp
-- Symlinking: /home/wheeltec/wheeltec_robot/install/dwb_msgs/include/dwb_msgs/dwb_msgs/msg/detail/critic_score__rosidl_typesupport_fastrtps_cpp.hpp
-- Symlinking: /home/wheeltec/wheeltec_robot/install/dwb_msgs/include/dwb_msgs/dwb_msgs/msg/detail/local_plan_evaluation__rosidl_typesupport_fastrtps_cpp.hpp
-- Symlinking: /home/wheeltec/wheeltec_robot/install/dwb_msgs/include/dwb_msgs/dwb_msgs/msg/detail/trajectory2_d__rosidl_typesupport_fastrtps_cpp.hpp
-- Symlinking: /home/wheeltec/wheeltec_robot/install/dwb_msgs/include/dwb_msgs/dwb_msgs/msg/detail/trajectory_score__rosidl_typesupport_fastrtps_cpp.hpp
-- Symlinking: /home/wheeltec/wheeltec_robot/install/dwb_msgs/include/dwb_msgs/dwb_msgs/msg/rosidl_typesupport_fastrtps_cpp__visibility_control.h
-- Symlinking: /home/wheeltec/wheeltec_robot/install/dwb_msgs/include/dwb_msgs/dwb_msgs/srv/detail/debug_local_plan__rosidl_typesupport_fastrtps_cpp.hpp
-- Symlinking: /home/wheeltec/wheeltec_robot/install/dwb_msgs/include/dwb_msgs/dwb_msgs/srv/detail/generate_trajectory__rosidl_typesupport_fastrtps_cpp.hpp
-- Symlinking: /home/wheeltec/wheeltec_robot/install/dwb_msgs/include/dwb_msgs/dwb_msgs/srv/detail/generate_twists__rosidl_typesupport_fastrtps_cpp.hpp
-- Symlinking: /home/wheeltec/wheeltec_robot/install/dwb_msgs/include/dwb_msgs/dwb_msgs/srv/detail/get_critic_score__rosidl_typesupport_fastrtps_cpp.hpp
-- Symlinking: /home/wheeltec/wheeltec_robot/install/dwb_msgs/include/dwb_msgs/dwb_msgs/srv/detail/score_trajectory__rosidl_typesupport_fastrtps_cpp.hpp
-- Symlinking: /home/wheeltec/wheeltec_robot/install/dwb_msgs/include/dwb_msgs/dwb_msgs/msg/detail/critic_score__rosidl_typesupport_introspection_c.h
-- Symlinking: /home/wheeltec/wheeltec_robot/install/dwb_msgs/include/dwb_msgs/dwb_msgs/msg/detail/local_plan_evaluation__rosidl_typesupport_introspection_c.h
-- Symlinking: /home/wheeltec/wheeltec_robot/install/dwb_msgs/include/dwb_msgs/dwb_msgs/msg/detail/trajectory2_d__rosidl_typesupport_introspection_c.h
-- Symlinking: /home/wheeltec/wheeltec_robot/install/dwb_msgs/include/dwb_msgs/dwb_msgs/msg/detail/trajectory_score__rosidl_typesupport_introspection_c.h
-- Symlinking: /home/wheeltec/wheeltec_robot/install/dwb_msgs/include/dwb_msgs/dwb_msgs/msg/rosidl_typesupport_introspection_c__visibility_control.h
-- Symlinking: /home/wheeltec/wheeltec_robot/install/dwb_msgs/include/dwb_msgs/dwb_msgs/srv/detail/debug_local_plan__rosidl_typesupport_introspection_c.h
-- Symlinking: /home/wheeltec/wheeltec_robot/install/dwb_msgs/include/dwb_msgs/dwb_msgs/srv/detail/generate_trajectory__rosidl_typesupport_introspection_c.h
-- Symlinking: /home/wheeltec/wheeltec_robot/install/dwb_msgs/include/dwb_msgs/dwb_msgs/srv/detail/generate_twists__rosidl_typesupport_introspection_c.h
-- Symlinking: /home/wheeltec/wheeltec_robot/install/dwb_msgs/include/dwb_msgs/dwb_msgs/srv/detail/get_critic_score__rosidl_typesupport_introspection_c.h
-- Symlinking: /home/wheeltec/wheeltec_robot/install/dwb_msgs/include/dwb_msgs/dwb_msgs/srv/detail/score_trajectory__rosidl_typesupport_introspection_c.h
-- Symlinking: /home/wheeltec/wheeltec_robot/install/dwb_msgs/include/dwb_msgs/dwb_msgs/msg/detail/critic_score__rosidl_typesupport_introspection_cpp.hpp
-- Symlinking: /home/wheeltec/wheeltec_robot/install/dwb_msgs/include/dwb_msgs/dwb_msgs/msg/detail/local_plan_evaluation__rosidl_typesupport_introspection_cpp.hpp
-- Symlinking: /home/wheeltec/wheeltec_robot/install/dwb_msgs/include/dwb_msgs/dwb_msgs/msg/detail/trajectory2_d__rosidl_typesupport_introspection_cpp.hpp
-- Symlinking: /home/wheeltec/wheeltec_robot/install/dwb_msgs/include/dwb_msgs/dwb_msgs/msg/detail/trajectory_score__rosidl_typesupport_introspection_cpp.hpp
-- Symlinking: /home/wheeltec/wheeltec_robot/install/dwb_msgs/include/dwb_msgs/dwb_msgs/srv/detail/debug_local_plan__rosidl_typesupport_introspection_cpp.hpp
-- Symlinking: /home/wheeltec/wheeltec_robot/install/dwb_msgs/include/dwb_msgs/dwb_msgs/srv/detail/generate_trajectory__rosidl_typesupport_introspection_cpp.hpp
-- Symlinking: /home/wheeltec/wheeltec_robot/install/dwb_msgs/include/dwb_msgs/dwb_msgs/srv/detail/generate_twists__rosidl_typesupport_introspection_cpp.hpp
-- Symlinking: /home/wheeltec/wheeltec_robot/install/dwb_msgs/include/dwb_msgs/dwb_msgs/srv/detail/get_critic_score__rosidl_typesupport_introspection_cpp.hpp
-- Symlinking: /home/wheeltec/wheeltec_robot/install/dwb_msgs/include/dwb_msgs/dwb_msgs/srv/detail/score_trajectory__rosidl_typesupport_introspection_cpp.hpp
-- Symlinking: /home/wheeltec/wheeltec_robot/install/dwb_msgs/share/dwb_msgs/environment/pythonpath.sh
-- Symlinking: /home/wheeltec/wheeltec_robot/install/dwb_msgs/share/dwb_msgs/environment/pythonpath.dsv
-- Symlinking: /home/wheeltec/wheeltec_robot/install/dwb_msgs/local/lib/python3.10/dist-packages/dwb_msgs-1.1.6-py3.10.egg-info/PKG-INFO
-- Symlinking: /home/wheeltec/wheeltec_robot/install/dwb_msgs/local/lib/python3.10/dist-packages/dwb_msgs-1.1.6-py3.10.egg-info/SOURCES.txt
-- Symlinking: /home/wheeltec/wheeltec_robot/install/dwb_msgs/local/lib/python3.10/dist-packages/dwb_msgs-1.1.6-py3.10.egg-info/dependency_links.txt
-- Symlinking: /home/wheeltec/wheeltec_robot/install/dwb_msgs/local/lib/python3.10/dist-packages/dwb_msgs-1.1.6-py3.10.egg-info/top_level.txt
-- Symlinking: /home/wheeltec/wheeltec_robot/install/dwb_msgs/local/lib/python3.10/dist-packages/dwb_msgs/__init__.py
-- Symlinking: /home/wheeltec/wheeltec_robot/install/dwb_msgs/local/lib/python3.10/dist-packages/dwb_msgs/_dwb_msgs_s.ep.rosidl_typesupport_c.c
-- Symlinking: /home/wheeltec/wheeltec_robot/install/dwb_msgs/local/lib/python3.10/dist-packages/dwb_msgs/_dwb_msgs_s.ep.rosidl_typesupport_fastrtps_c.c
-- Symlinking: /home/wheeltec/wheeltec_robot/install/dwb_msgs/local/lib/python3.10/dist-packages/dwb_msgs/_dwb_msgs_s.ep.rosidl_typesupport_introspection_c.c
-- Symlinking: /home/wheeltec/wheeltec_robot/install/dwb_msgs/local/lib/python3.10/dist-packages/dwb_msgs/dwb_msgs_s__rosidl_typesupport_c.cpython-310-aarch64-linux-gnu.so
-- Symlinking: /home/wheeltec/wheeltec_robot/install/dwb_msgs/local/lib/python3.10/dist-packages/dwb_msgs/dwb_msgs_s__rosidl_typesupport_fastrtps_c.cpython-310-aarch64-linux-gnu.so
-- Symlinking: /home/wheeltec/wheeltec_robot/install/dwb_msgs/local/lib/python3.10/dist-packages/dwb_msgs/dwb_msgs_s__rosidl_typesupport_introspection_c.cpython-310-aarch64-linux-gnu.so
-- Symlinking: /home/wheeltec/wheeltec_robot/install/dwb_msgs/local/lib/python3.10/dist-packages/dwb_msgs/libdwb_msgs__rosidl_generator_py.so
-- Symlinking: /home/wheeltec/wheeltec_robot/install/dwb_msgs/local/lib/python3.10/dist-packages/dwb_msgs/msg/__init__.py
-- Symlinking: /home/wheeltec/wheeltec_robot/install/dwb_msgs/local/lib/python3.10/dist-packages/dwb_msgs/msg/_critic_score.py
-- Symlinking: /home/wheeltec/wheeltec_robot/install/dwb_msgs/local/lib/python3.10/dist-packages/dwb_msgs/msg/_critic_score_s.c
-- Symlinking: /home/wheeltec/wheeltec_robot/install/dwb_msgs/local/lib/python3.10/dist-packages/dwb_msgs/msg/_local_plan_evaluation.py
-- Symlinking: /home/wheeltec/wheeltec_robot/install/dwb_msgs/local/lib/python3.10/dist-packages/dwb_msgs/msg/_local_plan_evaluation_s.c
-- Symlinking: /home/wheeltec/wheeltec_robot/install/dwb_msgs/local/lib/python3.10/dist-packages/dwb_msgs/msg/_trajectory2_d.py
-- Symlinking: /home/wheeltec/wheeltec_robot/install/dwb_msgs/local/lib/python3.10/dist-packages/dwb_msgs/msg/_trajectory2_d_s.c
-- Symlinking: /home/wheeltec/wheeltec_robot/install/dwb_msgs/local/lib/python3.10/dist-packages/dwb_msgs/msg/_trajectory_score.py
-- Symlinking: /home/wheeltec/wheeltec_robot/install/dwb_msgs/local/lib/python3.10/dist-packages/dwb_msgs/msg/_trajectory_score_s.c
-- Symlinking: /home/wheeltec/wheeltec_robot/install/dwb_msgs/local/lib/python3.10/dist-packages/dwb_msgs/srv/__init__.py
-- Symlinking: /home/wheeltec/wheeltec_robot/install/dwb_msgs/local/lib/python3.10/dist-packages/dwb_msgs/srv/_debug_local_plan.py
-- Symlinking: /home/wheeltec/wheeltec_robot/install/dwb_msgs/local/lib/python3.10/dist-packages/dwb_msgs/srv/_debug_local_plan_s.c
-- Symlinking: /home/wheeltec/wheeltec_robot/install/dwb_msgs/local/lib/python3.10/dist-packages/dwb_msgs/srv/_generate_trajectory.py
-- Symlinking: /home/wheeltec/wheeltec_robot/install/dwb_msgs/local/lib/python3.10/dist-packages/dwb_msgs/srv/_generate_trajectory_s.c
-- Symlinking: /home/wheeltec/wheeltec_robot/install/dwb_msgs/local/lib/python3.10/dist-packages/dwb_msgs/srv/_generate_twists.py
-- Symlinking: /home/wheeltec/wheeltec_robot/install/dwb_msgs/local/lib/python3.10/dist-packages/dwb_msgs/srv/_generate_twists_s.c
-- Symlinking: /home/wheeltec/wheeltec_robot/install/dwb_msgs/local/lib/python3.10/dist-packages/dwb_msgs/srv/_get_critic_score.py
-- Symlinking: /home/wheeltec/wheeltec_robot/install/dwb_msgs/local/lib/python3.10/dist-packages/dwb_msgs/srv/_get_critic_score_s.c
-- Symlinking: /home/wheeltec/wheeltec_robot/install/dwb_msgs/local/lib/python3.10/dist-packages/dwb_msgs/srv/_score_trajectory.py
-- Symlinking: /home/wheeltec/wheeltec_robot/install/dwb_msgs/local/lib/python3.10/dist-packages/dwb_msgs/srv/_score_trajectory_s.c
-- Up-to-date symlink: /home/wheeltec/wheeltec_robot/install/dwb_msgs/local/lib/python3.10/dist-packages/dwb_msgs/dwb_msgs_s__rosidl_typesupport_fastrtps_c.cpython-310-aarch64-linux-gnu.so
-- Up-to-date symlink: /home/wheeltec/wheeltec_robot/install/dwb_msgs/local/lib/python3.10/dist-packages/dwb_msgs/dwb_msgs_s__rosidl_typesupport_introspection_c.cpython-310-aarch64-linux-gnu.so
-- Up-to-date symlink: /home/wheeltec/wheeltec_robot/install/dwb_msgs/local/lib/python3.10/dist-packages/dwb_msgs/dwb_msgs_s__rosidl_typesupport_c.cpython-310-aarch64-linux-gnu.so
-- Symlinking: /home/wheeltec/wheeltec_robot/install/dwb_msgs/share/dwb_msgs/msg/CriticScore.idl
-- Symlinking: /home/wheeltec/wheeltec_robot/install/dwb_msgs/share/dwb_msgs/msg/LocalPlanEvaluation.idl
-- Symlinking: /home/wheeltec/wheeltec_robot/install/dwb_msgs/share/dwb_msgs/msg/Trajectory2D.idl
-- Symlinking: /home/wheeltec/wheeltec_robot/install/dwb_msgs/share/dwb_msgs/msg/TrajectoryScore.idl
-- Symlinking: /home/wheeltec/wheeltec_robot/install/dwb_msgs/share/dwb_msgs/srv/DebugLocalPlan.idl
-- Symlinking: /home/wheeltec/wheeltec_robot/install/dwb_msgs/share/dwb_msgs/srv/GenerateTrajectory.idl
-- Symlinking: /home/wheeltec/wheeltec_robot/install/dwb_msgs/share/dwb_msgs/srv/GenerateTwists.idl
-- Symlinking: /home/wheeltec/wheeltec_robot/install/dwb_msgs/share/dwb_msgs/srv/GetCriticScore.idl
-- Symlinking: /home/wheeltec/wheeltec_robot/install/dwb_msgs/share/dwb_msgs/srv/ScoreTrajectory.idl
-- Symlinking: /home/wheeltec/wheeltec_robot/install/dwb_msgs/share/dwb_msgs/msg/CriticScore.msg
-- Symlinking: /home/wheeltec/wheeltec_robot/install/dwb_msgs/share/dwb_msgs/msg/LocalPlanEvaluation.msg
-- Symlinking: /home/wheeltec/wheeltec_robot/install/dwb_msgs/share/dwb_msgs/msg/Trajectory2D.msg
-- Symlinking: /home/wheeltec/wheeltec_robot/install/dwb_msgs/share/dwb_msgs/msg/TrajectoryScore.msg
-- Symlinking: /home/wheeltec/wheeltec_robot/install/dwb_msgs/share/dwb_msgs/srv/DebugLocalPlan.srv
-- Symlinking: /home/wheeltec/wheeltec_robot/install/dwb_msgs/share/dwb_msgs/srv/DebugLocalPlan_Request.msg
-- Symlinking: /home/wheeltec/wheeltec_robot/install/dwb_msgs/share/dwb_msgs/srv/DebugLocalPlan_Response.msg
-- Symlinking: /home/wheeltec/wheeltec_robot/install/dwb_msgs/share/dwb_msgs/srv/GenerateTrajectory.srv
-- Symlinking: /home/wheeltec/wheeltec_robot/install/dwb_msgs/share/dwb_msgs/srv/GenerateTrajectory_Request.msg
-- Symlinking: /home/wheeltec/wheeltec_robot/install/dwb_msgs/share/dwb_msgs/srv/GenerateTrajectory_Response.msg
-- Symlinking: /home/wheeltec/wheeltec_robot/install/dwb_msgs/share/dwb_msgs/srv/GenerateTwists.srv
-- Symlinking: /home/wheeltec/wheeltec_robot/install/dwb_msgs/share/dwb_msgs/srv/GenerateTwists_Request.msg
-- Symlinking: /home/wheeltec/wheeltec_robot/install/dwb_msgs/share/dwb_msgs/srv/GenerateTwists_Response.msg
-- Symlinking: /home/wheeltec/wheeltec_robot/install/dwb_msgs/share/dwb_msgs/srv/GetCriticScore.srv
-- Symlinking: /home/wheeltec/wheeltec_robot/install/dwb_msgs/share/dwb_msgs/srv/GetCriticScore_Request.msg
-- Symlinking: /home/wheeltec/wheeltec_robot/install/dwb_msgs/share/dwb_msgs/srv/GetCriticScore_Response.msg
-- Symlinking: /home/wheeltec/wheeltec_robot/install/dwb_msgs/share/dwb_msgs/srv/ScoreTrajectory.srv
-- Symlinking: /home/wheeltec/wheeltec_robot/install/dwb_msgs/share/dwb_msgs/srv/ScoreTrajectory_Request.msg
-- Symlinking: /home/wheeltec/wheeltec_robot/install/dwb_msgs/share/dwb_msgs/srv/ScoreTrajectory_Response.msg
-- Symlinking: /home/wheeltec/wheeltec_robot/install/dwb_msgs/share/ament_index/resource_index/package_run_dependencies/dwb_msgs
-- Symlinking: /home/wheeltec/wheeltec_robot/install/dwb_msgs/share/ament_index/resource_index/parent_prefix_path/dwb_msgs
-- Symlinking: /home/wheeltec/wheeltec_robot/install/dwb_msgs/share/dwb_msgs/environment/ament_prefix_path.sh
-- Symlinking: /home/wheeltec/wheeltec_robot/install/dwb_msgs/share/dwb_msgs/environment/ament_prefix_path.dsv
-- Symlinking: /home/wheeltec/wheeltec_robot/install/dwb_msgs/share/dwb_msgs/environment/path.sh
-- Symlinking: /home/wheeltec/wheeltec_robot/install/dwb_msgs/share/dwb_msgs/environment/path.dsv
-- Symlinking: /home/wheeltec/wheeltec_robot/install/dwb_msgs/share/dwb_msgs/local_setup.bash
-- Symlinking: /home/wheeltec/wheeltec_robot/install/dwb_msgs/share/dwb_msgs/local_setup.sh
-- Symlinking: /home/wheeltec/wheeltec_robot/install/dwb_msgs/share/dwb_msgs/local_setup.zsh
-- Symlinking: /home/wheeltec/wheeltec_robot/install/dwb_msgs/share/dwb_msgs/local_setup.dsv
-- Symlinking: /home/wheeltec/wheeltec_robot/install/dwb_msgs/share/dwb_msgs/package.dsv
-- Symlinking: /home/wheeltec/wheeltec_robot/install/dwb_msgs/share/ament_index/resource_index/packages/dwb_msgs
-- Symlinking: /home/wheeltec/wheeltec_robot/install/dwb_msgs/share/dwb_msgs/cmake/rosidl_cmake-extras.cmake
-- Symlinking: /home/wheeltec/wheeltec_robot/install/dwb_msgs/share/dwb_msgs/cmake/ament_cmake_export_dependencies-extras.cmake
-- Symlinking: /home/wheeltec/wheeltec_robot/install/dwb_msgs/share/dwb_msgs/cmake/ament_cmake_export_include_directories-extras.cmake
-- Symlinking: /home/wheeltec/wheeltec_robot/install/dwb_msgs/share/dwb_msgs/cmake/ament_cmake_export_libraries-extras.cmake
-- Symlinking: /home/wheeltec/wheeltec_robot/install/dwb_msgs/share/dwb_msgs/cmake/ament_cmake_export_targets-extras.cmake
-- Symlinking: /home/wheeltec/wheeltec_robot/install/dwb_msgs/share/dwb_msgs/cmake/rosidl_cmake_export_typesupport_targets-extras.cmake
-- Symlinking: /home/wheeltec/wheeltec_robot/install/dwb_msgs/share/dwb_msgs/cmake/rosidl_cmake_export_typesupport_libraries-extras.cmake
-- Symlinking: /home/wheeltec/wheeltec_robot/install/dwb_msgs/share/dwb_msgs/cmake/dwb_msgsConfig.cmake
-- Symlinking: /home/wheeltec/wheeltec_robot/install/dwb_msgs/share/dwb_msgs/cmake/dwb_msgsConfig-version.cmake
-- Symlinking: /home/wheeltec/wheeltec_robot/install/dwb_msgs/share/dwb_msgs/package.xml
-- Installing: /home/wheeltec/wheeltec_robot/install/dwb_msgs/lib/libdwb_msgs__rosidl_generator_c.so
-- Set runtime path of "/home/wheeltec/wheeltec_robot/install/dwb_msgs/lib/libdwb_msgs__rosidl_generator_c.so" to ""
-- Installing: /home/wheeltec/wheeltec_robot/install/dwb_msgs/lib/libdwb_msgs__rosidl_typesupport_fastrtps_c.so
-- Set runtime path of "/home/wheeltec/wheeltec_robot/install/dwb_msgs/lib/libdwb_msgs__rosidl_typesupport_fastrtps_c.so" to ""
-- Installing: /home/wheeltec/wheeltec_robot/install/dwb_msgs/lib/libdwb_msgs__rosidl_typesupport_fastrtps_cpp.so
-- Set runtime path of "/home/wheeltec/wheeltec_robot/install/dwb_msgs/lib/libdwb_msgs__rosidl_typesupport_fastrtps_cpp.so" to ""
-- Installing: /home/wheeltec/wheeltec_robot/install/dwb_msgs/lib/libdwb_msgs__rosidl_typesupport_introspection_c.so
-- Set runtime path of "/home/wheeltec/wheeltec_robot/install/dwb_msgs/lib/libdwb_msgs__rosidl_typesupport_introspection_c.so" to ""
-- Installing: /home/wheeltec/wheeltec_robot/install/dwb_msgs/lib/libdwb_msgs__rosidl_typesupport_c.so
-- Set runtime path of "/home/wheeltec/wheeltec_robot/install/dwb_msgs/lib/libdwb_msgs__rosidl_typesupport_c.so" to ""
-- Installing: /home/wheeltec/wheeltec_robot/install/dwb_msgs/lib/libdwb_msgs__rosidl_typesupport_introspection_cpp.so
-- Set runtime path of "/home/wheeltec/wheeltec_robot/install/dwb_msgs/lib/libdwb_msgs__rosidl_typesupport_introspection_cpp.so" to ""
-- Installing: /home/wheeltec/wheeltec_robot/install/dwb_msgs/lib/libdwb_msgs__rosidl_typesupport_cpp.so
-- Set runtime path of "/home/wheeltec/wheeltec_robot/install/dwb_msgs/lib/libdwb_msgs__rosidl_typesupport_cpp.so" to ""
Listing '/home/wheeltec/wheeltec_robot/install/dwb_msgs/local/lib/python3.10/dist-packages/dwb_msgs'...
Compiling '/home/wheeltec/wheeltec_robot/install/dwb_msgs/local/lib/python3.10/dist-packages/dwb_msgs/__init__.py'...
Listing '/home/wheeltec/wheeltec_robot/install/dwb_msgs/local/lib/python3.10/dist-packages/dwb_msgs/msg'...
Compiling '/home/wheeltec/wheeltec_robot/install/dwb_msgs/local/lib/python3.10/dist-packages/dwb_msgs/msg/__init__.py'...
Compiling '/home/wheeltec/wheeltec_robot/install/dwb_msgs/local/lib/python3.10/dist-packages/dwb_msgs/msg/_critic_score.py'...
Compiling '/home/wheeltec/wheeltec_robot/install/dwb_msgs/local/lib/python3.10/dist-packages/dwb_msgs/msg/_local_plan_evaluation.py'...
Compiling '/home/wheeltec/wheeltec_robot/install/dwb_msgs/local/lib/python3.10/dist-packages/dwb_msgs/msg/_trajectory2_d.py'...
Compiling '/home/wheeltec/wheeltec_robot/install/dwb_msgs/local/lib/python3.10/dist-packages/dwb_msgs/msg/_trajectory_score.py'...
Listing '/home/wheeltec/wheeltec_robot/install/dwb_msgs/local/lib/python3.10/dist-packages/dwb_msgs/srv'...
Compiling '/home/wheeltec/wheeltec_robot/install/dwb_msgs/local/lib/python3.10/dist-packages/dwb_msgs/srv/__init__.py'...
Compiling '/home/wheeltec/wheeltec_robot/install/dwb_msgs/local/lib/python3.10/dist-packages/dwb_msgs/srv/_debug_local_plan.py'...
Compiling '/home/wheeltec/wheeltec_robot/install/dwb_msgs/local/lib/python3.10/dist-packages/dwb_msgs/srv/_generate_trajectory.py'...
Compiling '/home/wheeltec/wheeltec_robot/install/dwb_msgs/local/lib/python3.10/dist-packages/dwb_msgs/srv/_generate_twists.py'...
Compiling '/home/wheeltec/wheeltec_robot/install/dwb_msgs/local/lib/python3.10/dist-packages/dwb_msgs/srv/_get_critic_score.py'...
Compiling '/home/wheeltec/wheeltec_robot/install/dwb_msgs/local/lib/python3.10/dist-packages/dwb_msgs/srv/_score_trajectory.py'...
-- Installing: /home/wheeltec/wheeltec_robot/install/dwb_msgs/lib/libdwb_msgs__rosidl_generator_py.so
-- Set runtime path of "/home/wheeltec/wheeltec_robot/install/dwb_msgs/lib/libdwb_msgs__rosidl_generator_py.so" to ""
-- Installing: /home/wheeltec/wheeltec_robot/install/dwb_msgs/share/dwb_msgs/cmake/export_dwb_msgs__rosidl_generator_cExport.cmake
-- Installing: /home/wheeltec/wheeltec_robot/install/dwb_msgs/share/dwb_msgs/cmake/export_dwb_msgs__rosidl_generator_cExport-noconfig.cmake
-- Installing: /home/wheeltec/wheeltec_robot/install/dwb_msgs/share/dwb_msgs/cmake/export_dwb_msgs__rosidl_typesupport_fastrtps_cExport.cmake
-- Installing: /home/wheeltec/wheeltec_robot/install/dwb_msgs/share/dwb_msgs/cmake/export_dwb_msgs__rosidl_typesupport_fastrtps_cExport-noconfig.cmake
-- Installing: /home/wheeltec/wheeltec_robot/install/dwb_msgs/share/dwb_msgs/cmake/export_dwb_msgs__rosidl_generator_cppExport.cmake
-- Installing: /home/wheeltec/wheeltec_robot/install/dwb_msgs/share/dwb_msgs/cmake/export_dwb_msgs__rosidl_typesupport_fastrtps_cppExport.cmake
-- Installing: /home/wheeltec/wheeltec_robot/install/dwb_msgs/share/dwb_msgs/cmake/export_dwb_msgs__rosidl_typesupport_fastrtps_cppExport-noconfig.cmake
-- Installing: /home/wheeltec/wheeltec_robot/install/dwb_msgs/share/dwb_msgs/cmake/dwb_msgs__rosidl_typesupport_introspection_cExport.cmake
-- Installing: /home/wheeltec/wheeltec_robot/install/dwb_msgs/share/dwb_msgs/cmake/dwb_msgs__rosidl_typesupport_introspection_cExport-noconfig.cmake
-- Installing: /home/wheeltec/wheeltec_robot/install/dwb_msgs/share/dwb_msgs/cmake/dwb_msgs__rosidl_typesupport_cExport.cmake
-- Installing: /home/wheeltec/wheeltec_robot/install/dwb_msgs/share/dwb_msgs/cmake/dwb_msgs__rosidl_typesupport_cExport-noconfig.cmake
-- Installing: /home/wheeltec/wheeltec_robot/install/dwb_msgs/share/dwb_msgs/cmake/dwb_msgs__rosidl_typesupport_introspection_cppExport.cmake
-- Installing: /home/wheeltec/wheeltec_robot/install/dwb_msgs/share/dwb_msgs/cmake/dwb_msgs__rosidl_typesupport_introspection_cppExport-noconfig.cmake
-- Installing: /home/wheeltec/wheeltec_robot/install/dwb_msgs/share/dwb_msgs/cmake/dwb_msgs__rosidl_typesupport_cppExport.cmake
-- Installing: /home/wheeltec/wheeltec_robot/install/dwb_msgs/share/dwb_msgs/cmake/dwb_msgs__rosidl_typesupport_cppExport-noconfig.cmake
-- Installing: /home/wheeltec/wheeltec_robot/install/dwb_msgs/share/dwb_msgs/cmake/export_dwb_msgs__rosidl_generator_pyExport.cmake
-- Installing: /home/wheeltec/wheeltec_robot/install/dwb_msgs/share/dwb_msgs/cmake/export_dwb_msgs__rosidl_generator_pyExport-noconfig.cmake
