[0.047s] Invoking command in '/home/wheeltec/wheeltec_robot/build/nmea_msgs': CMAKE_PREFIX_PATH=/opt/ros/humble /usr/bin/cmake /home/wheeltec/wheeltec_robot/src/wheeltec_gps/nmea_msgs -DCMAKE_INSTALL_PREFIX=/home/wheeltec/wheeltec_robot/install/nmea_msgs
[0.171s] -- Found ament_cmake: 1.3.12 (/opt/ros/humble/share/ament_cmake/cmake)
[0.383s] -- Override CMake install command with custom implementation using symlinks instead of copying resources
[0.393s] -- Found rosidl_default_generators: 1.2.0 (/opt/ros/humble/share/rosidl_default_generators/cmake)
[0.396s] -- Using all available rosidl_typesupport_c: rosidl_typesupport_fastrtps_c;rosidl_typesupport_introspection_c
[0.400s] -- Found rosidl_adapter: 3.1.7 (/opt/ros/humble/share/rosidl_adapter/cmake)
[0.458s] -- Using all available rosidl_typesupport_cpp: rosidl_typesupport_fastrtps_cpp;rosidl_typesupport_introspection_cpp
[0.500s] -- Found std_msgs: 4.9.0 (/opt/ros/humble/share/std_msgs/cmake)
[1.172s] -- Found ament_cmake_ros: 0.10.0 (/opt/ros/humble/share/ament_cmake_ros/cmake)
[1.728s] -- Using all available rosidl_typesupport_c: rosidl_typesupport_fastrtps_c;rosidl_typesupport_introspection_c
[2.391s] -- Using all available rosidl_typesupport_cpp: rosidl_typesupport_fastrtps_cpp;rosidl_typesupport_introspection_cpp
[2.433s] -- Found python_cmake_module: 0.10.0 (/opt/ros/humble/share/python_cmake_module/cmake)
[2.482s] -- Using PYTHON_EXECUTABLE: /usr/bin/python3
[2.482s] -- Using PYTHON_INCLUDE_DIRS: /usr/include/python3.10
[2.483s] -- Using PYTHON_LIBRARIES: /usr/lib/aarch64-linux-gnu/libpython3.10.so
[2.562s] -- Configuring done
[2.643s] -- Generating done
[2.666s] -- Build files have been written to: /home/wheeltec/wheeltec_robot/build/nmea_msgs
[2.692s] Invoked command in '/home/wheeltec/wheeltec_robot/build/nmea_msgs' returned '0': CMAKE_PREFIX_PATH=/opt/ros/humble /usr/bin/cmake /home/wheeltec/wheeltec_robot/src/wheeltec_gps/nmea_msgs -DCMAKE_INSTALL_PREFIX=/home/wheeltec/wheeltec_robot/install/nmea_msgs
[2.693s] Invoking command in '/home/wheeltec/wheeltec_robot/build/nmea_msgs': CMAKE_PREFIX_PATH=/opt/ros/humble /usr/bin/cmake --build /home/wheeltec/wheeltec_robot/build/nmea_msgs -- -j8 -l8
[2.804s] [35m[1mConsolidate compiler generated dependencies of target nmea_msgs__rosidl_generator_c[0m
[2.856s] [  0%] Built target ament_cmake_python_symlink_nmea_msgs
[2.858s] [  1%] Built target nmea_msgs__cpp
[2.880s] [ 12%] Built target nmea_msgs__rosidl_generator_c
[2.911s] [35m[1mConsolidate compiler generated dependencies of target nmea_msgs__rosidl_typesupport_c[0m
[2.922s] [35m[1mConsolidate compiler generated dependencies of target nmea_msgs__rosidl_typesupport_fastrtps_c[0m
[2.938s] [35m[1mConsolidate compiler generated dependencies of target nmea_msgs__rosidl_typesupport_fastrtps_cpp[0m
[2.939s] [35m[1mConsolidate compiler generated dependencies of target nmea_msgs__rosidl_typesupport_cpp[0m
[2.962s] [35m[1mConsolidate compiler generated dependencies of target nmea_msgs__rosidl_typesupport_introspection_cpp[0m
[2.971s] [35m[1mConsolidate compiler generated dependencies of target nmea_msgs__rosidl_typesupport_introspection_c[0m
[3.003s] [ 24%] Built target nmea_msgs__rosidl_typesupport_fastrtps_c
[3.016s] [ 35%] Built target nmea_msgs__rosidl_typesupport_fastrtps_cpp
[3.031s] [ 46%] Built target nmea_msgs__rosidl_typesupport_introspection_cpp
[3.037s] [ 58%] Built target nmea_msgs__rosidl_typesupport_c
[3.049s] [ 70%] Built target nmea_msgs__rosidl_typesupport_cpp
[3.050s] [ 81%] Built target nmea_msgs__rosidl_typesupport_introspection_c
[3.162s] [ 81%] Built target nmea_msgs
[3.267s] [ 82%] Built target nmea_msgs__py
[3.368s] [35m[1mConsolidate compiler generated dependencies of target nmea_msgs__rosidl_generator_py[0m
[3.474s] [ 92%] Built target nmea_msgs__rosidl_generator_py
[3.527s] [35m[1mConsolidate compiler generated dependencies of target nmea_msgs__rosidl_typesupport_c__pyext[0m
[3.552s] [35m[1mConsolidate compiler generated dependencies of target nmea_msgs__rosidl_typesupport_fastrtps_c__pyext[0m
[3.565s] [35m[1mConsolidate compiler generated dependencies of target nmea_msgs__rosidl_typesupport_introspection_c__pyext[0m
[3.587s] [ 94%] Built target nmea_msgs__rosidl_typesupport_c__pyext
[3.593s] running egg_info
[3.628s] writing nmea_msgs.egg-info/PKG-INFO
[3.631s] writing dependency_links to nmea_msgs.egg-info/dependency_links.txt
[3.631s] writing top-level names to nmea_msgs.egg-info/top_level.txt
[3.634s] [ 97%] Built target nmea_msgs__rosidl_typesupport_fastrtps_c__pyext
[3.643s] [100%] Built target nmea_msgs__rosidl_typesupport_introspection_c__pyext
[3.729s] reading manifest file 'nmea_msgs.egg-info/SOURCES.txt'
[3.731s] writing manifest file 'nmea_msgs.egg-info/SOURCES.txt'
[3.882s] [100%] Built target ament_cmake_python_build_nmea_msgs_egg
[3.935s] Invoked command in '/home/wheeltec/wheeltec_robot/build/nmea_msgs' returned '0': CMAKE_PREFIX_PATH=/opt/ros/humble /usr/bin/cmake --build /home/wheeltec/wheeltec_robot/build/nmea_msgs -- -j8 -l8
[3.936s] Invoking command in '/home/wheeltec/wheeltec_robot/build/nmea_msgs': CMAKE_PREFIX_PATH=/opt/ros/humble /usr/bin/cmake --install /home/wheeltec/wheeltec_robot/build/nmea_msgs
[4.198s] -- Install configuration: ""
[4.200s] -- Execute custom install script
[4.200s] -- Up-to-date symlink: /home/wheeltec/wheeltec_robot/install/nmea_msgs/share/ament_index/resource_index/rosidl_interfaces/nmea_msgs
[4.201s] -- Up-to-date symlink: /home/wheeltec/wheeltec_robot/install/nmea_msgs/include/nmea_msgs/nmea_msgs/msg/detail/gpgga__functions.h
[4.201s] -- Up-to-date symlink: /home/wheeltec/wheeltec_robot/install/nmea_msgs/include/nmea_msgs/nmea_msgs/msg/detail/gpgga__struct.h
[4.201s] -- Up-to-date symlink: /home/wheeltec/wheeltec_robot/install/nmea_msgs/include/nmea_msgs/nmea_msgs/msg/detail/gpgga__type_support.h
[4.201s] -- Up-to-date symlink: /home/wheeltec/wheeltec_robot/install/nmea_msgs/include/nmea_msgs/nmea_msgs/msg/detail/gpgsa__functions.h
[4.201s] -- Up-to-date symlink: /home/wheeltec/wheeltec_robot/install/nmea_msgs/include/nmea_msgs/nmea_msgs/msg/detail/gpgsa__struct.h
[4.201s] -- Up-to-date symlink: /home/wheeltec/wheeltec_robot/install/nmea_msgs/include/nmea_msgs/nmea_msgs/msg/detail/gpgsa__type_support.h
[4.202s] -- Up-to-date symlink: /home/wheeltec/wheeltec_robot/install/nmea_msgs/include/nmea_msgs/nmea_msgs/msg/detail/gpgst__functions.h
[4.202s] -- Up-to-date symlink: /home/wheeltec/wheeltec_robot/install/nmea_msgs/include/nmea_msgs/nmea_msgs/msg/detail/gpgst__struct.h
[4.205s] -- Up-to-date symlink: /home/wheeltec/wheeltec_robot/install/nmea_msgs/include/nmea_msgs/nmea_msgs/msg/detail/gpgst__type_support.h
[4.205s] -- Up-to-date symlink: /home/wheeltec/wheeltec_robot/install/nmea_msgs/include/nmea_msgs/nmea_msgs/msg/detail/gpgsv__functions.h
[4.205s] -- Up-to-date symlink: /home/wheeltec/wheeltec_robot/install/nmea_msgs/include/nmea_msgs/nmea_msgs/msg/detail/gpgsv__struct.h
[4.205s] -- Up-to-date symlink: /home/wheeltec/wheeltec_robot/install/nmea_msgs/include/nmea_msgs/nmea_msgs/msg/detail/gpgsv__type_support.h
[4.206s] -- Up-to-date symlink: /home/wheeltec/wheeltec_robot/install/nmea_msgs/include/nmea_msgs/nmea_msgs/msg/detail/gpgsv_satellite__functions.h
[4.206s] -- Up-to-date symlink: /home/wheeltec/wheeltec_robot/install/nmea_msgs/include/nmea_msgs/nmea_msgs/msg/detail/gpgsv_satellite__struct.h
[4.206s] -- Up-to-date symlink: /home/wheeltec/wheeltec_robot/install/nmea_msgs/include/nmea_msgs/nmea_msgs/msg/detail/gpgsv_satellite__type_support.h
[4.206s] -- Up-to-date symlink: /home/wheeltec/wheeltec_robot/install/nmea_msgs/include/nmea_msgs/nmea_msgs/msg/detail/gprmc__functions.h
[4.206s] -- Up-to-date symlink: /home/wheeltec/wheeltec_robot/install/nmea_msgs/include/nmea_msgs/nmea_msgs/msg/detail/gprmc__struct.h
[4.206s] -- Up-to-date symlink: /home/wheeltec/wheeltec_robot/install/nmea_msgs/include/nmea_msgs/nmea_msgs/msg/detail/gprmc__type_support.h
[4.206s] -- Up-to-date symlink: /home/wheeltec/wheeltec_robot/install/nmea_msgs/include/nmea_msgs/nmea_msgs/msg/detail/sentence__functions.h
[4.206s] -- Up-to-date symlink: /home/wheeltec/wheeltec_robot/install/nmea_msgs/include/nmea_msgs/nmea_msgs/msg/detail/sentence__struct.h
[4.206s] -- Up-to-date symlink: /home/wheeltec/wheeltec_robot/install/nmea_msgs/include/nmea_msgs/nmea_msgs/msg/detail/sentence__type_support.h
[4.206s] -- Up-to-date symlink: /home/wheeltec/wheeltec_robot/install/nmea_msgs/include/nmea_msgs/nmea_msgs/msg/gpgga.h
[4.207s] -- Up-to-date symlink: /home/wheeltec/wheeltec_robot/install/nmea_msgs/include/nmea_msgs/nmea_msgs/msg/gpgsa.h
[4.207s] -- Up-to-date symlink: /home/wheeltec/wheeltec_robot/install/nmea_msgs/include/nmea_msgs/nmea_msgs/msg/gpgst.h
[4.207s] -- Up-to-date symlink: /home/wheeltec/wheeltec_robot/install/nmea_msgs/include/nmea_msgs/nmea_msgs/msg/gpgsv.h
[4.207s] -- Up-to-date symlink: /home/wheeltec/wheeltec_robot/install/nmea_msgs/include/nmea_msgs/nmea_msgs/msg/gpgsv_satellite.h
[4.207s] -- Up-to-date symlink: /home/wheeltec/wheeltec_robot/install/nmea_msgs/include/nmea_msgs/nmea_msgs/msg/gprmc.h
[4.207s] -- Up-to-date symlink: /home/wheeltec/wheeltec_robot/install/nmea_msgs/include/nmea_msgs/nmea_msgs/msg/rosidl_generator_c__visibility_control.h
[4.207s] -- Up-to-date symlink: /home/wheeltec/wheeltec_robot/install/nmea_msgs/include/nmea_msgs/nmea_msgs/msg/sentence.h
[4.207s] -- Up-to-date symlink: /home/wheeltec/wheeltec_robot/install/nmea_msgs/share/nmea_msgs/environment/library_path.sh
[4.207s] -- Up-to-date symlink: /home/wheeltec/wheeltec_robot/install/nmea_msgs/share/nmea_msgs/environment/library_path.dsv
[4.207s] -- Up-to-date symlink: /home/wheeltec/wheeltec_robot/install/nmea_msgs/include/nmea_msgs/nmea_msgs/msg/detail/gpgga__rosidl_typesupport_fastrtps_c.h
[4.208s] -- Up-to-date symlink: /home/wheeltec/wheeltec_robot/install/nmea_msgs/include/nmea_msgs/nmea_msgs/msg/detail/gpgsa__rosidl_typesupport_fastrtps_c.h
[4.208s] -- Up-to-date symlink: /home/wheeltec/wheeltec_robot/install/nmea_msgs/include/nmea_msgs/nmea_msgs/msg/detail/gpgst__rosidl_typesupport_fastrtps_c.h
[4.208s] -- Up-to-date symlink: /home/wheeltec/wheeltec_robot/install/nmea_msgs/include/nmea_msgs/nmea_msgs/msg/detail/gpgsv__rosidl_typesupport_fastrtps_c.h
[4.208s] -- Up-to-date symlink: /home/wheeltec/wheeltec_robot/install/nmea_msgs/include/nmea_msgs/nmea_msgs/msg/detail/gpgsv_satellite__rosidl_typesupport_fastrtps_c.h
[4.208s] -- Up-to-date symlink: /home/wheeltec/wheeltec_robot/install/nmea_msgs/include/nmea_msgs/nmea_msgs/msg/detail/gprmc__rosidl_typesupport_fastrtps_c.h
[4.208s] -- Up-to-date symlink: /home/wheeltec/wheeltec_robot/install/nmea_msgs/include/nmea_msgs/nmea_msgs/msg/detail/sentence__rosidl_typesupport_fastrtps_c.h
[4.208s] -- Up-to-date symlink: /home/wheeltec/wheeltec_robot/install/nmea_msgs/include/nmea_msgs/nmea_msgs/msg/rosidl_typesupport_fastrtps_c__visibility_control.h
[4.208s] -- Up-to-date symlink: /home/wheeltec/wheeltec_robot/install/nmea_msgs/include/nmea_msgs/nmea_msgs/msg/detail/gpgga__rosidl_typesupport_introspection_c.h
[4.208s] -- Up-to-date symlink: /home/wheeltec/wheeltec_robot/install/nmea_msgs/include/nmea_msgs/nmea_msgs/msg/detail/gpgsa__rosidl_typesupport_introspection_c.h
[4.208s] -- Up-to-date symlink: /home/wheeltec/wheeltec_robot/install/nmea_msgs/include/nmea_msgs/nmea_msgs/msg/detail/gpgst__rosidl_typesupport_introspection_c.h
[4.209s] -- Up-to-date symlink: /home/wheeltec/wheeltec_robot/install/nmea_msgs/include/nmea_msgs/nmea_msgs/msg/detail/gpgsv__rosidl_typesupport_introspection_c.h
[4.209s] -- Up-to-date symlink: /home/wheeltec/wheeltec_robot/install/nmea_msgs/include/nmea_msgs/nmea_msgs/msg/detail/gpgsv_satellite__rosidl_typesupport_introspection_c.h
[4.209s] -- Up-to-date symlink: /home/wheeltec/wheeltec_robot/install/nmea_msgs/include/nmea_msgs/nmea_msgs/msg/detail/gprmc__rosidl_typesupport_introspection_c.h
[4.209s] -- Up-to-date symlink: /home/wheeltec/wheeltec_robot/install/nmea_msgs/include/nmea_msgs/nmea_msgs/msg/detail/sentence__rosidl_typesupport_introspection_c.h
[4.209s] -- Up-to-date symlink: /home/wheeltec/wheeltec_robot/install/nmea_msgs/include/nmea_msgs/nmea_msgs/msg/rosidl_typesupport_introspection_c__visibility_control.h
[4.209s] -- Up-to-date symlink: /home/wheeltec/wheeltec_robot/install/nmea_msgs/include/nmea_msgs/nmea_msgs/msg/detail/gpgga__builder.hpp
[4.209s] -- Up-to-date symlink: /home/wheeltec/wheeltec_robot/install/nmea_msgs/include/nmea_msgs/nmea_msgs/msg/detail/gpgga__struct.hpp
[4.209s] -- Up-to-date symlink: /home/wheeltec/wheeltec_robot/install/nmea_msgs/include/nmea_msgs/nmea_msgs/msg/detail/gpgga__traits.hpp
[4.209s] -- Up-to-date symlink: /home/wheeltec/wheeltec_robot/install/nmea_msgs/include/nmea_msgs/nmea_msgs/msg/detail/gpgga__type_support.hpp
[4.209s] -- Up-to-date symlink: /home/wheeltec/wheeltec_robot/install/nmea_msgs/include/nmea_msgs/nmea_msgs/msg/detail/gpgsa__builder.hpp
[4.210s] -- Up-to-date symlink: /home/wheeltec/wheeltec_robot/install/nmea_msgs/include/nmea_msgs/nmea_msgs/msg/detail/gpgsa__struct.hpp
[4.210s] -- Up-to-date symlink: /home/wheeltec/wheeltec_robot/install/nmea_msgs/include/nmea_msgs/nmea_msgs/msg/detail/gpgsa__traits.hpp
[4.210s] -- Up-to-date symlink: /home/wheeltec/wheeltec_robot/install/nmea_msgs/include/nmea_msgs/nmea_msgs/msg/detail/gpgsa__type_support.hpp
[4.210s] -- Up-to-date symlink: /home/wheeltec/wheeltec_robot/install/nmea_msgs/include/nmea_msgs/nmea_msgs/msg/detail/gpgst__builder.hpp
[4.210s] -- Up-to-date symlink: /home/wheeltec/wheeltec_robot/install/nmea_msgs/include/nmea_msgs/nmea_msgs/msg/detail/gpgst__struct.hpp
[4.210s] -- Up-to-date symlink: /home/wheeltec/wheeltec_robot/install/nmea_msgs/include/nmea_msgs/nmea_msgs/msg/detail/gpgst__traits.hpp
[4.210s] -- Up-to-date symlink: /home/wheeltec/wheeltec_robot/install/nmea_msgs/include/nmea_msgs/nmea_msgs/msg/detail/gpgst__type_support.hpp
[4.211s] -- Up-to-date symlink: /home/wheeltec/wheeltec_robot/install/nmea_msgs/include/nmea_msgs/nmea_msgs/msg/detail/gpgsv__builder.hpp
[4.211s] -- Up-to-date symlink: /home/wheeltec/wheeltec_robot/install/nmea_msgs/include/nmea_msgs/nmea_msgs/msg/detail/gpgsv__struct.hpp
[4.211s] -- Up-to-date symlink: /home/wheeltec/wheeltec_robot/install/nmea_msgs/include/nmea_msgs/nmea_msgs/msg/detail/gpgsv__traits.hpp
[4.211s] -- Up-to-date symlink: /home/wheeltec/wheeltec_robot/install/nmea_msgs/include/nmea_msgs/nmea_msgs/msg/detail/gpgsv__type_support.hpp
[4.211s] -- Up-to-date symlink: /home/wheeltec/wheeltec_robot/install/nmea_msgs/include/nmea_msgs/nmea_msgs/msg/detail/gpgsv_satellite__builder.hpp
[4.211s] -- Up-to-date symlink: /home/wheeltec/wheeltec_robot/install/nmea_msgs/include/nmea_msgs/nmea_msgs/msg/detail/gpgsv_satellite__struct.hpp
[4.211s] -- Up-to-date symlink: /home/wheeltec/wheeltec_robot/install/nmea_msgs/include/nmea_msgs/nmea_msgs/msg/detail/gpgsv_satellite__traits.hpp
[4.212s] -- Up-to-date symlink: /home/wheeltec/wheeltec_robot/install/nmea_msgs/include/nmea_msgs/nmea_msgs/msg/detail/gpgsv_satellite__type_support.hpp
[4.212s] -- Up-to-date symlink: /home/wheeltec/wheeltec_robot/install/nmea_msgs/include/nmea_msgs/nmea_msgs/msg/detail/gprmc__builder.hpp
[4.212s] -- Up-to-date symlink: /home/wheeltec/wheeltec_robot/install/nmea_msgs/include/nmea_msgs/nmea_msgs/msg/detail/gprmc__struct.hpp
[4.212s] -- Up-to-date symlink: /home/wheeltec/wheeltec_robot/install/nmea_msgs/include/nmea_msgs/nmea_msgs/msg/detail/gprmc__traits.hpp
[4.212s] -- Up-to-date symlink: /home/wheeltec/wheeltec_robot/install/nmea_msgs/include/nmea_msgs/nmea_msgs/msg/detail/gprmc__type_support.hpp
[4.212s] -- Up-to-date symlink: /home/wheeltec/wheeltec_robot/install/nmea_msgs/include/nmea_msgs/nmea_msgs/msg/detail/sentence__builder.hpp
[4.213s] -- Up-to-date symlink: /home/wheeltec/wheeltec_robot/install/nmea_msgs/include/nmea_msgs/nmea_msgs/msg/detail/sentence__struct.hpp
[4.213s] -- Up-to-date symlink: /home/wheeltec/wheeltec_robot/install/nmea_msgs/include/nmea_msgs/nmea_msgs/msg/detail/sentence__traits.hpp
[4.214s] -- Up-to-date symlink: /home/wheeltec/wheeltec_robot/install/nmea_msgs/include/nmea_msgs/nmea_msgs/msg/detail/sentence__type_support.hpp
[4.214s] -- Up-to-date symlink: /home/wheeltec/wheeltec_robot/install/nmea_msgs/include/nmea_msgs/nmea_msgs/msg/gpgga.hpp
[4.214s] -- Up-to-date symlink: /home/wheeltec/wheeltec_robot/install/nmea_msgs/include/nmea_msgs/nmea_msgs/msg/gpgsa.hpp
[4.214s] -- Up-to-date symlink: /home/wheeltec/wheeltec_robot/install/nmea_msgs/include/nmea_msgs/nmea_msgs/msg/gpgst.hpp
[4.214s] -- Up-to-date symlink: /home/wheeltec/wheeltec_robot/install/nmea_msgs/include/nmea_msgs/nmea_msgs/msg/gpgsv.hpp
[4.214s] -- Up-to-date symlink: /home/wheeltec/wheeltec_robot/install/nmea_msgs/include/nmea_msgs/nmea_msgs/msg/gpgsv_satellite.hpp
[4.214s] -- Up-to-date symlink: /home/wheeltec/wheeltec_robot/install/nmea_msgs/include/nmea_msgs/nmea_msgs/msg/gprmc.hpp
[4.214s] -- Up-to-date symlink: /home/wheeltec/wheeltec_robot/install/nmea_msgs/include/nmea_msgs/nmea_msgs/msg/rosidl_generator_cpp__visibility_control.hpp
[4.214s] -- Up-to-date symlink: /home/wheeltec/wheeltec_robot/install/nmea_msgs/include/nmea_msgs/nmea_msgs/msg/sentence.hpp
[4.214s] -- Up-to-date symlink: /home/wheeltec/wheeltec_robot/install/nmea_msgs/include/nmea_msgs/nmea_msgs/msg/detail/gpgga__rosidl_typesupport_fastrtps_cpp.hpp
[4.215s] -- Up-to-date symlink: /home/wheeltec/wheeltec_robot/install/nmea_msgs/include/nmea_msgs/nmea_msgs/msg/detail/gpgsa__rosidl_typesupport_fastrtps_cpp.hpp
[4.215s] -- Up-to-date symlink: /home/wheeltec/wheeltec_robot/install/nmea_msgs/include/nmea_msgs/nmea_msgs/msg/detail/gpgst__rosidl_typesupport_fastrtps_cpp.hpp
[4.215s] -- Up-to-date symlink: /home/wheeltec/wheeltec_robot/install/nmea_msgs/include/nmea_msgs/nmea_msgs/msg/detail/gpgsv__rosidl_typesupport_fastrtps_cpp.hpp
[4.215s] -- Up-to-date symlink: /home/wheeltec/wheeltec_robot/install/nmea_msgs/include/nmea_msgs/nmea_msgs/msg/detail/gpgsv_satellite__rosidl_typesupport_fastrtps_cpp.hpp
[4.215s] -- Up-to-date symlink: /home/wheeltec/wheeltec_robot/install/nmea_msgs/include/nmea_msgs/nmea_msgs/msg/detail/gprmc__rosidl_typesupport_fastrtps_cpp.hpp
[4.215s] -- Up-to-date symlink: /home/wheeltec/wheeltec_robot/install/nmea_msgs/include/nmea_msgs/nmea_msgs/msg/detail/sentence__rosidl_typesupport_fastrtps_cpp.hpp
[4.215s] -- Up-to-date symlink: /home/wheeltec/wheeltec_robot/install/nmea_msgs/include/nmea_msgs/nmea_msgs/msg/rosidl_typesupport_fastrtps_cpp__visibility_control.h
[4.215s] -- Up-to-date symlink: /home/wheeltec/wheeltec_robot/install/nmea_msgs/include/nmea_msgs/nmea_msgs/msg/detail/gpgga__rosidl_typesupport_introspection_cpp.hpp
[4.215s] -- Up-to-date symlink: /home/wheeltec/wheeltec_robot/install/nmea_msgs/include/nmea_msgs/nmea_msgs/msg/detail/gpgsa__rosidl_typesupport_introspection_cpp.hpp
[4.216s] -- Up-to-date symlink: /home/wheeltec/wheeltec_robot/install/nmea_msgs/include/nmea_msgs/nmea_msgs/msg/detail/gpgst__rosidl_typesupport_introspection_cpp.hpp
[4.216s] -- Up-to-date symlink: /home/wheeltec/wheeltec_robot/install/nmea_msgs/include/nmea_msgs/nmea_msgs/msg/detail/gpgsv__rosidl_typesupport_introspection_cpp.hpp
[4.216s] -- Up-to-date symlink: /home/wheeltec/wheeltec_robot/install/nmea_msgs/include/nmea_msgs/nmea_msgs/msg/detail/gpgsv_satellite__rosidl_typesupport_introspection_cpp.hpp
[4.216s] -- Up-to-date symlink: /home/wheeltec/wheeltec_robot/install/nmea_msgs/include/nmea_msgs/nmea_msgs/msg/detail/gprmc__rosidl_typesupport_introspection_cpp.hpp
[4.216s] -- Up-to-date symlink: /home/wheeltec/wheeltec_robot/install/nmea_msgs/include/nmea_msgs/nmea_msgs/msg/detail/sentence__rosidl_typesupport_introspection_cpp.hpp
[4.216s] -- Up-to-date symlink: /home/wheeltec/wheeltec_robot/install/nmea_msgs/share/nmea_msgs/environment/pythonpath.sh
[4.216s] -- Up-to-date symlink: /home/wheeltec/wheeltec_robot/install/nmea_msgs/share/nmea_msgs/environment/pythonpath.dsv
[4.216s] -- Up-to-date symlink: /home/wheeltec/wheeltec_robot/install/nmea_msgs/local/lib/python3.10/dist-packages/nmea_msgs-2.0.0-py3.10.egg-info/PKG-INFO
[4.216s] -- Up-to-date symlink: /home/wheeltec/wheeltec_robot/install/nmea_msgs/local/lib/python3.10/dist-packages/nmea_msgs-2.0.0-py3.10.egg-info/SOURCES.txt
[4.217s] -- Up-to-date symlink: /home/wheeltec/wheeltec_robot/install/nmea_msgs/local/lib/python3.10/dist-packages/nmea_msgs-2.0.0-py3.10.egg-info/dependency_links.txt
[4.217s] -- Up-to-date symlink: /home/wheeltec/wheeltec_robot/install/nmea_msgs/local/lib/python3.10/dist-packages/nmea_msgs-2.0.0-py3.10.egg-info/top_level.txt
[4.217s] -- Up-to-date symlink: /home/wheeltec/wheeltec_robot/install/nmea_msgs/local/lib/python3.10/dist-packages/nmea_msgs/__init__.py
[4.217s] -- Up-to-date symlink: /home/wheeltec/wheeltec_robot/install/nmea_msgs/local/lib/python3.10/dist-packages/nmea_msgs/_nmea_msgs_s.ep.rosidl_typesupport_c.c
[4.217s] -- Up-to-date symlink: /home/wheeltec/wheeltec_robot/install/nmea_msgs/local/lib/python3.10/dist-packages/nmea_msgs/_nmea_msgs_s.ep.rosidl_typesupport_fastrtps_c.c
[4.217s] -- Up-to-date symlink: /home/wheeltec/wheeltec_robot/install/nmea_msgs/local/lib/python3.10/dist-packages/nmea_msgs/_nmea_msgs_s.ep.rosidl_typesupport_introspection_c.c
[4.218s] -- Up-to-date symlink: /home/wheeltec/wheeltec_robot/install/nmea_msgs/local/lib/python3.10/dist-packages/nmea_msgs/libnmea_msgs__rosidl_generator_py.so
[4.218s] -- Up-to-date symlink: /home/wheeltec/wheeltec_robot/install/nmea_msgs/local/lib/python3.10/dist-packages/nmea_msgs/msg/__init__.py
[4.218s] -- Up-to-date symlink: /home/wheeltec/wheeltec_robot/install/nmea_msgs/local/lib/python3.10/dist-packages/nmea_msgs/msg/_gpgga.py
[4.218s] -- Up-to-date symlink: /home/wheeltec/wheeltec_robot/install/nmea_msgs/local/lib/python3.10/dist-packages/nmea_msgs/msg/_gpgga_s.c
[4.218s] -- Up-to-date symlink: /home/wheeltec/wheeltec_robot/install/nmea_msgs/local/lib/python3.10/dist-packages/nmea_msgs/msg/_gpgsa.py
[4.218s] -- Up-to-date symlink: /home/wheeltec/wheeltec_robot/install/nmea_msgs/local/lib/python3.10/dist-packages/nmea_msgs/msg/_gpgsa_s.c
[4.218s] -- Up-to-date symlink: /home/wheeltec/wheeltec_robot/install/nmea_msgs/local/lib/python3.10/dist-packages/nmea_msgs/msg/_gpgst.py
[4.218s] -- Up-to-date symlink: /home/wheeltec/wheeltec_robot/install/nmea_msgs/local/lib/python3.10/dist-packages/nmea_msgs/msg/_gpgst_s.c
[4.218s] -- Up-to-date symlink: /home/wheeltec/wheeltec_robot/install/nmea_msgs/local/lib/python3.10/dist-packages/nmea_msgs/msg/_gpgsv.py
[4.218s] -- Up-to-date symlink: /home/wheeltec/wheeltec_robot/install/nmea_msgs/local/lib/python3.10/dist-packages/nmea_msgs/msg/_gpgsv_s.c
[4.219s] -- Up-to-date symlink: /home/wheeltec/wheeltec_robot/install/nmea_msgs/local/lib/python3.10/dist-packages/nmea_msgs/msg/_gpgsv_satellite.py
[4.219s] -- Up-to-date symlink: /home/wheeltec/wheeltec_robot/install/nmea_msgs/local/lib/python3.10/dist-packages/nmea_msgs/msg/_gpgsv_satellite_s.c
[4.219s] -- Up-to-date symlink: /home/wheeltec/wheeltec_robot/install/nmea_msgs/local/lib/python3.10/dist-packages/nmea_msgs/msg/_gprmc.py
[4.219s] -- Up-to-date symlink: /home/wheeltec/wheeltec_robot/install/nmea_msgs/local/lib/python3.10/dist-packages/nmea_msgs/msg/_gprmc_s.c
[4.219s] -- Up-to-date symlink: /home/wheeltec/wheeltec_robot/install/nmea_msgs/local/lib/python3.10/dist-packages/nmea_msgs/msg/_sentence.py
[4.219s] -- Up-to-date symlink: /home/wheeltec/wheeltec_robot/install/nmea_msgs/local/lib/python3.10/dist-packages/nmea_msgs/msg/_sentence_s.c
[4.219s] -- Up-to-date symlink: /home/wheeltec/wheeltec_robot/install/nmea_msgs/local/lib/python3.10/dist-packages/nmea_msgs/nmea_msgs_s__rosidl_typesupport_c.cpython-310-aarch64-linux-gnu.so
[4.219s] -- Up-to-date symlink: /home/wheeltec/wheeltec_robot/install/nmea_msgs/local/lib/python3.10/dist-packages/nmea_msgs/nmea_msgs_s__rosidl_typesupport_fastrtps_c.cpython-310-aarch64-linux-gnu.so
[4.219s] -- Up-to-date symlink: /home/wheeltec/wheeltec_robot/install/nmea_msgs/local/lib/python3.10/dist-packages/nmea_msgs/nmea_msgs_s__rosidl_typesupport_introspection_c.cpython-310-aarch64-linux-gnu.so
[4.219s] -- Up-to-date symlink: /home/wheeltec/wheeltec_robot/install/nmea_msgs/local/lib/python3.10/dist-packages/nmea_msgs/nmea_msgs_s__rosidl_typesupport_fastrtps_c.cpython-310-aarch64-linux-gnu.so
[4.220s] -- Up-to-date symlink: /home/wheeltec/wheeltec_robot/install/nmea_msgs/local/lib/python3.10/dist-packages/nmea_msgs/nmea_msgs_s__rosidl_typesupport_introspection_c.cpython-310-aarch64-linux-gnu.so
[4.220s] -- Up-to-date symlink: /home/wheeltec/wheeltec_robot/install/nmea_msgs/local/lib/python3.10/dist-packages/nmea_msgs/nmea_msgs_s__rosidl_typesupport_c.cpython-310-aarch64-linux-gnu.so
[4.220s] -- Up-to-date symlink: /home/wheeltec/wheeltec_robot/install/nmea_msgs/share/nmea_msgs/msg/Sentence.idl
[4.220s] -- Up-to-date symlink: /home/wheeltec/wheeltec_robot/install/nmea_msgs/share/nmea_msgs/msg/Gpgga.idl
[4.220s] -- Up-to-date symlink: /home/wheeltec/wheeltec_robot/install/nmea_msgs/share/nmea_msgs/msg/Gpgsa.idl
[4.220s] -- Up-to-date symlink: /home/wheeltec/wheeltec_robot/install/nmea_msgs/share/nmea_msgs/msg/Gpgst.idl
[4.220s] -- Up-to-date symlink: /home/wheeltec/wheeltec_robot/install/nmea_msgs/share/nmea_msgs/msg/Gpgsv.idl
[4.220s] -- Up-to-date symlink: /home/wheeltec/wheeltec_robot/install/nmea_msgs/share/nmea_msgs/msg/GpgsvSatellite.idl
[4.220s] -- Up-to-date symlink: /home/wheeltec/wheeltec_robot/install/nmea_msgs/share/nmea_msgs/msg/Gprmc.idl
[4.220s] -- Up-to-date symlink: /home/wheeltec/wheeltec_robot/install/nmea_msgs/share/nmea_msgs/msg/Sentence.msg
[4.221s] -- Up-to-date symlink: /home/wheeltec/wheeltec_robot/install/nmea_msgs/share/nmea_msgs/msg/Gpgga.msg
[4.221s] -- Up-to-date symlink: /home/wheeltec/wheeltec_robot/install/nmea_msgs/share/nmea_msgs/msg/Gpgsa.msg
[4.221s] -- Up-to-date symlink: /home/wheeltec/wheeltec_robot/install/nmea_msgs/share/nmea_msgs/msg/Gpgst.msg
[4.221s] -- Up-to-date symlink: /home/wheeltec/wheeltec_robot/install/nmea_msgs/share/nmea_msgs/msg/Gpgsv.msg
[4.221s] -- Up-to-date symlink: /home/wheeltec/wheeltec_robot/install/nmea_msgs/share/nmea_msgs/msg/GpgsvSatellite.msg
[4.221s] -- Up-to-date symlink: /home/wheeltec/wheeltec_robot/install/nmea_msgs/share/nmea_msgs/msg/Gprmc.msg
[4.228s] -- Up-to-date symlink: /home/wheeltec/wheeltec_robot/install/nmea_msgs/share/ament_index/resource_index/package_run_dependencies/nmea_msgs
[4.228s] -- Up-to-date symlink: /home/wheeltec/wheeltec_robot/install/nmea_msgs/share/ament_index/resource_index/parent_prefix_path/nmea_msgs
[4.228s] -- Up-to-date symlink: /home/wheeltec/wheeltec_robot/install/nmea_msgs/share/nmea_msgs/environment/ament_prefix_path.sh
[4.229s] -- Up-to-date symlink: /home/wheeltec/wheeltec_robot/install/nmea_msgs/share/nmea_msgs/environment/ament_prefix_path.dsv
[4.229s] -- Up-to-date symlink: /home/wheeltec/wheeltec_robot/install/nmea_msgs/share/nmea_msgs/environment/path.sh
[4.229s] -- Up-to-date symlink: /home/wheeltec/wheeltec_robot/install/nmea_msgs/share/nmea_msgs/environment/path.dsv
[4.229s] -- Up-to-date symlink: /home/wheeltec/wheeltec_robot/install/nmea_msgs/share/nmea_msgs/local_setup.bash
[4.230s] -- Up-to-date symlink: /home/wheeltec/wheeltec_robot/install/nmea_msgs/share/nmea_msgs/local_setup.sh
[4.230s] -- Up-to-date symlink: /home/wheeltec/wheeltec_robot/install/nmea_msgs/share/nmea_msgs/local_setup.zsh
[4.230s] -- Up-to-date symlink: /home/wheeltec/wheeltec_robot/install/nmea_msgs/share/nmea_msgs/local_setup.dsv
[4.230s] -- Symlinking: /home/wheeltec/wheeltec_robot/install/nmea_msgs/share/nmea_msgs/package.dsv
[4.241s] -- Up-to-date symlink: /home/wheeltec/wheeltec_robot/install/nmea_msgs/share/ament_index/resource_index/packages/nmea_msgs
[4.241s] -- Up-to-date symlink: /home/wheeltec/wheeltec_robot/install/nmea_msgs/share/nmea_msgs/cmake/rosidl_cmake-extras.cmake
[4.242s] -- Up-to-date symlink: /home/wheeltec/wheeltec_robot/install/nmea_msgs/share/nmea_msgs/cmake/ament_cmake_export_dependencies-extras.cmake
[4.242s] -- Up-to-date symlink: /home/wheeltec/wheeltec_robot/install/nmea_msgs/share/nmea_msgs/cmake/ament_cmake_export_include_directories-extras.cmake
[4.242s] -- Up-to-date symlink: /home/wheeltec/wheeltec_robot/install/nmea_msgs/share/nmea_msgs/cmake/ament_cmake_export_libraries-extras.cmake
[4.242s] -- Up-to-date symlink: /home/wheeltec/wheeltec_robot/install/nmea_msgs/share/nmea_msgs/cmake/ament_cmake_export_targets-extras.cmake
[4.242s] -- Up-to-date symlink: /home/wheeltec/wheeltec_robot/install/nmea_msgs/share/nmea_msgs/cmake/rosidl_cmake_export_typesupport_targets-extras.cmake
[4.242s] -- Up-to-date symlink: /home/wheeltec/wheeltec_robot/install/nmea_msgs/share/nmea_msgs/cmake/rosidl_cmake_export_typesupport_libraries-extras.cmake
[4.243s] -- Up-to-date symlink: /home/wheeltec/wheeltec_robot/install/nmea_msgs/share/nmea_msgs/cmake/nmea_msgsConfig.cmake
[4.243s] -- Up-to-date symlink: /home/wheeltec/wheeltec_robot/install/nmea_msgs/share/nmea_msgs/cmake/nmea_msgsConfig-version.cmake
[4.244s] -- Up-to-date symlink: /home/wheeltec/wheeltec_robot/install/nmea_msgs/share/nmea_msgs/package.xml
[4.247s] -- Up-to-date: /home/wheeltec/wheeltec_robot/install/nmea_msgs/lib/libnmea_msgs__rosidl_generator_c.so
[4.248s] -- Up-to-date: /home/wheeltec/wheeltec_robot/install/nmea_msgs/lib/libnmea_msgs__rosidl_typesupport_fastrtps_c.so
[4.250s] -- Up-to-date: /home/wheeltec/wheeltec_robot/install/nmea_msgs/lib/libnmea_msgs__rosidl_typesupport_introspection_c.so
[4.250s] -- Up-to-date: /home/wheeltec/wheeltec_robot/install/nmea_msgs/lib/libnmea_msgs__rosidl_typesupport_c.so
[4.251s] -- Up-to-date: /home/wheeltec/wheeltec_robot/install/nmea_msgs/lib/libnmea_msgs__rosidl_typesupport_fastrtps_cpp.so
[4.252s] -- Up-to-date: /home/wheeltec/wheeltec_robot/install/nmea_msgs/lib/libnmea_msgs__rosidl_typesupport_introspection_cpp.so
[4.252s] -- Up-to-date: /home/wheeltec/wheeltec_robot/install/nmea_msgs/lib/libnmea_msgs__rosidl_typesupport_cpp.so
[4.365s] Listing '/home/wheeltec/wheeltec_robot/install/nmea_msgs/local/lib/python3.10/dist-packages/nmea_msgs'...
[4.365s] Compiling '/home/wheeltec/wheeltec_robot/install/nmea_msgs/local/lib/python3.10/dist-packages/nmea_msgs/__init__.py'...
[4.365s] Listing '/home/wheeltec/wheeltec_robot/install/nmea_msgs/local/lib/python3.10/dist-packages/nmea_msgs/msg'...
[4.366s] -- Up-to-date: /home/wheeltec/wheeltec_robot/install/nmea_msgs/lib/libnmea_msgs__rosidl_generator_py.so
[4.366s] -- Up-to-date: /home/wheeltec/wheeltec_robot/install/nmea_msgs/share/nmea_msgs/cmake/export_nmea_msgs__rosidl_generator_cExport.cmake
[4.366s] -- Up-to-date: /home/wheeltec/wheeltec_robot/install/nmea_msgs/share/nmea_msgs/cmake/export_nmea_msgs__rosidl_generator_cExport-noconfig.cmake
[4.366s] -- Up-to-date: /home/wheeltec/wheeltec_robot/install/nmea_msgs/share/nmea_msgs/cmake/export_nmea_msgs__rosidl_typesupport_fastrtps_cExport.cmake
[4.366s] -- Up-to-date: /home/wheeltec/wheeltec_robot/install/nmea_msgs/share/nmea_msgs/cmake/export_nmea_msgs__rosidl_typesupport_fastrtps_cExport-noconfig.cmake
[4.366s] -- Up-to-date: /home/wheeltec/wheeltec_robot/install/nmea_msgs/share/nmea_msgs/cmake/nmea_msgs__rosidl_typesupport_introspection_cExport.cmake
[4.366s] -- Up-to-date: /home/wheeltec/wheeltec_robot/install/nmea_msgs/share/nmea_msgs/cmake/nmea_msgs__rosidl_typesupport_introspection_cExport-noconfig.cmake
[4.366s] -- Up-to-date: /home/wheeltec/wheeltec_robot/install/nmea_msgs/share/nmea_msgs/cmake/nmea_msgs__rosidl_typesupport_cExport.cmake
[4.366s] -- Up-to-date: /home/wheeltec/wheeltec_robot/install/nmea_msgs/share/nmea_msgs/cmake/nmea_msgs__rosidl_typesupport_cExport-noconfig.cmake
[4.376s] -- Up-to-date: /home/wheeltec/wheeltec_robot/install/nmea_msgs/share/nmea_msgs/cmake/export_nmea_msgs__rosidl_generator_cppExport.cmake
[4.376s] -- Up-to-date: /home/wheeltec/wheeltec_robot/install/nmea_msgs/share/nmea_msgs/cmake/export_nmea_msgs__rosidl_typesupport_fastrtps_cppExport.cmake
[4.376s] -- Up-to-date: /home/wheeltec/wheeltec_robot/install/nmea_msgs/share/nmea_msgs/cmake/export_nmea_msgs__rosidl_typesupport_fastrtps_cppExport-noconfig.cmake
[4.376s] -- Up-to-date: /home/wheeltec/wheeltec_robot/install/nmea_msgs/share/nmea_msgs/cmake/nmea_msgs__rosidl_typesupport_introspection_cppExport.cmake
[4.376s] -- Up-to-date: /home/wheeltec/wheeltec_robot/install/nmea_msgs/share/nmea_msgs/cmake/nmea_msgs__rosidl_typesupport_introspection_cppExport-noconfig.cmake
[4.376s] -- Up-to-date: /home/wheeltec/wheeltec_robot/install/nmea_msgs/share/nmea_msgs/cmake/nmea_msgs__rosidl_typesupport_cppExport.cmake
[4.376s] -- Up-to-date: /home/wheeltec/wheeltec_robot/install/nmea_msgs/share/nmea_msgs/cmake/nmea_msgs__rosidl_typesupport_cppExport-noconfig.cmake
[4.376s] -- Up-to-date: /home/wheeltec/wheeltec_robot/install/nmea_msgs/share/nmea_msgs/cmake/export_nmea_msgs__rosidl_generator_pyExport.cmake
[4.377s] -- Up-to-date: /home/wheeltec/wheeltec_robot/install/nmea_msgs/share/nmea_msgs/cmake/export_nmea_msgs__rosidl_generator_pyExport-noconfig.cmake
[4.406s] Invoked command in '/home/wheeltec/wheeltec_robot/build/nmea_msgs' returned '0': CMAKE_PREFIX_PATH=/opt/ros/humble /usr/bin/cmake --install /home/wheeltec/wheeltec_robot/build/nmea_msgs
