-- The C compiler identification is GNU 11.4.0
-- The CXX compiler identification is GNU 11.4.0
-- Detecting C compiler ABI info
-- Detecting C compiler ABI info - done
-- Check for working C compiler: /usr/bin/cc - skipped
-- Detecting C compile features
-- Detecting C compile features - done
-- Detecting CXX compiler ABI info
-- Detecting CXX compiler ABI info - done
-- Check for working CXX compiler: /usr/bin/c++ - skipped
-- Detecting CXX compile features
-- Detecting CXX compile features - done
-- Found ament_cmake: 1.3.12 (/opt/ros/humble/share/ament_cmake/cmake)
-- Found Python3: /usr/bin/python3 (found version "3.10.12") found components: Interpreter 
-- Override CMake install command with custom implementation using symlinks instead of copying resources
-- Found geometry_msgs: 4.9.0 (/opt/ros/humble/share/geometry_msgs/cmake)
-- Found rosidl_generator_c: 3.1.7 (/opt/ros/humble/share/rosidl_generator_c/cmake)
-- Found rosidl_adapter: 3.1.7 (/opt/ros/humble/share/rosidl_adapter/cmake)
-- Found rosidl_generator_cpp: 3.1.7 (/opt/ros/humble/share/rosidl_generator_cpp/cmake)
-- Using all available rosidl_typesupport_c: rosidl_typesupport_fastrtps_c;rosidl_typesupport_introspection_c
-- Using all available rosidl_typesupport_cpp: rosidl_typesupport_fastrtps_cpp;rosidl_typesupport_introspection_cpp
-- Found sensor_msgs: 4.9.0 (/opt/ros/humble/share/sensor_msgs/cmake)
-- Found rclcpp: 16.0.14 (/opt/ros/humble/share/rclcpp/cmake)
-- Found rmw_implementation_cmake: 6.1.2 (/opt/ros/humble/share/rmw_implementation_cmake/cmake)
-- Found rmw_fastrtps_cpp: 6.2.8 (/opt/ros/humble/share/rmw_fastrtps_cpp/cmake)
-- Found OpenSSL: /usr/lib/aarch64-linux-gnu/libcrypto.so (found version "3.0.2")  
-- Found FastRTPS: /opt/ros/humble/include  
-- Using RMW implementation 'rmw_fastrtps_cpp' as default
-- Looking for pthread.h
-- Looking for pthread.h - found
-- Performing Test CMAKE_HAVE_LIBC_PTHREAD
-- Performing Test CMAKE_HAVE_LIBC_PTHREAD - Success
-- Found Threads: TRUE  
-- Found OpenCV: /usr (found version "4.8.0") 
-- Found cv_bridge: 3.2.1 (/opt/ros/humble/share/cv_bridge/cmake)
-- Found image_transport: 3.1.12 (/opt/ros/humble/share/image_transport/cmake)
-- Found ament_lint_auto: 0.12.14 (/opt/ros/humble/share/ament_lint_auto/cmake)
-- Added test 'copyright' to check source files copyright and LICENSE
-- Added test 'cppcheck' to perform static code analysis on C / C++ code
-- Configured cppcheck include dirs: /home/wheeltec/wheeltec_robot/src/wheeltec_robot_kcf/include/wheeltec_robot_kcf
-- Configured cppcheck exclude dirs and/or files: 
-- Added test 'cpplint' to check C / C++ code against the Google style
-- Configured cpplint exclude dirs and/or files: 
-- Added test 'flake8' to check Python code syntax and style conventions
-- Added test 'lint_cmake' to check CMake code style
-- Added test 'pep257' to check Python code against some of the docstring style conventions in PEP 257
-- Added test 'uncrustify' to check C / C++ code style
-- Configured uncrustify additional arguments: 
-- Added test 'xmllint' to check XML markup files
-- Configuring done
-- Generating done
-- Build files have been written to: /home/wheeltec/wheeltec_robot/src/build/wheeltec_robot_kcf
[ 20%] [32mBuilding CXX object CMakeFiles/run_tracker_node.dir/src/run_tracker.cpp.o[0m
[ 40%] [32mBuilding CXX object CMakeFiles/run_tracker_node.dir/src/PID.cpp.o[0m
[ 60%] [32mBuilding CXX object CMakeFiles/run_tracker_node.dir/src/fhog.cpp.o[0m
[ 80%] [32mBuilding CXX object CMakeFiles/run_tracker_node.dir/src/kcftracker.cpp.o[0m
[100%] [32m[1mLinking CXX executable run_tracker_node[0m
/usr/bin/ld: warning: libopencv_imgproc.so.4.5d, needed by /opt/ros/humble/lib/libcv_bridge.so, may conflict with libopencv_imgproc.so.408
/usr/bin/ld: warning: libopencv_core.so.4.5d, needed by /opt/ros/humble/lib/libcv_bridge.so, may conflict with libopencv_core.so.408
[100%] Built target run_tracker_node
-- Install configuration: ""
-- Execute custom install script
-- Symlinking: /home/wheeltec/wheeltec_robot/src/install/wheeltec_robot_kcf/lib/wheeltec_robot_kcf/run_tracker_node
-- Symlinking: /home/wheeltec/wheeltec_robot/src/install/wheeltec_robot_kcf/share/wheeltec_robot_kcf/launch/wheeltec_robot_kcf.launch.py
-- Symlinking: /home/wheeltec/wheeltec_robot/src/install/wheeltec_robot_kcf/share/ament_index/resource_index/package_run_dependencies/wheeltec_robot_kcf
-- Symlinking: /home/wheeltec/wheeltec_robot/src/install/wheeltec_robot_kcf/share/ament_index/resource_index/parent_prefix_path/wheeltec_robot_kcf
-- Symlinking: /home/wheeltec/wheeltec_robot/src/install/wheeltec_robot_kcf/share/wheeltec_robot_kcf/environment/ament_prefix_path.sh
-- Symlinking: /home/wheeltec/wheeltec_robot/src/install/wheeltec_robot_kcf/share/wheeltec_robot_kcf/environment/ament_prefix_path.dsv
-- Symlinking: /home/wheeltec/wheeltec_robot/src/install/wheeltec_robot_kcf/share/wheeltec_robot_kcf/environment/path.sh
-- Symlinking: /home/wheeltec/wheeltec_robot/src/install/wheeltec_robot_kcf/share/wheeltec_robot_kcf/environment/path.dsv
-- Symlinking: /home/wheeltec/wheeltec_robot/src/install/wheeltec_robot_kcf/share/wheeltec_robot_kcf/local_setup.bash
-- Symlinking: /home/wheeltec/wheeltec_robot/src/install/wheeltec_robot_kcf/share/wheeltec_robot_kcf/local_setup.sh
-- Symlinking: /home/wheeltec/wheeltec_robot/src/install/wheeltec_robot_kcf/share/wheeltec_robot_kcf/local_setup.zsh
-- Symlinking: /home/wheeltec/wheeltec_robot/src/install/wheeltec_robot_kcf/share/wheeltec_robot_kcf/local_setup.dsv
-- Symlinking: /home/wheeltec/wheeltec_robot/src/install/wheeltec_robot_kcf/share/wheeltec_robot_kcf/package.dsv
-- Symlinking: /home/wheeltec/wheeltec_robot/src/install/wheeltec_robot_kcf/share/ament_index/resource_index/packages/wheeltec_robot_kcf
-- Symlinking: /home/wheeltec/wheeltec_robot/src/install/wheeltec_robot_kcf/share/wheeltec_robot_kcf/cmake/wheeltec_robot_kcfConfig.cmake
-- Symlinking: /home/wheeltec/wheeltec_robot/src/install/wheeltec_robot_kcf/share/wheeltec_robot_kcf/cmake/wheeltec_robot_kcfConfig-version.cmake
-- Symlinking: /home/wheeltec/wheeltec_robot/src/install/wheeltec_robot_kcf/share/wheeltec_robot_kcf/package.xml
