[35m[1mConsolidate compiler generated dependencies of target run_tracker_node[0m
[100%] Built target run_tracker_node
-- Install configuration: ""
-- Execute custom install script
-- Symlinking: /home/wheeltec/wheeltec_robot/install/wheeltec_robot_kcf/lib/wheeltec_robot_kcf/run_tracker_node
-- Symlinking: /home/wheeltec/wheeltec_robot/install/wheeltec_robot_kcf/share/wheeltec_robot_kcf/launch/wheeltec_robot_kcf.launch.py
-- Symlinking: /home/wheeltec/wheeltec_robot/install/wheeltec_robot_kcf/share/ament_index/resource_index/package_run_dependencies/wheeltec_robot_kcf
-- Symlinking: /home/wheeltec/wheeltec_robot/install/wheeltec_robot_kcf/share/ament_index/resource_index/parent_prefix_path/wheeltec_robot_kcf
-- Symlinking: /home/wheeltec/wheeltec_robot/install/wheeltec_robot_kcf/share/wheeltec_robot_kcf/environment/ament_prefix_path.sh
-- Symlinking: /home/wheeltec/wheeltec_robot/install/wheeltec_robot_kcf/share/wheeltec_robot_kcf/environment/ament_prefix_path.dsv
-- Symlinking: /home/wheeltec/wheeltec_robot/install/wheeltec_robot_kcf/share/wheeltec_robot_kcf/environment/path.sh
-- Symlinking: /home/wheeltec/wheeltec_robot/install/wheeltec_robot_kcf/share/wheeltec_robot_kcf/environment/path.dsv
-- Symlinking: /home/wheeltec/wheeltec_robot/install/wheeltec_robot_kcf/share/wheeltec_robot_kcf/local_setup.bash
-- Symlinking: /home/wheeltec/wheeltec_robot/install/wheeltec_robot_kcf/share/wheeltec_robot_kcf/local_setup.sh
-- Symlinking: /home/wheeltec/wheeltec_robot/install/wheeltec_robot_kcf/share/wheeltec_robot_kcf/local_setup.zsh
-- Symlinking: /home/wheeltec/wheeltec_robot/install/wheeltec_robot_kcf/share/wheeltec_robot_kcf/local_setup.dsv
-- Symlinking: /home/wheeltec/wheeltec_robot/install/wheeltec_robot_kcf/share/wheeltec_robot_kcf/package.dsv
-- Symlinking: /home/wheeltec/wheeltec_robot/install/wheeltec_robot_kcf/share/ament_index/resource_index/packages/wheeltec_robot_kcf
-- Symlinking: /home/wheeltec/wheeltec_robot/install/wheeltec_robot_kcf/share/wheeltec_robot_kcf/cmake/wheeltec_robot_kcfConfig.cmake
-- Symlinking: /home/wheeltec/wheeltec_robot/install/wheeltec_robot_kcf/share/wheeltec_robot_kcf/cmake/wheeltec_robot_kcfConfig-version.cmake
-- Symlinking: /home/wheeltec/wheeltec_robot/install/wheeltec_robot_kcf/share/wheeltec_robot_kcf/package.xml
