[0.062s] Invoking command in '/home/wheeltec/wheeltec_robot/build/nav2_voxel_grid': AMENT_PREFIX_PATH=/home/wheeltec/wheeltec_robot/install/nav2_common:${AMENT_PREFIX_PATH} CMAKE_PREFIX_PATH=/home/wheeltec/wheeltec_robot/install/nav2_common:/opt/ros/humble PYTHONPATH=/home/wheeltec/wheeltec_robot/install/nav2_common/local/lib/python3.10/dist-packages:${PYTHONPATH} /usr/bin/cmake /home/wheeltec/wheeltec_robot/src/navigation2-humble/nav2_voxel_grid -DAMENT_CMAKE_SYMLINK_INSTALL=1 -DCMAKE_INSTALL_PREFIX=/home/wheeltec/wheeltec_robot/install/nav2_voxel_grid
[0.378s] -- The C compiler identification is GNU 11.4.0
[0.639s] -- The CXX compiler identification is GNU 11.4.0
[0.675s] -- Detecting C compiler ABI info
[1.122s] -- Detecting C compiler ABI info - done
[1.135s] -- Check for working C compiler: /usr/bin/cc - skipped
[1.136s] -- Detecting C compile features
[1.143s] -- Detecting C compile features - done
[1.150s] -- Detecting CXX compiler ABI info
[1.752s] -- Detecting CXX compiler ABI info - done
[1.776s] -- Check for working CXX compiler: /usr/bin/c++ - skipped
[1.777s] -- Detecting CXX compile features
[1.778s] -- Detecting CXX compile features - done
[1.784s] -- Found ament_cmake: 1.3.12 (/opt/ros/humble/share/ament_cmake/cmake)
[4.525s] -- Found Python3: /usr/bin/python3 (found version "3.10.12") found components: Interpreter 
[4.990s] -- Override CMake install command with custom implementation using symlinks instead of copying resources
[5.090s] -- Found nav2_common: 1.1.6 (/home/wheeltec/wheeltec_robot/install/nav2_common/share/nav2_common/cmake)
[5.092s] -- Found rclcpp: 16.0.14 (/opt/ros/humble/share/rclcpp/cmake)
[5.290s] -- Found rosidl_generator_c: 3.1.7 (/opt/ros/humble/share/rosidl_generator_c/cmake)
[5.306s] -- Found rosidl_adapter: 3.1.7 (/opt/ros/humble/share/rosidl_adapter/cmake)
[5.366s] -- Found rosidl_generator_cpp: 3.1.7 (/opt/ros/humble/share/rosidl_generator_cpp/cmake)
[5.447s] -- Using all available rosidl_typesupport_c: rosidl_typesupport_fastrtps_c;rosidl_typesupport_introspection_c
[5.566s] -- Using all available rosidl_typesupport_cpp: rosidl_typesupport_fastrtps_cpp;rosidl_typesupport_introspection_cpp
[5.843s] -- Found rmw_implementation_cmake: 6.1.2 (/opt/ros/humble/share/rmw_implementation_cmake/cmake)
[5.867s] -- Found rmw_fastrtps_cpp: 6.2.8 (/opt/ros/humble/share/rmw_fastrtps_cpp/cmake)
[6.509s] -- Found OpenSSL: /usr/lib/aarch64-linux-gnu/libcrypto.so (found version "3.0.2")  
[6.651s] -- Found FastRTPS: /opt/ros/humble/include  
[6.847s] -- Using RMW implementation 'rmw_fastrtps_cpp' as default
[6.864s] -- Looking for pthread.h
[7.232s] -- Looking for pthread.h - found
[7.233s] -- Performing Test CMAKE_HAVE_LIBC_PTHREAD
[7.582s] -- Performing Test CMAKE_HAVE_LIBC_PTHREAD - Success
[7.584s] -- Found Threads: TRUE  
[7.851s] -- Setting build type to Release as none was specified.
[7.860s] -- Found ament_lint_auto: 0.12.14 (/opt/ros/humble/share/ament_lint_auto/cmake)
[8.221s] -- Found gtest sources under '/opt/ros/humble/src/gtest_vendor': C++ tests using 'Google Test' will be built
[8.293s] -- Added test 'cppcheck' to perform static code analysis on C / C++ code
[8.294s] -- Configured cppcheck include dirs: /home/wheeltec/wheeltec_robot/src/navigation2-humble/nav2_voxel_grid/include
[8.294s] -- Configured cppcheck exclude dirs and/or files: 
[8.295s] -- Added test 'cpplint' to check C / C++ code against the Google style
[8.296s] -- Configured cpplint exclude dirs and/or files: 
[8.297s] -- Added test 'lint_cmake' to check CMake code style
[8.300s] -- Added test 'uncrustify' to check C / C++ code style
[8.300s] -- Configured uncrustify additional arguments: 
[8.300s] -- Added test 'xmllint' to check XML markup files
[8.306s] -- Configuring done
[8.431s] -- Generating done
[8.463s] -- Build files have been written to: /home/wheeltec/wheeltec_robot/build/nav2_voxel_grid
[8.527s] Invoked command in '/home/wheeltec/wheeltec_robot/build/nav2_voxel_grid' returned '0': AMENT_PREFIX_PATH=/home/wheeltec/wheeltec_robot/install/nav2_common:${AMENT_PREFIX_PATH} CMAKE_PREFIX_PATH=/home/wheeltec/wheeltec_robot/install/nav2_common:/opt/ros/humble PYTHONPATH=/home/wheeltec/wheeltec_robot/install/nav2_common/local/lib/python3.10/dist-packages:${PYTHONPATH} /usr/bin/cmake /home/wheeltec/wheeltec_robot/src/navigation2-humble/nav2_voxel_grid -DAMENT_CMAKE_SYMLINK_INSTALL=1 -DCMAKE_INSTALL_PREFIX=/home/wheeltec/wheeltec_robot/install/nav2_voxel_grid
[8.529s] Invoking command in '/home/wheeltec/wheeltec_robot/build/nav2_voxel_grid': AMENT_PREFIX_PATH=/home/wheeltec/wheeltec_robot/install/nav2_common:${AMENT_PREFIX_PATH} CMAKE_PREFIX_PATH=/home/wheeltec/wheeltec_robot/install/nav2_common:/opt/ros/humble PYTHONPATH=/home/wheeltec/wheeltec_robot/install/nav2_common/local/lib/python3.10/dist-packages:${PYTHONPATH} /usr/bin/cmake --build /home/wheeltec/wheeltec_robot/build/nav2_voxel_grid -- -j8 -l8
[11.707s] [ 10%] [32mBuilding CXX object CMakeFiles/voxel_grid.dir/src/voxel_grid.cpp.o[0m
[16.136s] [ 20%] [32m[1mLinking CXX shared library libvoxel_grid.so[0m
[16.372s] [ 20%] Built target voxel_grid
[16.437s] [ 30%] [32mBuilding CXX object gtest/CMakeFiles/gtest.dir/src/gtest-all.cc.o[0m
[31.859s] [ 40%] [32m[1mLinking CXX static library libgtest.a[0m
[31.982s] [ 40%] Built target gtest
[32.046s] [ 50%] [32mBuilding CXX object gtest/CMakeFiles/gtest_main.dir/src/gtest_main.cc.o[0m
[33.904s] [ 60%] [32m[1mLinking CXX static library libgtest_main.a[0m
[34.019s] [ 60%] Built target gtest_main
[34.118s] [ 70%] [32mBuilding CXX object test/CMakeFiles/voxel_grid_tests.dir/voxel_grid_tests.cpp.o[0m
[42.453s] [ 80%] [32m[1mLinking CXX executable voxel_grid_tests[0m
[42.657s] [ 80%] Built target voxel_grid_tests
[42.694s] [ 90%] [32mBuilding CXX object test/CMakeFiles/voxel_grid_bresenham_3d.dir/voxel_grid_bresenham_3d.cpp.o[0m
[50.024s] [100%] [32m[1mLinking CXX executable voxel_grid_bresenham_3d[0m
[50.265s] [100%] Built target voxel_grid_bresenham_3d
[50.326s] Invoked command in '/home/wheeltec/wheeltec_robot/build/nav2_voxel_grid' returned '0': AMENT_PREFIX_PATH=/home/wheeltec/wheeltec_robot/install/nav2_common:${AMENT_PREFIX_PATH} CMAKE_PREFIX_PATH=/home/wheeltec/wheeltec_robot/install/nav2_common:/opt/ros/humble PYTHONPATH=/home/wheeltec/wheeltec_robot/install/nav2_common/local/lib/python3.10/dist-packages:${PYTHONPATH} /usr/bin/cmake --build /home/wheeltec/wheeltec_robot/build/nav2_voxel_grid -- -j8 -l8
[50.327s] Invoking command in '/home/wheeltec/wheeltec_robot/build/nav2_voxel_grid': AMENT_PREFIX_PATH=/home/wheeltec/wheeltec_robot/install/nav2_common:${AMENT_PREFIX_PATH} CMAKE_PREFIX_PATH=/home/wheeltec/wheeltec_robot/install/nav2_common:/opt/ros/humble PYTHONPATH=/home/wheeltec/wheeltec_robot/install/nav2_common/local/lib/python3.10/dist-packages:${PYTHONPATH} /usr/bin/cmake --install /home/wheeltec/wheeltec_robot/build/nav2_voxel_grid
[51.390s] -- Install configuration: "Release"
[51.390s] -- Execute custom install script
[51.390s] -- Symlinking: /home/wheeltec/wheeltec_robot/install/nav2_voxel_grid/lib/libvoxel_grid.so
[51.390s] -- Symlinking: /home/wheeltec/wheeltec_robot/install/nav2_voxel_grid/include/nav2_voxel_grid/voxel_grid.hpp
[51.390s] -- Symlinking: /home/wheeltec/wheeltec_robot/install/nav2_voxel_grid/share/nav2_voxel_grid/environment/library_path.sh
[51.390s] -- Symlinking: /home/wheeltec/wheeltec_robot/install/nav2_voxel_grid/share/nav2_voxel_grid/environment/library_path.dsv
[51.390s] -- Symlinking: /home/wheeltec/wheeltec_robot/install/nav2_voxel_grid/share/ament_index/resource_index/package_run_dependencies/nav2_voxel_grid
[51.390s] -- Symlinking: /home/wheeltec/wheeltec_robot/install/nav2_voxel_grid/share/ament_index/resource_index/parent_prefix_path/nav2_voxel_grid
[51.390s] -- Symlinking: /home/wheeltec/wheeltec_robot/install/nav2_voxel_grid/share/nav2_voxel_grid/environment/ament_prefix_path.sh
[51.391s] -- Symlinking: /home/wheeltec/wheeltec_robot/install/nav2_voxel_grid/share/nav2_voxel_grid/environment/ament_prefix_path.dsv
[51.391s] -- Symlinking: /home/wheeltec/wheeltec_robot/install/nav2_voxel_grid/share/nav2_voxel_grid/environment/path.sh
[51.391s] -- Symlinking: /home/wheeltec/wheeltec_robot/install/nav2_voxel_grid/share/nav2_voxel_grid/environment/path.dsv
[51.391s] -- Symlinking: /home/wheeltec/wheeltec_robot/install/nav2_voxel_grid/share/nav2_voxel_grid/local_setup.bash
[51.391s] -- Symlinking: /home/wheeltec/wheeltec_robot/install/nav2_voxel_grid/share/nav2_voxel_grid/local_setup.sh
[51.391s] -- Symlinking: /home/wheeltec/wheeltec_robot/install/nav2_voxel_grid/share/nav2_voxel_grid/local_setup.zsh
[51.391s] -- Symlinking: /home/wheeltec/wheeltec_robot/install/nav2_voxel_grid/share/nav2_voxel_grid/local_setup.dsv
[51.391s] -- Symlinking: /home/wheeltec/wheeltec_robot/install/nav2_voxel_grid/share/nav2_voxel_grid/package.dsv
[51.391s] -- Symlinking: /home/wheeltec/wheeltec_robot/install/nav2_voxel_grid/share/ament_index/resource_index/packages/nav2_voxel_grid
[51.391s] -- Symlinking: /home/wheeltec/wheeltec_robot/install/nav2_voxel_grid/share/nav2_voxel_grid/cmake/ament_cmake_export_dependencies-extras.cmake
[51.391s] -- Symlinking: /home/wheeltec/wheeltec_robot/install/nav2_voxel_grid/share/nav2_voxel_grid/cmake/ament_cmake_export_include_directories-extras.cmake
[51.392s] -- Symlinking: /home/wheeltec/wheeltec_robot/install/nav2_voxel_grid/share/nav2_voxel_grid/cmake/ament_cmake_export_libraries-extras.cmake
[51.392s] -- Symlinking: /home/wheeltec/wheeltec_robot/install/nav2_voxel_grid/share/nav2_voxel_grid/cmake/nav2_voxel_gridConfig.cmake
[51.392s] -- Symlinking: /home/wheeltec/wheeltec_robot/install/nav2_voxel_grid/share/nav2_voxel_grid/cmake/nav2_voxel_gridConfig-version.cmake
[51.392s] -- Symlinking: /home/wheeltec/wheeltec_robot/install/nav2_voxel_grid/share/nav2_voxel_grid/package.xml
[51.409s] Invoked command in '/home/wheeltec/wheeltec_robot/build/nav2_voxel_grid' returned '0': AMENT_PREFIX_PATH=/home/wheeltec/wheeltec_robot/install/nav2_common:${AMENT_PREFIX_PATH} CMAKE_PREFIX_PATH=/home/wheeltec/wheeltec_robot/install/nav2_common:/opt/ros/humble PYTHONPATH=/home/wheeltec/wheeltec_robot/install/nav2_common/local/lib/python3.10/dist-packages:${PYTHONPATH} /usr/bin/cmake --install /home/wheeltec/wheeltec_robot/build/nav2_voxel_grid
