-- Found ament_cmake: 1.3.12 (/opt/ros/humble/share/ament_cmake/cmake)
-- Override CMake install command with custom implementation using symlinks instead of copying resources
-- Found rclcpp: 16.0.14 (/opt/ros/humble/share/rclcpp/cmake)
-- Found rosidl_generator_c: 3.1.7 (/opt/ros/humble/share/rosidl_generator_c/cmake)
-- Found rosidl_adapter: 3.1.7 (/opt/ros/humble/share/rosidl_adapter/cmake)
-- Found rosidl_generator_cpp: 3.1.7 (/opt/ros/humble/share/rosidl_generator_cpp/cmake)
-- Using all available rosidl_typesupport_c: rosidl_typesupport_fastrtps_c;rosidl_typesupport_introspection_c
-- Using all available rosidl_typesupport_cpp: rosidl_typesupport_fastrtps_cpp;rosidl_typesupport_introspection_cpp
-- Found rmw_implementation_cmake: 6.1.2 (/opt/ros/humble/share/rmw_implementation_cmake/cmake)
-- Found rmw_fastrtps_cpp: 6.2.8 (/opt/ros/humble/share/rmw_fastrtps_cpp/cmake)
-- Using RMW implementation 'rmw_fastrtps_cpp' as default
-- Found rosidl_default_generators: 1.2.0 (/opt/ros/humble/share/rosidl_default_generators/cmake)
-- Found ament_cmake_ros: 0.10.0 (/opt/ros/humble/share/ament_cmake_ros/cmake)
-- Using all available rosidl_typesupport_c: rosidl_typesupport_fastrtps_c;rosidl_typesupport_introspection_c
-- Using all available rosidl_typesupport_cpp: rosidl_typesupport_fastrtps_cpp;rosidl_typesupport_introspection_cpp
-- Found python_cmake_module: 0.10.0 (/opt/ros/humble/share/python_cmake_module/cmake)
-- Using PYTHON_EXECUTABLE: /usr/bin/python3
-- Using PYTHON_INCLUDE_DIRS: /usr/include/python3.10
-- Using PYTHON_LIBRARIES: /usr/lib/aarch64-linux-gnu/libpython3.10.so
-- Configuring done
-- Generating done
-- Build files have been written to: /home/wheeltec/wheeltec_robot/build/wheeltec_mic_msg
[35m[1mConsolidate compiler generated dependencies of target wheeltec_mic_msg__rosidl_generator_c[0m
[  1%] Built target wheeltec_mic_msg__cpp
[ 12%] Built target wheeltec_mic_msg__rosidl_generator_c
[35m[1mConsolidate compiler generated dependencies of target wheeltec_mic_msg__rosidl_typesupport_cpp[0m
[35m[1mConsolidate compiler generated dependencies of target wheeltec_mic_msg__rosidl_typesupport_introspection_cpp[0m
[35m[1mConsolidate compiler generated dependencies of target wheeltec_mic_msg__rosidl_typesupport_fastrtps_cpp[0m
[35m[1mConsolidate compiler generated dependencies of target wheeltec_mic_msg__rosidl_typesupport_fastrtps_c[0m
[ 12%] Built target ament_cmake_python_symlink_wheeltec_mic_msg
[35m[1mConsolidate compiler generated dependencies of target wheeltec_mic_msg__rosidl_typesupport_c[0m
[35m[1mConsolidate compiler generated dependencies of target wheeltec_mic_msg__rosidl_typesupport_introspection_c[0m
[ 24%] Built target wheeltec_mic_msg__rosidl_typesupport_cpp
[ 35%] Built target wheeltec_mic_msg__rosidl_typesupport_introspection_cpp
[ 58%] Built target wheeltec_mic_msg__rosidl_typesupport_fastrtps_cpp
[ 58%] Built target wheeltec_mic_msg__rosidl_typesupport_c
[ 69%] Built target wheeltec_mic_msg__rosidl_typesupport_fastrtps_c
[ 81%] Built target wheeltec_mic_msg__rosidl_typesupport_introspection_c
[ 81%] Built target wheeltec_mic_msg
[ 82%] Built target wheeltec_mic_msg__py
[35m[1mConsolidate compiler generated dependencies of target wheeltec_mic_msg__rosidl_generator_py[0m
[ 92%] Built target wheeltec_mic_msg__rosidl_generator_py
[35m[1mConsolidate compiler generated dependencies of target wheeltec_mic_msg__rosidl_typesupport_fastrtps_c__pyext[0m
[35m[1mConsolidate compiler generated dependencies of target wheeltec_mic_msg__rosidl_typesupport_introspection_c__pyext[0m
[35m[1mConsolidate compiler generated dependencies of target wheeltec_mic_msg__rosidl_typesupport_c__pyext[0m
[ 94%] Built target wheeltec_mic_msg__rosidl_typesupport_fastrtps_c__pyext
[ 97%] Built target wheeltec_mic_msg__rosidl_typesupport_c__pyext
[100%] Built target wheeltec_mic_msg__rosidl_typesupport_introspection_c__pyext
running egg_info
writing wheeltec_mic_msg.egg-info/PKG-INFO
writing dependency_links to wheeltec_mic_msg.egg-info/dependency_links.txt
writing top-level names to wheeltec_mic_msg.egg-info/top_level.txt
reading manifest file 'wheeltec_mic_msg.egg-info/SOURCES.txt'
writing manifest file 'wheeltec_mic_msg.egg-info/SOURCES.txt'
[100%] Built target ament_cmake_python_build_wheeltec_mic_msg_egg
-- Install configuration: ""
-- Execute custom install script
-- Up-to-date symlink: /home/wheeltec/wheeltec_robot/install/wheeltec_mic_msg/share/ament_index/resource_index/rosidl_interfaces/wheeltec_mic_msg
-- Up-to-date symlink: /home/wheeltec/wheeltec_robot/install/wheeltec_mic_msg/include/wheeltec_mic_msg/wheeltec_mic_msg/msg/detail/motion_control__functions.h
-- Up-to-date symlink: /home/wheeltec/wheeltec_robot/install/wheeltec_mic_msg/include/wheeltec_mic_msg/wheeltec_mic_msg/msg/detail/motion_control__struct.h
-- Up-to-date symlink: /home/wheeltec/wheeltec_robot/install/wheeltec_mic_msg/include/wheeltec_mic_msg/wheeltec_mic_msg/msg/detail/motion_control__type_support.h
-- Up-to-date symlink: /home/wheeltec/wheeltec_robot/install/wheeltec_mic_msg/include/wheeltec_mic_msg/wheeltec_mic_msg/msg/detail/pcm_msg__functions.h
-- Up-to-date symlink: /home/wheeltec/wheeltec_robot/install/wheeltec_mic_msg/include/wheeltec_mic_msg/wheeltec_mic_msg/msg/detail/pcm_msg__struct.h
-- Up-to-date symlink: /home/wheeltec/wheeltec_robot/install/wheeltec_mic_msg/include/wheeltec_mic_msg/wheeltec_mic_msg/msg/detail/pcm_msg__type_support.h
-- Up-to-date symlink: /home/wheeltec/wheeltec_robot/install/wheeltec_mic_msg/include/wheeltec_mic_msg/wheeltec_mic_msg/msg/motion_control.h
-- Up-to-date symlink: /home/wheeltec/wheeltec_robot/install/wheeltec_mic_msg/include/wheeltec_mic_msg/wheeltec_mic_msg/msg/pcm_msg.h
-- Up-to-date symlink: /home/wheeltec/wheeltec_robot/install/wheeltec_mic_msg/include/wheeltec_mic_msg/wheeltec_mic_msg/msg/rosidl_generator_c__visibility_control.h
-- Up-to-date symlink: /home/wheeltec/wheeltec_robot/install/wheeltec_mic_msg/include/wheeltec_mic_msg/wheeltec_mic_msg/srv/detail/get_device_type__functions.h
-- Up-to-date symlink: /home/wheeltec/wheeltec_robot/install/wheeltec_mic_msg/include/wheeltec_mic_msg/wheeltec_mic_msg/srv/detail/get_device_type__struct.h
-- Up-to-date symlink: /home/wheeltec/wheeltec_robot/install/wheeltec_mic_msg/include/wheeltec_mic_msg/wheeltec_mic_msg/srv/detail/get_device_type__type_support.h
-- Up-to-date symlink: /home/wheeltec/wheeltec_robot/install/wheeltec_mic_msg/include/wheeltec_mic_msg/wheeltec_mic_msg/srv/detail/get_offline_result__functions.h
-- Up-to-date symlink: /home/wheeltec/wheeltec_robot/install/wheeltec_mic_msg/include/wheeltec_mic_msg/wheeltec_mic_msg/srv/detail/get_offline_result__struct.h
-- Up-to-date symlink: /home/wheeltec/wheeltec_robot/install/wheeltec_mic_msg/include/wheeltec_mic_msg/wheeltec_mic_msg/srv/detail/get_offline_result__type_support.h
-- Up-to-date symlink: /home/wheeltec/wheeltec_robot/install/wheeltec_mic_msg/include/wheeltec_mic_msg/wheeltec_mic_msg/srv/detail/set_awake_word__functions.h
-- Up-to-date symlink: /home/wheeltec/wheeltec_robot/install/wheeltec_mic_msg/include/wheeltec_mic_msg/wheeltec_mic_msg/srv/detail/set_awake_word__struct.h
-- Up-to-date symlink: /home/wheeltec/wheeltec_robot/install/wheeltec_mic_msg/include/wheeltec_mic_msg/wheeltec_mic_msg/srv/detail/set_awake_word__type_support.h
-- Up-to-date symlink: /home/wheeltec/wheeltec_robot/install/wheeltec_mic_msg/include/wheeltec_mic_msg/wheeltec_mic_msg/srv/detail/set_major_mic__functions.h
-- Up-to-date symlink: /home/wheeltec/wheeltec_robot/install/wheeltec_mic_msg/include/wheeltec_mic_msg/wheeltec_mic_msg/srv/detail/set_major_mic__struct.h
-- Up-to-date symlink: /home/wheeltec/wheeltec_robot/install/wheeltec_mic_msg/include/wheeltec_mic_msg/wheeltec_mic_msg/srv/detail/set_major_mic__type_support.h
-- Up-to-date symlink: /home/wheeltec/wheeltec_robot/install/wheeltec_mic_msg/include/wheeltec_mic_msg/wheeltec_mic_msg/srv/detail/switch_mic__functions.h
-- Up-to-date symlink: /home/wheeltec/wheeltec_robot/install/wheeltec_mic_msg/include/wheeltec_mic_msg/wheeltec_mic_msg/srv/detail/switch_mic__struct.h
-- Up-to-date symlink: /home/wheeltec/wheeltec_robot/install/wheeltec_mic_msg/include/wheeltec_mic_msg/wheeltec_mic_msg/srv/detail/switch_mic__type_support.h
-- Up-to-date symlink: /home/wheeltec/wheeltec_robot/install/wheeltec_mic_msg/include/wheeltec_mic_msg/wheeltec_mic_msg/srv/get_device_type.h
-- Up-to-date symlink: /home/wheeltec/wheeltec_robot/install/wheeltec_mic_msg/include/wheeltec_mic_msg/wheeltec_mic_msg/srv/get_offline_result.h
-- Up-to-date symlink: /home/wheeltec/wheeltec_robot/install/wheeltec_mic_msg/include/wheeltec_mic_msg/wheeltec_mic_msg/srv/set_awake_word.h
-- Up-to-date symlink: /home/wheeltec/wheeltec_robot/install/wheeltec_mic_msg/include/wheeltec_mic_msg/wheeltec_mic_msg/srv/set_major_mic.h
-- Up-to-date symlink: /home/wheeltec/wheeltec_robot/install/wheeltec_mic_msg/include/wheeltec_mic_msg/wheeltec_mic_msg/srv/switch_mic.h
-- Up-to-date symlink: /home/wheeltec/wheeltec_robot/install/wheeltec_mic_msg/share/wheeltec_mic_msg/environment/library_path.sh
-- Up-to-date symlink: /home/wheeltec/wheeltec_robot/install/wheeltec_mic_msg/share/wheeltec_mic_msg/environment/library_path.dsv
-- Up-to-date symlink: /home/wheeltec/wheeltec_robot/install/wheeltec_mic_msg/include/wheeltec_mic_msg/wheeltec_mic_msg/msg/detail/motion_control__rosidl_typesupport_fastrtps_c.h
-- Up-to-date symlink: /home/wheeltec/wheeltec_robot/install/wheeltec_mic_msg/include/wheeltec_mic_msg/wheeltec_mic_msg/msg/detail/pcm_msg__rosidl_typesupport_fastrtps_c.h
-- Up-to-date symlink: /home/wheeltec/wheeltec_robot/install/wheeltec_mic_msg/include/wheeltec_mic_msg/wheeltec_mic_msg/msg/rosidl_typesupport_fastrtps_c__visibility_control.h
-- Up-to-date symlink: /home/wheeltec/wheeltec_robot/install/wheeltec_mic_msg/include/wheeltec_mic_msg/wheeltec_mic_msg/srv/detail/get_device_type__rosidl_typesupport_fastrtps_c.h
-- Up-to-date symlink: /home/wheeltec/wheeltec_robot/install/wheeltec_mic_msg/include/wheeltec_mic_msg/wheeltec_mic_msg/srv/detail/get_offline_result__rosidl_typesupport_fastrtps_c.h
-- Up-to-date symlink: /home/wheeltec/wheeltec_robot/install/wheeltec_mic_msg/include/wheeltec_mic_msg/wheeltec_mic_msg/srv/detail/set_awake_word__rosidl_typesupport_fastrtps_c.h
-- Up-to-date symlink: /home/wheeltec/wheeltec_robot/install/wheeltec_mic_msg/include/wheeltec_mic_msg/wheeltec_mic_msg/srv/detail/set_major_mic__rosidl_typesupport_fastrtps_c.h
-- Up-to-date symlink: /home/wheeltec/wheeltec_robot/install/wheeltec_mic_msg/include/wheeltec_mic_msg/wheeltec_mic_msg/srv/detail/switch_mic__rosidl_typesupport_fastrtps_c.h
-- Up-to-date symlink: /home/wheeltec/wheeltec_robot/install/wheeltec_mic_msg/include/wheeltec_mic_msg/wheeltec_mic_msg/msg/detail/motion_control__builder.hpp
-- Up-to-date symlink: /home/wheeltec/wheeltec_robot/install/wheeltec_mic_msg/include/wheeltec_mic_msg/wheeltec_mic_msg/msg/detail/motion_control__struct.hpp
-- Up-to-date symlink: /home/wheeltec/wheeltec_robot/install/wheeltec_mic_msg/include/wheeltec_mic_msg/wheeltec_mic_msg/msg/detail/motion_control__traits.hpp
-- Up-to-date symlink: /home/wheeltec/wheeltec_robot/install/wheeltec_mic_msg/include/wheeltec_mic_msg/wheeltec_mic_msg/msg/detail/motion_control__type_support.hpp
-- Up-to-date symlink: /home/wheeltec/wheeltec_robot/install/wheeltec_mic_msg/include/wheeltec_mic_msg/wheeltec_mic_msg/msg/detail/pcm_msg__builder.hpp
-- Up-to-date symlink: /home/wheeltec/wheeltec_robot/install/wheeltec_mic_msg/include/wheeltec_mic_msg/wheeltec_mic_msg/msg/detail/pcm_msg__struct.hpp
-- Up-to-date symlink: /home/wheeltec/wheeltec_robot/install/wheeltec_mic_msg/include/wheeltec_mic_msg/wheeltec_mic_msg/msg/detail/pcm_msg__traits.hpp
-- Up-to-date symlink: /home/wheeltec/wheeltec_robot/install/wheeltec_mic_msg/include/wheeltec_mic_msg/wheeltec_mic_msg/msg/detail/pcm_msg__type_support.hpp
-- Up-to-date symlink: /home/wheeltec/wheeltec_robot/install/wheeltec_mic_msg/include/wheeltec_mic_msg/wheeltec_mic_msg/msg/motion_control.hpp
-- Up-to-date symlink: /home/wheeltec/wheeltec_robot/install/wheeltec_mic_msg/include/wheeltec_mic_msg/wheeltec_mic_msg/msg/pcm_msg.hpp
-- Up-to-date symlink: /home/wheeltec/wheeltec_robot/install/wheeltec_mic_msg/include/wheeltec_mic_msg/wheeltec_mic_msg/msg/rosidl_generator_cpp__visibility_control.hpp
-- Up-to-date symlink: /home/wheeltec/wheeltec_robot/install/wheeltec_mic_msg/include/wheeltec_mic_msg/wheeltec_mic_msg/srv/detail/get_device_type__builder.hpp
-- Up-to-date symlink: /home/wheeltec/wheeltec_robot/install/wheeltec_mic_msg/include/wheeltec_mic_msg/wheeltec_mic_msg/srv/detail/get_device_type__struct.hpp
-- Up-to-date symlink: /home/wheeltec/wheeltec_robot/install/wheeltec_mic_msg/include/wheeltec_mic_msg/wheeltec_mic_msg/srv/detail/get_device_type__traits.hpp
-- Up-to-date symlink: /home/wheeltec/wheeltec_robot/install/wheeltec_mic_msg/include/wheeltec_mic_msg/wheeltec_mic_msg/srv/detail/get_device_type__type_support.hpp
-- Up-to-date symlink: /home/wheeltec/wheeltec_robot/install/wheeltec_mic_msg/include/wheeltec_mic_msg/wheeltec_mic_msg/srv/detail/get_offline_result__builder.hpp
-- Up-to-date symlink: /home/wheeltec/wheeltec_robot/install/wheeltec_mic_msg/include/wheeltec_mic_msg/wheeltec_mic_msg/srv/detail/get_offline_result__struct.hpp
-- Up-to-date symlink: /home/wheeltec/wheeltec_robot/install/wheeltec_mic_msg/include/wheeltec_mic_msg/wheeltec_mic_msg/srv/detail/get_offline_result__traits.hpp
-- Up-to-date symlink: /home/wheeltec/wheeltec_robot/install/wheeltec_mic_msg/include/wheeltec_mic_msg/wheeltec_mic_msg/srv/detail/get_offline_result__type_support.hpp
-- Up-to-date symlink: /home/wheeltec/wheeltec_robot/install/wheeltec_mic_msg/include/wheeltec_mic_msg/wheeltec_mic_msg/srv/detail/set_awake_word__builder.hpp
-- Up-to-date symlink: /home/wheeltec/wheeltec_robot/install/wheeltec_mic_msg/include/wheeltec_mic_msg/wheeltec_mic_msg/srv/detail/set_awake_word__struct.hpp
-- Up-to-date symlink: /home/wheeltec/wheeltec_robot/install/wheeltec_mic_msg/include/wheeltec_mic_msg/wheeltec_mic_msg/srv/detail/set_awake_word__traits.hpp
-- Up-to-date symlink: /home/wheeltec/wheeltec_robot/install/wheeltec_mic_msg/include/wheeltec_mic_msg/wheeltec_mic_msg/srv/detail/set_awake_word__type_support.hpp
-- Up-to-date symlink: /home/wheeltec/wheeltec_robot/install/wheeltec_mic_msg/include/wheeltec_mic_msg/wheeltec_mic_msg/srv/detail/set_major_mic__builder.hpp
-- Up-to-date symlink: /home/wheeltec/wheeltec_robot/install/wheeltec_mic_msg/include/wheeltec_mic_msg/wheeltec_mic_msg/srv/detail/set_major_mic__struct.hpp
-- Up-to-date symlink: /home/wheeltec/wheeltec_robot/install/wheeltec_mic_msg/include/wheeltec_mic_msg/wheeltec_mic_msg/srv/detail/set_major_mic__traits.hpp
-- Up-to-date symlink: /home/wheeltec/wheeltec_robot/install/wheeltec_mic_msg/include/wheeltec_mic_msg/wheeltec_mic_msg/srv/detail/set_major_mic__type_support.hpp
-- Up-to-date symlink: /home/wheeltec/wheeltec_robot/install/wheeltec_mic_msg/include/wheeltec_mic_msg/wheeltec_mic_msg/srv/detail/switch_mic__builder.hpp
-- Up-to-date symlink: /home/wheeltec/wheeltec_robot/install/wheeltec_mic_msg/include/wheeltec_mic_msg/wheeltec_mic_msg/srv/detail/switch_mic__struct.hpp
-- Up-to-date symlink: /home/wheeltec/wheeltec_robot/install/wheeltec_mic_msg/include/wheeltec_mic_msg/wheeltec_mic_msg/srv/detail/switch_mic__traits.hpp
-- Up-to-date symlink: /home/wheeltec/wheeltec_robot/install/wheeltec_mic_msg/include/wheeltec_mic_msg/wheeltec_mic_msg/srv/detail/switch_mic__type_support.hpp
-- Up-to-date symlink: /home/wheeltec/wheeltec_robot/install/wheeltec_mic_msg/include/wheeltec_mic_msg/wheeltec_mic_msg/srv/get_device_type.hpp
-- Up-to-date symlink: /home/wheeltec/wheeltec_robot/install/wheeltec_mic_msg/include/wheeltec_mic_msg/wheeltec_mic_msg/srv/get_offline_result.hpp
-- Up-to-date symlink: /home/wheeltec/wheeltec_robot/install/wheeltec_mic_msg/include/wheeltec_mic_msg/wheeltec_mic_msg/srv/set_awake_word.hpp
-- Up-to-date symlink: /home/wheeltec/wheeltec_robot/install/wheeltec_mic_msg/include/wheeltec_mic_msg/wheeltec_mic_msg/srv/set_major_mic.hpp
-- Up-to-date symlink: /home/wheeltec/wheeltec_robot/install/wheeltec_mic_msg/include/wheeltec_mic_msg/wheeltec_mic_msg/srv/switch_mic.hpp
-- Up-to-date symlink: /home/wheeltec/wheeltec_robot/install/wheeltec_mic_msg/include/wheeltec_mic_msg/wheeltec_mic_msg/msg/detail/motion_control__rosidl_typesupport_fastrtps_cpp.hpp
-- Up-to-date symlink: /home/wheeltec/wheeltec_robot/install/wheeltec_mic_msg/include/wheeltec_mic_msg/wheeltec_mic_msg/msg/detail/pcm_msg__rosidl_typesupport_fastrtps_cpp.hpp
-- Up-to-date symlink: /home/wheeltec/wheeltec_robot/install/wheeltec_mic_msg/include/wheeltec_mic_msg/wheeltec_mic_msg/msg/rosidl_typesupport_fastrtps_cpp__visibility_control.h
-- Up-to-date symlink: /home/wheeltec/wheeltec_robot/install/wheeltec_mic_msg/include/wheeltec_mic_msg/wheeltec_mic_msg/srv/detail/get_device_type__rosidl_typesupport_fastrtps_cpp.hpp
-- Up-to-date symlink: /home/wheeltec/wheeltec_robot/install/wheeltec_mic_msg/include/wheeltec_mic_msg/wheeltec_mic_msg/srv/detail/get_offline_result__rosidl_typesupport_fastrtps_cpp.hpp
-- Up-to-date symlink: /home/wheeltec/wheeltec_robot/install/wheeltec_mic_msg/include/wheeltec_mic_msg/wheeltec_mic_msg/srv/detail/set_awake_word__rosidl_typesupport_fastrtps_cpp.hpp
-- Up-to-date symlink: /home/wheeltec/wheeltec_robot/install/wheeltec_mic_msg/include/wheeltec_mic_msg/wheeltec_mic_msg/srv/detail/set_major_mic__rosidl_typesupport_fastrtps_cpp.hpp
-- Up-to-date symlink: /home/wheeltec/wheeltec_robot/install/wheeltec_mic_msg/include/wheeltec_mic_msg/wheeltec_mic_msg/srv/detail/switch_mic__rosidl_typesupport_fastrtps_cpp.hpp
-- Up-to-date symlink: /home/wheeltec/wheeltec_robot/install/wheeltec_mic_msg/include/wheeltec_mic_msg/wheeltec_mic_msg/msg/detail/motion_control__rosidl_typesupport_introspection_c.h
-- Up-to-date symlink: /home/wheeltec/wheeltec_robot/install/wheeltec_mic_msg/include/wheeltec_mic_msg/wheeltec_mic_msg/msg/detail/pcm_msg__rosidl_typesupport_introspection_c.h
-- Up-to-date symlink: /home/wheeltec/wheeltec_robot/install/wheeltec_mic_msg/include/wheeltec_mic_msg/wheeltec_mic_msg/msg/rosidl_typesupport_introspection_c__visibility_control.h
-- Up-to-date symlink: /home/wheeltec/wheeltec_robot/install/wheeltec_mic_msg/include/wheeltec_mic_msg/wheeltec_mic_msg/srv/detail/get_device_type__rosidl_typesupport_introspection_c.h
-- Up-to-date symlink: /home/wheeltec/wheeltec_robot/install/wheeltec_mic_msg/include/wheeltec_mic_msg/wheeltec_mic_msg/srv/detail/get_offline_result__rosidl_typesupport_introspection_c.h
-- Up-to-date symlink: /home/wheeltec/wheeltec_robot/install/wheeltec_mic_msg/include/wheeltec_mic_msg/wheeltec_mic_msg/srv/detail/set_awake_word__rosidl_typesupport_introspection_c.h
-- Up-to-date symlink: /home/wheeltec/wheeltec_robot/install/wheeltec_mic_msg/include/wheeltec_mic_msg/wheeltec_mic_msg/srv/detail/set_major_mic__rosidl_typesupport_introspection_c.h
-- Up-to-date symlink: /home/wheeltec/wheeltec_robot/install/wheeltec_mic_msg/include/wheeltec_mic_msg/wheeltec_mic_msg/srv/detail/switch_mic__rosidl_typesupport_introspection_c.h
-- Up-to-date symlink: /home/wheeltec/wheeltec_robot/install/wheeltec_mic_msg/include/wheeltec_mic_msg/wheeltec_mic_msg/msg/detail/motion_control__rosidl_typesupport_introspection_cpp.hpp
-- Up-to-date symlink: /home/wheeltec/wheeltec_robot/install/wheeltec_mic_msg/include/wheeltec_mic_msg/wheeltec_mic_msg/msg/detail/pcm_msg__rosidl_typesupport_introspection_cpp.hpp
-- Up-to-date symlink: /home/wheeltec/wheeltec_robot/install/wheeltec_mic_msg/include/wheeltec_mic_msg/wheeltec_mic_msg/srv/detail/get_device_type__rosidl_typesupport_introspection_cpp.hpp
-- Up-to-date symlink: /home/wheeltec/wheeltec_robot/install/wheeltec_mic_msg/include/wheeltec_mic_msg/wheeltec_mic_msg/srv/detail/get_offline_result__rosidl_typesupport_introspection_cpp.hpp
-- Up-to-date symlink: /home/wheeltec/wheeltec_robot/install/wheeltec_mic_msg/include/wheeltec_mic_msg/wheeltec_mic_msg/srv/detail/set_awake_word__rosidl_typesupport_introspection_cpp.hpp
-- Up-to-date symlink: /home/wheeltec/wheeltec_robot/install/wheeltec_mic_msg/include/wheeltec_mic_msg/wheeltec_mic_msg/srv/detail/set_major_mic__rosidl_typesupport_introspection_cpp.hpp
-- Up-to-date symlink: /home/wheeltec/wheeltec_robot/install/wheeltec_mic_msg/include/wheeltec_mic_msg/wheeltec_mic_msg/srv/detail/switch_mic__rosidl_typesupport_introspection_cpp.hpp
-- Up-to-date symlink: /home/wheeltec/wheeltec_robot/install/wheeltec_mic_msg/share/wheeltec_mic_msg/environment/pythonpath.sh
-- Up-to-date symlink: /home/wheeltec/wheeltec_robot/install/wheeltec_mic_msg/share/wheeltec_mic_msg/environment/pythonpath.dsv
-- Up-to-date symlink: /home/wheeltec/wheeltec_robot/install/wheeltec_mic_msg/local/lib/python3.10/dist-packages/wheeltec_mic_msg-0.0.0-py3.10.egg-info/PKG-INFO
-- Up-to-date symlink: /home/wheeltec/wheeltec_robot/install/wheeltec_mic_msg/local/lib/python3.10/dist-packages/wheeltec_mic_msg-0.0.0-py3.10.egg-info/SOURCES.txt
-- Up-to-date symlink: /home/wheeltec/wheeltec_robot/install/wheeltec_mic_msg/local/lib/python3.10/dist-packages/wheeltec_mic_msg-0.0.0-py3.10.egg-info/dependency_links.txt
-- Up-to-date symlink: /home/wheeltec/wheeltec_robot/install/wheeltec_mic_msg/local/lib/python3.10/dist-packages/wheeltec_mic_msg-0.0.0-py3.10.egg-info/top_level.txt
-- Up-to-date symlink: /home/wheeltec/wheeltec_robot/install/wheeltec_mic_msg/local/lib/python3.10/dist-packages/wheeltec_mic_msg/__init__.py
-- Up-to-date symlink: /home/wheeltec/wheeltec_robot/install/wheeltec_mic_msg/local/lib/python3.10/dist-packages/wheeltec_mic_msg/_wheeltec_mic_msg_s.ep.rosidl_typesupport_c.c
-- Up-to-date symlink: /home/wheeltec/wheeltec_robot/install/wheeltec_mic_msg/local/lib/python3.10/dist-packages/wheeltec_mic_msg/_wheeltec_mic_msg_s.ep.rosidl_typesupport_fastrtps_c.c
-- Up-to-date symlink: /home/wheeltec/wheeltec_robot/install/wheeltec_mic_msg/local/lib/python3.10/dist-packages/wheeltec_mic_msg/_wheeltec_mic_msg_s.ep.rosidl_typesupport_introspection_c.c
-- Up-to-date symlink: /home/wheeltec/wheeltec_robot/install/wheeltec_mic_msg/local/lib/python3.10/dist-packages/wheeltec_mic_msg/libwheeltec_mic_msg__rosidl_generator_py.so
-- Up-to-date symlink: /home/wheeltec/wheeltec_robot/install/wheeltec_mic_msg/local/lib/python3.10/dist-packages/wheeltec_mic_msg/msg/__init__.py
-- Up-to-date symlink: /home/wheeltec/wheeltec_robot/install/wheeltec_mic_msg/local/lib/python3.10/dist-packages/wheeltec_mic_msg/msg/_motion_control.py
-- Up-to-date symlink: /home/wheeltec/wheeltec_robot/install/wheeltec_mic_msg/local/lib/python3.10/dist-packages/wheeltec_mic_msg/msg/_motion_control_s.c
-- Up-to-date symlink: /home/wheeltec/wheeltec_robot/install/wheeltec_mic_msg/local/lib/python3.10/dist-packages/wheeltec_mic_msg/msg/_pcm_msg.py
-- Up-to-date symlink: /home/wheeltec/wheeltec_robot/install/wheeltec_mic_msg/local/lib/python3.10/dist-packages/wheeltec_mic_msg/msg/_pcm_msg_s.c
-- Up-to-date symlink: /home/wheeltec/wheeltec_robot/install/wheeltec_mic_msg/local/lib/python3.10/dist-packages/wheeltec_mic_msg/srv/__init__.py
-- Up-to-date symlink: /home/wheeltec/wheeltec_robot/install/wheeltec_mic_msg/local/lib/python3.10/dist-packages/wheeltec_mic_msg/srv/_get_device_type.py
-- Up-to-date symlink: /home/wheeltec/wheeltec_robot/install/wheeltec_mic_msg/local/lib/python3.10/dist-packages/wheeltec_mic_msg/srv/_get_device_type_s.c
-- Up-to-date symlink: /home/wheeltec/wheeltec_robot/install/wheeltec_mic_msg/local/lib/python3.10/dist-packages/wheeltec_mic_msg/srv/_get_offline_result.py
-- Up-to-date symlink: /home/wheeltec/wheeltec_robot/install/wheeltec_mic_msg/local/lib/python3.10/dist-packages/wheeltec_mic_msg/srv/_get_offline_result_s.c
-- Up-to-date symlink: /home/wheeltec/wheeltec_robot/install/wheeltec_mic_msg/local/lib/python3.10/dist-packages/wheeltec_mic_msg/srv/_set_awake_word.py
-- Up-to-date symlink: /home/wheeltec/wheeltec_robot/install/wheeltec_mic_msg/local/lib/python3.10/dist-packages/wheeltec_mic_msg/srv/_set_awake_word_s.c
-- Up-to-date symlink: /home/wheeltec/wheeltec_robot/install/wheeltec_mic_msg/local/lib/python3.10/dist-packages/wheeltec_mic_msg/srv/_set_major_mic.py
-- Up-to-date symlink: /home/wheeltec/wheeltec_robot/install/wheeltec_mic_msg/local/lib/python3.10/dist-packages/wheeltec_mic_msg/srv/_set_major_mic_s.c
-- Up-to-date symlink: /home/wheeltec/wheeltec_robot/install/wheeltec_mic_msg/local/lib/python3.10/dist-packages/wheeltec_mic_msg/srv/_switch_mic.py
-- Up-to-date symlink: /home/wheeltec/wheeltec_robot/install/wheeltec_mic_msg/local/lib/python3.10/dist-packages/wheeltec_mic_msg/srv/_switch_mic_s.c
-- Up-to-date symlink: /home/wheeltec/wheeltec_robot/install/wheeltec_mic_msg/local/lib/python3.10/dist-packages/wheeltec_mic_msg/wheeltec_mic_msg_s__rosidl_typesupport_c.cpython-310-aarch64-linux-gnu.so
-- Up-to-date symlink: /home/wheeltec/wheeltec_robot/install/wheeltec_mic_msg/local/lib/python3.10/dist-packages/wheeltec_mic_msg/wheeltec_mic_msg_s__rosidl_typesupport_fastrtps_c.cpython-310-aarch64-linux-gnu.so
-- Up-to-date symlink: /home/wheeltec/wheeltec_robot/install/wheeltec_mic_msg/local/lib/python3.10/dist-packages/wheeltec_mic_msg/wheeltec_mic_msg_s__rosidl_typesupport_introspection_c.cpython-310-aarch64-linux-gnu.so
-- Up-to-date symlink: /home/wheeltec/wheeltec_robot/install/wheeltec_mic_msg/local/lib/python3.10/dist-packages/wheeltec_mic_msg/wheeltec_mic_msg_s__rosidl_typesupport_fastrtps_c.cpython-310-aarch64-linux-gnu.so
-- Up-to-date symlink: /home/wheeltec/wheeltec_robot/install/wheeltec_mic_msg/local/lib/python3.10/dist-packages/wheeltec_mic_msg/wheeltec_mic_msg_s__rosidl_typesupport_introspection_c.cpython-310-aarch64-linux-gnu.so
-- Up-to-date symlink: /home/wheeltec/wheeltec_robot/install/wheeltec_mic_msg/local/lib/python3.10/dist-packages/wheeltec_mic_msg/wheeltec_mic_msg_s__rosidl_typesupport_c.cpython-310-aarch64-linux-gnu.so
-- Up-to-date symlink: /home/wheeltec/wheeltec_robot/install/wheeltec_mic_msg/share/wheeltec_mic_msg/msg/PcmMsg.idl
-- Up-to-date symlink: /home/wheeltec/wheeltec_robot/install/wheeltec_mic_msg/share/wheeltec_mic_msg/msg/MotionControl.idl
-- Up-to-date symlink: /home/wheeltec/wheeltec_robot/install/wheeltec_mic_msg/share/wheeltec_mic_msg/srv/GetDeviceType.idl
-- Up-to-date symlink: /home/wheeltec/wheeltec_robot/install/wheeltec_mic_msg/share/wheeltec_mic_msg/srv/GetOfflineResult.idl
-- Up-to-date symlink: /home/wheeltec/wheeltec_robot/install/wheeltec_mic_msg/share/wheeltec_mic_msg/srv/SetAwakeWord.idl
-- Up-to-date symlink: /home/wheeltec/wheeltec_robot/install/wheeltec_mic_msg/share/wheeltec_mic_msg/srv/SetMajorMic.idl
-- Up-to-date symlink: /home/wheeltec/wheeltec_robot/install/wheeltec_mic_msg/share/wheeltec_mic_msg/srv/SwitchMic.idl
-- Up-to-date symlink: /home/wheeltec/wheeltec_robot/install/wheeltec_mic_msg/share/wheeltec_mic_msg/msg/PcmMsg.msg
-- Up-to-date symlink: /home/wheeltec/wheeltec_robot/install/wheeltec_mic_msg/share/wheeltec_mic_msg/msg/MotionControl.msg
-- Up-to-date symlink: /home/wheeltec/wheeltec_robot/install/wheeltec_mic_msg/share/wheeltec_mic_msg/srv/GetDeviceType.srv
-- Up-to-date symlink: /home/wheeltec/wheeltec_robot/install/wheeltec_mic_msg/share/wheeltec_mic_msg/srv/GetDeviceType_Request.msg
-- Up-to-date symlink: /home/wheeltec/wheeltec_robot/install/wheeltec_mic_msg/share/wheeltec_mic_msg/srv/GetDeviceType_Response.msg
-- Up-to-date symlink: /home/wheeltec/wheeltec_robot/install/wheeltec_mic_msg/share/wheeltec_mic_msg/srv/GetOfflineResult.srv
-- Up-to-date symlink: /home/wheeltec/wheeltec_robot/install/wheeltec_mic_msg/share/wheeltec_mic_msg/srv/GetOfflineResult_Request.msg
-- Up-to-date symlink: /home/wheeltec/wheeltec_robot/install/wheeltec_mic_msg/share/wheeltec_mic_msg/srv/GetOfflineResult_Response.msg
-- Up-to-date symlink: /home/wheeltec/wheeltec_robot/install/wheeltec_mic_msg/share/wheeltec_mic_msg/srv/SetAwakeWord.srv
-- Up-to-date symlink: /home/wheeltec/wheeltec_robot/install/wheeltec_mic_msg/share/wheeltec_mic_msg/srv/SetAwakeWord_Request.msg
-- Up-to-date symlink: /home/wheeltec/wheeltec_robot/install/wheeltec_mic_msg/share/wheeltec_mic_msg/srv/SetAwakeWord_Response.msg
-- Up-to-date symlink: /home/wheeltec/wheeltec_robot/install/wheeltec_mic_msg/share/wheeltec_mic_msg/srv/SetMajorMic.srv
-- Up-to-date symlink: /home/wheeltec/wheeltec_robot/install/wheeltec_mic_msg/share/wheeltec_mic_msg/srv/SetMajorMic_Request.msg
-- Up-to-date symlink: /home/wheeltec/wheeltec_robot/install/wheeltec_mic_msg/share/wheeltec_mic_msg/srv/SetMajorMic_Response.msg
-- Up-to-date symlink: /home/wheeltec/wheeltec_robot/install/wheeltec_mic_msg/share/wheeltec_mic_msg/srv/SwitchMic.srv
-- Up-to-date symlink: /home/wheeltec/wheeltec_robot/install/wheeltec_mic_msg/share/wheeltec_mic_msg/srv/SwitchMic_Request.msg
-- Up-to-date symlink: /home/wheeltec/wheeltec_robot/install/wheeltec_mic_msg/share/wheeltec_mic_msg/srv/SwitchMic_Response.msg
-- Up-to-date symlink: /home/wheeltec/wheeltec_robot/install/wheeltec_mic_msg/share/ament_index/resource_index/package_run_dependencies/wheeltec_mic_msg
-- Up-to-date symlink: /home/wheeltec/wheeltec_robot/install/wheeltec_mic_msg/share/ament_index/resource_index/parent_prefix_path/wheeltec_mic_msg
-- Up-to-date symlink: /home/wheeltec/wheeltec_robot/install/wheeltec_mic_msg/share/wheeltec_mic_msg/environment/ament_prefix_path.sh
-- Up-to-date symlink: /home/wheeltec/wheeltec_robot/install/wheeltec_mic_msg/share/wheeltec_mic_msg/environment/ament_prefix_path.dsv
-- Up-to-date symlink: /home/wheeltec/wheeltec_robot/install/wheeltec_mic_msg/share/wheeltec_mic_msg/environment/path.sh
-- Up-to-date symlink: /home/wheeltec/wheeltec_robot/install/wheeltec_mic_msg/share/wheeltec_mic_msg/environment/path.dsv
-- Up-to-date symlink: /home/wheeltec/wheeltec_robot/install/wheeltec_mic_msg/share/wheeltec_mic_msg/local_setup.bash
-- Up-to-date symlink: /home/wheeltec/wheeltec_robot/install/wheeltec_mic_msg/share/wheeltec_mic_msg/local_setup.sh
-- Up-to-date symlink: /home/wheeltec/wheeltec_robot/install/wheeltec_mic_msg/share/wheeltec_mic_msg/local_setup.zsh
-- Up-to-date symlink: /home/wheeltec/wheeltec_robot/install/wheeltec_mic_msg/share/wheeltec_mic_msg/local_setup.dsv
-- Up-to-date symlink: /home/wheeltec/wheeltec_robot/install/wheeltec_mic_msg/share/wheeltec_mic_msg/package.dsv
-- Up-to-date symlink: /home/wheeltec/wheeltec_robot/install/wheeltec_mic_msg/share/ament_index/resource_index/packages/wheeltec_mic_msg
-- Up-to-date symlink: /home/wheeltec/wheeltec_robot/install/wheeltec_mic_msg/share/wheeltec_mic_msg/cmake/rosidl_cmake-extras.cmake
-- Up-to-date symlink: /home/wheeltec/wheeltec_robot/install/wheeltec_mic_msg/share/wheeltec_mic_msg/cmake/ament_cmake_export_dependencies-extras.cmake
-- Up-to-date symlink: /home/wheeltec/wheeltec_robot/install/wheeltec_mic_msg/share/wheeltec_mic_msg/cmake/ament_cmake_export_include_directories-extras.cmake
-- Up-to-date symlink: /home/wheeltec/wheeltec_robot/install/wheeltec_mic_msg/share/wheeltec_mic_msg/cmake/ament_cmake_export_libraries-extras.cmake
-- Up-to-date symlink: /home/wheeltec/wheeltec_robot/install/wheeltec_mic_msg/share/wheeltec_mic_msg/cmake/ament_cmake_export_targets-extras.cmake
-- Up-to-date symlink: /home/wheeltec/wheeltec_robot/install/wheeltec_mic_msg/share/wheeltec_mic_msg/cmake/rosidl_cmake_export_typesupport_targets-extras.cmake
-- Up-to-date symlink: /home/wheeltec/wheeltec_robot/install/wheeltec_mic_msg/share/wheeltec_mic_msg/cmake/rosidl_cmake_export_typesupport_libraries-extras.cmake
-- Up-to-date symlink: /home/wheeltec/wheeltec_robot/install/wheeltec_mic_msg/share/wheeltec_mic_msg/cmake/wheeltec_mic_msgConfig.cmake
-- Up-to-date symlink: /home/wheeltec/wheeltec_robot/install/wheeltec_mic_msg/share/wheeltec_mic_msg/cmake/wheeltec_mic_msgConfig-version.cmake
-- Up-to-date symlink: /home/wheeltec/wheeltec_robot/install/wheeltec_mic_msg/share/wheeltec_mic_msg/package.xml
-- Up-to-date: /home/wheeltec/wheeltec_robot/install/wheeltec_mic_msg/lib/libwheeltec_mic_msg__rosidl_generator_c.so
-- Up-to-date: /home/wheeltec/wheeltec_robot/install/wheeltec_mic_msg/lib/libwheeltec_mic_msg__rosidl_typesupport_fastrtps_c.so
-- Up-to-date: /home/wheeltec/wheeltec_robot/install/wheeltec_mic_msg/lib/libwheeltec_mic_msg__rosidl_typesupport_fastrtps_cpp.so
-- Up-to-date: /home/wheeltec/wheeltec_robot/install/wheeltec_mic_msg/lib/libwheeltec_mic_msg__rosidl_typesupport_introspection_c.so
-- Up-to-date: /home/wheeltec/wheeltec_robot/install/wheeltec_mic_msg/lib/libwheeltec_mic_msg__rosidl_typesupport_c.so
-- Up-to-date: /home/wheeltec/wheeltec_robot/install/wheeltec_mic_msg/lib/libwheeltec_mic_msg__rosidl_typesupport_introspection_cpp.so
-- Up-to-date: /home/wheeltec/wheeltec_robot/install/wheeltec_mic_msg/lib/libwheeltec_mic_msg__rosidl_typesupport_cpp.so
Listing '/home/wheeltec/wheeltec_robot/install/wheeltec_mic_msg/local/lib/python3.10/dist-packages/wheeltec_mic_msg'...
Compiling '/home/wheeltec/wheeltec_robot/install/wheeltec_mic_msg/local/lib/python3.10/dist-packages/wheeltec_mic_msg/__init__.py'...
Listing '/home/wheeltec/wheeltec_robot/install/wheeltec_mic_msg/local/lib/python3.10/dist-packages/wheeltec_mic_msg/msg'...
Listing '/home/wheeltec/wheeltec_robot/install/wheeltec_mic_msg/local/lib/python3.10/dist-packages/wheeltec_mic_msg/srv'...
-- Up-to-date: /home/wheeltec/wheeltec_robot/install/wheeltec_mic_msg/lib/libwheeltec_mic_msg__rosidl_generator_py.so
-- Up-to-date: /home/wheeltec/wheeltec_robot/install/wheeltec_mic_msg/share/wheeltec_mic_msg/cmake/export_wheeltec_mic_msg__rosidl_generator_cExport.cmake
-- Up-to-date: /home/wheeltec/wheeltec_robot/install/wheeltec_mic_msg/share/wheeltec_mic_msg/cmake/export_wheeltec_mic_msg__rosidl_generator_cExport-noconfig.cmake
-- Up-to-date: /home/wheeltec/wheeltec_robot/install/wheeltec_mic_msg/share/wheeltec_mic_msg/cmake/export_wheeltec_mic_msg__rosidl_typesupport_fastrtps_cExport.cmake
-- Up-to-date: /home/wheeltec/wheeltec_robot/install/wheeltec_mic_msg/share/wheeltec_mic_msg/cmake/export_wheeltec_mic_msg__rosidl_typesupport_fastrtps_cExport-noconfig.cmake
-- Up-to-date: /home/wheeltec/wheeltec_robot/install/wheeltec_mic_msg/share/wheeltec_mic_msg/cmake/export_wheeltec_mic_msg__rosidl_generator_cppExport.cmake
-- Up-to-date: /home/wheeltec/wheeltec_robot/install/wheeltec_mic_msg/share/wheeltec_mic_msg/cmake/export_wheeltec_mic_msg__rosidl_typesupport_fastrtps_cppExport.cmake
-- Up-to-date: /home/wheeltec/wheeltec_robot/install/wheeltec_mic_msg/share/wheeltec_mic_msg/cmake/export_wheeltec_mic_msg__rosidl_typesupport_fastrtps_cppExport-noconfig.cmake
-- Up-to-date: /home/wheeltec/wheeltec_robot/install/wheeltec_mic_msg/share/wheeltec_mic_msg/cmake/wheeltec_mic_msg__rosidl_typesupport_introspection_cExport.cmake
-- Up-to-date: /home/wheeltec/wheeltec_robot/install/wheeltec_mic_msg/share/wheeltec_mic_msg/cmake/wheeltec_mic_msg__rosidl_typesupport_introspection_cExport-noconfig.cmake
-- Up-to-date: /home/wheeltec/wheeltec_robot/install/wheeltec_mic_msg/share/wheeltec_mic_msg/cmake/wheeltec_mic_msg__rosidl_typesupport_cExport.cmake
-- Up-to-date: /home/wheeltec/wheeltec_robot/install/wheeltec_mic_msg/share/wheeltec_mic_msg/cmake/wheeltec_mic_msg__rosidl_typesupport_cExport-noconfig.cmake
-- Up-to-date: /home/wheeltec/wheeltec_robot/install/wheeltec_mic_msg/share/wheeltec_mic_msg/cmake/wheeltec_mic_msg__rosidl_typesupport_introspection_cppExport.cmake
-- Up-to-date: /home/wheeltec/wheeltec_robot/install/wheeltec_mic_msg/share/wheeltec_mic_msg/cmake/wheeltec_mic_msg__rosidl_typesupport_introspection_cppExport-noconfig.cmake
-- Up-to-date: /home/wheeltec/wheeltec_robot/install/wheeltec_mic_msg/share/wheeltec_mic_msg/cmake/wheeltec_mic_msg__rosidl_typesupport_cppExport.cmake
-- Up-to-date: /home/wheeltec/wheeltec_robot/install/wheeltec_mic_msg/share/wheeltec_mic_msg/cmake/wheeltec_mic_msg__rosidl_typesupport_cppExport-noconfig.cmake
-- Up-to-date: /home/wheeltec/wheeltec_robot/install/wheeltec_mic_msg/share/wheeltec_mic_msg/cmake/export_wheeltec_mic_msg__rosidl_generator_pyExport.cmake
-- Up-to-date: /home/wheeltec/wheeltec_robot/install/wheeltec_mic_msg/share/wheeltec_mic_msg/cmake/export_wheeltec_mic_msg__rosidl_generator_pyExport-noconfig.cmake
