[0.073s] Invoking command in '/home/wheeltec/wheeltec_robot/build/wheeltec_mic_msg': CMAKE_PREFIX_PATH=/opt/ros/humble /usr/bin/cmake /home/wheeltec/wheeltec_robot/src/wheeltec_mic/wheeltec_mic_msg -DCMAKE_INSTALL_PREFIX=/home/wheeltec/wheeltec_robot/install/wheeltec_mic_msg
[1.017s] -- Found ament_cmake: 1.3.12 (/opt/ros/humble/share/ament_cmake/cmake)
[1.017s] -- Override CMake install command with custom implementation using symlinks instead of copying resources
[1.017s] -- Found rclcpp: 16.0.14 (/opt/ros/humble/share/rclcpp/cmake)
[1.017s] -- Found rosidl_generator_c: 3.1.7 (/opt/ros/humble/share/rosidl_generator_c/cmake)
[1.017s] -- Found rosidl_adapter: 3.1.7 (/opt/ros/humble/share/rosidl_adapter/cmake)
[1.017s] -- Found rosidl_generator_cpp: 3.1.7 (/opt/ros/humble/share/rosidl_generator_cpp/cmake)
[1.018s] -- Using all available rosidl_typesupport_c: rosidl_typesupport_fastrtps_c;rosidl_typesupport_introspection_c
[1.018s] -- Using all available rosidl_typesupport_cpp: rosidl_typesupport_fastrtps_cpp;rosidl_typesupport_introspection_cpp
[1.018s] -- Found rmw_implementation_cmake: 6.1.2 (/opt/ros/humble/share/rmw_implementation_cmake/cmake)
[1.018s] -- Found rmw_fastrtps_cpp: 6.2.8 (/opt/ros/humble/share/rmw_fastrtps_cpp/cmake)
[1.169s] -- Using RMW implementation 'rmw_fastrtps_cpp' as default
[1.319s] -- Found rosidl_default_generators: 1.2.0 (/opt/ros/humble/share/rosidl_default_generators/cmake)
[2.770s] -- Found ament_cmake_ros: 0.10.0 (/opt/ros/humble/share/ament_cmake_ros/cmake)
[4.108s] -- Using all available rosidl_typesupport_c: rosidl_typesupport_fastrtps_c;rosidl_typesupport_introspection_c
[4.416s] -- Using all available rosidl_typesupport_cpp: rosidl_typesupport_fastrtps_cpp;rosidl_typesupport_introspection_cpp
[4.475s] -- Found python_cmake_module: 0.10.0 (/opt/ros/humble/share/python_cmake_module/cmake)
[4.549s] -- Using PYTHON_EXECUTABLE: /usr/bin/python3
[4.549s] -- Using PYTHON_INCLUDE_DIRS: /usr/include/python3.10
[4.550s] -- Using PYTHON_LIBRARIES: /usr/lib/aarch64-linux-gnu/libpython3.10.so
[4.600s] -- Configuring done
[4.701s] -- Generating done
[4.721s] -- Build files have been written to: /home/wheeltec/wheeltec_robot/build/wheeltec_mic_msg
[4.895s] Invoked command in '/home/wheeltec/wheeltec_robot/build/wheeltec_mic_msg' returned '0': CMAKE_PREFIX_PATH=/opt/ros/humble /usr/bin/cmake /home/wheeltec/wheeltec_robot/src/wheeltec_mic/wheeltec_mic_msg -DCMAKE_INSTALL_PREFIX=/home/wheeltec/wheeltec_robot/install/wheeltec_mic_msg
[4.896s] Invoking command in '/home/wheeltec/wheeltec_robot/build/wheeltec_mic_msg': CMAKE_PREFIX_PATH=/opt/ros/humble /usr/bin/cmake --build /home/wheeltec/wheeltec_robot/build/wheeltec_mic_msg -- -j8 -l8
[5.087s] [35m[1mConsolidate compiler generated dependencies of target wheeltec_mic_msg__rosidl_generator_c[0m
[5.131s] [  1%] Built target wheeltec_mic_msg__cpp
[5.166s] [ 12%] Built target wheeltec_mic_msg__rosidl_generator_c
[5.198s] [35m[1mConsolidate compiler generated dependencies of target wheeltec_mic_msg__rosidl_typesupport_cpp[0m
[5.208s] [35m[1mConsolidate compiler generated dependencies of target wheeltec_mic_msg__rosidl_typesupport_introspection_cpp[0m
[5.217s] [35m[1mConsolidate compiler generated dependencies of target wheeltec_mic_msg__rosidl_typesupport_fastrtps_cpp[0m
[5.235s] [35m[1mConsolidate compiler generated dependencies of target wheeltec_mic_msg__rosidl_typesupport_fastrtps_c[0m
[5.241s] [ 12%] Built target ament_cmake_python_symlink_wheeltec_mic_msg
[5.264s] [35m[1mConsolidate compiler generated dependencies of target wheeltec_mic_msg__rosidl_typesupport_c[0m
[5.273s] [35m[1mConsolidate compiler generated dependencies of target wheeltec_mic_msg__rosidl_typesupport_introspection_c[0m
[5.346s] [ 24%] Built target wheeltec_mic_msg__rosidl_typesupport_cpp
[5.352s] [ 35%] Built target wheeltec_mic_msg__rosidl_typesupport_introspection_cpp
[5.367s] [ 58%] Built target wheeltec_mic_msg__rosidl_typesupport_fastrtps_cpp
[5.382s] [ 58%] Built target wheeltec_mic_msg__rosidl_typesupport_c
[5.384s] [ 69%] Built target wheeltec_mic_msg__rosidl_typesupport_fastrtps_c
[5.428s] [ 81%] Built target wheeltec_mic_msg__rosidl_typesupport_introspection_c
[5.625s] [ 81%] Built target wheeltec_mic_msg
[5.804s] [ 82%] Built target wheeltec_mic_msg__py
[5.872s] [35m[1mConsolidate compiler generated dependencies of target wheeltec_mic_msg__rosidl_generator_py[0m
[6.023s] [ 92%] Built target wheeltec_mic_msg__rosidl_generator_py
[6.064s] [35m[1mConsolidate compiler generated dependencies of target wheeltec_mic_msg__rosidl_typesupport_fastrtps_c__pyext[0m
[6.136s] [35m[1mConsolidate compiler generated dependencies of target wheeltec_mic_msg__rosidl_typesupport_introspection_c__pyext[0m
[6.136s] [35m[1mConsolidate compiler generated dependencies of target wheeltec_mic_msg__rosidl_typesupport_c__pyext[0m
[6.176s] [ 94%] Built target wheeltec_mic_msg__rosidl_typesupport_fastrtps_c__pyext
[6.224s] [ 97%] Built target wheeltec_mic_msg__rosidl_typesupport_c__pyext
[6.224s] [100%] Built target wheeltec_mic_msg__rosidl_typesupport_introspection_c__pyext
[6.253s] running egg_info
[6.307s] writing wheeltec_mic_msg.egg-info/PKG-INFO
[6.308s] writing dependency_links to wheeltec_mic_msg.egg-info/dependency_links.txt
[6.308s] writing top-level names to wheeltec_mic_msg.egg-info/top_level.txt
[6.462s] reading manifest file 'wheeltec_mic_msg.egg-info/SOURCES.txt'
[6.465s] writing manifest file 'wheeltec_mic_msg.egg-info/SOURCES.txt'
[6.571s] [100%] Built target ament_cmake_python_build_wheeltec_mic_msg_egg
[6.940s] Invoked command in '/home/wheeltec/wheeltec_robot/build/wheeltec_mic_msg' returned '0': CMAKE_PREFIX_PATH=/opt/ros/humble /usr/bin/cmake --build /home/wheeltec/wheeltec_robot/build/wheeltec_mic_msg -- -j8 -l8
[6.942s] Invoking command in '/home/wheeltec/wheeltec_robot/build/wheeltec_mic_msg': CMAKE_PREFIX_PATH=/opt/ros/humble /usr/bin/cmake --install /home/wheeltec/wheeltec_robot/build/wheeltec_mic_msg
[7.309s] -- Install configuration: ""
[7.309s] -- Execute custom install script
[7.309s] -- Up-to-date symlink: /home/wheeltec/wheeltec_robot/install/wheeltec_mic_msg/share/ament_index/resource_index/rosidl_interfaces/wheeltec_mic_msg
[7.309s] -- Up-to-date symlink: /home/wheeltec/wheeltec_robot/install/wheeltec_mic_msg/include/wheeltec_mic_msg/wheeltec_mic_msg/msg/detail/motion_control__functions.h
[7.309s] -- Up-to-date symlink: /home/wheeltec/wheeltec_robot/install/wheeltec_mic_msg/include/wheeltec_mic_msg/wheeltec_mic_msg/msg/detail/motion_control__struct.h
[7.310s] -- Up-to-date symlink: /home/wheeltec/wheeltec_robot/install/wheeltec_mic_msg/include/wheeltec_mic_msg/wheeltec_mic_msg/msg/detail/motion_control__type_support.h
[7.310s] -- Up-to-date symlink: /home/wheeltec/wheeltec_robot/install/wheeltec_mic_msg/include/wheeltec_mic_msg/wheeltec_mic_msg/msg/detail/pcm_msg__functions.h
[7.310s] -- Up-to-date symlink: /home/wheeltec/wheeltec_robot/install/wheeltec_mic_msg/include/wheeltec_mic_msg/wheeltec_mic_msg/msg/detail/pcm_msg__struct.h
[7.310s] -- Up-to-date symlink: /home/wheeltec/wheeltec_robot/install/wheeltec_mic_msg/include/wheeltec_mic_msg/wheeltec_mic_msg/msg/detail/pcm_msg__type_support.h
[7.310s] -- Up-to-date symlink: /home/wheeltec/wheeltec_robot/install/wheeltec_mic_msg/include/wheeltec_mic_msg/wheeltec_mic_msg/msg/motion_control.h
[7.310s] -- Up-to-date symlink: /home/wheeltec/wheeltec_robot/install/wheeltec_mic_msg/include/wheeltec_mic_msg/wheeltec_mic_msg/msg/pcm_msg.h
[7.310s] -- Up-to-date symlink: /home/wheeltec/wheeltec_robot/install/wheeltec_mic_msg/include/wheeltec_mic_msg/wheeltec_mic_msg/msg/rosidl_generator_c__visibility_control.h
[7.310s] -- Up-to-date symlink: /home/wheeltec/wheeltec_robot/install/wheeltec_mic_msg/include/wheeltec_mic_msg/wheeltec_mic_msg/srv/detail/get_device_type__functions.h
[7.310s] -- Up-to-date symlink: /home/wheeltec/wheeltec_robot/install/wheeltec_mic_msg/include/wheeltec_mic_msg/wheeltec_mic_msg/srv/detail/get_device_type__struct.h
[7.310s] -- Up-to-date symlink: /home/wheeltec/wheeltec_robot/install/wheeltec_mic_msg/include/wheeltec_mic_msg/wheeltec_mic_msg/srv/detail/get_device_type__type_support.h
[7.311s] -- Up-to-date symlink: /home/wheeltec/wheeltec_robot/install/wheeltec_mic_msg/include/wheeltec_mic_msg/wheeltec_mic_msg/srv/detail/get_offline_result__functions.h
[7.311s] -- Up-to-date symlink: /home/wheeltec/wheeltec_robot/install/wheeltec_mic_msg/include/wheeltec_mic_msg/wheeltec_mic_msg/srv/detail/get_offline_result__struct.h
[7.311s] -- Up-to-date symlink: /home/wheeltec/wheeltec_robot/install/wheeltec_mic_msg/include/wheeltec_mic_msg/wheeltec_mic_msg/srv/detail/get_offline_result__type_support.h
[7.311s] -- Up-to-date symlink: /home/wheeltec/wheeltec_robot/install/wheeltec_mic_msg/include/wheeltec_mic_msg/wheeltec_mic_msg/srv/detail/set_awake_word__functions.h
[7.311s] -- Up-to-date symlink: /home/wheeltec/wheeltec_robot/install/wheeltec_mic_msg/include/wheeltec_mic_msg/wheeltec_mic_msg/srv/detail/set_awake_word__struct.h
[7.311s] -- Up-to-date symlink: /home/wheeltec/wheeltec_robot/install/wheeltec_mic_msg/include/wheeltec_mic_msg/wheeltec_mic_msg/srv/detail/set_awake_word__type_support.h
[7.311s] -- Up-to-date symlink: /home/wheeltec/wheeltec_robot/install/wheeltec_mic_msg/include/wheeltec_mic_msg/wheeltec_mic_msg/srv/detail/set_major_mic__functions.h
[7.311s] -- Up-to-date symlink: /home/wheeltec/wheeltec_robot/install/wheeltec_mic_msg/include/wheeltec_mic_msg/wheeltec_mic_msg/srv/detail/set_major_mic__struct.h
[7.311s] -- Up-to-date symlink: /home/wheeltec/wheeltec_robot/install/wheeltec_mic_msg/include/wheeltec_mic_msg/wheeltec_mic_msg/srv/detail/set_major_mic__type_support.h
[7.311s] -- Up-to-date symlink: /home/wheeltec/wheeltec_robot/install/wheeltec_mic_msg/include/wheeltec_mic_msg/wheeltec_mic_msg/srv/detail/switch_mic__functions.h
[7.312s] -- Up-to-date symlink: /home/wheeltec/wheeltec_robot/install/wheeltec_mic_msg/include/wheeltec_mic_msg/wheeltec_mic_msg/srv/detail/switch_mic__struct.h
[7.312s] -- Up-to-date symlink: /home/wheeltec/wheeltec_robot/install/wheeltec_mic_msg/include/wheeltec_mic_msg/wheeltec_mic_msg/srv/detail/switch_mic__type_support.h
[7.312s] -- Up-to-date symlink: /home/wheeltec/wheeltec_robot/install/wheeltec_mic_msg/include/wheeltec_mic_msg/wheeltec_mic_msg/srv/get_device_type.h
[7.312s] -- Up-to-date symlink: /home/wheeltec/wheeltec_robot/install/wheeltec_mic_msg/include/wheeltec_mic_msg/wheeltec_mic_msg/srv/get_offline_result.h
[7.312s] -- Up-to-date symlink: /home/wheeltec/wheeltec_robot/install/wheeltec_mic_msg/include/wheeltec_mic_msg/wheeltec_mic_msg/srv/set_awake_word.h
[7.312s] -- Up-to-date symlink: /home/wheeltec/wheeltec_robot/install/wheeltec_mic_msg/include/wheeltec_mic_msg/wheeltec_mic_msg/srv/set_major_mic.h
[7.312s] -- Up-to-date symlink: /home/wheeltec/wheeltec_robot/install/wheeltec_mic_msg/include/wheeltec_mic_msg/wheeltec_mic_msg/srv/switch_mic.h
[7.312s] -- Up-to-date symlink: /home/wheeltec/wheeltec_robot/install/wheeltec_mic_msg/share/wheeltec_mic_msg/environment/library_path.sh
[7.312s] -- Up-to-date symlink: /home/wheeltec/wheeltec_robot/install/wheeltec_mic_msg/share/wheeltec_mic_msg/environment/library_path.dsv
[7.312s] -- Up-to-date symlink: /home/wheeltec/wheeltec_robot/install/wheeltec_mic_msg/include/wheeltec_mic_msg/wheeltec_mic_msg/msg/detail/motion_control__rosidl_typesupport_fastrtps_c.h
[7.313s] -- Up-to-date symlink: /home/wheeltec/wheeltec_robot/install/wheeltec_mic_msg/include/wheeltec_mic_msg/wheeltec_mic_msg/msg/detail/pcm_msg__rosidl_typesupport_fastrtps_c.h
[7.313s] -- Up-to-date symlink: /home/wheeltec/wheeltec_robot/install/wheeltec_mic_msg/include/wheeltec_mic_msg/wheeltec_mic_msg/msg/rosidl_typesupport_fastrtps_c__visibility_control.h
[7.313s] -- Up-to-date symlink: /home/wheeltec/wheeltec_robot/install/wheeltec_mic_msg/include/wheeltec_mic_msg/wheeltec_mic_msg/srv/detail/get_device_type__rosidl_typesupport_fastrtps_c.h
[7.313s] -- Up-to-date symlink: /home/wheeltec/wheeltec_robot/install/wheeltec_mic_msg/include/wheeltec_mic_msg/wheeltec_mic_msg/srv/detail/get_offline_result__rosidl_typesupport_fastrtps_c.h
[7.313s] -- Up-to-date symlink: /home/wheeltec/wheeltec_robot/install/wheeltec_mic_msg/include/wheeltec_mic_msg/wheeltec_mic_msg/srv/detail/set_awake_word__rosidl_typesupport_fastrtps_c.h
[7.313s] -- Up-to-date symlink: /home/wheeltec/wheeltec_robot/install/wheeltec_mic_msg/include/wheeltec_mic_msg/wheeltec_mic_msg/srv/detail/set_major_mic__rosidl_typesupport_fastrtps_c.h
[7.313s] -- Up-to-date symlink: /home/wheeltec/wheeltec_robot/install/wheeltec_mic_msg/include/wheeltec_mic_msg/wheeltec_mic_msg/srv/detail/switch_mic__rosidl_typesupport_fastrtps_c.h
[7.313s] -- Up-to-date symlink: /home/wheeltec/wheeltec_robot/install/wheeltec_mic_msg/include/wheeltec_mic_msg/wheeltec_mic_msg/msg/detail/motion_control__builder.hpp
[7.313s] -- Up-to-date symlink: /home/wheeltec/wheeltec_robot/install/wheeltec_mic_msg/include/wheeltec_mic_msg/wheeltec_mic_msg/msg/detail/motion_control__struct.hpp
[7.313s] -- Up-to-date symlink: /home/wheeltec/wheeltec_robot/install/wheeltec_mic_msg/include/wheeltec_mic_msg/wheeltec_mic_msg/msg/detail/motion_control__traits.hpp
[7.314s] -- Up-to-date symlink: /home/wheeltec/wheeltec_robot/install/wheeltec_mic_msg/include/wheeltec_mic_msg/wheeltec_mic_msg/msg/detail/motion_control__type_support.hpp
[7.314s] -- Up-to-date symlink: /home/wheeltec/wheeltec_robot/install/wheeltec_mic_msg/include/wheeltec_mic_msg/wheeltec_mic_msg/msg/detail/pcm_msg__builder.hpp
[7.314s] -- Up-to-date symlink: /home/wheeltec/wheeltec_robot/install/wheeltec_mic_msg/include/wheeltec_mic_msg/wheeltec_mic_msg/msg/detail/pcm_msg__struct.hpp
[7.314s] -- Up-to-date symlink: /home/wheeltec/wheeltec_robot/install/wheeltec_mic_msg/include/wheeltec_mic_msg/wheeltec_mic_msg/msg/detail/pcm_msg__traits.hpp
[7.314s] -- Up-to-date symlink: /home/wheeltec/wheeltec_robot/install/wheeltec_mic_msg/include/wheeltec_mic_msg/wheeltec_mic_msg/msg/detail/pcm_msg__type_support.hpp
[7.314s] -- Up-to-date symlink: /home/wheeltec/wheeltec_robot/install/wheeltec_mic_msg/include/wheeltec_mic_msg/wheeltec_mic_msg/msg/motion_control.hpp
[7.314s] -- Up-to-date symlink: /home/wheeltec/wheeltec_robot/install/wheeltec_mic_msg/include/wheeltec_mic_msg/wheeltec_mic_msg/msg/pcm_msg.hpp
[7.314s] -- Up-to-date symlink: /home/wheeltec/wheeltec_robot/install/wheeltec_mic_msg/include/wheeltec_mic_msg/wheeltec_mic_msg/msg/rosidl_generator_cpp__visibility_control.hpp
[7.314s] -- Up-to-date symlink: /home/wheeltec/wheeltec_robot/install/wheeltec_mic_msg/include/wheeltec_mic_msg/wheeltec_mic_msg/srv/detail/get_device_type__builder.hpp
[7.314s] -- Up-to-date symlink: /home/wheeltec/wheeltec_robot/install/wheeltec_mic_msg/include/wheeltec_mic_msg/wheeltec_mic_msg/srv/detail/get_device_type__struct.hpp
[7.315s] -- Up-to-date symlink: /home/wheeltec/wheeltec_robot/install/wheeltec_mic_msg/include/wheeltec_mic_msg/wheeltec_mic_msg/srv/detail/get_device_type__traits.hpp
[7.315s] -- Up-to-date symlink: /home/wheeltec/wheeltec_robot/install/wheeltec_mic_msg/include/wheeltec_mic_msg/wheeltec_mic_msg/srv/detail/get_device_type__type_support.hpp
[7.315s] -- Up-to-date symlink: /home/wheeltec/wheeltec_robot/install/wheeltec_mic_msg/include/wheeltec_mic_msg/wheeltec_mic_msg/srv/detail/get_offline_result__builder.hpp
[7.315s] -- Up-to-date symlink: /home/wheeltec/wheeltec_robot/install/wheeltec_mic_msg/include/wheeltec_mic_msg/wheeltec_mic_msg/srv/detail/get_offline_result__struct.hpp
[7.315s] -- Up-to-date symlink: /home/wheeltec/wheeltec_robot/install/wheeltec_mic_msg/include/wheeltec_mic_msg/wheeltec_mic_msg/srv/detail/get_offline_result__traits.hpp
[7.315s] -- Up-to-date symlink: /home/wheeltec/wheeltec_robot/install/wheeltec_mic_msg/include/wheeltec_mic_msg/wheeltec_mic_msg/srv/detail/get_offline_result__type_support.hpp
[7.315s] -- Up-to-date symlink: /home/wheeltec/wheeltec_robot/install/wheeltec_mic_msg/include/wheeltec_mic_msg/wheeltec_mic_msg/srv/detail/set_awake_word__builder.hpp
[7.315s] -- Up-to-date symlink: /home/wheeltec/wheeltec_robot/install/wheeltec_mic_msg/include/wheeltec_mic_msg/wheeltec_mic_msg/srv/detail/set_awake_word__struct.hpp
[7.347s] -- Up-to-date symlink: /home/wheeltec/wheeltec_robot/install/wheeltec_mic_msg/include/wheeltec_mic_msg/wheeltec_mic_msg/srv/detail/set_awake_word__traits.hpp
[7.348s] -- Up-to-date symlink: /home/wheeltec/wheeltec_robot/install/wheeltec_mic_msg/include/wheeltec_mic_msg/wheeltec_mic_msg/srv/detail/set_awake_word__type_support.hpp
[7.348s] -- Up-to-date symlink: /home/wheeltec/wheeltec_robot/install/wheeltec_mic_msg/include/wheeltec_mic_msg/wheeltec_mic_msg/srv/detail/set_major_mic__builder.hpp
[7.348s] -- Up-to-date symlink: /home/wheeltec/wheeltec_robot/install/wheeltec_mic_msg/include/wheeltec_mic_msg/wheeltec_mic_msg/srv/detail/set_major_mic__struct.hpp
[7.348s] -- Up-to-date symlink: /home/wheeltec/wheeltec_robot/install/wheeltec_mic_msg/include/wheeltec_mic_msg/wheeltec_mic_msg/srv/detail/set_major_mic__traits.hpp
[7.348s] -- Up-to-date symlink: /home/wheeltec/wheeltec_robot/install/wheeltec_mic_msg/include/wheeltec_mic_msg/wheeltec_mic_msg/srv/detail/set_major_mic__type_support.hpp
[7.348s] -- Up-to-date symlink: /home/wheeltec/wheeltec_robot/install/wheeltec_mic_msg/include/wheeltec_mic_msg/wheeltec_mic_msg/srv/detail/switch_mic__builder.hpp
[7.348s] -- Up-to-date symlink: /home/wheeltec/wheeltec_robot/install/wheeltec_mic_msg/include/wheeltec_mic_msg/wheeltec_mic_msg/srv/detail/switch_mic__struct.hpp
[7.348s] -- Up-to-date symlink: /home/wheeltec/wheeltec_robot/install/wheeltec_mic_msg/include/wheeltec_mic_msg/wheeltec_mic_msg/srv/detail/switch_mic__traits.hpp
[7.348s] -- Up-to-date symlink: /home/wheeltec/wheeltec_robot/install/wheeltec_mic_msg/include/wheeltec_mic_msg/wheeltec_mic_msg/srv/detail/switch_mic__type_support.hpp
[7.348s] -- Up-to-date symlink: /home/wheeltec/wheeltec_robot/install/wheeltec_mic_msg/include/wheeltec_mic_msg/wheeltec_mic_msg/srv/get_device_type.hpp
[7.349s] -- Up-to-date symlink: /home/wheeltec/wheeltec_robot/install/wheeltec_mic_msg/include/wheeltec_mic_msg/wheeltec_mic_msg/srv/get_offline_result.hpp
[7.349s] -- Up-to-date symlink: /home/wheeltec/wheeltec_robot/install/wheeltec_mic_msg/include/wheeltec_mic_msg/wheeltec_mic_msg/srv/set_awake_word.hpp
[7.349s] -- Up-to-date symlink: /home/wheeltec/wheeltec_robot/install/wheeltec_mic_msg/include/wheeltec_mic_msg/wheeltec_mic_msg/srv/set_major_mic.hpp
[7.349s] -- Up-to-date symlink: /home/wheeltec/wheeltec_robot/install/wheeltec_mic_msg/include/wheeltec_mic_msg/wheeltec_mic_msg/srv/switch_mic.hpp
[7.349s] -- Up-to-date symlink: /home/wheeltec/wheeltec_robot/install/wheeltec_mic_msg/include/wheeltec_mic_msg/wheeltec_mic_msg/msg/detail/motion_control__rosidl_typesupport_fastrtps_cpp.hpp
[7.349s] -- Up-to-date symlink: /home/wheeltec/wheeltec_robot/install/wheeltec_mic_msg/include/wheeltec_mic_msg/wheeltec_mic_msg/msg/detail/pcm_msg__rosidl_typesupport_fastrtps_cpp.hpp
[7.349s] -- Up-to-date symlink: /home/wheeltec/wheeltec_robot/install/wheeltec_mic_msg/include/wheeltec_mic_msg/wheeltec_mic_msg/msg/rosidl_typesupport_fastrtps_cpp__visibility_control.h
[7.349s] -- Up-to-date symlink: /home/wheeltec/wheeltec_robot/install/wheeltec_mic_msg/include/wheeltec_mic_msg/wheeltec_mic_msg/srv/detail/get_device_type__rosidl_typesupport_fastrtps_cpp.hpp
[7.349s] -- Up-to-date symlink: /home/wheeltec/wheeltec_robot/install/wheeltec_mic_msg/include/wheeltec_mic_msg/wheeltec_mic_msg/srv/detail/get_offline_result__rosidl_typesupport_fastrtps_cpp.hpp
[7.349s] -- Up-to-date symlink: /home/wheeltec/wheeltec_robot/install/wheeltec_mic_msg/include/wheeltec_mic_msg/wheeltec_mic_msg/srv/detail/set_awake_word__rosidl_typesupport_fastrtps_cpp.hpp
[7.351s] -- Up-to-date symlink: /home/wheeltec/wheeltec_robot/install/wheeltec_mic_msg/include/wheeltec_mic_msg/wheeltec_mic_msg/srv/detail/set_major_mic__rosidl_typesupport_fastrtps_cpp.hpp
[7.353s] -- Up-to-date symlink: /home/wheeltec/wheeltec_robot/install/wheeltec_mic_msg/include/wheeltec_mic_msg/wheeltec_mic_msg/srv/detail/switch_mic__rosidl_typesupport_fastrtps_cpp.hpp
[7.353s] -- Up-to-date symlink: /home/wheeltec/wheeltec_robot/install/wheeltec_mic_msg/include/wheeltec_mic_msg/wheeltec_mic_msg/msg/detail/motion_control__rosidl_typesupport_introspection_c.h
[7.353s] -- Up-to-date symlink: /home/wheeltec/wheeltec_robot/install/wheeltec_mic_msg/include/wheeltec_mic_msg/wheeltec_mic_msg/msg/detail/pcm_msg__rosidl_typesupport_introspection_c.h
[7.353s] -- Up-to-date symlink: /home/wheeltec/wheeltec_robot/install/wheeltec_mic_msg/include/wheeltec_mic_msg/wheeltec_mic_msg/msg/rosidl_typesupport_introspection_c__visibility_control.h
[7.353s] -- Up-to-date symlink: /home/wheeltec/wheeltec_robot/install/wheeltec_mic_msg/include/wheeltec_mic_msg/wheeltec_mic_msg/srv/detail/get_device_type__rosidl_typesupport_introspection_c.h
[7.354s] -- Up-to-date symlink: /home/wheeltec/wheeltec_robot/install/wheeltec_mic_msg/include/wheeltec_mic_msg/wheeltec_mic_msg/srv/detail/get_offline_result__rosidl_typesupport_introspection_c.h
[7.354s] -- Up-to-date symlink: /home/wheeltec/wheeltec_robot/install/wheeltec_mic_msg/include/wheeltec_mic_msg/wheeltec_mic_msg/srv/detail/set_awake_word__rosidl_typesupport_introspection_c.h
[7.354s] -- Up-to-date symlink: /home/wheeltec/wheeltec_robot/install/wheeltec_mic_msg/include/wheeltec_mic_msg/wheeltec_mic_msg/srv/detail/set_major_mic__rosidl_typesupport_introspection_c.h
[7.354s] -- Up-to-date symlink: /home/wheeltec/wheeltec_robot/install/wheeltec_mic_msg/include/wheeltec_mic_msg/wheeltec_mic_msg/srv/detail/switch_mic__rosidl_typesupport_introspection_c.h
[7.354s] -- Up-to-date symlink: /home/wheeltec/wheeltec_robot/install/wheeltec_mic_msg/include/wheeltec_mic_msg/wheeltec_mic_msg/msg/detail/motion_control__rosidl_typesupport_introspection_cpp.hpp
[7.354s] -- Up-to-date symlink: /home/wheeltec/wheeltec_robot/install/wheeltec_mic_msg/include/wheeltec_mic_msg/wheeltec_mic_msg/msg/detail/pcm_msg__rosidl_typesupport_introspection_cpp.hpp
[7.354s] -- Up-to-date symlink: /home/wheeltec/wheeltec_robot/install/wheeltec_mic_msg/include/wheeltec_mic_msg/wheeltec_mic_msg/srv/detail/get_device_type__rosidl_typesupport_introspection_cpp.hpp
[7.354s] -- Up-to-date symlink: /home/wheeltec/wheeltec_robot/install/wheeltec_mic_msg/include/wheeltec_mic_msg/wheeltec_mic_msg/srv/detail/get_offline_result__rosidl_typesupport_introspection_cpp.hpp
[7.354s] -- Up-to-date symlink: /home/wheeltec/wheeltec_robot/install/wheeltec_mic_msg/include/wheeltec_mic_msg/wheeltec_mic_msg/srv/detail/set_awake_word__rosidl_typesupport_introspection_cpp.hpp
[7.354s] -- Up-to-date symlink: /home/wheeltec/wheeltec_robot/install/wheeltec_mic_msg/include/wheeltec_mic_msg/wheeltec_mic_msg/srv/detail/set_major_mic__rosidl_typesupport_introspection_cpp.hpp
[7.355s] -- Up-to-date symlink: /home/wheeltec/wheeltec_robot/install/wheeltec_mic_msg/include/wheeltec_mic_msg/wheeltec_mic_msg/srv/detail/switch_mic__rosidl_typesupport_introspection_cpp.hpp
[7.355s] -- Up-to-date symlink: /home/wheeltec/wheeltec_robot/install/wheeltec_mic_msg/share/wheeltec_mic_msg/environment/pythonpath.sh
[7.356s] -- Up-to-date symlink: /home/wheeltec/wheeltec_robot/install/wheeltec_mic_msg/share/wheeltec_mic_msg/environment/pythonpath.dsv
[7.356s] -- Up-to-date symlink: /home/wheeltec/wheeltec_robot/install/wheeltec_mic_msg/local/lib/python3.10/dist-packages/wheeltec_mic_msg-0.0.0-py3.10.egg-info/PKG-INFO
[7.357s] -- Up-to-date symlink: /home/wheeltec/wheeltec_robot/install/wheeltec_mic_msg/local/lib/python3.10/dist-packages/wheeltec_mic_msg-0.0.0-py3.10.egg-info/SOURCES.txt
[7.357s] -- Up-to-date symlink: /home/wheeltec/wheeltec_robot/install/wheeltec_mic_msg/local/lib/python3.10/dist-packages/wheeltec_mic_msg-0.0.0-py3.10.egg-info/dependency_links.txt
[7.358s] -- Up-to-date symlink: /home/wheeltec/wheeltec_robot/install/wheeltec_mic_msg/local/lib/python3.10/dist-packages/wheeltec_mic_msg-0.0.0-py3.10.egg-info/top_level.txt
[7.358s] -- Up-to-date symlink: /home/wheeltec/wheeltec_robot/install/wheeltec_mic_msg/local/lib/python3.10/dist-packages/wheeltec_mic_msg/__init__.py
[7.358s] -- Up-to-date symlink: /home/wheeltec/wheeltec_robot/install/wheeltec_mic_msg/local/lib/python3.10/dist-packages/wheeltec_mic_msg/_wheeltec_mic_msg_s.ep.rosidl_typesupport_c.c
[7.358s] -- Up-to-date symlink: /home/wheeltec/wheeltec_robot/install/wheeltec_mic_msg/local/lib/python3.10/dist-packages/wheeltec_mic_msg/_wheeltec_mic_msg_s.ep.rosidl_typesupport_fastrtps_c.c
[7.358s] -- Up-to-date symlink: /home/wheeltec/wheeltec_robot/install/wheeltec_mic_msg/local/lib/python3.10/dist-packages/wheeltec_mic_msg/_wheeltec_mic_msg_s.ep.rosidl_typesupport_introspection_c.c
[7.358s] -- Up-to-date symlink: /home/wheeltec/wheeltec_robot/install/wheeltec_mic_msg/local/lib/python3.10/dist-packages/wheeltec_mic_msg/libwheeltec_mic_msg__rosidl_generator_py.so
[7.358s] -- Up-to-date symlink: /home/wheeltec/wheeltec_robot/install/wheeltec_mic_msg/local/lib/python3.10/dist-packages/wheeltec_mic_msg/msg/__init__.py
[7.358s] -- Up-to-date symlink: /home/wheeltec/wheeltec_robot/install/wheeltec_mic_msg/local/lib/python3.10/dist-packages/wheeltec_mic_msg/msg/_motion_control.py
[7.358s] -- Up-to-date symlink: /home/wheeltec/wheeltec_robot/install/wheeltec_mic_msg/local/lib/python3.10/dist-packages/wheeltec_mic_msg/msg/_motion_control_s.c
[7.359s] -- Up-to-date symlink: /home/wheeltec/wheeltec_robot/install/wheeltec_mic_msg/local/lib/python3.10/dist-packages/wheeltec_mic_msg/msg/_pcm_msg.py
[7.359s] -- Up-to-date symlink: /home/wheeltec/wheeltec_robot/install/wheeltec_mic_msg/local/lib/python3.10/dist-packages/wheeltec_mic_msg/msg/_pcm_msg_s.c
[7.359s] -- Up-to-date symlink: /home/wheeltec/wheeltec_robot/install/wheeltec_mic_msg/local/lib/python3.10/dist-packages/wheeltec_mic_msg/srv/__init__.py
[7.359s] -- Up-to-date symlink: /home/wheeltec/wheeltec_robot/install/wheeltec_mic_msg/local/lib/python3.10/dist-packages/wheeltec_mic_msg/srv/_get_device_type.py
[7.359s] -- Up-to-date symlink: /home/wheeltec/wheeltec_robot/install/wheeltec_mic_msg/local/lib/python3.10/dist-packages/wheeltec_mic_msg/srv/_get_device_type_s.c
[7.359s] -- Up-to-date symlink: /home/wheeltec/wheeltec_robot/install/wheeltec_mic_msg/local/lib/python3.10/dist-packages/wheeltec_mic_msg/srv/_get_offline_result.py
[7.359s] -- Up-to-date symlink: /home/wheeltec/wheeltec_robot/install/wheeltec_mic_msg/local/lib/python3.10/dist-packages/wheeltec_mic_msg/srv/_get_offline_result_s.c
[7.359s] -- Up-to-date symlink: /home/wheeltec/wheeltec_robot/install/wheeltec_mic_msg/local/lib/python3.10/dist-packages/wheeltec_mic_msg/srv/_set_awake_word.py
[7.359s] -- Up-to-date symlink: /home/wheeltec/wheeltec_robot/install/wheeltec_mic_msg/local/lib/python3.10/dist-packages/wheeltec_mic_msg/srv/_set_awake_word_s.c
[7.360s] -- Up-to-date symlink: /home/wheeltec/wheeltec_robot/install/wheeltec_mic_msg/local/lib/python3.10/dist-packages/wheeltec_mic_msg/srv/_set_major_mic.py
[7.360s] -- Up-to-date symlink: /home/wheeltec/wheeltec_robot/install/wheeltec_mic_msg/local/lib/python3.10/dist-packages/wheeltec_mic_msg/srv/_set_major_mic_s.c
[7.360s] -- Up-to-date symlink: /home/wheeltec/wheeltec_robot/install/wheeltec_mic_msg/local/lib/python3.10/dist-packages/wheeltec_mic_msg/srv/_switch_mic.py
[7.360s] -- Up-to-date symlink: /home/wheeltec/wheeltec_robot/install/wheeltec_mic_msg/local/lib/python3.10/dist-packages/wheeltec_mic_msg/srv/_switch_mic_s.c
[7.360s] -- Up-to-date symlink: /home/wheeltec/wheeltec_robot/install/wheeltec_mic_msg/local/lib/python3.10/dist-packages/wheeltec_mic_msg/wheeltec_mic_msg_s__rosidl_typesupport_c.cpython-310-aarch64-linux-gnu.so
[7.360s] -- Up-to-date symlink: /home/wheeltec/wheeltec_robot/install/wheeltec_mic_msg/local/lib/python3.10/dist-packages/wheeltec_mic_msg/wheeltec_mic_msg_s__rosidl_typesupport_fastrtps_c.cpython-310-aarch64-linux-gnu.so
[7.360s] -- Up-to-date symlink: /home/wheeltec/wheeltec_robot/install/wheeltec_mic_msg/local/lib/python3.10/dist-packages/wheeltec_mic_msg/wheeltec_mic_msg_s__rosidl_typesupport_introspection_c.cpython-310-aarch64-linux-gnu.so
[7.360s] -- Up-to-date symlink: /home/wheeltec/wheeltec_robot/install/wheeltec_mic_msg/local/lib/python3.10/dist-packages/wheeltec_mic_msg/wheeltec_mic_msg_s__rosidl_typesupport_fastrtps_c.cpython-310-aarch64-linux-gnu.so
[7.360s] -- Up-to-date symlink: /home/wheeltec/wheeltec_robot/install/wheeltec_mic_msg/local/lib/python3.10/dist-packages/wheeltec_mic_msg/wheeltec_mic_msg_s__rosidl_typesupport_introspection_c.cpython-310-aarch64-linux-gnu.so
[7.360s] -- Up-to-date symlink: /home/wheeltec/wheeltec_robot/install/wheeltec_mic_msg/local/lib/python3.10/dist-packages/wheeltec_mic_msg/wheeltec_mic_msg_s__rosidl_typesupport_c.cpython-310-aarch64-linux-gnu.so
[7.360s] -- Up-to-date symlink: /home/wheeltec/wheeltec_robot/install/wheeltec_mic_msg/share/wheeltec_mic_msg/msg/PcmMsg.idl
[7.361s] -- Up-to-date symlink: /home/wheeltec/wheeltec_robot/install/wheeltec_mic_msg/share/wheeltec_mic_msg/msg/MotionControl.idl
[7.361s] -- Up-to-date symlink: /home/wheeltec/wheeltec_robot/install/wheeltec_mic_msg/share/wheeltec_mic_msg/srv/GetDeviceType.idl
[7.361s] -- Up-to-date symlink: /home/wheeltec/wheeltec_robot/install/wheeltec_mic_msg/share/wheeltec_mic_msg/srv/GetOfflineResult.idl
[7.361s] -- Up-to-date symlink: /home/wheeltec/wheeltec_robot/install/wheeltec_mic_msg/share/wheeltec_mic_msg/srv/SetAwakeWord.idl
[7.361s] -- Up-to-date symlink: /home/wheeltec/wheeltec_robot/install/wheeltec_mic_msg/share/wheeltec_mic_msg/srv/SetMajorMic.idl
[7.361s] -- Up-to-date symlink: /home/wheeltec/wheeltec_robot/install/wheeltec_mic_msg/share/wheeltec_mic_msg/srv/SwitchMic.idl
[7.361s] -- Up-to-date symlink: /home/wheeltec/wheeltec_robot/install/wheeltec_mic_msg/share/wheeltec_mic_msg/msg/PcmMsg.msg
[7.361s] -- Up-to-date symlink: /home/wheeltec/wheeltec_robot/install/wheeltec_mic_msg/share/wheeltec_mic_msg/msg/MotionControl.msg
[7.361s] -- Up-to-date symlink: /home/wheeltec/wheeltec_robot/install/wheeltec_mic_msg/share/wheeltec_mic_msg/srv/GetDeviceType.srv
[7.361s] -- Up-to-date symlink: /home/wheeltec/wheeltec_robot/install/wheeltec_mic_msg/share/wheeltec_mic_msg/srv/GetDeviceType_Request.msg
[7.362s] -- Up-to-date symlink: /home/wheeltec/wheeltec_robot/install/wheeltec_mic_msg/share/wheeltec_mic_msg/srv/GetDeviceType_Response.msg
[7.362s] -- Up-to-date symlink: /home/wheeltec/wheeltec_robot/install/wheeltec_mic_msg/share/wheeltec_mic_msg/srv/GetOfflineResult.srv
[7.362s] -- Up-to-date symlink: /home/wheeltec/wheeltec_robot/install/wheeltec_mic_msg/share/wheeltec_mic_msg/srv/GetOfflineResult_Request.msg
[7.362s] -- Up-to-date symlink: /home/wheeltec/wheeltec_robot/install/wheeltec_mic_msg/share/wheeltec_mic_msg/srv/GetOfflineResult_Response.msg
[7.362s] -- Up-to-date symlink: /home/wheeltec/wheeltec_robot/install/wheeltec_mic_msg/share/wheeltec_mic_msg/srv/SetAwakeWord.srv
[7.362s] -- Up-to-date symlink: /home/wheeltec/wheeltec_robot/install/wheeltec_mic_msg/share/wheeltec_mic_msg/srv/SetAwakeWord_Request.msg
[7.362s] -- Up-to-date symlink: /home/wheeltec/wheeltec_robot/install/wheeltec_mic_msg/share/wheeltec_mic_msg/srv/SetAwakeWord_Response.msg
[7.362s] -- Up-to-date symlink: /home/wheeltec/wheeltec_robot/install/wheeltec_mic_msg/share/wheeltec_mic_msg/srv/SetMajorMic.srv
[7.362s] -- Up-to-date symlink: /home/wheeltec/wheeltec_robot/install/wheeltec_mic_msg/share/wheeltec_mic_msg/srv/SetMajorMic_Request.msg
[7.362s] -- Up-to-date symlink: /home/wheeltec/wheeltec_robot/install/wheeltec_mic_msg/share/wheeltec_mic_msg/srv/SetMajorMic_Response.msg
[7.362s] -- Up-to-date symlink: /home/wheeltec/wheeltec_robot/install/wheeltec_mic_msg/share/wheeltec_mic_msg/srv/SwitchMic.srv
[7.363s] -- Up-to-date symlink: /home/wheeltec/wheeltec_robot/install/wheeltec_mic_msg/share/wheeltec_mic_msg/srv/SwitchMic_Request.msg
[7.363s] -- Up-to-date symlink: /home/wheeltec/wheeltec_robot/install/wheeltec_mic_msg/share/wheeltec_mic_msg/srv/SwitchMic_Response.msg
[7.363s] -- Up-to-date symlink: /home/wheeltec/wheeltec_robot/install/wheeltec_mic_msg/share/ament_index/resource_index/package_run_dependencies/wheeltec_mic_msg
[7.363s] -- Up-to-date symlink: /home/wheeltec/wheeltec_robot/install/wheeltec_mic_msg/share/ament_index/resource_index/parent_prefix_path/wheeltec_mic_msg
[7.363s] -- Up-to-date symlink: /home/wheeltec/wheeltec_robot/install/wheeltec_mic_msg/share/wheeltec_mic_msg/environment/ament_prefix_path.sh
[7.368s] -- Up-to-date symlink: /home/wheeltec/wheeltec_robot/install/wheeltec_mic_msg/share/wheeltec_mic_msg/environment/ament_prefix_path.dsv
[7.369s] -- Up-to-date symlink: /home/wheeltec/wheeltec_robot/install/wheeltec_mic_msg/share/wheeltec_mic_msg/environment/path.sh
[7.369s] -- Up-to-date symlink: /home/wheeltec/wheeltec_robot/install/wheeltec_mic_msg/share/wheeltec_mic_msg/environment/path.dsv
[7.369s] -- Up-to-date symlink: /home/wheeltec/wheeltec_robot/install/wheeltec_mic_msg/share/wheeltec_mic_msg/local_setup.bash
[7.369s] -- Up-to-date symlink: /home/wheeltec/wheeltec_robot/install/wheeltec_mic_msg/share/wheeltec_mic_msg/local_setup.sh
[7.369s] -- Up-to-date symlink: /home/wheeltec/wheeltec_robot/install/wheeltec_mic_msg/share/wheeltec_mic_msg/local_setup.zsh
[7.369s] -- Up-to-date symlink: /home/wheeltec/wheeltec_robot/install/wheeltec_mic_msg/share/wheeltec_mic_msg/local_setup.dsv
[7.369s] -- Up-to-date symlink: /home/wheeltec/wheeltec_robot/install/wheeltec_mic_msg/share/wheeltec_mic_msg/package.dsv
[7.369s] -- Up-to-date symlink: /home/wheeltec/wheeltec_robot/install/wheeltec_mic_msg/share/ament_index/resource_index/packages/wheeltec_mic_msg
[7.370s] -- Up-to-date symlink: /home/wheeltec/wheeltec_robot/install/wheeltec_mic_msg/share/wheeltec_mic_msg/cmake/rosidl_cmake-extras.cmake
[7.370s] -- Up-to-date symlink: /home/wheeltec/wheeltec_robot/install/wheeltec_mic_msg/share/wheeltec_mic_msg/cmake/ament_cmake_export_dependencies-extras.cmake
[7.370s] -- Up-to-date symlink: /home/wheeltec/wheeltec_robot/install/wheeltec_mic_msg/share/wheeltec_mic_msg/cmake/ament_cmake_export_include_directories-extras.cmake
[7.371s] -- Up-to-date symlink: /home/wheeltec/wheeltec_robot/install/wheeltec_mic_msg/share/wheeltec_mic_msg/cmake/ament_cmake_export_libraries-extras.cmake
[7.371s] -- Up-to-date symlink: /home/wheeltec/wheeltec_robot/install/wheeltec_mic_msg/share/wheeltec_mic_msg/cmake/ament_cmake_export_targets-extras.cmake
[7.371s] -- Up-to-date symlink: /home/wheeltec/wheeltec_robot/install/wheeltec_mic_msg/share/wheeltec_mic_msg/cmake/rosidl_cmake_export_typesupport_targets-extras.cmake
[7.371s] -- Up-to-date symlink: /home/wheeltec/wheeltec_robot/install/wheeltec_mic_msg/share/wheeltec_mic_msg/cmake/rosidl_cmake_export_typesupport_libraries-extras.cmake
[7.371s] -- Up-to-date symlink: /home/wheeltec/wheeltec_robot/install/wheeltec_mic_msg/share/wheeltec_mic_msg/cmake/wheeltec_mic_msgConfig.cmake
[7.371s] -- Up-to-date symlink: /home/wheeltec/wheeltec_robot/install/wheeltec_mic_msg/share/wheeltec_mic_msg/cmake/wheeltec_mic_msgConfig-version.cmake
[7.371s] -- Up-to-date symlink: /home/wheeltec/wheeltec_robot/install/wheeltec_mic_msg/share/wheeltec_mic_msg/package.xml
[7.371s] -- Up-to-date: /home/wheeltec/wheeltec_robot/install/wheeltec_mic_msg/lib/libwheeltec_mic_msg__rosidl_generator_c.so
[7.371s] -- Up-to-date: /home/wheeltec/wheeltec_robot/install/wheeltec_mic_msg/lib/libwheeltec_mic_msg__rosidl_typesupport_fastrtps_c.so
[7.371s] -- Up-to-date: /home/wheeltec/wheeltec_robot/install/wheeltec_mic_msg/lib/libwheeltec_mic_msg__rosidl_typesupport_fastrtps_cpp.so
[7.372s] -- Up-to-date: /home/wheeltec/wheeltec_robot/install/wheeltec_mic_msg/lib/libwheeltec_mic_msg__rosidl_typesupport_introspection_c.so
[7.372s] -- Up-to-date: /home/wheeltec/wheeltec_robot/install/wheeltec_mic_msg/lib/libwheeltec_mic_msg__rosidl_typesupport_c.so
[7.372s] -- Up-to-date: /home/wheeltec/wheeltec_robot/install/wheeltec_mic_msg/lib/libwheeltec_mic_msg__rosidl_typesupport_introspection_cpp.so
[7.372s] -- Up-to-date: /home/wheeltec/wheeltec_robot/install/wheeltec_mic_msg/lib/libwheeltec_mic_msg__rosidl_typesupport_cpp.so
[7.517s] Listing '/home/wheeltec/wheeltec_robot/install/wheeltec_mic_msg/local/lib/python3.10/dist-packages/wheeltec_mic_msg'...
[7.518s] Compiling '/home/wheeltec/wheeltec_robot/install/wheeltec_mic_msg/local/lib/python3.10/dist-packages/wheeltec_mic_msg/__init__.py'...
[7.518s] Listing '/home/wheeltec/wheeltec_robot/install/wheeltec_mic_msg/local/lib/python3.10/dist-packages/wheeltec_mic_msg/msg'...
[7.518s] Listing '/home/wheeltec/wheeltec_robot/install/wheeltec_mic_msg/local/lib/python3.10/dist-packages/wheeltec_mic_msg/srv'...
[7.544s] -- Up-to-date: /home/wheeltec/wheeltec_robot/install/wheeltec_mic_msg/lib/libwheeltec_mic_msg__rosidl_generator_py.so
[7.545s] -- Up-to-date: /home/wheeltec/wheeltec_robot/install/wheeltec_mic_msg/share/wheeltec_mic_msg/cmake/export_wheeltec_mic_msg__rosidl_generator_cExport.cmake
[7.545s] -- Up-to-date: /home/wheeltec/wheeltec_robot/install/wheeltec_mic_msg/share/wheeltec_mic_msg/cmake/export_wheeltec_mic_msg__rosidl_generator_cExport-noconfig.cmake
[7.545s] -- Up-to-date: /home/wheeltec/wheeltec_robot/install/wheeltec_mic_msg/share/wheeltec_mic_msg/cmake/export_wheeltec_mic_msg__rosidl_typesupport_fastrtps_cExport.cmake
[7.545s] -- Up-to-date: /home/wheeltec/wheeltec_robot/install/wheeltec_mic_msg/share/wheeltec_mic_msg/cmake/export_wheeltec_mic_msg__rosidl_typesupport_fastrtps_cExport-noconfig.cmake
[7.545s] -- Up-to-date: /home/wheeltec/wheeltec_robot/install/wheeltec_mic_msg/share/wheeltec_mic_msg/cmake/export_wheeltec_mic_msg__rosidl_generator_cppExport.cmake
[7.545s] -- Up-to-date: /home/wheeltec/wheeltec_robot/install/wheeltec_mic_msg/share/wheeltec_mic_msg/cmake/export_wheeltec_mic_msg__rosidl_typesupport_fastrtps_cppExport.cmake
[7.545s] -- Up-to-date: /home/wheeltec/wheeltec_robot/install/wheeltec_mic_msg/share/wheeltec_mic_msg/cmake/export_wheeltec_mic_msg__rosidl_typesupport_fastrtps_cppExport-noconfig.cmake
[7.546s] -- Up-to-date: /home/wheeltec/wheeltec_robot/install/wheeltec_mic_msg/share/wheeltec_mic_msg/cmake/wheeltec_mic_msg__rosidl_typesupport_introspection_cExport.cmake
[7.546s] -- Up-to-date: /home/wheeltec/wheeltec_robot/install/wheeltec_mic_msg/share/wheeltec_mic_msg/cmake/wheeltec_mic_msg__rosidl_typesupport_introspection_cExport-noconfig.cmake
[7.546s] -- Up-to-date: /home/wheeltec/wheeltec_robot/install/wheeltec_mic_msg/share/wheeltec_mic_msg/cmake/wheeltec_mic_msg__rosidl_typesupport_cExport.cmake
[7.546s] -- Up-to-date: /home/wheeltec/wheeltec_robot/install/wheeltec_mic_msg/share/wheeltec_mic_msg/cmake/wheeltec_mic_msg__rosidl_typesupport_cExport-noconfig.cmake
[7.546s] -- Up-to-date: /home/wheeltec/wheeltec_robot/install/wheeltec_mic_msg/share/wheeltec_mic_msg/cmake/wheeltec_mic_msg__rosidl_typesupport_introspection_cppExport.cmake
[7.546s] -- Up-to-date: /home/wheeltec/wheeltec_robot/install/wheeltec_mic_msg/share/wheeltec_mic_msg/cmake/wheeltec_mic_msg__rosidl_typesupport_introspection_cppExport-noconfig.cmake
[7.546s] -- Up-to-date: /home/wheeltec/wheeltec_robot/install/wheeltec_mic_msg/share/wheeltec_mic_msg/cmake/wheeltec_mic_msg__rosidl_typesupport_cppExport.cmake
[7.546s] -- Up-to-date: /home/wheeltec/wheeltec_robot/install/wheeltec_mic_msg/share/wheeltec_mic_msg/cmake/wheeltec_mic_msg__rosidl_typesupport_cppExport-noconfig.cmake
[7.547s] -- Up-to-date: /home/wheeltec/wheeltec_robot/install/wheeltec_mic_msg/share/wheeltec_mic_msg/cmake/export_wheeltec_mic_msg__rosidl_generator_pyExport.cmake
[7.547s] -- Up-to-date: /home/wheeltec/wheeltec_robot/install/wheeltec_mic_msg/share/wheeltec_mic_msg/cmake/export_wheeltec_mic_msg__rosidl_generator_pyExport-noconfig.cmake
[7.556s] Invoked command in '/home/wheeltec/wheeltec_robot/build/wheeltec_mic_msg' returned '0': CMAKE_PREFIX_PATH=/opt/ros/humble /usr/bin/cmake --install /home/wheeltec/wheeltec_robot/build/wheeltec_mic_msg
