[0.067s] Invoking command in '/home/wheeltec/wheeltec_robot/build/wheeltec_mic_msg': CMAKE_PREFIX_PATH=${CMAKE_PREFIX_PATH}:/opt/ros/humble /usr/bin/cmake --build /home/wheeltec/wheeltec_robot/build/wheeltec_mic_msg -- -j8 -l8
[1.438s] [  1%] Built target wheeltec_mic_msg__cpp
[1.438s] [  1%] Built target ament_cmake_python_symlink_wheeltec_mic_msg
[1.438s] [35m[1mConsolidate compiler generated dependencies of target wheeltec_mic_msg__rosidl_typesupport_introspection_cpp[0m
[1.438s] [ 12%] Built target wheeltec_mic_msg__rosidl_typesupport_introspection_cpp
[1.495s] running egg_info
[1.554s] writing wheeltec_mic_msg.egg-info/PKG-INFO
[1.554s] writing dependency_links to wheeltec_mic_msg.egg-info/dependency_links.txt
[1.555s] writing top-level names to wheeltec_mic_msg.egg-info/top_level.txt
[1.754s] reading manifest file 'wheeltec_mic_msg.egg-info/SOURCES.txt'
[1.756s] writing manifest file 'wheeltec_mic_msg.egg-info/SOURCES.txt'
[2.007s] [ 12%] Built target ament_cmake_python_build_wheeltec_mic_msg_egg
[2.072s] [35m[1mConsolidate compiler generated dependencies of target wheeltec_mic_msg__rosidl_typesupport_fastrtps_cpp[0m
[2.220s] [ 24%] Built target wheeltec_mic_msg__rosidl_typesupport_fastrtps_cpp
[2.356s] [35m[1mConsolidate compiler generated dependencies of target wheeltec_mic_msg__rosidl_typesupport_cpp[0m
[2.450s] [ 35%] Built target wheeltec_mic_msg__rosidl_typesupport_cpp
[2.558s] [35m[1mConsolidate compiler generated dependencies of target wheeltec_mic_msg__rosidl_generator_c[0m
[2.654s] [ 46%] Built target wheeltec_mic_msg__rosidl_generator_c
[2.723s] [35m[1mConsolidate compiler generated dependencies of target wheeltec_mic_msg__rosidl_typesupport_fastrtps_c[0m
[2.819s] [ 58%] Built target wheeltec_mic_msg__rosidl_typesupport_fastrtps_c
[2.883s] [35m[1mConsolidate compiler generated dependencies of target wheeltec_mic_msg__rosidl_typesupport_c[0m
[2.971s] [ 69%] Built target wheeltec_mic_msg__rosidl_typesupport_c
[3.058s] [35m[1mConsolidate compiler generated dependencies of target wheeltec_mic_msg__rosidl_typesupport_introspection_c[0m
[3.165s] [ 81%] Built target wheeltec_mic_msg__rosidl_typesupport_introspection_c
[3.406s] [ 81%] Built target wheeltec_mic_msg
[3.534s] [ 82%] Built target wheeltec_mic_msg__py
[3.641s] [35m[1mConsolidate compiler generated dependencies of target wheeltec_mic_msg__rosidl_generator_py[0m
[3.784s] [ 92%] Built target wheeltec_mic_msg__rosidl_generator_py
[3.908s] [35m[1mConsolidate compiler generated dependencies of target wheeltec_mic_msg__rosidl_typesupport_fastrtps_c__pyext[0m
[3.982s] [ 94%] Built target wheeltec_mic_msg__rosidl_typesupport_fastrtps_c__pyext
[4.053s] [35m[1mConsolidate compiler generated dependencies of target wheeltec_mic_msg__rosidl_typesupport_c__pyext[0m
[4.173s] [ 97%] Built target wheeltec_mic_msg__rosidl_typesupport_c__pyext
[4.262s] [35m[1mConsolidate compiler generated dependencies of target wheeltec_mic_msg__rosidl_typesupport_introspection_c__pyext[0m
[4.356s] [100%] Built target wheeltec_mic_msg__rosidl_typesupport_introspection_c__pyext
[4.410s] Invoked command in '/home/wheeltec/wheeltec_robot/build/wheeltec_mic_msg' returned '0': CMAKE_PREFIX_PATH=${CMAKE_PREFIX_PATH}:/opt/ros/humble /usr/bin/cmake --build /home/wheeltec/wheeltec_robot/build/wheeltec_mic_msg -- -j8 -l8
[4.427s] Invoking command in '/home/wheeltec/wheeltec_robot/build/wheeltec_mic_msg': CMAKE_PREFIX_PATH=${CMAKE_PREFIX_PATH}:/opt/ros/humble /usr/bin/cmake --install /home/wheeltec/wheeltec_robot/build/wheeltec_mic_msg
[6.812s] -- Install configuration: ""
[6.813s] -- Execute custom install script
[6.813s] -- Symlinking: /home/wheeltec/wheeltec_robot/install/wheeltec_mic_msg/share/ament_index/resource_index/rosidl_interfaces/wheeltec_mic_msg
[6.813s] -- Symlinking: /home/wheeltec/wheeltec_robot/install/wheeltec_mic_msg/include/wheeltec_mic_msg/wheeltec_mic_msg/msg/detail/motion_control__functions.h
[6.813s] -- Symlinking: /home/wheeltec/wheeltec_robot/install/wheeltec_mic_msg/include/wheeltec_mic_msg/wheeltec_mic_msg/msg/detail/motion_control__struct.h
[6.813s] -- Symlinking: /home/wheeltec/wheeltec_robot/install/wheeltec_mic_msg/include/wheeltec_mic_msg/wheeltec_mic_msg/msg/detail/motion_control__type_support.h
[6.813s] -- Symlinking: /home/wheeltec/wheeltec_robot/install/wheeltec_mic_msg/include/wheeltec_mic_msg/wheeltec_mic_msg/msg/detail/pcm_msg__functions.h
[6.813s] -- Symlinking: /home/wheeltec/wheeltec_robot/install/wheeltec_mic_msg/include/wheeltec_mic_msg/wheeltec_mic_msg/msg/detail/pcm_msg__struct.h
[6.813s] -- Symlinking: /home/wheeltec/wheeltec_robot/install/wheeltec_mic_msg/include/wheeltec_mic_msg/wheeltec_mic_msg/msg/detail/pcm_msg__type_support.h
[6.814s] -- Symlinking: /home/wheeltec/wheeltec_robot/install/wheeltec_mic_msg/include/wheeltec_mic_msg/wheeltec_mic_msg/msg/motion_control.h
[6.814s] -- Symlinking: /home/wheeltec/wheeltec_robot/install/wheeltec_mic_msg/include/wheeltec_mic_msg/wheeltec_mic_msg/msg/pcm_msg.h
[6.814s] -- Symlinking: /home/wheeltec/wheeltec_robot/install/wheeltec_mic_msg/include/wheeltec_mic_msg/wheeltec_mic_msg/msg/rosidl_generator_c__visibility_control.h
[6.814s] -- Symlinking: /home/wheeltec/wheeltec_robot/install/wheeltec_mic_msg/include/wheeltec_mic_msg/wheeltec_mic_msg/srv/detail/get_device_type__functions.h
[6.814s] -- Symlinking: /home/wheeltec/wheeltec_robot/install/wheeltec_mic_msg/include/wheeltec_mic_msg/wheeltec_mic_msg/srv/detail/get_device_type__struct.h
[6.814s] -- Symlinking: /home/wheeltec/wheeltec_robot/install/wheeltec_mic_msg/include/wheeltec_mic_msg/wheeltec_mic_msg/srv/detail/get_device_type__type_support.h
[6.814s] -- Symlinking: /home/wheeltec/wheeltec_robot/install/wheeltec_mic_msg/include/wheeltec_mic_msg/wheeltec_mic_msg/srv/detail/get_offline_result__functions.h
[6.814s] -- Symlinking: /home/wheeltec/wheeltec_robot/install/wheeltec_mic_msg/include/wheeltec_mic_msg/wheeltec_mic_msg/srv/detail/get_offline_result__struct.h
[6.814s] -- Symlinking: /home/wheeltec/wheeltec_robot/install/wheeltec_mic_msg/include/wheeltec_mic_msg/wheeltec_mic_msg/srv/detail/get_offline_result__type_support.h
[6.815s] -- Symlinking: /home/wheeltec/wheeltec_robot/install/wheeltec_mic_msg/include/wheeltec_mic_msg/wheeltec_mic_msg/srv/detail/set_awake_word__functions.h
[6.815s] -- Symlinking: /home/wheeltec/wheeltec_robot/install/wheeltec_mic_msg/include/wheeltec_mic_msg/wheeltec_mic_msg/srv/detail/set_awake_word__struct.h
[6.815s] -- Symlinking: /home/wheeltec/wheeltec_robot/install/wheeltec_mic_msg/include/wheeltec_mic_msg/wheeltec_mic_msg/srv/detail/set_awake_word__type_support.h
[6.815s] -- Symlinking: /home/wheeltec/wheeltec_robot/install/wheeltec_mic_msg/include/wheeltec_mic_msg/wheeltec_mic_msg/srv/detail/set_major_mic__functions.h
[6.815s] -- Symlinking: /home/wheeltec/wheeltec_robot/install/wheeltec_mic_msg/include/wheeltec_mic_msg/wheeltec_mic_msg/srv/detail/set_major_mic__struct.h
[6.815s] -- Symlinking: /home/wheeltec/wheeltec_robot/install/wheeltec_mic_msg/include/wheeltec_mic_msg/wheeltec_mic_msg/srv/detail/set_major_mic__type_support.h
[6.815s] -- Symlinking: /home/wheeltec/wheeltec_robot/install/wheeltec_mic_msg/include/wheeltec_mic_msg/wheeltec_mic_msg/srv/detail/switch_mic__functions.h
[6.815s] -- Symlinking: /home/wheeltec/wheeltec_robot/install/wheeltec_mic_msg/include/wheeltec_mic_msg/wheeltec_mic_msg/srv/detail/switch_mic__struct.h
[6.815s] -- Symlinking: /home/wheeltec/wheeltec_robot/install/wheeltec_mic_msg/include/wheeltec_mic_msg/wheeltec_mic_msg/srv/detail/switch_mic__type_support.h
[6.815s] -- Symlinking: /home/wheeltec/wheeltec_robot/install/wheeltec_mic_msg/include/wheeltec_mic_msg/wheeltec_mic_msg/srv/get_device_type.h
[6.815s] -- Symlinking: /home/wheeltec/wheeltec_robot/install/wheeltec_mic_msg/include/wheeltec_mic_msg/wheeltec_mic_msg/srv/get_offline_result.h
[6.816s] -- Symlinking: /home/wheeltec/wheeltec_robot/install/wheeltec_mic_msg/include/wheeltec_mic_msg/wheeltec_mic_msg/srv/set_awake_word.h
[6.816s] -- Symlinking: /home/wheeltec/wheeltec_robot/install/wheeltec_mic_msg/include/wheeltec_mic_msg/wheeltec_mic_msg/srv/set_major_mic.h
[6.816s] -- Symlinking: /home/wheeltec/wheeltec_robot/install/wheeltec_mic_msg/include/wheeltec_mic_msg/wheeltec_mic_msg/srv/switch_mic.h
[6.816s] -- Symlinking: /home/wheeltec/wheeltec_robot/install/wheeltec_mic_msg/share/wheeltec_mic_msg/environment/library_path.sh
[6.816s] -- Symlinking: /home/wheeltec/wheeltec_robot/install/wheeltec_mic_msg/share/wheeltec_mic_msg/environment/library_path.dsv
[6.816s] -- Symlinking: /home/wheeltec/wheeltec_robot/install/wheeltec_mic_msg/include/wheeltec_mic_msg/wheeltec_mic_msg/msg/detail/motion_control__rosidl_typesupport_fastrtps_c.h
[6.816s] -- Symlinking: /home/wheeltec/wheeltec_robot/install/wheeltec_mic_msg/include/wheeltec_mic_msg/wheeltec_mic_msg/msg/detail/pcm_msg__rosidl_typesupport_fastrtps_c.h
[6.816s] -- Symlinking: /home/wheeltec/wheeltec_robot/install/wheeltec_mic_msg/include/wheeltec_mic_msg/wheeltec_mic_msg/msg/rosidl_typesupport_fastrtps_c__visibility_control.h
[6.816s] -- Symlinking: /home/wheeltec/wheeltec_robot/install/wheeltec_mic_msg/include/wheeltec_mic_msg/wheeltec_mic_msg/srv/detail/get_device_type__rosidl_typesupport_fastrtps_c.h
[6.816s] -- Symlinking: /home/wheeltec/wheeltec_robot/install/wheeltec_mic_msg/include/wheeltec_mic_msg/wheeltec_mic_msg/srv/detail/get_offline_result__rosidl_typesupport_fastrtps_c.h
[6.817s] -- Symlinking: /home/wheeltec/wheeltec_robot/install/wheeltec_mic_msg/include/wheeltec_mic_msg/wheeltec_mic_msg/srv/detail/set_awake_word__rosidl_typesupport_fastrtps_c.h
[6.817s] -- Symlinking: /home/wheeltec/wheeltec_robot/install/wheeltec_mic_msg/include/wheeltec_mic_msg/wheeltec_mic_msg/srv/detail/set_major_mic__rosidl_typesupport_fastrtps_c.h
[6.817s] -- Symlinking: /home/wheeltec/wheeltec_robot/install/wheeltec_mic_msg/include/wheeltec_mic_msg/wheeltec_mic_msg/srv/detail/switch_mic__rosidl_typesupport_fastrtps_c.h
[6.858s] -- Symlinking: /home/wheeltec/wheeltec_robot/install/wheeltec_mic_msg/include/wheeltec_mic_msg/wheeltec_mic_msg/msg/detail/motion_control__builder.hpp
[6.924s] -- Symlinking: /home/wheeltec/wheeltec_robot/install/wheeltec_mic_msg/include/wheeltec_mic_msg/wheeltec_mic_msg/msg/detail/motion_control__struct.hpp
[6.999s] -- Symlinking: /home/wheeltec/wheeltec_robot/install/wheeltec_mic_msg/include/wheeltec_mic_msg/wheeltec_mic_msg/msg/detail/motion_control__traits.hpp
[7.053s] -- Symlinking: /home/wheeltec/wheeltec_robot/install/wheeltec_mic_msg/include/wheeltec_mic_msg/wheeltec_mic_msg/msg/detail/motion_control__type_support.hpp
[7.135s] -- Symlinking: /home/wheeltec/wheeltec_robot/install/wheeltec_mic_msg/include/wheeltec_mic_msg/wheeltec_mic_msg/msg/detail/pcm_msg__builder.hpp
[7.204s] -- Symlinking: /home/wheeltec/wheeltec_robot/install/wheeltec_mic_msg/include/wheeltec_mic_msg/wheeltec_mic_msg/msg/detail/pcm_msg__struct.hpp
[7.266s] -- Symlinking: /home/wheeltec/wheeltec_robot/install/wheeltec_mic_msg/include/wheeltec_mic_msg/wheeltec_mic_msg/msg/detail/pcm_msg__traits.hpp
[7.315s] -- Symlinking: /home/wheeltec/wheeltec_robot/install/wheeltec_mic_msg/include/wheeltec_mic_msg/wheeltec_mic_msg/msg/detail/pcm_msg__type_support.hpp
[7.395s] -- Symlinking: /home/wheeltec/wheeltec_robot/install/wheeltec_mic_msg/include/wheeltec_mic_msg/wheeltec_mic_msg/msg/motion_control.hpp
[7.453s] -- Symlinking: /home/wheeltec/wheeltec_robot/install/wheeltec_mic_msg/include/wheeltec_mic_msg/wheeltec_mic_msg/msg/pcm_msg.hpp
[7.490s] -- Symlinking: /home/wheeltec/wheeltec_robot/install/wheeltec_mic_msg/include/wheeltec_mic_msg/wheeltec_mic_msg/msg/rosidl_generator_cpp__visibility_control.hpp
[7.532s] -- Symlinking: /home/wheeltec/wheeltec_robot/install/wheeltec_mic_msg/include/wheeltec_mic_msg/wheeltec_mic_msg/srv/detail/get_device_type__builder.hpp
[7.579s] -- Symlinking: /home/wheeltec/wheeltec_robot/install/wheeltec_mic_msg/include/wheeltec_mic_msg/wheeltec_mic_msg/srv/detail/get_device_type__struct.hpp
[7.633s] -- Symlinking: /home/wheeltec/wheeltec_robot/install/wheeltec_mic_msg/include/wheeltec_mic_msg/wheeltec_mic_msg/srv/detail/get_device_type__traits.hpp
[7.680s] -- Symlinking: /home/wheeltec/wheeltec_robot/install/wheeltec_mic_msg/include/wheeltec_mic_msg/wheeltec_mic_msg/srv/detail/get_device_type__type_support.hpp
[7.718s] -- Symlinking: /home/wheeltec/wheeltec_robot/install/wheeltec_mic_msg/include/wheeltec_mic_msg/wheeltec_mic_msg/srv/detail/get_offline_result__builder.hpp
[7.774s] -- Symlinking: /home/wheeltec/wheeltec_robot/install/wheeltec_mic_msg/include/wheeltec_mic_msg/wheeltec_mic_msg/srv/detail/get_offline_result__struct.hpp
[7.823s] -- Symlinking: /home/wheeltec/wheeltec_robot/install/wheeltec_mic_msg/include/wheeltec_mic_msg/wheeltec_mic_msg/srv/detail/get_offline_result__traits.hpp
[7.891s] -- Symlinking: /home/wheeltec/wheeltec_robot/install/wheeltec_mic_msg/include/wheeltec_mic_msg/wheeltec_mic_msg/srv/detail/get_offline_result__type_support.hpp
[7.949s] -- Symlinking: /home/wheeltec/wheeltec_robot/install/wheeltec_mic_msg/include/wheeltec_mic_msg/wheeltec_mic_msg/srv/detail/set_awake_word__builder.hpp
[7.996s] -- Symlinking: /home/wheeltec/wheeltec_robot/install/wheeltec_mic_msg/include/wheeltec_mic_msg/wheeltec_mic_msg/srv/detail/set_awake_word__struct.hpp
[8.048s] -- Symlinking: /home/wheeltec/wheeltec_robot/install/wheeltec_mic_msg/include/wheeltec_mic_msg/wheeltec_mic_msg/srv/detail/set_awake_word__traits.hpp
[8.111s] -- Symlinking: /home/wheeltec/wheeltec_robot/install/wheeltec_mic_msg/include/wheeltec_mic_msg/wheeltec_mic_msg/srv/detail/set_awake_word__type_support.hpp
[8.168s] -- Symlinking: /home/wheeltec/wheeltec_robot/install/wheeltec_mic_msg/include/wheeltec_mic_msg/wheeltec_mic_msg/srv/detail/set_major_mic__builder.hpp
[8.224s] -- Symlinking: /home/wheeltec/wheeltec_robot/install/wheeltec_mic_msg/include/wheeltec_mic_msg/wheeltec_mic_msg/srv/detail/set_major_mic__struct.hpp
[8.270s] -- Symlinking: /home/wheeltec/wheeltec_robot/install/wheeltec_mic_msg/include/wheeltec_mic_msg/wheeltec_mic_msg/srv/detail/set_major_mic__traits.hpp
[8.320s] -- Symlinking: /home/wheeltec/wheeltec_robot/install/wheeltec_mic_msg/include/wheeltec_mic_msg/wheeltec_mic_msg/srv/detail/set_major_mic__type_support.hpp
[8.364s] -- Symlinking: /home/wheeltec/wheeltec_robot/install/wheeltec_mic_msg/include/wheeltec_mic_msg/wheeltec_mic_msg/srv/detail/switch_mic__builder.hpp
[8.412s] -- Symlinking: /home/wheeltec/wheeltec_robot/install/wheeltec_mic_msg/include/wheeltec_mic_msg/wheeltec_mic_msg/srv/detail/switch_mic__struct.hpp
[8.457s] -- Symlinking: /home/wheeltec/wheeltec_robot/install/wheeltec_mic_msg/include/wheeltec_mic_msg/wheeltec_mic_msg/srv/detail/switch_mic__traits.hpp
[8.514s] -- Symlinking: /home/wheeltec/wheeltec_robot/install/wheeltec_mic_msg/include/wheeltec_mic_msg/wheeltec_mic_msg/srv/detail/switch_mic__type_support.hpp
[8.572s] -- Symlinking: /home/wheeltec/wheeltec_robot/install/wheeltec_mic_msg/include/wheeltec_mic_msg/wheeltec_mic_msg/srv/get_device_type.hpp
[8.643s] -- Symlinking: /home/wheeltec/wheeltec_robot/install/wheeltec_mic_msg/include/wheeltec_mic_msg/wheeltec_mic_msg/srv/get_offline_result.hpp
[8.705s] -- Symlinking: /home/wheeltec/wheeltec_robot/install/wheeltec_mic_msg/include/wheeltec_mic_msg/wheeltec_mic_msg/srv/set_awake_word.hpp
[8.748s] -- Symlinking: /home/wheeltec/wheeltec_robot/install/wheeltec_mic_msg/include/wheeltec_mic_msg/wheeltec_mic_msg/srv/set_major_mic.hpp
[8.792s] -- Symlinking: /home/wheeltec/wheeltec_robot/install/wheeltec_mic_msg/include/wheeltec_mic_msg/wheeltec_mic_msg/srv/switch_mic.hpp
[8.849s] -- Symlinking: /home/wheeltec/wheeltec_robot/install/wheeltec_mic_msg/include/wheeltec_mic_msg/wheeltec_mic_msg/msg/detail/motion_control__rosidl_typesupport_fastrtps_cpp.hpp
[8.900s] -- Symlinking: /home/wheeltec/wheeltec_robot/install/wheeltec_mic_msg/include/wheeltec_mic_msg/wheeltec_mic_msg/msg/detail/pcm_msg__rosidl_typesupport_fastrtps_cpp.hpp
[8.965s] -- Symlinking: /home/wheeltec/wheeltec_robot/install/wheeltec_mic_msg/include/wheeltec_mic_msg/wheeltec_mic_msg/msg/rosidl_typesupport_fastrtps_cpp__visibility_control.h
[9.011s] -- Symlinking: /home/wheeltec/wheeltec_robot/install/wheeltec_mic_msg/include/wheeltec_mic_msg/wheeltec_mic_msg/srv/detail/get_device_type__rosidl_typesupport_fastrtps_cpp.hpp
[9.080s] -- Symlinking: /home/wheeltec/wheeltec_robot/install/wheeltec_mic_msg/include/wheeltec_mic_msg/wheeltec_mic_msg/srv/detail/get_offline_result__rosidl_typesupport_fastrtps_cpp.hpp
[9.124s] -- Symlinking: /home/wheeltec/wheeltec_robot/install/wheeltec_mic_msg/include/wheeltec_mic_msg/wheeltec_mic_msg/srv/detail/set_awake_word__rosidl_typesupport_fastrtps_cpp.hpp
[9.178s] -- Symlinking: /home/wheeltec/wheeltec_robot/install/wheeltec_mic_msg/include/wheeltec_mic_msg/wheeltec_mic_msg/srv/detail/set_major_mic__rosidl_typesupport_fastrtps_cpp.hpp
[9.225s] -- Symlinking: /home/wheeltec/wheeltec_robot/install/wheeltec_mic_msg/include/wheeltec_mic_msg/wheeltec_mic_msg/srv/detail/switch_mic__rosidl_typesupport_fastrtps_cpp.hpp
[9.296s] -- Symlinking: /home/wheeltec/wheeltec_robot/install/wheeltec_mic_msg/include/wheeltec_mic_msg/wheeltec_mic_msg/msg/detail/motion_control__rosidl_typesupport_introspection_c.h
[9.361s] -- Symlinking: /home/wheeltec/wheeltec_robot/install/wheeltec_mic_msg/include/wheeltec_mic_msg/wheeltec_mic_msg/msg/detail/pcm_msg__rosidl_typesupport_introspection_c.h
[9.415s] -- Symlinking: /home/wheeltec/wheeltec_robot/install/wheeltec_mic_msg/include/wheeltec_mic_msg/wheeltec_mic_msg/msg/rosidl_typesupport_introspection_c__visibility_control.h
[9.463s] -- Symlinking: /home/wheeltec/wheeltec_robot/install/wheeltec_mic_msg/include/wheeltec_mic_msg/wheeltec_mic_msg/srv/detail/get_device_type__rosidl_typesupport_introspection_c.h
[9.519s] -- Symlinking: /home/wheeltec/wheeltec_robot/install/wheeltec_mic_msg/include/wheeltec_mic_msg/wheeltec_mic_msg/srv/detail/get_offline_result__rosidl_typesupport_introspection_c.h
[9.570s] -- Symlinking: /home/wheeltec/wheeltec_robot/install/wheeltec_mic_msg/include/wheeltec_mic_msg/wheeltec_mic_msg/srv/detail/set_awake_word__rosidl_typesupport_introspection_c.h
[9.639s] -- Symlinking: /home/wheeltec/wheeltec_robot/install/wheeltec_mic_msg/include/wheeltec_mic_msg/wheeltec_mic_msg/srv/detail/set_major_mic__rosidl_typesupport_introspection_c.h
[9.683s] -- Symlinking: /home/wheeltec/wheeltec_robot/install/wheeltec_mic_msg/include/wheeltec_mic_msg/wheeltec_mic_msg/srv/detail/switch_mic__rosidl_typesupport_introspection_c.h
[9.736s] -- Symlinking: /home/wheeltec/wheeltec_robot/install/wheeltec_mic_msg/include/wheeltec_mic_msg/wheeltec_mic_msg/msg/detail/motion_control__rosidl_typesupport_introspection_cpp.hpp
[9.796s] -- Symlinking: /home/wheeltec/wheeltec_robot/install/wheeltec_mic_msg/include/wheeltec_mic_msg/wheeltec_mic_msg/msg/detail/pcm_msg__rosidl_typesupport_introspection_cpp.hpp
[9.853s] -- Symlinking: /home/wheeltec/wheeltec_robot/install/wheeltec_mic_msg/include/wheeltec_mic_msg/wheeltec_mic_msg/srv/detail/get_device_type__rosidl_typesupport_introspection_cpp.hpp
[9.907s] -- Symlinking: /home/wheeltec/wheeltec_robot/install/wheeltec_mic_msg/include/wheeltec_mic_msg/wheeltec_mic_msg/srv/detail/get_offline_result__rosidl_typesupport_introspection_cpp.hpp
[9.981s] -- Symlinking: /home/wheeltec/wheeltec_robot/install/wheeltec_mic_msg/include/wheeltec_mic_msg/wheeltec_mic_msg/srv/detail/set_awake_word__rosidl_typesupport_introspection_cpp.hpp
[10.051s] -- Symlinking: /home/wheeltec/wheeltec_robot/install/wheeltec_mic_msg/include/wheeltec_mic_msg/wheeltec_mic_msg/srv/detail/set_major_mic__rosidl_typesupport_introspection_cpp.hpp
[10.116s] -- Symlinking: /home/wheeltec/wheeltec_robot/install/wheeltec_mic_msg/include/wheeltec_mic_msg/wheeltec_mic_msg/srv/detail/switch_mic__rosidl_typesupport_introspection_cpp.hpp
[10.167s] -- Symlinking: /home/wheeltec/wheeltec_robot/install/wheeltec_mic_msg/share/wheeltec_mic_msg/environment/pythonpath.sh
[10.220s] -- Symlinking: /home/wheeltec/wheeltec_robot/install/wheeltec_mic_msg/share/wheeltec_mic_msg/environment/pythonpath.dsv
[10.264s] -- Symlinking: /home/wheeltec/wheeltec_robot/install/wheeltec_mic_msg/local/lib/python3.10/dist-packages/wheeltec_mic_msg-0.0.0-py3.10.egg-info/PKG-INFO
[10.322s] -- Symlinking: /home/wheeltec/wheeltec_robot/install/wheeltec_mic_msg/local/lib/python3.10/dist-packages/wheeltec_mic_msg-0.0.0-py3.10.egg-info/SOURCES.txt
[10.376s] -- Symlinking: /home/wheeltec/wheeltec_robot/install/wheeltec_mic_msg/local/lib/python3.10/dist-packages/wheeltec_mic_msg-0.0.0-py3.10.egg-info/dependency_links.txt
[10.414s] -- Symlinking: /home/wheeltec/wheeltec_robot/install/wheeltec_mic_msg/local/lib/python3.10/dist-packages/wheeltec_mic_msg-0.0.0-py3.10.egg-info/top_level.txt
[10.466s] -- Symlinking: /home/wheeltec/wheeltec_robot/install/wheeltec_mic_msg/local/lib/python3.10/dist-packages/wheeltec_mic_msg/__init__.py
[10.504s] -- Symlinking: /home/wheeltec/wheeltec_robot/install/wheeltec_mic_msg/local/lib/python3.10/dist-packages/wheeltec_mic_msg/_wheeltec_mic_msg_s.ep.rosidl_typesupport_c.c
[10.566s] -- Symlinking: /home/wheeltec/wheeltec_robot/install/wheeltec_mic_msg/local/lib/python3.10/dist-packages/wheeltec_mic_msg/_wheeltec_mic_msg_s.ep.rosidl_typesupport_fastrtps_c.c
[10.629s] -- Symlinking: /home/wheeltec/wheeltec_robot/install/wheeltec_mic_msg/local/lib/python3.10/dist-packages/wheeltec_mic_msg/_wheeltec_mic_msg_s.ep.rosidl_typesupport_introspection_c.c
[10.667s] -- Symlinking: /home/wheeltec/wheeltec_robot/install/wheeltec_mic_msg/local/lib/python3.10/dist-packages/wheeltec_mic_msg/libwheeltec_mic_msg__rosidl_generator_py.so
[10.727s] -- Symlinking: /home/wheeltec/wheeltec_robot/install/wheeltec_mic_msg/local/lib/python3.10/dist-packages/wheeltec_mic_msg/msg/__init__.py
[10.779s] -- Symlinking: /home/wheeltec/wheeltec_robot/install/wheeltec_mic_msg/local/lib/python3.10/dist-packages/wheeltec_mic_msg/msg/_motion_control.py
[10.831s] -- Symlinking: /home/wheeltec/wheeltec_robot/install/wheeltec_mic_msg/local/lib/python3.10/dist-packages/wheeltec_mic_msg/msg/_motion_control_s.c
[10.894s] -- Symlinking: /home/wheeltec/wheeltec_robot/install/wheeltec_mic_msg/local/lib/python3.10/dist-packages/wheeltec_mic_msg/msg/_pcm_msg.py
[10.963s] -- Symlinking: /home/wheeltec/wheeltec_robot/install/wheeltec_mic_msg/local/lib/python3.10/dist-packages/wheeltec_mic_msg/msg/_pcm_msg_s.c
[11.025s] -- Symlinking: /home/wheeltec/wheeltec_robot/install/wheeltec_mic_msg/local/lib/python3.10/dist-packages/wheeltec_mic_msg/srv/__init__.py
[11.091s] -- Symlinking: /home/wheeltec/wheeltec_robot/install/wheeltec_mic_msg/local/lib/python3.10/dist-packages/wheeltec_mic_msg/srv/_get_device_type.py
[11.149s] -- Symlinking: /home/wheeltec/wheeltec_robot/install/wheeltec_mic_msg/local/lib/python3.10/dist-packages/wheeltec_mic_msg/srv/_get_device_type_s.c
[11.219s] -- Symlinking: /home/wheeltec/wheeltec_robot/install/wheeltec_mic_msg/local/lib/python3.10/dist-packages/wheeltec_mic_msg/srv/_get_offline_result.py
[11.258s] -- Symlinking: /home/wheeltec/wheeltec_robot/install/wheeltec_mic_msg/local/lib/python3.10/dist-packages/wheeltec_mic_msg/srv/_get_offline_result_s.c
[11.338s] -- Symlinking: /home/wheeltec/wheeltec_robot/install/wheeltec_mic_msg/local/lib/python3.10/dist-packages/wheeltec_mic_msg/srv/_set_awake_word.py
[11.415s] -- Symlinking: /home/wheeltec/wheeltec_robot/install/wheeltec_mic_msg/local/lib/python3.10/dist-packages/wheeltec_mic_msg/srv/_set_awake_word_s.c
[11.473s] -- Symlinking: /home/wheeltec/wheeltec_robot/install/wheeltec_mic_msg/local/lib/python3.10/dist-packages/wheeltec_mic_msg/srv/_set_major_mic.py
[11.526s] -- Symlinking: /home/wheeltec/wheeltec_robot/install/wheeltec_mic_msg/local/lib/python3.10/dist-packages/wheeltec_mic_msg/srv/_set_major_mic_s.c
[11.564s] -- Symlinking: /home/wheeltec/wheeltec_robot/install/wheeltec_mic_msg/local/lib/python3.10/dist-packages/wheeltec_mic_msg/srv/_switch_mic.py
[11.624s] -- Symlinking: /home/wheeltec/wheeltec_robot/install/wheeltec_mic_msg/local/lib/python3.10/dist-packages/wheeltec_mic_msg/srv/_switch_mic_s.c
[11.680s] -- Symlinking: /home/wheeltec/wheeltec_robot/install/wheeltec_mic_msg/local/lib/python3.10/dist-packages/wheeltec_mic_msg/wheeltec_mic_msg_s__rosidl_typesupport_c.cpython-310-aarch64-linux-gnu.so
[11.730s] -- Symlinking: /home/wheeltec/wheeltec_robot/install/wheeltec_mic_msg/local/lib/python3.10/dist-packages/wheeltec_mic_msg/wheeltec_mic_msg_s__rosidl_typesupport_fastrtps_c.cpython-310-aarch64-linux-gnu.so
[11.768s] -- Symlinking: /home/wheeltec/wheeltec_robot/install/wheeltec_mic_msg/local/lib/python3.10/dist-packages/wheeltec_mic_msg/wheeltec_mic_msg_s__rosidl_typesupport_introspection_c.cpython-310-aarch64-linux-gnu.so
[11.808s] -- Up-to-date symlink: /home/wheeltec/wheeltec_robot/install/wheeltec_mic_msg/local/lib/python3.10/dist-packages/wheeltec_mic_msg/wheeltec_mic_msg_s__rosidl_typesupport_fastrtps_c.cpython-310-aarch64-linux-gnu.so
[11.808s] -- Up-to-date symlink: /home/wheeltec/wheeltec_robot/install/wheeltec_mic_msg/local/lib/python3.10/dist-packages/wheeltec_mic_msg/wheeltec_mic_msg_s__rosidl_typesupport_introspection_c.cpython-310-aarch64-linux-gnu.so
[11.808s] -- Up-to-date symlink: /home/wheeltec/wheeltec_robot/install/wheeltec_mic_msg/local/lib/python3.10/dist-packages/wheeltec_mic_msg/wheeltec_mic_msg_s__rosidl_typesupport_c.cpython-310-aarch64-linux-gnu.so
[11.809s] -- Symlinking: /home/wheeltec/wheeltec_robot/install/wheeltec_mic_msg/share/wheeltec_mic_msg/msg/PcmMsg.idl
[11.853s] -- Symlinking: /home/wheeltec/wheeltec_robot/install/wheeltec_mic_msg/share/wheeltec_mic_msg/msg/MotionControl.idl
[11.909s] -- Symlinking: /home/wheeltec/wheeltec_robot/install/wheeltec_mic_msg/share/wheeltec_mic_msg/srv/GetDeviceType.idl
[11.974s] -- Symlinking: /home/wheeltec/wheeltec_robot/install/wheeltec_mic_msg/share/wheeltec_mic_msg/srv/GetOfflineResult.idl
[12.024s] -- Symlinking: /home/wheeltec/wheeltec_robot/install/wheeltec_mic_msg/share/wheeltec_mic_msg/srv/SetAwakeWord.idl
[12.097s] -- Symlinking: /home/wheeltec/wheeltec_robot/install/wheeltec_mic_msg/share/wheeltec_mic_msg/srv/SetMajorMic.idl
[12.154s] -- Symlinking: /home/wheeltec/wheeltec_robot/install/wheeltec_mic_msg/share/wheeltec_mic_msg/srv/SwitchMic.idl
[12.209s] -- Symlinking: /home/wheeltec/wheeltec_robot/install/wheeltec_mic_msg/share/wheeltec_mic_msg/msg/PcmMsg.msg
[12.259s] -- Symlinking: /home/wheeltec/wheeltec_robot/install/wheeltec_mic_msg/share/wheeltec_mic_msg/msg/MotionControl.msg
[12.316s] -- Symlinking: /home/wheeltec/wheeltec_robot/install/wheeltec_mic_msg/share/wheeltec_mic_msg/srv/GetDeviceType.srv
[12.339s] -- Symlinking: /home/wheeltec/wheeltec_robot/install/wheeltec_mic_msg/share/wheeltec_mic_msg/srv/GetDeviceType_Request.msg
[12.379s] -- Symlinking: /home/wheeltec/wheeltec_robot/install/wheeltec_mic_msg/share/wheeltec_mic_msg/srv/GetDeviceType_Response.msg
[12.424s] -- Symlinking: /home/wheeltec/wheeltec_robot/install/wheeltec_mic_msg/share/wheeltec_mic_msg/srv/GetOfflineResult.srv
[12.479s] -- Symlinking: /home/wheeltec/wheeltec_robot/install/wheeltec_mic_msg/share/wheeltec_mic_msg/srv/GetOfflineResult_Request.msg
[12.523s] -- Symlinking: /home/wheeltec/wheeltec_robot/install/wheeltec_mic_msg/share/wheeltec_mic_msg/srv/GetOfflineResult_Response.msg
[12.567s] -- Symlinking: /home/wheeltec/wheeltec_robot/install/wheeltec_mic_msg/share/wheeltec_mic_msg/srv/SetAwakeWord.srv
[12.617s] -- Symlinking: /home/wheeltec/wheeltec_robot/install/wheeltec_mic_msg/share/wheeltec_mic_msg/srv/SetAwakeWord_Request.msg
[12.651s] -- Symlinking: /home/wheeltec/wheeltec_robot/install/wheeltec_mic_msg/share/wheeltec_mic_msg/srv/SetAwakeWord_Response.msg
[12.692s] -- Symlinking: /home/wheeltec/wheeltec_robot/install/wheeltec_mic_msg/share/wheeltec_mic_msg/srv/SetMajorMic.srv
[12.728s] -- Symlinking: /home/wheeltec/wheeltec_robot/install/wheeltec_mic_msg/share/wheeltec_mic_msg/srv/SetMajorMic_Request.msg
[12.775s] -- Symlinking: /home/wheeltec/wheeltec_robot/install/wheeltec_mic_msg/share/wheeltec_mic_msg/srv/SetMajorMic_Response.msg
[12.842s] -- Symlinking: /home/wheeltec/wheeltec_robot/install/wheeltec_mic_msg/share/wheeltec_mic_msg/srv/SwitchMic.srv
[12.885s] -- Symlinking: /home/wheeltec/wheeltec_robot/install/wheeltec_mic_msg/share/wheeltec_mic_msg/srv/SwitchMic_Request.msg
[12.945s] -- Symlinking: /home/wheeltec/wheeltec_robot/install/wheeltec_mic_msg/share/wheeltec_mic_msg/srv/SwitchMic_Response.msg
[13.014s] -- Symlinking: /home/wheeltec/wheeltec_robot/install/wheeltec_mic_msg/share/ament_index/resource_index/package_run_dependencies/wheeltec_mic_msg
[13.063s] -- Symlinking: /home/wheeltec/wheeltec_robot/install/wheeltec_mic_msg/share/ament_index/resource_index/parent_prefix_path/wheeltec_mic_msg
[13.119s] -- Symlinking: /home/wheeltec/wheeltec_robot/install/wheeltec_mic_msg/share/wheeltec_mic_msg/environment/ament_prefix_path.sh
[13.177s] -- Symlinking: /home/wheeltec/wheeltec_robot/install/wheeltec_mic_msg/share/wheeltec_mic_msg/environment/ament_prefix_path.dsv
[13.225s] -- Symlinking: /home/wheeltec/wheeltec_robot/install/wheeltec_mic_msg/share/wheeltec_mic_msg/environment/path.sh
[13.276s] -- Symlinking: /home/wheeltec/wheeltec_robot/install/wheeltec_mic_msg/share/wheeltec_mic_msg/environment/path.dsv
[13.322s] -- Symlinking: /home/wheeltec/wheeltec_robot/install/wheeltec_mic_msg/share/wheeltec_mic_msg/local_setup.bash
[13.391s] -- Symlinking: /home/wheeltec/wheeltec_robot/install/wheeltec_mic_msg/share/wheeltec_mic_msg/local_setup.sh
[13.442s] -- Symlinking: /home/wheeltec/wheeltec_robot/install/wheeltec_mic_msg/share/wheeltec_mic_msg/local_setup.zsh
[13.507s] -- Symlinking: /home/wheeltec/wheeltec_robot/install/wheeltec_mic_msg/share/wheeltec_mic_msg/local_setup.dsv
[13.556s] -- Symlinking: /home/wheeltec/wheeltec_robot/install/wheeltec_mic_msg/share/wheeltec_mic_msg/package.dsv
[13.616s] -- Symlinking: /home/wheeltec/wheeltec_robot/install/wheeltec_mic_msg/share/ament_index/resource_index/packages/wheeltec_mic_msg
[13.676s] -- Symlinking: /home/wheeltec/wheeltec_robot/install/wheeltec_mic_msg/share/wheeltec_mic_msg/cmake/rosidl_cmake-extras.cmake
[13.711s] -- Symlinking: /home/wheeltec/wheeltec_robot/install/wheeltec_mic_msg/share/wheeltec_mic_msg/cmake/ament_cmake_export_dependencies-extras.cmake
[13.757s] -- Symlinking: /home/wheeltec/wheeltec_robot/install/wheeltec_mic_msg/share/wheeltec_mic_msg/cmake/ament_cmake_export_include_directories-extras.cmake
[13.797s] -- Symlinking: /home/wheeltec/wheeltec_robot/install/wheeltec_mic_msg/share/wheeltec_mic_msg/cmake/ament_cmake_export_libraries-extras.cmake
[13.843s] -- Symlinking: /home/wheeltec/wheeltec_robot/install/wheeltec_mic_msg/share/wheeltec_mic_msg/cmake/ament_cmake_export_targets-extras.cmake
[13.903s] -- Symlinking: /home/wheeltec/wheeltec_robot/install/wheeltec_mic_msg/share/wheeltec_mic_msg/cmake/rosidl_cmake_export_typesupport_targets-extras.cmake
[13.953s] -- Symlinking: /home/wheeltec/wheeltec_robot/install/wheeltec_mic_msg/share/wheeltec_mic_msg/cmake/rosidl_cmake_export_typesupport_libraries-extras.cmake
[14.014s] -- Symlinking: /home/wheeltec/wheeltec_robot/install/wheeltec_mic_msg/share/wheeltec_mic_msg/cmake/wheeltec_mic_msgConfig.cmake
[14.067s] -- Symlinking: /home/wheeltec/wheeltec_robot/install/wheeltec_mic_msg/share/wheeltec_mic_msg/cmake/wheeltec_mic_msgConfig-version.cmake
[14.130s] -- Symlinking: /home/wheeltec/wheeltec_robot/install/wheeltec_mic_msg/share/wheeltec_mic_msg/package.xml
[14.199s] -- Installing: /home/wheeltec/wheeltec_robot/install/wheeltec_mic_msg/lib/libwheeltec_mic_msg__rosidl_generator_c.so
[14.199s] -- Set runtime path of "/home/wheeltec/wheeltec_robot/install/wheeltec_mic_msg/lib/libwheeltec_mic_msg__rosidl_generator_c.so" to ""
[14.199s] -- Installing: /home/wheeltec/wheeltec_robot/install/wheeltec_mic_msg/lib/libwheeltec_mic_msg__rosidl_typesupport_fastrtps_c.so
[14.200s] -- Set runtime path of "/home/wheeltec/wheeltec_robot/install/wheeltec_mic_msg/lib/libwheeltec_mic_msg__rosidl_typesupport_fastrtps_c.so" to ""
[14.200s] -- Installing: /home/wheeltec/wheeltec_robot/install/wheeltec_mic_msg/lib/libwheeltec_mic_msg__rosidl_typesupport_fastrtps_cpp.so
[14.201s] -- Set runtime path of "/home/wheeltec/wheeltec_robot/install/wheeltec_mic_msg/lib/libwheeltec_mic_msg__rosidl_typesupport_fastrtps_cpp.so" to ""
[14.201s] -- Installing: /home/wheeltec/wheeltec_robot/install/wheeltec_mic_msg/lib/libwheeltec_mic_msg__rosidl_typesupport_introspection_c.so
[14.202s] -- Set runtime path of "/home/wheeltec/wheeltec_robot/install/wheeltec_mic_msg/lib/libwheeltec_mic_msg__rosidl_typesupport_introspection_c.so" to ""
[14.202s] -- Installing: /home/wheeltec/wheeltec_robot/install/wheeltec_mic_msg/lib/libwheeltec_mic_msg__rosidl_typesupport_c.so
[14.204s] -- Set runtime path of "/home/wheeltec/wheeltec_robot/install/wheeltec_mic_msg/lib/libwheeltec_mic_msg__rosidl_typesupport_c.so" to ""
[14.204s] -- Installing: /home/wheeltec/wheeltec_robot/install/wheeltec_mic_msg/lib/libwheeltec_mic_msg__rosidl_typesupport_introspection_cpp.so
[14.204s] -- Set runtime path of "/home/wheeltec/wheeltec_robot/install/wheeltec_mic_msg/lib/libwheeltec_mic_msg__rosidl_typesupport_introspection_cpp.so" to ""
[14.204s] -- Installing: /home/wheeltec/wheeltec_robot/install/wheeltec_mic_msg/lib/libwheeltec_mic_msg__rosidl_typesupport_cpp.so
[14.204s] -- Set runtime path of "/home/wheeltec/wheeltec_robot/install/wheeltec_mic_msg/lib/libwheeltec_mic_msg__rosidl_typesupport_cpp.so" to ""
[14.395s] Listing '/home/wheeltec/wheeltec_robot/install/wheeltec_mic_msg/local/lib/python3.10/dist-packages/wheeltec_mic_msg'...
[14.395s] Compiling '/home/wheeltec/wheeltec_robot/install/wheeltec_mic_msg/local/lib/python3.10/dist-packages/wheeltec_mic_msg/__init__.py'...
[14.396s] Listing '/home/wheeltec/wheeltec_robot/install/wheeltec_mic_msg/local/lib/python3.10/dist-packages/wheeltec_mic_msg/msg'...
[14.396s] Compiling '/home/wheeltec/wheeltec_robot/install/wheeltec_mic_msg/local/lib/python3.10/dist-packages/wheeltec_mic_msg/msg/__init__.py'...
[14.396s] Compiling '/home/wheeltec/wheeltec_robot/install/wheeltec_mic_msg/local/lib/python3.10/dist-packages/wheeltec_mic_msg/msg/_motion_control.py'...
[14.396s] Compiling '/home/wheeltec/wheeltec_robot/install/wheeltec_mic_msg/local/lib/python3.10/dist-packages/wheeltec_mic_msg/msg/_pcm_msg.py'...
[14.396s] Listing '/home/wheeltec/wheeltec_robot/install/wheeltec_mic_msg/local/lib/python3.10/dist-packages/wheeltec_mic_msg/srv'...
[14.396s] Compiling '/home/wheeltec/wheeltec_robot/install/wheeltec_mic_msg/local/lib/python3.10/dist-packages/wheeltec_mic_msg/srv/__init__.py'...
[14.396s] Compiling '/home/wheeltec/wheeltec_robot/install/wheeltec_mic_msg/local/lib/python3.10/dist-packages/wheeltec_mic_msg/srv/_get_device_type.py'...
[14.396s] Compiling '/home/wheeltec/wheeltec_robot/install/wheeltec_mic_msg/local/lib/python3.10/dist-packages/wheeltec_mic_msg/srv/_get_offline_result.py'...
[14.397s] Compiling '/home/wheeltec/wheeltec_robot/install/wheeltec_mic_msg/local/lib/python3.10/dist-packages/wheeltec_mic_msg/srv/_set_awake_word.py'...
[14.397s] Compiling '/home/wheeltec/wheeltec_robot/install/wheeltec_mic_msg/local/lib/python3.10/dist-packages/wheeltec_mic_msg/srv/_set_major_mic.py'...
[14.397s] Compiling '/home/wheeltec/wheeltec_robot/install/wheeltec_mic_msg/local/lib/python3.10/dist-packages/wheeltec_mic_msg/srv/_switch_mic.py'...
[14.421s] -- Installing: /home/wheeltec/wheeltec_robot/install/wheeltec_mic_msg/lib/libwheeltec_mic_msg__rosidl_generator_py.so
[14.422s] -- Set runtime path of "/home/wheeltec/wheeltec_robot/install/wheeltec_mic_msg/lib/libwheeltec_mic_msg__rosidl_generator_py.so" to ""
[14.422s] -- Installing: /home/wheeltec/wheeltec_robot/install/wheeltec_mic_msg/share/wheeltec_mic_msg/cmake/export_wheeltec_mic_msg__rosidl_generator_cExport.cmake
[14.422s] -- Installing: /home/wheeltec/wheeltec_robot/install/wheeltec_mic_msg/share/wheeltec_mic_msg/cmake/export_wheeltec_mic_msg__rosidl_generator_cExport-noconfig.cmake
[14.422s] -- Installing: /home/wheeltec/wheeltec_robot/install/wheeltec_mic_msg/share/wheeltec_mic_msg/cmake/export_wheeltec_mic_msg__rosidl_typesupport_fastrtps_cExport.cmake
[14.423s] -- Installing: /home/wheeltec/wheeltec_robot/install/wheeltec_mic_msg/share/wheeltec_mic_msg/cmake/export_wheeltec_mic_msg__rosidl_typesupport_fastrtps_cExport-noconfig.cmake
[14.423s] -- Installing: /home/wheeltec/wheeltec_robot/install/wheeltec_mic_msg/share/wheeltec_mic_msg/cmake/export_wheeltec_mic_msg__rosidl_generator_cppExport.cmake
[14.423s] -- Installing: /home/wheeltec/wheeltec_robot/install/wheeltec_mic_msg/share/wheeltec_mic_msg/cmake/export_wheeltec_mic_msg__rosidl_typesupport_fastrtps_cppExport.cmake
[14.423s] -- Installing: /home/wheeltec/wheeltec_robot/install/wheeltec_mic_msg/share/wheeltec_mic_msg/cmake/export_wheeltec_mic_msg__rosidl_typesupport_fastrtps_cppExport-noconfig.cmake
[14.424s] -- Installing: /home/wheeltec/wheeltec_robot/install/wheeltec_mic_msg/share/wheeltec_mic_msg/cmake/wheeltec_mic_msg__rosidl_typesupport_introspection_cExport.cmake
[14.424s] -- Installing: /home/wheeltec/wheeltec_robot/install/wheeltec_mic_msg/share/wheeltec_mic_msg/cmake/wheeltec_mic_msg__rosidl_typesupport_introspection_cExport-noconfig.cmake
[14.424s] -- Installing: /home/wheeltec/wheeltec_robot/install/wheeltec_mic_msg/share/wheeltec_mic_msg/cmake/wheeltec_mic_msg__rosidl_typesupport_cExport.cmake
[14.424s] -- Installing: /home/wheeltec/wheeltec_robot/install/wheeltec_mic_msg/share/wheeltec_mic_msg/cmake/wheeltec_mic_msg__rosidl_typesupport_cExport-noconfig.cmake
[14.425s] -- Installing: /home/wheeltec/wheeltec_robot/install/wheeltec_mic_msg/share/wheeltec_mic_msg/cmake/wheeltec_mic_msg__rosidl_typesupport_introspection_cppExport.cmake
[14.425s] -- Installing: /home/wheeltec/wheeltec_robot/install/wheeltec_mic_msg/share/wheeltec_mic_msg/cmake/wheeltec_mic_msg__rosidl_typesupport_introspection_cppExport-noconfig.cmake
[14.425s] -- Installing: /home/wheeltec/wheeltec_robot/install/wheeltec_mic_msg/share/wheeltec_mic_msg/cmake/wheeltec_mic_msg__rosidl_typesupport_cppExport.cmake
[14.425s] -- Installing: /home/wheeltec/wheeltec_robot/install/wheeltec_mic_msg/share/wheeltec_mic_msg/cmake/wheeltec_mic_msg__rosidl_typesupport_cppExport-noconfig.cmake
[14.426s] -- Installing: /home/wheeltec/wheeltec_robot/install/wheeltec_mic_msg/share/wheeltec_mic_msg/cmake/export_wheeltec_mic_msg__rosidl_generator_pyExport.cmake
[14.426s] -- Installing: /home/wheeltec/wheeltec_robot/install/wheeltec_mic_msg/share/wheeltec_mic_msg/cmake/export_wheeltec_mic_msg__rosidl_generator_pyExport-noconfig.cmake
