running develop
running egg_info
creating ultralytics_ros2.egg-info
writing ultralytics_ros2.egg-info/PKG-INFO
writing dependency_links to ultralytics_ros2.egg-info/dependency_links.txt
writing entry points to ultralytics_ros2.egg-info/entry_points.txt
writing requirements to ultralytics_ros2.egg-info/requires.txt
writing top-level names to ultralytics_ros2.egg-info/top_level.txt
writing manifest file 'ultralytics_ros2.egg-info/SOURCES.txt'
reading manifest file 'ultralytics_ros2.egg-info/SOURCES.txt'
writing manifest file 'ultralytics_ros2.egg-info/SOURCES.txt'
running build_ext
Creating /home/wheeltec/wheeltec_robot/src/install/ultralytics_ros2/lib/python3.10/site-packages/ultralytics-ros2.egg-link (link to .)
Installing detection_node script to /home/wheeltec/wheeltec_robot/src/install/ultralytics_ros2/lib/ultralytics_ros2

Installed /home/wheeltec/wheeltec_robot/src/build/ultralytics_ros2
running symlink_data
creating /home/wheeltec/wheeltec_robot/src/install/ultralytics_ros2/share/ament_index/resource_index/packages
symbolically linking /home/wheeltec/wheeltec_robot/src/build/ultralytics_ros2/resource/ultralytics_ros2 -> /home/wheeltec/wheeltec_robot/src/install/ultralytics_ros2/share/ament_index/resource_index/packages
symbolically linking /home/wheeltec/wheeltec_robot/src/build/ultralytics_ros2/package.xml -> /home/wheeltec/wheeltec_robot/src/install/ultralytics_ros2/share/ultralytics_ros2
creating /home/wheeltec/wheeltec_robot/src/install/ultralytics_ros2/share/ultralytics_ros2/launch
symbolically linking /home/wheeltec/wheeltec_robot/src/build/ultralytics_ros2/launch/yolo.launch.py -> /home/wheeltec/wheeltec_robot/src/install/ultralytics_ros2/share/ultralytics_ros2/launch
