[3.895s] Invoking command in '/home/wheeltec/wheeltec_robot/src/build/ultralytics_ros2': PYTHONPATH=/home/wheeltec/wheeltec_robot/src/build/ultralytics_ros2/prefix_override:/usr/lib/python3/dist-packages/colcon_core/task/python/colcon_distutils_commands:/home/wheeltec/wheeltec_robot/src/install/ultralytics_ros2/lib/python3.10/site-packages:${PYTHONPATH} /usr/bin/python3 -W ignore:setup.py install is deprecated -W ignore:easy_install command is deprecated setup.py develop --editable --build-directory /home/wheeltec/wheeltec_robot/src/build/ultralytics_ros2/build --no-deps symlink_data
[71.051s] running develop
[71.051s] running egg_info
[71.051s] creating ultralytics_ros2.egg-info
[71.052s] writing ultralytics_ros2.egg-info/PKG-INFO
[71.052s] writing dependency_links to ultralytics_ros2.egg-info/dependency_links.txt
[71.052s] writing entry points to ultralytics_ros2.egg-info/entry_points.txt
[71.052s] writing requirements to ultralytics_ros2.egg-info/requires.txt
[71.052s] writing top-level names to ultralytics_ros2.egg-info/top_level.txt
[71.052s] writing manifest file 'ultralytics_ros2.egg-info/SOURCES.txt'
[71.052s] reading manifest file 'ultralytics_ros2.egg-info/SOURCES.txt'
[71.052s] writing manifest file 'ultralytics_ros2.egg-info/SOURCES.txt'
[71.052s] running build_ext
[71.052s] Creating /home/wheeltec/wheeltec_robot/src/install/ultralytics_ros2/lib/python3.10/site-packages/ultralytics-ros2.egg-link (link to .)
[71.052s] Installing detection_node script to /home/wheeltec/wheeltec_robot/src/install/ultralytics_ros2/lib/ultralytics_ros2
[71.053s] 
[71.053s] Installed /home/wheeltec/wheeltec_robot/src/build/ultralytics_ros2
[71.053s] running symlink_data
[71.053s] creating /home/wheeltec/wheeltec_robot/src/install/ultralytics_ros2/share/ament_index/resource_index/packages
[71.053s] symbolically linking /home/wheeltec/wheeltec_robot/src/build/ultralytics_ros2/resource/ultralytics_ros2 -> /home/wheeltec/wheeltec_robot/src/install/ultralytics_ros2/share/ament_index/resource_index/packages
[71.053s] symbolically linking /home/wheeltec/wheeltec_robot/src/build/ultralytics_ros2/package.xml -> /home/wheeltec/wheeltec_robot/src/install/ultralytics_ros2/share/ultralytics_ros2
[71.053s] creating /home/wheeltec/wheeltec_robot/src/install/ultralytics_ros2/share/ultralytics_ros2/launch
[71.053s] symbolically linking /home/wheeltec/wheeltec_robot/src/build/ultralytics_ros2/launch/yolo.launch.py -> /home/wheeltec/wheeltec_robot/src/install/ultralytics_ros2/share/ultralytics_ros2/launch
[71.057s] /usr/local/lib/python3.10/dist-packages/setuptools/_distutils/dist.py:289: UserWarning: Unknown distribution option: 'tests_require'
[71.057s]   warnings.warn(msg)
[71.075s] Invoked command in '/home/wheeltec/wheeltec_robot/src/build/ultralytics_ros2' returned '0': PYTHONPATH=/home/wheeltec/wheeltec_robot/src/build/ultralytics_ros2/prefix_override:/usr/lib/python3/dist-packages/colcon_core/task/python/colcon_distutils_commands:/home/wheeltec/wheeltec_robot/src/install/ultralytics_ros2/lib/python3.10/site-packages:${PYTHONPATH} /usr/bin/python3 -W ignore:setup.py install is deprecated -W ignore:easy_install command is deprecated setup.py develop --editable --build-directory /home/wheeltec/wheeltec_robot/src/build/ultralytics_ros2/build --no-deps symlink_data
