[0.048s] Invoking command in '/home/wheeltec/wheeltec_robot/build/serial': CMAKE_PREFIX_PATH=/opt/ros/humble /usr/bin/cmake /home/wheeltec/wheeltec_robot/src/depend/serial_ros2 -DCMAKE_INSTALL_PREFIX=/home/wheeltec/wheeltec_robot/install/serial
[0.162s] -- Found rosidl_default_generators: 1.2.0 (/opt/ros/humble/share/rosidl_default_generators/cmake)
[0.163s] -- Found ament_cmake_core: 1.3.12 (/opt/ros/humble/share/ament_cmake_core/cmake)
[0.369s] -- Override CMake install command with custom implementation using symlinks instead of copying resources
[0.373s] -- Using all available rosidl_typesupport_c: rosidl_typesupport_fastrtps_c;rosidl_typesupport_introspection_c
[0.378s] -- Found rosidl_adapter: 3.1.7 (/opt/ros/humble/share/rosidl_adapter/cmake)
[0.436s] -- Using all available rosidl_typesupport_cpp: rosidl_typesupport_fastrtps_cpp;rosidl_typesupport_introspection_cpp
[0.601s] -- Configuring done
[0.612s] -- Generating done
[0.617s] -- Build files have been written to: /home/wheeltec/wheeltec_robot/build/serial
[0.640s] Invoked command in '/home/wheeltec/wheeltec_robot/build/serial' returned '0': CMAKE_PREFIX_PATH=/opt/ros/humble /usr/bin/cmake /home/wheeltec/wheeltec_robot/src/depend/serial_ros2 -DCMAKE_INSTALL_PREFIX=/home/wheeltec/wheeltec_robot/install/serial
[0.641s] Invoking command in '/home/wheeltec/wheeltec_robot/build/serial': CMAKE_PREFIX_PATH=/opt/ros/humble /usr/bin/cmake --build /home/wheeltec/wheeltec_robot/build/serial -- -j8 -l8
[0.753s] [35m[1mConsolidate compiler generated dependencies of target serial[0m
[0.765s] [100%] Built target serial
[0.813s] Invoked command in '/home/wheeltec/wheeltec_robot/build/serial' returned '0': CMAKE_PREFIX_PATH=/opt/ros/humble /usr/bin/cmake --build /home/wheeltec/wheeltec_robot/build/serial -- -j8 -l8
[0.815s] Invoking command in '/home/wheeltec/wheeltec_robot/build/serial': CMAKE_PREFIX_PATH=/opt/ros/humble /usr/bin/cmake --install /home/wheeltec/wheeltec_robot/build/serial
[0.959s] -- Install configuration: ""
[0.959s] -- Execute custom install script
[0.960s] -- Up-to-date symlink: /home/wheeltec/wheeltec_robot/install/serial/lib/libserial.a
[0.960s] -- Up-to-date symlink: /home/wheeltec/wheeltec_robot/install/serial/share/serial/environment/library_path.sh
[0.960s] -- Up-to-date symlink: /home/wheeltec/wheeltec_robot/install/serial/share/serial/environment/library_path.dsv
[0.960s] -- Up-to-date symlink: /home/wheeltec/wheeltec_robot/install/serial/include/serial/impl/unix.h
[0.960s] -- Up-to-date symlink: /home/wheeltec/wheeltec_robot/install/serial/include/serial/impl/win.h
[0.960s] -- Up-to-date symlink: /home/wheeltec/wheeltec_robot/install/serial/include/serial/serial.h
[0.960s] -- Up-to-date symlink: /home/wheeltec/wheeltec_robot/install/serial/include/serial/v8stdint.h
[0.960s] -- Up-to-date symlink: /home/wheeltec/wheeltec_robot/install/serial/share/ament_index/resource_index/package_run_dependencies/serial
[0.960s] -- Up-to-date symlink: /home/wheeltec/wheeltec_robot/install/serial/share/ament_index/resource_index/parent_prefix_path/serial
[0.961s] -- Up-to-date symlink: /home/wheeltec/wheeltec_robot/install/serial/share/serial/environment/ament_prefix_path.sh
[0.961s] -- Up-to-date symlink: /home/wheeltec/wheeltec_robot/install/serial/share/serial/environment/ament_prefix_path.dsv
[0.961s] -- Up-to-date symlink: /home/wheeltec/wheeltec_robot/install/serial/share/serial/environment/path.sh
[0.961s] -- Up-to-date symlink: /home/wheeltec/wheeltec_robot/install/serial/share/serial/environment/path.dsv
[0.961s] -- Up-to-date symlink: /home/wheeltec/wheeltec_robot/install/serial/share/serial/local_setup.bash
[0.961s] -- Up-to-date symlink: /home/wheeltec/wheeltec_robot/install/serial/share/serial/local_setup.sh
[0.961s] -- Up-to-date symlink: /home/wheeltec/wheeltec_robot/install/serial/share/serial/local_setup.zsh
[0.961s] -- Up-to-date symlink: /home/wheeltec/wheeltec_robot/install/serial/share/serial/local_setup.dsv
[0.961s] -- Symlinking: /home/wheeltec/wheeltec_robot/install/serial/share/serial/package.dsv
[0.961s] -- Up-to-date symlink: /home/wheeltec/wheeltec_robot/install/serial/share/ament_index/resource_index/packages/serial
[0.962s] -- Up-to-date symlink: /home/wheeltec/wheeltec_robot/install/serial/share/serial/cmake/ament_cmake_export_include_directories-extras.cmake
[0.962s] -- Up-to-date symlink: /home/wheeltec/wheeltec_robot/install/serial/share/serial/cmake/ament_cmake_export_libraries-extras.cmake
[0.962s] -- Up-to-date symlink: /home/wheeltec/wheeltec_robot/install/serial/share/serial/cmake/ament_cmake_export_dependencies-extras.cmake
[0.962s] -- Up-to-date symlink: /home/wheeltec/wheeltec_robot/install/serial/share/serial/cmake/serialConfig.cmake
[0.962s] -- Up-to-date symlink: /home/wheeltec/wheeltec_robot/install/serial/share/serial/cmake/serialConfig-version.cmake
[0.962s] -- Up-to-date symlink: /home/wheeltec/wheeltec_robot/install/serial/share/serial/package.xml
[1.049s] Invoked command in '/home/wheeltec/wheeltec_robot/build/serial' returned '0': CMAKE_PREFIX_PATH=/opt/ros/humble /usr/bin/cmake --install /home/wheeltec/wheeltec_robot/build/serial
