[0.038s] Invoking command in '/home/wheeltec/wheeltec_robot/build/astra_camera_msgs': CMAKE_PREFIX_PATH=/opt/ros/humble /usr/bin/cmake /home/wheeltec/wheeltec_robot/src/ros2_astra_camera-master/astra_camera_msgs -DAMENT_CMAKE_SYMLINK_INSTALL=1 -DCMAKE_INSTALL_PREFIX=/home/wheeltec/wheeltec_robot/install/astra_camera_msgs
[4.636s] -- The C compiler identification is GNU 11.4.0
[4.636s] -- The CXX compiler identification is GNU 11.4.0
[4.636s] -- Detecting C compiler ABI info
[4.636s] -- Detecting C compiler ABI info - done
[4.636s] -- Check for working C compiler: /usr/bin/cc - skipped
[4.636s] -- Detecting C compile features
[4.636s] -- Detecting C compile features - done
[4.637s] -- Detecting CXX compiler ABI info
[4.637s] -- Detecting CXX compiler ABI info - done
[4.637s] -- Check for working CXX compiler: /usr/bin/c++ - skipped
[4.637s] -- Detecting CXX compile features
[4.637s] -- Detecting CXX compile features - done
[4.637s] -- Found ament_cmake: 1.3.12 (/opt/ros/humble/share/ament_cmake/cmake)
[4.637s] -- Found Python3: /usr/bin/python3 (found version "3.10.12") found components: Interpreter 
[4.637s] -- Override CMake install command with custom implementation using symlinks instead of copying resources
[4.637s] -- Found rosidl_default_generators: 1.2.0 (/opt/ros/humble/share/rosidl_default_generators/cmake)
[4.637s] -- Using all available rosidl_typesupport_c: rosidl_typesupport_fastrtps_c;rosidl_typesupport_introspection_c
[4.637s] -- Found rosidl_adapter: 3.1.7 (/opt/ros/humble/share/rosidl_adapter/cmake)
[4.637s] -- Using all available rosidl_typesupport_cpp: rosidl_typesupport_fastrtps_cpp;rosidl_typesupport_introspection_cpp
[4.638s] -- Found sensor_msgs: 4.9.0 (/opt/ros/humble/share/sensor_msgs/cmake)
[4.638s] -- Found ament_cmake_ros: 0.10.0 (/opt/ros/humble/share/ament_cmake_ros/cmake)
[4.638s] -- Using all available rosidl_typesupport_c: rosidl_typesupport_fastrtps_c;rosidl_typesupport_introspection_c
[4.638s] -- Using all available rosidl_typesupport_cpp: rosidl_typesupport_fastrtps_cpp;rosidl_typesupport_introspection_cpp
[4.672s] -- Found PythonInterp: /usr/bin/python3 (found suitable version "3.10.12", minimum required is "3.6") 
[4.674s] -- Found python_cmake_module: 0.10.0 (/opt/ros/humble/share/python_cmake_module/cmake)
[4.724s] -- Found PythonLibs: /usr/lib/aarch64-linux-gnu/libpython3.10.so (found suitable version "3.10.12", minimum required is "3.5") 
[4.725s] -- Using PYTHON_EXECUTABLE: /usr/bin/python3
[4.725s] -- Using PYTHON_INCLUDE_DIRS: /usr/include/python3.10
[4.725s] -- Using PYTHON_LIBRARIES: /usr/lib/aarch64-linux-gnu/libpython3.10.so
[4.772s] -- Found PythonExtra: .so  
[4.981s] -- Found ament_lint_auto: 0.12.14 (/opt/ros/humble/share/ament_lint_auto/cmake)
[5.051s] -- Added test 'copyright' to check source files copyright and LICENSE
[5.054s] -- Added test 'lint_cmake' to check CMake code style
[5.056s] -- Added test 'xmllint' to check XML markup files
[5.069s] -- Configuring done
[5.300s] -- Generating done
[5.336s] -- Build files have been written to: /home/wheeltec/wheeltec_robot/build/astra_camera_msgs
[5.395s] Invoked command in '/home/wheeltec/wheeltec_robot/build/astra_camera_msgs' returned '0': CMAKE_PREFIX_PATH=/opt/ros/humble /usr/bin/cmake /home/wheeltec/wheeltec_robot/src/ros2_astra_camera-master/astra_camera_msgs -DAMENT_CMAKE_SYMLINK_INSTALL=1 -DCMAKE_INSTALL_PREFIX=/home/wheeltec/wheeltec_robot/install/astra_camera_msgs
[5.396s] Invoking command in '/home/wheeltec/wheeltec_robot/build/astra_camera_msgs': CMAKE_PREFIX_PATH=/opt/ros/humble /usr/bin/cmake --build /home/wheeltec/wheeltec_robot/build/astra_camera_msgs -- -j8 -l8
[6.142s] [  1%] [34m[1mGenerating C++ code for ROS interfaces[0m
[8.585s] [  1%] Built target astra_camera_msgs__cpp
[8.700s] [  1%] Built target ament_cmake_python_symlink_astra_camera_msgs
[8.724s] [  2%] [34m[1mGenerating C++ introspection for ROS interfaces[0m
[10.438s] [  3%] [32mBuilding CXX object CMakeFiles/astra_camera_msgs__rosidl_typesupport_introspection_cpp.dir/rosidl_typesupport_introspection_cpp/astra_camera_msgs/msg/detail/device_info__type_support.cpp.o[0m
[11.227s] [  4%] [32mBuilding CXX object CMakeFiles/astra_camera_msgs__rosidl_typesupport_introspection_cpp.dir/rosidl_typesupport_introspection_cpp/astra_camera_msgs/srv/detail/get_device_info__type_support.cpp.o[0m
[11.941s] [  5%] [32mBuilding CXX object CMakeFiles/astra_camera_msgs__rosidl_typesupport_introspection_cpp.dir/rosidl_typesupport_introspection_cpp/astra_camera_msgs/srv/detail/get_camera_info__type_support.cpp.o[0m
[12.675s] [  6%] [32mBuilding CXX object CMakeFiles/astra_camera_msgs__rosidl_typesupport_introspection_cpp.dir/rosidl_typesupport_introspection_cpp/astra_camera_msgs/srv/detail/get_camera_params__type_support.cpp.o[0m
[13.397s] [  7%] [32mBuilding CXX object CMakeFiles/astra_camera_msgs__rosidl_typesupport_introspection_cpp.dir/rosidl_typesupport_introspection_cpp/astra_camera_msgs/srv/detail/get_int32__type_support.cpp.o[0m
[14.068s] [  8%] [32mBuilding CXX object CMakeFiles/astra_camera_msgs__rosidl_typesupport_introspection_cpp.dir/rosidl_typesupport_introspection_cpp/astra_camera_msgs/srv/detail/get_string__type_support.cpp.o[0m
[14.741s] [  9%] [32mBuilding CXX object CMakeFiles/astra_camera_msgs__rosidl_typesupport_introspection_cpp.dir/rosidl_typesupport_introspection_cpp/astra_camera_msgs/srv/detail/set_int32__type_support.cpp.o[0m
[15.415s] [ 10%] [32mBuilding CXX object CMakeFiles/astra_camera_msgs__rosidl_typesupport_introspection_cpp.dir/rosidl_typesupport_introspection_cpp/astra_camera_msgs/msg/detail/metadata__type_support.cpp.o[0m
[16.099s] [ 11%] [32mBuilding CXX object CMakeFiles/astra_camera_msgs__rosidl_typesupport_introspection_cpp.dir/rosidl_typesupport_introspection_cpp/astra_camera_msgs/msg/detail/extrinsics__type_support.cpp.o[0m
[16.944s] [ 12%] [32m[1mLinking CXX shared library libastra_camera_msgs__rosidl_typesupport_introspection_cpp.so[0m
[17.137s] [ 12%] Built target astra_camera_msgs__rosidl_typesupport_introspection_cpp
[17.527s] running egg_info
[17.563s] creating astra_camera_msgs.egg-info
[17.563s] writing astra_camera_msgs.egg-info/PKG-INFO
[17.565s] writing dependency_links to astra_camera_msgs.egg-info/dependency_links.txt
[17.566s] writing top-level names to astra_camera_msgs.egg-info/top_level.txt
[17.566s] writing manifest file 'astra_camera_msgs.egg-info/SOURCES.txt'
[17.656s] reading manifest file 'astra_camera_msgs.egg-info/SOURCES.txt'
[17.657s] writing manifest file 'astra_camera_msgs.egg-info/SOURCES.txt'
[17.724s] [ 12%] Built target ament_cmake_python_build_astra_camera_msgs_egg
[17.742s] [ 13%] [34m[1mGenerating C++ type support for eProsima Fast-RTPS[0m
[19.140s] [ 14%] [32mBuilding CXX object CMakeFiles/astra_camera_msgs__rosidl_typesupport_fastrtps_cpp.dir/rosidl_typesupport_fastrtps_cpp/astra_camera_msgs/msg/detail/dds_fastrtps/device_info__type_support.cpp.o[0m
[19.862s] [ 15%] [32mBuilding CXX object CMakeFiles/astra_camera_msgs__rosidl_typesupport_fastrtps_cpp.dir/rosidl_typesupport_fastrtps_cpp/astra_camera_msgs/srv/detail/dds_fastrtps/get_camera_params__type_support.cpp.o[0m
[20.735s] [ 16%] [32mBuilding CXX object CMakeFiles/astra_camera_msgs__rosidl_typesupport_fastrtps_cpp.dir/rosidl_typesupport_fastrtps_cpp/astra_camera_msgs/srv/detail/dds_fastrtps/get_int32__type_support.cpp.o[0m
[21.651s] [ 17%] [32mBuilding CXX object CMakeFiles/astra_camera_msgs__rosidl_typesupport_fastrtps_cpp.dir/rosidl_typesupport_fastrtps_cpp/astra_camera_msgs/srv/detail/dds_fastrtps/get_string__type_support.cpp.o[0m
[22.453s] [ 18%] [32mBuilding CXX object CMakeFiles/astra_camera_msgs__rosidl_typesupport_fastrtps_cpp.dir/rosidl_typesupport_fastrtps_cpp/astra_camera_msgs/srv/detail/dds_fastrtps/set_int32__type_support.cpp.o[0m
[23.321s] [ 20%] [32mBuilding CXX object CMakeFiles/astra_camera_msgs__rosidl_typesupport_fastrtps_cpp.dir/rosidl_typesupport_fastrtps_cpp/astra_camera_msgs/srv/detail/dds_fastrtps/get_camera_info__type_support.cpp.o[0m
[24.119s] [ 21%] [32mBuilding CXX object CMakeFiles/astra_camera_msgs__rosidl_typesupport_fastrtps_cpp.dir/rosidl_typesupport_fastrtps_cpp/astra_camera_msgs/srv/detail/dds_fastrtps/get_device_info__type_support.cpp.o[0m
[24.862s] [ 22%] [32mBuilding CXX object CMakeFiles/astra_camera_msgs__rosidl_typesupport_fastrtps_cpp.dir/rosidl_typesupport_fastrtps_cpp/astra_camera_msgs/msg/detail/dds_fastrtps/metadata__type_support.cpp.o[0m
[25.564s] [ 23%] [32mBuilding CXX object CMakeFiles/astra_camera_msgs__rosidl_typesupport_fastrtps_cpp.dir/rosidl_typesupport_fastrtps_cpp/astra_camera_msgs/msg/detail/dds_fastrtps/extrinsics__type_support.cpp.o[0m
[26.291s] [ 24%] [32m[1mLinking CXX shared library libastra_camera_msgs__rosidl_typesupport_fastrtps_cpp.so[0m
[26.423s] [ 24%] Built target astra_camera_msgs__rosidl_typesupport_fastrtps_cpp
[26.439s] [ 25%] [34m[1mGenerating C++ type support dispatch for ROS interfaces[0m
[27.428s] [ 26%] [32mBuilding CXX object CMakeFiles/astra_camera_msgs__rosidl_typesupport_cpp.dir/rosidl_typesupport_cpp/astra_camera_msgs/msg/device_info__type_support.cpp.o[0m
[27.919s] [ 27%] [32mBuilding CXX object CMakeFiles/astra_camera_msgs__rosidl_typesupport_cpp.dir/rosidl_typesupport_cpp/astra_camera_msgs/srv/get_int32__type_support.cpp.o[0m
[28.452s] [ 28%] [32mBuilding CXX object CMakeFiles/astra_camera_msgs__rosidl_typesupport_cpp.dir/rosidl_typesupport_cpp/astra_camera_msgs/srv/get_string__type_support.cpp.o[0m
[29.031s] [ 29%] [32mBuilding CXX object CMakeFiles/astra_camera_msgs__rosidl_typesupport_cpp.dir/rosidl_typesupport_cpp/astra_camera_msgs/srv/set_int32__type_support.cpp.o[0m
[29.648s] [ 30%] [32mBuilding CXX object CMakeFiles/astra_camera_msgs__rosidl_typesupport_cpp.dir/rosidl_typesupport_cpp/astra_camera_msgs/srv/get_camera_params__type_support.cpp.o[0m
[30.280s] [ 31%] [32mBuilding CXX object CMakeFiles/astra_camera_msgs__rosidl_typesupport_cpp.dir/rosidl_typesupport_cpp/astra_camera_msgs/srv/get_camera_info__type_support.cpp.o[0m
[30.980s] [ 32%] [32mBuilding CXX object CMakeFiles/astra_camera_msgs__rosidl_typesupport_cpp.dir/rosidl_typesupport_cpp/astra_camera_msgs/srv/get_device_info__type_support.cpp.o[0m
[31.619s] [ 33%] [32mBuilding CXX object CMakeFiles/astra_camera_msgs__rosidl_typesupport_cpp.dir/rosidl_typesupport_cpp/astra_camera_msgs/msg/metadata__type_support.cpp.o[0m
[32.185s] [ 34%] [32mBuilding CXX object CMakeFiles/astra_camera_msgs__rosidl_typesupport_cpp.dir/rosidl_typesupport_cpp/astra_camera_msgs/msg/extrinsics__type_support.cpp.o[0m
[32.712s] [ 35%] [32m[1mLinking CXX shared library libastra_camera_msgs__rosidl_typesupport_cpp.so[0m
[32.785s] [ 35%] Built target astra_camera_msgs__rosidl_typesupport_cpp
[32.803s] [ 36%] [34m[1mGenerating C code for ROS interfaces[0m
[34.850s] [ 37%] [32mBuilding C object CMakeFiles/astra_camera_msgs__rosidl_generator_c.dir/rosidl_generator_c/astra_camera_msgs/msg/detail/device_info__functions.c.o[0m
[34.940s] [ 38%] [32mBuilding C object CMakeFiles/astra_camera_msgs__rosidl_generator_c.dir/rosidl_generator_c/astra_camera_msgs/srv/detail/get_string__functions.c.o[0m
[35.045s] [ 40%] [32mBuilding C object CMakeFiles/astra_camera_msgs__rosidl_generator_c.dir/rosidl_generator_c/astra_camera_msgs/srv/detail/set_int32__functions.c.o[0m
[35.163s] [ 41%] [32mBuilding C object CMakeFiles/astra_camera_msgs__rosidl_generator_c.dir/rosidl_generator_c/astra_camera_msgs/srv/detail/get_int32__functions.c.o[0m
[35.286s] [ 42%] [32mBuilding C object CMakeFiles/astra_camera_msgs__rosidl_generator_c.dir/rosidl_generator_c/astra_camera_msgs/srv/detail/get_camera_params__functions.c.o[0m
[35.405s] [ 43%] [32mBuilding C object CMakeFiles/astra_camera_msgs__rosidl_generator_c.dir/rosidl_generator_c/astra_camera_msgs/srv/detail/get_camera_info__functions.c.o[0m
[35.516s] [ 44%] [32mBuilding C object CMakeFiles/astra_camera_msgs__rosidl_generator_c.dir/rosidl_generator_c/astra_camera_msgs/srv/detail/get_device_info__functions.c.o[0m
[35.631s] [ 45%] [32mBuilding C object CMakeFiles/astra_camera_msgs__rosidl_generator_c.dir/rosidl_generator_c/astra_camera_msgs/msg/detail/metadata__functions.c.o[0m
[35.724s] [ 46%] [32mBuilding C object CMakeFiles/astra_camera_msgs__rosidl_generator_c.dir/rosidl_generator_c/astra_camera_msgs/msg/detail/extrinsics__functions.c.o[0m
[35.815s] [ 47%] [32m[1mLinking C shared library libastra_camera_msgs__rosidl_generator_c.so[0m
[35.893s] [ 47%] Built target astra_camera_msgs__rosidl_generator_c
[35.912s] [ 48%] [34m[1mGenerating C type support for eProsima Fast-RTPS[0m
[37.412s] [ 49%] [32mBuilding CXX object CMakeFiles/astra_camera_msgs__rosidl_typesupport_fastrtps_c.dir/rosidl_typesupport_fastrtps_c/astra_camera_msgs/msg/detail/device_info__type_support_c.cpp.o[0m
[38.143s] [ 50%] [32mBuilding CXX object CMakeFiles/astra_camera_msgs__rosidl_typesupport_fastrtps_c.dir/rosidl_typesupport_fastrtps_c/astra_camera_msgs/srv/detail/get_camera_params__type_support_c.cpp.o[0m
[38.828s] [ 51%] [32mBuilding CXX object CMakeFiles/astra_camera_msgs__rosidl_typesupport_fastrtps_c.dir/rosidl_typesupport_fastrtps_c/astra_camera_msgs/srv/detail/get_int32__type_support_c.cpp.o[0m
[39.471s] [ 52%] [32mBuilding CXX object CMakeFiles/astra_camera_msgs__rosidl_typesupport_fastrtps_c.dir/rosidl_typesupport_fastrtps_c/astra_camera_msgs/srv/detail/get_string__type_support_c.cpp.o[0m
[40.202s] [ 53%] [32mBuilding CXX object CMakeFiles/astra_camera_msgs__rosidl_typesupport_fastrtps_c.dir/rosidl_typesupport_fastrtps_c/astra_camera_msgs/srv/detail/set_int32__type_support_c.cpp.o[0m
[40.971s] [ 54%] [32mBuilding CXX object CMakeFiles/astra_camera_msgs__rosidl_typesupport_fastrtps_c.dir/rosidl_typesupport_fastrtps_c/astra_camera_msgs/srv/detail/get_camera_info__type_support_c.cpp.o[0m
[41.743s] [ 55%] [32mBuilding CXX object CMakeFiles/astra_camera_msgs__rosidl_typesupport_fastrtps_c.dir/rosidl_typesupport_fastrtps_c/astra_camera_msgs/srv/detail/get_device_info__type_support_c.cpp.o[0m
[42.587s] [ 56%] [32mBuilding CXX object CMakeFiles/astra_camera_msgs__rosidl_typesupport_fastrtps_c.dir/rosidl_typesupport_fastrtps_c/astra_camera_msgs/msg/detail/metadata__type_support_c.cpp.o[0m
[43.240s] [ 57%] [32mBuilding CXX object CMakeFiles/astra_camera_msgs__rosidl_typesupport_fastrtps_c.dir/rosidl_typesupport_fastrtps_c/astra_camera_msgs/msg/detail/extrinsics__type_support_c.cpp.o[0m
[43.858s] [ 58%] [32m[1mLinking CXX shared library libastra_camera_msgs__rosidl_typesupport_fastrtps_c.so[0m
[44.005s] [ 58%] Built target astra_camera_msgs__rosidl_typesupport_fastrtps_c
[44.030s] [ 60%] [34m[1mGenerating C type support dispatch for ROS interfaces[0m
[44.958s] [ 61%] [32mBuilding CXX object CMakeFiles/astra_camera_msgs__rosidl_typesupport_c.dir/rosidl_typesupport_c/astra_camera_msgs/msg/device_info__type_support.cpp.o[0m
[45.011s] [ 62%] [32mBuilding CXX object CMakeFiles/astra_camera_msgs__rosidl_typesupport_c.dir/rosidl_typesupport_c/astra_camera_msgs/srv/get_int32__type_support.cpp.o[0m
[45.068s] [ 63%] [32mBuilding CXX object CMakeFiles/astra_camera_msgs__rosidl_typesupport_c.dir/rosidl_typesupport_c/astra_camera_msgs/srv/get_string__type_support.cpp.o[0m
[45.119s] [ 64%] [32mBuilding CXX object CMakeFiles/astra_camera_msgs__rosidl_typesupport_c.dir/rosidl_typesupport_c/astra_camera_msgs/srv/set_int32__type_support.cpp.o[0m
[45.172s] [ 65%] [32mBuilding CXX object CMakeFiles/astra_camera_msgs__rosidl_typesupport_c.dir/rosidl_typesupport_c/astra_camera_msgs/srv/get_camera_params__type_support.cpp.o[0m
[45.228s] [ 66%] [32mBuilding CXX object CMakeFiles/astra_camera_msgs__rosidl_typesupport_c.dir/rosidl_typesupport_c/astra_camera_msgs/srv/get_camera_info__type_support.cpp.o[0m
[45.282s] [ 67%] [32mBuilding CXX object CMakeFiles/astra_camera_msgs__rosidl_typesupport_c.dir/rosidl_typesupport_c/astra_camera_msgs/srv/get_device_info__type_support.cpp.o[0m
[45.336s] [ 68%] [32mBuilding CXX object CMakeFiles/astra_camera_msgs__rosidl_typesupport_c.dir/rosidl_typesupport_c/astra_camera_msgs/msg/metadata__type_support.cpp.o[0m
[45.388s] [ 69%] [32mBuilding CXX object CMakeFiles/astra_camera_msgs__rosidl_typesupport_c.dir/rosidl_typesupport_c/astra_camera_msgs/msg/extrinsics__type_support.cpp.o[0m
[45.442s] [ 70%] [32m[1mLinking CXX shared library libastra_camera_msgs__rosidl_typesupport_c.so[0m
[45.521s] [ 70%] Built target astra_camera_msgs__rosidl_typesupport_c
[45.541s] [ 71%] [34m[1mGenerating C introspection for ROS interfaces[0m
[46.800s] [ 72%] [32mBuilding C object CMakeFiles/astra_camera_msgs__rosidl_typesupport_introspection_c.dir/rosidl_typesupport_introspection_c/astra_camera_msgs/msg/detail/device_info__type_support.c.o[0m
[46.859s] [ 73%] [32mBuilding C object CMakeFiles/astra_camera_msgs__rosidl_typesupport_introspection_c.dir/rosidl_typesupport_introspection_c/astra_camera_msgs/srv/detail/get_string__type_support.c.o[0m
[46.919s] [ 74%] [32mBuilding C object CMakeFiles/astra_camera_msgs__rosidl_typesupport_introspection_c.dir/rosidl_typesupport_introspection_c/astra_camera_msgs/srv/detail/set_int32__type_support.c.o[0m
[46.977s] [ 75%] [32mBuilding C object CMakeFiles/astra_camera_msgs__rosidl_typesupport_introspection_c.dir/rosidl_typesupport_introspection_c/astra_camera_msgs/srv/detail/get_int32__type_support.c.o[0m
[47.037s] [ 76%] [32mBuilding C object CMakeFiles/astra_camera_msgs__rosidl_typesupport_introspection_c.dir/rosidl_typesupport_introspection_c/astra_camera_msgs/srv/detail/get_camera_params__type_support.c.o[0m
[47.114s] [ 77%] [32mBuilding C object CMakeFiles/astra_camera_msgs__rosidl_typesupport_introspection_c.dir/rosidl_typesupport_introspection_c/astra_camera_msgs/srv/detail/get_camera_info__type_support.c.o[0m
[47.178s] [ 78%] [32mBuilding C object CMakeFiles/astra_camera_msgs__rosidl_typesupport_introspection_c.dir/rosidl_typesupport_introspection_c/astra_camera_msgs/srv/detail/get_device_info__type_support.c.o[0m
[47.245s] [ 80%] [32mBuilding C object CMakeFiles/astra_camera_msgs__rosidl_typesupport_introspection_c.dir/rosidl_typesupport_introspection_c/astra_camera_msgs/msg/detail/metadata__type_support.c.o[0m
[47.307s] [ 81%] [32mBuilding C object CMakeFiles/astra_camera_msgs__rosidl_typesupport_introspection_c.dir/rosidl_typesupport_introspection_c/astra_camera_msgs/msg/detail/extrinsics__type_support.c.o[0m
[47.372s] [ 82%] [32m[1mLinking C shared library libastra_camera_msgs__rosidl_typesupport_introspection_c.so[0m
[47.427s] [ 82%] Built target astra_camera_msgs__rosidl_typesupport_introspection_c
[47.460s] [ 82%] Built target astra_camera_msgs
[47.493s] [ 83%] [34m[1mGenerating Python code for ROS interfaces[0m
[50.146s] [ 83%] Built target astra_camera_msgs__py
[50.182s] [ 84%] [32mBuilding C object CMakeFiles/astra_camera_msgs__rosidl_generator_py.dir/rosidl_generator_py/astra_camera_msgs/msg/_device_info_s.c.o[0m
[50.382s] [ 85%] [32mBuilding C object CMakeFiles/astra_camera_msgs__rosidl_generator_py.dir/rosidl_generator_py/astra_camera_msgs/srv/_get_string_s.c.o[0m
[50.591s] [ 86%] [32mBuilding C object CMakeFiles/astra_camera_msgs__rosidl_generator_py.dir/rosidl_generator_py/astra_camera_msgs/srv/_set_int32_s.c.o[0m
[50.846s] [ 87%] [32mBuilding C object CMakeFiles/astra_camera_msgs__rosidl_generator_py.dir/rosidl_generator_py/astra_camera_msgs/srv/_get_int32_s.c.o[0m
[51.065s] [ 88%] [32mBuilding C object CMakeFiles/astra_camera_msgs__rosidl_generator_py.dir/rosidl_generator_py/astra_camera_msgs/srv/_get_camera_params_s.c.o[0m
[51.336s] [ 89%] [32mBuilding C object CMakeFiles/astra_camera_msgs__rosidl_generator_py.dir/rosidl_generator_py/astra_camera_msgs/srv/_get_camera_info_s.c.o[0m
[51.664s] [ 90%] [32mBuilding C object CMakeFiles/astra_camera_msgs__rosidl_generator_py.dir/rosidl_generator_py/astra_camera_msgs/srv/_get_device_info_s.c.o[0m
[51.923s] [ 91%] [32mBuilding C object CMakeFiles/astra_camera_msgs__rosidl_generator_py.dir/rosidl_generator_py/astra_camera_msgs/msg/_metadata_s.c.o[0m
[52.170s] [ 92%] [32mBuilding C object CMakeFiles/astra_camera_msgs__rosidl_generator_py.dir/rosidl_generator_py/astra_camera_msgs/msg/_extrinsics_s.c.o[0m
[52.450s] [ 93%] [32m[1mLinking C shared library rosidl_generator_py/astra_camera_msgs/libastra_camera_msgs__rosidl_generator_py.so[0m
[52.559s] [ 93%] Built target astra_camera_msgs__rosidl_generator_py
[52.701s] [ 94%] [32mBuilding C object CMakeFiles/astra_camera_msgs__rosidl_typesupport_fastrtps_c__pyext.dir/rosidl_generator_py/astra_camera_msgs/_astra_camera_msgs_s.ep.rosidl_typesupport_fastrtps_c.c.o[0m
[53.017s] [ 95%] [32m[1mLinking C shared library rosidl_generator_py/astra_camera_msgs/astra_camera_msgs_s__rosidl_typesupport_fastrtps_c.cpython-310-aarch64-linux-gnu.so[0m
[53.186s] [ 95%] Built target astra_camera_msgs__rosidl_typesupport_fastrtps_c__pyext
[53.332s] [ 96%] [32mBuilding C object CMakeFiles/astra_camera_msgs__rosidl_typesupport_c__pyext.dir/rosidl_generator_py/astra_camera_msgs/_astra_camera_msgs_s.ep.rosidl_typesupport_c.c.o[0m
[53.791s] [ 97%] [32m[1mLinking C shared library rosidl_generator_py/astra_camera_msgs/astra_camera_msgs_s__rosidl_typesupport_c.cpython-310-aarch64-linux-gnu.so[0m
[53.940s] [ 97%] Built target astra_camera_msgs__rosidl_typesupport_c__pyext
[53.998s] [ 98%] [32mBuilding C object CMakeFiles/astra_camera_msgs__rosidl_typesupport_introspection_c__pyext.dir/rosidl_generator_py/astra_camera_msgs/_astra_camera_msgs_s.ep.rosidl_typesupport_introspection_c.c.o[0m
[54.381s] [100%] [32m[1mLinking C shared library rosidl_generator_py/astra_camera_msgs/astra_camera_msgs_s__rosidl_typesupport_introspection_c.cpython-310-aarch64-linux-gnu.so[0m
[54.549s] [100%] Built target astra_camera_msgs__rosidl_typesupport_introspection_c__pyext
[54.611s] Invoked command in '/home/wheeltec/wheeltec_robot/build/astra_camera_msgs' returned '0': CMAKE_PREFIX_PATH=/opt/ros/humble /usr/bin/cmake --build /home/wheeltec/wheeltec_robot/build/astra_camera_msgs -- -j8 -l8
[54.611s] Invoking command in '/home/wheeltec/wheeltec_robot/build/astra_camera_msgs': CMAKE_PREFIX_PATH=/opt/ros/humble /usr/bin/cmake --install /home/wheeltec/wheeltec_robot/build/astra_camera_msgs
[55.639s] -- Install configuration: ""
[55.640s] -- Execute custom install script
[55.640s] -- Symlinking: /home/wheeltec/wheeltec_robot/install/astra_camera_msgs/share/ament_index/resource_index/rosidl_interfaces/astra_camera_msgs
[55.640s] -- Symlinking: /home/wheeltec/wheeltec_robot/install/astra_camera_msgs/include/astra_camera_msgs/astra_camera_msgs/msg/detail/device_info__functions.h
[55.640s] -- Symlinking: /home/wheeltec/wheeltec_robot/install/astra_camera_msgs/include/astra_camera_msgs/astra_camera_msgs/msg/detail/device_info__struct.h
[55.640s] -- Symlinking: /home/wheeltec/wheeltec_robot/install/astra_camera_msgs/include/astra_camera_msgs/astra_camera_msgs/msg/detail/device_info__type_support.h
[55.640s] -- Symlinking: /home/wheeltec/wheeltec_robot/install/astra_camera_msgs/include/astra_camera_msgs/astra_camera_msgs/msg/detail/extrinsics__functions.h
[55.640s] -- Symlinking: /home/wheeltec/wheeltec_robot/install/astra_camera_msgs/include/astra_camera_msgs/astra_camera_msgs/msg/detail/extrinsics__struct.h
[55.640s] -- Symlinking: /home/wheeltec/wheeltec_robot/install/astra_camera_msgs/include/astra_camera_msgs/astra_camera_msgs/msg/detail/extrinsics__type_support.h
[55.640s] -- Symlinking: /home/wheeltec/wheeltec_robot/install/astra_camera_msgs/include/astra_camera_msgs/astra_camera_msgs/msg/detail/metadata__functions.h
[55.641s] -- Symlinking: /home/wheeltec/wheeltec_robot/install/astra_camera_msgs/include/astra_camera_msgs/astra_camera_msgs/msg/detail/metadata__struct.h
[55.641s] -- Symlinking: /home/wheeltec/wheeltec_robot/install/astra_camera_msgs/include/astra_camera_msgs/astra_camera_msgs/msg/detail/metadata__type_support.h
[55.641s] -- Symlinking: /home/wheeltec/wheeltec_robot/install/astra_camera_msgs/include/astra_camera_msgs/astra_camera_msgs/msg/device_info.h
[55.641s] -- Symlinking: /home/wheeltec/wheeltec_robot/install/astra_camera_msgs/include/astra_camera_msgs/astra_camera_msgs/msg/extrinsics.h
[55.641s] -- Symlinking: /home/wheeltec/wheeltec_robot/install/astra_camera_msgs/include/astra_camera_msgs/astra_camera_msgs/msg/metadata.h
[55.641s] -- Symlinking: /home/wheeltec/wheeltec_robot/install/astra_camera_msgs/include/astra_camera_msgs/astra_camera_msgs/msg/rosidl_generator_c__visibility_control.h
[55.641s] -- Symlinking: /home/wheeltec/wheeltec_robot/install/astra_camera_msgs/include/astra_camera_msgs/astra_camera_msgs/srv/detail/get_camera_info__functions.h
[55.641s] -- Symlinking: /home/wheeltec/wheeltec_robot/install/astra_camera_msgs/include/astra_camera_msgs/astra_camera_msgs/srv/detail/get_camera_info__struct.h
[55.641s] -- Symlinking: /home/wheeltec/wheeltec_robot/install/astra_camera_msgs/include/astra_camera_msgs/astra_camera_msgs/srv/detail/get_camera_info__type_support.h
[55.641s] -- Symlinking: /home/wheeltec/wheeltec_robot/install/astra_camera_msgs/include/astra_camera_msgs/astra_camera_msgs/srv/detail/get_camera_params__functions.h
[55.641s] -- Symlinking: /home/wheeltec/wheeltec_robot/install/astra_camera_msgs/include/astra_camera_msgs/astra_camera_msgs/srv/detail/get_camera_params__struct.h
[55.642s] -- Symlinking: /home/wheeltec/wheeltec_robot/install/astra_camera_msgs/include/astra_camera_msgs/astra_camera_msgs/srv/detail/get_camera_params__type_support.h
[55.642s] -- Symlinking: /home/wheeltec/wheeltec_robot/install/astra_camera_msgs/include/astra_camera_msgs/astra_camera_msgs/srv/detail/get_device_info__functions.h
[55.642s] -- Symlinking: /home/wheeltec/wheeltec_robot/install/astra_camera_msgs/include/astra_camera_msgs/astra_camera_msgs/srv/detail/get_device_info__struct.h
[55.642s] -- Symlinking: /home/wheeltec/wheeltec_robot/install/astra_camera_msgs/include/astra_camera_msgs/astra_camera_msgs/srv/detail/get_device_info__type_support.h
[55.642s] -- Symlinking: /home/wheeltec/wheeltec_robot/install/astra_camera_msgs/include/astra_camera_msgs/astra_camera_msgs/srv/detail/get_int32__functions.h
[55.642s] -- Symlinking: /home/wheeltec/wheeltec_robot/install/astra_camera_msgs/include/astra_camera_msgs/astra_camera_msgs/srv/detail/get_int32__struct.h
[55.643s] -- Symlinking: /home/wheeltec/wheeltec_robot/install/astra_camera_msgs/include/astra_camera_msgs/astra_camera_msgs/srv/detail/get_int32__type_support.h
[55.643s] -- Symlinking: /home/wheeltec/wheeltec_robot/install/astra_camera_msgs/include/astra_camera_msgs/astra_camera_msgs/srv/detail/get_string__functions.h
[55.643s] -- Symlinking: /home/wheeltec/wheeltec_robot/install/astra_camera_msgs/include/astra_camera_msgs/astra_camera_msgs/srv/detail/get_string__struct.h
[55.643s] -- Symlinking: /home/wheeltec/wheeltec_robot/install/astra_camera_msgs/include/astra_camera_msgs/astra_camera_msgs/srv/detail/get_string__type_support.h
[55.643s] -- Symlinking: /home/wheeltec/wheeltec_robot/install/astra_camera_msgs/include/astra_camera_msgs/astra_camera_msgs/srv/detail/set_int32__functions.h
[55.643s] -- Symlinking: /home/wheeltec/wheeltec_robot/install/astra_camera_msgs/include/astra_camera_msgs/astra_camera_msgs/srv/detail/set_int32__struct.h
[55.643s] -- Symlinking: /home/wheeltec/wheeltec_robot/install/astra_camera_msgs/include/astra_camera_msgs/astra_camera_msgs/srv/detail/set_int32__type_support.h
[55.643s] -- Symlinking: /home/wheeltec/wheeltec_robot/install/astra_camera_msgs/include/astra_camera_msgs/astra_camera_msgs/srv/get_camera_info.h
[55.644s] -- Symlinking: /home/wheeltec/wheeltec_robot/install/astra_camera_msgs/include/astra_camera_msgs/astra_camera_msgs/srv/get_camera_params.h
[55.644s] -- Symlinking: /home/wheeltec/wheeltec_robot/install/astra_camera_msgs/include/astra_camera_msgs/astra_camera_msgs/srv/get_device_info.h
[55.644s] -- Symlinking: /home/wheeltec/wheeltec_robot/install/astra_camera_msgs/include/astra_camera_msgs/astra_camera_msgs/srv/get_int32.h
[55.644s] -- Symlinking: /home/wheeltec/wheeltec_robot/install/astra_camera_msgs/include/astra_camera_msgs/astra_camera_msgs/srv/get_string.h
[55.644s] -- Symlinking: /home/wheeltec/wheeltec_robot/install/astra_camera_msgs/include/astra_camera_msgs/astra_camera_msgs/srv/set_int32.h
[55.644s] -- Symlinking: /home/wheeltec/wheeltec_robot/install/astra_camera_msgs/share/astra_camera_msgs/environment/library_path.sh
[55.644s] -- Symlinking: /home/wheeltec/wheeltec_robot/install/astra_camera_msgs/share/astra_camera_msgs/environment/library_path.dsv
[55.644s] -- Symlinking: /home/wheeltec/wheeltec_robot/install/astra_camera_msgs/include/astra_camera_msgs/astra_camera_msgs/msg/detail/device_info__rosidl_typesupport_fastrtps_c.h
[55.648s] -- Symlinking: /home/wheeltec/wheeltec_robot/install/astra_camera_msgs/include/astra_camera_msgs/astra_camera_msgs/msg/detail/extrinsics__rosidl_typesupport_fastrtps_c.h
[55.668s] -- Symlinking: /home/wheeltec/wheeltec_robot/install/astra_camera_msgs/include/astra_camera_msgs/astra_camera_msgs/msg/detail/metadata__rosidl_typesupport_fastrtps_c.h
[55.686s] -- Symlinking: /home/wheeltec/wheeltec_robot/install/astra_camera_msgs/include/astra_camera_msgs/astra_camera_msgs/msg/rosidl_typesupport_fastrtps_c__visibility_control.h
[55.700s] -- Symlinking: /home/wheeltec/wheeltec_robot/install/astra_camera_msgs/include/astra_camera_msgs/astra_camera_msgs/srv/detail/get_camera_info__rosidl_typesupport_fastrtps_c.h
[55.716s] -- Symlinking: /home/wheeltec/wheeltec_robot/install/astra_camera_msgs/include/astra_camera_msgs/astra_camera_msgs/srv/detail/get_camera_params__rosidl_typesupport_fastrtps_c.h
[55.742s] -- Symlinking: /home/wheeltec/wheeltec_robot/install/astra_camera_msgs/include/astra_camera_msgs/astra_camera_msgs/srv/detail/get_device_info__rosidl_typesupport_fastrtps_c.h
[55.756s] -- Symlinking: /home/wheeltec/wheeltec_robot/install/astra_camera_msgs/include/astra_camera_msgs/astra_camera_msgs/srv/detail/get_int32__rosidl_typesupport_fastrtps_c.h
[55.769s] -- Symlinking: /home/wheeltec/wheeltec_robot/install/astra_camera_msgs/include/astra_camera_msgs/astra_camera_msgs/srv/detail/get_string__rosidl_typesupport_fastrtps_c.h
[55.784s] -- Symlinking: /home/wheeltec/wheeltec_robot/install/astra_camera_msgs/include/astra_camera_msgs/astra_camera_msgs/srv/detail/set_int32__rosidl_typesupport_fastrtps_c.h
[55.802s] -- Symlinking: /home/wheeltec/wheeltec_robot/install/astra_camera_msgs/include/astra_camera_msgs/astra_camera_msgs/msg/detail/device_info__rosidl_typesupport_introspection_c.h
[55.818s] -- Symlinking: /home/wheeltec/wheeltec_robot/install/astra_camera_msgs/include/astra_camera_msgs/astra_camera_msgs/msg/detail/extrinsics__rosidl_typesupport_introspection_c.h
[55.833s] -- Symlinking: /home/wheeltec/wheeltec_robot/install/astra_camera_msgs/include/astra_camera_msgs/astra_camera_msgs/msg/detail/metadata__rosidl_typesupport_introspection_c.h
[55.847s] -- Symlinking: /home/wheeltec/wheeltec_robot/install/astra_camera_msgs/include/astra_camera_msgs/astra_camera_msgs/msg/rosidl_typesupport_introspection_c__visibility_control.h
[55.864s] -- Symlinking: /home/wheeltec/wheeltec_robot/install/astra_camera_msgs/include/astra_camera_msgs/astra_camera_msgs/srv/detail/get_camera_info__rosidl_typesupport_introspection_c.h
[55.879s] -- Symlinking: /home/wheeltec/wheeltec_robot/install/astra_camera_msgs/include/astra_camera_msgs/astra_camera_msgs/srv/detail/get_camera_params__rosidl_typesupport_introspection_c.h
[55.916s] -- Symlinking: /home/wheeltec/wheeltec_robot/install/astra_camera_msgs/include/astra_camera_msgs/astra_camera_msgs/srv/detail/get_device_info__rosidl_typesupport_introspection_c.h
[55.942s] -- Symlinking: /home/wheeltec/wheeltec_robot/install/astra_camera_msgs/include/astra_camera_msgs/astra_camera_msgs/srv/detail/get_int32__rosidl_typesupport_introspection_c.h
[55.975s] -- Symlinking: /home/wheeltec/wheeltec_robot/install/astra_camera_msgs/include/astra_camera_msgs/astra_camera_msgs/srv/detail/get_string__rosidl_typesupport_introspection_c.h
[56.006s] -- Symlinking: /home/wheeltec/wheeltec_robot/install/astra_camera_msgs/include/astra_camera_msgs/astra_camera_msgs/srv/detail/set_int32__rosidl_typesupport_introspection_c.h
[56.050s] -- Symlinking: /home/wheeltec/wheeltec_robot/install/astra_camera_msgs/include/astra_camera_msgs/astra_camera_msgs/msg/detail/device_info__builder.hpp
[56.089s] -- Symlinking: /home/wheeltec/wheeltec_robot/install/astra_camera_msgs/include/astra_camera_msgs/astra_camera_msgs/msg/detail/device_info__struct.hpp
[56.129s] -- Symlinking: /home/wheeltec/wheeltec_robot/install/astra_camera_msgs/include/astra_camera_msgs/astra_camera_msgs/msg/detail/device_info__traits.hpp
[56.157s] -- Symlinking: /home/wheeltec/wheeltec_robot/install/astra_camera_msgs/include/astra_camera_msgs/astra_camera_msgs/msg/detail/device_info__type_support.hpp
[56.179s] -- Symlinking: /home/wheeltec/wheeltec_robot/install/astra_camera_msgs/include/astra_camera_msgs/astra_camera_msgs/msg/detail/extrinsics__builder.hpp
[56.204s] -- Symlinking: /home/wheeltec/wheeltec_robot/install/astra_camera_msgs/include/astra_camera_msgs/astra_camera_msgs/msg/detail/extrinsics__struct.hpp
[56.225s] -- Symlinking: /home/wheeltec/wheeltec_robot/install/astra_camera_msgs/include/astra_camera_msgs/astra_camera_msgs/msg/detail/extrinsics__traits.hpp
[56.238s] -- Symlinking: /home/wheeltec/wheeltec_robot/install/astra_camera_msgs/include/astra_camera_msgs/astra_camera_msgs/msg/detail/extrinsics__type_support.hpp
[56.260s] -- Symlinking: /home/wheeltec/wheeltec_robot/install/astra_camera_msgs/include/astra_camera_msgs/astra_camera_msgs/msg/detail/metadata__builder.hpp
[56.274s] -- Symlinking: /home/wheeltec/wheeltec_robot/install/astra_camera_msgs/include/astra_camera_msgs/astra_camera_msgs/msg/detail/metadata__struct.hpp
[56.289s] -- Symlinking: /home/wheeltec/wheeltec_robot/install/astra_camera_msgs/include/astra_camera_msgs/astra_camera_msgs/msg/detail/metadata__traits.hpp
[56.324s] -- Symlinking: /home/wheeltec/wheeltec_robot/install/astra_camera_msgs/include/astra_camera_msgs/astra_camera_msgs/msg/detail/metadata__type_support.hpp
[56.367s] -- Symlinking: /home/wheeltec/wheeltec_robot/install/astra_camera_msgs/include/astra_camera_msgs/astra_camera_msgs/msg/device_info.hpp
[56.401s] -- Symlinking: /home/wheeltec/wheeltec_robot/install/astra_camera_msgs/include/astra_camera_msgs/astra_camera_msgs/msg/extrinsics.hpp
[56.431s] -- Symlinking: /home/wheeltec/wheeltec_robot/install/astra_camera_msgs/include/astra_camera_msgs/astra_camera_msgs/msg/metadata.hpp
[56.467s] -- Symlinking: /home/wheeltec/wheeltec_robot/install/astra_camera_msgs/include/astra_camera_msgs/astra_camera_msgs/msg/rosidl_generator_cpp__visibility_control.hpp
[56.510s] -- Symlinking: /home/wheeltec/wheeltec_robot/install/astra_camera_msgs/include/astra_camera_msgs/astra_camera_msgs/srv/detail/get_camera_info__builder.hpp
[56.549s] -- Symlinking: /home/wheeltec/wheeltec_robot/install/astra_camera_msgs/include/astra_camera_msgs/astra_camera_msgs/srv/detail/get_camera_info__struct.hpp
[56.569s] -- Symlinking: /home/wheeltec/wheeltec_robot/install/astra_camera_msgs/include/astra_camera_msgs/astra_camera_msgs/srv/detail/get_camera_info__traits.hpp
[56.596s] -- Symlinking: /home/wheeltec/wheeltec_robot/install/astra_camera_msgs/include/astra_camera_msgs/astra_camera_msgs/srv/detail/get_camera_info__type_support.hpp
[56.628s] -- Symlinking: /home/wheeltec/wheeltec_robot/install/astra_camera_msgs/include/astra_camera_msgs/astra_camera_msgs/srv/detail/get_camera_params__builder.hpp
[56.663s] -- Symlinking: /home/wheeltec/wheeltec_robot/install/astra_camera_msgs/include/astra_camera_msgs/astra_camera_msgs/srv/detail/get_camera_params__struct.hpp
[56.678s] -- Symlinking: /home/wheeltec/wheeltec_robot/install/astra_camera_msgs/include/astra_camera_msgs/astra_camera_msgs/srv/detail/get_camera_params__traits.hpp
[56.692s] -- Symlinking: /home/wheeltec/wheeltec_robot/install/astra_camera_msgs/include/astra_camera_msgs/astra_camera_msgs/srv/detail/get_camera_params__type_support.hpp
[56.722s] -- Symlinking: /home/wheeltec/wheeltec_robot/install/astra_camera_msgs/include/astra_camera_msgs/astra_camera_msgs/srv/detail/get_device_info__builder.hpp
[56.736s] -- Symlinking: /home/wheeltec/wheeltec_robot/install/astra_camera_msgs/include/astra_camera_msgs/astra_camera_msgs/srv/detail/get_device_info__struct.hpp
[56.765s] -- Symlinking: /home/wheeltec/wheeltec_robot/install/astra_camera_msgs/include/astra_camera_msgs/astra_camera_msgs/srv/detail/get_device_info__traits.hpp
[56.794s] -- Symlinking: /home/wheeltec/wheeltec_robot/install/astra_camera_msgs/include/astra_camera_msgs/astra_camera_msgs/srv/detail/get_device_info__type_support.hpp
[56.809s] -- Symlinking: /home/wheeltec/wheeltec_robot/install/astra_camera_msgs/include/astra_camera_msgs/astra_camera_msgs/srv/detail/get_int32__builder.hpp
[56.862s] -- Symlinking: /home/wheeltec/wheeltec_robot/install/astra_camera_msgs/include/astra_camera_msgs/astra_camera_msgs/srv/detail/get_int32__struct.hpp
[56.907s] -- Symlinking: /home/wheeltec/wheeltec_robot/install/astra_camera_msgs/include/astra_camera_msgs/astra_camera_msgs/srv/detail/get_int32__traits.hpp
[56.922s] -- Symlinking: /home/wheeltec/wheeltec_robot/install/astra_camera_msgs/include/astra_camera_msgs/astra_camera_msgs/srv/detail/get_int32__type_support.hpp
[56.937s] -- Symlinking: /home/wheeltec/wheeltec_robot/install/astra_camera_msgs/include/astra_camera_msgs/astra_camera_msgs/srv/detail/get_string__builder.hpp
[56.977s] -- Symlinking: /home/wheeltec/wheeltec_robot/install/astra_camera_msgs/include/astra_camera_msgs/astra_camera_msgs/srv/detail/get_string__struct.hpp
[57.006s] -- Symlinking: /home/wheeltec/wheeltec_robot/install/astra_camera_msgs/include/astra_camera_msgs/astra_camera_msgs/srv/detail/get_string__traits.hpp
[57.034s] -- Symlinking: /home/wheeltec/wheeltec_robot/install/astra_camera_msgs/include/astra_camera_msgs/astra_camera_msgs/srv/detail/get_string__type_support.hpp
[57.063s] -- Symlinking: /home/wheeltec/wheeltec_robot/install/astra_camera_msgs/include/astra_camera_msgs/astra_camera_msgs/srv/detail/set_int32__builder.hpp
[57.105s] -- Symlinking: /home/wheeltec/wheeltec_robot/install/astra_camera_msgs/include/astra_camera_msgs/astra_camera_msgs/srv/detail/set_int32__struct.hpp
[57.134s] -- Symlinking: /home/wheeltec/wheeltec_robot/install/astra_camera_msgs/include/astra_camera_msgs/astra_camera_msgs/srv/detail/set_int32__traits.hpp
[57.164s] -- Symlinking: /home/wheeltec/wheeltec_robot/install/astra_camera_msgs/include/astra_camera_msgs/astra_camera_msgs/srv/detail/set_int32__type_support.hpp
[57.181s] -- Symlinking: /home/wheeltec/wheeltec_robot/install/astra_camera_msgs/include/astra_camera_msgs/astra_camera_msgs/srv/get_camera_info.hpp
[57.199s] -- Symlinking: /home/wheeltec/wheeltec_robot/install/astra_camera_msgs/include/astra_camera_msgs/astra_camera_msgs/srv/get_camera_params.hpp
[57.228s] -- Symlinking: /home/wheeltec/wheeltec_robot/install/astra_camera_msgs/include/astra_camera_msgs/astra_camera_msgs/srv/get_device_info.hpp
[57.260s] -- Symlinking: /home/wheeltec/wheeltec_robot/install/astra_camera_msgs/include/astra_camera_msgs/astra_camera_msgs/srv/get_int32.hpp
[57.272s] -- Symlinking: /home/wheeltec/wheeltec_robot/install/astra_camera_msgs/include/astra_camera_msgs/astra_camera_msgs/srv/get_string.hpp
[57.296s] -- Symlinking: /home/wheeltec/wheeltec_robot/install/astra_camera_msgs/include/astra_camera_msgs/astra_camera_msgs/srv/set_int32.hpp
[57.314s] -- Symlinking: /home/wheeltec/wheeltec_robot/install/astra_camera_msgs/include/astra_camera_msgs/astra_camera_msgs/msg/detail/device_info__rosidl_typesupport_fastrtps_cpp.hpp
[57.332s] -- Symlinking: /home/wheeltec/wheeltec_robot/install/astra_camera_msgs/include/astra_camera_msgs/astra_camera_msgs/msg/detail/extrinsics__rosidl_typesupport_fastrtps_cpp.hpp
[57.352s] -- Symlinking: /home/wheeltec/wheeltec_robot/install/astra_camera_msgs/include/astra_camera_msgs/astra_camera_msgs/msg/detail/metadata__rosidl_typesupport_fastrtps_cpp.hpp
[57.366s] -- Symlinking: /home/wheeltec/wheeltec_robot/install/astra_camera_msgs/include/astra_camera_msgs/astra_camera_msgs/msg/rosidl_typesupport_fastrtps_cpp__visibility_control.h
[57.379s] -- Symlinking: /home/wheeltec/wheeltec_robot/install/astra_camera_msgs/include/astra_camera_msgs/astra_camera_msgs/srv/detail/get_camera_info__rosidl_typesupport_fastrtps_cpp.hpp
[57.391s] -- Symlinking: /home/wheeltec/wheeltec_robot/install/astra_camera_msgs/include/astra_camera_msgs/astra_camera_msgs/srv/detail/get_camera_params__rosidl_typesupport_fastrtps_cpp.hpp
[57.406s] -- Symlinking: /home/wheeltec/wheeltec_robot/install/astra_camera_msgs/include/astra_camera_msgs/astra_camera_msgs/srv/detail/get_device_info__rosidl_typesupport_fastrtps_cpp.hpp
[57.420s] -- Symlinking: /home/wheeltec/wheeltec_robot/install/astra_camera_msgs/include/astra_camera_msgs/astra_camera_msgs/srv/detail/get_int32__rosidl_typesupport_fastrtps_cpp.hpp
[57.434s] -- Symlinking: /home/wheeltec/wheeltec_robot/install/astra_camera_msgs/include/astra_camera_msgs/astra_camera_msgs/srv/detail/get_string__rosidl_typesupport_fastrtps_cpp.hpp
[57.448s] -- Symlinking: /home/wheeltec/wheeltec_robot/install/astra_camera_msgs/include/astra_camera_msgs/astra_camera_msgs/srv/detail/set_int32__rosidl_typesupport_fastrtps_cpp.hpp
[57.464s] -- Symlinking: /home/wheeltec/wheeltec_robot/install/astra_camera_msgs/include/astra_camera_msgs/astra_camera_msgs/msg/detail/device_info__rosidl_typesupport_introspection_cpp.hpp
[57.480s] -- Symlinking: /home/wheeltec/wheeltec_robot/install/astra_camera_msgs/include/astra_camera_msgs/astra_camera_msgs/msg/detail/extrinsics__rosidl_typesupport_introspection_cpp.hpp
[57.494s] -- Symlinking: /home/wheeltec/wheeltec_robot/install/astra_camera_msgs/include/astra_camera_msgs/astra_camera_msgs/msg/detail/metadata__rosidl_typesupport_introspection_cpp.hpp
[57.509s] -- Symlinking: /home/wheeltec/wheeltec_robot/install/astra_camera_msgs/include/astra_camera_msgs/astra_camera_msgs/srv/detail/get_camera_info__rosidl_typesupport_introspection_cpp.hpp
[57.525s] -- Symlinking: /home/wheeltec/wheeltec_robot/install/astra_camera_msgs/include/astra_camera_msgs/astra_camera_msgs/srv/detail/get_camera_params__rosidl_typesupport_introspection_cpp.hpp
[57.540s] -- Symlinking: /home/wheeltec/wheeltec_robot/install/astra_camera_msgs/include/astra_camera_msgs/astra_camera_msgs/srv/detail/get_device_info__rosidl_typesupport_introspection_cpp.hpp
[57.556s] -- Symlinking: /home/wheeltec/wheeltec_robot/install/astra_camera_msgs/include/astra_camera_msgs/astra_camera_msgs/srv/detail/get_int32__rosidl_typesupport_introspection_cpp.hpp
[57.578s] -- Symlinking: /home/wheeltec/wheeltec_robot/install/astra_camera_msgs/include/astra_camera_msgs/astra_camera_msgs/srv/detail/get_string__rosidl_typesupport_introspection_cpp.hpp
[57.595s] -- Symlinking: /home/wheeltec/wheeltec_robot/install/astra_camera_msgs/include/astra_camera_msgs/astra_camera_msgs/srv/detail/set_int32__rosidl_typesupport_introspection_cpp.hpp
[57.626s] -- Symlinking: /home/wheeltec/wheeltec_robot/install/astra_camera_msgs/share/astra_camera_msgs/environment/pythonpath.sh
[57.643s] -- Symlinking: /home/wheeltec/wheeltec_robot/install/astra_camera_msgs/share/astra_camera_msgs/environment/pythonpath.dsv
[57.666s] -- Symlinking: /home/wheeltec/wheeltec_robot/install/astra_camera_msgs/local/lib/python3.10/dist-packages/astra_camera_msgs-1.0.1-py3.10.egg-info/PKG-INFO
[57.684s] -- Symlinking: /home/wheeltec/wheeltec_robot/install/astra_camera_msgs/local/lib/python3.10/dist-packages/astra_camera_msgs-1.0.1-py3.10.egg-info/SOURCES.txt
[57.700s] -- Symlinking: /home/wheeltec/wheeltec_robot/install/astra_camera_msgs/local/lib/python3.10/dist-packages/astra_camera_msgs-1.0.1-py3.10.egg-info/dependency_links.txt
[57.735s] -- Symlinking: /home/wheeltec/wheeltec_robot/install/astra_camera_msgs/local/lib/python3.10/dist-packages/astra_camera_msgs-1.0.1-py3.10.egg-info/top_level.txt
[57.767s] -- Symlinking: /home/wheeltec/wheeltec_robot/install/astra_camera_msgs/local/lib/python3.10/dist-packages/astra_camera_msgs/__init__.py
[57.793s] -- Symlinking: /home/wheeltec/wheeltec_robot/install/astra_camera_msgs/local/lib/python3.10/dist-packages/astra_camera_msgs/_astra_camera_msgs_s.ep.rosidl_typesupport_c.c
[57.816s] -- Symlinking: /home/wheeltec/wheeltec_robot/install/astra_camera_msgs/local/lib/python3.10/dist-packages/astra_camera_msgs/_astra_camera_msgs_s.ep.rosidl_typesupport_fastrtps_c.c
[57.840s] -- Symlinking: /home/wheeltec/wheeltec_robot/install/astra_camera_msgs/local/lib/python3.10/dist-packages/astra_camera_msgs/_astra_camera_msgs_s.ep.rosidl_typesupport_introspection_c.c
[57.859s] -- Symlinking: /home/wheeltec/wheeltec_robot/install/astra_camera_msgs/local/lib/python3.10/dist-packages/astra_camera_msgs/astra_camera_msgs_s__rosidl_typesupport_c.cpython-310-aarch64-linux-gnu.so
[57.888s] -- Symlinking: /home/wheeltec/wheeltec_robot/install/astra_camera_msgs/local/lib/python3.10/dist-packages/astra_camera_msgs/astra_camera_msgs_s__rosidl_typesupport_fastrtps_c.cpython-310-aarch64-linux-gnu.so
[57.910s] -- Symlinking: /home/wheeltec/wheeltec_robot/install/astra_camera_msgs/local/lib/python3.10/dist-packages/astra_camera_msgs/astra_camera_msgs_s__rosidl_typesupport_introspection_c.cpython-310-aarch64-linux-gnu.so
[57.934s] -- Symlinking: /home/wheeltec/wheeltec_robot/install/astra_camera_msgs/local/lib/python3.10/dist-packages/astra_camera_msgs/libastra_camera_msgs__rosidl_generator_py.so
[57.960s] -- Symlinking: /home/wheeltec/wheeltec_robot/install/astra_camera_msgs/local/lib/python3.10/dist-packages/astra_camera_msgs/msg/__init__.py
[57.975s] -- Symlinking: /home/wheeltec/wheeltec_robot/install/astra_camera_msgs/local/lib/python3.10/dist-packages/astra_camera_msgs/msg/_device_info.py
[58.000s] -- Symlinking: /home/wheeltec/wheeltec_robot/install/astra_camera_msgs/local/lib/python3.10/dist-packages/astra_camera_msgs/msg/_device_info_s.c
[58.028s] -- Symlinking: /home/wheeltec/wheeltec_robot/install/astra_camera_msgs/local/lib/python3.10/dist-packages/astra_camera_msgs/msg/_extrinsics.py
[58.052s] -- Symlinking: /home/wheeltec/wheeltec_robot/install/astra_camera_msgs/local/lib/python3.10/dist-packages/astra_camera_msgs/msg/_extrinsics_s.c
[58.075s] -- Symlinking: /home/wheeltec/wheeltec_robot/install/astra_camera_msgs/local/lib/python3.10/dist-packages/astra_camera_msgs/msg/_metadata.py
[58.089s] -- Symlinking: /home/wheeltec/wheeltec_robot/install/astra_camera_msgs/local/lib/python3.10/dist-packages/astra_camera_msgs/msg/_metadata_s.c
[58.104s] -- Symlinking: /home/wheeltec/wheeltec_robot/install/astra_camera_msgs/local/lib/python3.10/dist-packages/astra_camera_msgs/srv/__init__.py
[58.131s] -- Symlinking: /home/wheeltec/wheeltec_robot/install/astra_camera_msgs/local/lib/python3.10/dist-packages/astra_camera_msgs/srv/_get_camera_info.py
[58.160s] -- Symlinking: /home/wheeltec/wheeltec_robot/install/astra_camera_msgs/local/lib/python3.10/dist-packages/astra_camera_msgs/srv/_get_camera_info_s.c
[58.175s] -- Symlinking: /home/wheeltec/wheeltec_robot/install/astra_camera_msgs/local/lib/python3.10/dist-packages/astra_camera_msgs/srv/_get_camera_params.py
[58.191s] -- Symlinking: /home/wheeltec/wheeltec_robot/install/astra_camera_msgs/local/lib/python3.10/dist-packages/astra_camera_msgs/srv/_get_camera_params_s.c
[58.205s] -- Symlinking: /home/wheeltec/wheeltec_robot/install/astra_camera_msgs/local/lib/python3.10/dist-packages/astra_camera_msgs/srv/_get_device_info.py
[58.220s] -- Symlinking: /home/wheeltec/wheeltec_robot/install/astra_camera_msgs/local/lib/python3.10/dist-packages/astra_camera_msgs/srv/_get_device_info_s.c
[58.238s] -- Symlinking: /home/wheeltec/wheeltec_robot/install/astra_camera_msgs/local/lib/python3.10/dist-packages/astra_camera_msgs/srv/_get_int32.py
[58.254s] -- Symlinking: /home/wheeltec/wheeltec_robot/install/astra_camera_msgs/local/lib/python3.10/dist-packages/astra_camera_msgs/srv/_get_int32_s.c
[58.283s] -- Symlinking: /home/wheeltec/wheeltec_robot/install/astra_camera_msgs/local/lib/python3.10/dist-packages/astra_camera_msgs/srv/_get_string.py
[58.299s] -- Symlinking: /home/wheeltec/wheeltec_robot/install/astra_camera_msgs/local/lib/python3.10/dist-packages/astra_camera_msgs/srv/_get_string_s.c
[58.317s] -- Symlinking: /home/wheeltec/wheeltec_robot/install/astra_camera_msgs/local/lib/python3.10/dist-packages/astra_camera_msgs/srv/_set_int32.py
[58.331s] -- Symlinking: /home/wheeltec/wheeltec_robot/install/astra_camera_msgs/local/lib/python3.10/dist-packages/astra_camera_msgs/srv/_set_int32_s.c
[58.346s] -- Up-to-date symlink: /home/wheeltec/wheeltec_robot/install/astra_camera_msgs/local/lib/python3.10/dist-packages/astra_camera_msgs/astra_camera_msgs_s__rosidl_typesupport_fastrtps_c.cpython-310-aarch64-linux-gnu.so
[58.347s] -- Up-to-date symlink: /home/wheeltec/wheeltec_robot/install/astra_camera_msgs/local/lib/python3.10/dist-packages/astra_camera_msgs/astra_camera_msgs_s__rosidl_typesupport_introspection_c.cpython-310-aarch64-linux-gnu.so
[58.348s] -- Up-to-date symlink: /home/wheeltec/wheeltec_robot/install/astra_camera_msgs/local/lib/python3.10/dist-packages/astra_camera_msgs/astra_camera_msgs_s__rosidl_typesupport_c.cpython-310-aarch64-linux-gnu.so
[58.349s] -- Symlinking: /home/wheeltec/wheeltec_robot/install/astra_camera_msgs/share/astra_camera_msgs/msg/DeviceInfo.idl
[58.364s] -- Symlinking: /home/wheeltec/wheeltec_robot/install/astra_camera_msgs/share/astra_camera_msgs/msg/Extrinsics.idl
[58.380s] -- Symlinking: /home/wheeltec/wheeltec_robot/install/astra_camera_msgs/share/astra_camera_msgs/msg/Metadata.idl
[58.395s] -- Symlinking: /home/wheeltec/wheeltec_robot/install/astra_camera_msgs/share/astra_camera_msgs/srv/GetDeviceInfo.idl
[58.413s] -- Symlinking: /home/wheeltec/wheeltec_robot/install/astra_camera_msgs/share/astra_camera_msgs/srv/GetCameraInfo.idl
[58.426s] -- Symlinking: /home/wheeltec/wheeltec_robot/install/astra_camera_msgs/share/astra_camera_msgs/srv/GetCameraParams.idl
[58.440s] -- Symlinking: /home/wheeltec/wheeltec_robot/install/astra_camera_msgs/share/astra_camera_msgs/srv/GetInt32.idl
[58.455s] -- Symlinking: /home/wheeltec/wheeltec_robot/install/astra_camera_msgs/share/astra_camera_msgs/srv/GetString.idl
[58.468s] -- Symlinking: /home/wheeltec/wheeltec_robot/install/astra_camera_msgs/share/astra_camera_msgs/srv/SetInt32.idl
[58.483s] -- Symlinking: /home/wheeltec/wheeltec_robot/install/astra_camera_msgs/share/astra_camera_msgs/msg/DeviceInfo.msg
[58.500s] -- Symlinking: /home/wheeltec/wheeltec_robot/install/astra_camera_msgs/share/astra_camera_msgs/msg/Extrinsics.msg
[58.517s] -- Symlinking: /home/wheeltec/wheeltec_robot/install/astra_camera_msgs/share/astra_camera_msgs/msg/Metadata.msg
[58.532s] -- Symlinking: /home/wheeltec/wheeltec_robot/install/astra_camera_msgs/share/astra_camera_msgs/srv/GetDeviceInfo.srv
[58.548s] -- Symlinking: /home/wheeltec/wheeltec_robot/install/astra_camera_msgs/share/astra_camera_msgs/srv/GetDeviceInfo_Request.msg
[58.585s] -- Symlinking: /home/wheeltec/wheeltec_robot/install/astra_camera_msgs/share/astra_camera_msgs/srv/GetDeviceInfo_Response.msg
[58.601s] -- Symlinking: /home/wheeltec/wheeltec_robot/install/astra_camera_msgs/share/astra_camera_msgs/srv/GetCameraInfo.srv
[58.620s] -- Symlinking: /home/wheeltec/wheeltec_robot/install/astra_camera_msgs/share/astra_camera_msgs/srv/GetCameraInfo_Request.msg
[58.637s] -- Symlinking: /home/wheeltec/wheeltec_robot/install/astra_camera_msgs/share/astra_camera_msgs/srv/GetCameraInfo_Response.msg
[58.652s] -- Symlinking: /home/wheeltec/wheeltec_robot/install/astra_camera_msgs/share/astra_camera_msgs/srv/GetCameraParams.srv
[58.666s] -- Symlinking: /home/wheeltec/wheeltec_robot/install/astra_camera_msgs/share/astra_camera_msgs/srv/GetCameraParams_Request.msg
[58.681s] -- Symlinking: /home/wheeltec/wheeltec_robot/install/astra_camera_msgs/share/astra_camera_msgs/srv/GetCameraParams_Response.msg
[58.697s] -- Symlinking: /home/wheeltec/wheeltec_robot/install/astra_camera_msgs/share/astra_camera_msgs/srv/GetInt32.srv
[58.711s] -- Symlinking: /home/wheeltec/wheeltec_robot/install/astra_camera_msgs/share/astra_camera_msgs/srv/GetInt32_Request.msg
[58.727s] -- Symlinking: /home/wheeltec/wheeltec_robot/install/astra_camera_msgs/share/astra_camera_msgs/srv/GetInt32_Response.msg
[58.740s] -- Symlinking: /home/wheeltec/wheeltec_robot/install/astra_camera_msgs/share/astra_camera_msgs/srv/GetString.srv
[58.755s] -- Symlinking: /home/wheeltec/wheeltec_robot/install/astra_camera_msgs/share/astra_camera_msgs/srv/GetString_Request.msg
[58.769s] -- Symlinking: /home/wheeltec/wheeltec_robot/install/astra_camera_msgs/share/astra_camera_msgs/srv/GetString_Response.msg
[58.783s] -- Symlinking: /home/wheeltec/wheeltec_robot/install/astra_camera_msgs/share/astra_camera_msgs/srv/SetInt32.srv
[58.797s] -- Symlinking: /home/wheeltec/wheeltec_robot/install/astra_camera_msgs/share/astra_camera_msgs/srv/SetInt32_Request.msg
[58.811s] -- Symlinking: /home/wheeltec/wheeltec_robot/install/astra_camera_msgs/share/astra_camera_msgs/srv/SetInt32_Response.msg
[58.833s] -- Symlinking: /home/wheeltec/wheeltec_robot/install/astra_camera_msgs/share/ament_index/resource_index/package_run_dependencies/astra_camera_msgs
[58.866s] -- Symlinking: /home/wheeltec/wheeltec_robot/install/astra_camera_msgs/share/ament_index/resource_index/parent_prefix_path/astra_camera_msgs
[58.883s] -- Symlinking: /home/wheeltec/wheeltec_robot/install/astra_camera_msgs/share/astra_camera_msgs/environment/ament_prefix_path.sh
[58.908s] -- Symlinking: /home/wheeltec/wheeltec_robot/install/astra_camera_msgs/share/astra_camera_msgs/environment/ament_prefix_path.dsv
[58.923s] -- Symlinking: /home/wheeltec/wheeltec_robot/install/astra_camera_msgs/share/astra_camera_msgs/environment/path.sh
[58.947s] -- Symlinking: /home/wheeltec/wheeltec_robot/install/astra_camera_msgs/share/astra_camera_msgs/environment/path.dsv
[58.962s] -- Symlinking: /home/wheeltec/wheeltec_robot/install/astra_camera_msgs/share/astra_camera_msgs/local_setup.bash
[58.976s] -- Symlinking: /home/wheeltec/wheeltec_robot/install/astra_camera_msgs/share/astra_camera_msgs/local_setup.sh
[58.992s] -- Symlinking: /home/wheeltec/wheeltec_robot/install/astra_camera_msgs/share/astra_camera_msgs/local_setup.zsh
[59.007s] -- Symlinking: /home/wheeltec/wheeltec_robot/install/astra_camera_msgs/share/astra_camera_msgs/local_setup.dsv
[59.022s] -- Symlinking: /home/wheeltec/wheeltec_robot/install/astra_camera_msgs/share/astra_camera_msgs/package.dsv
[59.038s] -- Symlinking: /home/wheeltec/wheeltec_robot/install/astra_camera_msgs/share/ament_index/resource_index/packages/astra_camera_msgs
[59.055s] -- Symlinking: /home/wheeltec/wheeltec_robot/install/astra_camera_msgs/share/astra_camera_msgs/cmake/rosidl_cmake-extras.cmake
[59.069s] -- Symlinking: /home/wheeltec/wheeltec_robot/install/astra_camera_msgs/share/astra_camera_msgs/cmake/ament_cmake_export_dependencies-extras.cmake
[59.085s] -- Symlinking: /home/wheeltec/wheeltec_robot/install/astra_camera_msgs/share/astra_camera_msgs/cmake/ament_cmake_export_include_directories-extras.cmake
[59.101s] -- Symlinking: /home/wheeltec/wheeltec_robot/install/astra_camera_msgs/share/astra_camera_msgs/cmake/ament_cmake_export_libraries-extras.cmake
[59.115s] -- Symlinking: /home/wheeltec/wheeltec_robot/install/astra_camera_msgs/share/astra_camera_msgs/cmake/ament_cmake_export_targets-extras.cmake
[59.130s] -- Symlinking: /home/wheeltec/wheeltec_robot/install/astra_camera_msgs/share/astra_camera_msgs/cmake/rosidl_cmake_export_typesupport_targets-extras.cmake
[59.144s] -- Symlinking: /home/wheeltec/wheeltec_robot/install/astra_camera_msgs/share/astra_camera_msgs/cmake/rosidl_cmake_export_typesupport_libraries-extras.cmake
[59.161s] -- Symlinking: /home/wheeltec/wheeltec_robot/install/astra_camera_msgs/share/astra_camera_msgs/cmake/astra_camera_msgsConfig.cmake
[59.176s] -- Symlinking: /home/wheeltec/wheeltec_robot/install/astra_camera_msgs/share/astra_camera_msgs/cmake/astra_camera_msgsConfig-version.cmake
[59.198s] -- Symlinking: /home/wheeltec/wheeltec_robot/install/astra_camera_msgs/share/astra_camera_msgs/package.xml
[59.213s] -- Installing: /home/wheeltec/wheeltec_robot/install/astra_camera_msgs/lib/libastra_camera_msgs__rosidl_generator_c.so
[59.214s] -- Set runtime path of "/home/wheeltec/wheeltec_robot/install/astra_camera_msgs/lib/libastra_camera_msgs__rosidl_generator_c.so" to ""
[59.214s] -- Installing: /home/wheeltec/wheeltec_robot/install/astra_camera_msgs/lib/libastra_camera_msgs__rosidl_typesupport_fastrtps_c.so
[59.215s] -- Set runtime path of "/home/wheeltec/wheeltec_robot/install/astra_camera_msgs/lib/libastra_camera_msgs__rosidl_typesupport_fastrtps_c.so" to ""
[59.215s] -- Installing: /home/wheeltec/wheeltec_robot/install/astra_camera_msgs/lib/libastra_camera_msgs__rosidl_typesupport_introspection_c.so
[59.215s] -- Set runtime path of "/home/wheeltec/wheeltec_robot/install/astra_camera_msgs/lib/libastra_camera_msgs__rosidl_typesupport_introspection_c.so" to ""
[59.215s] -- Installing: /home/wheeltec/wheeltec_robot/install/astra_camera_msgs/lib/libastra_camera_msgs__rosidl_typesupport_c.so
[59.216s] -- Set runtime path of "/home/wheeltec/wheeltec_robot/install/astra_camera_msgs/lib/libastra_camera_msgs__rosidl_typesupport_c.so" to ""
[59.216s] -- Installing: /home/wheeltec/wheeltec_robot/install/astra_camera_msgs/lib/libastra_camera_msgs__rosidl_typesupport_fastrtps_cpp.so
[59.217s] -- Set runtime path of "/home/wheeltec/wheeltec_robot/install/astra_camera_msgs/lib/libastra_camera_msgs__rosidl_typesupport_fastrtps_cpp.so" to ""
[59.217s] -- Installing: /home/wheeltec/wheeltec_robot/install/astra_camera_msgs/lib/libastra_camera_msgs__rosidl_typesupport_introspection_cpp.so
[59.218s] -- Set runtime path of "/home/wheeltec/wheeltec_robot/install/astra_camera_msgs/lib/libastra_camera_msgs__rosidl_typesupport_introspection_cpp.so" to ""
[59.219s] -- Installing: /home/wheeltec/wheeltec_robot/install/astra_camera_msgs/lib/libastra_camera_msgs__rosidl_typesupport_cpp.so
[59.224s] -- Set runtime path of "/home/wheeltec/wheeltec_robot/install/astra_camera_msgs/lib/libastra_camera_msgs__rosidl_typesupport_cpp.so" to ""
[59.320s] Listing '/home/wheeltec/wheeltec_robot/install/astra_camera_msgs/local/lib/python3.10/dist-packages/astra_camera_msgs'...
[59.320s] Compiling '/home/wheeltec/wheeltec_robot/install/astra_camera_msgs/local/lib/python3.10/dist-packages/astra_camera_msgs/__init__.py'...
[59.320s] Listing '/home/wheeltec/wheeltec_robot/install/astra_camera_msgs/local/lib/python3.10/dist-packages/astra_camera_msgs/msg'...
[59.320s] Compiling '/home/wheeltec/wheeltec_robot/install/astra_camera_msgs/local/lib/python3.10/dist-packages/astra_camera_msgs/msg/__init__.py'...
[59.321s] Compiling '/home/wheeltec/wheeltec_robot/install/astra_camera_msgs/local/lib/python3.10/dist-packages/astra_camera_msgs/msg/_device_info.py'...
[59.321s] Compiling '/home/wheeltec/wheeltec_robot/install/astra_camera_msgs/local/lib/python3.10/dist-packages/astra_camera_msgs/msg/_extrinsics.py'...
[59.321s] Compiling '/home/wheeltec/wheeltec_robot/install/astra_camera_msgs/local/lib/python3.10/dist-packages/astra_camera_msgs/msg/_metadata.py'...
[59.321s] Listing '/home/wheeltec/wheeltec_robot/install/astra_camera_msgs/local/lib/python3.10/dist-packages/astra_camera_msgs/srv'...
[59.321s] Compiling '/home/wheeltec/wheeltec_robot/install/astra_camera_msgs/local/lib/python3.10/dist-packages/astra_camera_msgs/srv/__init__.py'...
[59.321s] Compiling '/home/wheeltec/wheeltec_robot/install/astra_camera_msgs/local/lib/python3.10/dist-packages/astra_camera_msgs/srv/_get_camera_info.py'...
[59.321s] Compiling '/home/wheeltec/wheeltec_robot/install/astra_camera_msgs/local/lib/python3.10/dist-packages/astra_camera_msgs/srv/_get_camera_params.py'...
[59.321s] Compiling '/home/wheeltec/wheeltec_robot/install/astra_camera_msgs/local/lib/python3.10/dist-packages/astra_camera_msgs/srv/_get_device_info.py'...
[59.321s] Compiling '/home/wheeltec/wheeltec_robot/install/astra_camera_msgs/local/lib/python3.10/dist-packages/astra_camera_msgs/srv/_get_int32.py'...
[59.321s] Compiling '/home/wheeltec/wheeltec_robot/install/astra_camera_msgs/local/lib/python3.10/dist-packages/astra_camera_msgs/srv/_get_string.py'...
[59.321s] Compiling '/home/wheeltec/wheeltec_robot/install/astra_camera_msgs/local/lib/python3.10/dist-packages/astra_camera_msgs/srv/_set_int32.py'...
[59.338s] -- Installing: /home/wheeltec/wheeltec_robot/install/astra_camera_msgs/lib/libastra_camera_msgs__rosidl_generator_py.so
[59.339s] -- Set runtime path of "/home/wheeltec/wheeltec_robot/install/astra_camera_msgs/lib/libastra_camera_msgs__rosidl_generator_py.so" to ""
[59.339s] -- Installing: /home/wheeltec/wheeltec_robot/install/astra_camera_msgs/share/astra_camera_msgs/cmake/export_astra_camera_msgs__rosidl_generator_cExport.cmake
[59.339s] -- Installing: /home/wheeltec/wheeltec_robot/install/astra_camera_msgs/share/astra_camera_msgs/cmake/export_astra_camera_msgs__rosidl_generator_cExport-noconfig.cmake
[59.339s] -- Installing: /home/wheeltec/wheeltec_robot/install/astra_camera_msgs/share/astra_camera_msgs/cmake/export_astra_camera_msgs__rosidl_typesupport_fastrtps_cExport.cmake
[59.340s] -- Installing: /home/wheeltec/wheeltec_robot/install/astra_camera_msgs/share/astra_camera_msgs/cmake/export_astra_camera_msgs__rosidl_typesupport_fastrtps_cExport-noconfig.cmake
[59.340s] -- Installing: /home/wheeltec/wheeltec_robot/install/astra_camera_msgs/share/astra_camera_msgs/cmake/astra_camera_msgs__rosidl_typesupport_introspection_cExport.cmake
[59.340s] -- Installing: /home/wheeltec/wheeltec_robot/install/astra_camera_msgs/share/astra_camera_msgs/cmake/astra_camera_msgs__rosidl_typesupport_introspection_cExport-noconfig.cmake
[59.340s] -- Installing: /home/wheeltec/wheeltec_robot/install/astra_camera_msgs/share/astra_camera_msgs/cmake/astra_camera_msgs__rosidl_typesupport_cExport.cmake
[59.341s] -- Installing: /home/wheeltec/wheeltec_robot/install/astra_camera_msgs/share/astra_camera_msgs/cmake/astra_camera_msgs__rosidl_typesupport_cExport-noconfig.cmake
[59.341s] -- Installing: /home/wheeltec/wheeltec_robot/install/astra_camera_msgs/share/astra_camera_msgs/cmake/export_astra_camera_msgs__rosidl_generator_cppExport.cmake
[59.341s] -- Installing: /home/wheeltec/wheeltec_robot/install/astra_camera_msgs/share/astra_camera_msgs/cmake/export_astra_camera_msgs__rosidl_typesupport_fastrtps_cppExport.cmake
[59.341s] -- Installing: /home/wheeltec/wheeltec_robot/install/astra_camera_msgs/share/astra_camera_msgs/cmake/export_astra_camera_msgs__rosidl_typesupport_fastrtps_cppExport-noconfig.cmake
[59.342s] -- Installing: /home/wheeltec/wheeltec_robot/install/astra_camera_msgs/share/astra_camera_msgs/cmake/astra_camera_msgs__rosidl_typesupport_introspection_cppExport.cmake
[59.342s] -- Installing: /home/wheeltec/wheeltec_robot/install/astra_camera_msgs/share/astra_camera_msgs/cmake/astra_camera_msgs__rosidl_typesupport_introspection_cppExport-noconfig.cmake
[59.342s] -- Installing: /home/wheeltec/wheeltec_robot/install/astra_camera_msgs/share/astra_camera_msgs/cmake/astra_camera_msgs__rosidl_typesupport_cppExport.cmake
[59.342s] -- Installing: /home/wheeltec/wheeltec_robot/install/astra_camera_msgs/share/astra_camera_msgs/cmake/astra_camera_msgs__rosidl_typesupport_cppExport-noconfig.cmake
[59.343s] -- Installing: /home/wheeltec/wheeltec_robot/install/astra_camera_msgs/share/astra_camera_msgs/cmake/export_astra_camera_msgs__rosidl_generator_pyExport.cmake
[59.343s] -- Installing: /home/wheeltec/wheeltec_robot/install/astra_camera_msgs/share/astra_camera_msgs/cmake/export_astra_camera_msgs__rosidl_generator_pyExport-noconfig.cmake
[59.349s] Invoked command in '/home/wheeltec/wheeltec_robot/build/astra_camera_msgs' returned '0': CMAKE_PREFIX_PATH=/opt/ros/humble /usr/bin/cmake --install /home/wheeltec/wheeltec_robot/build/astra_camera_msgs
