[0.069s] Invoking command in '/home/wheeltec/wheeltec_robot/build/serial': CMAKE_PREFIX_PATH=${CMAKE_PREFIX_PATH}:/opt/ros/humble /usr/bin/cmake --build /home/wheeltec/wheeltec_robot/build/serial -- -j8 -l8
[0.290s] [100%] Built target serial
[0.323s] Invoked command in '/home/wheeltec/wheeltec_robot/build/serial' returned '0': CMAKE_PREFIX_PATH=${CMAKE_PREFIX_PATH}:/opt/ros/humble /usr/bin/cmake --build /home/wheeltec/wheeltec_robot/build/serial -- -j8 -l8
[0.323s] Invoking command in '/home/wheeltec/wheeltec_robot/build/serial': CMAKE_PREFIX_PATH=${CMAKE_PREFIX_PATH}:/opt/ros/humble /usr/bin/cmake --install /home/wheeltec/wheeltec_robot/build/serial
[0.648s] -- Install configuration: ""
[0.648s] -- Execute custom install script
[0.649s] -- Up-to-date symlink: /home/wheeltec/wheeltec_robot/install/serial/lib/libserial.a
[0.649s] -- Up-to-date symlink: /home/wheeltec/wheeltec_robot/install/serial/share/serial/environment/library_path.sh
[0.649s] -- Up-to-date symlink: /home/wheeltec/wheeltec_robot/install/serial/share/serial/environment/library_path.dsv
[0.649s] -- Up-to-date symlink: /home/wheeltec/wheeltec_robot/install/serial/include/serial/impl/unix.h
[0.649s] -- Up-to-date symlink: /home/wheeltec/wheeltec_robot/install/serial/include/serial/impl/win.h
[0.649s] -- Up-to-date symlink: /home/wheeltec/wheeltec_robot/install/serial/include/serial/serial.h
[0.649s] -- Up-to-date symlink: /home/wheeltec/wheeltec_robot/install/serial/include/serial/v8stdint.h
[0.649s] -- Up-to-date symlink: /home/wheeltec/wheeltec_robot/install/serial/share/ament_index/resource_index/package_run_dependencies/serial
[0.649s] -- Up-to-date symlink: /home/wheeltec/wheeltec_robot/install/serial/share/ament_index/resource_index/parent_prefix_path/serial
[0.650s] -- Up-to-date symlink: /home/wheeltec/wheeltec_robot/install/serial/share/serial/environment/ament_prefix_path.sh
[0.650s] -- Up-to-date symlink: /home/wheeltec/wheeltec_robot/install/serial/share/serial/environment/ament_prefix_path.dsv
[0.650s] -- Up-to-date symlink: /home/wheeltec/wheeltec_robot/install/serial/share/serial/environment/path.sh
[0.650s] -- Up-to-date symlink: /home/wheeltec/wheeltec_robot/install/serial/share/serial/environment/path.dsv
[0.650s] -- Up-to-date symlink: /home/wheeltec/wheeltec_robot/install/serial/share/serial/local_setup.bash
[0.650s] -- Up-to-date symlink: /home/wheeltec/wheeltec_robot/install/serial/share/serial/local_setup.sh
[0.650s] -- Up-to-date symlink: /home/wheeltec/wheeltec_robot/install/serial/share/serial/local_setup.zsh
[0.650s] -- Up-to-date symlink: /home/wheeltec/wheeltec_robot/install/serial/share/serial/local_setup.dsv
[0.650s] -- Symlinking: /home/wheeltec/wheeltec_robot/install/serial/share/serial/package.dsv
[0.650s] -- Up-to-date symlink: /home/wheeltec/wheeltec_robot/install/serial/share/ament_index/resource_index/packages/serial
[0.651s] -- Up-to-date symlink: /home/wheeltec/wheeltec_robot/install/serial/share/serial/cmake/ament_cmake_export_include_directories-extras.cmake
[0.651s] -- Up-to-date symlink: /home/wheeltec/wheeltec_robot/install/serial/share/serial/cmake/ament_cmake_export_libraries-extras.cmake
[0.651s] -- Up-to-date symlink: /home/wheeltec/wheeltec_robot/install/serial/share/serial/cmake/ament_cmake_export_dependencies-extras.cmake
[0.651s] -- Up-to-date symlink: /home/wheeltec/wheeltec_robot/install/serial/share/serial/cmake/serialConfig.cmake
[0.651s] -- Up-to-date symlink: /home/wheeltec/wheeltec_robot/install/serial/share/serial/cmake/serialConfig-version.cmake
[0.651s] -- Up-to-date symlink: /home/wheeltec/wheeltec_robot/install/serial/share/serial/package.xml
[0.737s] Invoked command in '/home/wheeltec/wheeltec_robot/build/serial' returned '0': CMAKE_PREFIX_PATH=${CMAKE_PREFIX_PATH}:/opt/ros/humble /usr/bin/cmake --install /home/wheeltec/wheeltec_robot/build/serial
