[0.240s] Invoking command in '/home/wheeltec/wheeltec_robot/build/wheeltec_robot_msg': CMAKE_PREFIX_PATH=${CMAKE_PREFIX_PATH}:/opt/ros/humble /usr/bin/cmake --build /home/wheeltec/wheeltec_robot/build/wheeltec_robot_msg -- -j8 -l8
[0.489s] [  2%] Built target wheeltec_robot_msg__cpp
[0.676s] [  2%] Built target ament_cmake_python_symlink_wheeltec_robot_msg
[0.751s] [35m[1mConsolidate compiler generated dependencies of target wheeltec_robot_msg__rosidl_typesupport_introspection_cpp[0m
[0.825s] [ 12%] Built target wheeltec_robot_msg__rosidl_typesupport_introspection_cpp
[1.520s] running egg_info
[1.625s] writing wheeltec_robot_msg.egg-info/PKG-INFO
[1.627s] writing dependency_links to wheeltec_robot_msg.egg-info/dependency_links.txt
[1.631s] writing top-level names to wheeltec_robot_msg.egg-info/top_level.txt
[1.815s] reading manifest file 'wheeltec_robot_msg.egg-info/SOURCES.txt'
[1.832s] writing manifest file 'wheeltec_robot_msg.egg-info/SOURCES.txt'
[2.079s] [ 12%] Built target ament_cmake_python_build_wheeltec_robot_msg_egg
[2.181s] [35m[1mConsolidate compiler generated dependencies of target wheeltec_robot_msg__rosidl_typesupport_fastrtps_cpp[0m
[2.261s] [ 23%] Built target wheeltec_robot_msg__rosidl_typesupport_fastrtps_cpp
[2.334s] [35m[1mConsolidate compiler generated dependencies of target wheeltec_robot_msg__rosidl_typesupport_cpp[0m
[2.416s] [ 33%] Built target wheeltec_robot_msg__rosidl_typesupport_cpp
[2.565s] [35m[1mConsolidate compiler generated dependencies of target wheeltec_robot_msg__rosidl_generator_c[0m
[2.657s] [ 43%] Built target wheeltec_robot_msg__rosidl_generator_c
[2.769s] [35m[1mConsolidate compiler generated dependencies of target wheeltec_robot_msg__rosidl_typesupport_fastrtps_c[0m
[2.858s] [ 53%] Built target wheeltec_robot_msg__rosidl_typesupport_fastrtps_c
[2.935s] [35m[1mConsolidate compiler generated dependencies of target wheeltec_robot_msg__rosidl_typesupport_c[0m
[3.011s] [ 64%] Built target wheeltec_robot_msg__rosidl_typesupport_c
[3.063s] [35m[1mConsolidate compiler generated dependencies of target wheeltec_robot_msg__rosidl_typesupport_introspection_c[0m
[3.105s] [ 74%] Built target wheeltec_robot_msg__rosidl_typesupport_introspection_c
[3.272s] [ 74%] Built target wheeltec_robot_msg
[3.409s] [ 76%] Built target wheeltec_robot_msg__py
[3.491s] [35m[1mConsolidate compiler generated dependencies of target wheeltec_robot_msg__rosidl_generator_py[0m
[3.574s] [ 84%] Built target wheeltec_robot_msg__rosidl_generator_py
[3.669s] [35m[1mConsolidate compiler generated dependencies of target wheeltec_robot_msg__rosidl_typesupport_fastrtps_c__pyext[0m
[3.716s] [ 89%] Built target wheeltec_robot_msg__rosidl_typesupport_fastrtps_c__pyext
[3.797s] [35m[1mConsolidate compiler generated dependencies of target wheeltec_robot_msg__rosidl_typesupport_c__pyext[0m
[3.863s] [ 94%] Built target wheeltec_robot_msg__rosidl_typesupport_c__pyext
[3.954s] [35m[1mConsolidate compiler generated dependencies of target wheeltec_robot_msg__rosidl_typesupport_introspection_c__pyext[0m
[4.022s] [100%] Built target wheeltec_robot_msg__rosidl_typesupport_introspection_c__pyext
[4.086s] Invoked command in '/home/wheeltec/wheeltec_robot/build/wheeltec_robot_msg' returned '0': CMAKE_PREFIX_PATH=${CMAKE_PREFIX_PATH}:/opt/ros/humble /usr/bin/cmake --build /home/wheeltec/wheeltec_robot/build/wheeltec_robot_msg -- -j8 -l8
[4.097s] Invoking command in '/home/wheeltec/wheeltec_robot/build/wheeltec_robot_msg': CMAKE_PREFIX_PATH=${CMAKE_PREFIX_PATH}:/opt/ros/humble /usr/bin/cmake --install /home/wheeltec/wheeltec_robot/build/wheeltec_robot_msg
[4.337s] -- Install configuration: ""
[4.337s] -- Execute custom install script
[4.337s] -- Up-to-date symlink: /home/wheeltec/wheeltec_robot/install/wheeltec_robot_msg/share/ament_index/resource_index/rosidl_interfaces/wheeltec_robot_msg
[4.337s] -- Up-to-date symlink: /home/wheeltec/wheeltec_robot/install/wheeltec_robot_msg/include/wheeltec_robot_msg/wheeltec_robot_msg/msg/data.h
[4.337s] -- Up-to-date symlink: /home/wheeltec/wheeltec_robot/install/wheeltec_robot_msg/include/wheeltec_robot_msg/wheeltec_robot_msg/msg/detail/data__functions.h
[4.337s] -- Up-to-date symlink: /home/wheeltec/wheeltec_robot/install/wheeltec_robot_msg/include/wheeltec_robot_msg/wheeltec_robot_msg/msg/detail/data__struct.h
[4.338s] -- Up-to-date symlink: /home/wheeltec/wheeltec_robot/install/wheeltec_robot_msg/include/wheeltec_robot_msg/wheeltec_robot_msg/msg/detail/data__type_support.h
[4.338s] -- Up-to-date symlink: /home/wheeltec/wheeltec_robot/install/wheeltec_robot_msg/include/wheeltec_robot_msg/wheeltec_robot_msg/msg/detail/supersonic__functions.h
[4.338s] -- Up-to-date symlink: /home/wheeltec/wheeltec_robot/install/wheeltec_robot_msg/include/wheeltec_robot_msg/wheeltec_robot_msg/msg/detail/supersonic__struct.h
[4.338s] -- Up-to-date symlink: /home/wheeltec/wheeltec_robot/install/wheeltec_robot_msg/include/wheeltec_robot_msg/wheeltec_robot_msg/msg/detail/supersonic__type_support.h
[4.338s] -- Up-to-date symlink: /home/wheeltec/wheeltec_robot/install/wheeltec_robot_msg/include/wheeltec_robot_msg/wheeltec_robot_msg/msg/rosidl_generator_c__visibility_control.h
[4.338s] -- Up-to-date symlink: /home/wheeltec/wheeltec_robot/install/wheeltec_robot_msg/include/wheeltec_robot_msg/wheeltec_robot_msg/msg/supersonic.h
[4.338s] -- Up-to-date symlink: /home/wheeltec/wheeltec_robot/install/wheeltec_robot_msg/share/wheeltec_robot_msg/environment/library_path.sh
[4.338s] -- Up-to-date symlink: /home/wheeltec/wheeltec_robot/install/wheeltec_robot_msg/share/wheeltec_robot_msg/environment/library_path.dsv
[4.338s] -- Up-to-date symlink: /home/wheeltec/wheeltec_robot/install/wheeltec_robot_msg/include/wheeltec_robot_msg/wheeltec_robot_msg/msg/detail/data__rosidl_typesupport_fastrtps_c.h
[4.339s] -- Up-to-date symlink: /home/wheeltec/wheeltec_robot/install/wheeltec_robot_msg/include/wheeltec_robot_msg/wheeltec_robot_msg/msg/detail/supersonic__rosidl_typesupport_fastrtps_c.h
[4.339s] -- Up-to-date symlink: /home/wheeltec/wheeltec_robot/install/wheeltec_robot_msg/include/wheeltec_robot_msg/wheeltec_robot_msg/msg/rosidl_typesupport_fastrtps_c__visibility_control.h
[4.339s] -- Up-to-date symlink: /home/wheeltec/wheeltec_robot/install/wheeltec_robot_msg/include/wheeltec_robot_msg/wheeltec_robot_msg/msg/detail/data__rosidl_typesupport_introspection_c.h
[4.339s] -- Up-to-date symlink: /home/wheeltec/wheeltec_robot/install/wheeltec_robot_msg/include/wheeltec_robot_msg/wheeltec_robot_msg/msg/detail/supersonic__rosidl_typesupport_introspection_c.h
[4.339s] -- Up-to-date symlink: /home/wheeltec/wheeltec_robot/install/wheeltec_robot_msg/include/wheeltec_robot_msg/wheeltec_robot_msg/msg/rosidl_typesupport_introspection_c__visibility_control.h
[4.339s] -- Up-to-date symlink: /home/wheeltec/wheeltec_robot/install/wheeltec_robot_msg/include/wheeltec_robot_msg/wheeltec_robot_msg/msg/data.hpp
[4.339s] -- Up-to-date symlink: /home/wheeltec/wheeltec_robot/install/wheeltec_robot_msg/include/wheeltec_robot_msg/wheeltec_robot_msg/msg/detail/data__builder.hpp
[4.339s] -- Up-to-date symlink: /home/wheeltec/wheeltec_robot/install/wheeltec_robot_msg/include/wheeltec_robot_msg/wheeltec_robot_msg/msg/detail/data__struct.hpp
[4.339s] -- Up-to-date symlink: /home/wheeltec/wheeltec_robot/install/wheeltec_robot_msg/include/wheeltec_robot_msg/wheeltec_robot_msg/msg/detail/data__traits.hpp
[4.340s] -- Up-to-date symlink: /home/wheeltec/wheeltec_robot/install/wheeltec_robot_msg/include/wheeltec_robot_msg/wheeltec_robot_msg/msg/detail/data__type_support.hpp
[4.340s] -- Up-to-date symlink: /home/wheeltec/wheeltec_robot/install/wheeltec_robot_msg/include/wheeltec_robot_msg/wheeltec_robot_msg/msg/detail/supersonic__builder.hpp
[4.340s] -- Up-to-date symlink: /home/wheeltec/wheeltec_robot/install/wheeltec_robot_msg/include/wheeltec_robot_msg/wheeltec_robot_msg/msg/detail/supersonic__struct.hpp
[4.340s] -- Up-to-date symlink: /home/wheeltec/wheeltec_robot/install/wheeltec_robot_msg/include/wheeltec_robot_msg/wheeltec_robot_msg/msg/detail/supersonic__traits.hpp
[4.340s] -- Up-to-date symlink: /home/wheeltec/wheeltec_robot/install/wheeltec_robot_msg/include/wheeltec_robot_msg/wheeltec_robot_msg/msg/detail/supersonic__type_support.hpp
[4.340s] -- Up-to-date symlink: /home/wheeltec/wheeltec_robot/install/wheeltec_robot_msg/include/wheeltec_robot_msg/wheeltec_robot_msg/msg/rosidl_generator_cpp__visibility_control.hpp
[4.341s] -- Up-to-date symlink: /home/wheeltec/wheeltec_robot/install/wheeltec_robot_msg/include/wheeltec_robot_msg/wheeltec_robot_msg/msg/supersonic.hpp
[4.342s] -- Up-to-date symlink: /home/wheeltec/wheeltec_robot/install/wheeltec_robot_msg/include/wheeltec_robot_msg/wheeltec_robot_msg/msg/detail/data__rosidl_typesupport_fastrtps_cpp.hpp
[4.342s] -- Up-to-date symlink: /home/wheeltec/wheeltec_robot/install/wheeltec_robot_msg/include/wheeltec_robot_msg/wheeltec_robot_msg/msg/detail/supersonic__rosidl_typesupport_fastrtps_cpp.hpp
[4.342s] -- Up-to-date symlink: /home/wheeltec/wheeltec_robot/install/wheeltec_robot_msg/include/wheeltec_robot_msg/wheeltec_robot_msg/msg/rosidl_typesupport_fastrtps_cpp__visibility_control.h
[4.342s] -- Up-to-date symlink: /home/wheeltec/wheeltec_robot/install/wheeltec_robot_msg/include/wheeltec_robot_msg/wheeltec_robot_msg/msg/detail/data__rosidl_typesupport_introspection_cpp.hpp
[4.342s] -- Up-to-date symlink: /home/wheeltec/wheeltec_robot/install/wheeltec_robot_msg/include/wheeltec_robot_msg/wheeltec_robot_msg/msg/detail/supersonic__rosidl_typesupport_introspection_cpp.hpp
[4.343s] -- Up-to-date symlink: /home/wheeltec/wheeltec_robot/install/wheeltec_robot_msg/share/wheeltec_robot_msg/environment/pythonpath.sh
[4.343s] -- Up-to-date symlink: /home/wheeltec/wheeltec_robot/install/wheeltec_robot_msg/share/wheeltec_robot_msg/environment/pythonpath.dsv
[4.343s] -- Up-to-date symlink: /home/wheeltec/wheeltec_robot/install/wheeltec_robot_msg/local/lib/python3.10/dist-packages/wheeltec_robot_msg-0.0.0-py3.10.egg-info/PKG-INFO
[4.343s] -- Up-to-date symlink: /home/wheeltec/wheeltec_robot/install/wheeltec_robot_msg/local/lib/python3.10/dist-packages/wheeltec_robot_msg-0.0.0-py3.10.egg-info/SOURCES.txt
[4.343s] -- Up-to-date symlink: /home/wheeltec/wheeltec_robot/install/wheeltec_robot_msg/local/lib/python3.10/dist-packages/wheeltec_robot_msg-0.0.0-py3.10.egg-info/dependency_links.txt
[4.343s] -- Up-to-date symlink: /home/wheeltec/wheeltec_robot/install/wheeltec_robot_msg/local/lib/python3.10/dist-packages/wheeltec_robot_msg-0.0.0-py3.10.egg-info/top_level.txt
[4.344s] -- Up-to-date symlink: /home/wheeltec/wheeltec_robot/install/wheeltec_robot_msg/local/lib/python3.10/dist-packages/wheeltec_robot_msg/__init__.py
[4.344s] -- Up-to-date symlink: /home/wheeltec/wheeltec_robot/install/wheeltec_robot_msg/local/lib/python3.10/dist-packages/wheeltec_robot_msg/_wheeltec_robot_msg_s.ep.rosidl_typesupport_c.c
[4.344s] -- Up-to-date symlink: /home/wheeltec/wheeltec_robot/install/wheeltec_robot_msg/local/lib/python3.10/dist-packages/wheeltec_robot_msg/_wheeltec_robot_msg_s.ep.rosidl_typesupport_fastrtps_c.c
[4.344s] -- Up-to-date symlink: /home/wheeltec/wheeltec_robot/install/wheeltec_robot_msg/local/lib/python3.10/dist-packages/wheeltec_robot_msg/_wheeltec_robot_msg_s.ep.rosidl_typesupport_introspection_c.c
[4.344s] -- Up-to-date symlink: /home/wheeltec/wheeltec_robot/install/wheeltec_robot_msg/local/lib/python3.10/dist-packages/wheeltec_robot_msg/libwheeltec_robot_msg__rosidl_generator_py.so
[4.344s] -- Up-to-date symlink: /home/wheeltec/wheeltec_robot/install/wheeltec_robot_msg/local/lib/python3.10/dist-packages/wheeltec_robot_msg/msg/__init__.py
[4.344s] -- Up-to-date symlink: /home/wheeltec/wheeltec_robot/install/wheeltec_robot_msg/local/lib/python3.10/dist-packages/wheeltec_robot_msg/msg/_data.py
[4.344s] -- Up-to-date symlink: /home/wheeltec/wheeltec_robot/install/wheeltec_robot_msg/local/lib/python3.10/dist-packages/wheeltec_robot_msg/msg/_data_s.c
[4.344s] -- Up-to-date symlink: /home/wheeltec/wheeltec_robot/install/wheeltec_robot_msg/local/lib/python3.10/dist-packages/wheeltec_robot_msg/msg/_supersonic.py
[4.344s] -- Up-to-date symlink: /home/wheeltec/wheeltec_robot/install/wheeltec_robot_msg/local/lib/python3.10/dist-packages/wheeltec_robot_msg/msg/_supersonic_s.c
[4.344s] -- Up-to-date symlink: /home/wheeltec/wheeltec_robot/install/wheeltec_robot_msg/local/lib/python3.10/dist-packages/wheeltec_robot_msg/wheeltec_robot_msg_s__rosidl_typesupport_c.cpython-310-aarch64-linux-gnu.so
[4.345s] -- Up-to-date symlink: /home/wheeltec/wheeltec_robot/install/wheeltec_robot_msg/local/lib/python3.10/dist-packages/wheeltec_robot_msg/wheeltec_robot_msg_s__rosidl_typesupport_fastrtps_c.cpython-310-aarch64-linux-gnu.so
[4.345s] -- Up-to-date symlink: /home/wheeltec/wheeltec_robot/install/wheeltec_robot_msg/local/lib/python3.10/dist-packages/wheeltec_robot_msg/wheeltec_robot_msg_s__rosidl_typesupport_introspection_c.cpython-310-aarch64-linux-gnu.so
[4.345s] -- Up-to-date symlink: /home/wheeltec/wheeltec_robot/install/wheeltec_robot_msg/local/lib/python3.10/dist-packages/wheeltec_robot_msg/wheeltec_robot_msg_s__rosidl_typesupport_fastrtps_c.cpython-310-aarch64-linux-gnu.so
[4.345s] -- Up-to-date symlink: /home/wheeltec/wheeltec_robot/install/wheeltec_robot_msg/local/lib/python3.10/dist-packages/wheeltec_robot_msg/wheeltec_robot_msg_s__rosidl_typesupport_introspection_c.cpython-310-aarch64-linux-gnu.so
[4.345s] -- Up-to-date symlink: /home/wheeltec/wheeltec_robot/install/wheeltec_robot_msg/local/lib/python3.10/dist-packages/wheeltec_robot_msg/wheeltec_robot_msg_s__rosidl_typesupport_c.cpython-310-aarch64-linux-gnu.so
[4.346s] -- Up-to-date symlink: /home/wheeltec/wheeltec_robot/install/wheeltec_robot_msg/share/wheeltec_robot_msg/msg/Data.idl
[4.346s] -- Up-to-date symlink: /home/wheeltec/wheeltec_robot/install/wheeltec_robot_msg/share/wheeltec_robot_msg/msg/Supersonic.idl
[4.346s] -- Up-to-date symlink: /home/wheeltec/wheeltec_robot/install/wheeltec_robot_msg/share/wheeltec_robot_msg/msg/Data.msg
[4.346s] -- Up-to-date symlink: /home/wheeltec/wheeltec_robot/install/wheeltec_robot_msg/share/wheeltec_robot_msg/msg/Supersonic.msg
[4.346s] -- Up-to-date symlink: /home/wheeltec/wheeltec_robot/install/wheeltec_robot_msg/share/ament_index/resource_index/package_run_dependencies/wheeltec_robot_msg
[4.346s] -- Up-to-date symlink: /home/wheeltec/wheeltec_robot/install/wheeltec_robot_msg/share/ament_index/resource_index/parent_prefix_path/wheeltec_robot_msg
[4.346s] -- Up-to-date symlink: /home/wheeltec/wheeltec_robot/install/wheeltec_robot_msg/share/wheeltec_robot_msg/environment/ament_prefix_path.sh
[4.346s] -- Up-to-date symlink: /home/wheeltec/wheeltec_robot/install/wheeltec_robot_msg/share/wheeltec_robot_msg/environment/ament_prefix_path.dsv
[4.346s] -- Up-to-date symlink: /home/wheeltec/wheeltec_robot/install/wheeltec_robot_msg/share/wheeltec_robot_msg/environment/path.sh
[4.347s] -- Up-to-date symlink: /home/wheeltec/wheeltec_robot/install/wheeltec_robot_msg/share/wheeltec_robot_msg/environment/path.dsv
[4.347s] -- Up-to-date symlink: /home/wheeltec/wheeltec_robot/install/wheeltec_robot_msg/share/wheeltec_robot_msg/local_setup.bash
[4.348s] -- Up-to-date symlink: /home/wheeltec/wheeltec_robot/install/wheeltec_robot_msg/share/wheeltec_robot_msg/local_setup.sh
[4.348s] -- Up-to-date symlink: /home/wheeltec/wheeltec_robot/install/wheeltec_robot_msg/share/wheeltec_robot_msg/local_setup.zsh
[4.348s] -- Up-to-date symlink: /home/wheeltec/wheeltec_robot/install/wheeltec_robot_msg/share/wheeltec_robot_msg/local_setup.dsv
[4.348s] -- Symlinking: /home/wheeltec/wheeltec_robot/install/wheeltec_robot_msg/share/wheeltec_robot_msg/package.dsv
[4.348s] -- Up-to-date symlink: /home/wheeltec/wheeltec_robot/install/wheeltec_robot_msg/share/ament_index/resource_index/packages/wheeltec_robot_msg
[4.348s] -- Up-to-date symlink: /home/wheeltec/wheeltec_robot/install/wheeltec_robot_msg/share/wheeltec_robot_msg/cmake/rosidl_cmake-extras.cmake
[4.349s] -- Up-to-date symlink: /home/wheeltec/wheeltec_robot/install/wheeltec_robot_msg/share/wheeltec_robot_msg/cmake/ament_cmake_export_dependencies-extras.cmake
[4.349s] -- Up-to-date symlink: /home/wheeltec/wheeltec_robot/install/wheeltec_robot_msg/share/wheeltec_robot_msg/cmake/ament_cmake_export_include_directories-extras.cmake
[4.363s] -- Up-to-date symlink: /home/wheeltec/wheeltec_robot/install/wheeltec_robot_msg/share/wheeltec_robot_msg/cmake/ament_cmake_export_libraries-extras.cmake
[4.364s] -- Up-to-date symlink: /home/wheeltec/wheeltec_robot/install/wheeltec_robot_msg/share/wheeltec_robot_msg/cmake/ament_cmake_export_targets-extras.cmake
[4.364s] -- Up-to-date symlink: /home/wheeltec/wheeltec_robot/install/wheeltec_robot_msg/share/wheeltec_robot_msg/cmake/rosidl_cmake_export_typesupport_targets-extras.cmake
[4.364s] -- Up-to-date symlink: /home/wheeltec/wheeltec_robot/install/wheeltec_robot_msg/share/wheeltec_robot_msg/cmake/rosidl_cmake_export_typesupport_libraries-extras.cmake
[4.364s] -- Up-to-date symlink: /home/wheeltec/wheeltec_robot/install/wheeltec_robot_msg/share/wheeltec_robot_msg/cmake/wheeltec_robot_msgConfig.cmake
[4.364s] -- Up-to-date symlink: /home/wheeltec/wheeltec_robot/install/wheeltec_robot_msg/share/wheeltec_robot_msg/cmake/wheeltec_robot_msgConfig-version.cmake
[4.364s] -- Up-to-date symlink: /home/wheeltec/wheeltec_robot/install/wheeltec_robot_msg/share/wheeltec_robot_msg/package.xml
[4.364s] -- Up-to-date: /home/wheeltec/wheeltec_robot/install/wheeltec_robot_msg/lib/libwheeltec_robot_msg__rosidl_generator_c.so
[4.364s] -- Up-to-date: /home/wheeltec/wheeltec_robot/install/wheeltec_robot_msg/lib/libwheeltec_robot_msg__rosidl_typesupport_fastrtps_c.so
[4.365s] -- Up-to-date: /home/wheeltec/wheeltec_robot/install/wheeltec_robot_msg/lib/libwheeltec_robot_msg__rosidl_typesupport_introspection_c.so
[4.365s] -- Up-to-date: /home/wheeltec/wheeltec_robot/install/wheeltec_robot_msg/lib/libwheeltec_robot_msg__rosidl_typesupport_c.so
[4.365s] -- Up-to-date: /home/wheeltec/wheeltec_robot/install/wheeltec_robot_msg/lib/libwheeltec_robot_msg__rosidl_typesupport_fastrtps_cpp.so
[4.365s] -- Up-to-date: /home/wheeltec/wheeltec_robot/install/wheeltec_robot_msg/lib/libwheeltec_robot_msg__rosidl_typesupport_introspection_cpp.so
[4.365s] -- Up-to-date: /home/wheeltec/wheeltec_robot/install/wheeltec_robot_msg/lib/libwheeltec_robot_msg__rosidl_typesupport_cpp.so
[4.479s] Listing '/home/wheeltec/wheeltec_robot/install/wheeltec_robot_msg/local/lib/python3.10/dist-packages/wheeltec_robot_msg'...
[4.479s] Listing '/home/wheeltec/wheeltec_robot/install/wheeltec_robot_msg/local/lib/python3.10/dist-packages/wheeltec_robot_msg/msg'...
[4.503s] -- Up-to-date: /home/wheeltec/wheeltec_robot/install/wheeltec_robot_msg/lib/libwheeltec_robot_msg__rosidl_generator_py.so
[4.503s] -- Up-to-date: /home/wheeltec/wheeltec_robot/install/wheeltec_robot_msg/share/wheeltec_robot_msg/cmake/export_wheeltec_robot_msg__rosidl_generator_cExport.cmake
[4.504s] -- Up-to-date: /home/wheeltec/wheeltec_robot/install/wheeltec_robot_msg/share/wheeltec_robot_msg/cmake/export_wheeltec_robot_msg__rosidl_generator_cExport-noconfig.cmake
[4.504s] -- Up-to-date: /home/wheeltec/wheeltec_robot/install/wheeltec_robot_msg/share/wheeltec_robot_msg/cmake/export_wheeltec_robot_msg__rosidl_typesupport_fastrtps_cExport.cmake
[4.504s] -- Up-to-date: /home/wheeltec/wheeltec_robot/install/wheeltec_robot_msg/share/wheeltec_robot_msg/cmake/export_wheeltec_robot_msg__rosidl_typesupport_fastrtps_cExport-noconfig.cmake
[4.505s] -- Up-to-date: /home/wheeltec/wheeltec_robot/install/wheeltec_robot_msg/share/wheeltec_robot_msg/cmake/wheeltec_robot_msg__rosidl_typesupport_introspection_cExport.cmake
[4.505s] -- Up-to-date: /home/wheeltec/wheeltec_robot/install/wheeltec_robot_msg/share/wheeltec_robot_msg/cmake/wheeltec_robot_msg__rosidl_typesupport_introspection_cExport-noconfig.cmake
[4.505s] -- Up-to-date: /home/wheeltec/wheeltec_robot/install/wheeltec_robot_msg/share/wheeltec_robot_msg/cmake/wheeltec_robot_msg__rosidl_typesupport_cExport.cmake
[4.505s] -- Up-to-date: /home/wheeltec/wheeltec_robot/install/wheeltec_robot_msg/share/wheeltec_robot_msg/cmake/wheeltec_robot_msg__rosidl_typesupport_cExport-noconfig.cmake
[4.505s] -- Up-to-date: /home/wheeltec/wheeltec_robot/install/wheeltec_robot_msg/share/wheeltec_robot_msg/cmake/export_wheeltec_robot_msg__rosidl_generator_cppExport.cmake
[4.506s] -- Up-to-date: /home/wheeltec/wheeltec_robot/install/wheeltec_robot_msg/share/wheeltec_robot_msg/cmake/export_wheeltec_robot_msg__rosidl_typesupport_fastrtps_cppExport.cmake
[4.506s] -- Up-to-date: /home/wheeltec/wheeltec_robot/install/wheeltec_robot_msg/share/wheeltec_robot_msg/cmake/export_wheeltec_robot_msg__rosidl_typesupport_fastrtps_cppExport-noconfig.cmake
[4.506s] -- Up-to-date: /home/wheeltec/wheeltec_robot/install/wheeltec_robot_msg/share/wheeltec_robot_msg/cmake/wheeltec_robot_msg__rosidl_typesupport_introspection_cppExport.cmake
[4.506s] -- Up-to-date: /home/wheeltec/wheeltec_robot/install/wheeltec_robot_msg/share/wheeltec_robot_msg/cmake/wheeltec_robot_msg__rosidl_typesupport_introspection_cppExport-noconfig.cmake
[4.506s] -- Up-to-date: /home/wheeltec/wheeltec_robot/install/wheeltec_robot_msg/share/wheeltec_robot_msg/cmake/wheeltec_robot_msg__rosidl_typesupport_cppExport.cmake
[4.506s] -- Up-to-date: /home/wheeltec/wheeltec_robot/install/wheeltec_robot_msg/share/wheeltec_robot_msg/cmake/wheeltec_robot_msg__rosidl_typesupport_cppExport-noconfig.cmake
[4.506s] -- Up-to-date: /home/wheeltec/wheeltec_robot/install/wheeltec_robot_msg/share/wheeltec_robot_msg/cmake/export_wheeltec_robot_msg__rosidl_generator_pyExport.cmake
[4.507s] -- Up-to-date: /home/wheeltec/wheeltec_robot/install/wheeltec_robot_msg/share/wheeltec_robot_msg/cmake/export_wheeltec_robot_msg__rosidl_generator_pyExport-noconfig.cmake
[4.539s] Invoked command in '/home/wheeltec/wheeltec_robot/build/wheeltec_robot_msg' returned '0': CMAKE_PREFIX_PATH=${CMAKE_PREFIX_PATH}:/opt/ros/humble /usr/bin/cmake --install /home/wheeltec/wheeltec_robot/build/wheeltec_robot_msg
