-- The C compiler identification is GNU 11.4.0
-- The CXX compiler identification is GNU 11.4.0
-- Detecting C compiler ABI info
-- Detecting C compiler ABI info - done
-- Check for working C compiler: /usr/bin/cc - skipped
-- Detecting C compile features
-- Detecting C compile features - done
-- Detecting CXX compiler ABI info
-- Detecting CXX compiler ABI info - done
-- Check for working CXX compiler: /usr/bin/c++ - skipped
-- Detecting CXX compile features
-- Detecting CXX compile features - done
-- Found ament_cmake: 1.3.12 (/opt/ros/humble/share/ament_cmake/cmake)
-- Found Python3: /usr/bin/python3 (found version "3.10.12") found components: Interpreter 
-- Override CMake install command with custom implementation using symlinks instead of copying resources
-- Found geometry_msgs: 4.9.0 (/opt/ros/humble/share/geometry_msgs/cmake)
-- Found rosidl_generator_c: 3.1.7 (/opt/ros/humble/share/rosidl_generator_c/cmake)
-- Found rosidl_adapter: 3.1.7 (/opt/ros/humble/share/rosidl_adapter/cmake)
-- Found rosidl_generator_cpp: 3.1.7 (/opt/ros/humble/share/rosidl_generator_cpp/cmake)
-- Using all available rosidl_typesupport_c: rosidl_typesupport_fastrtps_c;rosidl_typesupport_introspection_c
-- Using all available rosidl_typesupport_cpp: rosidl_typesupport_fastrtps_cpp;rosidl_typesupport_introspection_cpp
-- Found nav2_msgs: 1.1.18 (/opt/ros/humble/share/nav2_msgs/cmake)
-- Found rclcpp: 16.0.14 (/opt/ros/humble/share/rclcpp/cmake)
-- Found rmw_implementation_cmake: 6.1.2 (/opt/ros/humble/share/rmw_implementation_cmake/cmake)
-- Found rmw_fastrtps_cpp: 6.2.8 (/opt/ros/humble/share/rmw_fastrtps_cpp/cmake)
-- Found OpenSSL: /usr/lib/aarch64-linux-gnu/libcrypto.so (found version "3.0.2")  
-- Found FastRTPS: /opt/ros/humble/include  
-- Using RMW implementation 'rmw_fastrtps_cpp' as default
-- Looking for pthread.h
-- Looking for pthread.h - found
-- Performing Test CMAKE_HAVE_LIBC_PTHREAD
-- Performing Test CMAKE_HAVE_LIBC_PTHREAD - Success
-- Found Threads: TRUE  
-- Found rclpy: 3.3.17 (/opt/ros/humble/share/rclpy/cmake)
-- Found sensor_msgs: 4.9.0 (/opt/ros/humble/share/sensor_msgs/cmake)
-- Found tf2_geometry_msgs: 0.25.15 (/opt/ros/humble/share/tf2_geometry_msgs/cmake)
-- Found eigen3_cmake_module: 0.1.1 (/opt/ros/humble/share/eigen3_cmake_module/cmake)
-- Found Eigen3: TRUE (found version "3.4.0") 
-- Ensuring Eigen3 include directory is part of orocos-kdl CMake target
-- Found ament_lint_auto: 0.12.14 (/opt/ros/humble/share/ament_lint_auto/cmake)
-- Added test 'cppcheck' to perform static code analysis on C / C++ code
-- Configured cppcheck include dirs: /home/wheeltec/wheeltec_robot/src/wheeltec_gps/wheeltec_gps_driver/include
-- Configured cppcheck exclude dirs and/or files: 
-- Added test 'flake8' to check Python code syntax and style conventions
-- Added test 'lint_cmake' to check CMake code style
-- Added test 'pep257' to check Python code against some of the docstring style conventions in PEP 257
-- Added test 'uncrustify' to check C / C++ code style
-- Configured uncrustify additional arguments: 
-- Added test 'xmllint' to check XML markup files
-- Configuring done
-- Generating done
-- Build files have been written to: /home/wheeltec/wheeltec_robot/build/wheeltec_gps_driver
[ 50%] [32mBuilding CXX object CMakeFiles/gps_path.dir/src/gps_path.cpp.o[0m
[100%] [32m[1mLinking CXX executable gps_path[0m
[100%] Built target gps_path
-- Install configuration: ""
-- Execute custom install script
-- Symlinking: /home/wheeltec/wheeltec_robot/install/wheeltec_gps_driver/lib/wheeltec_gps_driver/gps_path
-- Symlinking: /home/wheeltec/wheeltec_robot/install/wheeltec_gps_driver/share/wheeltec_gps_driver/launch/nmea_gps_path.launch.py
-- Symlinking: /home/wheeltec/wheeltec_robot/install/wheeltec_gps_driver/share/wheeltec_gps_driver/launch/nmea_gps_path_dualrtk.launch.py
-- Symlinking: /home/wheeltec/wheeltec_robot/install/wheeltec_gps_driver/share/wheeltec_gps_driver/launch/ublox_gps_path.launch.py
-- Symlinking: /home/wheeltec/wheeltec_robot/install/wheeltec_gps_driver/share/wheeltec_gps_driver/launch/unicore_gps_path_dualrtk.launch.py
-- Symlinking: /home/wheeltec/wheeltec_robot/install/wheeltec_gps_driver/share/wheeltec_gps_driver/launch/wheeltec_dual_rtk_driver_nmea.launch.py
-- Symlinking: /home/wheeltec/wheeltec_robot/install/wheeltec_gps_driver/share/wheeltec_gps_driver/launch/wheeltec_dual_rtk_driver_unicore.launch.py
-- Symlinking: /home/wheeltec/wheeltec_robot/install/wheeltec_gps_driver/share/wheeltec_gps_driver/launch/wheeltec_nmea_driver.launch.py
-- Symlinking: /home/wheeltec/wheeltec_robot/install/wheeltec_gps_driver/share/wheeltec_gps_driver/launch/wheeltec_ublox_driver.launch.py
-- Symlinking: /home/wheeltec/wheeltec_robot/install/wheeltec_gps_driver/share/wheeltec_gps_driver/config/nmea_serial_driver.yaml
-- Symlinking: /home/wheeltec/wheeltec_robot/install/wheeltec_gps_driver/share/wheeltec_gps_driver/config/path.rviz
-- Symlinking: /home/wheeltec/wheeltec_robot/install/wheeltec_gps_driver/share/wheeltec_gps_driver/config/ublox_serial_driver.yaml
-- Symlinking: /home/wheeltec/wheeltec_robot/install/wheeltec_gps_driver/share/wheeltec_gps_driver/config/wheeltec_dual_rtk_nmea_serial_driver.yaml
-- Symlinking: /home/wheeltec/wheeltec_robot/install/wheeltec_gps_driver/share/ament_index/resource_index/package_run_dependencies/wheeltec_gps_driver
-- Symlinking: /home/wheeltec/wheeltec_robot/install/wheeltec_gps_driver/share/ament_index/resource_index/parent_prefix_path/wheeltec_gps_driver
-- Symlinking: /home/wheeltec/wheeltec_robot/install/wheeltec_gps_driver/share/wheeltec_gps_driver/environment/ament_prefix_path.sh
-- Symlinking: /home/wheeltec/wheeltec_robot/install/wheeltec_gps_driver/share/wheeltec_gps_driver/environment/ament_prefix_path.dsv
-- Symlinking: /home/wheeltec/wheeltec_robot/install/wheeltec_gps_driver/share/wheeltec_gps_driver/environment/path.sh
-- Symlinking: /home/wheeltec/wheeltec_robot/install/wheeltec_gps_driver/share/wheeltec_gps_driver/environment/path.dsv
-- Symlinking: /home/wheeltec/wheeltec_robot/install/wheeltec_gps_driver/share/wheeltec_gps_driver/local_setup.bash
-- Symlinking: /home/wheeltec/wheeltec_robot/install/wheeltec_gps_driver/share/wheeltec_gps_driver/local_setup.sh
-- Symlinking: /home/wheeltec/wheeltec_robot/install/wheeltec_gps_driver/share/wheeltec_gps_driver/local_setup.zsh
-- Symlinking: /home/wheeltec/wheeltec_robot/install/wheeltec_gps_driver/share/wheeltec_gps_driver/local_setup.dsv
-- Symlinking: /home/wheeltec/wheeltec_robot/install/wheeltec_gps_driver/share/wheeltec_gps_driver/package.dsv
-- Symlinking: /home/wheeltec/wheeltec_robot/install/wheeltec_gps_driver/share/ament_index/resource_index/packages/wheeltec_gps_driver
-- Symlinking: /home/wheeltec/wheeltec_robot/install/wheeltec_gps_driver/share/wheeltec_gps_driver/cmake/wheeltec_gps_driverConfig.cmake
-- Symlinking: /home/wheeltec/wheeltec_robot/install/wheeltec_gps_driver/share/wheeltec_gps_driver/cmake/wheeltec_gps_driverConfig-version.cmake
-- Symlinking: /home/wheeltec/wheeltec_robot/install/wheeltec_gps_driver/share/wheeltec_gps_driver/package.xml
