-- The C compiler identification is GNU 11.4.0
-- The CXX compiler identification is GNU 11.4.0
-- Detecting C compiler ABI info
-- Detecting C compiler ABI info - done
-- Check for working C compiler: /usr/bin/cc - skipped
-- Detecting C compile features
-- Detecting C compile features - done
-- Detecting CXX compiler ABI info
-- Detecting CXX compiler ABI info - done
-- Check for working CXX compiler: /usr/bin/c++ - skipped
-- Detecting CXX compile features
-- Detecting CXX compile features - done
-- Found ament_cmake_ros: 0.10.0 (/opt/ros/humble/share/ament_cmake_ros/cmake)
-- Found Python3: /usr/bin/python3 (found version "3.10.12") found components: Interpreter 
-- Override CMake install command with custom implementation using symlinks instead of copying resources
-- Found async_web_server_cpp: 2.0.0 (/opt/ros/humble/share/async_web_server_cpp/cmake)
-- Found Boost: /usr/local/lib/cmake/Boost-1.75.0/BoostConfig.cmake (found suitable version "1.75.0", minimum required is "1.74.0") found components: filesystem regex thread 
-- Found cv_bridge: 3.2.1 (/opt/ros/humble/share/cv_bridge/cmake)
-- Found rosidl_generator_c: 3.1.7 (/opt/ros/humble/share/rosidl_generator_c/cmake)
-- Found rosidl_adapter: 3.1.7 (/opt/ros/humble/share/rosidl_adapter/cmake)
-- Found rosidl_generator_cpp: 3.1.7 (/opt/ros/humble/share/rosidl_generator_cpp/cmake)
-- Using all available rosidl_typesupport_c: rosidl_typesupport_fastrtps_c;rosidl_typesupport_introspection_c
-- Using all available rosidl_typesupport_cpp: rosidl_typesupport_fastrtps_cpp;rosidl_typesupport_introspection_cpp
-- Found image_transport: 3.1.12 (/opt/ros/humble/share/image_transport/cmake)
-- Found rmw_implementation_cmake: 6.1.2 (/opt/ros/humble/share/rmw_implementation_cmake/cmake)
-- Found rmw_fastrtps_cpp: 6.2.8 (/opt/ros/humble/share/rmw_fastrtps_cpp/cmake)
-- Found OpenSSL: /usr/lib/aarch64-linux-gnu/libcrypto.so (found version "3.0.2")  
-- Found FastRTPS: /opt/ros/humble/include  
-- Using RMW implementation 'rmw_fastrtps_cpp' as default
-- Found Threads: TRUE  
-- Found OpenCV: /usr (found version "4.8.0") 
-- Found Boost: /usr/local/lib/cmake/Boost-1.75.0/BoostConfig.cmake (found version "1.75.0") found components: thread 
-- Found PkgConfig: /usr/bin/pkg-config (found version "0.29.2") 
-- Checking for module 'libavcodec'
--   Found libavcodec, version 61.19.100
-- Checking for module 'libavformat'
--   Found libavformat, version 61.7.100
-- Checking for module 'libavutil'
--   Found libavutil, version 59.39.100
-- Checking for module 'libswscale'
--   Found libswscale, version 8.3.100
-- Configuring done
-- Generating done
-- Build files have been written to: /home/wheeltec/wheeltec_robot/src/build/web_video_server
[  9%] [32mBuilding CXX object CMakeFiles/web_video_server.dir/src/web_video_server.cpp.o[0m
[ 18%] [32mBuilding CXX object CMakeFiles/web_video_server.dir/src/ros_compressed_streamer.cpp.o[0m
[ 27%] [32mBuilding CXX object CMakeFiles/web_video_server.dir/src/jpeg_streamers.cpp.o[0m
[ 36%] [32mBuilding CXX object CMakeFiles/web_video_server.dir/src/png_streamers.cpp.o[0m
[ 45%] [32mBuilding CXX object CMakeFiles/web_video_server.dir/src/multipart_stream.cpp.o[0m
[ 54%] [32mBuilding CXX object CMakeFiles/web_video_server.dir/src/vp9_streamer.cpp.o[0m
[ 63%] [32mBuilding CXX object CMakeFiles/web_video_server.dir/src/h264_streamer.cpp.o[0m
[ 72%] [32mBuilding CXX object CMakeFiles/web_video_server.dir/src/vp8_streamer.cpp.o[0m
[ 81%] [32mBuilding CXX object CMakeFiles/web_video_server.dir/src/libav_streamer.cpp.o[0m
[ 90%] [32mBuilding CXX object CMakeFiles/web_video_server.dir/src/image_streamer.cpp.o[0m
[100%] [32m[1mLinking CXX executable web_video_server[0m
[100%] Built target web_video_server
-- Install configuration: ""
-- Execute custom install script
-- Symlinking: /home/wheeltec/wheeltec_robot/src/install/web_video_server/lib/web_video_server/web_video_server
-- Symlinking: /home/wheeltec/wheeltec_robot/src/install/web_video_server/share/ament_index/resource_index/package_run_dependencies/web_video_server
-- Symlinking: /home/wheeltec/wheeltec_robot/src/install/web_video_server/share/ament_index/resource_index/parent_prefix_path/web_video_server
-- Symlinking: /home/wheeltec/wheeltec_robot/src/install/web_video_server/share/web_video_server/environment/ament_prefix_path.sh
-- Symlinking: /home/wheeltec/wheeltec_robot/src/install/web_video_server/share/web_video_server/environment/ament_prefix_path.dsv
-- Symlinking: /home/wheeltec/wheeltec_robot/src/install/web_video_server/share/web_video_server/environment/path.sh
-- Symlinking: /home/wheeltec/wheeltec_robot/src/install/web_video_server/share/web_video_server/environment/path.dsv
-- Symlinking: /home/wheeltec/wheeltec_robot/src/install/web_video_server/share/web_video_server/local_setup.bash
-- Symlinking: /home/wheeltec/wheeltec_robot/src/install/web_video_server/share/web_video_server/local_setup.sh
-- Symlinking: /home/wheeltec/wheeltec_robot/src/install/web_video_server/share/web_video_server/local_setup.zsh
-- Symlinking: /home/wheeltec/wheeltec_robot/src/install/web_video_server/share/web_video_server/local_setup.dsv
-- Symlinking: /home/wheeltec/wheeltec_robot/src/install/web_video_server/share/web_video_server/package.dsv
-- Symlinking: /home/wheeltec/wheeltec_robot/src/install/web_video_server/share/ament_index/resource_index/packages/web_video_server
-- Symlinking: /home/wheeltec/wheeltec_robot/src/install/web_video_server/share/web_video_server/cmake/web_video_serverConfig.cmake
-- Symlinking: /home/wheeltec/wheeltec_robot/src/install/web_video_server/share/web_video_server/cmake/web_video_serverConfig-version.cmake
-- Symlinking: /home/wheeltec/wheeltec_robot/src/install/web_video_server/share/web_video_server/package.xml
-- Installing: /home/wheeltec/wheeltec_robot/src/install/web_video_server/include/web_video_server
-- Installing: /home/wheeltec/wheeltec_robot/src/install/web_video_server/include/web_video_server/jpeg_streamers.h
-- Installing: /home/wheeltec/wheeltec_robot/src/install/web_video_server/include/web_video_server/h264_streamer.h
-- Installing: /home/wheeltec/wheeltec_robot/src/install/web_video_server/include/web_video_server/vp9_streamer.h
-- Installing: /home/wheeltec/wheeltec_robot/src/install/web_video_server/include/web_video_server/png_streamers.h
-- Installing: /home/wheeltec/wheeltec_robot/src/install/web_video_server/include/web_video_server/multipart_stream.h
-- Installing: /home/wheeltec/wheeltec_robot/src/install/web_video_server/include/web_video_server/vp8_streamer.h
-- Installing: /home/wheeltec/wheeltec_robot/src/install/web_video_server/include/web_video_server/web_video_server.h
-- Installing: /home/wheeltec/wheeltec_robot/src/install/web_video_server/include/web_video_server/ros_compressed_streamer.h
-- Installing: /home/wheeltec/wheeltec_robot/src/install/web_video_server/include/web_video_server/libav_streamer.h
-- Installing: /home/wheeltec/wheeltec_robot/src/install/web_video_server/include/web_video_server/image_streamer.h
