[0.072s] Invoking command in '/home/wheeltec/wheeltec_robot/build/wheeltec_robot_msg': CMAKE_PREFIX_PATH=${CMAKE_PREFIX_PATH}:/opt/ros/humble /usr/bin/cmake --build /home/wheeltec/wheeltec_robot/build/wheeltec_robot_msg -- -j8 -l8
[0.303s] [ 10%] Built target wheeltec_robot_msg__rosidl_generator_c
[0.328s] [ 10%] Built target ament_cmake_python_symlink_wheeltec_robot_msg
[0.367s] [ 12%] Built target wheeltec_robot_msg__cpp
[0.495s] [ 23%] Built target wheeltec_robot_msg__rosidl_typesupport_fastrtps_c
[0.543s] [ 33%] Built target wheeltec_robot_msg__rosidl_typesupport_introspection_c
[0.686s] [ 43%] Built target wheeltec_robot_msg__rosidl_typesupport_introspection_cpp
[0.695s] [ 53%] Built target wheeltec_robot_msg__rosidl_typesupport_fastrtps_cpp
[0.822s] [ 66%] Built target wheeltec_robot_msg__rosidl_typesupport_c
[0.823s] [ 74%] Built target wheeltec_robot_msg__rosidl_typesupport_cpp
[0.910s] [ 74%] Built target wheeltec_robot_msg
[1.022s] [ 76%] Built target wheeltec_robot_msg__py
[1.180s] [ 84%] Built target wheeltec_robot_msg__rosidl_generator_py
[1.247s] running egg_info
[1.303s] writing wheeltec_robot_msg.egg-info/PKG-INFO
[1.304s] writing dependency_links to wheeltec_robot_msg.egg-info/dependency_links.txt
[1.305s] writing top-level names to wheeltec_robot_msg.egg-info/top_level.txt
[1.389s] [ 89%] Built target wheeltec_robot_msg__rosidl_typesupport_fastrtps_c__pyext
[1.395s] [ 94%] Built target wheeltec_robot_msg__rosidl_typesupport_introspection_c__pyext
[1.477s] reading manifest file 'wheeltec_robot_msg.egg-info/SOURCES.txt'
[1.495s] writing manifest file 'wheeltec_robot_msg.egg-info/SOURCES.txt'
[1.551s] [100%] Built target wheeltec_robot_msg__rosidl_typesupport_c__pyext
[1.650s] [100%] Built target ament_cmake_python_build_wheeltec_robot_msg_egg
[1.703s] Invoked command in '/home/wheeltec/wheeltec_robot/build/wheeltec_robot_msg' returned '0': CMAKE_PREFIX_PATH=${CMAKE_PREFIX_PATH}:/opt/ros/humble /usr/bin/cmake --build /home/wheeltec/wheeltec_robot/build/wheeltec_robot_msg -- -j8 -l8
[1.704s] Invoking command in '/home/wheeltec/wheeltec_robot/build/wheeltec_robot_msg': CMAKE_PREFIX_PATH=${CMAKE_PREFIX_PATH}:/opt/ros/humble /usr/bin/cmake --install /home/wheeltec/wheeltec_robot/build/wheeltec_robot_msg
[1.730s] -- Install configuration: ""
[1.732s] -- Execute custom install script
[1.732s] -- Up-to-date symlink: /home/wheeltec/wheeltec_robot/install/wheeltec_robot_msg/share/ament_index/resource_index/rosidl_interfaces/wheeltec_robot_msg
[1.733s] -- Up-to-date symlink: /home/wheeltec/wheeltec_robot/install/wheeltec_robot_msg/include/wheeltec_robot_msg/wheeltec_robot_msg/msg/data.h
[1.734s] -- Up-to-date symlink: /home/wheeltec/wheeltec_robot/install/wheeltec_robot_msg/include/wheeltec_robot_msg/wheeltec_robot_msg/msg/detail/data__functions.h
[1.735s] -- Up-to-date symlink: /home/wheeltec/wheeltec_robot/install/wheeltec_robot_msg/include/wheeltec_robot_msg/wheeltec_robot_msg/msg/detail/data__struct.h
[1.735s] -- Up-to-date symlink: /home/wheeltec/wheeltec_robot/install/wheeltec_robot_msg/include/wheeltec_robot_msg/wheeltec_robot_msg/msg/detail/data__type_support.h
[1.735s] -- Up-to-date symlink: /home/wheeltec/wheeltec_robot/install/wheeltec_robot_msg/include/wheeltec_robot_msg/wheeltec_robot_msg/msg/detail/supersonic__functions.h
[1.735s] -- Up-to-date symlink: /home/wheeltec/wheeltec_robot/install/wheeltec_robot_msg/include/wheeltec_robot_msg/wheeltec_robot_msg/msg/detail/supersonic__struct.h
[1.749s] -- Up-to-date symlink: /home/wheeltec/wheeltec_robot/install/wheeltec_robot_msg/include/wheeltec_robot_msg/wheeltec_robot_msg/msg/detail/supersonic__type_support.h
[1.749s] -- Up-to-date symlink: /home/wheeltec/wheeltec_robot/install/wheeltec_robot_msg/include/wheeltec_robot_msg/wheeltec_robot_msg/msg/rosidl_generator_c__visibility_control.h
[1.749s] -- Up-to-date symlink: /home/wheeltec/wheeltec_robot/install/wheeltec_robot_msg/include/wheeltec_robot_msg/wheeltec_robot_msg/msg/supersonic.h
[1.749s] -- Up-to-date symlink: /home/wheeltec/wheeltec_robot/install/wheeltec_robot_msg/share/wheeltec_robot_msg/environment/library_path.sh
[1.749s] -- Up-to-date symlink: /home/wheeltec/wheeltec_robot/install/wheeltec_robot_msg/share/wheeltec_robot_msg/environment/library_path.dsv
[1.749s] -- Up-to-date symlink: /home/wheeltec/wheeltec_robot/install/wheeltec_robot_msg/include/wheeltec_robot_msg/wheeltec_robot_msg/msg/detail/data__rosidl_typesupport_fastrtps_c.h
[1.749s] -- Up-to-date symlink: /home/wheeltec/wheeltec_robot/install/wheeltec_robot_msg/include/wheeltec_robot_msg/wheeltec_robot_msg/msg/detail/supersonic__rosidl_typesupport_fastrtps_c.h
[1.750s] -- Up-to-date symlink: /home/wheeltec/wheeltec_robot/install/wheeltec_robot_msg/include/wheeltec_robot_msg/wheeltec_robot_msg/msg/rosidl_typesupport_fastrtps_c__visibility_control.h
[1.750s] -- Up-to-date symlink: /home/wheeltec/wheeltec_robot/install/wheeltec_robot_msg/include/wheeltec_robot_msg/wheeltec_robot_msg/msg/detail/data__rosidl_typesupport_introspection_c.h
[1.750s] -- Up-to-date symlink: /home/wheeltec/wheeltec_robot/install/wheeltec_robot_msg/include/wheeltec_robot_msg/wheeltec_robot_msg/msg/detail/supersonic__rosidl_typesupport_introspection_c.h
[1.750s] -- Up-to-date symlink: /home/wheeltec/wheeltec_robot/install/wheeltec_robot_msg/include/wheeltec_robot_msg/wheeltec_robot_msg/msg/rosidl_typesupport_introspection_c__visibility_control.h
[1.750s] -- Up-to-date symlink: /home/wheeltec/wheeltec_robot/install/wheeltec_robot_msg/include/wheeltec_robot_msg/wheeltec_robot_msg/msg/data.hpp
[1.750s] -- Up-to-date symlink: /home/wheeltec/wheeltec_robot/install/wheeltec_robot_msg/include/wheeltec_robot_msg/wheeltec_robot_msg/msg/detail/data__builder.hpp
[1.750s] -- Up-to-date symlink: /home/wheeltec/wheeltec_robot/install/wheeltec_robot_msg/include/wheeltec_robot_msg/wheeltec_robot_msg/msg/detail/data__struct.hpp
[1.750s] -- Up-to-date symlink: /home/wheeltec/wheeltec_robot/install/wheeltec_robot_msg/include/wheeltec_robot_msg/wheeltec_robot_msg/msg/detail/data__traits.hpp
[1.750s] -- Up-to-date symlink: /home/wheeltec/wheeltec_robot/install/wheeltec_robot_msg/include/wheeltec_robot_msg/wheeltec_robot_msg/msg/detail/data__type_support.hpp
[1.750s] -- Up-to-date symlink: /home/wheeltec/wheeltec_robot/install/wheeltec_robot_msg/include/wheeltec_robot_msg/wheeltec_robot_msg/msg/detail/supersonic__builder.hpp
[1.751s] -- Up-to-date symlink: /home/wheeltec/wheeltec_robot/install/wheeltec_robot_msg/include/wheeltec_robot_msg/wheeltec_robot_msg/msg/detail/supersonic__struct.hpp
[1.751s] -- Up-to-date symlink: /home/wheeltec/wheeltec_robot/install/wheeltec_robot_msg/include/wheeltec_robot_msg/wheeltec_robot_msg/msg/detail/supersonic__traits.hpp
[1.751s] -- Up-to-date symlink: /home/wheeltec/wheeltec_robot/install/wheeltec_robot_msg/include/wheeltec_robot_msg/wheeltec_robot_msg/msg/detail/supersonic__type_support.hpp
[1.759s] -- Up-to-date symlink: /home/wheeltec/wheeltec_robot/install/wheeltec_robot_msg/include/wheeltec_robot_msg/wheeltec_robot_msg/msg/rosidl_generator_cpp__visibility_control.hpp
[1.759s] -- Up-to-date symlink: /home/wheeltec/wheeltec_robot/install/wheeltec_robot_msg/include/wheeltec_robot_msg/wheeltec_robot_msg/msg/supersonic.hpp
[1.759s] -- Up-to-date symlink: /home/wheeltec/wheeltec_robot/install/wheeltec_robot_msg/include/wheeltec_robot_msg/wheeltec_robot_msg/msg/detail/data__rosidl_typesupport_fastrtps_cpp.hpp
[1.759s] -- Up-to-date symlink: /home/wheeltec/wheeltec_robot/install/wheeltec_robot_msg/include/wheeltec_robot_msg/wheeltec_robot_msg/msg/detail/supersonic__rosidl_typesupport_fastrtps_cpp.hpp
[1.759s] -- Up-to-date symlink: /home/wheeltec/wheeltec_robot/install/wheeltec_robot_msg/include/wheeltec_robot_msg/wheeltec_robot_msg/msg/rosidl_typesupport_fastrtps_cpp__visibility_control.h
[1.759s] -- Up-to-date symlink: /home/wheeltec/wheeltec_robot/install/wheeltec_robot_msg/include/wheeltec_robot_msg/wheeltec_robot_msg/msg/detail/data__rosidl_typesupport_introspection_cpp.hpp
[1.759s] -- Up-to-date symlink: /home/wheeltec/wheeltec_robot/install/wheeltec_robot_msg/include/wheeltec_robot_msg/wheeltec_robot_msg/msg/detail/supersonic__rosidl_typesupport_introspection_cpp.hpp
[1.760s] -- Up-to-date symlink: /home/wheeltec/wheeltec_robot/install/wheeltec_robot_msg/share/wheeltec_robot_msg/environment/pythonpath.sh
[1.760s] -- Up-to-date symlink: /home/wheeltec/wheeltec_robot/install/wheeltec_robot_msg/share/wheeltec_robot_msg/environment/pythonpath.dsv
[1.760s] -- Up-to-date symlink: /home/wheeltec/wheeltec_robot/install/wheeltec_robot_msg/local/lib/python3.10/dist-packages/wheeltec_robot_msg-0.0.0-py3.10.egg-info/PKG-INFO
[1.760s] -- Up-to-date symlink: /home/wheeltec/wheeltec_robot/install/wheeltec_robot_msg/local/lib/python3.10/dist-packages/wheeltec_robot_msg-0.0.0-py3.10.egg-info/SOURCES.txt
[1.760s] -- Up-to-date symlink: /home/wheeltec/wheeltec_robot/install/wheeltec_robot_msg/local/lib/python3.10/dist-packages/wheeltec_robot_msg-0.0.0-py3.10.egg-info/dependency_links.txt
[1.760s] -- Up-to-date symlink: /home/wheeltec/wheeltec_robot/install/wheeltec_robot_msg/local/lib/python3.10/dist-packages/wheeltec_robot_msg-0.0.0-py3.10.egg-info/top_level.txt
[1.760s] -- Up-to-date symlink: /home/wheeltec/wheeltec_robot/install/wheeltec_robot_msg/local/lib/python3.10/dist-packages/wheeltec_robot_msg/__init__.py
[1.760s] -- Up-to-date symlink: /home/wheeltec/wheeltec_robot/install/wheeltec_robot_msg/local/lib/python3.10/dist-packages/wheeltec_robot_msg/_wheeltec_robot_msg_s.ep.rosidl_typesupport_c.c
[1.760s] -- Up-to-date symlink: /home/wheeltec/wheeltec_robot/install/wheeltec_robot_msg/local/lib/python3.10/dist-packages/wheeltec_robot_msg/_wheeltec_robot_msg_s.ep.rosidl_typesupport_fastrtps_c.c
[1.762s] -- Up-to-date symlink: /home/wheeltec/wheeltec_robot/install/wheeltec_robot_msg/local/lib/python3.10/dist-packages/wheeltec_robot_msg/_wheeltec_robot_msg_s.ep.rosidl_typesupport_introspection_c.c
[1.762s] -- Up-to-date symlink: /home/wheeltec/wheeltec_robot/install/wheeltec_robot_msg/local/lib/python3.10/dist-packages/wheeltec_robot_msg/libwheeltec_robot_msg__rosidl_generator_py.so
[1.762s] -- Up-to-date symlink: /home/wheeltec/wheeltec_robot/install/wheeltec_robot_msg/local/lib/python3.10/dist-packages/wheeltec_robot_msg/msg/__init__.py
[1.763s] -- Up-to-date symlink: /home/wheeltec/wheeltec_robot/install/wheeltec_robot_msg/local/lib/python3.10/dist-packages/wheeltec_robot_msg/msg/_data.py
[1.763s] -- Up-to-date symlink: /home/wheeltec/wheeltec_robot/install/wheeltec_robot_msg/local/lib/python3.10/dist-packages/wheeltec_robot_msg/msg/_data_s.c
[1.763s] -- Up-to-date symlink: /home/wheeltec/wheeltec_robot/install/wheeltec_robot_msg/local/lib/python3.10/dist-packages/wheeltec_robot_msg/msg/_supersonic.py
[1.764s] -- Up-to-date symlink: /home/wheeltec/wheeltec_robot/install/wheeltec_robot_msg/local/lib/python3.10/dist-packages/wheeltec_robot_msg/msg/_supersonic_s.c
[1.765s] -- Up-to-date symlink: /home/wheeltec/wheeltec_robot/install/wheeltec_robot_msg/local/lib/python3.10/dist-packages/wheeltec_robot_msg/wheeltec_robot_msg_s__rosidl_typesupport_c.cpython-310-aarch64-linux-gnu.so
[1.765s] -- Up-to-date symlink: /home/wheeltec/wheeltec_robot/install/wheeltec_robot_msg/local/lib/python3.10/dist-packages/wheeltec_robot_msg/wheeltec_robot_msg_s__rosidl_typesupport_fastrtps_c.cpython-310-aarch64-linux-gnu.so
[1.766s] -- Up-to-date symlink: /home/wheeltec/wheeltec_robot/install/wheeltec_robot_msg/local/lib/python3.10/dist-packages/wheeltec_robot_msg/wheeltec_robot_msg_s__rosidl_typesupport_introspection_c.cpython-310-aarch64-linux-gnu.so
[1.767s] -- Up-to-date symlink: /home/wheeltec/wheeltec_robot/install/wheeltec_robot_msg/local/lib/python3.10/dist-packages/wheeltec_robot_msg/wheeltec_robot_msg_s__rosidl_typesupport_fastrtps_c.cpython-310-aarch64-linux-gnu.so
[1.768s] -- Up-to-date symlink: /home/wheeltec/wheeltec_robot/install/wheeltec_robot_msg/local/lib/python3.10/dist-packages/wheeltec_robot_msg/wheeltec_robot_msg_s__rosidl_typesupport_introspection_c.cpython-310-aarch64-linux-gnu.so
[1.768s] -- Up-to-date symlink: /home/wheeltec/wheeltec_robot/install/wheeltec_robot_msg/local/lib/python3.10/dist-packages/wheeltec_robot_msg/wheeltec_robot_msg_s__rosidl_typesupport_c.cpython-310-aarch64-linux-gnu.so
[1.769s] -- Up-to-date symlink: /home/wheeltec/wheeltec_robot/install/wheeltec_robot_msg/share/wheeltec_robot_msg/msg/Data.idl
[1.770s] -- Up-to-date symlink: /home/wheeltec/wheeltec_robot/install/wheeltec_robot_msg/share/wheeltec_robot_msg/msg/Supersonic.idl
[1.770s] -- Up-to-date symlink: /home/wheeltec/wheeltec_robot/install/wheeltec_robot_msg/share/wheeltec_robot_msg/msg/Data.msg
[1.771s] -- Up-to-date symlink: /home/wheeltec/wheeltec_robot/install/wheeltec_robot_msg/share/wheeltec_robot_msg/msg/Supersonic.msg
[1.772s] -- Up-to-date symlink: /home/wheeltec/wheeltec_robot/install/wheeltec_robot_msg/share/ament_index/resource_index/package_run_dependencies/wheeltec_robot_msg
[1.773s] -- Up-to-date symlink: /home/wheeltec/wheeltec_robot/install/wheeltec_robot_msg/share/ament_index/resource_index/parent_prefix_path/wheeltec_robot_msg
[1.773s] -- Up-to-date symlink: /home/wheeltec/wheeltec_robot/install/wheeltec_robot_msg/share/wheeltec_robot_msg/environment/ament_prefix_path.sh
[1.774s] -- Up-to-date symlink: /home/wheeltec/wheeltec_robot/install/wheeltec_robot_msg/share/wheeltec_robot_msg/environment/ament_prefix_path.dsv
[1.774s] -- Up-to-date symlink: /home/wheeltec/wheeltec_robot/install/wheeltec_robot_msg/share/wheeltec_robot_msg/environment/path.sh
[1.775s] -- Up-to-date symlink: /home/wheeltec/wheeltec_robot/install/wheeltec_robot_msg/share/wheeltec_robot_msg/environment/path.dsv
[1.776s] -- Up-to-date symlink: /home/wheeltec/wheeltec_robot/install/wheeltec_robot_msg/share/wheeltec_robot_msg/local_setup.bash
[1.776s] -- Up-to-date symlink: /home/wheeltec/wheeltec_robot/install/wheeltec_robot_msg/share/wheeltec_robot_msg/local_setup.sh
[1.777s] -- Up-to-date symlink: /home/wheeltec/wheeltec_robot/install/wheeltec_robot_msg/share/wheeltec_robot_msg/local_setup.zsh
[1.777s] -- Up-to-date symlink: /home/wheeltec/wheeltec_robot/install/wheeltec_robot_msg/share/wheeltec_robot_msg/local_setup.dsv
[1.778s] -- Symlinking: /home/wheeltec/wheeltec_robot/install/wheeltec_robot_msg/share/wheeltec_robot_msg/package.dsv
[1.798s] -- Up-to-date symlink: /home/wheeltec/wheeltec_robot/install/wheeltec_robot_msg/share/ament_index/resource_index/packages/wheeltec_robot_msg
[1.799s] -- Up-to-date symlink: /home/wheeltec/wheeltec_robot/install/wheeltec_robot_msg/share/wheeltec_robot_msg/cmake/rosidl_cmake-extras.cmake
[1.804s] -- Up-to-date symlink: /home/wheeltec/wheeltec_robot/install/wheeltec_robot_msg/share/wheeltec_robot_msg/cmake/ament_cmake_export_dependencies-extras.cmake
[1.806s] -- Up-to-date symlink: /home/wheeltec/wheeltec_robot/install/wheeltec_robot_msg/share/wheeltec_robot_msg/cmake/ament_cmake_export_include_directories-extras.cmake
[1.806s] -- Up-to-date symlink: /home/wheeltec/wheeltec_robot/install/wheeltec_robot_msg/share/wheeltec_robot_msg/cmake/ament_cmake_export_libraries-extras.cmake
[1.807s] -- Up-to-date symlink: /home/wheeltec/wheeltec_robot/install/wheeltec_robot_msg/share/wheeltec_robot_msg/cmake/ament_cmake_export_targets-extras.cmake
[1.807s] -- Up-to-date symlink: /home/wheeltec/wheeltec_robot/install/wheeltec_robot_msg/share/wheeltec_robot_msg/cmake/rosidl_cmake_export_typesupport_targets-extras.cmake
[1.807s] -- Up-to-date symlink: /home/wheeltec/wheeltec_robot/install/wheeltec_robot_msg/share/wheeltec_robot_msg/cmake/rosidl_cmake_export_typesupport_libraries-extras.cmake
[1.808s] -- Up-to-date symlink: /home/wheeltec/wheeltec_robot/install/wheeltec_robot_msg/share/wheeltec_robot_msg/cmake/wheeltec_robot_msgConfig.cmake
[1.808s] -- Up-to-date symlink: /home/wheeltec/wheeltec_robot/install/wheeltec_robot_msg/share/wheeltec_robot_msg/cmake/wheeltec_robot_msgConfig-version.cmake
[1.808s] -- Up-to-date symlink: /home/wheeltec/wheeltec_robot/install/wheeltec_robot_msg/share/wheeltec_robot_msg/package.xml
[1.809s] -- Up-to-date: /home/wheeltec/wheeltec_robot/install/wheeltec_robot_msg/lib/libwheeltec_robot_msg__rosidl_generator_c.so
[1.810s] -- Up-to-date: /home/wheeltec/wheeltec_robot/install/wheeltec_robot_msg/lib/libwheeltec_robot_msg__rosidl_typesupport_fastrtps_c.so
[1.820s] -- Up-to-date: /home/wheeltec/wheeltec_robot/install/wheeltec_robot_msg/lib/libwheeltec_robot_msg__rosidl_typesupport_introspection_c.so
[1.821s] -- Up-to-date: /home/wheeltec/wheeltec_robot/install/wheeltec_robot_msg/lib/libwheeltec_robot_msg__rosidl_typesupport_c.so
[1.821s] -- Up-to-date: /home/wheeltec/wheeltec_robot/install/wheeltec_robot_msg/lib/libwheeltec_robot_msg__rosidl_typesupport_fastrtps_cpp.so
[1.822s] -- Up-to-date: /home/wheeltec/wheeltec_robot/install/wheeltec_robot_msg/lib/libwheeltec_robot_msg__rosidl_typesupport_introspection_cpp.so
[1.823s] -- Up-to-date: /home/wheeltec/wheeltec_robot/install/wheeltec_robot_msg/lib/libwheeltec_robot_msg__rosidl_typesupport_cpp.so
[1.900s] Listing '/home/wheeltec/wheeltec_robot/install/wheeltec_robot_msg/local/lib/python3.10/dist-packages/wheeltec_robot_msg'...
[1.901s] Listing '/home/wheeltec/wheeltec_robot/install/wheeltec_robot_msg/local/lib/python3.10/dist-packages/wheeltec_robot_msg/msg'...
[2.000s] -- Up-to-date: /home/wheeltec/wheeltec_robot/install/wheeltec_robot_msg/lib/libwheeltec_robot_msg__rosidl_generator_py.so
[2.000s] -- Up-to-date: /home/wheeltec/wheeltec_robot/install/wheeltec_robot_msg/share/wheeltec_robot_msg/cmake/export_wheeltec_robot_msg__rosidl_generator_cExport.cmake
[2.000s] -- Up-to-date: /home/wheeltec/wheeltec_robot/install/wheeltec_robot_msg/share/wheeltec_robot_msg/cmake/export_wheeltec_robot_msg__rosidl_generator_cExport-noconfig.cmake
[2.000s] -- Up-to-date: /home/wheeltec/wheeltec_robot/install/wheeltec_robot_msg/share/wheeltec_robot_msg/cmake/export_wheeltec_robot_msg__rosidl_typesupport_fastrtps_cExport.cmake
[2.000s] -- Up-to-date: /home/wheeltec/wheeltec_robot/install/wheeltec_robot_msg/share/wheeltec_robot_msg/cmake/export_wheeltec_robot_msg__rosidl_typesupport_fastrtps_cExport-noconfig.cmake
[2.001s] -- Up-to-date: /home/wheeltec/wheeltec_robot/install/wheeltec_robot_msg/share/wheeltec_robot_msg/cmake/wheeltec_robot_msg__rosidl_typesupport_introspection_cExport.cmake
[2.001s] -- Up-to-date: /home/wheeltec/wheeltec_robot/install/wheeltec_robot_msg/share/wheeltec_robot_msg/cmake/wheeltec_robot_msg__rosidl_typesupport_introspection_cExport-noconfig.cmake
[2.001s] -- Up-to-date: /home/wheeltec/wheeltec_robot/install/wheeltec_robot_msg/share/wheeltec_robot_msg/cmake/wheeltec_robot_msg__rosidl_typesupport_cExport.cmake
[2.001s] -- Up-to-date: /home/wheeltec/wheeltec_robot/install/wheeltec_robot_msg/share/wheeltec_robot_msg/cmake/wheeltec_robot_msg__rosidl_typesupport_cExport-noconfig.cmake
[2.001s] -- Up-to-date: /home/wheeltec/wheeltec_robot/install/wheeltec_robot_msg/share/wheeltec_robot_msg/cmake/export_wheeltec_robot_msg__rosidl_generator_cppExport.cmake
[2.001s] -- Up-to-date: /home/wheeltec/wheeltec_robot/install/wheeltec_robot_msg/share/wheeltec_robot_msg/cmake/export_wheeltec_robot_msg__rosidl_typesupport_fastrtps_cppExport.cmake
[2.001s] -- Up-to-date: /home/wheeltec/wheeltec_robot/install/wheeltec_robot_msg/share/wheeltec_robot_msg/cmake/export_wheeltec_robot_msg__rosidl_typesupport_fastrtps_cppExport-noconfig.cmake
[2.001s] -- Up-to-date: /home/wheeltec/wheeltec_robot/install/wheeltec_robot_msg/share/wheeltec_robot_msg/cmake/wheeltec_robot_msg__rosidl_typesupport_introspection_cppExport.cmake
[2.001s] -- Up-to-date: /home/wheeltec/wheeltec_robot/install/wheeltec_robot_msg/share/wheeltec_robot_msg/cmake/wheeltec_robot_msg__rosidl_typesupport_introspection_cppExport-noconfig.cmake
[2.001s] -- Up-to-date: /home/wheeltec/wheeltec_robot/install/wheeltec_robot_msg/share/wheeltec_robot_msg/cmake/wheeltec_robot_msg__rosidl_typesupport_cppExport.cmake
[2.001s] -- Up-to-date: /home/wheeltec/wheeltec_robot/install/wheeltec_robot_msg/share/wheeltec_robot_msg/cmake/wheeltec_robot_msg__rosidl_typesupport_cppExport-noconfig.cmake
[2.002s] -- Up-to-date: /home/wheeltec/wheeltec_robot/install/wheeltec_robot_msg/share/wheeltec_robot_msg/cmake/export_wheeltec_robot_msg__rosidl_generator_pyExport.cmake
[2.002s] -- Up-to-date: /home/wheeltec/wheeltec_robot/install/wheeltec_robot_msg/share/wheeltec_robot_msg/cmake/export_wheeltec_robot_msg__rosidl_generator_pyExport-noconfig.cmake
[2.125s] Invoked command in '/home/wheeltec/wheeltec_robot/build/wheeltec_robot_msg' returned '0': CMAKE_PREFIX_PATH=${CMAKE_PREFIX_PATH}:/opt/ros/humble /usr/bin/cmake --install /home/wheeltec/wheeltec_robot/build/wheeltec_robot_msg
