[0.218s] Invoking command in '/home/wheeltec/wheeltec_robot/build/ackermann_msgs': CMAKE_PREFIX_PATH=${CMAKE_PREFIX_PATH}:/opt/ros/humble /usr/bin/cmake --build /home/wheeltec/wheeltec_robot/build/ackermann_msgs -- -j8 -l8
[0.523s] [  2%] Built target ackermann_msgs__cpp
[0.704s] [  2%] Built target ament_cmake_python_symlink_ackermann_msgs
[0.783s] [35m[1mConsolidate compiler generated dependencies of target ackermann_msgs__rosidl_typesupport_introspection_cpp[0m
[0.875s] [ 12%] Built target ackermann_msgs__rosidl_typesupport_introspection_cpp
[1.679s] running egg_info
[1.726s] writing ackermann_msgs.egg-info/PKG-INFO
[1.728s] writing dependency_links to ackermann_msgs.egg-info/dependency_links.txt
[1.729s] writing top-level names to ackermann_msgs.egg-info/top_level.txt
[1.934s] reading manifest file 'ackermann_msgs.egg-info/SOURCES.txt'
[1.941s] writing manifest file 'ackermann_msgs.egg-info/SOURCES.txt'
[2.149s] [ 12%] Built target ament_cmake_python_build_ackermann_msgs_egg
[2.233s] [35m[1mConsolidate compiler generated dependencies of target ackermann_msgs__rosidl_typesupport_fastrtps_cpp[0m
[2.314s] [ 23%] Built target ackermann_msgs__rosidl_typesupport_fastrtps_cpp
[2.395s] [35m[1mConsolidate compiler generated dependencies of target ackermann_msgs__rosidl_typesupport_cpp[0m
[2.510s] [ 33%] Built target ackermann_msgs__rosidl_typesupport_cpp
[2.611s] [35m[1mConsolidate compiler generated dependencies of target ackermann_msgs__rosidl_generator_c[0m
[2.679s] [ 43%] Built target ackermann_msgs__rosidl_generator_c
[2.740s] [35m[1mConsolidate compiler generated dependencies of target ackermann_msgs__rosidl_typesupport_fastrtps_c[0m
[2.827s] [ 53%] Built target ackermann_msgs__rosidl_typesupport_fastrtps_c
[2.888s] [35m[1mConsolidate compiler generated dependencies of target ackermann_msgs__rosidl_typesupport_c[0m
[2.982s] [ 64%] Built target ackermann_msgs__rosidl_typesupport_c
[3.080s] [35m[1mConsolidate compiler generated dependencies of target ackermann_msgs__rosidl_typesupport_introspection_c[0m
[3.169s] [ 74%] Built target ackermann_msgs__rosidl_typesupport_introspection_c
[3.327s] [ 74%] Built target ackermann_msgs
[3.474s] [ 76%] Built target ackermann_msgs__py
[3.528s] [35m[1mConsolidate compiler generated dependencies of target ackermann_msgs__rosidl_generator_py[0m
[3.612s] [ 84%] Built target ackermann_msgs__rosidl_generator_py
[3.673s] [35m[1mConsolidate compiler generated dependencies of target ackermann_msgs__rosidl_typesupport_fastrtps_c__pyext[0m
[3.784s] [ 89%] Built target ackermann_msgs__rosidl_typesupport_fastrtps_c__pyext
[3.859s] [35m[1mConsolidate compiler generated dependencies of target ackermann_msgs__rosidl_typesupport_c__pyext[0m
[3.904s] [ 94%] Built target ackermann_msgs__rosidl_typesupport_c__pyext
[3.972s] [35m[1mConsolidate compiler generated dependencies of target ackermann_msgs__rosidl_typesupport_introspection_c__pyext[0m
[4.014s] [100%] Built target ackermann_msgs__rosidl_typesupport_introspection_c__pyext
[4.045s] Invoked command in '/home/wheeltec/wheeltec_robot/build/ackermann_msgs' returned '0': CMAKE_PREFIX_PATH=${CMAKE_PREFIX_PATH}:/opt/ros/humble /usr/bin/cmake --build /home/wheeltec/wheeltec_robot/build/ackermann_msgs -- -j8 -l8
[4.046s] Invoking command in '/home/wheeltec/wheeltec_robot/build/ackermann_msgs': CMAKE_PREFIX_PATH=${CMAKE_PREFIX_PATH}:/opt/ros/humble /usr/bin/cmake --install /home/wheeltec/wheeltec_robot/build/ackermann_msgs
[4.100s] -- Install configuration: ""
[4.101s] -- Execute custom install script
[4.101s] -- Up-to-date symlink: /home/wheeltec/wheeltec_robot/install/ackermann_msgs/share/ament_index/resource_index/rosidl_interfaces/ackermann_msgs
[4.101s] -- Up-to-date symlink: /home/wheeltec/wheeltec_robot/install/ackermann_msgs/include/ackermann_msgs/ackermann_msgs/msg/ackermann_drive.h
[4.101s] -- Up-to-date symlink: /home/wheeltec/wheeltec_robot/install/ackermann_msgs/include/ackermann_msgs/ackermann_msgs/msg/ackermann_drive_stamped.h
[4.101s] -- Up-to-date symlink: /home/wheeltec/wheeltec_robot/install/ackermann_msgs/include/ackermann_msgs/ackermann_msgs/msg/detail/ackermann_drive__functions.h
[4.101s] -- Up-to-date symlink: /home/wheeltec/wheeltec_robot/install/ackermann_msgs/include/ackermann_msgs/ackermann_msgs/msg/detail/ackermann_drive__struct.h
[4.101s] -- Up-to-date symlink: /home/wheeltec/wheeltec_robot/install/ackermann_msgs/include/ackermann_msgs/ackermann_msgs/msg/detail/ackermann_drive__type_support.h
[4.102s] -- Up-to-date symlink: /home/wheeltec/wheeltec_robot/install/ackermann_msgs/include/ackermann_msgs/ackermann_msgs/msg/detail/ackermann_drive_stamped__functions.h
[4.102s] -- Up-to-date symlink: /home/wheeltec/wheeltec_robot/install/ackermann_msgs/include/ackermann_msgs/ackermann_msgs/msg/detail/ackermann_drive_stamped__struct.h
[4.102s] -- Up-to-date symlink: /home/wheeltec/wheeltec_robot/install/ackermann_msgs/include/ackermann_msgs/ackermann_msgs/msg/detail/ackermann_drive_stamped__type_support.h
[4.102s] -- Up-to-date symlink: /home/wheeltec/wheeltec_robot/install/ackermann_msgs/include/ackermann_msgs/ackermann_msgs/msg/rosidl_generator_c__visibility_control.h
[4.102s] -- Up-to-date symlink: /home/wheeltec/wheeltec_robot/install/ackermann_msgs/share/ackermann_msgs/environment/library_path.sh
[4.102s] -- Up-to-date symlink: /home/wheeltec/wheeltec_robot/install/ackermann_msgs/share/ackermann_msgs/environment/library_path.dsv
[4.102s] -- Up-to-date symlink: /home/wheeltec/wheeltec_robot/install/ackermann_msgs/include/ackermann_msgs/ackermann_msgs/msg/detail/ackermann_drive__rosidl_typesupport_fastrtps_c.h
[4.102s] -- Up-to-date symlink: /home/wheeltec/wheeltec_robot/install/ackermann_msgs/include/ackermann_msgs/ackermann_msgs/msg/detail/ackermann_drive_stamped__rosidl_typesupport_fastrtps_c.h
[4.103s] -- Up-to-date symlink: /home/wheeltec/wheeltec_robot/install/ackermann_msgs/include/ackermann_msgs/ackermann_msgs/msg/rosidl_typesupport_fastrtps_c__visibility_control.h
[4.103s] -- Up-to-date symlink: /home/wheeltec/wheeltec_robot/install/ackermann_msgs/include/ackermann_msgs/ackermann_msgs/msg/detail/ackermann_drive__rosidl_typesupport_introspection_c.h
[4.103s] -- Up-to-date symlink: /home/wheeltec/wheeltec_robot/install/ackermann_msgs/include/ackermann_msgs/ackermann_msgs/msg/detail/ackermann_drive_stamped__rosidl_typesupport_introspection_c.h
[4.103s] -- Up-to-date symlink: /home/wheeltec/wheeltec_robot/install/ackermann_msgs/include/ackermann_msgs/ackermann_msgs/msg/rosidl_typesupport_introspection_c__visibility_control.h
[4.103s] -- Up-to-date symlink: /home/wheeltec/wheeltec_robot/install/ackermann_msgs/include/ackermann_msgs/ackermann_msgs/msg/ackermann_drive.hpp
[4.103s] -- Up-to-date symlink: /home/wheeltec/wheeltec_robot/install/ackermann_msgs/include/ackermann_msgs/ackermann_msgs/msg/ackermann_drive_stamped.hpp
[4.103s] -- Up-to-date symlink: /home/wheeltec/wheeltec_robot/install/ackermann_msgs/include/ackermann_msgs/ackermann_msgs/msg/detail/ackermann_drive__builder.hpp
[4.103s] -- Up-to-date symlink: /home/wheeltec/wheeltec_robot/install/ackermann_msgs/include/ackermann_msgs/ackermann_msgs/msg/detail/ackermann_drive__struct.hpp
[4.103s] -- Up-to-date symlink: /home/wheeltec/wheeltec_robot/install/ackermann_msgs/include/ackermann_msgs/ackermann_msgs/msg/detail/ackermann_drive__traits.hpp
[4.103s] -- Up-to-date symlink: /home/wheeltec/wheeltec_robot/install/ackermann_msgs/include/ackermann_msgs/ackermann_msgs/msg/detail/ackermann_drive__type_support.hpp
[4.104s] -- Up-to-date symlink: /home/wheeltec/wheeltec_robot/install/ackermann_msgs/include/ackermann_msgs/ackermann_msgs/msg/detail/ackermann_drive_stamped__builder.hpp
[4.104s] -- Up-to-date symlink: /home/wheeltec/wheeltec_robot/install/ackermann_msgs/include/ackermann_msgs/ackermann_msgs/msg/detail/ackermann_drive_stamped__struct.hpp
[4.105s] -- Up-to-date symlink: /home/wheeltec/wheeltec_robot/install/ackermann_msgs/include/ackermann_msgs/ackermann_msgs/msg/detail/ackermann_drive_stamped__traits.hpp
[4.105s] -- Up-to-date symlink: /home/wheeltec/wheeltec_robot/install/ackermann_msgs/include/ackermann_msgs/ackermann_msgs/msg/detail/ackermann_drive_stamped__type_support.hpp
[4.106s] -- Up-to-date symlink: /home/wheeltec/wheeltec_robot/install/ackermann_msgs/include/ackermann_msgs/ackermann_msgs/msg/rosidl_generator_cpp__visibility_control.hpp
[4.106s] -- Up-to-date symlink: /home/wheeltec/wheeltec_robot/install/ackermann_msgs/include/ackermann_msgs/ackermann_msgs/msg/detail/ackermann_drive__rosidl_typesupport_fastrtps_cpp.hpp
[4.106s] -- Up-to-date symlink: /home/wheeltec/wheeltec_robot/install/ackermann_msgs/include/ackermann_msgs/ackermann_msgs/msg/detail/ackermann_drive_stamped__rosidl_typesupport_fastrtps_cpp.hpp
[4.106s] -- Up-to-date symlink: /home/wheeltec/wheeltec_robot/install/ackermann_msgs/include/ackermann_msgs/ackermann_msgs/msg/rosidl_typesupport_fastrtps_cpp__visibility_control.h
[4.106s] -- Up-to-date symlink: /home/wheeltec/wheeltec_robot/install/ackermann_msgs/include/ackermann_msgs/ackermann_msgs/msg/detail/ackermann_drive__rosidl_typesupport_introspection_cpp.hpp
[4.106s] -- Up-to-date symlink: /home/wheeltec/wheeltec_robot/install/ackermann_msgs/include/ackermann_msgs/ackermann_msgs/msg/detail/ackermann_drive_stamped__rosidl_typesupport_introspection_cpp.hpp
[4.106s] -- Up-to-date symlink: /home/wheeltec/wheeltec_robot/install/ackermann_msgs/share/ackermann_msgs/environment/pythonpath.sh
[4.106s] -- Up-to-date symlink: /home/wheeltec/wheeltec_robot/install/ackermann_msgs/share/ackermann_msgs/environment/pythonpath.dsv
[4.107s] -- Up-to-date symlink: /home/wheeltec/wheeltec_robot/install/ackermann_msgs/local/lib/python3.10/dist-packages/ackermann_msgs-2.0.2-py3.10.egg-info/PKG-INFO
[4.107s] -- Up-to-date symlink: /home/wheeltec/wheeltec_robot/install/ackermann_msgs/local/lib/python3.10/dist-packages/ackermann_msgs-2.0.2-py3.10.egg-info/SOURCES.txt
[4.107s] -- Up-to-date symlink: /home/wheeltec/wheeltec_robot/install/ackermann_msgs/local/lib/python3.10/dist-packages/ackermann_msgs-2.0.2-py3.10.egg-info/dependency_links.txt
[4.107s] -- Up-to-date symlink: /home/wheeltec/wheeltec_robot/install/ackermann_msgs/local/lib/python3.10/dist-packages/ackermann_msgs-2.0.2-py3.10.egg-info/top_level.txt
[4.107s] -- Up-to-date symlink: /home/wheeltec/wheeltec_robot/install/ackermann_msgs/local/lib/python3.10/dist-packages/ackermann_msgs/__init__.py
[4.107s] -- Up-to-date symlink: /home/wheeltec/wheeltec_robot/install/ackermann_msgs/local/lib/python3.10/dist-packages/ackermann_msgs/_ackermann_msgs_s.ep.rosidl_typesupport_c.c
[4.107s] -- Up-to-date symlink: /home/wheeltec/wheeltec_robot/install/ackermann_msgs/local/lib/python3.10/dist-packages/ackermann_msgs/_ackermann_msgs_s.ep.rosidl_typesupport_fastrtps_c.c
[4.107s] -- Up-to-date symlink: /home/wheeltec/wheeltec_robot/install/ackermann_msgs/local/lib/python3.10/dist-packages/ackermann_msgs/_ackermann_msgs_s.ep.rosidl_typesupport_introspection_c.c
[4.108s] -- Up-to-date symlink: /home/wheeltec/wheeltec_robot/install/ackermann_msgs/local/lib/python3.10/dist-packages/ackermann_msgs/ackermann_msgs_s__rosidl_typesupport_c.cpython-310-aarch64-linux-gnu.so
[4.108s] -- Up-to-date symlink: /home/wheeltec/wheeltec_robot/install/ackermann_msgs/local/lib/python3.10/dist-packages/ackermann_msgs/ackermann_msgs_s__rosidl_typesupport_fastrtps_c.cpython-310-aarch64-linux-gnu.so
[4.108s] -- Up-to-date symlink: /home/wheeltec/wheeltec_robot/install/ackermann_msgs/local/lib/python3.10/dist-packages/ackermann_msgs/ackermann_msgs_s__rosidl_typesupport_introspection_c.cpython-310-aarch64-linux-gnu.so
[4.108s] -- Up-to-date symlink: /home/wheeltec/wheeltec_robot/install/ackermann_msgs/local/lib/python3.10/dist-packages/ackermann_msgs/libackermann_msgs__rosidl_generator_py.so
[4.108s] -- Up-to-date symlink: /home/wheeltec/wheeltec_robot/install/ackermann_msgs/local/lib/python3.10/dist-packages/ackermann_msgs/msg/__init__.py
[4.108s] -- Up-to-date symlink: /home/wheeltec/wheeltec_robot/install/ackermann_msgs/local/lib/python3.10/dist-packages/ackermann_msgs/msg/_ackermann_drive.py
[4.108s] -- Up-to-date symlink: /home/wheeltec/wheeltec_robot/install/ackermann_msgs/local/lib/python3.10/dist-packages/ackermann_msgs/msg/_ackermann_drive_s.c
[4.108s] -- Up-to-date symlink: /home/wheeltec/wheeltec_robot/install/ackermann_msgs/local/lib/python3.10/dist-packages/ackermann_msgs/msg/_ackermann_drive_stamped.py
[4.108s] -- Up-to-date symlink: /home/wheeltec/wheeltec_robot/install/ackermann_msgs/local/lib/python3.10/dist-packages/ackermann_msgs/msg/_ackermann_drive_stamped_s.c
[4.108s] -- Up-to-date symlink: /home/wheeltec/wheeltec_robot/install/ackermann_msgs/local/lib/python3.10/dist-packages/ackermann_msgs/ackermann_msgs_s__rosidl_typesupport_fastrtps_c.cpython-310-aarch64-linux-gnu.so
[4.109s] -- Up-to-date symlink: /home/wheeltec/wheeltec_robot/install/ackermann_msgs/local/lib/python3.10/dist-packages/ackermann_msgs/ackermann_msgs_s__rosidl_typesupport_introspection_c.cpython-310-aarch64-linux-gnu.so
[4.110s] -- Up-to-date symlink: /home/wheeltec/wheeltec_robot/install/ackermann_msgs/local/lib/python3.10/dist-packages/ackermann_msgs/ackermann_msgs_s__rosidl_typesupport_c.cpython-310-aarch64-linux-gnu.so
[4.110s] -- Up-to-date symlink: /home/wheeltec/wheeltec_robot/install/ackermann_msgs/share/ackermann_msgs/msg/AckermannDrive.idl
[4.111s] -- Up-to-date symlink: /home/wheeltec/wheeltec_robot/install/ackermann_msgs/share/ackermann_msgs/msg/AckermannDriveStamped.idl
[4.111s] -- Up-to-date symlink: /home/wheeltec/wheeltec_robot/install/ackermann_msgs/share/ackermann_msgs/msg/AckermannDrive.msg
[4.111s] -- Up-to-date symlink: /home/wheeltec/wheeltec_robot/install/ackermann_msgs/share/ackermann_msgs/msg/AckermannDriveStamped.msg
[4.111s] -- Up-to-date symlink: /home/wheeltec/wheeltec_robot/install/ackermann_msgs/share/ament_index/resource_index/package_run_dependencies/ackermann_msgs
[4.112s] -- Up-to-date symlink: /home/wheeltec/wheeltec_robot/install/ackermann_msgs/share/ament_index/resource_index/parent_prefix_path/ackermann_msgs
[4.112s] -- Up-to-date symlink: /home/wheeltec/wheeltec_robot/install/ackermann_msgs/share/ackermann_msgs/environment/ament_prefix_path.sh
[4.112s] -- Up-to-date symlink: /home/wheeltec/wheeltec_robot/install/ackermann_msgs/share/ackermann_msgs/environment/ament_prefix_path.dsv
[4.112s] -- Up-to-date symlink: /home/wheeltec/wheeltec_robot/install/ackermann_msgs/share/ackermann_msgs/environment/path.sh
[4.113s] -- Up-to-date symlink: /home/wheeltec/wheeltec_robot/install/ackermann_msgs/share/ackermann_msgs/environment/path.dsv
[4.113s] -- Up-to-date symlink: /home/wheeltec/wheeltec_robot/install/ackermann_msgs/share/ackermann_msgs/local_setup.bash
[4.119s] -- Up-to-date symlink: /home/wheeltec/wheeltec_robot/install/ackermann_msgs/share/ackermann_msgs/local_setup.sh
[4.119s] -- Up-to-date symlink: /home/wheeltec/wheeltec_robot/install/ackermann_msgs/share/ackermann_msgs/local_setup.zsh
[4.120s] -- Up-to-date symlink: /home/wheeltec/wheeltec_robot/install/ackermann_msgs/share/ackermann_msgs/local_setup.dsv
[4.120s] -- Symlinking: /home/wheeltec/wheeltec_robot/install/ackermann_msgs/share/ackermann_msgs/package.dsv
[4.170s] -- Up-to-date symlink: /home/wheeltec/wheeltec_robot/install/ackermann_msgs/share/ament_index/resource_index/packages/ackermann_msgs
[4.170s] -- Up-to-date symlink: /home/wheeltec/wheeltec_robot/install/ackermann_msgs/share/ackermann_msgs/cmake/rosidl_cmake-extras.cmake
[4.171s] -- Up-to-date symlink: /home/wheeltec/wheeltec_robot/install/ackermann_msgs/share/ackermann_msgs/cmake/ament_cmake_export_dependencies-extras.cmake
[4.171s] -- Up-to-date symlink: /home/wheeltec/wheeltec_robot/install/ackermann_msgs/share/ackermann_msgs/cmake/ament_cmake_export_include_directories-extras.cmake
[4.172s] -- Up-to-date symlink: /home/wheeltec/wheeltec_robot/install/ackermann_msgs/share/ackermann_msgs/cmake/ament_cmake_export_libraries-extras.cmake
[4.172s] -- Up-to-date symlink: /home/wheeltec/wheeltec_robot/install/ackermann_msgs/share/ackermann_msgs/cmake/ament_cmake_export_targets-extras.cmake
[4.172s] -- Up-to-date symlink: /home/wheeltec/wheeltec_robot/install/ackermann_msgs/share/ackermann_msgs/cmake/rosidl_cmake_export_typesupport_targets-extras.cmake
[4.172s] -- Up-to-date symlink: /home/wheeltec/wheeltec_robot/install/ackermann_msgs/share/ackermann_msgs/cmake/rosidl_cmake_export_typesupport_libraries-extras.cmake
[4.172s] -- Up-to-date symlink: /home/wheeltec/wheeltec_robot/install/ackermann_msgs/share/ackermann_msgs/cmake/ackermann_msgsConfig.cmake
[4.173s] -- Up-to-date symlink: /home/wheeltec/wheeltec_robot/install/ackermann_msgs/share/ackermann_msgs/cmake/ackermann_msgsConfig-version.cmake
[4.173s] -- Up-to-date symlink: /home/wheeltec/wheeltec_robot/install/ackermann_msgs/share/ackermann_msgs/package.xml
[4.173s] -- Up-to-date: /home/wheeltec/wheeltec_robot/install/ackermann_msgs/lib/libackermann_msgs__rosidl_generator_c.so
[4.174s] -- Up-to-date: /home/wheeltec/wheeltec_robot/install/ackermann_msgs/lib/libackermann_msgs__rosidl_typesupport_fastrtps_c.so
[4.174s] -- Up-to-date: /home/wheeltec/wheeltec_robot/install/ackermann_msgs/lib/libackermann_msgs__rosidl_typesupport_introspection_c.so
[4.174s] -- Up-to-date: /home/wheeltec/wheeltec_robot/install/ackermann_msgs/lib/libackermann_msgs__rosidl_typesupport_c.so
[4.175s] -- Up-to-date: /home/wheeltec/wheeltec_robot/install/ackermann_msgs/lib/libackermann_msgs__rosidl_typesupport_fastrtps_cpp.so
[4.175s] -- Up-to-date: /home/wheeltec/wheeltec_robot/install/ackermann_msgs/lib/libackermann_msgs__rosidl_typesupport_introspection_cpp.so
[4.175s] -- Up-to-date: /home/wheeltec/wheeltec_robot/install/ackermann_msgs/lib/libackermann_msgs__rosidl_typesupport_cpp.so
[4.298s] Listing '/home/wheeltec/wheeltec_robot/install/ackermann_msgs/local/lib/python3.10/dist-packages/ackermann_msgs'...
[4.298s] Listing '/home/wheeltec/wheeltec_robot/install/ackermann_msgs/local/lib/python3.10/dist-packages/ackermann_msgs/msg'...
[4.321s] -- Up-to-date: /home/wheeltec/wheeltec_robot/install/ackermann_msgs/lib/libackermann_msgs__rosidl_generator_py.so
[4.322s] -- Up-to-date: /home/wheeltec/wheeltec_robot/install/ackermann_msgs/share/ackermann_msgs/cmake/export_ackermann_msgs__rosidl_generator_cExport.cmake
[4.323s] -- Up-to-date: /home/wheeltec/wheeltec_robot/install/ackermann_msgs/share/ackermann_msgs/cmake/export_ackermann_msgs__rosidl_generator_cExport-noconfig.cmake
[4.324s] -- Up-to-date: /home/wheeltec/wheeltec_robot/install/ackermann_msgs/share/ackermann_msgs/cmake/export_ackermann_msgs__rosidl_typesupport_fastrtps_cExport.cmake
[4.325s] -- Up-to-date: /home/wheeltec/wheeltec_robot/install/ackermann_msgs/share/ackermann_msgs/cmake/export_ackermann_msgs__rosidl_typesupport_fastrtps_cExport-noconfig.cmake
[4.326s] -- Up-to-date: /home/wheeltec/wheeltec_robot/install/ackermann_msgs/share/ackermann_msgs/cmake/ackermann_msgs__rosidl_typesupport_introspection_cExport.cmake
[4.329s] -- Up-to-date: /home/wheeltec/wheeltec_robot/install/ackermann_msgs/share/ackermann_msgs/cmake/ackermann_msgs__rosidl_typesupport_introspection_cExport-noconfig.cmake
[4.330s] -- Up-to-date: /home/wheeltec/wheeltec_robot/install/ackermann_msgs/share/ackermann_msgs/cmake/ackermann_msgs__rosidl_typesupport_cExport.cmake
[4.330s] -- Up-to-date: /home/wheeltec/wheeltec_robot/install/ackermann_msgs/share/ackermann_msgs/cmake/ackermann_msgs__rosidl_typesupport_cExport-noconfig.cmake
[4.330s] -- Up-to-date: /home/wheeltec/wheeltec_robot/install/ackermann_msgs/share/ackermann_msgs/cmake/export_ackermann_msgs__rosidl_generator_cppExport.cmake
[4.330s] -- Up-to-date: /home/wheeltec/wheeltec_robot/install/ackermann_msgs/share/ackermann_msgs/cmake/export_ackermann_msgs__rosidl_typesupport_fastrtps_cppExport.cmake
[4.330s] -- Up-to-date: /home/wheeltec/wheeltec_robot/install/ackermann_msgs/share/ackermann_msgs/cmake/export_ackermann_msgs__rosidl_typesupport_fastrtps_cppExport-noconfig.cmake
[4.330s] -- Up-to-date: /home/wheeltec/wheeltec_robot/install/ackermann_msgs/share/ackermann_msgs/cmake/ackermann_msgs__rosidl_typesupport_introspection_cppExport.cmake
[4.331s] -- Up-to-date: /home/wheeltec/wheeltec_robot/install/ackermann_msgs/share/ackermann_msgs/cmake/ackermann_msgs__rosidl_typesupport_introspection_cppExport-noconfig.cmake
[4.332s] -- Up-to-date: /home/wheeltec/wheeltec_robot/install/ackermann_msgs/share/ackermann_msgs/cmake/ackermann_msgs__rosidl_typesupport_cppExport.cmake
[4.332s] -- Up-to-date: /home/wheeltec/wheeltec_robot/install/ackermann_msgs/share/ackermann_msgs/cmake/ackermann_msgs__rosidl_typesupport_cppExport-noconfig.cmake
[4.332s] -- Up-to-date: /home/wheeltec/wheeltec_robot/install/ackermann_msgs/share/ackermann_msgs/cmake/export_ackermann_msgs__rosidl_generator_pyExport.cmake
[4.333s] -- Up-to-date: /home/wheeltec/wheeltec_robot/install/ackermann_msgs/share/ackermann_msgs/cmake/export_ackermann_msgs__rosidl_generator_pyExport-noconfig.cmake
[4.372s] Invoked command in '/home/wheeltec/wheeltec_robot/build/ackermann_msgs' returned '0': CMAKE_PREFIX_PATH=${CMAKE_PREFIX_PATH}:/opt/ros/humble /usr/bin/cmake --install /home/wheeltec/wheeltec_robot/build/ackermann_msgs
