-- The C compiler identification is GNU 11.4.0
-- The CXX compiler identification is GNU 11.4.0
-- Detecting C compiler ABI info
-- Detecting C compiler ABI info - done
-- Check for working C compiler: /usr/bin/cc - skipped
-- Detecting C compile features
-- Detecting C compile features - done
-- Detecting CXX compiler ABI info
-- Detecting CXX compiler ABI info - done
-- Check for working CXX compiler: /usr/bin/c++ - skipped
-- Detecting CXX compile features
-- Detecting CXX compile features - done
-- Found ament_cmake: 1.3.12 (/opt/ros/humble/share/ament_cmake/cmake)
-- Found Python3: /usr/bin/python3 (found version "3.10.12") found components: Interpreter 
-- Override CMake install command with custom implementation using symlinks instead of copying resources
-- Found geometry_msgs: 4.9.0 (/opt/ros/humble/share/geometry_msgs/cmake)
-- Found rosidl_generator_c: 3.1.7 (/opt/ros/humble/share/rosidl_generator_c/cmake)
-- Found rosidl_adapter: 3.1.7 (/opt/ros/humble/share/rosidl_adapter/cmake)
-- Found rosidl_generator_cpp: 3.1.7 (/opt/ros/humble/share/rosidl_generator_cpp/cmake)
-- Using all available rosidl_typesupport_c: rosidl_typesupport_fastrtps_c;rosidl_typesupport_introspection_c
-- Using all available rosidl_typesupport_cpp: rosidl_typesupport_fastrtps_cpp;rosidl_typesupport_introspection_cpp
-- Found tf2_geometry_msgs: 0.25.15 (/opt/ros/humble/share/tf2_geometry_msgs/cmake)
-- Found eigen3_cmake_module: 0.1.1 (/opt/ros/humble/share/eigen3_cmake_module/cmake)
-- Found Eigen3: TRUE (found version "3.4.0") 
-- Ensuring Eigen3 include directory is part of orocos-kdl CMake target
-- Found rmw_implementation_cmake: 6.1.2 (/opt/ros/humble/share/rmw_implementation_cmake/cmake)
-- Found rmw_fastrtps_cpp: 6.2.8 (/opt/ros/humble/share/rmw_fastrtps_cpp/cmake)
-- Found OpenSSL: /usr/lib/aarch64-linux-gnu/libcrypto.so (found version "3.0.2")  
-- Found FastRTPS: /opt/ros/humble/include  
-- Using RMW implementation 'rmw_fastrtps_cpp' as default
-- Looking for pthread.h
-- Looking for pthread.h - found
-- Performing Test CMAKE_HAVE_LIBC_PTHREAD
-- Performing Test CMAKE_HAVE_LIBC_PTHREAD - Success
-- Found Threads: TRUE  
-- Found nav2_msgs: 1.1.6 (/home/wheeltec/wheeltec_robot/src/install/nav2_msgs/share/nav2_msgs/cmake)
-- Found rclpy: 3.3.17 (/opt/ros/humble/share/rclpy/cmake)
-- Found sensor_msgs: 4.9.0 (/opt/ros/humble/share/sensor_msgs/cmake)
-- Found std_srvs: 4.9.0 (/opt/ros/humble/share/std_srvs/cmake)
-- Found ament_lint_auto: 0.12.14 (/opt/ros/humble/share/ament_lint_auto/cmake)
-- Added test 'copyright' to check source files copyright and LICENSE
-- Added test 'cppcheck' to perform static code analysis on C / C++ code
-- Configured cppcheck include dirs: /home/wheeltec/wheeltec_robot/src/wheeltec_path_follow/include
-- Configured cppcheck exclude dirs and/or files: 
-- Added test 'cpplint' to check C / C++ code against the Google style
-- Configured cpplint exclude dirs and/or files: 
-- Added test 'flake8' to check Python code syntax and style conventions
-- Added test 'lint_cmake' to check CMake code style
-- Added test 'pep257' to check Python code against some of the docstring style conventions in PEP 257
-- Added test 'uncrustify' to check C / C++ code style
-- Configured uncrustify additional arguments: 
-- Added test 'xmllint' to check XML markup files
-- Configuring done
-- Generating done
-- Build files have been written to: /home/wheeltec/wheeltec_robot/src/build/wheeltec_path_follow
[ 50%] [32mBuilding CXX object CMakeFiles/save_path.dir/src/save_path.cpp.o[0m
In file included from [01m[K/home/wheeltec/wheeltec_robot/src/wheeltec_path_follow/src/save_path.cpp:12[m[K:
[01m[K/opt/ros/humble/include/tf2_geometry_msgs/tf2_geometry_msgs/tf2_geometry_msgs.h:35:2:[m[K [01;35m[Kwarning: [m[K#warning This header is obsolete, please include tf2_geometry_msgs/tf2_geometry_msgs.hpp instead [[01;35m[K]8;;https://gcc.gnu.org/onlinedocs/gcc/Warning-Options.html#index-Wcpp-Wcpp]8;;[m[K]
   35 | #[01;35m[Kwarning[m[K This header is obsolete, please include tf2_geometry_msgs/tf2_geometry_msgs.hpp instead
      |  [01;35m[K^~~~~~~[m[K
[100%] [32m[1mLinking CXX executable save_path[0m
[100%] Built target save_path
-- Install configuration: ""
-- Execute custom install script
-- Symlinking: /home/wheeltec/wheeltec_robot/src/install/wheeltec_path_follow/lib/wheeltec_path_follow/save_path
-- Symlinking: /home/wheeltec/wheeltec_robot/src/install/wheeltec_path_follow/share/wheeltec_path_follow/launch/follow_path.launch.py
-- Symlinking: /home/wheeltec/wheeltec_robot/src/install/wheeltec_path_follow/share/wheeltec_path_follow/launch/save_path.launch.py
-- Symlinking: /home/wheeltec/wheeltec_robot/src/install/wheeltec_path_follow/share/wheeltec_path_follow/path/wheeltec_path
-- Symlinking: /home/wheeltec/wheeltec_robot/src/install/wheeltec_path_follow/lib/wheeltec_path_follow/follow_path.py
-- Symlinking: /home/wheeltec/wheeltec_robot/src/install/wheeltec_path_follow/share/ament_index/resource_index/package_run_dependencies/wheeltec_path_follow
-- Symlinking: /home/wheeltec/wheeltec_robot/src/install/wheeltec_path_follow/share/ament_index/resource_index/parent_prefix_path/wheeltec_path_follow
-- Symlinking: /home/wheeltec/wheeltec_robot/src/install/wheeltec_path_follow/share/wheeltec_path_follow/environment/ament_prefix_path.sh
-- Symlinking: /home/wheeltec/wheeltec_robot/src/install/wheeltec_path_follow/share/wheeltec_path_follow/environment/ament_prefix_path.dsv
-- Symlinking: /home/wheeltec/wheeltec_robot/src/install/wheeltec_path_follow/share/wheeltec_path_follow/environment/path.sh
-- Symlinking: /home/wheeltec/wheeltec_robot/src/install/wheeltec_path_follow/share/wheeltec_path_follow/environment/path.dsv
-- Symlinking: /home/wheeltec/wheeltec_robot/src/install/wheeltec_path_follow/share/wheeltec_path_follow/local_setup.bash
-- Symlinking: /home/wheeltec/wheeltec_robot/src/install/wheeltec_path_follow/share/wheeltec_path_follow/local_setup.sh
-- Symlinking: /home/wheeltec/wheeltec_robot/src/install/wheeltec_path_follow/share/wheeltec_path_follow/local_setup.zsh
-- Symlinking: /home/wheeltec/wheeltec_robot/src/install/wheeltec_path_follow/share/wheeltec_path_follow/local_setup.dsv
-- Symlinking: /home/wheeltec/wheeltec_robot/src/install/wheeltec_path_follow/share/wheeltec_path_follow/package.dsv
-- Symlinking: /home/wheeltec/wheeltec_robot/src/install/wheeltec_path_follow/share/ament_index/resource_index/packages/wheeltec_path_follow
-- Symlinking: /home/wheeltec/wheeltec_robot/src/install/wheeltec_path_follow/share/wheeltec_path_follow/cmake/wheeltec_path_followConfig.cmake
-- Symlinking: /home/wheeltec/wheeltec_robot/src/install/wheeltec_path_follow/share/wheeltec_path_follow/cmake/wheeltec_path_followConfig-version.cmake
-- Symlinking: /home/wheeltec/wheeltec_robot/src/install/wheeltec_path_follow/share/wheeltec_path_follow/package.xml
