[0.143s] Invoking command in '/home/wheeltec/wheeltec_robot/build/aruco': CMAKE_PREFIX_PATH=${CMAKE_PREFIX_PATH}:/opt/ros/humble /usr/bin/cmake --build /home/wheeltec/wheeltec_robot/build/aruco -- -j8 -l8
[0.520s] [100%] Built target aruco
[0.606s] Invoked command in '/home/wheeltec/wheeltec_robot/build/aruco' returned '0': CMAKE_PREFIX_PATH=${CMAKE_PREFIX_PATH}:/opt/ros/humble /usr/bin/cmake --build /home/wheeltec/wheeltec_robot/build/aruco -- -j8 -l8
[0.606s] Invoking command in '/home/wheeltec/wheeltec_robot/build/aruco': CMAKE_PREFIX_PATH=${CMAKE_PREFIX_PATH}:/opt/ros/humble /usr/bin/cmake --install /home/wheeltec/wheeltec_robot/build/aruco
[0.633s] -- Install configuration: ""
[0.635s] -- Execute custom install script
[0.635s] -- Up-to-date symlink: /home/wheeltec/wheeltec_robot/install/aruco/lib/libaruco.so
[0.637s] -- Up-to-date symlink: /home/wheeltec/wheeltec_robot/install/aruco/include/aruco/aruco.h
[0.644s] -- Up-to-date symlink: /home/wheeltec/wheeltec_robot/install/aruco/include/aruco/aruco_cvversioning.h
[0.644s] -- Up-to-date symlink: /home/wheeltec/wheeltec_robot/install/aruco/include/aruco/aruco_export.h
[0.644s] -- Up-to-date symlink: /home/wheeltec/wheeltec_robot/install/aruco/include/aruco/cameraparameters.h
[0.644s] -- Up-to-date symlink: /home/wheeltec/wheeltec_robot/install/aruco/include/aruco/cvdrawingutils.h
[0.644s] -- Up-to-date symlink: /home/wheeltec/wheeltec_robot/install/aruco/include/aruco/debug.h
[0.644s] -- Up-to-date symlink: /home/wheeltec/wheeltec_robot/install/aruco/include/aruco/dictionary.h
[0.644s] -- Up-to-date symlink: /home/wheeltec/wheeltec_robot/install/aruco/include/aruco/dictionary_based.h
[0.644s] -- Up-to-date symlink: /home/wheeltec/wheeltec_robot/install/aruco/include/aruco/fractaldetector.h
[0.645s] -- Up-to-date symlink: /home/wheeltec/wheeltec_robot/install/aruco/include/aruco/fractallabelers/fractallabeler.h
[0.645s] -- Up-to-date symlink: /home/wheeltec/wheeltec_robot/install/aruco/include/aruco/fractallabelers/fractalmarker.h
[0.645s] -- Up-to-date symlink: /home/wheeltec/wheeltec_robot/install/aruco/include/aruco/fractallabelers/fractalmarkerset.h
[0.645s] -- Up-to-date symlink: /home/wheeltec/wheeltec_robot/install/aruco/include/aruco/fractallabelers/fractalposetracker.h
[0.645s] -- Up-to-date symlink: /home/wheeltec/wheeltec_robot/install/aruco/include/aruco/ippe.h
[0.645s] -- Up-to-date symlink: /home/wheeltec/wheeltec_robot/install/aruco/include/aruco/levmarq.h
[0.645s] -- Up-to-date symlink: /home/wheeltec/wheeltec_robot/install/aruco/include/aruco/marker.h
[0.645s] -- Up-to-date symlink: /home/wheeltec/wheeltec_robot/install/aruco/include/aruco/markerdetector.h
[0.645s] -- Up-to-date symlink: /home/wheeltec/wheeltec_robot/install/aruco/include/aruco/markerdetector_impl.h
[0.645s] -- Up-to-date symlink: /home/wheeltec/wheeltec_robot/install/aruco/include/aruco/markerlabeler.h
[0.646s] -- Up-to-date symlink: /home/wheeltec/wheeltec_robot/install/aruco/include/aruco/markermap.h
[0.646s] -- Up-to-date symlink: /home/wheeltec/wheeltec_robot/install/aruco/include/aruco/picoflann.h
[0.646s] -- Up-to-date symlink: /home/wheeltec/wheeltec_robot/install/aruco/include/aruco/posetracker.h
[0.646s] -- Up-to-date symlink: /home/wheeltec/wheeltec_robot/install/aruco/include/aruco/timers.h
[0.646s] -- Up-to-date symlink: /home/wheeltec/wheeltec_robot/install/aruco/share/aruco/environment/library_path.sh
[0.646s] -- Up-to-date symlink: /home/wheeltec/wheeltec_robot/install/aruco/share/aruco/environment/library_path.dsv
[0.646s] -- Up-to-date symlink: /home/wheeltec/wheeltec_robot/install/aruco/share/ament_index/resource_index/package_run_dependencies/aruco
[0.646s] -- Up-to-date symlink: /home/wheeltec/wheeltec_robot/install/aruco/share/ament_index/resource_index/parent_prefix_path/aruco
[0.646s] -- Up-to-date symlink: /home/wheeltec/wheeltec_robot/install/aruco/share/aruco/environment/ament_prefix_path.sh
[0.646s] -- Up-to-date symlink: /home/wheeltec/wheeltec_robot/install/aruco/share/aruco/environment/ament_prefix_path.dsv
[0.658s] -- Up-to-date symlink: /home/wheeltec/wheeltec_robot/install/aruco/share/aruco/environment/path.sh
[0.659s] -- Up-to-date symlink: /home/wheeltec/wheeltec_robot/install/aruco/share/aruco/environment/path.dsv
[0.659s] -- Up-to-date symlink: /home/wheeltec/wheeltec_robot/install/aruco/share/aruco/local_setup.bash
[0.663s] -- Up-to-date symlink: /home/wheeltec/wheeltec_robot/install/aruco/share/aruco/local_setup.sh
[0.663s] -- Up-to-date symlink: /home/wheeltec/wheeltec_robot/install/aruco/share/aruco/local_setup.zsh
[0.666s] -- Up-to-date symlink: /home/wheeltec/wheeltec_robot/install/aruco/share/aruco/local_setup.dsv
[0.666s] -- Symlinking: /home/wheeltec/wheeltec_robot/install/aruco/share/aruco/package.dsv
[0.706s] -- Up-to-date symlink: /home/wheeltec/wheeltec_robot/install/aruco/share/ament_index/resource_index/packages/aruco
[0.706s] -- Up-to-date symlink: /home/wheeltec/wheeltec_robot/install/aruco/share/aruco/cmake/ament_cmake_export_include_directories-extras.cmake
[0.706s] -- Up-to-date symlink: /home/wheeltec/wheeltec_robot/install/aruco/share/aruco/cmake/ament_cmake_export_libraries-extras.cmake
[0.707s] -- Up-to-date symlink: /home/wheeltec/wheeltec_robot/install/aruco/share/aruco/cmake/arucoConfig.cmake
[0.708s] -- Up-to-date symlink: /home/wheeltec/wheeltec_robot/install/aruco/share/aruco/cmake/arucoConfig-version.cmake
[0.708s] -- Up-to-date symlink: /home/wheeltec/wheeltec_robot/install/aruco/share/aruco/package.xml
[0.829s] Invoked command in '/home/wheeltec/wheeltec_robot/build/aruco' returned '0': CMAKE_PREFIX_PATH=${CMAKE_PREFIX_PATH}:/opt/ros/humble /usr/bin/cmake --install /home/wheeltec/wheeltec_robot/build/aruco
