-- The C compiler identification is GNU 11.4.0
-- The CXX compiler identification is GNU 11.4.0
-- Detecting C compiler ABI info
-- Detecting C compiler ABI info - done
-- Check for working C compiler: /usr/bin/cc - skipped
-- Detecting C compile features
-- Detecting C compile features - done
-- Detecting CXX compiler ABI info
-- Detecting CXX compiler ABI info - done
-- Check for working CXX compiler: /usr/bin/c++ - skipped
-- Detecting CXX compile features
-- Detecting CXX compile features - done
-- Found ament_cmake: 1.3.12 (/opt/ros/humble/share/ament_cmake/cmake)
-- Found Python3: /usr/bin/python3 (found version "3.10.12") found components: Interpreter 
-- Override CMake install command with custom implementation using symlinks instead of copying resources
-- Found geometry_msgs: 4.9.0 (/opt/ros/humble/share/geometry_msgs/cmake)
-- Found rosidl_generator_c: 3.1.7 (/opt/ros/humble/share/rosidl_generator_c/cmake)
-- Found rosidl_adapter: 3.1.7 (/opt/ros/humble/share/rosidl_adapter/cmake)
-- Found rosidl_generator_cpp: 3.1.7 (/opt/ros/humble/share/rosidl_generator_cpp/cmake)
-- Using all available rosidl_typesupport_c: rosidl_typesupport_fastrtps_c;rosidl_typesupport_introspection_c
-- Using all available rosidl_typesupport_cpp: rosidl_typesupport_fastrtps_cpp;rosidl_typesupport_introspection_cpp
-- Found tf2_geometry_msgs: 0.25.15 (/opt/ros/humble/share/tf2_geometry_msgs/cmake)
-- Found eigen3_cmake_module: 0.1.1 (/opt/ros/humble/share/eigen3_cmake_module/cmake)
-- Found Eigen3: TRUE (found version "3.4.0") 
-- Ensuring Eigen3 include directory is part of orocos-kdl CMake target
-- Found rmw_implementation_cmake: 6.1.2 (/opt/ros/humble/share/rmw_implementation_cmake/cmake)
-- Found rmw_fastrtps_cpp: 6.2.8 (/opt/ros/humble/share/rmw_fastrtps_cpp/cmake)
-- Found OpenSSL: /usr/lib/aarch64-linux-gnu/libcrypto.so (found version "3.0.2")  
-- Found FastRTPS: /opt/ros/humble/include  
-- Using RMW implementation 'rmw_fastrtps_cpp' as default
-- Looking for pthread.h
-- Looking for pthread.h - found
-- Performing Test CMAKE_HAVE_LIBC_PTHREAD
-- Performing Test CMAKE_HAVE_LIBC_PTHREAD - Success
-- Found Threads: TRUE  
-- Found turtlesim: 1.4.2 (/opt/ros/humble/share/turtlesim/cmake)
-- Found nav2_msgs: 1.1.6 (/home/wheeltec/wheeltec_robot/install/nav2_msgs/share/nav2_msgs/cmake)
-- Found rclpy: 3.3.17 (/opt/ros/humble/share/rclpy/cmake)
-- Found sensor_msgs: 4.9.0 (/opt/ros/humble/share/sensor_msgs/cmake)
-- Found std_srvs: 4.9.0 (/opt/ros/humble/share/std_srvs/cmake)
-- Found wheeltec_robot_msg: 0.0.0 (/home/wheeltec/wheeltec_robot/install/wheeltec_robot_msg/share/wheeltec_robot_msg/cmake)
-- Found serial: 1.2.1 (/home/wheeltec/wheeltec_robot/install/serial/share/serial/cmake)
-- Found rosidl_default_generators: 1.2.0 (/opt/ros/humble/share/rosidl_default_generators/cmake)
-- Found ament_cmake_ros: 0.10.0 (/opt/ros/humble/share/ament_cmake_ros/cmake)
-- Using all available rosidl_typesupport_c: rosidl_typesupport_fastrtps_c;rosidl_typesupport_introspection_c
-- Using all available rosidl_typesupport_cpp: rosidl_typesupport_fastrtps_cpp;rosidl_typesupport_introspection_cpp
-- Found PythonInterp: /usr/bin/python3 (found suitable version "3.10.12", minimum required is "3.6") 
-- Found python_cmake_module: 0.10.0 (/opt/ros/humble/share/python_cmake_module/cmake)
-- Found PythonLibs: /usr/lib/aarch64-linux-gnu/libpython3.10.so (found suitable version "3.10.12", minimum required is "3.5") 
-- Using PYTHON_EXECUTABLE: /usr/bin/python3
-- Using PYTHON_INCLUDE_DIRS: /usr/include/python3.10
-- Using PYTHON_LIBRARIES: /usr/lib/aarch64-linux-gnu/libpython3.10.so
-- Found PythonExtra: .so  
-- Found ament_lint_auto: 0.12.14 (/opt/ros/humble/share/ament_lint_auto/cmake)
-- Added test 'copyright' to check source files copyright and LICENSE
-- Added test 'cppcheck' to perform static code analysis on C / C++ code
-- Configured cppcheck include dirs: /home/wheeltec/wheeltec_robot/src/turn_on_wheeltec_robot/include
-- Configured cppcheck exclude dirs and/or files: 
-- Added test 'cpplint' to check C / C++ code against the Google style
-- Configured cpplint exclude dirs and/or files: 
-- Added test 'flake8' to check Python code syntax and style conventions
-- Added test 'lint_cmake' to check CMake code style
-- Added test 'pep257' to check Python code against some of the docstring style conventions in PEP 257
-- Added test 'uncrustify' to check C / C++ code style
-- Configured uncrustify additional arguments: 
-- Added test 'xmllint' to check XML markup files
-- Configuring done
-- Generating done
-- Build files have been written to: /home/wheeltec/wheeltec_robot/build/turn_on_wheeltec_robot
[  2%] [34m[1mGenerating C code for ROS interfaces[0m
[  5%] [34m[1mGenerating C++ code for ROS interfaces[0m
[  8%] [32mBuilding CXX object CMakeFiles/wheeltec_robot_node.dir/src/wheeltec_robot.cpp.o[0m
[  8%] Built target ament_cmake_python_symlink_turn_on_wheeltec_robot
[ 11%] [32mBuilding CXX object CMakeFiles/wheeltec_robot_node.dir/src/Quaternion_Solution.cpp.o[0m
[ 11%] Built target turn_on_wheeltec_robot__cpp
running egg_info
[ 14%] [32mBuilding C object CMakeFiles/turn_on_wheeltec_robot__rosidl_generator_c.dir/rosidl_generator_c/turn_on_wheeltec_robot/msg/detail/position__functions.c.o[0m
[ 17%] [34m[1mGenerating C++ type support dispatch for ROS interfaces[0m
[ 20%] [34m[1mGenerating C++ type support for eProsima Fast-RTPS[0m
[ 23%] [34m[1mGenerating C++ introspection for ROS interfaces[0m
creating turn_on_wheeltec_robot.egg-info
writing turn_on_wheeltec_robot.egg-info/PKG-INFO
writing dependency_links to turn_on_wheeltec_robot.egg-info/dependency_links.txt
writing top-level names to turn_on_wheeltec_robot.egg-info/top_level.txt
writing manifest file 'turn_on_wheeltec_robot.egg-info/SOURCES.txt'
[ 26%] [32m[1mLinking C shared library libturn_on_wheeltec_robot__rosidl_generator_c.so[0m
reading manifest file 'turn_on_wheeltec_robot.egg-info/SOURCES.txt'
writing manifest file 'turn_on_wheeltec_robot.egg-info/SOURCES.txt'
[ 26%] Built target ament_cmake_python_build_turn_on_wheeltec_robot_egg
[ 26%] Built target turn_on_wheeltec_robot__rosidl_generator_c
[ 29%] [34m[1mGenerating C type support for eProsima Fast-RTPS[0m
[ 32%] [34m[1mGenerating C introspection for ROS interfaces[0m
[ 35%] [34m[1mGenerating C type support dispatch for ROS interfaces[0m
[ 38%] [32mBuilding CXX object CMakeFiles/turn_on_wheeltec_robot__rosidl_typesupport_cpp.dir/rosidl_typesupport_cpp/turn_on_wheeltec_robot/msg/position__type_support.cpp.o[0m
[ 41%] [32mBuilding CXX object CMakeFiles/turn_on_wheeltec_robot__rosidl_typesupport_fastrtps_cpp.dir/rosidl_typesupport_fastrtps_cpp/turn_on_wheeltec_robot/msg/detail/dds_fastrtps/position__type_support.cpp.o[0m
[ 44%] [32mBuilding CXX object CMakeFiles/turn_on_wheeltec_robot__rosidl_typesupport_introspection_cpp.dir/rosidl_typesupport_introspection_cpp/turn_on_wheeltec_robot/msg/detail/position__type_support.cpp.o[0m
[ 47%] [32mBuilding CXX object CMakeFiles/turn_on_wheeltec_robot__rosidl_typesupport_fastrtps_c.dir/rosidl_typesupport_fastrtps_c/turn_on_wheeltec_robot/msg/detail/position__type_support_c.cpp.o[0m
[ 50%] [32mBuilding CXX object CMakeFiles/turn_on_wheeltec_robot__rosidl_typesupport_c.dir/rosidl_typesupport_c/turn_on_wheeltec_robot/msg/position__type_support.cpp.o[0m
[ 52%] [32mBuilding C object CMakeFiles/turn_on_wheeltec_robot__rosidl_typesupport_introspection_c.dir/rosidl_typesupport_introspection_c/turn_on_wheeltec_robot/msg/detail/position__type_support.c.o[0m
[ 55%] [32m[1mLinking CXX shared library libturn_on_wheeltec_robot__rosidl_typesupport_c.so[0m
[ 58%] [32m[1mLinking C shared library libturn_on_wheeltec_robot__rosidl_typesupport_introspection_c.so[0m
[ 58%] Built target turn_on_wheeltec_robot__rosidl_typesupport_c
[ 58%] Built target turn_on_wheeltec_robot__rosidl_typesupport_introspection_c
[ 61%] [32m[1mLinking CXX shared library libturn_on_wheeltec_robot__rosidl_typesupport_cpp.so[0m
[ 61%] Built target turn_on_wheeltec_robot__rosidl_typesupport_cpp
[ 64%] [32m[1mLinking CXX shared library libturn_on_wheeltec_robot__rosidl_typesupport_fastrtps_cpp.so[0m
[ 67%] [32m[1mLinking CXX shared library libturn_on_wheeltec_robot__rosidl_typesupport_introspection_cpp.so[0m
[ 70%] [32m[1mLinking CXX shared library libturn_on_wheeltec_robot__rosidl_typesupport_fastrtps_c.so[0m
[ 70%] Built target turn_on_wheeltec_robot__rosidl_typesupport_introspection_cpp
[ 70%] Built target turn_on_wheeltec_robot__rosidl_typesupport_fastrtps_cpp
[ 70%] Built target turn_on_wheeltec_robot__rosidl_typesupport_fastrtps_c
[ 70%] Built target turn_on_wheeltec_robot
[ 73%] [34m[1mGenerating Python code for ROS interfaces[0m
[ 73%] Built target turn_on_wheeltec_robot__py
[ 76%] [32mBuilding C object CMakeFiles/turn_on_wheeltec_robot__rosidl_generator_py.dir/rosidl_generator_py/turn_on_wheeltec_robot/msg/_position_s.c.o[0m
[ 79%] [32m[1mLinking C shared library rosidl_generator_py/turn_on_wheeltec_robot/libturn_on_wheeltec_robot__rosidl_generator_py.so[0m
[ 79%] Built target turn_on_wheeltec_robot__rosidl_generator_py
[ 82%] [32mBuilding C object CMakeFiles/turn_on_wheeltec_robot__rosidl_typesupport_fastrtps_c__pyext.dir/rosidl_generator_py/turn_on_wheeltec_robot/_turn_on_wheeltec_robot_s.ep.rosidl_typesupport_fastrtps_c.c.o[0m
[ 85%] [32mBuilding C object CMakeFiles/turn_on_wheeltec_robot__rosidl_typesupport_introspection_c__pyext.dir/rosidl_generator_py/turn_on_wheeltec_robot/_turn_on_wheeltec_robot_s.ep.rosidl_typesupport_introspection_c.c.o[0m
[ 88%] [32mBuilding C object CMakeFiles/turn_on_wheeltec_robot__rosidl_typesupport_c__pyext.dir/rosidl_generator_py/turn_on_wheeltec_robot/_turn_on_wheeltec_robot_s.ep.rosidl_typesupport_c.c.o[0m
[ 91%] [32m[1mLinking C shared library rosidl_generator_py/turn_on_wheeltec_robot/turn_on_wheeltec_robot_s__rosidl_typesupport_fastrtps_c.cpython-310-aarch64-linux-gnu.so[0m
[ 91%] Built target turn_on_wheeltec_robot__rosidl_typesupport_fastrtps_c__pyext
[ 94%] [32m[1mLinking C shared library rosidl_generator_py/turn_on_wheeltec_robot/turn_on_wheeltec_robot_s__rosidl_typesupport_introspection_c.cpython-310-aarch64-linux-gnu.so[0m
[ 97%] [32m[1mLinking C shared library rosidl_generator_py/turn_on_wheeltec_robot/turn_on_wheeltec_robot_s__rosidl_typesupport_c.cpython-310-aarch64-linux-gnu.so[0m
[ 97%] Built target turn_on_wheeltec_robot__rosidl_typesupport_introspection_c__pyext
[ 97%] Built target turn_on_wheeltec_robot__rosidl_typesupport_c__pyext
[01m[K/home/wheeltec/wheeltec_robot/src/turn_on_wheeltec_robot/src/wheeltec_robot.cpp:734:70:[m[K [01;35m[Kwarning: [m[Kbackslash and newline separated by space
  734 |   ("/set_charge",std::bind(&turn_on_robot::Set_Charge_Callback,this, \
      |                                                                       
[01m[K/home/wheeltec/wheeltec_robot/src/turn_on_wheeltec_robot/src/wheeltec_robot.cpp:[m[K In member function ‘[01m[Kbool turn_on_robot::Get_Sensor_Data()[m[K’:
[01m[K/home/wheeltec/wheeltec_robot/src/turn_on_wheeltec_robot/src/wheeltec_robot.cpp:381:50:[m[K [01;35m[Kwarning: [m[KISO C++ forbids variable length array ‘[01m[KReceive_Data_Tr[m[K’ [[01;35m[K]8;;https://gcc.gnu.org/onlinedocs/gcc/Warning-Options.html#index-Wvla-Wvla]8;;[m[K]
  381 |   uint8_t Receive_Data_Pr[RECEIVE_DATA_SIZE]={0},[01;35m[KReceive_Data_Tr[m[K[temp]={0}; //Temporary variable to save the data of the lower machine //临时变量，保存下位机数据
      |                                                  [01;35m[K^~~~~~~~~~~~~~~[m[K
[100%] [32m[1mLinking CXX executable wheeltec_robot_node[0m
[100%] Built target wheeltec_robot_node
-- Install configuration: ""
-- Execute custom install script
-- Symlinking: /home/wheeltec/wheeltec_robot/install/turn_on_wheeltec_robot/share/ament_index/resource_index/rosidl_interfaces/turn_on_wheeltec_robot
-- Symlinking: /home/wheeltec/wheeltec_robot/install/turn_on_wheeltec_robot/include/turn_on_wheeltec_robot/turn_on_wheeltec_robot/msg/detail/position__functions.h
-- Symlinking: /home/wheeltec/wheeltec_robot/install/turn_on_wheeltec_robot/include/turn_on_wheeltec_robot/turn_on_wheeltec_robot/msg/detail/position__struct.h
-- Symlinking: /home/wheeltec/wheeltec_robot/install/turn_on_wheeltec_robot/include/turn_on_wheeltec_robot/turn_on_wheeltec_robot/msg/detail/position__type_support.h
-- Symlinking: /home/wheeltec/wheeltec_robot/install/turn_on_wheeltec_robot/include/turn_on_wheeltec_robot/turn_on_wheeltec_robot/msg/position.h
-- Symlinking: /home/wheeltec/wheeltec_robot/install/turn_on_wheeltec_robot/include/turn_on_wheeltec_robot/turn_on_wheeltec_robot/msg/rosidl_generator_c__visibility_control.h
-- Symlinking: /home/wheeltec/wheeltec_robot/install/turn_on_wheeltec_robot/share/turn_on_wheeltec_robot/environment/library_path.sh
-- Symlinking: /home/wheeltec/wheeltec_robot/install/turn_on_wheeltec_robot/share/turn_on_wheeltec_robot/environment/library_path.dsv
-- Symlinking: /home/wheeltec/wheeltec_robot/install/turn_on_wheeltec_robot/include/turn_on_wheeltec_robot/turn_on_wheeltec_robot/msg/detail/position__rosidl_typesupport_fastrtps_c.h
-- Symlinking: /home/wheeltec/wheeltec_robot/install/turn_on_wheeltec_robot/include/turn_on_wheeltec_robot/turn_on_wheeltec_robot/msg/rosidl_typesupport_fastrtps_c__visibility_control.h
-- Symlinking: /home/wheeltec/wheeltec_robot/install/turn_on_wheeltec_robot/include/turn_on_wheeltec_robot/turn_on_wheeltec_robot/msg/detail/position__builder.hpp
-- Symlinking: /home/wheeltec/wheeltec_robot/install/turn_on_wheeltec_robot/include/turn_on_wheeltec_robot/turn_on_wheeltec_robot/msg/detail/position__struct.hpp
-- Symlinking: /home/wheeltec/wheeltec_robot/install/turn_on_wheeltec_robot/include/turn_on_wheeltec_robot/turn_on_wheeltec_robot/msg/detail/position__traits.hpp
-- Symlinking: /home/wheeltec/wheeltec_robot/install/turn_on_wheeltec_robot/include/turn_on_wheeltec_robot/turn_on_wheeltec_robot/msg/detail/position__type_support.hpp
-- Symlinking: /home/wheeltec/wheeltec_robot/install/turn_on_wheeltec_robot/include/turn_on_wheeltec_robot/turn_on_wheeltec_robot/msg/position.hpp
-- Symlinking: /home/wheeltec/wheeltec_robot/install/turn_on_wheeltec_robot/include/turn_on_wheeltec_robot/turn_on_wheeltec_robot/msg/rosidl_generator_cpp__visibility_control.hpp
-- Symlinking: /home/wheeltec/wheeltec_robot/install/turn_on_wheeltec_robot/include/turn_on_wheeltec_robot/turn_on_wheeltec_robot/msg/detail/position__rosidl_typesupport_fastrtps_cpp.hpp
-- Symlinking: /home/wheeltec/wheeltec_robot/install/turn_on_wheeltec_robot/include/turn_on_wheeltec_robot/turn_on_wheeltec_robot/msg/rosidl_typesupport_fastrtps_cpp__visibility_control.h
-- Symlinking: /home/wheeltec/wheeltec_robot/install/turn_on_wheeltec_robot/include/turn_on_wheeltec_robot/turn_on_wheeltec_robot/msg/detail/position__rosidl_typesupport_introspection_c.h
-- Symlinking: /home/wheeltec/wheeltec_robot/install/turn_on_wheeltec_robot/include/turn_on_wheeltec_robot/turn_on_wheeltec_robot/msg/rosidl_typesupport_introspection_c__visibility_control.h
-- Symlinking: /home/wheeltec/wheeltec_robot/install/turn_on_wheeltec_robot/include/turn_on_wheeltec_robot/turn_on_wheeltec_robot/msg/detail/position__rosidl_typesupport_introspection_cpp.hpp
-- Symlinking: /home/wheeltec/wheeltec_robot/install/turn_on_wheeltec_robot/share/turn_on_wheeltec_robot/environment/pythonpath.sh
-- Symlinking: /home/wheeltec/wheeltec_robot/install/turn_on_wheeltec_robot/share/turn_on_wheeltec_robot/environment/pythonpath.dsv
-- Symlinking: /home/wheeltec/wheeltec_robot/install/turn_on_wheeltec_robot/local/lib/python3.10/dist-packages/turn_on_wheeltec_robot-0.0.0-py3.10.egg-info/PKG-INFO
-- Symlinking: /home/wheeltec/wheeltec_robot/install/turn_on_wheeltec_robot/local/lib/python3.10/dist-packages/turn_on_wheeltec_robot-0.0.0-py3.10.egg-info/SOURCES.txt
-- Symlinking: /home/wheeltec/wheeltec_robot/install/turn_on_wheeltec_robot/local/lib/python3.10/dist-packages/turn_on_wheeltec_robot-0.0.0-py3.10.egg-info/dependency_links.txt
-- Symlinking: /home/wheeltec/wheeltec_robot/install/turn_on_wheeltec_robot/local/lib/python3.10/dist-packages/turn_on_wheeltec_robot-0.0.0-py3.10.egg-info/top_level.txt
-- Symlinking: /home/wheeltec/wheeltec_robot/install/turn_on_wheeltec_robot/local/lib/python3.10/dist-packages/turn_on_wheeltec_robot/__init__.py
-- Symlinking: /home/wheeltec/wheeltec_robot/install/turn_on_wheeltec_robot/local/lib/python3.10/dist-packages/turn_on_wheeltec_robot/_turn_on_wheeltec_robot_s.ep.rosidl_typesupport_c.c
-- Symlinking: /home/wheeltec/wheeltec_robot/install/turn_on_wheeltec_robot/local/lib/python3.10/dist-packages/turn_on_wheeltec_robot/_turn_on_wheeltec_robot_s.ep.rosidl_typesupport_fastrtps_c.c
-- Symlinking: /home/wheeltec/wheeltec_robot/install/turn_on_wheeltec_robot/local/lib/python3.10/dist-packages/turn_on_wheeltec_robot/_turn_on_wheeltec_robot_s.ep.rosidl_typesupport_introspection_c.c
-- Symlinking: /home/wheeltec/wheeltec_robot/install/turn_on_wheeltec_robot/local/lib/python3.10/dist-packages/turn_on_wheeltec_robot/libturn_on_wheeltec_robot__rosidl_generator_py.so
-- Symlinking: /home/wheeltec/wheeltec_robot/install/turn_on_wheeltec_robot/local/lib/python3.10/dist-packages/turn_on_wheeltec_robot/msg/__init__.py
-- Symlinking: /home/wheeltec/wheeltec_robot/install/turn_on_wheeltec_robot/local/lib/python3.10/dist-packages/turn_on_wheeltec_robot/msg/_position.py
-- Symlinking: /home/wheeltec/wheeltec_robot/install/turn_on_wheeltec_robot/local/lib/python3.10/dist-packages/turn_on_wheeltec_robot/msg/_position_s.c
-- Symlinking: /home/wheeltec/wheeltec_robot/install/turn_on_wheeltec_robot/local/lib/python3.10/dist-packages/turn_on_wheeltec_robot/turn_on_wheeltec_robot_s__rosidl_typesupport_c.cpython-310-aarch64-linux-gnu.so
-- Symlinking: /home/wheeltec/wheeltec_robot/install/turn_on_wheeltec_robot/local/lib/python3.10/dist-packages/turn_on_wheeltec_robot/turn_on_wheeltec_robot_s__rosidl_typesupport_fastrtps_c.cpython-310-aarch64-linux-gnu.so
-- Symlinking: /home/wheeltec/wheeltec_robot/install/turn_on_wheeltec_robot/local/lib/python3.10/dist-packages/turn_on_wheeltec_robot/turn_on_wheeltec_robot_s__rosidl_typesupport_introspection_c.cpython-310-aarch64-linux-gnu.so
-- Up-to-date symlink: /home/wheeltec/wheeltec_robot/install/turn_on_wheeltec_robot/local/lib/python3.10/dist-packages/turn_on_wheeltec_robot/turn_on_wheeltec_robot_s__rosidl_typesupport_fastrtps_c.cpython-310-aarch64-linux-gnu.so
-- Up-to-date symlink: /home/wheeltec/wheeltec_robot/install/turn_on_wheeltec_robot/local/lib/python3.10/dist-packages/turn_on_wheeltec_robot/turn_on_wheeltec_robot_s__rosidl_typesupport_introspection_c.cpython-310-aarch64-linux-gnu.so
-- Up-to-date symlink: /home/wheeltec/wheeltec_robot/install/turn_on_wheeltec_robot/local/lib/python3.10/dist-packages/turn_on_wheeltec_robot/turn_on_wheeltec_robot_s__rosidl_typesupport_c.cpython-310-aarch64-linux-gnu.so
-- Symlinking: /home/wheeltec/wheeltec_robot/install/turn_on_wheeltec_robot/share/turn_on_wheeltec_robot/msg/Position.idl
-- Symlinking: /home/wheeltec/wheeltec_robot/install/turn_on_wheeltec_robot/share/turn_on_wheeltec_robot/msg/Position.msg
-- Symlinking: /home/wheeltec/wheeltec_robot/install/turn_on_wheeltec_robot/lib/turn_on_wheeltec_robot/wheeltec_robot_node
-- Symlinking: /home/wheeltec/wheeltec_robot/install/turn_on_wheeltec_robot/share/turn_on_wheeltec_robot/launch/__pycache__/testtwo.launch.cpython-38.pyc
-- Symlinking: /home/wheeltec/wheeltec_robot/install/turn_on_wheeltec_robot/share/turn_on_wheeltec_robot/launch/base_serial.launch.py
-- Symlinking: /home/wheeltec/wheeltec_robot/install/turn_on_wheeltec_robot/share/turn_on_wheeltec_robot/launch/include/base_serial_h30imu.launch.py
-- Symlinking: /home/wheeltec/wheeltec_robot/install/turn_on_wheeltec_robot/share/turn_on_wheeltec_robot/launch/include/turn_on_wheeltec_robot_h30imu.launch.py
-- Symlinking: /home/wheeltec/wheeltec_robot/install/turn_on_wheeltec_robot/share/turn_on_wheeltec_robot/launch/robot_mode_description.launch.py
-- Symlinking: /home/wheeltec/wheeltec_robot/install/turn_on_wheeltec_robot/share/turn_on_wheeltec_robot/launch/robot_mode_description_minibot.launch.py
-- Symlinking: /home/wheeltec/wheeltec_robot/install/turn_on_wheeltec_robot/share/turn_on_wheeltec_robot/launch/turn_on_wheeltec_robot.launch.py
-- Symlinking: /home/wheeltec/wheeltec_robot/install/turn_on_wheeltec_robot/share/turn_on_wheeltec_robot/launch/wheeltec_camera.launch.py
-- Symlinking: /home/wheeltec/wheeltec_robot/install/turn_on_wheeltec_robot/share/turn_on_wheeltec_robot/launch/wheeltec_ekf.launch.py
-- Symlinking: /home/wheeltec/wheeltec_robot/install/turn_on_wheeltec_robot/share/turn_on_wheeltec_robot/launch/wheeltec_lidar.launch.py
-- Symlinking: /home/wheeltec/wheeltec_robot/install/turn_on_wheeltec_robot/share/turn_on_wheeltec_robot/launch/wheeltec_sensors.launch.py
-- Symlinking: /home/wheeltec/wheeltec_robot/install/turn_on_wheeltec_robot/share/turn_on_wheeltec_robot/config/camera_info.yaml
-- Symlinking: /home/wheeltec/wheeltec_robot/install/turn_on_wheeltec_robot/share/turn_on_wheeltec_robot/config/ekf.yaml
-- Symlinking: /home/wheeltec/wheeltec_robot/install/turn_on_wheeltec_robot/share/turn_on_wheeltec_robot/config/ekf_carto.yaml
-- Symlinking: /home/wheeltec/wheeltec_robot/install/turn_on_wheeltec_robot/share/turn_on_wheeltec_robot/config/imu.yaml
-- Symlinking: /home/wheeltec/wheeltec_robot/install/turn_on_wheeltec_robot/share/turn_on_wheeltec_robot/config/robot_transforms.yaml
-- Symlinking: /home/wheeltec/wheeltec_robot/install/turn_on_wheeltec_robot/share/ament_index/resource_index/package_run_dependencies/turn_on_wheeltec_robot
-- Symlinking: /home/wheeltec/wheeltec_robot/install/turn_on_wheeltec_robot/share/ament_index/resource_index/parent_prefix_path/turn_on_wheeltec_robot
-- Symlinking: /home/wheeltec/wheeltec_robot/install/turn_on_wheeltec_robot/share/turn_on_wheeltec_robot/environment/ament_prefix_path.sh
-- Symlinking: /home/wheeltec/wheeltec_robot/install/turn_on_wheeltec_robot/share/turn_on_wheeltec_robot/environment/ament_prefix_path.dsv
-- Symlinking: /home/wheeltec/wheeltec_robot/install/turn_on_wheeltec_robot/share/turn_on_wheeltec_robot/environment/path.sh
-- Symlinking: /home/wheeltec/wheeltec_robot/install/turn_on_wheeltec_robot/share/turn_on_wheeltec_robot/environment/path.dsv
-- Symlinking: /home/wheeltec/wheeltec_robot/install/turn_on_wheeltec_robot/share/turn_on_wheeltec_robot/local_setup.bash
-- Symlinking: /home/wheeltec/wheeltec_robot/install/turn_on_wheeltec_robot/share/turn_on_wheeltec_robot/local_setup.sh
-- Symlinking: /home/wheeltec/wheeltec_robot/install/turn_on_wheeltec_robot/share/turn_on_wheeltec_robot/local_setup.zsh
-- Symlinking: /home/wheeltec/wheeltec_robot/install/turn_on_wheeltec_robot/share/turn_on_wheeltec_robot/local_setup.dsv
-- Symlinking: /home/wheeltec/wheeltec_robot/install/turn_on_wheeltec_robot/share/turn_on_wheeltec_robot/package.dsv
-- Symlinking: /home/wheeltec/wheeltec_robot/install/turn_on_wheeltec_robot/share/ament_index/resource_index/packages/turn_on_wheeltec_robot
-- Symlinking: /home/wheeltec/wheeltec_robot/install/turn_on_wheeltec_robot/share/turn_on_wheeltec_robot/cmake/rosidl_cmake-extras.cmake
-- Symlinking: /home/wheeltec/wheeltec_robot/install/turn_on_wheeltec_robot/share/turn_on_wheeltec_robot/cmake/ament_cmake_export_include_directories-extras.cmake
-- Symlinking: /home/wheeltec/wheeltec_robot/install/turn_on_wheeltec_robot/share/turn_on_wheeltec_robot/cmake/ament_cmake_export_libraries-extras.cmake
-- Symlinking: /home/wheeltec/wheeltec_robot/install/turn_on_wheeltec_robot/share/turn_on_wheeltec_robot/cmake/ament_cmake_export_targets-extras.cmake
-- Symlinking: /home/wheeltec/wheeltec_robot/install/turn_on_wheeltec_robot/share/turn_on_wheeltec_robot/cmake/rosidl_cmake_export_typesupport_targets-extras.cmake
-- Symlinking: /home/wheeltec/wheeltec_robot/install/turn_on_wheeltec_robot/share/turn_on_wheeltec_robot/cmake/ament_cmake_export_dependencies-extras.cmake
-- Symlinking: /home/wheeltec/wheeltec_robot/install/turn_on_wheeltec_robot/share/turn_on_wheeltec_robot/cmake/rosidl_cmake_export_typesupport_libraries-extras.cmake
-- Symlinking: /home/wheeltec/wheeltec_robot/install/turn_on_wheeltec_robot/share/turn_on_wheeltec_robot/cmake/turn_on_wheeltec_robotConfig.cmake
-- Symlinking: /home/wheeltec/wheeltec_robot/install/turn_on_wheeltec_robot/share/turn_on_wheeltec_robot/cmake/turn_on_wheeltec_robotConfig-version.cmake
-- Symlinking: /home/wheeltec/wheeltec_robot/install/turn_on_wheeltec_robot/share/turn_on_wheeltec_robot/package.xml
-- Installing: /home/wheeltec/wheeltec_robot/install/turn_on_wheeltec_robot/lib/libturn_on_wheeltec_robot__rosidl_generator_c.so
-- Set runtime path of "/home/wheeltec/wheeltec_robot/install/turn_on_wheeltec_robot/lib/libturn_on_wheeltec_robot__rosidl_generator_c.so" to ""
-- Installing: /home/wheeltec/wheeltec_robot/install/turn_on_wheeltec_robot/lib/libturn_on_wheeltec_robot__rosidl_typesupport_fastrtps_c.so
-- Set runtime path of "/home/wheeltec/wheeltec_robot/install/turn_on_wheeltec_robot/lib/libturn_on_wheeltec_robot__rosidl_typesupport_fastrtps_c.so" to ""
-- Installing: /home/wheeltec/wheeltec_robot/install/turn_on_wheeltec_robot/lib/libturn_on_wheeltec_robot__rosidl_typesupport_fastrtps_cpp.so
-- Set runtime path of "/home/wheeltec/wheeltec_robot/install/turn_on_wheeltec_robot/lib/libturn_on_wheeltec_robot__rosidl_typesupport_fastrtps_cpp.so" to ""
-- Installing: /home/wheeltec/wheeltec_robot/install/turn_on_wheeltec_robot/lib/libturn_on_wheeltec_robot__rosidl_typesupport_introspection_c.so
-- Set runtime path of "/home/wheeltec/wheeltec_robot/install/turn_on_wheeltec_robot/lib/libturn_on_wheeltec_robot__rosidl_typesupport_introspection_c.so" to ""
-- Installing: /home/wheeltec/wheeltec_robot/install/turn_on_wheeltec_robot/lib/libturn_on_wheeltec_robot__rosidl_typesupport_c.so
-- Set runtime path of "/home/wheeltec/wheeltec_robot/install/turn_on_wheeltec_robot/lib/libturn_on_wheeltec_robot__rosidl_typesupport_c.so" to ""
-- Installing: /home/wheeltec/wheeltec_robot/install/turn_on_wheeltec_robot/lib/libturn_on_wheeltec_robot__rosidl_typesupport_introspection_cpp.so
-- Set runtime path of "/home/wheeltec/wheeltec_robot/install/turn_on_wheeltec_robot/lib/libturn_on_wheeltec_robot__rosidl_typesupport_introspection_cpp.so" to ""
-- Installing: /home/wheeltec/wheeltec_robot/install/turn_on_wheeltec_robot/lib/libturn_on_wheeltec_robot__rosidl_typesupport_cpp.so
-- Set runtime path of "/home/wheeltec/wheeltec_robot/install/turn_on_wheeltec_robot/lib/libturn_on_wheeltec_robot__rosidl_typesupport_cpp.so" to ""
Listing '/home/wheeltec/wheeltec_robot/install/turn_on_wheeltec_robot/local/lib/python3.10/dist-packages/turn_on_wheeltec_robot'...
Compiling '/home/wheeltec/wheeltec_robot/install/turn_on_wheeltec_robot/local/lib/python3.10/dist-packages/turn_on_wheeltec_robot/__init__.py'...
Listing '/home/wheeltec/wheeltec_robot/install/turn_on_wheeltec_robot/local/lib/python3.10/dist-packages/turn_on_wheeltec_robot/msg'...
Compiling '/home/wheeltec/wheeltec_robot/install/turn_on_wheeltec_robot/local/lib/python3.10/dist-packages/turn_on_wheeltec_robot/msg/__init__.py'...
Compiling '/home/wheeltec/wheeltec_robot/install/turn_on_wheeltec_robot/local/lib/python3.10/dist-packages/turn_on_wheeltec_robot/msg/_position.py'...
-- Installing: /home/wheeltec/wheeltec_robot/install/turn_on_wheeltec_robot/lib/libturn_on_wheeltec_robot__rosidl_generator_py.so
-- Set runtime path of "/home/wheeltec/wheeltec_robot/install/turn_on_wheeltec_robot/lib/libturn_on_wheeltec_robot__rosidl_generator_py.so" to ""
-- Installing: /home/wheeltec/wheeltec_robot/install/turn_on_wheeltec_robot/share/turn_on_wheeltec_robot/cmake/export_turn_on_wheeltec_robot__rosidl_generator_cExport.cmake
-- Installing: /home/wheeltec/wheeltec_robot/install/turn_on_wheeltec_robot/share/turn_on_wheeltec_robot/cmake/export_turn_on_wheeltec_robot__rosidl_generator_cExport-noconfig.cmake
-- Installing: /home/wheeltec/wheeltec_robot/install/turn_on_wheeltec_robot/share/turn_on_wheeltec_robot/cmake/export_turn_on_wheeltec_robot__rosidl_typesupport_fastrtps_cExport.cmake
-- Installing: /home/wheeltec/wheeltec_robot/install/turn_on_wheeltec_robot/share/turn_on_wheeltec_robot/cmake/export_turn_on_wheeltec_robot__rosidl_typesupport_fastrtps_cExport-noconfig.cmake
-- Installing: /home/wheeltec/wheeltec_robot/install/turn_on_wheeltec_robot/share/turn_on_wheeltec_robot/cmake/export_turn_on_wheeltec_robot__rosidl_generator_cppExport.cmake
-- Installing: /home/wheeltec/wheeltec_robot/install/turn_on_wheeltec_robot/share/turn_on_wheeltec_robot/cmake/export_turn_on_wheeltec_robot__rosidl_typesupport_fastrtps_cppExport.cmake
-- Installing: /home/wheeltec/wheeltec_robot/install/turn_on_wheeltec_robot/share/turn_on_wheeltec_robot/cmake/export_turn_on_wheeltec_robot__rosidl_typesupport_fastrtps_cppExport-noconfig.cmake
-- Installing: /home/wheeltec/wheeltec_robot/install/turn_on_wheeltec_robot/share/turn_on_wheeltec_robot/cmake/turn_on_wheeltec_robot__rosidl_typesupport_introspection_cExport.cmake
-- Installing: /home/wheeltec/wheeltec_robot/install/turn_on_wheeltec_robot/share/turn_on_wheeltec_robot/cmake/turn_on_wheeltec_robot__rosidl_typesupport_introspection_cExport-noconfig.cmake
-- Installing: /home/wheeltec/wheeltec_robot/install/turn_on_wheeltec_robot/share/turn_on_wheeltec_robot/cmake/turn_on_wheeltec_robot__rosidl_typesupport_cExport.cmake
-- Installing: /home/wheeltec/wheeltec_robot/install/turn_on_wheeltec_robot/share/turn_on_wheeltec_robot/cmake/turn_on_wheeltec_robot__rosidl_typesupport_cExport-noconfig.cmake
-- Installing: /home/wheeltec/wheeltec_robot/install/turn_on_wheeltec_robot/share/turn_on_wheeltec_robot/cmake/turn_on_wheeltec_robot__rosidl_typesupport_introspection_cppExport.cmake
-- Installing: /home/wheeltec/wheeltec_robot/install/turn_on_wheeltec_robot/share/turn_on_wheeltec_robot/cmake/turn_on_wheeltec_robot__rosidl_typesupport_introspection_cppExport-noconfig.cmake
-- Installing: /home/wheeltec/wheeltec_robot/install/turn_on_wheeltec_robot/share/turn_on_wheeltec_robot/cmake/turn_on_wheeltec_robot__rosidl_typesupport_cppExport.cmake
-- Installing: /home/wheeltec/wheeltec_robot/install/turn_on_wheeltec_robot/share/turn_on_wheeltec_robot/cmake/turn_on_wheeltec_robot__rosidl_typesupport_cppExport-noconfig.cmake
-- Installing: /home/wheeltec/wheeltec_robot/install/turn_on_wheeltec_robot/share/turn_on_wheeltec_robot/cmake/export_turn_on_wheeltec_robot__rosidl_generator_pyExport.cmake
-- Installing: /home/wheeltec/wheeltec_robot/install/turn_on_wheeltec_robot/share/turn_on_wheeltec_robot/cmake/export_turn_on_wheeltec_robot__rosidl_generator_pyExport-noconfig.cmake
