-- The C compiler identification is GNU 11.4.0
-- The CXX compiler identification is GNU 11.4.0
-- Detecting C compiler ABI info
-- Detecting C compiler ABI info - done
-- Check for working C compiler: /usr/bin/cc - skipped
-- Detecting C compile features
-- Detecting C compile features - done
-- Detecting CXX compiler ABI info
-- Detecting CXX compiler ABI info - done
-- Check for working CXX compiler: /usr/bin/c++ - skipped
-- Detecting CXX compile features
-- Detecting CXX compile features - done
-- Found ament_cmake: 1.3.12 (/opt/ros/humble/share/ament_cmake/cmake)
-- Found Python3: /usr/bin/python3 (found version "3.10.12") found components: Interpreter 
-- Override CMake install command with custom implementation using symlinks instead of copying resources
-- Found rclcpp: 16.0.14 (/opt/ros/humble/share/rclcpp/cmake)
-- Found rosidl_generator_c: 3.1.7 (/opt/ros/humble/share/rosidl_generator_c/cmake)
-- Found rosidl_adapter: 3.1.7 (/opt/ros/humble/share/rosidl_adapter/cmake)
-- Found rosidl_generator_cpp: 3.1.7 (/opt/ros/humble/share/rosidl_generator_cpp/cmake)
-- Using all available rosidl_typesupport_c: rosidl_typesupport_fastrtps_c;rosidl_typesupport_introspection_c
-- Using all available rosidl_typesupport_cpp: rosidl_typesupport_fastrtps_cpp;rosidl_typesupport_introspection_cpp
-- Found rmw_implementation_cmake: 6.1.2 (/opt/ros/humble/share/rmw_implementation_cmake/cmake)
-- Found rmw_fastrtps_cpp: 6.2.8 (/opt/ros/humble/share/rmw_fastrtps_cpp/cmake)
-- Found OpenSSL: /usr/lib/aarch64-linux-gnu/libcrypto.so (found version "3.0.2")  
-- Found FastRTPS: /opt/ros/humble/include  
-- Using RMW implementation 'rmw_fastrtps_cpp' as default
-- Looking for pthread.h
-- Looking for pthread.h - found
-- Performing Test CMAKE_HAVE_LIBC_PTHREAD
-- Performing Test CMAKE_HAVE_LIBC_PTHREAD - Success
-- Found Threads: TRUE  
-- Found sensor_msgs: 4.9.0 (/opt/ros/humble/share/sensor_msgs/cmake)
-- Found ament_lint_auto: 0.12.14 (/opt/ros/humble/share/ament_lint_auto/cmake)
-- Added test 'copyright' to check source files copyright and LICENSE
-- Added test 'cppcheck' to perform static code analysis on C / C++ code
-- Configured cppcheck include dirs: /home/wheeltec/wheeltec_robot/src/wheeltec_lidar_ros2/LDlidar/ldlidar_stl06n_ros2/ldlidar/include;/home/wheeltec/wheeltec_robot/src/wheeltec_lidar_ros2/LDlidar/ldlidar_stl06n_ros2/ldlidar/../ldlidar_driver/include/core;/home/wheeltec/wheeltec_robot/src/wheeltec_lidar_ros2/LDlidar/ldlidar_stl06n_ros2/ldlidar/../ldlidar_driver/include/dataprocess;/home/wheeltec/wheeltec_robot/src/wheeltec_lidar_ros2/LDlidar/ldlidar_stl06n_ros2/ldlidar/../ldlidar_driver/include/filter;/home/wheeltec/wheeltec_robot/src/wheeltec_lidar_ros2/LDlidar/ldlidar_stl06n_ros2/ldlidar/../ldlidar_driver/include/logger;/home/wheeltec/wheeltec_robot/src/wheeltec_lidar_ros2/LDlidar/ldlidar_stl06n_ros2/ldlidar/../ldlidar_driver/include/networkcom;/home/wheeltec/wheeltec_robot/src/wheeltec_lidar_ros2/LDlidar/ldlidar_stl06n_ros2/ldlidar/../ldlidar_driver/include/serialcom
-- Configured cppcheck exclude dirs and/or files: 
-- Added test 'cpplint' to check C / C++ code against the Google style
-- Configured cpplint exclude dirs and/or files: 
-- Added test 'flake8' to check Python code syntax and style conventions
-- Added test 'lint_cmake' to check CMake code style
-- Added test 'pep257' to check Python code against some of the docstring style conventions in PEP 257
-- Added test 'uncrustify' to check C / C++ code style
-- Configured uncrustify additional arguments: 
-- Added test 'xmllint' to check XML markup files
-- Configuring done
-- Generating done
-- Build files have been written to: /home/wheeltec/wheeltec_robot/build/ldlidar
[ 12%] [32mBuilding CXX object CMakeFiles/ldlidar.dir/src/ros2_node/main.cpp.o[0m
[ 25%] [32mBuilding CXX object CMakeFiles/ldlidar.dir/home/wheeltec/wheeltec_robot/src/wheeltec_lidar_ros2/LDlidar/ldlidar_stl06n_ros2/ldlidar_driver/src/serialcom/serial_interface_linux.cpp.o[0m
[ 37%] [32mBuilding CXX object CMakeFiles/ldlidar.dir/home/wheeltec/wheeltec_robot/src/wheeltec_lidar_ros2/LDlidar/ldlidar_stl06n_ros2/ldlidar_driver/src/networkcom/network_socket_interface_linux.cpp.o[0m
[ 50%] [32mBuilding CXX object CMakeFiles/ldlidar.dir/home/wheeltec/wheeltec_robot/src/wheeltec_lidar_ros2/LDlidar/ldlidar_stl06n_ros2/ldlidar_driver/src/logger/log_module.cpp.o[0m
[ 62%] [32mBuilding CXX object CMakeFiles/ldlidar.dir/home/wheeltec/wheeltec_robot/src/wheeltec_lidar_ros2/LDlidar/ldlidar_stl06n_ros2/ldlidar_driver/src/filter/tofbf.cpp.o[0m
[ 75%] [32mBuilding CXX object CMakeFiles/ldlidar.dir/home/wheeltec/wheeltec_robot/src/wheeltec_lidar_ros2/LDlidar/ldlidar_stl06n_ros2/ldlidar_driver/src/dataprocess/lipkg.cpp.o[0m
[ 87%] [32mBuilding CXX object CMakeFiles/ldlidar.dir/home/wheeltec/wheeltec_robot/src/wheeltec_lidar_ros2/LDlidar/ldlidar_stl06n_ros2/ldlidar_driver/src/core/ldlidar_driver.cpp.o[0m
[100%] [32m[1mLinking CXX executable ldlidar[0m
[100%] Built target ldlidar
-- Install configuration: ""
-- Execute custom install script
-- Symlinking: /home/wheeltec/wheeltec_robot/install/ldlidar/lib/ldlidar/ldlidar
-- Symlinking: /home/wheeltec/wheeltec_robot/install/ldlidar/share/ldlidar//launch/ld06.launch.py
-- Symlinking: /home/wheeltec/wheeltec_robot/install/ldlidar/share/ldlidar//launch/ld19.launch.py
-- Symlinking: /home/wheeltec/wheeltec_robot/install/ldlidar/share/ldlidar//launch/stl06n.launch.py
-- Symlinking: /home/wheeltec/wheeltec_robot/install/ldlidar/share/ldlidar//launch/stl06p.launch.py
-- Symlinking: /home/wheeltec/wheeltec_robot/install/ldlidar/share/ldlidar//launch/stl26.launch.py
-- Symlinking: /home/wheeltec/wheeltec_robot/install/ldlidar/share/ldlidar//launch/stl27l.launch.py
-- Symlinking: /home/wheeltec/wheeltec_robot/install/ldlidar/share/ldlidar//launch/viewer_ld06.launch.py
-- Symlinking: /home/wheeltec/wheeltec_robot/install/ldlidar/share/ldlidar//launch/viewer_ld19.launch.py
-- Symlinking: /home/wheeltec/wheeltec_robot/install/ldlidar/share/ldlidar//launch/viewer_stl06n.launch.py
-- Symlinking: /home/wheeltec/wheeltec_robot/install/ldlidar/share/ldlidar//launch/viewer_stl06p.launch.py
-- Symlinking: /home/wheeltec/wheeltec_robot/install/ldlidar/share/ldlidar//launch/viewer_stl26.launch.py
-- Symlinking: /home/wheeltec/wheeltec_robot/install/ldlidar/share/ldlidar//launch/viewer_stl27l.launch.py
-- Symlinking: /home/wheeltec/wheeltec_robot/install/ldlidar/share/ldlidar//rviz2/ldlidar.rviz
-- Symlinking: /home/wheeltec/wheeltec_robot/install/ldlidar/share/ament_index/resource_index/package_run_dependencies/ldlidar
-- Symlinking: /home/wheeltec/wheeltec_robot/install/ldlidar/share/ament_index/resource_index/parent_prefix_path/ldlidar
-- Symlinking: /home/wheeltec/wheeltec_robot/install/ldlidar/share/ldlidar/environment/ament_prefix_path.sh
-- Symlinking: /home/wheeltec/wheeltec_robot/install/ldlidar/share/ldlidar/environment/ament_prefix_path.dsv
-- Symlinking: /home/wheeltec/wheeltec_robot/install/ldlidar/share/ldlidar/environment/path.sh
-- Symlinking: /home/wheeltec/wheeltec_robot/install/ldlidar/share/ldlidar/environment/path.dsv
-- Symlinking: /home/wheeltec/wheeltec_robot/install/ldlidar/share/ldlidar/local_setup.bash
-- Symlinking: /home/wheeltec/wheeltec_robot/install/ldlidar/share/ldlidar/local_setup.sh
-- Symlinking: /home/wheeltec/wheeltec_robot/install/ldlidar/share/ldlidar/local_setup.zsh
-- Symlinking: /home/wheeltec/wheeltec_robot/install/ldlidar/share/ldlidar/local_setup.dsv
-- Symlinking: /home/wheeltec/wheeltec_robot/install/ldlidar/share/ldlidar/package.dsv
-- Symlinking: /home/wheeltec/wheeltec_robot/install/ldlidar/share/ament_index/resource_index/packages/ldlidar
-- Symlinking: /home/wheeltec/wheeltec_robot/install/ldlidar/share/ldlidar/cmake/ldlidarConfig.cmake
-- Symlinking: /home/wheeltec/wheeltec_robot/install/ldlidar/share/ldlidar/cmake/ldlidarConfig-version.cmake
-- Symlinking: /home/wheeltec/wheeltec_robot/install/ldlidar/share/ldlidar/package.xml
