[35m[1mConsolidate compiler generated dependencies of target multi_lidar_calibration_icp[0m
[ 25%] Built target multi_lidar_calibration_icp
[35m[1mConsolidate compiler generated dependencies of target multi_lidar_calibration_icp_node[0m
[ 50%] Built target multi_lidar_calibration_icp_node
[35m[1mConsolidate compiler generated dependencies of target multi_lidar_calibration_ndt[0m
[ 75%] Built target multi_lidar_calibration_ndt
[35m[1mConsolidate compiler generated dependencies of target multi_lidar_calibration_ndt_node[0m
[100%] Built target multi_lidar_calibration_ndt_node
-- Install configuration: ""
-- Execute custom install script
-- Symlinking: /home/wheeltec/wheeltec_robot/install/multi_lidar_calibration/include/multi_lidar_calibration/multi_lidar_calibration_icp.hpp
-- Symlinking: /home/wheeltec/wheeltec_robot/install/multi_lidar_calibration/include/multi_lidar_calibration/multi_lidar_calibration_ndt.hpp
-- Symlinking: /home/wheeltec/wheeltec_robot/install/multi_lidar_calibration/share/multi_lidar_calibration/environment/library_path.sh
-- Symlinking: /home/wheeltec/wheeltec_robot/install/multi_lidar_calibration/share/multi_lidar_calibration/environment/library_path.dsv
-- Symlinking: /home/wheeltec/wheeltec_robot/install/multi_lidar_calibration/lib/libmulti_lidar_calibration_icp.so
-- Symlinking: /home/wheeltec/wheeltec_robot/install/multi_lidar_calibration/lib/libmulti_lidar_calibration_ndt.so
-- Symlinking: /home/wheeltec/wheeltec_robot/install/multi_lidar_calibration/lib/multi_lidar_calibration/multi_lidar_calibration_icp_node
-- Symlinking: /home/wheeltec/wheeltec_robot/install/multi_lidar_calibration/lib/multi_lidar_calibration/multi_lidar_calibration_ndt_node
-- Symlinking: /home/wheeltec/wheeltec_robot/install/multi_lidar_calibration/share/multi_lidar_calibration/launch/multi_lidar_calibration_icp.launch.xml
-- Symlinking: /home/wheeltec/wheeltec_robot/install/multi_lidar_calibration/share/multi_lidar_calibration/launch/multi_lidar_calibration_ndt.launch.xml
-- Symlinking: /home/wheeltec/wheeltec_robot/install/multi_lidar_calibration/share/ament_index/resource_index/package_run_dependencies/multi_lidar_calibration
-- Symlinking: /home/wheeltec/wheeltec_robot/install/multi_lidar_calibration/share/ament_index/resource_index/parent_prefix_path/multi_lidar_calibration
-- Symlinking: /home/wheeltec/wheeltec_robot/install/multi_lidar_calibration/share/multi_lidar_calibration/environment/ament_prefix_path.sh
-- Symlinking: /home/wheeltec/wheeltec_robot/install/multi_lidar_calibration/share/multi_lidar_calibration/environment/ament_prefix_path.dsv
-- Symlinking: /home/wheeltec/wheeltec_robot/install/multi_lidar_calibration/share/multi_lidar_calibration/environment/path.sh
-- Symlinking: /home/wheeltec/wheeltec_robot/install/multi_lidar_calibration/share/multi_lidar_calibration/environment/path.dsv
-- Symlinking: /home/wheeltec/wheeltec_robot/install/multi_lidar_calibration/share/multi_lidar_calibration/local_setup.bash
-- Symlinking: /home/wheeltec/wheeltec_robot/install/multi_lidar_calibration/share/multi_lidar_calibration/local_setup.sh
-- Symlinking: /home/wheeltec/wheeltec_robot/install/multi_lidar_calibration/share/multi_lidar_calibration/local_setup.zsh
-- Symlinking: /home/wheeltec/wheeltec_robot/install/multi_lidar_calibration/share/multi_lidar_calibration/local_setup.dsv
-- Symlinking: /home/wheeltec/wheeltec_robot/install/multi_lidar_calibration/share/multi_lidar_calibration/package.dsv
-- Symlinking: /home/wheeltec/wheeltec_robot/install/multi_lidar_calibration/share/ament_index/resource_index/packages/multi_lidar_calibration
-- Symlinking: /home/wheeltec/wheeltec_robot/install/multi_lidar_calibration/share/multi_lidar_calibration/cmake/ament_cmake_export_dependencies-extras.cmake
-- Symlinking: /home/wheeltec/wheeltec_robot/install/multi_lidar_calibration/share/multi_lidar_calibration/cmake/ament_cmake_export_include_directories-extras.cmake
-- Symlinking: /home/wheeltec/wheeltec_robot/install/multi_lidar_calibration/share/multi_lidar_calibration/cmake/ament_cmake_export_libraries-extras.cmake
-- Symlinking: /home/wheeltec/wheeltec_robot/install/multi_lidar_calibration/share/multi_lidar_calibration/cmake/multi_lidar_calibrationConfig.cmake
-- Symlinking: /home/wheeltec/wheeltec_robot/install/multi_lidar_calibration/share/multi_lidar_calibration/cmake/multi_lidar_calibrationConfig-version.cmake
-- Symlinking: /home/wheeltec/wheeltec_robot/install/multi_lidar_calibration/share/multi_lidar_calibration/package.xml
