[0.223s] Invoking command in '/home/wheeltec/wheeltec_robot/build/yesense_interface': CMAKE_PREFIX_PATH=${CMAKE_PREFIX_PATH}:/opt/ros/humble /usr/bin/cmake --build /home/wheeltec/wheeltec_robot/build/yesense_interface -- -j8 -l8
[0.481s] [  0%] Built target yesense_interface__cpp
[0.488s] [  0%] Built target ament_cmake_python_symlink_yesense_interface
[0.564s] [ 13%] Built target yesense_interface__rosidl_typesupport_introspection_cpp
[1.161s] running egg_info
[1.208s] writing yesense_interface.egg-info/PKG-INFO
[1.208s] writing dependency_links to yesense_interface.egg-info/dependency_links.txt
[1.208s] writing top-level names to yesense_interface.egg-info/top_level.txt
[1.327s] reading manifest file 'yesense_interface.egg-info/SOURCES.txt'
[1.330s] writing manifest file 'yesense_interface.egg-info/SOURCES.txt'
[1.443s] [ 13%] Built target ament_cmake_python_build_yesense_interface_egg
[1.522s] [ 25%] Built target yesense_interface__rosidl_typesupport_fastrtps_cpp
[1.610s] [ 37%] Built target yesense_interface__rosidl_typesupport_cpp
[1.725s] [ 49%] Built target yesense_interface__rosidl_generator_c
[1.813s] [ 61%] Built target yesense_interface__rosidl_typesupport_fastrtps_c
[1.935s] [ 73%] Built target yesense_interface__rosidl_typesupport_c
[2.108s] [ 85%] Built target yesense_interface__rosidl_typesupport_introspection_c
[2.278s] [ 85%] Built target yesense_interface
[2.443s] [ 86%] Built target yesense_interface__py
[2.644s] [ 97%] Built target yesense_interface__rosidl_generator_py
[2.750s] [ 98%] Built target yesense_interface__rosidl_typesupport_fastrtps_c__pyext
[2.890s] [ 99%] Built target yesense_interface__rosidl_typesupport_c__pyext
[3.080s] [100%] Built target yesense_interface__rosidl_typesupport_introspection_c__pyext
[3.230s] Invoked command in '/home/wheeltec/wheeltec_robot/build/yesense_interface' returned '0': CMAKE_PREFIX_PATH=${CMAKE_PREFIX_PATH}:/opt/ros/humble /usr/bin/cmake --build /home/wheeltec/wheeltec_robot/build/yesense_interface -- -j8 -l8
[3.248s] Invoking command in '/home/wheeltec/wheeltec_robot/build/yesense_interface': CMAKE_PREFIX_PATH=${CMAKE_PREFIX_PATH}:/opt/ros/humble /usr/bin/cmake --install /home/wheeltec/wheeltec_robot/build/yesense_interface
[3.261s] -- Install configuration: ""
[3.279s] -- Execute custom install script
[3.280s] -- Up-to-date symlink: /home/wheeltec/wheeltec_robot/install/yesense_interface/share/ament_index/resource_index/rosidl_interfaces/yesense_interface
[3.280s] -- Up-to-date symlink: /home/wheeltec/wheeltec_robot/install/yesense_interface/include/yesense_interface/yesense_interface/msg/attitude_all_data.h
[3.281s] -- Up-to-date symlink: /home/wheeltec/wheeltec_robot/install/yesense_interface/include/yesense_interface/yesense_interface/msg/attitude_min_ahrs.h
[3.281s] -- Up-to-date symlink: /home/wheeltec/wheeltec_robot/install/yesense_interface/include/yesense_interface/yesense_interface/msg/attitude_min_vru.h
[3.281s] -- Up-to-date symlink: /home/wheeltec/wheeltec_robot/install/yesense_interface/include/yesense_interface/yesense_interface/msg/detail/attitude_all_data__functions.h
[3.281s] -- Up-to-date symlink: /home/wheeltec/wheeltec_robot/install/yesense_interface/include/yesense_interface/yesense_interface/msg/detail/attitude_all_data__struct.h
[3.281s] -- Up-to-date symlink: /home/wheeltec/wheeltec_robot/install/yesense_interface/include/yesense_interface/yesense_interface/msg/detail/attitude_all_data__type_support.h
[3.281s] -- Up-to-date symlink: /home/wheeltec/wheeltec_robot/install/yesense_interface/include/yesense_interface/yesense_interface/msg/detail/attitude_min_ahrs__functions.h
[3.281s] -- Up-to-date symlink: /home/wheeltec/wheeltec_robot/install/yesense_interface/include/yesense_interface/yesense_interface/msg/detail/attitude_min_ahrs__struct.h
[3.281s] -- Up-to-date symlink: /home/wheeltec/wheeltec_robot/install/yesense_interface/include/yesense_interface/yesense_interface/msg/detail/attitude_min_ahrs__type_support.h
[3.281s] -- Up-to-date symlink: /home/wheeltec/wheeltec_robot/install/yesense_interface/include/yesense_interface/yesense_interface/msg/detail/attitude_min_vru__functions.h
[3.282s] -- Up-to-date symlink: /home/wheeltec/wheeltec_robot/install/yesense_interface/include/yesense_interface/yesense_interface/msg/detail/attitude_min_vru__struct.h
[3.282s] -- Up-to-date symlink: /home/wheeltec/wheeltec_robot/install/yesense_interface/include/yesense_interface/yesense_interface/msg/detail/attitude_min_vru__type_support.h
[3.282s] -- Up-to-date symlink: /home/wheeltec/wheeltec_robot/install/yesense_interface/include/yesense_interface/yesense_interface/msg/detail/euler_angle__functions.h
[3.282s] -- Up-to-date symlink: /home/wheeltec/wheeltec_robot/install/yesense_interface/include/yesense_interface/yesense_interface/msg/detail/euler_angle__struct.h
[3.282s] -- Up-to-date symlink: /home/wheeltec/wheeltec_robot/install/yesense_interface/include/yesense_interface/yesense_interface/msg/detail/euler_angle__type_support.h
[3.282s] -- Up-to-date symlink: /home/wheeltec/wheeltec_robot/install/yesense_interface/include/yesense_interface/yesense_interface/msg/detail/euler_only__functions.h
[3.282s] -- Up-to-date symlink: /home/wheeltec/wheeltec_robot/install/yesense_interface/include/yesense_interface/yesense_interface/msg/detail/euler_only__struct.h
[3.282s] -- Up-to-date symlink: /home/wheeltec/wheeltec_robot/install/yesense_interface/include/yesense_interface/yesense_interface/msg/detail/euler_only__type_support.h
[3.282s] -- Up-to-date symlink: /home/wheeltec/wheeltec_robot/install/yesense_interface/include/yesense_interface/yesense_interface/msg/detail/gnss_pos__functions.h
[3.282s] -- Up-to-date symlink: /home/wheeltec/wheeltec_robot/install/yesense_interface/include/yesense_interface/yesense_interface/msg/detail/gnss_pos__struct.h
[3.283s] -- Up-to-date symlink: /home/wheeltec/wheeltec_robot/install/yesense_interface/include/yesense_interface/yesense_interface/msg/detail/gnss_pos__type_support.h
[3.283s] -- Up-to-date symlink: /home/wheeltec/wheeltec_robot/install/yesense_interface/include/yesense_interface/yesense_interface/msg/detail/imu_data__functions.h
[3.283s] -- Up-to-date symlink: /home/wheeltec/wheeltec_robot/install/yesense_interface/include/yesense_interface/yesense_interface/msg/detail/imu_data__struct.h
[3.283s] -- Up-to-date symlink: /home/wheeltec/wheeltec_robot/install/yesense_interface/include/yesense_interface/yesense_interface/msg/detail/imu_data__type_support.h
[3.283s] -- Up-to-date symlink: /home/wheeltec/wheeltec_robot/install/yesense_interface/include/yesense_interface/yesense_interface/msg/detail/imu_data_ten_axis__functions.h
[3.283s] -- Up-to-date symlink: /home/wheeltec/wheeltec_robot/install/yesense_interface/include/yesense_interface/yesense_interface/msg/detail/imu_data_ten_axis__struct.h
[3.283s] -- Up-to-date symlink: /home/wheeltec/wheeltec_robot/install/yesense_interface/include/yesense_interface/yesense_interface/msg/detail/imu_data_ten_axis__type_support.h
[3.283s] -- Up-to-date symlink: /home/wheeltec/wheeltec_robot/install/yesense_interface/include/yesense_interface/yesense_interface/msg/detail/nav_all__functions.h
[3.283s] -- Up-to-date symlink: /home/wheeltec/wheeltec_robot/install/yesense_interface/include/yesense_interface/yesense_interface/msg/detail/nav_all__struct.h
[3.283s] -- Up-to-date symlink: /home/wheeltec/wheeltec_robot/install/yesense_interface/include/yesense_interface/yesense_interface/msg/detail/nav_all__type_support.h
[3.283s] -- Up-to-date symlink: /home/wheeltec/wheeltec_robot/install/yesense_interface/include/yesense_interface/yesense_interface/msg/detail/nav_min__functions.h
[3.284s] -- Up-to-date symlink: /home/wheeltec/wheeltec_robot/install/yesense_interface/include/yesense_interface/yesense_interface/msg/detail/nav_min__struct.h
[3.284s] -- Up-to-date symlink: /home/wheeltec/wheeltec_robot/install/yesense_interface/include/yesense_interface/yesense_interface/msg/detail/nav_min__type_support.h
[3.284s] -- Up-to-date symlink: /home/wheeltec/wheeltec_robot/install/yesense_interface/include/yesense_interface/yesense_interface/msg/detail/nav_min_utc__functions.h
[3.284s] -- Up-to-date symlink: /home/wheeltec/wheeltec_robot/install/yesense_interface/include/yesense_interface/yesense_interface/msg/detail/nav_min_utc__struct.h
[3.284s] -- Up-to-date symlink: /home/wheeltec/wheeltec_robot/install/yesense_interface/include/yesense_interface/yesense_interface/msg/detail/nav_min_utc__type_support.h
[3.284s] -- Up-to-date symlink: /home/wheeltec/wheeltec_robot/install/yesense_interface/include/yesense_interface/yesense_interface/msg/detail/nav_status__functions.h
[3.284s] -- Up-to-date symlink: /home/wheeltec/wheeltec_robot/install/yesense_interface/include/yesense_interface/yesense_interface/msg/detail/nav_status__struct.h
[3.284s] -- Up-to-date symlink: /home/wheeltec/wheeltec_robot/install/yesense_interface/include/yesense_interface/yesense_interface/msg/detail/nav_status__type_support.h
[3.284s] -- Up-to-date symlink: /home/wheeltec/wheeltec_robot/install/yesense_interface/include/yesense_interface/yesense_interface/msg/detail/pos_only__functions.h
[3.285s] -- Up-to-date symlink: /home/wheeltec/wheeltec_robot/install/yesense_interface/include/yesense_interface/yesense_interface/msg/detail/pos_only__struct.h
[3.285s] -- Up-to-date symlink: /home/wheeltec/wheeltec_robot/install/yesense_interface/include/yesense_interface/yesense_interface/msg/detail/pos_only__type_support.h
[3.285s] -- Up-to-date symlink: /home/wheeltec/wheeltec_robot/install/yesense_interface/include/yesense_interface/yesense_interface/msg/detail/pressure__functions.h
[3.285s] -- Up-to-date symlink: /home/wheeltec/wheeltec_robot/install/yesense_interface/include/yesense_interface/yesense_interface/msg/detail/pressure__struct.h
[3.285s] -- Up-to-date symlink: /home/wheeltec/wheeltec_robot/install/yesense_interface/include/yesense_interface/yesense_interface/msg/detail/pressure__type_support.h
[3.285s] -- Up-to-date symlink: /home/wheeltec/wheeltec_robot/install/yesense_interface/include/yesense_interface/yesense_interface/msg/detail/quat__functions.h
[3.285s] -- Up-to-date symlink: /home/wheeltec/wheeltec_robot/install/yesense_interface/include/yesense_interface/yesense_interface/msg/detail/quat__struct.h
[3.285s] -- Up-to-date symlink: /home/wheeltec/wheeltec_robot/install/yesense_interface/include/yesense_interface/yesense_interface/msg/detail/quat__type_support.h
[3.286s] -- Up-to-date symlink: /home/wheeltec/wheeltec_robot/install/yesense_interface/include/yesense_interface/yesense_interface/msg/detail/robot_lord__functions.h
[3.286s] -- Up-to-date symlink: /home/wheeltec/wheeltec_robot/install/yesense_interface/include/yesense_interface/yesense_interface/msg/detail/robot_lord__struct.h
[3.286s] -- Up-to-date symlink: /home/wheeltec/wheeltec_robot/install/yesense_interface/include/yesense_interface/yesense_interface/msg/detail/robot_lord__type_support.h
[3.286s] -- Up-to-date symlink: /home/wheeltec/wheeltec_robot/install/yesense_interface/include/yesense_interface/yesense_interface/msg/detail/sample_timestamp__functions.h
[3.286s] -- Up-to-date symlink: /home/wheeltec/wheeltec_robot/install/yesense_interface/include/yesense_interface/yesense_interface/msg/detail/sample_timestamp__struct.h
[3.286s] -- Up-to-date symlink: /home/wheeltec/wheeltec_robot/install/yesense_interface/include/yesense_interface/yesense_interface/msg/detail/sample_timestamp__type_support.h
[3.286s] -- Up-to-date symlink: /home/wheeltec/wheeltec_robot/install/yesense_interface/include/yesense_interface/yesense_interface/msg/detail/sensor_temp__functions.h
[3.286s] -- Up-to-date symlink: /home/wheeltec/wheeltec_robot/install/yesense_interface/include/yesense_interface/yesense_interface/msg/detail/sensor_temp__struct.h
[3.286s] -- Up-to-date symlink: /home/wheeltec/wheeltec_robot/install/yesense_interface/include/yesense_interface/yesense_interface/msg/detail/sensor_temp__type_support.h
[3.286s] -- Up-to-date symlink: /home/wheeltec/wheeltec_robot/install/yesense_interface/include/yesense_interface/yesense_interface/msg/detail/three_axis__functions.h
[3.287s] -- Up-to-date symlink: /home/wheeltec/wheeltec_robot/install/yesense_interface/include/yesense_interface/yesense_interface/msg/detail/three_axis__struct.h
[3.288s] -- Up-to-date symlink: /home/wheeltec/wheeltec_robot/install/yesense_interface/include/yesense_interface/yesense_interface/msg/detail/three_axis__type_support.h
[3.289s] -- Up-to-date symlink: /home/wheeltec/wheeltec_robot/install/yesense_interface/include/yesense_interface/yesense_interface/msg/detail/tid__functions.h
[3.289s] -- Up-to-date symlink: /home/wheeltec/wheeltec_robot/install/yesense_interface/include/yesense_interface/yesense_interface/msg/detail/tid__struct.h
[3.290s] -- Up-to-date symlink: /home/wheeltec/wheeltec_robot/install/yesense_interface/include/yesense_interface/yesense_interface/msg/detail/tid__type_support.h
[3.290s] -- Up-to-date symlink: /home/wheeltec/wheeltec_robot/install/yesense_interface/include/yesense_interface/yesense_interface/msg/detail/utc__functions.h
[3.291s] -- Up-to-date symlink: /home/wheeltec/wheeltec_robot/install/yesense_interface/include/yesense_interface/yesense_interface/msg/detail/utc__struct.h
[3.291s] -- Up-to-date symlink: /home/wheeltec/wheeltec_robot/install/yesense_interface/include/yesense_interface/yesense_interface/msg/detail/utc__type_support.h
[3.291s] -- Up-to-date symlink: /home/wheeltec/wheeltec_robot/install/yesense_interface/include/yesense_interface/yesense_interface/msg/detail/vel__functions.h
[3.292s] -- Up-to-date symlink: /home/wheeltec/wheeltec_robot/install/yesense_interface/include/yesense_interface/yesense_interface/msg/detail/vel__struct.h
[3.292s] -- Up-to-date symlink: /home/wheeltec/wheeltec_robot/install/yesense_interface/include/yesense_interface/yesense_interface/msg/detail/vel__type_support.h
[3.293s] -- Up-to-date symlink: /home/wheeltec/wheeltec_robot/install/yesense_interface/include/yesense_interface/yesense_interface/msg/euler_angle.h
[3.293s] -- Up-to-date symlink: /home/wheeltec/wheeltec_robot/install/yesense_interface/include/yesense_interface/yesense_interface/msg/euler_only.h
[3.294s] -- Up-to-date symlink: /home/wheeltec/wheeltec_robot/install/yesense_interface/include/yesense_interface/yesense_interface/msg/gnss_pos.h
[3.295s] -- Up-to-date symlink: /home/wheeltec/wheeltec_robot/install/yesense_interface/include/yesense_interface/yesense_interface/msg/imu_data.h
[3.295s] -- Up-to-date symlink: /home/wheeltec/wheeltec_robot/install/yesense_interface/include/yesense_interface/yesense_interface/msg/imu_data_ten_axis.h
[3.296s] -- Up-to-date symlink: /home/wheeltec/wheeltec_robot/install/yesense_interface/include/yesense_interface/yesense_interface/msg/nav_all.h
[3.297s] -- Up-to-date symlink: /home/wheeltec/wheeltec_robot/install/yesense_interface/include/yesense_interface/yesense_interface/msg/nav_min.h
[3.298s] -- Up-to-date symlink: /home/wheeltec/wheeltec_robot/install/yesense_interface/include/yesense_interface/yesense_interface/msg/nav_min_utc.h
[3.298s] -- Up-to-date symlink: /home/wheeltec/wheeltec_robot/install/yesense_interface/include/yesense_interface/yesense_interface/msg/nav_status.h
[3.299s] -- Up-to-date symlink: /home/wheeltec/wheeltec_robot/install/yesense_interface/include/yesense_interface/yesense_interface/msg/pos_only.h
[3.300s] -- Up-to-date symlink: /home/wheeltec/wheeltec_robot/install/yesense_interface/include/yesense_interface/yesense_interface/msg/pressure.h
[3.303s] -- Up-to-date symlink: /home/wheeltec/wheeltec_robot/install/yesense_interface/include/yesense_interface/yesense_interface/msg/quat.h
[3.303s] -- Up-to-date symlink: /home/wheeltec/wheeltec_robot/install/yesense_interface/include/yesense_interface/yesense_interface/msg/robot_lord.h
[3.304s] -- Up-to-date symlink: /home/wheeltec/wheeltec_robot/install/yesense_interface/include/yesense_interface/yesense_interface/msg/rosidl_generator_c__visibility_control.h
[3.304s] -- Up-to-date symlink: /home/wheeltec/wheeltec_robot/install/yesense_interface/include/yesense_interface/yesense_interface/msg/sample_timestamp.h
[3.304s] -- Up-to-date symlink: /home/wheeltec/wheeltec_robot/install/yesense_interface/include/yesense_interface/yesense_interface/msg/sensor_temp.h
[3.305s] -- Up-to-date symlink: /home/wheeltec/wheeltec_robot/install/yesense_interface/include/yesense_interface/yesense_interface/msg/three_axis.h
[3.317s] -- Up-to-date symlink: /home/wheeltec/wheeltec_robot/install/yesense_interface/include/yesense_interface/yesense_interface/msg/tid.h
[3.317s] -- Up-to-date symlink: /home/wheeltec/wheeltec_robot/install/yesense_interface/include/yesense_interface/yesense_interface/msg/utc.h
[3.318s] -- Up-to-date symlink: /home/wheeltec/wheeltec_robot/install/yesense_interface/include/yesense_interface/yesense_interface/msg/vel.h
[3.318s] -- Up-to-date symlink: /home/wheeltec/wheeltec_robot/install/yesense_interface/share/yesense_interface/environment/library_path.sh
[3.318s] -- Up-to-date symlink: /home/wheeltec/wheeltec_robot/install/yesense_interface/share/yesense_interface/environment/library_path.dsv
[3.319s] -- Up-to-date symlink: /home/wheeltec/wheeltec_robot/install/yesense_interface/include/yesense_interface/yesense_interface/msg/detail/attitude_all_data__rosidl_typesupport_fastrtps_c.h
[3.319s] -- Up-to-date symlink: /home/wheeltec/wheeltec_robot/install/yesense_interface/include/yesense_interface/yesense_interface/msg/detail/attitude_min_ahrs__rosidl_typesupport_fastrtps_c.h
[3.322s] -- Up-to-date symlink: /home/wheeltec/wheeltec_robot/install/yesense_interface/include/yesense_interface/yesense_interface/msg/detail/attitude_min_vru__rosidl_typesupport_fastrtps_c.h
[3.323s] -- Up-to-date symlink: /home/wheeltec/wheeltec_robot/install/yesense_interface/include/yesense_interface/yesense_interface/msg/detail/euler_angle__rosidl_typesupport_fastrtps_c.h
[3.323s] -- Up-to-date symlink: /home/wheeltec/wheeltec_robot/install/yesense_interface/include/yesense_interface/yesense_interface/msg/detail/euler_only__rosidl_typesupport_fastrtps_c.h
[3.340s] -- Up-to-date symlink: /home/wheeltec/wheeltec_robot/install/yesense_interface/include/yesense_interface/yesense_interface/msg/detail/gnss_pos__rosidl_typesupport_fastrtps_c.h
[3.340s] -- Up-to-date symlink: /home/wheeltec/wheeltec_robot/install/yesense_interface/include/yesense_interface/yesense_interface/msg/detail/imu_data__rosidl_typesupport_fastrtps_c.h
[3.340s] -- Up-to-date symlink: /home/wheeltec/wheeltec_robot/install/yesense_interface/include/yesense_interface/yesense_interface/msg/detail/imu_data_ten_axis__rosidl_typesupport_fastrtps_c.h
[3.340s] -- Up-to-date symlink: /home/wheeltec/wheeltec_robot/install/yesense_interface/include/yesense_interface/yesense_interface/msg/detail/nav_all__rosidl_typesupport_fastrtps_c.h
[3.340s] -- Up-to-date symlink: /home/wheeltec/wheeltec_robot/install/yesense_interface/include/yesense_interface/yesense_interface/msg/detail/nav_min__rosidl_typesupport_fastrtps_c.h
[3.340s] -- Up-to-date symlink: /home/wheeltec/wheeltec_robot/install/yesense_interface/include/yesense_interface/yesense_interface/msg/detail/nav_min_utc__rosidl_typesupport_fastrtps_c.h
[3.341s] -- Up-to-date symlink: /home/wheeltec/wheeltec_robot/install/yesense_interface/include/yesense_interface/yesense_interface/msg/detail/nav_status__rosidl_typesupport_fastrtps_c.h
[3.341s] -- Up-to-date symlink: /home/wheeltec/wheeltec_robot/install/yesense_interface/include/yesense_interface/yesense_interface/msg/detail/pos_only__rosidl_typesupport_fastrtps_c.h
[3.341s] -- Up-to-date symlink: /home/wheeltec/wheeltec_robot/install/yesense_interface/include/yesense_interface/yesense_interface/msg/detail/pressure__rosidl_typesupport_fastrtps_c.h
[3.341s] -- Up-to-date symlink: /home/wheeltec/wheeltec_robot/install/yesense_interface/include/yesense_interface/yesense_interface/msg/detail/quat__rosidl_typesupport_fastrtps_c.h
[3.341s] -- Up-to-date symlink: /home/wheeltec/wheeltec_robot/install/yesense_interface/include/yesense_interface/yesense_interface/msg/detail/robot_lord__rosidl_typesupport_fastrtps_c.h
[3.341s] -- Up-to-date symlink: /home/wheeltec/wheeltec_robot/install/yesense_interface/include/yesense_interface/yesense_interface/msg/detail/sample_timestamp__rosidl_typesupport_fastrtps_c.h
[3.341s] -- Up-to-date symlink: /home/wheeltec/wheeltec_robot/install/yesense_interface/include/yesense_interface/yesense_interface/msg/detail/sensor_temp__rosidl_typesupport_fastrtps_c.h
[3.341s] -- Up-to-date symlink: /home/wheeltec/wheeltec_robot/install/yesense_interface/include/yesense_interface/yesense_interface/msg/detail/three_axis__rosidl_typesupport_fastrtps_c.h
[3.341s] -- Up-to-date symlink: /home/wheeltec/wheeltec_robot/install/yesense_interface/include/yesense_interface/yesense_interface/msg/detail/tid__rosidl_typesupport_fastrtps_c.h
[3.341s] -- Up-to-date symlink: /home/wheeltec/wheeltec_robot/install/yesense_interface/include/yesense_interface/yesense_interface/msg/detail/utc__rosidl_typesupport_fastrtps_c.h
[3.342s] -- Up-to-date symlink: /home/wheeltec/wheeltec_robot/install/yesense_interface/include/yesense_interface/yesense_interface/msg/detail/vel__rosidl_typesupport_fastrtps_c.h
[3.342s] -- Up-to-date symlink: /home/wheeltec/wheeltec_robot/install/yesense_interface/include/yesense_interface/yesense_interface/msg/rosidl_typesupport_fastrtps_c__visibility_control.h
[3.342s] -- Up-to-date symlink: /home/wheeltec/wheeltec_robot/install/yesense_interface/include/yesense_interface/yesense_interface/msg/detail/attitude_all_data__rosidl_typesupport_introspection_c.h
[3.342s] -- Up-to-date symlink: /home/wheeltec/wheeltec_robot/install/yesense_interface/include/yesense_interface/yesense_interface/msg/detail/attitude_min_ahrs__rosidl_typesupport_introspection_c.h
[3.342s] -- Up-to-date symlink: /home/wheeltec/wheeltec_robot/install/yesense_interface/include/yesense_interface/yesense_interface/msg/detail/attitude_min_vru__rosidl_typesupport_introspection_c.h
[3.342s] -- Up-to-date symlink: /home/wheeltec/wheeltec_robot/install/yesense_interface/include/yesense_interface/yesense_interface/msg/detail/euler_angle__rosidl_typesupport_introspection_c.h
[3.343s] -- Up-to-date symlink: /home/wheeltec/wheeltec_robot/install/yesense_interface/include/yesense_interface/yesense_interface/msg/detail/euler_only__rosidl_typesupport_introspection_c.h
[3.343s] -- Up-to-date symlink: /home/wheeltec/wheeltec_robot/install/yesense_interface/include/yesense_interface/yesense_interface/msg/detail/gnss_pos__rosidl_typesupport_introspection_c.h
[3.343s] -- Up-to-date symlink: /home/wheeltec/wheeltec_robot/install/yesense_interface/include/yesense_interface/yesense_interface/msg/detail/imu_data__rosidl_typesupport_introspection_c.h
[3.343s] -- Up-to-date symlink: /home/wheeltec/wheeltec_robot/install/yesense_interface/include/yesense_interface/yesense_interface/msg/detail/imu_data_ten_axis__rosidl_typesupport_introspection_c.h
[3.343s] -- Up-to-date symlink: /home/wheeltec/wheeltec_robot/install/yesense_interface/include/yesense_interface/yesense_interface/msg/detail/nav_all__rosidl_typesupport_introspection_c.h
[3.343s] -- Up-to-date symlink: /home/wheeltec/wheeltec_robot/install/yesense_interface/include/yesense_interface/yesense_interface/msg/detail/nav_min__rosidl_typesupport_introspection_c.h
[3.343s] -- Up-to-date symlink: /home/wheeltec/wheeltec_robot/install/yesense_interface/include/yesense_interface/yesense_interface/msg/detail/nav_min_utc__rosidl_typesupport_introspection_c.h
[3.343s] -- Up-to-date symlink: /home/wheeltec/wheeltec_robot/install/yesense_interface/include/yesense_interface/yesense_interface/msg/detail/nav_status__rosidl_typesupport_introspection_c.h
[3.343s] -- Up-to-date symlink: /home/wheeltec/wheeltec_robot/install/yesense_interface/include/yesense_interface/yesense_interface/msg/detail/pos_only__rosidl_typesupport_introspection_c.h
[3.344s] -- Up-to-date symlink: /home/wheeltec/wheeltec_robot/install/yesense_interface/include/yesense_interface/yesense_interface/msg/detail/pressure__rosidl_typesupport_introspection_c.h
[3.344s] -- Up-to-date symlink: /home/wheeltec/wheeltec_robot/install/yesense_interface/include/yesense_interface/yesense_interface/msg/detail/quat__rosidl_typesupport_introspection_c.h
[3.344s] -- Up-to-date symlink: /home/wheeltec/wheeltec_robot/install/yesense_interface/include/yesense_interface/yesense_interface/msg/detail/robot_lord__rosidl_typesupport_introspection_c.h
[3.344s] -- Up-to-date symlink: /home/wheeltec/wheeltec_robot/install/yesense_interface/include/yesense_interface/yesense_interface/msg/detail/sample_timestamp__rosidl_typesupport_introspection_c.h
[3.344s] -- Up-to-date symlink: /home/wheeltec/wheeltec_robot/install/yesense_interface/include/yesense_interface/yesense_interface/msg/detail/sensor_temp__rosidl_typesupport_introspection_c.h
[3.344s] -- Up-to-date symlink: /home/wheeltec/wheeltec_robot/install/yesense_interface/include/yesense_interface/yesense_interface/msg/detail/three_axis__rosidl_typesupport_introspection_c.h
[3.345s] -- Up-to-date symlink: /home/wheeltec/wheeltec_robot/install/yesense_interface/include/yesense_interface/yesense_interface/msg/detail/tid__rosidl_typesupport_introspection_c.h
[3.345s] -- Up-to-date symlink: /home/wheeltec/wheeltec_robot/install/yesense_interface/include/yesense_interface/yesense_interface/msg/detail/utc__rosidl_typesupport_introspection_c.h
[3.345s] -- Up-to-date symlink: /home/wheeltec/wheeltec_robot/install/yesense_interface/include/yesense_interface/yesense_interface/msg/detail/vel__rosidl_typesupport_introspection_c.h
[3.345s] -- Up-to-date symlink: /home/wheeltec/wheeltec_robot/install/yesense_interface/include/yesense_interface/yesense_interface/msg/rosidl_typesupport_introspection_c__visibility_control.h
[3.345s] -- Up-to-date symlink: /home/wheeltec/wheeltec_robot/install/yesense_interface/include/yesense_interface/yesense_interface/msg/attitude_all_data.hpp
[3.345s] -- Up-to-date symlink: /home/wheeltec/wheeltec_robot/install/yesense_interface/include/yesense_interface/yesense_interface/msg/attitude_min_ahrs.hpp
[3.345s] -- Up-to-date symlink: /home/wheeltec/wheeltec_robot/install/yesense_interface/include/yesense_interface/yesense_interface/msg/attitude_min_vru.hpp
[3.346s] -- Up-to-date symlink: /home/wheeltec/wheeltec_robot/install/yesense_interface/include/yesense_interface/yesense_interface/msg/detail/attitude_all_data__builder.hpp
[3.346s] -- Up-to-date symlink: /home/wheeltec/wheeltec_robot/install/yesense_interface/include/yesense_interface/yesense_interface/msg/detail/attitude_all_data__struct.hpp
[3.346s] -- Up-to-date symlink: /home/wheeltec/wheeltec_robot/install/yesense_interface/include/yesense_interface/yesense_interface/msg/detail/attitude_all_data__traits.hpp
[3.346s] -- Up-to-date symlink: /home/wheeltec/wheeltec_robot/install/yesense_interface/include/yesense_interface/yesense_interface/msg/detail/attitude_all_data__type_support.hpp
[3.346s] -- Up-to-date symlink: /home/wheeltec/wheeltec_robot/install/yesense_interface/include/yesense_interface/yesense_interface/msg/detail/attitude_min_ahrs__builder.hpp
[3.346s] -- Up-to-date symlink: /home/wheeltec/wheeltec_robot/install/yesense_interface/include/yesense_interface/yesense_interface/msg/detail/attitude_min_ahrs__struct.hpp
[3.347s] -- Up-to-date symlink: /home/wheeltec/wheeltec_robot/install/yesense_interface/include/yesense_interface/yesense_interface/msg/detail/attitude_min_ahrs__traits.hpp
[3.347s] -- Up-to-date symlink: /home/wheeltec/wheeltec_robot/install/yesense_interface/include/yesense_interface/yesense_interface/msg/detail/attitude_min_ahrs__type_support.hpp
[3.347s] -- Up-to-date symlink: /home/wheeltec/wheeltec_robot/install/yesense_interface/include/yesense_interface/yesense_interface/msg/detail/attitude_min_vru__builder.hpp
[3.347s] -- Up-to-date symlink: /home/wheeltec/wheeltec_robot/install/yesense_interface/include/yesense_interface/yesense_interface/msg/detail/attitude_min_vru__struct.hpp
[3.350s] -- Up-to-date symlink: /home/wheeltec/wheeltec_robot/install/yesense_interface/include/yesense_interface/yesense_interface/msg/detail/attitude_min_vru__traits.hpp
[3.350s] -- Up-to-date symlink: /home/wheeltec/wheeltec_robot/install/yesense_interface/include/yesense_interface/yesense_interface/msg/detail/attitude_min_vru__type_support.hpp
[3.350s] -- Up-to-date symlink: /home/wheeltec/wheeltec_robot/install/yesense_interface/include/yesense_interface/yesense_interface/msg/detail/euler_angle__builder.hpp
[3.350s] -- Up-to-date symlink: /home/wheeltec/wheeltec_robot/install/yesense_interface/include/yesense_interface/yesense_interface/msg/detail/euler_angle__struct.hpp
[3.350s] -- Up-to-date symlink: /home/wheeltec/wheeltec_robot/install/yesense_interface/include/yesense_interface/yesense_interface/msg/detail/euler_angle__traits.hpp
[3.351s] -- Up-to-date symlink: /home/wheeltec/wheeltec_robot/install/yesense_interface/include/yesense_interface/yesense_interface/msg/detail/euler_angle__type_support.hpp
[3.351s] -- Up-to-date symlink: /home/wheeltec/wheeltec_robot/install/yesense_interface/include/yesense_interface/yesense_interface/msg/detail/euler_only__builder.hpp
[3.351s] -- Up-to-date symlink: /home/wheeltec/wheeltec_robot/install/yesense_interface/include/yesense_interface/yesense_interface/msg/detail/euler_only__struct.hpp
[3.351s] -- Up-to-date symlink: /home/wheeltec/wheeltec_robot/install/yesense_interface/include/yesense_interface/yesense_interface/msg/detail/euler_only__traits.hpp
[3.351s] -- Up-to-date symlink: /home/wheeltec/wheeltec_robot/install/yesense_interface/include/yesense_interface/yesense_interface/msg/detail/euler_only__type_support.hpp
[3.351s] -- Up-to-date symlink: /home/wheeltec/wheeltec_robot/install/yesense_interface/include/yesense_interface/yesense_interface/msg/detail/gnss_pos__builder.hpp
[3.352s] -- Up-to-date symlink: /home/wheeltec/wheeltec_robot/install/yesense_interface/include/yesense_interface/yesense_interface/msg/detail/gnss_pos__struct.hpp
[3.352s] -- Up-to-date symlink: /home/wheeltec/wheeltec_robot/install/yesense_interface/include/yesense_interface/yesense_interface/msg/detail/gnss_pos__traits.hpp
[3.352s] -- Up-to-date symlink: /home/wheeltec/wheeltec_robot/install/yesense_interface/include/yesense_interface/yesense_interface/msg/detail/gnss_pos__type_support.hpp
[3.352s] -- Up-to-date symlink: /home/wheeltec/wheeltec_robot/install/yesense_interface/include/yesense_interface/yesense_interface/msg/detail/imu_data__builder.hpp
[3.352s] -- Up-to-date symlink: /home/wheeltec/wheeltec_robot/install/yesense_interface/include/yesense_interface/yesense_interface/msg/detail/imu_data__struct.hpp
[3.352s] -- Up-to-date symlink: /home/wheeltec/wheeltec_robot/install/yesense_interface/include/yesense_interface/yesense_interface/msg/detail/imu_data__traits.hpp
[3.352s] -- Up-to-date symlink: /home/wheeltec/wheeltec_robot/install/yesense_interface/include/yesense_interface/yesense_interface/msg/detail/imu_data__type_support.hpp
[3.353s] -- Up-to-date symlink: /home/wheeltec/wheeltec_robot/install/yesense_interface/include/yesense_interface/yesense_interface/msg/detail/imu_data_ten_axis__builder.hpp
[3.353s] -- Up-to-date symlink: /home/wheeltec/wheeltec_robot/install/yesense_interface/include/yesense_interface/yesense_interface/msg/detail/imu_data_ten_axis__struct.hpp
[3.353s] -- Up-to-date symlink: /home/wheeltec/wheeltec_robot/install/yesense_interface/include/yesense_interface/yesense_interface/msg/detail/imu_data_ten_axis__traits.hpp
[3.353s] -- Up-to-date symlink: /home/wheeltec/wheeltec_robot/install/yesense_interface/include/yesense_interface/yesense_interface/msg/detail/imu_data_ten_axis__type_support.hpp
[3.353s] -- Up-to-date symlink: /home/wheeltec/wheeltec_robot/install/yesense_interface/include/yesense_interface/yesense_interface/msg/detail/nav_all__builder.hpp
[3.371s] -- Up-to-date symlink: /home/wheeltec/wheeltec_robot/install/yesense_interface/include/yesense_interface/yesense_interface/msg/detail/nav_all__struct.hpp
[3.372s] -- Up-to-date symlink: /home/wheeltec/wheeltec_robot/install/yesense_interface/include/yesense_interface/yesense_interface/msg/detail/nav_all__traits.hpp
[3.373s] -- Up-to-date symlink: /home/wheeltec/wheeltec_robot/install/yesense_interface/include/yesense_interface/yesense_interface/msg/detail/nav_all__type_support.hpp
[3.373s] -- Up-to-date symlink: /home/wheeltec/wheeltec_robot/install/yesense_interface/include/yesense_interface/yesense_interface/msg/detail/nav_min__builder.hpp
[3.373s] -- Up-to-date symlink: /home/wheeltec/wheeltec_robot/install/yesense_interface/include/yesense_interface/yesense_interface/msg/detail/nav_min__struct.hpp
[3.373s] -- Up-to-date symlink: /home/wheeltec/wheeltec_robot/install/yesense_interface/include/yesense_interface/yesense_interface/msg/detail/nav_min__traits.hpp
[3.373s] -- Up-to-date symlink: /home/wheeltec/wheeltec_robot/install/yesense_interface/include/yesense_interface/yesense_interface/msg/detail/nav_min__type_support.hpp
[3.374s] -- Up-to-date symlink: /home/wheeltec/wheeltec_robot/install/yesense_interface/include/yesense_interface/yesense_interface/msg/detail/nav_min_utc__builder.hpp
[3.374s] -- Up-to-date symlink: /home/wheeltec/wheeltec_robot/install/yesense_interface/include/yesense_interface/yesense_interface/msg/detail/nav_min_utc__struct.hpp
[3.374s] -- Up-to-date symlink: /home/wheeltec/wheeltec_robot/install/yesense_interface/include/yesense_interface/yesense_interface/msg/detail/nav_min_utc__traits.hpp
[3.374s] -- Up-to-date symlink: /home/wheeltec/wheeltec_robot/install/yesense_interface/include/yesense_interface/yesense_interface/msg/detail/nav_min_utc__type_support.hpp
[3.374s] -- Up-to-date symlink: /home/wheeltec/wheeltec_robot/install/yesense_interface/include/yesense_interface/yesense_interface/msg/detail/nav_status__builder.hpp
[3.374s] -- Up-to-date symlink: /home/wheeltec/wheeltec_robot/install/yesense_interface/include/yesense_interface/yesense_interface/msg/detail/nav_status__struct.hpp
[3.375s] -- Up-to-date symlink: /home/wheeltec/wheeltec_robot/install/yesense_interface/include/yesense_interface/yesense_interface/msg/detail/nav_status__traits.hpp
[3.375s] -- Up-to-date symlink: /home/wheeltec/wheeltec_robot/install/yesense_interface/include/yesense_interface/yesense_interface/msg/detail/nav_status__type_support.hpp
[3.375s] -- Up-to-date symlink: /home/wheeltec/wheeltec_robot/install/yesense_interface/include/yesense_interface/yesense_interface/msg/detail/pos_only__builder.hpp
[3.375s] -- Up-to-date symlink: /home/wheeltec/wheeltec_robot/install/yesense_interface/include/yesense_interface/yesense_interface/msg/detail/pos_only__struct.hpp
[3.375s] -- Up-to-date symlink: /home/wheeltec/wheeltec_robot/install/yesense_interface/include/yesense_interface/yesense_interface/msg/detail/pos_only__traits.hpp
[3.375s] -- Up-to-date symlink: /home/wheeltec/wheeltec_robot/install/yesense_interface/include/yesense_interface/yesense_interface/msg/detail/pos_only__type_support.hpp
[3.375s] -- Up-to-date symlink: /home/wheeltec/wheeltec_robot/install/yesense_interface/include/yesense_interface/yesense_interface/msg/detail/pressure__builder.hpp
[3.375s] -- Up-to-date symlink: /home/wheeltec/wheeltec_robot/install/yesense_interface/include/yesense_interface/yesense_interface/msg/detail/pressure__struct.hpp
[3.376s] -- Up-to-date symlink: /home/wheeltec/wheeltec_robot/install/yesense_interface/include/yesense_interface/yesense_interface/msg/detail/pressure__traits.hpp
[3.376s] -- Up-to-date symlink: /home/wheeltec/wheeltec_robot/install/yesense_interface/include/yesense_interface/yesense_interface/msg/detail/pressure__type_support.hpp
[3.376s] -- Up-to-date symlink: /home/wheeltec/wheeltec_robot/install/yesense_interface/include/yesense_interface/yesense_interface/msg/detail/quat__builder.hpp
[3.386s] -- Up-to-date symlink: /home/wheeltec/wheeltec_robot/install/yesense_interface/include/yesense_interface/yesense_interface/msg/detail/quat__struct.hpp
[3.386s] -- Up-to-date symlink: /home/wheeltec/wheeltec_robot/install/yesense_interface/include/yesense_interface/yesense_interface/msg/detail/quat__traits.hpp
[3.386s] -- Up-to-date symlink: /home/wheeltec/wheeltec_robot/install/yesense_interface/include/yesense_interface/yesense_interface/msg/detail/quat__type_support.hpp
[3.386s] -- Up-to-date symlink: /home/wheeltec/wheeltec_robot/install/yesense_interface/include/yesense_interface/yesense_interface/msg/detail/robot_lord__builder.hpp
[3.387s] -- Up-to-date symlink: /home/wheeltec/wheeltec_robot/install/yesense_interface/include/yesense_interface/yesense_interface/msg/detail/robot_lord__struct.hpp
[3.387s] -- Up-to-date symlink: /home/wheeltec/wheeltec_robot/install/yesense_interface/include/yesense_interface/yesense_interface/msg/detail/robot_lord__traits.hpp
[3.387s] -- Up-to-date symlink: /home/wheeltec/wheeltec_robot/install/yesense_interface/include/yesense_interface/yesense_interface/msg/detail/robot_lord__type_support.hpp
[3.387s] -- Up-to-date symlink: /home/wheeltec/wheeltec_robot/install/yesense_interface/include/yesense_interface/yesense_interface/msg/detail/sample_timestamp__builder.hpp
[3.387s] -- Up-to-date symlink: /home/wheeltec/wheeltec_robot/install/yesense_interface/include/yesense_interface/yesense_interface/msg/detail/sample_timestamp__struct.hpp
[3.387s] -- Up-to-date symlink: /home/wheeltec/wheeltec_robot/install/yesense_interface/include/yesense_interface/yesense_interface/msg/detail/sample_timestamp__traits.hpp
[3.388s] -- Up-to-date symlink: /home/wheeltec/wheeltec_robot/install/yesense_interface/include/yesense_interface/yesense_interface/msg/detail/sample_timestamp__type_support.hpp
[3.388s] -- Up-to-date symlink: /home/wheeltec/wheeltec_robot/install/yesense_interface/include/yesense_interface/yesense_interface/msg/detail/sensor_temp__builder.hpp
[3.388s] -- Up-to-date symlink: /home/wheeltec/wheeltec_robot/install/yesense_interface/include/yesense_interface/yesense_interface/msg/detail/sensor_temp__struct.hpp
[3.388s] -- Up-to-date symlink: /home/wheeltec/wheeltec_robot/install/yesense_interface/include/yesense_interface/yesense_interface/msg/detail/sensor_temp__traits.hpp
[3.388s] -- Up-to-date symlink: /home/wheeltec/wheeltec_robot/install/yesense_interface/include/yesense_interface/yesense_interface/msg/detail/sensor_temp__type_support.hpp
[3.388s] -- Up-to-date symlink: /home/wheeltec/wheeltec_robot/install/yesense_interface/include/yesense_interface/yesense_interface/msg/detail/three_axis__builder.hpp
[3.388s] -- Up-to-date symlink: /home/wheeltec/wheeltec_robot/install/yesense_interface/include/yesense_interface/yesense_interface/msg/detail/three_axis__struct.hpp
[3.389s] -- Up-to-date symlink: /home/wheeltec/wheeltec_robot/install/yesense_interface/include/yesense_interface/yesense_interface/msg/detail/three_axis__traits.hpp
[3.389s] -- Up-to-date symlink: /home/wheeltec/wheeltec_robot/install/yesense_interface/include/yesense_interface/yesense_interface/msg/detail/three_axis__type_support.hpp
[3.389s] -- Up-to-date symlink: /home/wheeltec/wheeltec_robot/install/yesense_interface/include/yesense_interface/yesense_interface/msg/detail/tid__builder.hpp
[3.389s] -- Up-to-date symlink: /home/wheeltec/wheeltec_robot/install/yesense_interface/include/yesense_interface/yesense_interface/msg/detail/tid__struct.hpp
[3.389s] -- Up-to-date symlink: /home/wheeltec/wheeltec_robot/install/yesense_interface/include/yesense_interface/yesense_interface/msg/detail/tid__traits.hpp
[3.389s] -- Up-to-date symlink: /home/wheeltec/wheeltec_robot/install/yesense_interface/include/yesense_interface/yesense_interface/msg/detail/tid__type_support.hpp
[3.390s] -- Up-to-date symlink: /home/wheeltec/wheeltec_robot/install/yesense_interface/include/yesense_interface/yesense_interface/msg/detail/utc__builder.hpp
[3.390s] -- Up-to-date symlink: /home/wheeltec/wheeltec_robot/install/yesense_interface/include/yesense_interface/yesense_interface/msg/detail/utc__struct.hpp
[3.390s] -- Up-to-date symlink: /home/wheeltec/wheeltec_robot/install/yesense_interface/include/yesense_interface/yesense_interface/msg/detail/utc__traits.hpp
[3.400s] -- Up-to-date symlink: /home/wheeltec/wheeltec_robot/install/yesense_interface/include/yesense_interface/yesense_interface/msg/detail/utc__type_support.hpp
[3.400s] -- Up-to-date symlink: /home/wheeltec/wheeltec_robot/install/yesense_interface/include/yesense_interface/yesense_interface/msg/detail/vel__builder.hpp
[3.400s] -- Up-to-date symlink: /home/wheeltec/wheeltec_robot/install/yesense_interface/include/yesense_interface/yesense_interface/msg/detail/vel__struct.hpp
[3.400s] -- Up-to-date symlink: /home/wheeltec/wheeltec_robot/install/yesense_interface/include/yesense_interface/yesense_interface/msg/detail/vel__traits.hpp
[3.401s] -- Up-to-date symlink: /home/wheeltec/wheeltec_robot/install/yesense_interface/include/yesense_interface/yesense_interface/msg/detail/vel__type_support.hpp
[3.401s] -- Up-to-date symlink: /home/wheeltec/wheeltec_robot/install/yesense_interface/include/yesense_interface/yesense_interface/msg/euler_angle.hpp
[3.401s] -- Up-to-date symlink: /home/wheeltec/wheeltec_robot/install/yesense_interface/include/yesense_interface/yesense_interface/msg/euler_only.hpp
[3.401s] -- Up-to-date symlink: /home/wheeltec/wheeltec_robot/install/yesense_interface/include/yesense_interface/yesense_interface/msg/gnss_pos.hpp
[3.401s] -- Up-to-date symlink: /home/wheeltec/wheeltec_robot/install/yesense_interface/include/yesense_interface/yesense_interface/msg/imu_data.hpp
[3.401s] -- Up-to-date symlink: /home/wheeltec/wheeltec_robot/install/yesense_interface/include/yesense_interface/yesense_interface/msg/imu_data_ten_axis.hpp
[3.402s] -- Up-to-date symlink: /home/wheeltec/wheeltec_robot/install/yesense_interface/include/yesense_interface/yesense_interface/msg/nav_all.hpp
[3.402s] -- Up-to-date symlink: /home/wheeltec/wheeltec_robot/install/yesense_interface/include/yesense_interface/yesense_interface/msg/nav_min.hpp
[3.402s] -- Up-to-date symlink: /home/wheeltec/wheeltec_robot/install/yesense_interface/include/yesense_interface/yesense_interface/msg/nav_min_utc.hpp
[3.402s] -- Up-to-date symlink: /home/wheeltec/wheeltec_robot/install/yesense_interface/include/yesense_interface/yesense_interface/msg/nav_status.hpp
[3.402s] -- Up-to-date symlink: /home/wheeltec/wheeltec_robot/install/yesense_interface/include/yesense_interface/yesense_interface/msg/pos_only.hpp
[3.402s] -- Up-to-date symlink: /home/wheeltec/wheeltec_robot/install/yesense_interface/include/yesense_interface/yesense_interface/msg/pressure.hpp
[3.402s] -- Up-to-date symlink: /home/wheeltec/wheeltec_robot/install/yesense_interface/include/yesense_interface/yesense_interface/msg/quat.hpp
[3.402s] -- Up-to-date symlink: /home/wheeltec/wheeltec_robot/install/yesense_interface/include/yesense_interface/yesense_interface/msg/robot_lord.hpp
[3.403s] -- Up-to-date symlink: /home/wheeltec/wheeltec_robot/install/yesense_interface/include/yesense_interface/yesense_interface/msg/rosidl_generator_cpp__visibility_control.hpp
[3.403s] -- Up-to-date symlink: /home/wheeltec/wheeltec_robot/install/yesense_interface/include/yesense_interface/yesense_interface/msg/sample_timestamp.hpp
[3.403s] -- Up-to-date symlink: /home/wheeltec/wheeltec_robot/install/yesense_interface/include/yesense_interface/yesense_interface/msg/sensor_temp.hpp
[3.403s] -- Up-to-date symlink: /home/wheeltec/wheeltec_robot/install/yesense_interface/include/yesense_interface/yesense_interface/msg/three_axis.hpp
[3.403s] -- Up-to-date symlink: /home/wheeltec/wheeltec_robot/install/yesense_interface/include/yesense_interface/yesense_interface/msg/tid.hpp
[3.403s] -- Up-to-date symlink: /home/wheeltec/wheeltec_robot/install/yesense_interface/include/yesense_interface/yesense_interface/msg/utc.hpp
[3.404s] -- Up-to-date symlink: /home/wheeltec/wheeltec_robot/install/yesense_interface/include/yesense_interface/yesense_interface/msg/vel.hpp
[3.404s] -- Up-to-date symlink: /home/wheeltec/wheeltec_robot/install/yesense_interface/include/yesense_interface/yesense_interface/msg/detail/attitude_all_data__rosidl_typesupport_fastrtps_cpp.hpp
[3.404s] -- Up-to-date symlink: /home/wheeltec/wheeltec_robot/install/yesense_interface/include/yesense_interface/yesense_interface/msg/detail/attitude_min_ahrs__rosidl_typesupport_fastrtps_cpp.hpp
[3.404s] -- Up-to-date symlink: /home/wheeltec/wheeltec_robot/install/yesense_interface/include/yesense_interface/yesense_interface/msg/detail/attitude_min_vru__rosidl_typesupport_fastrtps_cpp.hpp
[3.404s] -- Up-to-date symlink: /home/wheeltec/wheeltec_robot/install/yesense_interface/include/yesense_interface/yesense_interface/msg/detail/euler_angle__rosidl_typesupport_fastrtps_cpp.hpp
[3.404s] -- Up-to-date symlink: /home/wheeltec/wheeltec_robot/install/yesense_interface/include/yesense_interface/yesense_interface/msg/detail/euler_only__rosidl_typesupport_fastrtps_cpp.hpp
[3.405s] -- Up-to-date symlink: /home/wheeltec/wheeltec_robot/install/yesense_interface/include/yesense_interface/yesense_interface/msg/detail/gnss_pos__rosidl_typesupport_fastrtps_cpp.hpp
[3.405s] -- Up-to-date symlink: /home/wheeltec/wheeltec_robot/install/yesense_interface/include/yesense_interface/yesense_interface/msg/detail/imu_data__rosidl_typesupport_fastrtps_cpp.hpp
[3.405s] -- Up-to-date symlink: /home/wheeltec/wheeltec_robot/install/yesense_interface/include/yesense_interface/yesense_interface/msg/detail/imu_data_ten_axis__rosidl_typesupport_fastrtps_cpp.hpp
[3.405s] -- Up-to-date symlink: /home/wheeltec/wheeltec_robot/install/yesense_interface/include/yesense_interface/yesense_interface/msg/detail/nav_all__rosidl_typesupport_fastrtps_cpp.hpp
[3.405s] -- Up-to-date symlink: /home/wheeltec/wheeltec_robot/install/yesense_interface/include/yesense_interface/yesense_interface/msg/detail/nav_min__rosidl_typesupport_fastrtps_cpp.hpp
[3.405s] -- Up-to-date symlink: /home/wheeltec/wheeltec_robot/install/yesense_interface/include/yesense_interface/yesense_interface/msg/detail/nav_min_utc__rosidl_typesupport_fastrtps_cpp.hpp
[3.410s] -- Up-to-date symlink: /home/wheeltec/wheeltec_robot/install/yesense_interface/include/yesense_interface/yesense_interface/msg/detail/nav_status__rosidl_typesupport_fastrtps_cpp.hpp
[3.410s] -- Up-to-date symlink: /home/wheeltec/wheeltec_robot/install/yesense_interface/include/yesense_interface/yesense_interface/msg/detail/pos_only__rosidl_typesupport_fastrtps_cpp.hpp
[3.410s] -- Up-to-date symlink: /home/wheeltec/wheeltec_robot/install/yesense_interface/include/yesense_interface/yesense_interface/msg/detail/pressure__rosidl_typesupport_fastrtps_cpp.hpp
[3.410s] -- Up-to-date symlink: /home/wheeltec/wheeltec_robot/install/yesense_interface/include/yesense_interface/yesense_interface/msg/detail/quat__rosidl_typesupport_fastrtps_cpp.hpp
[3.411s] -- Up-to-date symlink: /home/wheeltec/wheeltec_robot/install/yesense_interface/include/yesense_interface/yesense_interface/msg/detail/robot_lord__rosidl_typesupport_fastrtps_cpp.hpp
[3.411s] -- Up-to-date symlink: /home/wheeltec/wheeltec_robot/install/yesense_interface/include/yesense_interface/yesense_interface/msg/detail/sample_timestamp__rosidl_typesupport_fastrtps_cpp.hpp
[3.411s] -- Up-to-date symlink: /home/wheeltec/wheeltec_robot/install/yesense_interface/include/yesense_interface/yesense_interface/msg/detail/sensor_temp__rosidl_typesupport_fastrtps_cpp.hpp
[3.411s] -- Up-to-date symlink: /home/wheeltec/wheeltec_robot/install/yesense_interface/include/yesense_interface/yesense_interface/msg/detail/three_axis__rosidl_typesupport_fastrtps_cpp.hpp
[3.411s] -- Up-to-date symlink: /home/wheeltec/wheeltec_robot/install/yesense_interface/include/yesense_interface/yesense_interface/msg/detail/tid__rosidl_typesupport_fastrtps_cpp.hpp
[3.411s] -- Up-to-date symlink: /home/wheeltec/wheeltec_robot/install/yesense_interface/include/yesense_interface/yesense_interface/msg/detail/utc__rosidl_typesupport_fastrtps_cpp.hpp
[3.411s] -- Up-to-date symlink: /home/wheeltec/wheeltec_robot/install/yesense_interface/include/yesense_interface/yesense_interface/msg/detail/vel__rosidl_typesupport_fastrtps_cpp.hpp
[3.412s] -- Up-to-date symlink: /home/wheeltec/wheeltec_robot/install/yesense_interface/include/yesense_interface/yesense_interface/msg/rosidl_typesupport_fastrtps_cpp__visibility_control.h
[3.412s] -- Up-to-date symlink: /home/wheeltec/wheeltec_robot/install/yesense_interface/include/yesense_interface/yesense_interface/msg/detail/attitude_all_data__rosidl_typesupport_introspection_cpp.hpp
[3.412s] -- Up-to-date symlink: /home/wheeltec/wheeltec_robot/install/yesense_interface/include/yesense_interface/yesense_interface/msg/detail/attitude_min_ahrs__rosidl_typesupport_introspection_cpp.hpp
[3.412s] -- Up-to-date symlink: /home/wheeltec/wheeltec_robot/install/yesense_interface/include/yesense_interface/yesense_interface/msg/detail/attitude_min_vru__rosidl_typesupport_introspection_cpp.hpp
[3.412s] -- Up-to-date symlink: /home/wheeltec/wheeltec_robot/install/yesense_interface/include/yesense_interface/yesense_interface/msg/detail/euler_angle__rosidl_typesupport_introspection_cpp.hpp
[3.412s] -- Up-to-date symlink: /home/wheeltec/wheeltec_robot/install/yesense_interface/include/yesense_interface/yesense_interface/msg/detail/euler_only__rosidl_typesupport_introspection_cpp.hpp
[3.412s] -- Up-to-date symlink: /home/wheeltec/wheeltec_robot/install/yesense_interface/include/yesense_interface/yesense_interface/msg/detail/gnss_pos__rosidl_typesupport_introspection_cpp.hpp
[3.413s] -- Up-to-date symlink: /home/wheeltec/wheeltec_robot/install/yesense_interface/include/yesense_interface/yesense_interface/msg/detail/imu_data__rosidl_typesupport_introspection_cpp.hpp
[3.413s] -- Up-to-date symlink: /home/wheeltec/wheeltec_robot/install/yesense_interface/include/yesense_interface/yesense_interface/msg/detail/imu_data_ten_axis__rosidl_typesupport_introspection_cpp.hpp
[3.413s] -- Up-to-date symlink: /home/wheeltec/wheeltec_robot/install/yesense_interface/include/yesense_interface/yesense_interface/msg/detail/nav_all__rosidl_typesupport_introspection_cpp.hpp
[3.413s] -- Up-to-date symlink: /home/wheeltec/wheeltec_robot/install/yesense_interface/include/yesense_interface/yesense_interface/msg/detail/nav_min__rosidl_typesupport_introspection_cpp.hpp
[3.413s] -- Up-to-date symlink: /home/wheeltec/wheeltec_robot/install/yesense_interface/include/yesense_interface/yesense_interface/msg/detail/nav_min_utc__rosidl_typesupport_introspection_cpp.hpp
[3.413s] -- Up-to-date symlink: /home/wheeltec/wheeltec_robot/install/yesense_interface/include/yesense_interface/yesense_interface/msg/detail/nav_status__rosidl_typesupport_introspection_cpp.hpp
[3.413s] -- Up-to-date symlink: /home/wheeltec/wheeltec_robot/install/yesense_interface/include/yesense_interface/yesense_interface/msg/detail/pos_only__rosidl_typesupport_introspection_cpp.hpp
[3.413s] -- Up-to-date symlink: /home/wheeltec/wheeltec_robot/install/yesense_interface/include/yesense_interface/yesense_interface/msg/detail/pressure__rosidl_typesupport_introspection_cpp.hpp
[3.413s] -- Up-to-date symlink: /home/wheeltec/wheeltec_robot/install/yesense_interface/include/yesense_interface/yesense_interface/msg/detail/quat__rosidl_typesupport_introspection_cpp.hpp
[3.414s] -- Up-to-date symlink: /home/wheeltec/wheeltec_robot/install/yesense_interface/include/yesense_interface/yesense_interface/msg/detail/robot_lord__rosidl_typesupport_introspection_cpp.hpp
[3.414s] -- Up-to-date symlink: /home/wheeltec/wheeltec_robot/install/yesense_interface/include/yesense_interface/yesense_interface/msg/detail/sample_timestamp__rosidl_typesupport_introspection_cpp.hpp
[3.414s] -- Up-to-date symlink: /home/wheeltec/wheeltec_robot/install/yesense_interface/include/yesense_interface/yesense_interface/msg/detail/sensor_temp__rosidl_typesupport_introspection_cpp.hpp
[3.415s] -- Up-to-date symlink: /home/wheeltec/wheeltec_robot/install/yesense_interface/include/yesense_interface/yesense_interface/msg/detail/three_axis__rosidl_typesupport_introspection_cpp.hpp
[3.416s] -- Up-to-date symlink: /home/wheeltec/wheeltec_robot/install/yesense_interface/include/yesense_interface/yesense_interface/msg/detail/tid__rosidl_typesupport_introspection_cpp.hpp
[3.416s] -- Up-to-date symlink: /home/wheeltec/wheeltec_robot/install/yesense_interface/include/yesense_interface/yesense_interface/msg/detail/utc__rosidl_typesupport_introspection_cpp.hpp
[3.416s] -- Up-to-date symlink: /home/wheeltec/wheeltec_robot/install/yesense_interface/include/yesense_interface/yesense_interface/msg/detail/vel__rosidl_typesupport_introspection_cpp.hpp
[3.416s] -- Up-to-date symlink: /home/wheeltec/wheeltec_robot/install/yesense_interface/share/yesense_interface/environment/pythonpath.sh
[3.416s] -- Up-to-date symlink: /home/wheeltec/wheeltec_robot/install/yesense_interface/share/yesense_interface/environment/pythonpath.dsv
[3.416s] -- Up-to-date symlink: /home/wheeltec/wheeltec_robot/install/yesense_interface/local/lib/python3.10/dist-packages/yesense_interface-1.0.0-py3.10.egg-info/PKG-INFO
[3.416s] -- Up-to-date symlink: /home/wheeltec/wheeltec_robot/install/yesense_interface/local/lib/python3.10/dist-packages/yesense_interface-1.0.0-py3.10.egg-info/SOURCES.txt
[3.416s] -- Up-to-date symlink: /home/wheeltec/wheeltec_robot/install/yesense_interface/local/lib/python3.10/dist-packages/yesense_interface-1.0.0-py3.10.egg-info/dependency_links.txt
[3.416s] -- Up-to-date symlink: /home/wheeltec/wheeltec_robot/install/yesense_interface/local/lib/python3.10/dist-packages/yesense_interface-1.0.0-py3.10.egg-info/top_level.txt
[3.417s] -- Up-to-date symlink: /home/wheeltec/wheeltec_robot/install/yesense_interface/local/lib/python3.10/dist-packages/yesense_interface/__init__.py
[3.417s] -- Up-to-date symlink: /home/wheeltec/wheeltec_robot/install/yesense_interface/local/lib/python3.10/dist-packages/yesense_interface/_yesense_interface_s.ep.rosidl_typesupport_c.c
[3.417s] -- Up-to-date symlink: /home/wheeltec/wheeltec_robot/install/yesense_interface/local/lib/python3.10/dist-packages/yesense_interface/_yesense_interface_s.ep.rosidl_typesupport_fastrtps_c.c
[3.417s] -- Up-to-date symlink: /home/wheeltec/wheeltec_robot/install/yesense_interface/local/lib/python3.10/dist-packages/yesense_interface/_yesense_interface_s.ep.rosidl_typesupport_introspection_c.c
[3.417s] -- Up-to-date symlink: /home/wheeltec/wheeltec_robot/install/yesense_interface/local/lib/python3.10/dist-packages/yesense_interface/libyesense_interface__rosidl_generator_py.so
[3.417s] -- Up-to-date symlink: /home/wheeltec/wheeltec_robot/install/yesense_interface/local/lib/python3.10/dist-packages/yesense_interface/msg/__init__.py
[3.417s] -- Up-to-date symlink: /home/wheeltec/wheeltec_robot/install/yesense_interface/local/lib/python3.10/dist-packages/yesense_interface/msg/_attitude_all_data.py
[3.417s] -- Up-to-date symlink: /home/wheeltec/wheeltec_robot/install/yesense_interface/local/lib/python3.10/dist-packages/yesense_interface/msg/_attitude_all_data_s.c
[3.417s] -- Up-to-date symlink: /home/wheeltec/wheeltec_robot/install/yesense_interface/local/lib/python3.10/dist-packages/yesense_interface/msg/_attitude_min_ahrs.py
[3.417s] -- Up-to-date symlink: /home/wheeltec/wheeltec_robot/install/yesense_interface/local/lib/python3.10/dist-packages/yesense_interface/msg/_attitude_min_ahrs_s.c
[3.418s] -- Up-to-date symlink: /home/wheeltec/wheeltec_robot/install/yesense_interface/local/lib/python3.10/dist-packages/yesense_interface/msg/_attitude_min_vru.py
[3.418s] -- Up-to-date symlink: /home/wheeltec/wheeltec_robot/install/yesense_interface/local/lib/python3.10/dist-packages/yesense_interface/msg/_attitude_min_vru_s.c
[3.418s] -- Up-to-date symlink: /home/wheeltec/wheeltec_robot/install/yesense_interface/local/lib/python3.10/dist-packages/yesense_interface/msg/_euler_angle.py
[3.418s] -- Up-to-date symlink: /home/wheeltec/wheeltec_robot/install/yesense_interface/local/lib/python3.10/dist-packages/yesense_interface/msg/_euler_angle_s.c
[3.418s] -- Up-to-date symlink: /home/wheeltec/wheeltec_robot/install/yesense_interface/local/lib/python3.10/dist-packages/yesense_interface/msg/_euler_only.py
[3.418s] -- Up-to-date symlink: /home/wheeltec/wheeltec_robot/install/yesense_interface/local/lib/python3.10/dist-packages/yesense_interface/msg/_euler_only_s.c
[3.418s] -- Up-to-date symlink: /home/wheeltec/wheeltec_robot/install/yesense_interface/local/lib/python3.10/dist-packages/yesense_interface/msg/_gnss_pos.py
[3.419s] -- Up-to-date symlink: /home/wheeltec/wheeltec_robot/install/yesense_interface/local/lib/python3.10/dist-packages/yesense_interface/msg/_gnss_pos_s.c
[3.419s] -- Up-to-date symlink: /home/wheeltec/wheeltec_robot/install/yesense_interface/local/lib/python3.10/dist-packages/yesense_interface/msg/_imu_data.py
[3.419s] -- Up-to-date symlink: /home/wheeltec/wheeltec_robot/install/yesense_interface/local/lib/python3.10/dist-packages/yesense_interface/msg/_imu_data_s.c
[3.419s] -- Up-to-date symlink: /home/wheeltec/wheeltec_robot/install/yesense_interface/local/lib/python3.10/dist-packages/yesense_interface/msg/_imu_data_ten_axis.py
[3.419s] -- Up-to-date symlink: /home/wheeltec/wheeltec_robot/install/yesense_interface/local/lib/python3.10/dist-packages/yesense_interface/msg/_imu_data_ten_axis_s.c
[3.419s] -- Up-to-date symlink: /home/wheeltec/wheeltec_robot/install/yesense_interface/local/lib/python3.10/dist-packages/yesense_interface/msg/_nav_all.py
[3.419s] -- Up-to-date symlink: /home/wheeltec/wheeltec_robot/install/yesense_interface/local/lib/python3.10/dist-packages/yesense_interface/msg/_nav_all_s.c
[3.419s] -- Up-to-date symlink: /home/wheeltec/wheeltec_robot/install/yesense_interface/local/lib/python3.10/dist-packages/yesense_interface/msg/_nav_min.py
[3.420s] -- Up-to-date symlink: /home/wheeltec/wheeltec_robot/install/yesense_interface/local/lib/python3.10/dist-packages/yesense_interface/msg/_nav_min_s.c
[3.420s] -- Up-to-date symlink: /home/wheeltec/wheeltec_robot/install/yesense_interface/local/lib/python3.10/dist-packages/yesense_interface/msg/_nav_min_utc.py
[3.420s] -- Up-to-date symlink: /home/wheeltec/wheeltec_robot/install/yesense_interface/local/lib/python3.10/dist-packages/yesense_interface/msg/_nav_min_utc_s.c
[3.420s] -- Up-to-date symlink: /home/wheeltec/wheeltec_robot/install/yesense_interface/local/lib/python3.10/dist-packages/yesense_interface/msg/_nav_status.py
[3.420s] -- Up-to-date symlink: /home/wheeltec/wheeltec_robot/install/yesense_interface/local/lib/python3.10/dist-packages/yesense_interface/msg/_nav_status_s.c
[3.420s] -- Up-to-date symlink: /home/wheeltec/wheeltec_robot/install/yesense_interface/local/lib/python3.10/dist-packages/yesense_interface/msg/_pos_only.py
[3.420s] -- Up-to-date symlink: /home/wheeltec/wheeltec_robot/install/yesense_interface/local/lib/python3.10/dist-packages/yesense_interface/msg/_pos_only_s.c
[3.420s] -- Up-to-date symlink: /home/wheeltec/wheeltec_robot/install/yesense_interface/local/lib/python3.10/dist-packages/yesense_interface/msg/_pressure.py
[3.420s] -- Up-to-date symlink: /home/wheeltec/wheeltec_robot/install/yesense_interface/local/lib/python3.10/dist-packages/yesense_interface/msg/_pressure_s.c
[3.420s] -- Up-to-date symlink: /home/wheeltec/wheeltec_robot/install/yesense_interface/local/lib/python3.10/dist-packages/yesense_interface/msg/_quat.py
[3.420s] -- Up-to-date symlink: /home/wheeltec/wheeltec_robot/install/yesense_interface/local/lib/python3.10/dist-packages/yesense_interface/msg/_quat_s.c
[3.421s] -- Up-to-date symlink: /home/wheeltec/wheeltec_robot/install/yesense_interface/local/lib/python3.10/dist-packages/yesense_interface/msg/_robot_lord.py
[3.421s] -- Up-to-date symlink: /home/wheeltec/wheeltec_robot/install/yesense_interface/local/lib/python3.10/dist-packages/yesense_interface/msg/_robot_lord_s.c
[3.421s] -- Up-to-date symlink: /home/wheeltec/wheeltec_robot/install/yesense_interface/local/lib/python3.10/dist-packages/yesense_interface/msg/_sample_timestamp.py
[3.421s] -- Up-to-date symlink: /home/wheeltec/wheeltec_robot/install/yesense_interface/local/lib/python3.10/dist-packages/yesense_interface/msg/_sample_timestamp_s.c
[3.421s] -- Up-to-date symlink: /home/wheeltec/wheeltec_robot/install/yesense_interface/local/lib/python3.10/dist-packages/yesense_interface/msg/_sensor_temp.py
[3.421s] -- Up-to-date symlink: /home/wheeltec/wheeltec_robot/install/yesense_interface/local/lib/python3.10/dist-packages/yesense_interface/msg/_sensor_temp_s.c
[3.421s] -- Up-to-date symlink: /home/wheeltec/wheeltec_robot/install/yesense_interface/local/lib/python3.10/dist-packages/yesense_interface/msg/_three_axis.py
[3.421s] -- Up-to-date symlink: /home/wheeltec/wheeltec_robot/install/yesense_interface/local/lib/python3.10/dist-packages/yesense_interface/msg/_three_axis_s.c
[3.421s] -- Up-to-date symlink: /home/wheeltec/wheeltec_robot/install/yesense_interface/local/lib/python3.10/dist-packages/yesense_interface/msg/_tid.py
[3.430s] -- Up-to-date symlink: /home/wheeltec/wheeltec_robot/install/yesense_interface/local/lib/python3.10/dist-packages/yesense_interface/msg/_tid_s.c
[3.430s] -- Up-to-date symlink: /home/wheeltec/wheeltec_robot/install/yesense_interface/local/lib/python3.10/dist-packages/yesense_interface/msg/_utc.py
[3.431s] -- Up-to-date symlink: /home/wheeltec/wheeltec_robot/install/yesense_interface/local/lib/python3.10/dist-packages/yesense_interface/msg/_utc_s.c
[3.431s] -- Up-to-date symlink: /home/wheeltec/wheeltec_robot/install/yesense_interface/local/lib/python3.10/dist-packages/yesense_interface/msg/_vel.py
[3.431s] -- Up-to-date symlink: /home/wheeltec/wheeltec_robot/install/yesense_interface/local/lib/python3.10/dist-packages/yesense_interface/msg/_vel_s.c
[3.431s] -- Up-to-date symlink: /home/wheeltec/wheeltec_robot/install/yesense_interface/local/lib/python3.10/dist-packages/yesense_interface/yesense_interface_s__rosidl_typesupport_c.cpython-310-aarch64-linux-gnu.so
[3.431s] -- Up-to-date symlink: /home/wheeltec/wheeltec_robot/install/yesense_interface/local/lib/python3.10/dist-packages/yesense_interface/yesense_interface_s__rosidl_typesupport_fastrtps_c.cpython-310-aarch64-linux-gnu.so
[3.431s] -- Up-to-date symlink: /home/wheeltec/wheeltec_robot/install/yesense_interface/local/lib/python3.10/dist-packages/yesense_interface/yesense_interface_s__rosidl_typesupport_introspection_c.cpython-310-aarch64-linux-gnu.so
[3.431s] -- Up-to-date symlink: /home/wheeltec/wheeltec_robot/install/yesense_interface/local/lib/python3.10/dist-packages/yesense_interface/yesense_interface_s__rosidl_typesupport_fastrtps_c.cpython-310-aarch64-linux-gnu.so
[3.431s] -- Up-to-date symlink: /home/wheeltec/wheeltec_robot/install/yesense_interface/local/lib/python3.10/dist-packages/yesense_interface/yesense_interface_s__rosidl_typesupport_introspection_c.cpython-310-aarch64-linux-gnu.so
[3.431s] -- Up-to-date symlink: /home/wheeltec/wheeltec_robot/install/yesense_interface/local/lib/python3.10/dist-packages/yesense_interface/yesense_interface_s__rosidl_typesupport_c.cpython-310-aarch64-linux-gnu.so
[3.432s] -- Up-to-date symlink: /home/wheeltec/wheeltec_robot/install/yesense_interface/share/yesense_interface/msg/Tid.idl
[3.432s] -- Up-to-date symlink: /home/wheeltec/wheeltec_robot/install/yesense_interface/share/yesense_interface/msg/ThreeAxis.idl
[3.432s] -- Up-to-date symlink: /home/wheeltec/wheeltec_robot/install/yesense_interface/share/yesense_interface/msg/SensorTemp.idl
[3.432s] -- Up-to-date symlink: /home/wheeltec/wheeltec_robot/install/yesense_interface/share/yesense_interface/msg/Pressure.idl
[3.432s] -- Up-to-date symlink: /home/wheeltec/wheeltec_robot/install/yesense_interface/share/yesense_interface/msg/EulerAngle.idl
[3.432s] -- Up-to-date symlink: /home/wheeltec/wheeltec_robot/install/yesense_interface/share/yesense_interface/msg/Quat.idl
[3.432s] -- Up-to-date symlink: /home/wheeltec/wheeltec_robot/install/yesense_interface/share/yesense_interface/msg/GnssPos.idl
[3.432s] -- Up-to-date symlink: /home/wheeltec/wheeltec_robot/install/yesense_interface/share/yesense_interface/msg/NavStatus.idl
[3.432s] -- Up-to-date symlink: /home/wheeltec/wheeltec_robot/install/yesense_interface/share/yesense_interface/msg/Vel.idl
[3.432s] -- Up-to-date symlink: /home/wheeltec/wheeltec_robot/install/yesense_interface/share/yesense_interface/msg/Utc.idl
[3.432s] -- Up-to-date symlink: /home/wheeltec/wheeltec_robot/install/yesense_interface/share/yesense_interface/msg/SampleTimestamp.idl
[3.433s] -- Up-to-date symlink: /home/wheeltec/wheeltec_robot/install/yesense_interface/share/yesense_interface/msg/ImuData.idl
[3.433s] -- Up-to-date symlink: /home/wheeltec/wheeltec_robot/install/yesense_interface/share/yesense_interface/msg/ImuDataTenAxis.idl
[3.433s] -- Up-to-date symlink: /home/wheeltec/wheeltec_robot/install/yesense_interface/share/yesense_interface/msg/EulerOnly.idl
[3.433s] -- Up-to-date symlink: /home/wheeltec/wheeltec_robot/install/yesense_interface/share/yesense_interface/msg/RobotLord.idl
[3.433s] -- Up-to-date symlink: /home/wheeltec/wheeltec_robot/install/yesense_interface/share/yesense_interface/msg/AttitudeMinVru.idl
[3.433s] -- Up-to-date symlink: /home/wheeltec/wheeltec_robot/install/yesense_interface/share/yesense_interface/msg/AttitudeMinAhrs.idl
[3.433s] -- Up-to-date symlink: /home/wheeltec/wheeltec_robot/install/yesense_interface/share/yesense_interface/msg/AttitudeAllData.idl
[3.433s] -- Up-to-date symlink: /home/wheeltec/wheeltec_robot/install/yesense_interface/share/yesense_interface/msg/PosOnly.idl
[3.436s] -- Up-to-date symlink: /home/wheeltec/wheeltec_robot/install/yesense_interface/share/yesense_interface/msg/NavMin.idl
[3.436s] -- Up-to-date symlink: /home/wheeltec/wheeltec_robot/install/yesense_interface/share/yesense_interface/msg/NavMinUtc.idl
[3.436s] -- Up-to-date symlink: /home/wheeltec/wheeltec_robot/install/yesense_interface/share/yesense_interface/msg/NavAll.idl
[3.436s] -- Up-to-date symlink: /home/wheeltec/wheeltec_robot/install/yesense_interface/share/yesense_interface/msg/Tid.msg
[3.437s] -- Up-to-date symlink: /home/wheeltec/wheeltec_robot/install/yesense_interface/share/yesense_interface/msg/ThreeAxis.msg
[3.437s] -- Up-to-date symlink: /home/wheeltec/wheeltec_robot/install/yesense_interface/share/yesense_interface/msg/SensorTemp.msg
[3.437s] -- Up-to-date symlink: /home/wheeltec/wheeltec_robot/install/yesense_interface/share/yesense_interface/msg/Pressure.msg
[3.437s] -- Up-to-date symlink: /home/wheeltec/wheeltec_robot/install/yesense_interface/share/yesense_interface/msg/EulerAngle.msg
[3.437s] -- Up-to-date symlink: /home/wheeltec/wheeltec_robot/install/yesense_interface/share/yesense_interface/msg/Quat.msg
[3.437s] -- Up-to-date symlink: /home/wheeltec/wheeltec_robot/install/yesense_interface/share/yesense_interface/msg/GnssPos.msg
[3.437s] -- Up-to-date symlink: /home/wheeltec/wheeltec_robot/install/yesense_interface/share/yesense_interface/msg/NavStatus.msg
[3.437s] -- Up-to-date symlink: /home/wheeltec/wheeltec_robot/install/yesense_interface/share/yesense_interface/msg/Vel.msg
[3.437s] -- Up-to-date symlink: /home/wheeltec/wheeltec_robot/install/yesense_interface/share/yesense_interface/msg/Utc.msg
[3.437s] -- Up-to-date symlink: /home/wheeltec/wheeltec_robot/install/yesense_interface/share/yesense_interface/msg/SampleTimestamp.msg
[3.438s] -- Up-to-date symlink: /home/wheeltec/wheeltec_robot/install/yesense_interface/share/yesense_interface/msg/ImuData.msg
[3.438s] -- Up-to-date symlink: /home/wheeltec/wheeltec_robot/install/yesense_interface/share/yesense_interface/msg/ImuDataTenAxis.msg
[3.438s] -- Up-to-date symlink: /home/wheeltec/wheeltec_robot/install/yesense_interface/share/yesense_interface/msg/EulerOnly.msg
[3.438s] -- Up-to-date symlink: /home/wheeltec/wheeltec_robot/install/yesense_interface/share/yesense_interface/msg/RobotLord.msg
[3.438s] -- Up-to-date symlink: /home/wheeltec/wheeltec_robot/install/yesense_interface/share/yesense_interface/msg/AttitudeMinVru.msg
[3.438s] -- Up-to-date symlink: /home/wheeltec/wheeltec_robot/install/yesense_interface/share/yesense_interface/msg/AttitudeMinAhrs.msg
[3.438s] -- Up-to-date symlink: /home/wheeltec/wheeltec_robot/install/yesense_interface/share/yesense_interface/msg/AttitudeAllData.msg
[3.438s] -- Up-to-date symlink: /home/wheeltec/wheeltec_robot/install/yesense_interface/share/yesense_interface/msg/PosOnly.msg
[3.438s] -- Up-to-date symlink: /home/wheeltec/wheeltec_robot/install/yesense_interface/share/yesense_interface/msg/NavMin.msg
[3.438s] -- Up-to-date symlink: /home/wheeltec/wheeltec_robot/install/yesense_interface/share/yesense_interface/msg/NavMinUtc.msg
[3.439s] -- Up-to-date symlink: /home/wheeltec/wheeltec_robot/install/yesense_interface/share/yesense_interface/msg/NavAll.msg
[3.439s] -- Up-to-date symlink: /home/wheeltec/wheeltec_robot/install/yesense_interface/share/ament_index/resource_index/package_run_dependencies/yesense_interface
[3.439s] -- Up-to-date symlink: /home/wheeltec/wheeltec_robot/install/yesense_interface/share/ament_index/resource_index/parent_prefix_path/yesense_interface
[3.439s] -- Up-to-date symlink: /home/wheeltec/wheeltec_robot/install/yesense_interface/share/yesense_interface/environment/ament_prefix_path.sh
[3.439s] -- Up-to-date symlink: /home/wheeltec/wheeltec_robot/install/yesense_interface/share/yesense_interface/environment/ament_prefix_path.dsv
[3.439s] -- Up-to-date symlink: /home/wheeltec/wheeltec_robot/install/yesense_interface/share/yesense_interface/environment/path.sh
[3.439s] -- Up-to-date symlink: /home/wheeltec/wheeltec_robot/install/yesense_interface/share/yesense_interface/environment/path.dsv
[3.439s] -- Up-to-date symlink: /home/wheeltec/wheeltec_robot/install/yesense_interface/share/yesense_interface/local_setup.bash
[3.439s] -- Up-to-date symlink: /home/wheeltec/wheeltec_robot/install/yesense_interface/share/yesense_interface/local_setup.sh
[3.439s] -- Up-to-date symlink: /home/wheeltec/wheeltec_robot/install/yesense_interface/share/yesense_interface/local_setup.zsh
[3.440s] -- Up-to-date symlink: /home/wheeltec/wheeltec_robot/install/yesense_interface/share/yesense_interface/local_setup.dsv
[3.440s] -- Up-to-date symlink: /home/wheeltec/wheeltec_robot/install/yesense_interface/share/yesense_interface/package.dsv
[3.440s] -- Up-to-date symlink: /home/wheeltec/wheeltec_robot/install/yesense_interface/share/ament_index/resource_index/packages/yesense_interface
[3.440s] -- Up-to-date symlink: /home/wheeltec/wheeltec_robot/install/yesense_interface/share/yesense_interface/cmake/rosidl_cmake-extras.cmake
[3.440s] -- Up-to-date symlink: /home/wheeltec/wheeltec_robot/install/yesense_interface/share/yesense_interface/cmake/ament_cmake_export_include_directories-extras.cmake
[3.440s] -- Up-to-date symlink: /home/wheeltec/wheeltec_robot/install/yesense_interface/share/yesense_interface/cmake/ament_cmake_export_libraries-extras.cmake
[3.440s] -- Up-to-date symlink: /home/wheeltec/wheeltec_robot/install/yesense_interface/share/yesense_interface/cmake/ament_cmake_export_targets-extras.cmake
[3.440s] -- Up-to-date symlink: /home/wheeltec/wheeltec_robot/install/yesense_interface/share/yesense_interface/cmake/rosidl_cmake_export_typesupport_targets-extras.cmake
[3.440s] -- Up-to-date symlink: /home/wheeltec/wheeltec_robot/install/yesense_interface/share/yesense_interface/cmake/ament_cmake_export_dependencies-extras.cmake
[3.440s] -- Up-to-date symlink: /home/wheeltec/wheeltec_robot/install/yesense_interface/share/yesense_interface/cmake/rosidl_cmake_export_typesupport_libraries-extras.cmake
[3.441s] -- Up-to-date symlink: /home/wheeltec/wheeltec_robot/install/yesense_interface/share/yesense_interface/cmake/yesense_interfaceConfig.cmake
[3.441s] -- Up-to-date symlink: /home/wheeltec/wheeltec_robot/install/yesense_interface/share/yesense_interface/cmake/yesense_interfaceConfig-version.cmake
[3.441s] -- Up-to-date symlink: /home/wheeltec/wheeltec_robot/install/yesense_interface/share/yesense_interface/package.xml
[3.441s] -- Up-to-date: /home/wheeltec/wheeltec_robot/install/yesense_interface/lib/libyesense_interface__rosidl_generator_c.so
[3.441s] -- Up-to-date: /home/wheeltec/wheeltec_robot/install/yesense_interface/lib/libyesense_interface__rosidl_typesupport_fastrtps_c.so
[3.449s] -- Up-to-date: /home/wheeltec/wheeltec_robot/install/yesense_interface/lib/libyesense_interface__rosidl_typesupport_introspection_c.so
[3.449s] -- Up-to-date: /home/wheeltec/wheeltec_robot/install/yesense_interface/lib/libyesense_interface__rosidl_typesupport_c.so
[3.449s] -- Up-to-date: /home/wheeltec/wheeltec_robot/install/yesense_interface/lib/libyesense_interface__rosidl_typesupport_fastrtps_cpp.so
[3.449s] -- Up-to-date: /home/wheeltec/wheeltec_robot/install/yesense_interface/lib/libyesense_interface__rosidl_typesupport_introspection_cpp.so
[3.450s] -- Up-to-date: /home/wheeltec/wheeltec_robot/install/yesense_interface/lib/libyesense_interface__rosidl_typesupport_cpp.so
[3.523s] Listing '/home/wheeltec/wheeltec_robot/install/yesense_interface/local/lib/python3.10/dist-packages/yesense_interface'...
[3.523s] Listing '/home/wheeltec/wheeltec_robot/install/yesense_interface/local/lib/python3.10/dist-packages/yesense_interface/msg'...
[3.536s] -- Up-to-date: /home/wheeltec/wheeltec_robot/install/yesense_interface/lib/libyesense_interface__rosidl_generator_py.so
[3.536s] -- Up-to-date: /home/wheeltec/wheeltec_robot/install/yesense_interface/share/yesense_interface/cmake/export_yesense_interface__rosidl_generator_cExport.cmake
[3.537s] -- Up-to-date: /home/wheeltec/wheeltec_robot/install/yesense_interface/share/yesense_interface/cmake/export_yesense_interface__rosidl_generator_cExport-noconfig.cmake
[3.537s] -- Up-to-date: /home/wheeltec/wheeltec_robot/install/yesense_interface/share/yesense_interface/cmake/export_yesense_interface__rosidl_typesupport_fastrtps_cExport.cmake
[3.537s] -- Up-to-date: /home/wheeltec/wheeltec_robot/install/yesense_interface/share/yesense_interface/cmake/export_yesense_interface__rosidl_typesupport_fastrtps_cExport-noconfig.cmake
[3.537s] -- Up-to-date: /home/wheeltec/wheeltec_robot/install/yesense_interface/share/yesense_interface/cmake/yesense_interface__rosidl_typesupport_introspection_cExport.cmake
[3.538s] -- Up-to-date: /home/wheeltec/wheeltec_robot/install/yesense_interface/share/yesense_interface/cmake/yesense_interface__rosidl_typesupport_introspection_cExport-noconfig.cmake
[3.538s] -- Up-to-date: /home/wheeltec/wheeltec_robot/install/yesense_interface/share/yesense_interface/cmake/yesense_interface__rosidl_typesupport_cExport.cmake
[3.538s] -- Up-to-date: /home/wheeltec/wheeltec_robot/install/yesense_interface/share/yesense_interface/cmake/yesense_interface__rosidl_typesupport_cExport-noconfig.cmake
[3.538s] -- Up-to-date: /home/wheeltec/wheeltec_robot/install/yesense_interface/share/yesense_interface/cmake/export_yesense_interface__rosidl_generator_cppExport.cmake
[3.538s] -- Up-to-date: /home/wheeltec/wheeltec_robot/install/yesense_interface/share/yesense_interface/cmake/export_yesense_interface__rosidl_typesupport_fastrtps_cppExport.cmake
[3.538s] -- Up-to-date: /home/wheeltec/wheeltec_robot/install/yesense_interface/share/yesense_interface/cmake/export_yesense_interface__rosidl_typesupport_fastrtps_cppExport-noconfig.cmake
[3.538s] -- Up-to-date: /home/wheeltec/wheeltec_robot/install/yesense_interface/share/yesense_interface/cmake/yesense_interface__rosidl_typesupport_introspection_cppExport.cmake
[3.538s] -- Up-to-date: /home/wheeltec/wheeltec_robot/install/yesense_interface/share/yesense_interface/cmake/yesense_interface__rosidl_typesupport_introspection_cppExport-noconfig.cmake
[3.540s] -- Up-to-date: /home/wheeltec/wheeltec_robot/install/yesense_interface/share/yesense_interface/cmake/yesense_interface__rosidl_typesupport_cppExport.cmake
[3.540s] -- Up-to-date: /home/wheeltec/wheeltec_robot/install/yesense_interface/share/yesense_interface/cmake/yesense_interface__rosidl_typesupport_cppExport-noconfig.cmake
[3.540s] -- Up-to-date: /home/wheeltec/wheeltec_robot/install/yesense_interface/share/yesense_interface/cmake/export_yesense_interface__rosidl_generator_pyExport.cmake
[3.540s] -- Up-to-date: /home/wheeltec/wheeltec_robot/install/yesense_interface/share/yesense_interface/cmake/export_yesense_interface__rosidl_generator_pyExport-noconfig.cmake
[3.551s] Invoked command in '/home/wheeltec/wheeltec_robot/build/yesense_interface' returned '0': CMAKE_PREFIX_PATH=${CMAKE_PREFIX_PATH}:/opt/ros/humble /usr/bin/cmake --install /home/wheeltec/wheeltec_robot/build/yesense_interface
