-- Found ament_cmake_auto: 1.3.12 (/opt/ros/humble/share/ament_cmake_auto/cmake)
-- Found rosidl_generator_c: 3.1.7 (/opt/ros/humble/share/rosidl_generator_c/cmake)
-- Found rosidl_adapter: 3.1.7 (/opt/ros/humble/share/rosidl_adapter/cmake)
-- Found rosidl_generator_cpp: 3.1.7 (/opt/ros/humble/share/rosidl_generator_cpp/cmake)
-- Using all available rosidl_typesupport_c: rosidl_typesupport_fastrtps_c;rosidl_typesupport_introspection_c
-- Using all available rosidl_typesupport_cpp: rosidl_typesupport_fastrtps_cpp;rosidl_typesupport_introspection_cpp
-- Found rmw_implementation_cmake: 6.1.2 (/opt/ros/humble/share/rmw_implementation_cmake/cmake)
-- Found rmw_fastrtps_cpp: 6.2.8 (/opt/ros/humble/share/rmw_fastrtps_cpp/cmake)
-- Using RMW implementation 'rmw_fastrtps_cpp' as default
-- Eigen found (include: /usr/include/eigen3, version: 3.4.0)
-- FLANN found (include: /usr/include, lib: /usr/lib/aarch64-linux-gnu/libflann_cpp.so)
-- OpenNI found (version: 1.5.4.0, include: /usr/include/ni, lib: /usr/lib/libOpenNI.so;libusb::libusb)
-- OpenNI2 found (version: 2.3.0.85, include: /home/wheeltec/wheeltec_robot/install/astra_camera/include/openni2, lib: /usr/lib/aarch64-linux-gnu/libOpenNI2.so;libusb::libusb)
-- Eigen found (include: /usr/include/eigen3, version: 3.4.0)
-- OpenNI found (version: 1.5.4.0, include: /usr/include/ni, lib: /usr/lib/libOpenNI.so;libusb::libusb)
-- OpenNI2 found (version: 2.3.0.85, include: /home/wheeltec/wheeltec_robot/install/astra_camera/include/openni2, lib: /usr/lib/aarch64-linux-gnu/libOpenNI2.so;libusb::libusb)
-- Found Qhull version 8.0.2
-- OpenNI found (version: 1.5.4.0, include: /usr/include/ni, lib: /usr/lib/libOpenNI.so;libusb::libusb)
-- Found eigen3_cmake_module: 0.1.1 (/opt/ros/humble/share/eigen3_cmake_module/cmake)
-- Ensuring Eigen3 include directory is part of orocos-kdl CMake target
[0mIn this package, headers install destination is set to `include` by ament_auto_package. It is recommended to install `include/dual_laser_merger` instead and will be the default behavior of ament_auto_package from ROS 2 Kilted Kaiju. On distributions before Kilted, ament_auto_package behaves the same way when you use USE_SCOPED_HEADER_INSTALL_DIR option.[0m
-- Configuring done
-- Generating done
-- Build files have been written to: /home/wheeltec/wheeltec_robot/build/dual_laser_merger
[35m[1mConsolidate compiler generated dependencies of target dual_laser_merger_node[0m
[35m[1mConsolidate compiler generated dependencies of target dual_laser_merger[0m
[ 50%] Built target dual_laser_merger_node
[100%] Built target dual_laser_merger
-- Install configuration: ""
-- Up-to-date: /home/wheeltec/wheeltec_robot/install/dual_laser_merger/include/dual_laser_merger/include
-- Up-to-date: /home/wheeltec/wheeltec_robot/install/dual_laser_merger/include/dual_laser_merger/include/dual_laser_merger
-- Up-to-date: /home/wheeltec/wheeltec_robot/install/dual_laser_merger/share/dual_laser_merger/launch
-- Installing: /home/wheeltec/wheeltec_robot/install/dual_laser_merger/share/dual_laser_merger/launch/dual_laser_merger.launch.py
-- Up-to-date: /home/wheeltec/wheeltec_robot/install/dual_laser_merger/share/dual_laser_merger/launch/__pycache__
-- Installing: /home/wheeltec/wheeltec_robot/install/dual_laser_merger/share/dual_laser_merger/launch/__pycache__/dual_laser_merger.launch.cpython-310.pyc
-- Up-to-date: /home/wheeltec/wheeltec_robot/install/dual_laser_merger/share/dual_laser_merger/bag
-- Up-to-date: /home/wheeltec/wheeltec_robot/install/dual_laser_merger/share/dual_laser_merger/bag/dual_lidar
-- Up-to-date: /home/wheeltec/wheeltec_robot/install/dual_laser_merger/share/dual_laser_merger/config
-- Up-to-date: /home/wheeltec/wheeltec_robot/install/dual_laser_merger/include
-- Up-to-date: /home/wheeltec/wheeltec_robot/install/dual_laser_merger/include/dual_laser_merger
-- Installing: /home/wheeltec/wheeltec_robot/install/dual_laser_merger/share/dual_laser_merger/package.dsv
