[0.041s] Invoking command in '/home/wheeltec/wheeltec_robot/build/nmea_msgs': CMAKE_PREFIX_PATH=/opt/ros/humble /usr/bin/cmake /home/wheeltec/wheeltec_robot/src/wheeltec_gps/nmea_msgs -DAMENT_CMAKE_SYMLINK_INSTALL=1 -DCMAKE_INSTALL_PREFIX=/home/wheeltec/wheeltec_robot/install/nmea_msgs
[0.176s] -- The C compiler identification is GNU 11.4.0
[0.286s] -- The CXX compiler identification is GNU 11.4.0
[0.300s] -- Detecting C compiler ABI info
[0.515s] -- Detecting C compiler ABI info - done
[0.526s] -- Check for working C compiler: /usr/bin/cc - skipped
[0.526s] -- Detecting C compile features
[0.527s] -- Detecting C compile features - done
[0.531s] -- Detecting CXX compiler ABI info
[0.743s] -- Detecting CXX compiler ABI info - done
[0.753s] -- Check for working CXX compiler: /usr/bin/c++ - skipped
[0.756s] -- Detecting CXX compile features
[0.757s] -- Detecting CXX compile features - done
[0.760s] -- Found ament_cmake: 1.3.12 (/opt/ros/humble/share/ament_cmake/cmake)
[1.709s] -- Found Python3: /usr/bin/python3 (found version "3.10.12") found components: Interpreter 
[1.844s] -- Override CMake install command with custom implementation using symlinks instead of copying resources
[1.878s] -- Found rosidl_default_generators: 1.2.0 (/opt/ros/humble/share/rosidl_default_generators/cmake)
[1.882s] -- Using all available rosidl_typesupport_c: rosidl_typesupport_fastrtps_c;rosidl_typesupport_introspection_c
[1.891s] -- Found rosidl_adapter: 3.1.7 (/opt/ros/humble/share/rosidl_adapter/cmake)
[1.955s] -- Using all available rosidl_typesupport_cpp: rosidl_typesupport_fastrtps_cpp;rosidl_typesupport_introspection_cpp
[2.006s] -- Found std_msgs: 4.9.0 (/opt/ros/humble/share/std_msgs/cmake)
[2.627s] -- Found ament_cmake_ros: 0.10.0 (/opt/ros/humble/share/ament_cmake_ros/cmake)
[3.564s] -- Using all available rosidl_typesupport_c: rosidl_typesupport_fastrtps_c;rosidl_typesupport_introspection_c
[4.832s] -- Using all available rosidl_typesupport_cpp: rosidl_typesupport_fastrtps_cpp;rosidl_typesupport_introspection_cpp
[4.970s] -- Found PythonInterp: /usr/bin/python3 (found suitable version "3.10.12", minimum required is "3.6") 
[4.972s] -- Found python_cmake_module: 0.10.0 (/opt/ros/humble/share/python_cmake_module/cmake)
[5.123s] -- Found PythonLibs: /usr/lib/aarch64-linux-gnu/libpython3.10.so (found suitable version "3.10.12", minimum required is "3.5") 
[5.123s] -- Using PYTHON_EXECUTABLE: /usr/bin/python3
[5.124s] -- Using PYTHON_INCLUDE_DIRS: /usr/include/python3.10
[5.124s] -- Using PYTHON_LIBRARIES: /usr/lib/aarch64-linux-gnu/libpython3.10.so
[5.261s] -- Found PythonExtra: .so  
[5.496s] -- Configuring done
[5.622s] -- Generating done
[5.668s] -- Build files have been written to: /home/wheeltec/wheeltec_robot/build/nmea_msgs
[5.713s] Invoked command in '/home/wheeltec/wheeltec_robot/build/nmea_msgs' returned '0': CMAKE_PREFIX_PATH=/opt/ros/humble /usr/bin/cmake /home/wheeltec/wheeltec_robot/src/wheeltec_gps/nmea_msgs -DAMENT_CMAKE_SYMLINK_INSTALL=1 -DCMAKE_INSTALL_PREFIX=/home/wheeltec/wheeltec_robot/install/nmea_msgs
[5.714s] Invoking command in '/home/wheeltec/wheeltec_robot/build/nmea_msgs': CMAKE_PREFIX_PATH=/opt/ros/humble /usr/bin/cmake --build /home/wheeltec/wheeltec_robot/build/nmea_msgs -- -j8 -l8
[14.021s] [  1%] [34m[1mGenerating C code for ROS interfaces[0m
[14.021s] [  2%] [34m[1mGenerating C++ code for ROS interfaces[0m
[14.021s] [  2%] Built target ament_cmake_python_symlink_nmea_msgs
[14.021s] running egg_info
[14.021s] creating nmea_msgs.egg-info
[14.021s] writing nmea_msgs.egg-info/PKG-INFO
[14.021s] writing dependency_links to nmea_msgs.egg-info/dependency_links.txt
[14.021s] writing top-level names to nmea_msgs.egg-info/top_level.txt
[14.021s] writing manifest file 'nmea_msgs.egg-info/SOURCES.txt'
[14.022s] reading manifest file 'nmea_msgs.egg-info/SOURCES.txt'
[14.022s] writing manifest file 'nmea_msgs.egg-info/SOURCES.txt'
[14.022s] [  2%] Built target ament_cmake_python_build_nmea_msgs_egg
[14.022s] [  3%] [32mBuilding C object CMakeFiles/nmea_msgs__rosidl_generator_c.dir/rosidl_generator_c/nmea_msgs/msg/detail/sentence__functions.c.o[0m
[14.022s] [  5%] [32mBuilding C object CMakeFiles/nmea_msgs__rosidl_generator_c.dir/rosidl_generator_c/nmea_msgs/msg/detail/gprmc__functions.c.o[0m
[14.022s] [  5%] Built target nmea_msgs__cpp
[14.022s] [  6%] [32mBuilding C object CMakeFiles/nmea_msgs__rosidl_generator_c.dir/rosidl_generator_c/nmea_msgs/msg/detail/gpgsv_satellite__functions.c.o[0m
[14.022s] [  7%] [32mBuilding C object CMakeFiles/nmea_msgs__rosidl_generator_c.dir/rosidl_generator_c/nmea_msgs/msg/detail/gpgsv__functions.c.o[0m
[14.022s] [  8%] [32mBuilding C object CMakeFiles/nmea_msgs__rosidl_generator_c.dir/rosidl_generator_c/nmea_msgs/msg/detail/gpgst__functions.c.o[0m
[14.022s] [ 10%] [32mBuilding C object CMakeFiles/nmea_msgs__rosidl_generator_c.dir/rosidl_generator_c/nmea_msgs/msg/detail/gpgsa__functions.c.o[0m
[14.103s] [ 11%] [32mBuilding C object CMakeFiles/nmea_msgs__rosidl_generator_c.dir/rosidl_generator_c/nmea_msgs/msg/detail/gpgga__functions.c.o[0m
[14.252s] [ 12%] [32m[1mLinking C shared library libnmea_msgs__rosidl_generator_c.so[0m
[14.473s] [ 12%] Built target nmea_msgs__rosidl_generator_c
[14.544s] [ 13%] [34m[1mGenerating C++ introspection for ROS interfaces[0m
[16.205s] [ 15%] [32mBuilding CXX object CMakeFiles/nmea_msgs__rosidl_typesupport_introspection_cpp.dir/rosidl_typesupport_introspection_cpp/nmea_msgs/msg/detail/sentence__type_support.cpp.o[0m
[17.036s] [ 16%] [32mBuilding CXX object CMakeFiles/nmea_msgs__rosidl_typesupport_introspection_cpp.dir/rosidl_typesupport_introspection_cpp/nmea_msgs/msg/detail/gpgsa__type_support.cpp.o[0m
[17.899s] [ 17%] [32mBuilding CXX object CMakeFiles/nmea_msgs__rosidl_typesupport_introspection_cpp.dir/rosidl_typesupport_introspection_cpp/nmea_msgs/msg/detail/gpgst__type_support.cpp.o[0m
[18.686s] [ 18%] [32mBuilding CXX object CMakeFiles/nmea_msgs__rosidl_typesupport_introspection_cpp.dir/rosidl_typesupport_introspection_cpp/nmea_msgs/msg/detail/gpgsv__type_support.cpp.o[0m
[19.492s] [ 20%] [32mBuilding CXX object CMakeFiles/nmea_msgs__rosidl_typesupport_introspection_cpp.dir/rosidl_typesupport_introspection_cpp/nmea_msgs/msg/detail/gpgsv_satellite__type_support.cpp.o[0m
[20.277s] [ 21%] [32mBuilding CXX object CMakeFiles/nmea_msgs__rosidl_typesupport_introspection_cpp.dir/rosidl_typesupport_introspection_cpp/nmea_msgs/msg/detail/gprmc__type_support.cpp.o[0m
[21.070s] [ 22%] [32mBuilding CXX object CMakeFiles/nmea_msgs__rosidl_typesupport_introspection_cpp.dir/rosidl_typesupport_introspection_cpp/nmea_msgs/msg/detail/gpgga__type_support.cpp.o[0m
[21.873s] [ 24%] [32m[1mLinking CXX shared library libnmea_msgs__rosidl_typesupport_introspection_cpp.so[0m
[22.033s] [ 24%] Built target nmea_msgs__rosidl_typesupport_introspection_cpp
[22.058s] [ 25%] [34m[1mGenerating C type support dispatch for ROS interfaces[0m
[23.221s] [ 26%] [32mBuilding CXX object CMakeFiles/nmea_msgs__rosidl_typesupport_c.dir/rosidl_typesupport_c/nmea_msgs/msg/sentence__type_support.cpp.o[0m
[23.281s] [ 27%] [32mBuilding CXX object CMakeFiles/nmea_msgs__rosidl_typesupport_c.dir/rosidl_typesupport_c/nmea_msgs/msg/gpgst__type_support.cpp.o[0m
[23.350s] [ 29%] [32mBuilding CXX object CMakeFiles/nmea_msgs__rosidl_typesupport_c.dir/rosidl_typesupport_c/nmea_msgs/msg/gpgsv__type_support.cpp.o[0m
[23.414s] [ 30%] [32mBuilding CXX object CMakeFiles/nmea_msgs__rosidl_typesupport_c.dir/rosidl_typesupport_c/nmea_msgs/msg/gpgsv_satellite__type_support.cpp.o[0m
[23.486s] [ 31%] [32mBuilding CXX object CMakeFiles/nmea_msgs__rosidl_typesupport_c.dir/rosidl_typesupport_c/nmea_msgs/msg/gprmc__type_support.cpp.o[0m
[23.546s] [ 32%] [32mBuilding CXX object CMakeFiles/nmea_msgs__rosidl_typesupport_c.dir/rosidl_typesupport_c/nmea_msgs/msg/gpgsa__type_support.cpp.o[0m
[23.621s] [ 34%] [32mBuilding CXX object CMakeFiles/nmea_msgs__rosidl_typesupport_c.dir/rosidl_typesupport_c/nmea_msgs/msg/gpgga__type_support.cpp.o[0m
[23.701s] [ 35%] [32m[1mLinking CXX shared library libnmea_msgs__rosidl_typesupport_c.so[0m
[23.812s] [ 35%] Built target nmea_msgs__rosidl_typesupport_c
[23.844s] [ 36%] [34m[1mGenerating C introspection for ROS interfaces[0m
[25.183s] [ 37%] [32mBuilding C object CMakeFiles/nmea_msgs__rosidl_typesupport_introspection_c.dir/rosidl_typesupport_introspection_c/nmea_msgs/msg/detail/sentence__type_support.c.o[0m
[25.242s] [ 39%] [32mBuilding C object CMakeFiles/nmea_msgs__rosidl_typesupport_introspection_c.dir/rosidl_typesupport_introspection_c/nmea_msgs/msg/detail/gpgsv__type_support.c.o[0m
[25.323s] [ 40%] [32mBuilding C object CMakeFiles/nmea_msgs__rosidl_typesupport_introspection_c.dir/rosidl_typesupport_introspection_c/nmea_msgs/msg/detail/gpgsv_satellite__type_support.c.o[0m
[25.392s] [ 41%] [32mBuilding C object CMakeFiles/nmea_msgs__rosidl_typesupport_introspection_c.dir/rosidl_typesupport_introspection_c/nmea_msgs/msg/detail/gprmc__type_support.c.o[0m
[25.456s] [ 43%] [32mBuilding C object CMakeFiles/nmea_msgs__rosidl_typesupport_introspection_c.dir/rosidl_typesupport_introspection_c/nmea_msgs/msg/detail/gpgst__type_support.c.o[0m
[25.521s] [ 44%] [32mBuilding C object CMakeFiles/nmea_msgs__rosidl_typesupport_introspection_c.dir/rosidl_typesupport_introspection_c/nmea_msgs/msg/detail/gpgsa__type_support.c.o[0m
[25.589s] [ 45%] [32mBuilding C object CMakeFiles/nmea_msgs__rosidl_typesupport_introspection_c.dir/rosidl_typesupport_introspection_c/nmea_msgs/msg/detail/gpgga__type_support.c.o[0m
[25.647s] [ 46%] [32m[1mLinking C shared library libnmea_msgs__rosidl_typesupport_introspection_c.so[0m
[25.704s] [ 46%] Built target nmea_msgs__rosidl_typesupport_introspection_c
[25.723s] [ 48%] [34m[1mGenerating C type support for eProsima Fast-RTPS[0m
[27.127s] [ 49%] [32mBuilding CXX object CMakeFiles/nmea_msgs__rosidl_typesupport_fastrtps_c.dir/rosidl_typesupport_fastrtps_c/nmea_msgs/msg/detail/sentence__type_support_c.cpp.o[0m
[27.728s] [ 50%] [32mBuilding CXX object CMakeFiles/nmea_msgs__rosidl_typesupport_fastrtps_c.dir/rosidl_typesupport_fastrtps_c/nmea_msgs/msg/detail/gpgsv_satellite__type_support_c.cpp.o[0m
[28.328s] [ 51%] [32mBuilding CXX object CMakeFiles/nmea_msgs__rosidl_typesupport_fastrtps_c.dir/rosidl_typesupport_fastrtps_c/nmea_msgs/msg/detail/gprmc__type_support_c.cpp.o[0m
[28.957s] [ 53%] [32mBuilding CXX object CMakeFiles/nmea_msgs__rosidl_typesupport_fastrtps_c.dir/rosidl_typesupport_fastrtps_c/nmea_msgs/msg/detail/gpgsv__type_support_c.cpp.o[0m
[29.576s] [ 54%] [32mBuilding CXX object CMakeFiles/nmea_msgs__rosidl_typesupport_fastrtps_c.dir/rosidl_typesupport_fastrtps_c/nmea_msgs/msg/detail/gpgst__type_support_c.cpp.o[0m
[30.202s] [ 55%] [32mBuilding CXX object CMakeFiles/nmea_msgs__rosidl_typesupport_fastrtps_c.dir/rosidl_typesupport_fastrtps_c/nmea_msgs/msg/detail/gpgsa__type_support_c.cpp.o[0m
[30.837s] [ 56%] [32mBuilding CXX object CMakeFiles/nmea_msgs__rosidl_typesupport_fastrtps_c.dir/rosidl_typesupport_fastrtps_c/nmea_msgs/msg/detail/gpgga__type_support_c.cpp.o[0m
[31.517s] [ 58%] [32m[1mLinking CXX shared library libnmea_msgs__rosidl_typesupport_fastrtps_c.so[0m
[31.648s] [ 58%] Built target nmea_msgs__rosidl_typesupport_fastrtps_c
[31.665s] [ 59%] [34m[1mGenerating C++ type support for eProsima Fast-RTPS[0m
[33.176s] [ 60%] [32mBuilding CXX object CMakeFiles/nmea_msgs__rosidl_typesupport_fastrtps_cpp.dir/rosidl_typesupport_fastrtps_cpp/nmea_msgs/msg/detail/dds_fastrtps/sentence__type_support.cpp.o[0m
[33.947s] [ 62%] [32mBuilding CXX object CMakeFiles/nmea_msgs__rosidl_typesupport_fastrtps_cpp.dir/rosidl_typesupport_fastrtps_cpp/nmea_msgs/msg/detail/dds_fastrtps/gprmc__type_support.cpp.o[0m
[34.665s] [ 63%] [32mBuilding CXX object CMakeFiles/nmea_msgs__rosidl_typesupport_fastrtps_cpp.dir/rosidl_typesupport_fastrtps_cpp/nmea_msgs/msg/detail/dds_fastrtps/gpgsv_satellite__type_support.cpp.o[0m
[35.372s] [ 64%] [32mBuilding CXX object CMakeFiles/nmea_msgs__rosidl_typesupport_fastrtps_cpp.dir/rosidl_typesupport_fastrtps_cpp/nmea_msgs/msg/detail/dds_fastrtps/gpgsv__type_support.cpp.o[0m
[36.230s] [ 65%] [32mBuilding CXX object CMakeFiles/nmea_msgs__rosidl_typesupport_fastrtps_cpp.dir/rosidl_typesupport_fastrtps_cpp/nmea_msgs/msg/detail/dds_fastrtps/gpgst__type_support.cpp.o[0m
[37.049s] [ 67%] [32mBuilding CXX object CMakeFiles/nmea_msgs__rosidl_typesupport_fastrtps_cpp.dir/rosidl_typesupport_fastrtps_cpp/nmea_msgs/msg/detail/dds_fastrtps/gpgsa__type_support.cpp.o[0m
[37.955s] [ 68%] [32mBuilding CXX object CMakeFiles/nmea_msgs__rosidl_typesupport_fastrtps_cpp.dir/rosidl_typesupport_fastrtps_cpp/nmea_msgs/msg/detail/dds_fastrtps/gpgga__type_support.cpp.o[0m
[38.767s] [ 69%] [32m[1mLinking CXX shared library libnmea_msgs__rosidl_typesupport_fastrtps_cpp.so[0m
[39.043s] [ 69%] Built target nmea_msgs__rosidl_typesupport_fastrtps_cpp
[39.070s] [ 70%] [34m[1mGenerating C++ type support dispatch for ROS interfaces[0m
[40.389s] [ 72%] [32mBuilding CXX object CMakeFiles/nmea_msgs__rosidl_typesupport_cpp.dir/rosidl_typesupport_cpp/nmea_msgs/msg/sentence__type_support.cpp.o[0m
[40.972s] [ 73%] [32mBuilding CXX object CMakeFiles/nmea_msgs__rosidl_typesupport_cpp.dir/rosidl_typesupport_cpp/nmea_msgs/msg/gprmc__type_support.cpp.o[0m
[41.775s] [ 74%] [32mBuilding CXX object CMakeFiles/nmea_msgs__rosidl_typesupport_cpp.dir/rosidl_typesupport_cpp/nmea_msgs/msg/gpgsv_satellite__type_support.cpp.o[0m
[42.415s] [ 75%] [32mBuilding CXX object CMakeFiles/nmea_msgs__rosidl_typesupport_cpp.dir/rosidl_typesupport_cpp/nmea_msgs/msg/gpgsv__type_support.cpp.o[0m
[43.172s] [ 77%] [32mBuilding CXX object CMakeFiles/nmea_msgs__rosidl_typesupport_cpp.dir/rosidl_typesupport_cpp/nmea_msgs/msg/gpgst__type_support.cpp.o[0m
[43.843s] [ 78%] [32mBuilding CXX object CMakeFiles/nmea_msgs__rosidl_typesupport_cpp.dir/rosidl_typesupport_cpp/nmea_msgs/msg/gpgsa__type_support.cpp.o[0m
[44.424s] [ 79%] [32mBuilding CXX object CMakeFiles/nmea_msgs__rosidl_typesupport_cpp.dir/rosidl_typesupport_cpp/nmea_msgs/msg/gpgga__type_support.cpp.o[0m
[45.056s] [ 81%] [32m[1mLinking CXX shared library libnmea_msgs__rosidl_typesupport_cpp.so[0m
[45.217s] [ 81%] Built target nmea_msgs__rosidl_typesupport_cpp
[45.307s] [ 81%] Built target nmea_msgs
[45.378s] [ 82%] [34m[1mGenerating Python code for ROS interfaces[0m
[48.009s] [ 82%] Built target nmea_msgs__py
[48.046s] [ 83%] [32mBuilding C object CMakeFiles/nmea_msgs__rosidl_generator_py.dir/rosidl_generator_py/nmea_msgs/msg/_sentence_s.c.o[0m
[48.226s] [ 84%] [32mBuilding C object CMakeFiles/nmea_msgs__rosidl_generator_py.dir/rosidl_generator_py/nmea_msgs/msg/_gprmc_s.c.o[0m
[48.421s] [ 86%] [32mBuilding C object CMakeFiles/nmea_msgs__rosidl_generator_py.dir/rosidl_generator_py/nmea_msgs/msg/_gpgsv_satellite_s.c.o[0m
[48.600s] [ 87%] [32mBuilding C object CMakeFiles/nmea_msgs__rosidl_generator_py.dir/rosidl_generator_py/nmea_msgs/msg/_gpgsv_s.c.o[0m
[48.794s] [ 88%] [32mBuilding C object CMakeFiles/nmea_msgs__rosidl_generator_py.dir/rosidl_generator_py/nmea_msgs/msg/_gpgst_s.c.o[0m
[49.027s] [ 89%] [32mBuilding C object CMakeFiles/nmea_msgs__rosidl_generator_py.dir/rosidl_generator_py/nmea_msgs/msg/_gpgsa_s.c.o[0m
[49.247s] [ 91%] [32mBuilding C object CMakeFiles/nmea_msgs__rosidl_generator_py.dir/rosidl_generator_py/nmea_msgs/msg/_gpgga_s.c.o[0m
[49.451s] [ 92%] [32m[1mLinking C shared library rosidl_generator_py/nmea_msgs/libnmea_msgs__rosidl_generator_py.so[0m
[49.525s] [ 92%] Built target nmea_msgs__rosidl_generator_py
[49.559s] [ 93%] [32mBuilding C object CMakeFiles/nmea_msgs__rosidl_typesupport_fastrtps_c__pyext.dir/rosidl_generator_py/nmea_msgs/_nmea_msgs_s.ep.rosidl_typesupport_fastrtps_c.c.o[0m
[49.757s] [ 94%] [32m[1mLinking C shared library rosidl_generator_py/nmea_msgs/nmea_msgs_s__rosidl_typesupport_fastrtps_c.cpython-310-aarch64-linux-gnu.so[0m
[49.824s] [ 94%] Built target nmea_msgs__rosidl_typesupport_fastrtps_c__pyext
[49.856s] [ 96%] [32mBuilding C object CMakeFiles/nmea_msgs__rosidl_typesupport_c__pyext.dir/rosidl_generator_py/nmea_msgs/_nmea_msgs_s.ep.rosidl_typesupport_c.c.o[0m
[50.054s] [ 97%] [32m[1mLinking C shared library rosidl_generator_py/nmea_msgs/nmea_msgs_s__rosidl_typesupport_c.cpython-310-aarch64-linux-gnu.so[0m
[50.133s] [ 97%] Built target nmea_msgs__rosidl_typesupport_c__pyext
[50.175s] [ 98%] [32mBuilding C object CMakeFiles/nmea_msgs__rosidl_typesupport_introspection_c__pyext.dir/rosidl_generator_py/nmea_msgs/_nmea_msgs_s.ep.rosidl_typesupport_introspection_c.c.o[0m
[50.382s] [100%] [32m[1mLinking C shared library rosidl_generator_py/nmea_msgs/nmea_msgs_s__rosidl_typesupport_introspection_c.cpython-310-aarch64-linux-gnu.so[0m
[50.443s] [100%] Built target nmea_msgs__rosidl_typesupport_introspection_c__pyext
[50.470s] Invoked command in '/home/wheeltec/wheeltec_robot/build/nmea_msgs' returned '0': CMAKE_PREFIX_PATH=/opt/ros/humble /usr/bin/cmake --build /home/wheeltec/wheeltec_robot/build/nmea_msgs -- -j8 -l8
[50.470s] Invoking command in '/home/wheeltec/wheeltec_robot/build/nmea_msgs': CMAKE_PREFIX_PATH=/opt/ros/humble /usr/bin/cmake --install /home/wheeltec/wheeltec_robot/build/nmea_msgs
[55.816s] -- Install configuration: ""
[55.817s] -- Execute custom install script
[55.817s] -- Symlinking: /home/wheeltec/wheeltec_robot/install/nmea_msgs/share/ament_index/resource_index/rosidl_interfaces/nmea_msgs
[55.817s] -- Symlinking: /home/wheeltec/wheeltec_robot/install/nmea_msgs/include/nmea_msgs/nmea_msgs/msg/detail/gpgga__functions.h
[55.817s] -- Symlinking: /home/wheeltec/wheeltec_robot/install/nmea_msgs/include/nmea_msgs/nmea_msgs/msg/detail/gpgga__struct.h
[55.817s] -- Symlinking: /home/wheeltec/wheeltec_robot/install/nmea_msgs/include/nmea_msgs/nmea_msgs/msg/detail/gpgga__type_support.h
[55.817s] -- Symlinking: /home/wheeltec/wheeltec_robot/install/nmea_msgs/include/nmea_msgs/nmea_msgs/msg/detail/gpgsa__functions.h
[55.817s] -- Symlinking: /home/wheeltec/wheeltec_robot/install/nmea_msgs/include/nmea_msgs/nmea_msgs/msg/detail/gpgsa__struct.h
[55.817s] -- Symlinking: /home/wheeltec/wheeltec_robot/install/nmea_msgs/include/nmea_msgs/nmea_msgs/msg/detail/gpgsa__type_support.h
[55.817s] -- Symlinking: /home/wheeltec/wheeltec_robot/install/nmea_msgs/include/nmea_msgs/nmea_msgs/msg/detail/gpgst__functions.h
[55.818s] -- Symlinking: /home/wheeltec/wheeltec_robot/install/nmea_msgs/include/nmea_msgs/nmea_msgs/msg/detail/gpgst__struct.h
[55.818s] -- Symlinking: /home/wheeltec/wheeltec_robot/install/nmea_msgs/include/nmea_msgs/nmea_msgs/msg/detail/gpgst__type_support.h
[55.818s] -- Symlinking: /home/wheeltec/wheeltec_robot/install/nmea_msgs/include/nmea_msgs/nmea_msgs/msg/detail/gpgsv__functions.h
[55.818s] -- Symlinking: /home/wheeltec/wheeltec_robot/install/nmea_msgs/include/nmea_msgs/nmea_msgs/msg/detail/gpgsv__struct.h
[55.818s] -- Symlinking: /home/wheeltec/wheeltec_robot/install/nmea_msgs/include/nmea_msgs/nmea_msgs/msg/detail/gpgsv__type_support.h
[55.818s] -- Symlinking: /home/wheeltec/wheeltec_robot/install/nmea_msgs/include/nmea_msgs/nmea_msgs/msg/detail/gpgsv_satellite__functions.h
[55.818s] -- Symlinking: /home/wheeltec/wheeltec_robot/install/nmea_msgs/include/nmea_msgs/nmea_msgs/msg/detail/gpgsv_satellite__struct.h
[55.818s] -- Symlinking: /home/wheeltec/wheeltec_robot/install/nmea_msgs/include/nmea_msgs/nmea_msgs/msg/detail/gpgsv_satellite__type_support.h
[55.818s] -- Symlinking: /home/wheeltec/wheeltec_robot/install/nmea_msgs/include/nmea_msgs/nmea_msgs/msg/detail/gprmc__functions.h
[55.818s] -- Symlinking: /home/wheeltec/wheeltec_robot/install/nmea_msgs/include/nmea_msgs/nmea_msgs/msg/detail/gprmc__struct.h
[55.818s] -- Symlinking: /home/wheeltec/wheeltec_robot/install/nmea_msgs/include/nmea_msgs/nmea_msgs/msg/detail/gprmc__type_support.h
[55.819s] -- Symlinking: /home/wheeltec/wheeltec_robot/install/nmea_msgs/include/nmea_msgs/nmea_msgs/msg/detail/sentence__functions.h
[55.819s] -- Symlinking: /home/wheeltec/wheeltec_robot/install/nmea_msgs/include/nmea_msgs/nmea_msgs/msg/detail/sentence__struct.h
[55.819s] -- Symlinking: /home/wheeltec/wheeltec_robot/install/nmea_msgs/include/nmea_msgs/nmea_msgs/msg/detail/sentence__type_support.h
[55.819s] -- Symlinking: /home/wheeltec/wheeltec_robot/install/nmea_msgs/include/nmea_msgs/nmea_msgs/msg/gpgga.h
[55.819s] -- Symlinking: /home/wheeltec/wheeltec_robot/install/nmea_msgs/include/nmea_msgs/nmea_msgs/msg/gpgsa.h
[55.819s] -- Symlinking: /home/wheeltec/wheeltec_robot/install/nmea_msgs/include/nmea_msgs/nmea_msgs/msg/gpgst.h
[55.819s] -- Symlinking: /home/wheeltec/wheeltec_robot/install/nmea_msgs/include/nmea_msgs/nmea_msgs/msg/gpgsv.h
[55.819s] -- Symlinking: /home/wheeltec/wheeltec_robot/install/nmea_msgs/include/nmea_msgs/nmea_msgs/msg/gpgsv_satellite.h
[55.819s] -- Symlinking: /home/wheeltec/wheeltec_robot/install/nmea_msgs/include/nmea_msgs/nmea_msgs/msg/gprmc.h
[55.819s] -- Symlinking: /home/wheeltec/wheeltec_robot/install/nmea_msgs/include/nmea_msgs/nmea_msgs/msg/rosidl_generator_c__visibility_control.h
[55.819s] -- Symlinking: /home/wheeltec/wheeltec_robot/install/nmea_msgs/include/nmea_msgs/nmea_msgs/msg/sentence.h
[55.819s] -- Symlinking: /home/wheeltec/wheeltec_robot/install/nmea_msgs/share/nmea_msgs/environment/library_path.sh
[55.820s] -- Symlinking: /home/wheeltec/wheeltec_robot/install/nmea_msgs/share/nmea_msgs/environment/library_path.dsv
[55.820s] -- Symlinking: /home/wheeltec/wheeltec_robot/install/nmea_msgs/include/nmea_msgs/nmea_msgs/msg/detail/gpgga__rosidl_typesupport_fastrtps_c.h
[55.820s] -- Symlinking: /home/wheeltec/wheeltec_robot/install/nmea_msgs/include/nmea_msgs/nmea_msgs/msg/detail/gpgsa__rosidl_typesupport_fastrtps_c.h
[55.820s] -- Symlinking: /home/wheeltec/wheeltec_robot/install/nmea_msgs/include/nmea_msgs/nmea_msgs/msg/detail/gpgst__rosidl_typesupport_fastrtps_c.h
[55.820s] -- Symlinking: /home/wheeltec/wheeltec_robot/install/nmea_msgs/include/nmea_msgs/nmea_msgs/msg/detail/gpgsv__rosidl_typesupport_fastrtps_c.h
[55.820s] -- Symlinking: /home/wheeltec/wheeltec_robot/install/nmea_msgs/include/nmea_msgs/nmea_msgs/msg/detail/gpgsv_satellite__rosidl_typesupport_fastrtps_c.h
[55.820s] -- Symlinking: /home/wheeltec/wheeltec_robot/install/nmea_msgs/include/nmea_msgs/nmea_msgs/msg/detail/gprmc__rosidl_typesupport_fastrtps_c.h
[55.821s] -- Symlinking: /home/wheeltec/wheeltec_robot/install/nmea_msgs/include/nmea_msgs/nmea_msgs/msg/detail/sentence__rosidl_typesupport_fastrtps_c.h
[55.821s] -- Symlinking: /home/wheeltec/wheeltec_robot/install/nmea_msgs/include/nmea_msgs/nmea_msgs/msg/rosidl_typesupport_fastrtps_c__visibility_control.h
[55.821s] -- Symlinking: /home/wheeltec/wheeltec_robot/install/nmea_msgs/include/nmea_msgs/nmea_msgs/msg/detail/gpgga__rosidl_typesupport_introspection_c.h
[55.821s] -- Symlinking: /home/wheeltec/wheeltec_robot/install/nmea_msgs/include/nmea_msgs/nmea_msgs/msg/detail/gpgsa__rosidl_typesupport_introspection_c.h
[55.821s] -- Symlinking: /home/wheeltec/wheeltec_robot/install/nmea_msgs/include/nmea_msgs/nmea_msgs/msg/detail/gpgst__rosidl_typesupport_introspection_c.h
[55.821s] -- Symlinking: /home/wheeltec/wheeltec_robot/install/nmea_msgs/include/nmea_msgs/nmea_msgs/msg/detail/gpgsv__rosidl_typesupport_introspection_c.h
[55.821s] -- Symlinking: /home/wheeltec/wheeltec_robot/install/nmea_msgs/include/nmea_msgs/nmea_msgs/msg/detail/gpgsv_satellite__rosidl_typesupport_introspection_c.h
[55.821s] -- Symlinking: /home/wheeltec/wheeltec_robot/install/nmea_msgs/include/nmea_msgs/nmea_msgs/msg/detail/gprmc__rosidl_typesupport_introspection_c.h
[55.821s] -- Symlinking: /home/wheeltec/wheeltec_robot/install/nmea_msgs/include/nmea_msgs/nmea_msgs/msg/detail/sentence__rosidl_typesupport_introspection_c.h
[55.821s] -- Symlinking: /home/wheeltec/wheeltec_robot/install/nmea_msgs/include/nmea_msgs/nmea_msgs/msg/rosidl_typesupport_introspection_c__visibility_control.h
[55.821s] -- Symlinking: /home/wheeltec/wheeltec_robot/install/nmea_msgs/include/nmea_msgs/nmea_msgs/msg/detail/gpgga__builder.hpp
[55.822s] -- Symlinking: /home/wheeltec/wheeltec_robot/install/nmea_msgs/include/nmea_msgs/nmea_msgs/msg/detail/gpgga__struct.hpp
[55.822s] -- Symlinking: /home/wheeltec/wheeltec_robot/install/nmea_msgs/include/nmea_msgs/nmea_msgs/msg/detail/gpgga__traits.hpp
[55.822s] -- Symlinking: /home/wheeltec/wheeltec_robot/install/nmea_msgs/include/nmea_msgs/nmea_msgs/msg/detail/gpgga__type_support.hpp
[55.822s] -- Symlinking: /home/wheeltec/wheeltec_robot/install/nmea_msgs/include/nmea_msgs/nmea_msgs/msg/detail/gpgsa__builder.hpp
[55.822s] -- Symlinking: /home/wheeltec/wheeltec_robot/install/nmea_msgs/include/nmea_msgs/nmea_msgs/msg/detail/gpgsa__struct.hpp
[55.822s] -- Symlinking: /home/wheeltec/wheeltec_robot/install/nmea_msgs/include/nmea_msgs/nmea_msgs/msg/detail/gpgsa__traits.hpp
[55.822s] -- Symlinking: /home/wheeltec/wheeltec_robot/install/nmea_msgs/include/nmea_msgs/nmea_msgs/msg/detail/gpgsa__type_support.hpp
[55.822s] -- Symlinking: /home/wheeltec/wheeltec_robot/install/nmea_msgs/include/nmea_msgs/nmea_msgs/msg/detail/gpgst__builder.hpp
[55.822s] -- Symlinking: /home/wheeltec/wheeltec_robot/install/nmea_msgs/include/nmea_msgs/nmea_msgs/msg/detail/gpgst__struct.hpp
[55.822s] -- Symlinking: /home/wheeltec/wheeltec_robot/install/nmea_msgs/include/nmea_msgs/nmea_msgs/msg/detail/gpgst__traits.hpp
[55.822s] -- Symlinking: /home/wheeltec/wheeltec_robot/install/nmea_msgs/include/nmea_msgs/nmea_msgs/msg/detail/gpgst__type_support.hpp
[55.822s] -- Symlinking: /home/wheeltec/wheeltec_robot/install/nmea_msgs/include/nmea_msgs/nmea_msgs/msg/detail/gpgsv__builder.hpp
[55.823s] -- Symlinking: /home/wheeltec/wheeltec_robot/install/nmea_msgs/include/nmea_msgs/nmea_msgs/msg/detail/gpgsv__struct.hpp
[55.823s] -- Symlinking: /home/wheeltec/wheeltec_robot/install/nmea_msgs/include/nmea_msgs/nmea_msgs/msg/detail/gpgsv__traits.hpp
[55.823s] -- Symlinking: /home/wheeltec/wheeltec_robot/install/nmea_msgs/include/nmea_msgs/nmea_msgs/msg/detail/gpgsv__type_support.hpp
[55.823s] -- Symlinking: /home/wheeltec/wheeltec_robot/install/nmea_msgs/include/nmea_msgs/nmea_msgs/msg/detail/gpgsv_satellite__builder.hpp
[55.823s] -- Symlinking: /home/wheeltec/wheeltec_robot/install/nmea_msgs/include/nmea_msgs/nmea_msgs/msg/detail/gpgsv_satellite__struct.hpp
[55.823s] -- Symlinking: /home/wheeltec/wheeltec_robot/install/nmea_msgs/include/nmea_msgs/nmea_msgs/msg/detail/gpgsv_satellite__traits.hpp
[55.823s] -- Symlinking: /home/wheeltec/wheeltec_robot/install/nmea_msgs/include/nmea_msgs/nmea_msgs/msg/detail/gpgsv_satellite__type_support.hpp
[55.823s] -- Symlinking: /home/wheeltec/wheeltec_robot/install/nmea_msgs/include/nmea_msgs/nmea_msgs/msg/detail/gprmc__builder.hpp
[55.823s] -- Symlinking: /home/wheeltec/wheeltec_robot/install/nmea_msgs/include/nmea_msgs/nmea_msgs/msg/detail/gprmc__struct.hpp
[55.823s] -- Symlinking: /home/wheeltec/wheeltec_robot/install/nmea_msgs/include/nmea_msgs/nmea_msgs/msg/detail/gprmc__traits.hpp
[55.823s] -- Symlinking: /home/wheeltec/wheeltec_robot/install/nmea_msgs/include/nmea_msgs/nmea_msgs/msg/detail/gprmc__type_support.hpp
[55.823s] -- Symlinking: /home/wheeltec/wheeltec_robot/install/nmea_msgs/include/nmea_msgs/nmea_msgs/msg/detail/sentence__builder.hpp
[55.824s] -- Symlinking: /home/wheeltec/wheeltec_robot/install/nmea_msgs/include/nmea_msgs/nmea_msgs/msg/detail/sentence__struct.hpp
[55.824s] -- Symlinking: /home/wheeltec/wheeltec_robot/install/nmea_msgs/include/nmea_msgs/nmea_msgs/msg/detail/sentence__traits.hpp
[55.824s] -- Symlinking: /home/wheeltec/wheeltec_robot/install/nmea_msgs/include/nmea_msgs/nmea_msgs/msg/detail/sentence__type_support.hpp
[55.824s] -- Symlinking: /home/wheeltec/wheeltec_robot/install/nmea_msgs/include/nmea_msgs/nmea_msgs/msg/gpgga.hpp
[55.824s] -- Symlinking: /home/wheeltec/wheeltec_robot/install/nmea_msgs/include/nmea_msgs/nmea_msgs/msg/gpgsa.hpp
[55.824s] -- Symlinking: /home/wheeltec/wheeltec_robot/install/nmea_msgs/include/nmea_msgs/nmea_msgs/msg/gpgst.hpp
[55.824s] -- Symlinking: /home/wheeltec/wheeltec_robot/install/nmea_msgs/include/nmea_msgs/nmea_msgs/msg/gpgsv.hpp
[55.824s] -- Symlinking: /home/wheeltec/wheeltec_robot/install/nmea_msgs/include/nmea_msgs/nmea_msgs/msg/gpgsv_satellite.hpp
[55.824s] -- Symlinking: /home/wheeltec/wheeltec_robot/install/nmea_msgs/include/nmea_msgs/nmea_msgs/msg/gprmc.hpp
[55.824s] -- Symlinking: /home/wheeltec/wheeltec_robot/install/nmea_msgs/include/nmea_msgs/nmea_msgs/msg/rosidl_generator_cpp__visibility_control.hpp
[55.824s] -- Symlinking: /home/wheeltec/wheeltec_robot/install/nmea_msgs/include/nmea_msgs/nmea_msgs/msg/sentence.hpp
[55.825s] -- Symlinking: /home/wheeltec/wheeltec_robot/install/nmea_msgs/include/nmea_msgs/nmea_msgs/msg/detail/gpgga__rosidl_typesupport_fastrtps_cpp.hpp
[55.825s] -- Symlinking: /home/wheeltec/wheeltec_robot/install/nmea_msgs/include/nmea_msgs/nmea_msgs/msg/detail/gpgsa__rosidl_typesupport_fastrtps_cpp.hpp
[55.825s] -- Symlinking: /home/wheeltec/wheeltec_robot/install/nmea_msgs/include/nmea_msgs/nmea_msgs/msg/detail/gpgst__rosidl_typesupport_fastrtps_cpp.hpp
[55.825s] -- Symlinking: /home/wheeltec/wheeltec_robot/install/nmea_msgs/include/nmea_msgs/nmea_msgs/msg/detail/gpgsv__rosidl_typesupport_fastrtps_cpp.hpp
[55.825s] -- Symlinking: /home/wheeltec/wheeltec_robot/install/nmea_msgs/include/nmea_msgs/nmea_msgs/msg/detail/gpgsv_satellite__rosidl_typesupport_fastrtps_cpp.hpp
[55.825s] -- Symlinking: /home/wheeltec/wheeltec_robot/install/nmea_msgs/include/nmea_msgs/nmea_msgs/msg/detail/gprmc__rosidl_typesupport_fastrtps_cpp.hpp
[55.825s] -- Symlinking: /home/wheeltec/wheeltec_robot/install/nmea_msgs/include/nmea_msgs/nmea_msgs/msg/detail/sentence__rosidl_typesupport_fastrtps_cpp.hpp
[55.825s] -- Symlinking: /home/wheeltec/wheeltec_robot/install/nmea_msgs/include/nmea_msgs/nmea_msgs/msg/rosidl_typesupport_fastrtps_cpp__visibility_control.h
[55.825s] -- Symlinking: /home/wheeltec/wheeltec_robot/install/nmea_msgs/include/nmea_msgs/nmea_msgs/msg/detail/gpgga__rosidl_typesupport_introspection_cpp.hpp
[55.825s] -- Symlinking: /home/wheeltec/wheeltec_robot/install/nmea_msgs/include/nmea_msgs/nmea_msgs/msg/detail/gpgsa__rosidl_typesupport_introspection_cpp.hpp
[55.825s] -- Symlinking: /home/wheeltec/wheeltec_robot/install/nmea_msgs/include/nmea_msgs/nmea_msgs/msg/detail/gpgst__rosidl_typesupport_introspection_cpp.hpp
[55.825s] -- Symlinking: /home/wheeltec/wheeltec_robot/install/nmea_msgs/include/nmea_msgs/nmea_msgs/msg/detail/gpgsv__rosidl_typesupport_introspection_cpp.hpp
[55.826s] -- Symlinking: /home/wheeltec/wheeltec_robot/install/nmea_msgs/include/nmea_msgs/nmea_msgs/msg/detail/gpgsv_satellite__rosidl_typesupport_introspection_cpp.hpp
[55.826s] -- Symlinking: /home/wheeltec/wheeltec_robot/install/nmea_msgs/include/nmea_msgs/nmea_msgs/msg/detail/gprmc__rosidl_typesupport_introspection_cpp.hpp
[55.826s] -- Symlinking: /home/wheeltec/wheeltec_robot/install/nmea_msgs/include/nmea_msgs/nmea_msgs/msg/detail/sentence__rosidl_typesupport_introspection_cpp.hpp
[55.826s] -- Symlinking: /home/wheeltec/wheeltec_robot/install/nmea_msgs/share/nmea_msgs/environment/pythonpath.sh
[55.826s] -- Symlinking: /home/wheeltec/wheeltec_robot/install/nmea_msgs/share/nmea_msgs/environment/pythonpath.dsv
[55.826s] -- Symlinking: /home/wheeltec/wheeltec_robot/install/nmea_msgs/local/lib/python3.10/dist-packages/nmea_msgs-2.0.0-py3.10.egg-info/PKG-INFO
[55.826s] -- Symlinking: /home/wheeltec/wheeltec_robot/install/nmea_msgs/local/lib/python3.10/dist-packages/nmea_msgs-2.0.0-py3.10.egg-info/SOURCES.txt
[55.826s] -- Symlinking: /home/wheeltec/wheeltec_robot/install/nmea_msgs/local/lib/python3.10/dist-packages/nmea_msgs-2.0.0-py3.10.egg-info/dependency_links.txt
[55.826s] -- Symlinking: /home/wheeltec/wheeltec_robot/install/nmea_msgs/local/lib/python3.10/dist-packages/nmea_msgs-2.0.0-py3.10.egg-info/top_level.txt
[55.826s] -- Symlinking: /home/wheeltec/wheeltec_robot/install/nmea_msgs/local/lib/python3.10/dist-packages/nmea_msgs/__init__.py
[55.826s] -- Symlinking: /home/wheeltec/wheeltec_robot/install/nmea_msgs/local/lib/python3.10/dist-packages/nmea_msgs/_nmea_msgs_s.ep.rosidl_typesupport_c.c
[55.826s] -- Symlinking: /home/wheeltec/wheeltec_robot/install/nmea_msgs/local/lib/python3.10/dist-packages/nmea_msgs/_nmea_msgs_s.ep.rosidl_typesupport_fastrtps_c.c
[55.827s] -- Symlinking: /home/wheeltec/wheeltec_robot/install/nmea_msgs/local/lib/python3.10/dist-packages/nmea_msgs/_nmea_msgs_s.ep.rosidl_typesupport_introspection_c.c
[55.827s] -- Symlinking: /home/wheeltec/wheeltec_robot/install/nmea_msgs/local/lib/python3.10/dist-packages/nmea_msgs/libnmea_msgs__rosidl_generator_py.so
[55.827s] -- Symlinking: /home/wheeltec/wheeltec_robot/install/nmea_msgs/local/lib/python3.10/dist-packages/nmea_msgs/msg/__init__.py
[55.827s] -- Symlinking: /home/wheeltec/wheeltec_robot/install/nmea_msgs/local/lib/python3.10/dist-packages/nmea_msgs/msg/_gpgga.py
[55.827s] -- Symlinking: /home/wheeltec/wheeltec_robot/install/nmea_msgs/local/lib/python3.10/dist-packages/nmea_msgs/msg/_gpgga_s.c
[55.827s] -- Symlinking: /home/wheeltec/wheeltec_robot/install/nmea_msgs/local/lib/python3.10/dist-packages/nmea_msgs/msg/_gpgsa.py
[55.827s] -- Symlinking: /home/wheeltec/wheeltec_robot/install/nmea_msgs/local/lib/python3.10/dist-packages/nmea_msgs/msg/_gpgsa_s.c
[55.827s] -- Symlinking: /home/wheeltec/wheeltec_robot/install/nmea_msgs/local/lib/python3.10/dist-packages/nmea_msgs/msg/_gpgst.py
[55.827s] -- Symlinking: /home/wheeltec/wheeltec_robot/install/nmea_msgs/local/lib/python3.10/dist-packages/nmea_msgs/msg/_gpgst_s.c
[55.828s] -- Symlinking: /home/wheeltec/wheeltec_robot/install/nmea_msgs/local/lib/python3.10/dist-packages/nmea_msgs/msg/_gpgsv.py
[55.828s] -- Symlinking: /home/wheeltec/wheeltec_robot/install/nmea_msgs/local/lib/python3.10/dist-packages/nmea_msgs/msg/_gpgsv_s.c
[55.828s] -- Symlinking: /home/wheeltec/wheeltec_robot/install/nmea_msgs/local/lib/python3.10/dist-packages/nmea_msgs/msg/_gpgsv_satellite.py
[55.828s] -- Symlinking: /home/wheeltec/wheeltec_robot/install/nmea_msgs/local/lib/python3.10/dist-packages/nmea_msgs/msg/_gpgsv_satellite_s.c
[55.828s] -- Symlinking: /home/wheeltec/wheeltec_robot/install/nmea_msgs/local/lib/python3.10/dist-packages/nmea_msgs/msg/_gprmc.py
[55.828s] -- Symlinking: /home/wheeltec/wheeltec_robot/install/nmea_msgs/local/lib/python3.10/dist-packages/nmea_msgs/msg/_gprmc_s.c
[55.829s] -- Symlinking: /home/wheeltec/wheeltec_robot/install/nmea_msgs/local/lib/python3.10/dist-packages/nmea_msgs/msg/_sentence.py
[55.829s] -- Symlinking: /home/wheeltec/wheeltec_robot/install/nmea_msgs/local/lib/python3.10/dist-packages/nmea_msgs/msg/_sentence_s.c
[55.829s] -- Symlinking: /home/wheeltec/wheeltec_robot/install/nmea_msgs/local/lib/python3.10/dist-packages/nmea_msgs/nmea_msgs_s__rosidl_typesupport_c.cpython-310-aarch64-linux-gnu.so
[55.829s] -- Symlinking: /home/wheeltec/wheeltec_robot/install/nmea_msgs/local/lib/python3.10/dist-packages/nmea_msgs/nmea_msgs_s__rosidl_typesupport_fastrtps_c.cpython-310-aarch64-linux-gnu.so
[55.829s] -- Symlinking: /home/wheeltec/wheeltec_robot/install/nmea_msgs/local/lib/python3.10/dist-packages/nmea_msgs/nmea_msgs_s__rosidl_typesupport_introspection_c.cpython-310-aarch64-linux-gnu.so
[55.829s] -- Up-to-date symlink: /home/wheeltec/wheeltec_robot/install/nmea_msgs/local/lib/python3.10/dist-packages/nmea_msgs/nmea_msgs_s__rosidl_typesupport_fastrtps_c.cpython-310-aarch64-linux-gnu.so
[55.829s] -- Up-to-date symlink: /home/wheeltec/wheeltec_robot/install/nmea_msgs/local/lib/python3.10/dist-packages/nmea_msgs/nmea_msgs_s__rosidl_typesupport_introspection_c.cpython-310-aarch64-linux-gnu.so
[55.829s] -- Up-to-date symlink: /home/wheeltec/wheeltec_robot/install/nmea_msgs/local/lib/python3.10/dist-packages/nmea_msgs/nmea_msgs_s__rosidl_typesupport_c.cpython-310-aarch64-linux-gnu.so
[55.829s] -- Symlinking: /home/wheeltec/wheeltec_robot/install/nmea_msgs/share/nmea_msgs/msg/Sentence.idl
[55.829s] -- Symlinking: /home/wheeltec/wheeltec_robot/install/nmea_msgs/share/nmea_msgs/msg/Gpgga.idl
[55.829s] -- Symlinking: /home/wheeltec/wheeltec_robot/install/nmea_msgs/share/nmea_msgs/msg/Gpgsa.idl
[55.830s] -- Symlinking: /home/wheeltec/wheeltec_robot/install/nmea_msgs/share/nmea_msgs/msg/Gpgst.idl
[55.830s] -- Symlinking: /home/wheeltec/wheeltec_robot/install/nmea_msgs/share/nmea_msgs/msg/Gpgsv.idl
[55.830s] -- Symlinking: /home/wheeltec/wheeltec_robot/install/nmea_msgs/share/nmea_msgs/msg/GpgsvSatellite.idl
[55.830s] -- Symlinking: /home/wheeltec/wheeltec_robot/install/nmea_msgs/share/nmea_msgs/msg/Gprmc.idl
[55.842s] -- Symlinking: /home/wheeltec/wheeltec_robot/install/nmea_msgs/share/nmea_msgs/msg/Sentence.msg
[55.865s] -- Symlinking: /home/wheeltec/wheeltec_robot/install/nmea_msgs/share/nmea_msgs/msg/Gpgga.msg
[55.896s] -- Symlinking: /home/wheeltec/wheeltec_robot/install/nmea_msgs/share/nmea_msgs/msg/Gpgsa.msg
[55.934s] -- Symlinking: /home/wheeltec/wheeltec_robot/install/nmea_msgs/share/nmea_msgs/msg/Gpgst.msg
[55.963s] -- Symlinking: /home/wheeltec/wheeltec_robot/install/nmea_msgs/share/nmea_msgs/msg/Gpgsv.msg
[56.007s] -- Symlinking: /home/wheeltec/wheeltec_robot/install/nmea_msgs/share/nmea_msgs/msg/GpgsvSatellite.msg
[56.055s] -- Symlinking: /home/wheeltec/wheeltec_robot/install/nmea_msgs/share/nmea_msgs/msg/Gprmc.msg
[56.075s] -- Symlinking: /home/wheeltec/wheeltec_robot/install/nmea_msgs/share/ament_index/resource_index/package_run_dependencies/nmea_msgs
[56.108s] -- Symlinking: /home/wheeltec/wheeltec_robot/install/nmea_msgs/share/ament_index/resource_index/parent_prefix_path/nmea_msgs
[56.145s] -- Symlinking: /home/wheeltec/wheeltec_robot/install/nmea_msgs/share/nmea_msgs/environment/ament_prefix_path.sh
[56.147s] -- Symlinking: /home/wheeltec/wheeltec_robot/install/nmea_msgs/share/nmea_msgs/environment/ament_prefix_path.dsv
[56.183s] -- Symlinking: /home/wheeltec/wheeltec_robot/install/nmea_msgs/share/nmea_msgs/environment/path.sh
[56.233s] -- Symlinking: /home/wheeltec/wheeltec_robot/install/nmea_msgs/share/nmea_msgs/environment/path.dsv
[56.263s] -- Symlinking: /home/wheeltec/wheeltec_robot/install/nmea_msgs/share/nmea_msgs/local_setup.bash
[56.312s] -- Symlinking: /home/wheeltec/wheeltec_robot/install/nmea_msgs/share/nmea_msgs/local_setup.sh
[56.347s] -- Symlinking: /home/wheeltec/wheeltec_robot/install/nmea_msgs/share/nmea_msgs/local_setup.zsh
[56.372s] -- Symlinking: /home/wheeltec/wheeltec_robot/install/nmea_msgs/share/nmea_msgs/local_setup.dsv
[56.408s] -- Symlinking: /home/wheeltec/wheeltec_robot/install/nmea_msgs/share/nmea_msgs/package.dsv
[56.427s] -- Symlinking: /home/wheeltec/wheeltec_robot/install/nmea_msgs/share/ament_index/resource_index/packages/nmea_msgs
[56.457s] -- Symlinking: /home/wheeltec/wheeltec_robot/install/nmea_msgs/share/nmea_msgs/cmake/rosidl_cmake-extras.cmake
[56.475s] -- Symlinking: /home/wheeltec/wheeltec_robot/install/nmea_msgs/share/nmea_msgs/cmake/ament_cmake_export_dependencies-extras.cmake
[56.510s] -- Symlinking: /home/wheeltec/wheeltec_robot/install/nmea_msgs/share/nmea_msgs/cmake/ament_cmake_export_include_directories-extras.cmake
[56.532s] -- Symlinking: /home/wheeltec/wheeltec_robot/install/nmea_msgs/share/nmea_msgs/cmake/ament_cmake_export_libraries-extras.cmake
[56.559s] -- Symlinking: /home/wheeltec/wheeltec_robot/install/nmea_msgs/share/nmea_msgs/cmake/ament_cmake_export_targets-extras.cmake
[56.604s] -- Symlinking: /home/wheeltec/wheeltec_robot/install/nmea_msgs/share/nmea_msgs/cmake/rosidl_cmake_export_typesupport_targets-extras.cmake
[56.643s] -- Symlinking: /home/wheeltec/wheeltec_robot/install/nmea_msgs/share/nmea_msgs/cmake/rosidl_cmake_export_typesupport_libraries-extras.cmake
[56.664s] -- Symlinking: /home/wheeltec/wheeltec_robot/install/nmea_msgs/share/nmea_msgs/cmake/nmea_msgsConfig.cmake
[56.704s] -- Symlinking: /home/wheeltec/wheeltec_robot/install/nmea_msgs/share/nmea_msgs/cmake/nmea_msgsConfig-version.cmake
[56.731s] -- Symlinking: /home/wheeltec/wheeltec_robot/install/nmea_msgs/share/nmea_msgs/package.xml
[56.757s] -- Installing: /home/wheeltec/wheeltec_robot/install/nmea_msgs/lib/libnmea_msgs__rosidl_generator_c.so
[56.758s] -- Set runtime path of "/home/wheeltec/wheeltec_robot/install/nmea_msgs/lib/libnmea_msgs__rosidl_generator_c.so" to ""
[56.758s] -- Installing: /home/wheeltec/wheeltec_robot/install/nmea_msgs/lib/libnmea_msgs__rosidl_typesupport_fastrtps_c.so
[56.758s] -- Set runtime path of "/home/wheeltec/wheeltec_robot/install/nmea_msgs/lib/libnmea_msgs__rosidl_typesupport_fastrtps_c.so" to ""
[56.758s] -- Installing: /home/wheeltec/wheeltec_robot/install/nmea_msgs/lib/libnmea_msgs__rosidl_typesupport_introspection_c.so
[56.759s] -- Set runtime path of "/home/wheeltec/wheeltec_robot/install/nmea_msgs/lib/libnmea_msgs__rosidl_typesupport_introspection_c.so" to ""
[56.759s] -- Installing: /home/wheeltec/wheeltec_robot/install/nmea_msgs/lib/libnmea_msgs__rosidl_typesupport_c.so
[56.760s] -- Set runtime path of "/home/wheeltec/wheeltec_robot/install/nmea_msgs/lib/libnmea_msgs__rosidl_typesupport_c.so" to ""
[56.760s] -- Installing: /home/wheeltec/wheeltec_robot/install/nmea_msgs/lib/libnmea_msgs__rosidl_typesupport_fastrtps_cpp.so
[56.760s] -- Set runtime path of "/home/wheeltec/wheeltec_robot/install/nmea_msgs/lib/libnmea_msgs__rosidl_typesupport_fastrtps_cpp.so" to ""
[56.761s] -- Installing: /home/wheeltec/wheeltec_robot/install/nmea_msgs/lib/libnmea_msgs__rosidl_typesupport_introspection_cpp.so
[56.761s] -- Set runtime path of "/home/wheeltec/wheeltec_robot/install/nmea_msgs/lib/libnmea_msgs__rosidl_typesupport_introspection_cpp.so" to ""
[56.762s] -- Installing: /home/wheeltec/wheeltec_robot/install/nmea_msgs/lib/libnmea_msgs__rosidl_typesupport_cpp.so
[56.762s] -- Set runtime path of "/home/wheeltec/wheeltec_robot/install/nmea_msgs/lib/libnmea_msgs__rosidl_typesupport_cpp.so" to ""
[56.869s] Listing '/home/wheeltec/wheeltec_robot/install/nmea_msgs/local/lib/python3.10/dist-packages/nmea_msgs'...
[56.870s] Compiling '/home/wheeltec/wheeltec_robot/install/nmea_msgs/local/lib/python3.10/dist-packages/nmea_msgs/__init__.py'...
[56.870s] Listing '/home/wheeltec/wheeltec_robot/install/nmea_msgs/local/lib/python3.10/dist-packages/nmea_msgs/msg'...
[56.870s] Compiling '/home/wheeltec/wheeltec_robot/install/nmea_msgs/local/lib/python3.10/dist-packages/nmea_msgs/msg/__init__.py'...
[56.870s] Compiling '/home/wheeltec/wheeltec_robot/install/nmea_msgs/local/lib/python3.10/dist-packages/nmea_msgs/msg/_gpgga.py'...
[56.870s] Compiling '/home/wheeltec/wheeltec_robot/install/nmea_msgs/local/lib/python3.10/dist-packages/nmea_msgs/msg/_gpgsa.py'...
[56.870s] Compiling '/home/wheeltec/wheeltec_robot/install/nmea_msgs/local/lib/python3.10/dist-packages/nmea_msgs/msg/_gpgst.py'...
[56.870s] Compiling '/home/wheeltec/wheeltec_robot/install/nmea_msgs/local/lib/python3.10/dist-packages/nmea_msgs/msg/_gpgsv.py'...
[56.870s] Compiling '/home/wheeltec/wheeltec_robot/install/nmea_msgs/local/lib/python3.10/dist-packages/nmea_msgs/msg/_gpgsv_satellite.py'...
[56.870s] Compiling '/home/wheeltec/wheeltec_robot/install/nmea_msgs/local/lib/python3.10/dist-packages/nmea_msgs/msg/_gprmc.py'...
[56.870s] Compiling '/home/wheeltec/wheeltec_robot/install/nmea_msgs/local/lib/python3.10/dist-packages/nmea_msgs/msg/_sentence.py'...
[56.881s] -- Installing: /home/wheeltec/wheeltec_robot/install/nmea_msgs/lib/libnmea_msgs__rosidl_generator_py.so
[56.882s] -- Set runtime path of "/home/wheeltec/wheeltec_robot/install/nmea_msgs/lib/libnmea_msgs__rosidl_generator_py.so" to ""
[56.882s] -- Installing: /home/wheeltec/wheeltec_robot/install/nmea_msgs/share/nmea_msgs/cmake/export_nmea_msgs__rosidl_generator_cExport.cmake
[56.883s] -- Installing: /home/wheeltec/wheeltec_robot/install/nmea_msgs/share/nmea_msgs/cmake/export_nmea_msgs__rosidl_generator_cExport-noconfig.cmake
[56.883s] -- Installing: /home/wheeltec/wheeltec_robot/install/nmea_msgs/share/nmea_msgs/cmake/export_nmea_msgs__rosidl_typesupport_fastrtps_cExport.cmake
[56.884s] -- Installing: /home/wheeltec/wheeltec_robot/install/nmea_msgs/share/nmea_msgs/cmake/export_nmea_msgs__rosidl_typesupport_fastrtps_cExport-noconfig.cmake
[56.884s] -- Installing: /home/wheeltec/wheeltec_robot/install/nmea_msgs/share/nmea_msgs/cmake/nmea_msgs__rosidl_typesupport_introspection_cExport.cmake
[56.884s] -- Installing: /home/wheeltec/wheeltec_robot/install/nmea_msgs/share/nmea_msgs/cmake/nmea_msgs__rosidl_typesupport_introspection_cExport-noconfig.cmake
[56.884s] -- Installing: /home/wheeltec/wheeltec_robot/install/nmea_msgs/share/nmea_msgs/cmake/nmea_msgs__rosidl_typesupport_cExport.cmake
[56.884s] -- Installing: /home/wheeltec/wheeltec_robot/install/nmea_msgs/share/nmea_msgs/cmake/nmea_msgs__rosidl_typesupport_cExport-noconfig.cmake
[56.885s] -- Installing: /home/wheeltec/wheeltec_robot/install/nmea_msgs/share/nmea_msgs/cmake/export_nmea_msgs__rosidl_generator_cppExport.cmake
[56.885s] -- Installing: /home/wheeltec/wheeltec_robot/install/nmea_msgs/share/nmea_msgs/cmake/export_nmea_msgs__rosidl_typesupport_fastrtps_cppExport.cmake
[56.886s] -- Installing: /home/wheeltec/wheeltec_robot/install/nmea_msgs/share/nmea_msgs/cmake/export_nmea_msgs__rosidl_typesupport_fastrtps_cppExport-noconfig.cmake
[56.886s] -- Installing: /home/wheeltec/wheeltec_robot/install/nmea_msgs/share/nmea_msgs/cmake/nmea_msgs__rosidl_typesupport_introspection_cppExport.cmake
[56.886s] -- Installing: /home/wheeltec/wheeltec_robot/install/nmea_msgs/share/nmea_msgs/cmake/nmea_msgs__rosidl_typesupport_introspection_cppExport-noconfig.cmake
[56.892s] -- Installing: /home/wheeltec/wheeltec_robot/install/nmea_msgs/share/nmea_msgs/cmake/nmea_msgs__rosidl_typesupport_cppExport.cmake
[56.892s] -- Installing: /home/wheeltec/wheeltec_robot/install/nmea_msgs/share/nmea_msgs/cmake/nmea_msgs__rosidl_typesupport_cppExport-noconfig.cmake
[56.892s] -- Installing: /home/wheeltec/wheeltec_robot/install/nmea_msgs/share/nmea_msgs/cmake/export_nmea_msgs__rosidl_generator_pyExport.cmake
[56.892s] -- Installing: /home/wheeltec/wheeltec_robot/install/nmea_msgs/share/nmea_msgs/cmake/export_nmea_msgs__rosidl_generator_pyExport-noconfig.cmake
[56.950s] Invoked command in '/home/wheeltec/wheeltec_robot/build/nmea_msgs' returned '0': CMAKE_PREFIX_PATH=/opt/ros/humble /usr/bin/cmake --install /home/wheeltec/wheeltec_robot/build/nmea_msgs
