-- The C compiler identification is GNU 11.4.0
-- The CXX compiler identification is GNU 11.4.0
-- Detecting C compiler ABI info
-- Detecting C compiler ABI info - done
-- Check for working C compiler: /usr/bin/cc - skipped
-- Detecting C compile features
-- Detecting C compile features - done
-- Detecting CXX compiler ABI info
-- Detecting CXX compiler ABI info - done
-- Check for working CXX compiler: /usr/bin/c++ - skipped
-- Detecting CXX compile features
-- Detecting CXX compile features - done
-- Found ament_cmake: 1.3.12 (/opt/ros/humble/share/ament_cmake/cmake)
-- Found Python3: /usr/bin/python3 (found version "3.10.12") found components: Interpreter 
-- Override CMake install command with custom implementation using symlinks instead of copying resources
-- Found rclcpp: 16.0.14 (/opt/ros/humble/share/rclcpp/cmake)
-- Found rosidl_generator_c: 3.1.7 (/opt/ros/humble/share/rosidl_generator_c/cmake)
-- Found rosidl_adapter: 3.1.7 (/opt/ros/humble/share/rosidl_adapter/cmake)
-- Found rosidl_generator_cpp: 3.1.7 (/opt/ros/humble/share/rosidl_generator_cpp/cmake)
-- Using all available rosidl_typesupport_c: rosidl_typesupport_fastrtps_c;rosidl_typesupport_introspection_c
-- Using all available rosidl_typesupport_cpp: rosidl_typesupport_fastrtps_cpp;rosidl_typesupport_introspection_cpp
-- Found rmw_implementation_cmake: 6.1.2 (/opt/ros/humble/share/rmw_implementation_cmake/cmake)
-- Found rmw_fastrtps_cpp: 6.2.8 (/opt/ros/humble/share/rmw_fastrtps_cpp/cmake)
-- Found OpenSSL: /usr/lib/aarch64-linux-gnu/libcrypto.so (found version "3.0.2")  
-- Found FastRTPS: /opt/ros/humble/include  
-- Using RMW implementation 'rmw_fastrtps_cpp' as default
-- Looking for pthread.h
-- Looking for pthread.h - found
-- Performing Test CMAKE_HAVE_LIBC_PTHREAD
-- Performing Test CMAKE_HAVE_LIBC_PTHREAD - Success
-- Found Threads: TRUE  
-- Found sensor_msgs: 4.9.0 (/opt/ros/humble/share/sensor_msgs/cmake)
-- Found cv_bridge: 3.2.1 (/opt/ros/humble/share/cv_bridge/cmake)
-- Found image_common: 3.1.12 (/opt/ros/humble/share/image_common/cmake)
-- Found image_transport: 3.1.12 (/opt/ros/humble/share/image_transport/cmake)
-- Found tf2_geometry_msgs: 0.25.15 (/opt/ros/humble/share/tf2_geometry_msgs/cmake)
-- Found eigen3_cmake_module: 0.1.1 (/opt/ros/humble/share/eigen3_cmake_module/cmake)
-- Found Eigen3: TRUE (found version "3.4.0") 
-- Ensuring Eigen3 include directory is part of orocos-kdl CMake target
-- Found rosidl_default_generators: 1.2.0 (/opt/ros/humble/share/rosidl_default_generators/cmake)
-- Found pcl_conversions: 2.4.5 (/opt/ros/humble/share/pcl_conversions/cmake)
-- Checking for module 'eigen3'
--   Found eigen3, version 3.4.0
-- Found Eigen: /usr/include/eigen3 (Required is at least version "3.1") 
-- Eigen found (include: /usr/include/eigen3, version: 3.4.0)
-- Checking for module 'flann'
--   Found flann, version 1.9.1
-- Found FLANN: /usr/lib/aarch64-linux-gnu/libflann_cpp.so  
-- FLANN found (include: /usr/include, lib: /usr/lib/aarch64-linux-gnu/libflann_cpp.so)
-- Checking for module 'libusb-1.0'
--   Found libusb-1.0, version 1.0.25
-- Found libusb: /usr/lib/aarch64-linux-gnu/libusb-1.0.so  
-- OpenNI found (version: 1.5.4.0, include: /usr/include/ni, lib: /usr/lib/libOpenNI.so;libusb::libusb)
-- OpenNI2 found (version: 2.3.0.85, include: /home/wheeltec/wheeltec_robot/install/astra_camera/include/openni2, lib: /usr/lib/aarch64-linux-gnu/libOpenNI2.so;libusb::libusb)
-- Eigen found (include: /usr/include/eigen3, version: 3.4.0)
-- OpenNI found (version: 1.5.4.0, include: /usr/include/ni, lib: /usr/lib/libOpenNI.so;libusb::libusb)
-- OpenNI2 found (version: 2.3.0.85, include: /home/wheeltec/wheeltec_robot/install/astra_camera/include/openni2, lib: /usr/lib/aarch64-linux-gnu/libOpenNI2.so;libusb::libusb)
-- Found Qhull version 8.0.2
-- OpenNI found (version: 1.5.4.0, include: /usr/include/ni, lib: /usr/lib/libOpenNI.so;libusb::libusb)
-- Found PCL_COMMON: /usr/lib/aarch64-linux-gnu/libpcl_common.so  
-- Found PCL_KDTREE: /usr/lib/aarch64-linux-gnu/libpcl_kdtree.so  
-- Found PCL_OCTREE: /usr/lib/aarch64-linux-gnu/libpcl_octree.so  
-- Found PCL_SEARCH: /usr/lib/aarch64-linux-gnu/libpcl_search.so  
-- Found PCL_SAMPLE_CONSENSUS: /usr/lib/aarch64-linux-gnu/libpcl_sample_consensus.so  
-- Found PCL_FILTERS: /usr/lib/aarch64-linux-gnu/libpcl_filters.so  
-- Found PCL_2D: /usr/include/pcl-1.12  
-- Found PCL_GEOMETRY: /usr/include/pcl-1.12  
-- Found PCL_IO: /usr/lib/aarch64-linux-gnu/libpcl_io.so  
-- Found PCL_FEATURES: /usr/lib/aarch64-linux-gnu/libpcl_features.so  
-- Found PCL_ML: /usr/lib/aarch64-linux-gnu/libpcl_ml.so  
-- Found PCL_SEGMENTATION: /usr/lib/aarch64-linux-gnu/libpcl_segmentation.so  
-- Found PCL_VISUALIZATION: /usr/lib/aarch64-linux-gnu/libpcl_visualization.so  
-- Found PCL_SURFACE: /usr/lib/aarch64-linux-gnu/libpcl_surface.so  
-- Found PCL_REGISTRATION: /usr/lib/aarch64-linux-gnu/libpcl_registration.so  
-- Found PCL_KEYPOINTS: /usr/lib/aarch64-linux-gnu/libpcl_keypoints.so  
-- Found PCL_TRACKING: /usr/lib/aarch64-linux-gnu/libpcl_tracking.so  
-- Found PCL_RECOGNITION: /usr/lib/aarch64-linux-gnu/libpcl_recognition.so  
-- Found PCL_STEREO: /usr/lib/aarch64-linux-gnu/libpcl_stereo.so  
-- Found PCL_APPS: /usr/lib/aarch64-linux-gnu/libpcl_apps.so  
-- Found PCL_IN_HAND_SCANNER: /usr/include/pcl-1.12  
-- Found PCL_MODELER: /usr/include/pcl-1.12  
-- Found PCL_POINT_CLOUD_EDITOR: /usr/include/pcl-1.12  
-- Found PCL_OUTOFCORE: /usr/lib/aarch64-linux-gnu/libpcl_outofcore.so  
-- Found PCL_PEOPLE: /usr/lib/aarch64-linux-gnu/libpcl_people.so  
-- Found pcl_ros: 2.4.5 (/opt/ros/humble/share/pcl_ros/cmake)
-- Found Boost: /usr/local/lib/cmake/Boost-1.75.0/BoostConfig.cmake (found version "1.75.0")  
-- Found ament_cmake_ros: 0.10.0 (/opt/ros/humble/share/ament_cmake_ros/cmake)
-- Using all available rosidl_typesupport_c: rosidl_typesupport_fastrtps_c;rosidl_typesupport_introspection_c
-- Using all available rosidl_typesupport_cpp: rosidl_typesupport_fastrtps_cpp;rosidl_typesupport_introspection_cpp
-- Found PythonInterp: /usr/bin/python3 (found suitable version "3.10.12", minimum required is "3.6") 
-- Found python_cmake_module: 0.10.0 (/opt/ros/humble/share/python_cmake_module/cmake)
-- Found PythonLibs: /usr/lib/aarch64-linux-gnu/libpython3.10.so (found suitable version "3.10.12", minimum required is "3.5") 
-- Using PYTHON_EXECUTABLE: /usr/bin/python3
-- Using PYTHON_INCLUDE_DIRS: /usr/include/python3.10
-- Using PYTHON_LIBRARIES: /usr/lib/aarch64-linux-gnu/libpython3.10.so
-- Found PythonExtra: .so  
-- Found OpenMP_C: -fopenmp (found version "4.5") 
-- Found OpenMP_CXX: -fopenmp (found version "4.5") 
-- Found OpenMP: TRUE (found version "4.5")  
-- Compile With map save/load function
-- Found ament_lint_auto: 0.12.14 (/opt/ros/humble/share/ament_lint_auto/cmake)
-- Added test 'copyright' to check source files copyright and LICENSE
-- Added test 'cppcheck' to perform static code analysis on C / C++ code
-- Configured cppcheck include dirs: /home/wheeltec/wheeltec_robot/src/wheeltec_robot_slam/orb_slam_2_ros-ros2/orb_slam2;/home/wheeltec/wheeltec_robot/src/wheeltec_robot_slam/orb_slam_2_ros-ros2/orb_slam2/include;/home/wheeltec/wheeltec_robot/src/wheeltec_robot_slam/orb_slam_2_ros-ros2/ros/include;/home/wheeltec/wheeltec_robot/src/wheeltec_robot_slam/orb_slam_2_ros-ros2/include;/home/wheeltec/wheeltec_robot/src/wheeltec_robot_slam/orb_slam_2_ros-ros2/orb_slam2/Thirdparty/g2o/g2o/core;/home/wheeltec/wheeltec_robot/src/wheeltec_robot_slam/orb_slam_2_ros-ros2/orb_slam2/Thirdparty/g2o/g2o/types;/home/wheeltec/wheeltec_robot/src/wheeltec_robot_slam/orb_slam_2_ros-ros2/orb_slam2/Thirdparty/g2o/g2o/stuff
-- Configured cppcheck exclude dirs and/or files: 
-- Added test 'cpplint' to check C / C++ code against the Google style
-- Configured cpplint exclude dirs and/or files: 
-- Added test 'flake8' to check Python code syntax and style conventions
-- Added test 'lint_cmake' to check CMake code style
-- Added test 'pep257' to check Python code against some of the docstring style conventions in PEP 257
-- Added test 'uncrustify' to check C / C++ code style
-- Configured uncrustify additional arguments: 
-- Added test 'xmllint' to check XML markup files
-- Configuring done
-- Generating done
-- Build files have been written to: /home/wheeltec/wheeltec_robot/src/build/orb_slam2_ros
[  1%] [34m[1mGenerating C++ code for ROS interfaces[0m
[  1%] Built target orb_slam2_ros__cpp
[  2%] [32mBuilding CXX object CMakeFiles/g2o.dir/orb_slam2/Thirdparty/g2o/g2o/types/types_sba.cpp.o[0m
[  3%] [32mBuilding CXX object CMakeFiles/g2o.dir/orb_slam2/Thirdparty/g2o/g2o/types/types_six_dof_expmap.cpp.o[0m
[  4%] [32mBuilding CXX object CMakeFiles/g2o.dir/orb_slam2/Thirdparty/g2o/g2o/types/types_seven_dof_expmap.cpp.o[0m
[  5%] [32mBuilding CXX object CMakeFiles/g2o.dir/orb_slam2/Thirdparty/g2o/g2o/core/hyper_graph_action.cpp.o[0m
[  6%] [32mBuilding CXX object CMakeFiles/g2o.dir/orb_slam2/Thirdparty/g2o/g2o/core/hyper_graph.cpp.o[0m
[  7%] [32mBuilding CXX object CMakeFiles/g2o.dir/orb_slam2/Thirdparty/g2o/g2o/core/marginal_covariance_cholesky.cpp.o[0m
[  8%] [32mBuilding CXX object CMakeFiles/g2o.dir/orb_slam2/Thirdparty/g2o/g2o/core/matrix_structure.cpp.o[0m
[  9%] [32mBuilding CXX object CMakeFiles/g2o.dir/orb_slam2/Thirdparty/g2o/g2o/core/batch_stats.cpp.o[0m
[ 10%] [32mBuilding CXX object CMakeFiles/g2o.dir/orb_slam2/Thirdparty/g2o/g2o/core/parameter.cpp.o[0m
[ 11%] [32mBuilding CXX object CMakeFiles/g2o.dir/orb_slam2/Thirdparty/g2o/g2o/core/cache.cpp.o[0m
[ 12%] [32mBuilding CXX object CMakeFiles/g2o.dir/orb_slam2/Thirdparty/g2o/g2o/core/optimizable_graph.cpp.o[0m
[ 13%] [32mBuilding CXX object CMakeFiles/g2o.dir/orb_slam2/Thirdparty/g2o/g2o/core/solver.cpp.o[0m
[ 14%] [32mBuilding CXX object CMakeFiles/g2o.dir/orb_slam2/Thirdparty/g2o/g2o/core/optimization_algorithm_factory.cpp.o[0m
[ 15%] [32mBuilding CXX object CMakeFiles/g2o.dir/orb_slam2/Thirdparty/g2o/g2o/core/estimate_propagator.cpp.o[0m
[ 16%] [32mBuilding CXX object CMakeFiles/g2o.dir/orb_slam2/Thirdparty/g2o/g2o/core/factory.cpp.o[0m
[ 17%] [32mBuilding CXX object CMakeFiles/g2o.dir/orb_slam2/Thirdparty/g2o/g2o/core/sparse_optimizer.cpp.o[0m
[ 18%] [32mBuilding CXX object CMakeFiles/g2o.dir/orb_slam2/Thirdparty/g2o/g2o/core/hyper_dijkstra.cpp.o[0m
[ 19%] [32mBuilding CXX object CMakeFiles/g2o.dir/orb_slam2/Thirdparty/g2o/g2o/core/parameter_container.cpp.o[0m
[ 20%] [32mBuilding CXX object CMakeFiles/g2o.dir/orb_slam2/Thirdparty/g2o/g2o/core/optimization_algorithm.cpp.o[0m
[ 21%] [32mBuilding CXX object CMakeFiles/g2o.dir/orb_slam2/Thirdparty/g2o/g2o/core/optimization_algorithm_with_hessian.cpp.o[0m
[ 22%] [32mBuilding CXX object CMakeFiles/g2o.dir/orb_slam2/Thirdparty/g2o/g2o/core/optimization_algorithm_levenberg.cpp.o[0m
[ 23%] [32mBuilding CXX object CMakeFiles/g2o.dir/orb_slam2/Thirdparty/g2o/g2o/core/jacobian_workspace.cpp.o[0m
[ 24%] [32mBuilding CXX object CMakeFiles/g2o.dir/orb_slam2/Thirdparty/g2o/g2o/core/robust_kernel.cpp.o[0m
[ 25%] [32mBuilding CXX object CMakeFiles/g2o.dir/orb_slam2/Thirdparty/g2o/g2o/core/robust_kernel_factory.cpp.o[0m
[ 26%] [32mBuilding CXX object CMakeFiles/g2o.dir/orb_slam2/Thirdparty/g2o/g2o/core/robust_kernel_impl.cpp.o[0m
[ 27%] [32mBuilding CXX object CMakeFiles/g2o.dir/orb_slam2/Thirdparty/g2o/g2o/stuff/timeutil.cpp.o[0m
[ 28%] [32mBuilding C object CMakeFiles/g2o.dir/orb_slam2/Thirdparty/g2o/g2o/stuff/os_specific.c.o[0m
[ 29%] [32mBuilding CXX object CMakeFiles/g2o.dir/orb_slam2/Thirdparty/g2o/g2o/stuff/string_tools.cpp.o[0m
[ 30%] [32mBuilding CXX object CMakeFiles/g2o.dir/orb_slam2/Thirdparty/g2o/g2o/stuff/property.cpp.o[0m
[ 31%] [32m[1mLinking CXX shared library /home/wheeltec/wheeltec_robot/src/wheeltec_robot_slam/orb_slam_2_ros-ros2/orb_slam2/Thirdparty/g2o/lib/libg2o.so[0m
[ 31%] Built target g2o
[ 32%] [34m[1mGenerating C++ introspection for ROS interfaces[0m
[ 33%] [32mBuilding CXX object CMakeFiles/orb_slam2_ros__rosidl_typesupport_introspection_cpp.dir/rosidl_typesupport_introspection_cpp/orb_slam2_ros/srv/detail/save_map__type_support.cpp.o[0m
[ 34%] [32mBuilding CXX object CMakeFiles/orb_slam2_ros__rosidl_typesupport_introspection_cpp.dir/rosidl_typesupport_introspection_cpp/orb_slam2_ros/srv/detail/save_cloud__type_support.cpp.o[0m
[ 35%] [32m[1mLinking CXX shared library liborb_slam2_ros__rosidl_typesupport_introspection_cpp.so[0m
[ 35%] Built target orb_slam2_ros__rosidl_typesupport_introspection_cpp
[ 36%] [34m[1mGenerating C++ type support for eProsima Fast-RTPS[0m
[ 37%] [32mBuilding CXX object CMakeFiles/orb_slam2_ros__rosidl_typesupport_fastrtps_cpp.dir/rosidl_typesupport_fastrtps_cpp/orb_slam2_ros/srv/detail/dds_fastrtps/save_map__type_support.cpp.o[0m
[ 38%] [32mBuilding CXX object CMakeFiles/orb_slam2_ros__rosidl_typesupport_fastrtps_cpp.dir/rosidl_typesupport_fastrtps_cpp/orb_slam2_ros/srv/detail/dds_fastrtps/save_cloud__type_support.cpp.o[0m
[ 39%] [32m[1mLinking CXX shared library liborb_slam2_ros__rosidl_typesupport_fastrtps_cpp.so[0m
[ 39%] Built target orb_slam2_ros__rosidl_typesupport_fastrtps_cpp
[ 40%] [34m[1mGenerating C++ type support dispatch for ROS interfaces[0m
[ 41%] [32mBuilding CXX object CMakeFiles/orb_slam2_ros__rosidl_typesupport_cpp.dir/rosidl_typesupport_cpp/orb_slam2_ros/srv/save_map__type_support.cpp.o[0m
[ 42%] [32mBuilding CXX object CMakeFiles/orb_slam2_ros__rosidl_typesupport_cpp.dir/rosidl_typesupport_cpp/orb_slam2_ros/srv/save_cloud__type_support.cpp.o[0m
[ 43%] [32m[1mLinking CXX shared library liborb_slam2_ros__rosidl_typesupport_cpp.so[0m
[ 43%] Built target orb_slam2_ros__rosidl_typesupport_cpp
[ 44%] [32mBuilding CXX object CMakeFiles/DBoW2.dir/orb_slam2/Thirdparty/DBoW2/DBoW2/BowVector.cpp.o[0m
[ 45%] [32mBuilding CXX object CMakeFiles/DBoW2.dir/orb_slam2/Thirdparty/DBoW2/DUtils/Timestamp.cpp.o[0m
[ 46%] [32mBuilding CXX object CMakeFiles/DBoW2.dir/orb_slam2/Thirdparty/DBoW2/DUtils/Random.cpp.o[0m
[ 47%] [32mBuilding CXX object CMakeFiles/DBoW2.dir/orb_slam2/Thirdparty/DBoW2/DBoW2/ScoringObject.cpp.o[0m
[ 48%] [32mBuilding CXX object CMakeFiles/DBoW2.dir/orb_slam2/Thirdparty/DBoW2/DBoW2/FeatureVector.cpp.o[0m
[ 50%] [32mBuilding CXX object CMakeFiles/DBoW2.dir/orb_slam2/Thirdparty/DBoW2/DBoW2/FORB.cpp.o[0m
[ 51%] [32m[1mLinking CXX shared library /home/wheeltec/wheeltec_robot/src/wheeltec_robot_slam/orb_slam_2_ros-ros2/orb_slam2/Thirdparty/DBoW2/lib/libDBoW2.so[0m
[ 51%] Built target DBoW2
[ 51%] Built target ament_cmake_python_symlink_orb_slam2_ros
[ 52%] [32mBuilding CXX object CMakeFiles/orb_slam2_ros_core.dir/orb_slam2/src/System.cc.o[0m
[ 53%] [32mBuilding CXX object CMakeFiles/orb_slam2_ros_core.dir/orb_slam2/src/ORBmatcher.cc.o[0m
[ 54%] [32mBuilding CXX object CMakeFiles/orb_slam2_ros_core.dir/orb_slam2/src/FrameDrawer.cc.o[0m
[ 55%] [32mBuilding CXX object CMakeFiles/orb_slam2_ros_core.dir/orb_slam2/src/Converter.cc.o[0m
[ 56%] [32mBuilding CXX object CMakeFiles/orb_slam2_ros_core.dir/orb_slam2/src/MapPoint.cc.o[0m
[ 57%] [32mBuilding CXX object CMakeFiles/orb_slam2_ros_core.dir/orb_slam2/src/KeyFrame.cc.o[0m
[ 58%] [32mBuilding CXX object CMakeFiles/orb_slam2_ros_core.dir/orb_slam2/src/Map.cc.o[0m
[ 59%] [32mBuilding CXX object CMakeFiles/orb_slam2_ros_core.dir/orb_slam2/src/Optimizer.cc.o[0m
[ 60%] [32mBuilding CXX object CMakeFiles/orb_slam2_ros_core.dir/orb_slam2/src/PnPsolver.cc.o[0m
[ 61%] [32mBuilding CXX object CMakeFiles/orb_slam2_ros_core.dir/orb_slam2/src/Frame.cc.o[0m
[ 62%] [32mBuilding CXX object CMakeFiles/orb_slam2_ros_core.dir/orb_slam2/src/KeyFrameDatabase.cc.o[0m
[ 63%] [32mBuilding CXX object CMakeFiles/orb_slam2_ros_core.dir/orb_slam2/src/Sim3Solver.cc.o[0m
[ 64%] [32mBuilding CXX object CMakeFiles/orb_slam2_ros_core.dir/orb_slam2/src/Initializer.cc.o[0m
[ 65%] [32mBuilding CXX object CMakeFiles/orb_slam2_ros_core.dir/orb_slam2/src/pointcloudmapping.cc.o[0m
[ 66%] [32mBuilding CXX object CMakeFiles/orb_slam2_ros_core.dir/orb_slam2/src/ORBextractor.cc.o[0m
[ 67%] [32mBuilding CXX object CMakeFiles/orb_slam2_ros_core.dir/orb_slam2/src/LoopClosing.cc.o[0m
[ 68%] [32mBuilding CXX object CMakeFiles/orb_slam2_ros_core.dir/orb_slam2/src/LocalMapping.cc.o[0m
[ 69%] [32mBuilding CXX object CMakeFiles/orb_slam2_ros_core.dir/orb_slam2/src/Tracking.cc.o[0m
[ 70%] [32m[1mLinking CXX shared library /home/wheeltec/wheeltec_robot/src/wheeltec_robot_slam/orb_slam_2_ros-ros2/orb_slam2/lib/liborb_slam2_ros_core.so[0m
[ 70%] Built target orb_slam2_ros_core
running egg_info
creating orb_slam2_ros.egg-info
writing orb_slam2_ros.egg-info/PKG-INFO
writing dependency_links to orb_slam2_ros.egg-info/dependency_links.txt
writing top-level names to orb_slam2_ros.egg-info/top_level.txt
writing manifest file 'orb_slam2_ros.egg-info/SOURCES.txt'
reading manifest file 'orb_slam2_ros.egg-info/SOURCES.txt'
writing manifest file 'orb_slam2_ros.egg-info/SOURCES.txt'
[ 70%] Built target ament_cmake_python_build_orb_slam2_ros_egg
[ 71%] [34m[1mGenerating C code for ROS interfaces[0m
[ 72%] [32mBuilding C object CMakeFiles/orb_slam2_ros__rosidl_generator_c.dir/rosidl_generator_c/orb_slam2_ros/srv/detail/save_map__functions.c.o[0m
[ 73%] [32mBuilding C object CMakeFiles/orb_slam2_ros__rosidl_generator_c.dir/rosidl_generator_c/orb_slam2_ros/srv/detail/save_cloud__functions.c.o[0m
[ 74%] [32m[1mLinking C shared library liborb_slam2_ros__rosidl_generator_c.so[0m
[ 74%] Built target orb_slam2_ros__rosidl_generator_c
[ 75%] [34m[1mGenerating C type support for eProsima Fast-RTPS[0m
[ 76%] [32mBuilding CXX object CMakeFiles/orb_slam2_ros__rosidl_typesupport_fastrtps_c.dir/rosidl_typesupport_fastrtps_c/orb_slam2_ros/srv/detail/save_map__type_support_c.cpp.o[0m
[ 77%] [32mBuilding CXX object CMakeFiles/orb_slam2_ros__rosidl_typesupport_fastrtps_c.dir/rosidl_typesupport_fastrtps_c/orb_slam2_ros/srv/detail/save_cloud__type_support_c.cpp.o[0m
[ 78%] [32m[1mLinking CXX shared library liborb_slam2_ros__rosidl_typesupport_fastrtps_c.so[0m
[ 78%] Built target orb_slam2_ros__rosidl_typesupport_fastrtps_c
[ 79%] [34m[1mGenerating C type support dispatch for ROS interfaces[0m
[ 80%] [32mBuilding CXX object CMakeFiles/orb_slam2_ros__rosidl_typesupport_c.dir/rosidl_typesupport_c/orb_slam2_ros/srv/save_map__type_support.cpp.o[0m
[ 81%] [32mBuilding CXX object CMakeFiles/orb_slam2_ros__rosidl_typesupport_c.dir/rosidl_typesupport_c/orb_slam2_ros/srv/save_cloud__type_support.cpp.o[0m
[ 82%] [32m[1mLinking CXX shared library liborb_slam2_ros__rosidl_typesupport_c.so[0m
[ 82%] Built target orb_slam2_ros__rosidl_typesupport_c
[ 83%] [34m[1mGenerating C introspection for ROS interfaces[0m
[ 84%] [32mBuilding C object CMakeFiles/orb_slam2_ros__rosidl_typesupport_introspection_c.dir/rosidl_typesupport_introspection_c/orb_slam2_ros/srv/detail/save_map__type_support.c.o[0m
[ 85%] [32mBuilding C object CMakeFiles/orb_slam2_ros__rosidl_typesupport_introspection_c.dir/rosidl_typesupport_introspection_c/orb_slam2_ros/srv/detail/save_cloud__type_support.c.o[0m
[ 86%] [32m[1mLinking C shared library liborb_slam2_ros__rosidl_typesupport_introspection_c.so[0m
[ 86%] Built target orb_slam2_ros__rosidl_typesupport_introspection_c
[ 86%] Built target orb_slam2_ros
[ 87%] [34m[1mGenerating Python code for ROS interfaces[0m
[ 87%] Built target orb_slam2_ros__py
[ 88%] [32mBuilding CXX object CMakeFiles/orb_slam2_ros_rgbd.dir/ros/src/RGBDNode.cc.o[0m
[ 89%] [32mBuilding CXX object CMakeFiles/orb_slam2_ros_rgbd.dir/ros/src/Node.cc.o[0m
[ 90%] [32m[1mLinking CXX executable orb_slam2_ros_rgbd[0m
[ 90%] Built target orb_slam2_ros_rgbd
[ 91%] [32mBuilding C object CMakeFiles/orb_slam2_ros__rosidl_generator_py.dir/rosidl_generator_py/orb_slam2_ros/srv/_save_map_s.c.o[0m
[ 92%] [32mBuilding C object CMakeFiles/orb_slam2_ros__rosidl_generator_py.dir/rosidl_generator_py/orb_slam2_ros/srv/_save_cloud_s.c.o[0m
[ 93%] [32m[1mLinking C shared library rosidl_generator_py/orb_slam2_ros/liborb_slam2_ros__rosidl_generator_py.so[0m
[ 93%] Built target orb_slam2_ros__rosidl_generator_py
[ 94%] [32mBuilding C object CMakeFiles/orb_slam2_ros__rosidl_typesupport_fastrtps_c__pyext.dir/rosidl_generator_py/orb_slam2_ros/_orb_slam2_ros_s.ep.rosidl_typesupport_fastrtps_c.c.o[0m
[ 95%] [32m[1mLinking C shared library rosidl_generator_py/orb_slam2_ros/orb_slam2_ros_s__rosidl_typesupport_fastrtps_c.cpython-310-aarch64-linux-gnu.so[0m
[ 95%] Built target orb_slam2_ros__rosidl_typesupport_fastrtps_c__pyext
[ 96%] [32mBuilding C object CMakeFiles/orb_slam2_ros__rosidl_typesupport_c__pyext.dir/rosidl_generator_py/orb_slam2_ros/_orb_slam2_ros_s.ep.rosidl_typesupport_c.c.o[0m
[ 97%] [32m[1mLinking C shared library rosidl_generator_py/orb_slam2_ros/orb_slam2_ros_s__rosidl_typesupport_c.cpython-310-aarch64-linux-gnu.so[0m
[ 97%] Built target orb_slam2_ros__rosidl_typesupport_c__pyext
[ 98%] [32mBuilding C object CMakeFiles/orb_slam2_ros__rosidl_typesupport_introspection_c__pyext.dir/rosidl_generator_py/orb_slam2_ros/_orb_slam2_ros_s.ep.rosidl_typesupport_introspection_c.c.o[0m
[100%] [32m[1mLinking C shared library rosidl_generator_py/orb_slam2_ros/orb_slam2_ros_s__rosidl_typesupport_introspection_c.cpython-310-aarch64-linux-gnu.so[0m
[100%] Built target orb_slam2_ros__rosidl_typesupport_introspection_c__pyext
-- Install configuration: "Release"
-- Execute custom install script
-- Symlinking: /home/wheeltec/wheeltec_robot/src/install/orb_slam2_ros/share/ament_index/resource_index/rosidl_interfaces/orb_slam2_ros
-- Symlinking: /home/wheeltec/wheeltec_robot/src/install/orb_slam2_ros/include/orb_slam2_ros/orb_slam2_ros/msg/rosidl_generator_c__visibility_control.h
-- Symlinking: /home/wheeltec/wheeltec_robot/src/install/orb_slam2_ros/include/orb_slam2_ros/orb_slam2_ros/srv/detail/save_cloud__functions.h
-- Symlinking: /home/wheeltec/wheeltec_robot/src/install/orb_slam2_ros/include/orb_slam2_ros/orb_slam2_ros/srv/detail/save_cloud__struct.h
-- Symlinking: /home/wheeltec/wheeltec_robot/src/install/orb_slam2_ros/include/orb_slam2_ros/orb_slam2_ros/srv/detail/save_cloud__type_support.h
-- Symlinking: /home/wheeltec/wheeltec_robot/src/install/orb_slam2_ros/include/orb_slam2_ros/orb_slam2_ros/srv/detail/save_map__functions.h
-- Symlinking: /home/wheeltec/wheeltec_robot/src/install/orb_slam2_ros/include/orb_slam2_ros/orb_slam2_ros/srv/detail/save_map__struct.h
-- Symlinking: /home/wheeltec/wheeltec_robot/src/install/orb_slam2_ros/include/orb_slam2_ros/orb_slam2_ros/srv/detail/save_map__type_support.h
-- Symlinking: /home/wheeltec/wheeltec_robot/src/install/orb_slam2_ros/include/orb_slam2_ros/orb_slam2_ros/srv/save_cloud.h
-- Symlinking: /home/wheeltec/wheeltec_robot/src/install/orb_slam2_ros/include/orb_slam2_ros/orb_slam2_ros/srv/save_map.h
-- Symlinking: /home/wheeltec/wheeltec_robot/src/install/orb_slam2_ros/share/orb_slam2_ros/environment/library_path.sh
-- Symlinking: /home/wheeltec/wheeltec_robot/src/install/orb_slam2_ros/share/orb_slam2_ros/environment/library_path.dsv
-- Symlinking: /home/wheeltec/wheeltec_robot/src/install/orb_slam2_ros/include/orb_slam2_ros/orb_slam2_ros/msg/rosidl_typesupport_fastrtps_c__visibility_control.h
-- Symlinking: /home/wheeltec/wheeltec_robot/src/install/orb_slam2_ros/include/orb_slam2_ros/orb_slam2_ros/srv/detail/save_cloud__rosidl_typesupport_fastrtps_c.h
-- Symlinking: /home/wheeltec/wheeltec_robot/src/install/orb_slam2_ros/include/orb_slam2_ros/orb_slam2_ros/srv/detail/save_map__rosidl_typesupport_fastrtps_c.h
-- Symlinking: /home/wheeltec/wheeltec_robot/src/install/orb_slam2_ros/include/orb_slam2_ros/orb_slam2_ros/msg/rosidl_generator_cpp__visibility_control.hpp
-- Symlinking: /home/wheeltec/wheeltec_robot/src/install/orb_slam2_ros/include/orb_slam2_ros/orb_slam2_ros/srv/detail/save_cloud__builder.hpp
-- Symlinking: /home/wheeltec/wheeltec_robot/src/install/orb_slam2_ros/include/orb_slam2_ros/orb_slam2_ros/srv/detail/save_cloud__struct.hpp
-- Symlinking: /home/wheeltec/wheeltec_robot/src/install/orb_slam2_ros/include/orb_slam2_ros/orb_slam2_ros/srv/detail/save_cloud__traits.hpp
-- Symlinking: /home/wheeltec/wheeltec_robot/src/install/orb_slam2_ros/include/orb_slam2_ros/orb_slam2_ros/srv/detail/save_cloud__type_support.hpp
-- Symlinking: /home/wheeltec/wheeltec_robot/src/install/orb_slam2_ros/include/orb_slam2_ros/orb_slam2_ros/srv/detail/save_map__builder.hpp
-- Symlinking: /home/wheeltec/wheeltec_robot/src/install/orb_slam2_ros/include/orb_slam2_ros/orb_slam2_ros/srv/detail/save_map__struct.hpp
-- Symlinking: /home/wheeltec/wheeltec_robot/src/install/orb_slam2_ros/include/orb_slam2_ros/orb_slam2_ros/srv/detail/save_map__traits.hpp
-- Symlinking: /home/wheeltec/wheeltec_robot/src/install/orb_slam2_ros/include/orb_slam2_ros/orb_slam2_ros/srv/detail/save_map__type_support.hpp
-- Symlinking: /home/wheeltec/wheeltec_robot/src/install/orb_slam2_ros/include/orb_slam2_ros/orb_slam2_ros/srv/save_cloud.hpp
-- Symlinking: /home/wheeltec/wheeltec_robot/src/install/orb_slam2_ros/include/orb_slam2_ros/orb_slam2_ros/srv/save_map.hpp
-- Symlinking: /home/wheeltec/wheeltec_robot/src/install/orb_slam2_ros/include/orb_slam2_ros/orb_slam2_ros/msg/rosidl_typesupport_fastrtps_cpp__visibility_control.h
-- Symlinking: /home/wheeltec/wheeltec_robot/src/install/orb_slam2_ros/include/orb_slam2_ros/orb_slam2_ros/srv/detail/save_cloud__rosidl_typesupport_fastrtps_cpp.hpp
-- Symlinking: /home/wheeltec/wheeltec_robot/src/install/orb_slam2_ros/include/orb_slam2_ros/orb_slam2_ros/srv/detail/save_map__rosidl_typesupport_fastrtps_cpp.hpp
-- Symlinking: /home/wheeltec/wheeltec_robot/src/install/orb_slam2_ros/include/orb_slam2_ros/orb_slam2_ros/msg/rosidl_typesupport_introspection_c__visibility_control.h
-- Symlinking: /home/wheeltec/wheeltec_robot/src/install/orb_slam2_ros/include/orb_slam2_ros/orb_slam2_ros/srv/detail/save_cloud__rosidl_typesupport_introspection_c.h
-- Symlinking: /home/wheeltec/wheeltec_robot/src/install/orb_slam2_ros/include/orb_slam2_ros/orb_slam2_ros/srv/detail/save_map__rosidl_typesupport_introspection_c.h
-- Symlinking: /home/wheeltec/wheeltec_robot/src/install/orb_slam2_ros/include/orb_slam2_ros/orb_slam2_ros/srv/detail/save_cloud__rosidl_typesupport_introspection_cpp.hpp
-- Symlinking: /home/wheeltec/wheeltec_robot/src/install/orb_slam2_ros/include/orb_slam2_ros/orb_slam2_ros/srv/detail/save_map__rosidl_typesupport_introspection_cpp.hpp
-- Symlinking: /home/wheeltec/wheeltec_robot/src/install/orb_slam2_ros/share/orb_slam2_ros/environment/pythonpath.sh
-- Symlinking: /home/wheeltec/wheeltec_robot/src/install/orb_slam2_ros/share/orb_slam2_ros/environment/pythonpath.dsv
-- Symlinking: /home/wheeltec/wheeltec_robot/src/install/orb_slam2_ros/local/lib/python3.10/dist-packages/orb_slam2_ros-1.1.0-py3.10.egg-info/PKG-INFO
-- Symlinking: /home/wheeltec/wheeltec_robot/src/install/orb_slam2_ros/local/lib/python3.10/dist-packages/orb_slam2_ros-1.1.0-py3.10.egg-info/SOURCES.txt
-- Symlinking: /home/wheeltec/wheeltec_robot/src/install/orb_slam2_ros/local/lib/python3.10/dist-packages/orb_slam2_ros-1.1.0-py3.10.egg-info/dependency_links.txt
-- Symlinking: /home/wheeltec/wheeltec_robot/src/install/orb_slam2_ros/local/lib/python3.10/dist-packages/orb_slam2_ros-1.1.0-py3.10.egg-info/top_level.txt
-- Symlinking: /home/wheeltec/wheeltec_robot/src/install/orb_slam2_ros/local/lib/python3.10/dist-packages/orb_slam2_ros/__init__.py
-- Symlinking: /home/wheeltec/wheeltec_robot/src/install/orb_slam2_ros/local/lib/python3.10/dist-packages/orb_slam2_ros/_orb_slam2_ros_s.ep.rosidl_typesupport_c.c
-- Symlinking: /home/wheeltec/wheeltec_robot/src/install/orb_slam2_ros/local/lib/python3.10/dist-packages/orb_slam2_ros/_orb_slam2_ros_s.ep.rosidl_typesupport_fastrtps_c.c
-- Symlinking: /home/wheeltec/wheeltec_robot/src/install/orb_slam2_ros/local/lib/python3.10/dist-packages/orb_slam2_ros/_orb_slam2_ros_s.ep.rosidl_typesupport_introspection_c.c
-- Symlinking: /home/wheeltec/wheeltec_robot/src/install/orb_slam2_ros/local/lib/python3.10/dist-packages/orb_slam2_ros/liborb_slam2_ros__rosidl_generator_py.so
-- Symlinking: /home/wheeltec/wheeltec_robot/src/install/orb_slam2_ros/local/lib/python3.10/dist-packages/orb_slam2_ros/orb_slam2_ros_s__rosidl_typesupport_c.cpython-310-aarch64-linux-gnu.so
-- Symlinking: /home/wheeltec/wheeltec_robot/src/install/orb_slam2_ros/local/lib/python3.10/dist-packages/orb_slam2_ros/orb_slam2_ros_s__rosidl_typesupport_fastrtps_c.cpython-310-aarch64-linux-gnu.so
-- Symlinking: /home/wheeltec/wheeltec_robot/src/install/orb_slam2_ros/local/lib/python3.10/dist-packages/orb_slam2_ros/orb_slam2_ros_s__rosidl_typesupport_introspection_c.cpython-310-aarch64-linux-gnu.so
-- Symlinking: /home/wheeltec/wheeltec_robot/src/install/orb_slam2_ros/local/lib/python3.10/dist-packages/orb_slam2_ros/srv/__init__.py
-- Symlinking: /home/wheeltec/wheeltec_robot/src/install/orb_slam2_ros/local/lib/python3.10/dist-packages/orb_slam2_ros/srv/_save_cloud.py
-- Symlinking: /home/wheeltec/wheeltec_robot/src/install/orb_slam2_ros/local/lib/python3.10/dist-packages/orb_slam2_ros/srv/_save_cloud_s.c
-- Symlinking: /home/wheeltec/wheeltec_robot/src/install/orb_slam2_ros/local/lib/python3.10/dist-packages/orb_slam2_ros/srv/_save_map.py
-- Symlinking: /home/wheeltec/wheeltec_robot/src/install/orb_slam2_ros/local/lib/python3.10/dist-packages/orb_slam2_ros/srv/_save_map_s.c
-- Up-to-date symlink: /home/wheeltec/wheeltec_robot/src/install/orb_slam2_ros/local/lib/python3.10/dist-packages/orb_slam2_ros/orb_slam2_ros_s__rosidl_typesupport_fastrtps_c.cpython-310-aarch64-linux-gnu.so
-- Up-to-date symlink: /home/wheeltec/wheeltec_robot/src/install/orb_slam2_ros/local/lib/python3.10/dist-packages/orb_slam2_ros/orb_slam2_ros_s__rosidl_typesupport_introspection_c.cpython-310-aarch64-linux-gnu.so
-- Up-to-date symlink: /home/wheeltec/wheeltec_robot/src/install/orb_slam2_ros/local/lib/python3.10/dist-packages/orb_slam2_ros/orb_slam2_ros_s__rosidl_typesupport_c.cpython-310-aarch64-linux-gnu.so
-- Symlinking: /home/wheeltec/wheeltec_robot/src/install/orb_slam2_ros/share/orb_slam2_ros/srv/SaveMap.idl
-- Symlinking: /home/wheeltec/wheeltec_robot/src/install/orb_slam2_ros/share/orb_slam2_ros/srv/SaveCloud.idl
-- Symlinking: /home/wheeltec/wheeltec_robot/src/install/orb_slam2_ros/share/orb_slam2_ros/srv/SaveMap.srv
-- Symlinking: /home/wheeltec/wheeltec_robot/src/install/orb_slam2_ros/share/orb_slam2_ros/srv/SaveMap_Request.msg
-- Symlinking: /home/wheeltec/wheeltec_robot/src/install/orb_slam2_ros/share/orb_slam2_ros/srv/SaveMap_Response.msg
-- Symlinking: /home/wheeltec/wheeltec_robot/src/install/orb_slam2_ros/share/orb_slam2_ros/srv/SaveCloud.srv
-- Symlinking: /home/wheeltec/wheeltec_robot/src/install/orb_slam2_ros/share/orb_slam2_ros/srv/SaveCloud_Request.msg
-- Symlinking: /home/wheeltec/wheeltec_robot/src/install/orb_slam2_ros/share/orb_slam2_ros/srv/SaveCloud_Response.msg
-- Symlinking: /home/wheeltec/wheeltec_robot/src/install/orb_slam2_ros/lib/orb_slam2_ros/orb_slam2_ros_rgbd
-- Symlinking: /home/wheeltec/wheeltec_robot/src/install/orb_slam2_ros/lib/liborb_slam2_ros_core.so
-- Symlinking: /home/wheeltec/wheeltec_robot/src/install/orb_slam2_ros/lib/libDBoW2.so
-- Symlinking: /home/wheeltec/wheeltec_robot/src/install/orb_slam2_ros/lib/libg2o.so
-- Symlinking: /home/wheeltec/wheeltec_robot/src/install/orb_slam2_ros/share/orb_slam2_ros/ros/launch/orb_slam2_Astra_rgbd_launch.py
-- Symlinking: /home/wheeltec/wheeltec_robot/src/install/orb_slam2_ros/share/orb_slam2_ros/ros/launch/orb_slam2_d435_mono_launch.py
-- Symlinking: /home/wheeltec/wheeltec_robot/src/install/orb_slam2_ros/share/orb_slam2_ros/ros/launch/orb_slam2_d435_rgbd_launch.py
-- Symlinking: /home/wheeltec/wheeltec_robot/src/install/orb_slam2_ros/share/orb_slam2_ros/ros/launch/orb_slam2_t265_mono_launch.py
-- Symlinking: /home/wheeltec/wheeltec_robot/src/install/orb_slam2_ros/share/orb_slam2_ros/ros/launch/orb_slam2_t265_stereo_launch.py
-- Symlinking: /home/wheeltec/wheeltec_robot/src/install/orb_slam2_ros/share/orb_slam2_ros/ros/config/octomap_server.yaml
-- Symlinking: /home/wheeltec/wheeltec_robot/src/install/orb_slam2_ros/share/orb_slam2_ros/ros/config/params_Astra_rgbd.yaml
-- Symlinking: /home/wheeltec/wheeltec_robot/src/install/orb_slam2_ros/share/orb_slam2_ros/ros/config/params_d435_mono.yaml
-- Symlinking: /home/wheeltec/wheeltec_robot/src/install/orb_slam2_ros/share/orb_slam2_ros/ros/config/params_d435_rgbd.yaml
-- Symlinking: /home/wheeltec/wheeltec_robot/src/install/orb_slam2_ros/share/orb_slam2_ros/ros/config/params_t265_mono.yaml
-- Symlinking: /home/wheeltec/wheeltec_robot/src/install/orb_slam2_ros/share/orb_slam2_ros/ros/config/params_t265_stereo.yaml
-- Symlinking: /home/wheeltec/wheeltec_robot/src/install/orb_slam2_ros/share/orb_slam2_ros/ros/config/rviz_config.rviz
-- Symlinking: /home/wheeltec/wheeltec_robot/src/install/orb_slam2_ros/share/orb_slam2_ros/orb_slam2/Vocabulary/ORBvoc.txt.bin
-- Symlinking: /home/wheeltec/wheeltec_robot/src/install/orb_slam2_ros/share/orb_slam2_ros/orb_slam2/Vocabulary/ORBvoc.txt.tar.gz
-- Symlinking: /home/wheeltec/wheeltec_robot/src/install/orb_slam2_ros/share/ament_index/resource_index/package_run_dependencies/orb_slam2_ros
-- Symlinking: /home/wheeltec/wheeltec_robot/src/install/orb_slam2_ros/share/ament_index/resource_index/parent_prefix_path/orb_slam2_ros
-- Symlinking: /home/wheeltec/wheeltec_robot/src/install/orb_slam2_ros/share/orb_slam2_ros/environment/ament_prefix_path.sh
-- Symlinking: /home/wheeltec/wheeltec_robot/src/install/orb_slam2_ros/share/orb_slam2_ros/environment/ament_prefix_path.dsv
-- Symlinking: /home/wheeltec/wheeltec_robot/src/install/orb_slam2_ros/share/orb_slam2_ros/environment/path.sh
-- Symlinking: /home/wheeltec/wheeltec_robot/src/install/orb_slam2_ros/share/orb_slam2_ros/environment/path.dsv
-- Symlinking: /home/wheeltec/wheeltec_robot/src/install/orb_slam2_ros/share/orb_slam2_ros/local_setup.bash
-- Symlinking: /home/wheeltec/wheeltec_robot/src/install/orb_slam2_ros/share/orb_slam2_ros/local_setup.sh
-- Symlinking: /home/wheeltec/wheeltec_robot/src/install/orb_slam2_ros/share/orb_slam2_ros/local_setup.zsh
-- Symlinking: /home/wheeltec/wheeltec_robot/src/install/orb_slam2_ros/share/orb_slam2_ros/local_setup.dsv
-- Symlinking: /home/wheeltec/wheeltec_robot/src/install/orb_slam2_ros/share/orb_slam2_ros/package.dsv
-- Symlinking: /home/wheeltec/wheeltec_robot/src/install/orb_slam2_ros/share/ament_index/resource_index/packages/orb_slam2_ros
-- Symlinking: /home/wheeltec/wheeltec_robot/src/install/orb_slam2_ros/share/orb_slam2_ros/cmake/rosidl_cmake-extras.cmake
-- Symlinking: /home/wheeltec/wheeltec_robot/src/install/orb_slam2_ros/share/orb_slam2_ros/cmake/ament_cmake_export_dependencies-extras.cmake
-- Symlinking: /home/wheeltec/wheeltec_robot/src/install/orb_slam2_ros/share/orb_slam2_ros/cmake/ament_cmake_export_include_directories-extras.cmake
-- Symlinking: /home/wheeltec/wheeltec_robot/src/install/orb_slam2_ros/share/orb_slam2_ros/cmake/ament_cmake_export_libraries-extras.cmake
-- Symlinking: /home/wheeltec/wheeltec_robot/src/install/orb_slam2_ros/share/orb_slam2_ros/cmake/ament_cmake_export_targets-extras.cmake
-- Symlinking: /home/wheeltec/wheeltec_robot/src/install/orb_slam2_ros/share/orb_slam2_ros/cmake/rosidl_cmake_export_typesupport_targets-extras.cmake
-- Symlinking: /home/wheeltec/wheeltec_robot/src/install/orb_slam2_ros/share/orb_slam2_ros/cmake/rosidl_cmake_export_typesupport_libraries-extras.cmake
-- Symlinking: /home/wheeltec/wheeltec_robot/src/install/orb_slam2_ros/share/orb_slam2_ros/cmake/orb_slam2_rosConfig.cmake
-- Symlinking: /home/wheeltec/wheeltec_robot/src/install/orb_slam2_ros/share/orb_slam2_ros/cmake/orb_slam2_rosConfig-version.cmake
-- Symlinking: /home/wheeltec/wheeltec_robot/src/install/orb_slam2_ros/share/orb_slam2_ros/package.xml
-- Installing: /home/wheeltec/wheeltec_robot/src/install/orb_slam2_ros/lib/liborb_slam2_ros__rosidl_generator_c.so
-- Set runtime path of "/home/wheeltec/wheeltec_robot/src/install/orb_slam2_ros/lib/liborb_slam2_ros__rosidl_generator_c.so" to ""
-- Installing: /home/wheeltec/wheeltec_robot/src/install/orb_slam2_ros/lib/liborb_slam2_ros__rosidl_typesupport_fastrtps_c.so
-- Set runtime path of "/home/wheeltec/wheeltec_robot/src/install/orb_slam2_ros/lib/liborb_slam2_ros__rosidl_typesupport_fastrtps_c.so" to ""
-- Installing: /home/wheeltec/wheeltec_robot/src/install/orb_slam2_ros/lib/liborb_slam2_ros__rosidl_typesupport_fastrtps_cpp.so
-- Set runtime path of "/home/wheeltec/wheeltec_robot/src/install/orb_slam2_ros/lib/liborb_slam2_ros__rosidl_typesupport_fastrtps_cpp.so" to ""
-- Installing: /home/wheeltec/wheeltec_robot/src/install/orb_slam2_ros/lib/liborb_slam2_ros__rosidl_typesupport_introspection_c.so
-- Set runtime path of "/home/wheeltec/wheeltec_robot/src/install/orb_slam2_ros/lib/liborb_slam2_ros__rosidl_typesupport_introspection_c.so" to ""
-- Installing: /home/wheeltec/wheeltec_robot/src/install/orb_slam2_ros/lib/liborb_slam2_ros__rosidl_typesupport_c.so
-- Set runtime path of "/home/wheeltec/wheeltec_robot/src/install/orb_slam2_ros/lib/liborb_slam2_ros__rosidl_typesupport_c.so" to ""
-- Installing: /home/wheeltec/wheeltec_robot/src/install/orb_slam2_ros/lib/liborb_slam2_ros__rosidl_typesupport_introspection_cpp.so
-- Set runtime path of "/home/wheeltec/wheeltec_robot/src/install/orb_slam2_ros/lib/liborb_slam2_ros__rosidl_typesupport_introspection_cpp.so" to ""
-- Installing: /home/wheeltec/wheeltec_robot/src/install/orb_slam2_ros/lib/liborb_slam2_ros__rosidl_typesupport_cpp.so
-- Set runtime path of "/home/wheeltec/wheeltec_robot/src/install/orb_slam2_ros/lib/liborb_slam2_ros__rosidl_typesupport_cpp.so" to ""
Listing '/home/wheeltec/wheeltec_robot/src/install/orb_slam2_ros/local/lib/python3.10/dist-packages/orb_slam2_ros'...
Compiling '/home/wheeltec/wheeltec_robot/src/install/orb_slam2_ros/local/lib/python3.10/dist-packages/orb_slam2_ros/__init__.py'...
Listing '/home/wheeltec/wheeltec_robot/src/install/orb_slam2_ros/local/lib/python3.10/dist-packages/orb_slam2_ros/srv'...
Compiling '/home/wheeltec/wheeltec_robot/src/install/orb_slam2_ros/local/lib/python3.10/dist-packages/orb_slam2_ros/srv/__init__.py'...
Compiling '/home/wheeltec/wheeltec_robot/src/install/orb_slam2_ros/local/lib/python3.10/dist-packages/orb_slam2_ros/srv/_save_cloud.py'...
Compiling '/home/wheeltec/wheeltec_robot/src/install/orb_slam2_ros/local/lib/python3.10/dist-packages/orb_slam2_ros/srv/_save_map.py'...
-- Installing: /home/wheeltec/wheeltec_robot/src/install/orb_slam2_ros/lib/liborb_slam2_ros__rosidl_generator_py.so
-- Set runtime path of "/home/wheeltec/wheeltec_robot/src/install/orb_slam2_ros/lib/liborb_slam2_ros__rosidl_generator_py.so" to ""
-- Installing: /home/wheeltec/wheeltec_robot/src/install/orb_slam2_ros/share/orb_slam2_ros/cmake/export_orb_slam2_ros__rosidl_generator_cExport.cmake
-- Installing: /home/wheeltec/wheeltec_robot/src/install/orb_slam2_ros/share/orb_slam2_ros/cmake/export_orb_slam2_ros__rosidl_generator_cExport-release.cmake
-- Installing: /home/wheeltec/wheeltec_robot/src/install/orb_slam2_ros/share/orb_slam2_ros/cmake/export_orb_slam2_ros__rosidl_typesupport_fastrtps_cExport.cmake
-- Installing: /home/wheeltec/wheeltec_robot/src/install/orb_slam2_ros/share/orb_slam2_ros/cmake/export_orb_slam2_ros__rosidl_typesupport_fastrtps_cExport-release.cmake
-- Installing: /home/wheeltec/wheeltec_robot/src/install/orb_slam2_ros/share/orb_slam2_ros/cmake/export_orb_slam2_ros__rosidl_generator_cppExport.cmake
-- Installing: /home/wheeltec/wheeltec_robot/src/install/orb_slam2_ros/share/orb_slam2_ros/cmake/export_orb_slam2_ros__rosidl_typesupport_fastrtps_cppExport.cmake
-- Installing: /home/wheeltec/wheeltec_robot/src/install/orb_slam2_ros/share/orb_slam2_ros/cmake/export_orb_slam2_ros__rosidl_typesupport_fastrtps_cppExport-release.cmake
-- Installing: /home/wheeltec/wheeltec_robot/src/install/orb_slam2_ros/share/orb_slam2_ros/cmake/orb_slam2_ros__rosidl_typesupport_introspection_cExport.cmake
-- Installing: /home/wheeltec/wheeltec_robot/src/install/orb_slam2_ros/share/orb_slam2_ros/cmake/orb_slam2_ros__rosidl_typesupport_introspection_cExport-release.cmake
-- Installing: /home/wheeltec/wheeltec_robot/src/install/orb_slam2_ros/share/orb_slam2_ros/cmake/orb_slam2_ros__rosidl_typesupport_cExport.cmake
-- Installing: /home/wheeltec/wheeltec_robot/src/install/orb_slam2_ros/share/orb_slam2_ros/cmake/orb_slam2_ros__rosidl_typesupport_cExport-release.cmake
-- Installing: /home/wheeltec/wheeltec_robot/src/install/orb_slam2_ros/share/orb_slam2_ros/cmake/orb_slam2_ros__rosidl_typesupport_introspection_cppExport.cmake
-- Installing: /home/wheeltec/wheeltec_robot/src/install/orb_slam2_ros/share/orb_slam2_ros/cmake/orb_slam2_ros__rosidl_typesupport_introspection_cppExport-release.cmake
-- Installing: /home/wheeltec/wheeltec_robot/src/install/orb_slam2_ros/share/orb_slam2_ros/cmake/orb_slam2_ros__rosidl_typesupport_cppExport.cmake
-- Installing: /home/wheeltec/wheeltec_robot/src/install/orb_slam2_ros/share/orb_slam2_ros/cmake/orb_slam2_ros__rosidl_typesupport_cppExport-release.cmake
-- Installing: /home/wheeltec/wheeltec_robot/src/install/orb_slam2_ros/share/orb_slam2_ros/cmake/export_orb_slam2_ros__rosidl_generator_pyExport.cmake
-- Installing: /home/wheeltec/wheeltec_robot/src/install/orb_slam2_ros/share/orb_slam2_ros/cmake/export_orb_slam2_ros__rosidl_generator_pyExport-release.cmake
