-- The C compiler identification is GNU 11.4.0
-- The CXX compiler identification is GNU 11.4.0
-- Detecting C compiler ABI info
-- Detecting C compiler ABI info - done
-- Check for working C compiler: /usr/bin/cc - skipped
-- Detecting C compile features
-- Detecting C compile features - done
-- Detecting CXX compiler ABI info
-- Detecting CXX compiler ABI info - done
-- Check for working CXX compiler: /usr/bin/c++ - skipped
-- Detecting CXX compile features
-- Detecting CXX compile features - done
-- Found rosidl_default_generators: 1.2.0 (/opt/ros/humble/share/rosidl_default_generators/cmake)
-- Found ament_cmake_core: 1.3.12 (/opt/ros/humble/share/ament_cmake_core/cmake)
-- Found Python3: /usr/bin/python3 (found version "3.10.12") found components: Interpreter 
-- Override CMake install command with custom implementation using symlinks instead of copying resources
-- Using all available rosidl_typesupport_c: rosidl_typesupport_fastrtps_c;rosidl_typesupport_introspection_c
-- Found rosidl_adapter: 3.1.7 (/opt/ros/humble/share/rosidl_adapter/cmake)
-- Using all available rosidl_typesupport_cpp: rosidl_typesupport_fastrtps_cpp;rosidl_typesupport_introspection_cpp
-- Found std_msgs: 4.9.0 (/opt/ros/humble/share/std_msgs/cmake)
-- Found nav_msgs: 4.9.0 (/opt/ros/humble/share/nav_msgs/cmake)
-- Found ament_cmake_ros: 0.10.0 (/opt/ros/humble/share/ament_cmake_ros/cmake)
-- Using all available rosidl_typesupport_c: rosidl_typesupport_fastrtps_c;rosidl_typesupport_introspection_c
-- Using all available rosidl_typesupport_cpp: rosidl_typesupport_fastrtps_cpp;rosidl_typesupport_introspection_cpp
-- Found PythonInterp: /usr/bin/python3 (found suitable version "3.10.12", minimum required is "3.6") 
-- Found python_cmake_module: 0.10.0 (/opt/ros/humble/share/python_cmake_module/cmake)
-- Found PythonLibs: /usr/lib/aarch64-linux-gnu/libpython3.10.so (found suitable version "3.10.12", minimum required is "3.5") 
-- Using PYTHON_EXECUTABLE: /usr/bin/python3
-- Using PYTHON_INCLUDE_DIRS: /usr/include/python3.10
-- Using PYTHON_LIBRARIES: /usr/lib/aarch64-linux-gnu/libpython3.10.so
-- Found PythonExtra: .so  
-- Configuring done
-- Generating done
-- Build files have been written to: /home/wheeltec/wheeltec_robot/build/wheeltec_rrt_msg
[  1%] [34m[1mGenerating C code for ROS interfaces[0m
[  3%] [34m[1mGenerating C++ code for ROS interfaces[0m
[  3%] Built target ament_cmake_python_symlink_wheeltec_rrt_msg
running egg_info
creating wheeltec_rrt_msg.egg-info
writing wheeltec_rrt_msg.egg-info/PKG-INFO
writing dependency_links to wheeltec_rrt_msg.egg-info/dependency_links.txt
writing top-level names to wheeltec_rrt_msg.egg-info/top_level.txt
writing manifest file 'wheeltec_rrt_msg.egg-info/SOURCES.txt'
reading manifest file 'wheeltec_rrt_msg.egg-info/SOURCES.txt'
writing manifest file 'wheeltec_rrt_msg.egg-info/SOURCES.txt'
[  3%] Built target ament_cmake_python_build_wheeltec_rrt_msg_egg
[  7%] [32mBuilding C object CMakeFiles/wheeltec_rrt_msg__rosidl_generator_c.dir/rosidl_generator_c/wheeltec_rrt_msg/action/detail/find_coloured_box__functions.c.o[0m
[  7%] [32mBuilding C object CMakeFiles/wheeltec_rrt_msg__rosidl_generator_c.dir/rosidl_generator_c/wheeltec_rrt_msg/msg/detail/point_array__functions.c.o[0m
[  7%] [32mBuilding C object CMakeFiles/wheeltec_rrt_msg__rosidl_generator_c.dir/rosidl_generator_c/wheeltec_rrt_msg/action/detail/change_position__functions.c.o[0m
[  9%] [32mBuilding C object CMakeFiles/wheeltec_rrt_msg__rosidl_generator_c.dir/rosidl_generator_c/wheeltec_rrt_msg/action/detail/pick_coloured_box__functions.c.o[0m
[ 11%] [32mBuilding C object CMakeFiles/wheeltec_rrt_msg__rosidl_generator_c.dir/rosidl_generator_c/wheeltec_rrt_msg/srv/detail/delete_shape__functions.c.o[0m
[ 11%] Built target wheeltec_rrt_msg__cpp
[ 14%] [34m[1mGenerating C++ type support dispatch for ROS interfaces[0m
[ 14%] [34m[1mGenerating C++ type support for eProsima Fast-RTPS[0m
[ 15%] [34m[1mGenerating C++ introspection for ROS interfaces[0m
[ 17%] [32m[1mLinking C shared library libwheeltec_rrt_msg__rosidl_generator_c.so[0m
[ 17%] Built target wheeltec_rrt_msg__rosidl_generator_c
[ 19%] [34m[1mGenerating C type support for eProsima Fast-RTPS[0m
[ 20%] [34m[1mGenerating C introspection for ROS interfaces[0m
[ 22%] [34m[1mGenerating C type support dispatch for ROS interfaces[0m
[ 23%] [32mBuilding CXX object CMakeFiles/wheeltec_rrt_msg__rosidl_typesupport_cpp.dir/rosidl_typesupport_cpp/wheeltec_rrt_msg/action/find_coloured_box__type_support.cpp.o[0m
[ 25%] [32mBuilding CXX object CMakeFiles/wheeltec_rrt_msg__rosidl_typesupport_cpp.dir/rosidl_typesupport_cpp/wheeltec_rrt_msg/action/change_position__type_support.cpp.o[0m
[ 26%] [32mBuilding CXX object CMakeFiles/wheeltec_rrt_msg__rosidl_typesupport_cpp.dir/rosidl_typesupport_cpp/wheeltec_rrt_msg/action/pick_coloured_box__type_support.cpp.o[0m
[ 28%] [32mBuilding CXX object CMakeFiles/wheeltec_rrt_msg__rosidl_typesupport_c.dir/rosidl_typesupport_c/wheeltec_rrt_msg/action/change_position__type_support.cpp.o[0m
[ 30%] [32mBuilding CXX object CMakeFiles/wheeltec_rrt_msg__rosidl_typesupport_introspection_cpp.dir/rosidl_typesupport_introspection_cpp/wheeltec_rrt_msg/action/detail/change_position__type_support.cpp.o[0m
[ 31%] [32mBuilding CXX object CMakeFiles/wheeltec_rrt_msg__rosidl_typesupport_c.dir/rosidl_typesupport_c/wheeltec_rrt_msg/action/find_coloured_box__type_support.cpp.o[0m
[ 33%] [32mBuilding CXX object CMakeFiles/wheeltec_rrt_msg__rosidl_typesupport_c.dir/rosidl_typesupport_c/wheeltec_rrt_msg/action/pick_coloured_box__type_support.cpp.o[0m
[ 34%] [32mBuilding CXX object CMakeFiles/wheeltec_rrt_msg__rosidl_typesupport_cpp.dir/rosidl_typesupport_cpp/wheeltec_rrt_msg/srv/delete_shape__type_support.cpp.o[0m
[ 36%] [32mBuilding CXX object CMakeFiles/wheeltec_rrt_msg__rosidl_typesupport_fastrtps_cpp.dir/rosidl_typesupport_fastrtps_cpp/wheeltec_rrt_msg/action/detail/dds_fastrtps/change_position__type_support.cpp.o[0m
[ 38%] [32mBuilding CXX object CMakeFiles/wheeltec_rrt_msg__rosidl_typesupport_fastrtps_cpp.dir/rosidl_typesupport_fastrtps_cpp/wheeltec_rrt_msg/action/detail/dds_fastrtps/find_coloured_box__type_support.cpp.o[0m
[ 39%] [32mBuilding CXX object CMakeFiles/wheeltec_rrt_msg__rosidl_typesupport_c.dir/rosidl_typesupport_c/wheeltec_rrt_msg/srv/delete_shape__type_support.cpp.o[0m
[ 41%] [32mBuilding CXX object CMakeFiles/wheeltec_rrt_msg__rosidl_typesupport_fastrtps_cpp.dir/rosidl_typesupport_fastrtps_cpp/wheeltec_rrt_msg/action/detail/dds_fastrtps/pick_coloured_box__type_support.cpp.o[0m
[ 42%] [32mBuilding C object CMakeFiles/wheeltec_rrt_msg__rosidl_typesupport_introspection_c.dir/rosidl_typesupport_introspection_c/wheeltec_rrt_msg/action/detail/change_position__type_support.c.o[0m
[ 44%] [32mBuilding CXX object CMakeFiles/wheeltec_rrt_msg__rosidl_typesupport_c.dir/rosidl_typesupport_c/wheeltec_rrt_msg/msg/point_array__type_support.cpp.o[0m
[ 46%] [32m[1mLinking CXX shared library libwheeltec_rrt_msg__rosidl_typesupport_c.so[0m
[ 47%] [32mBuilding C object CMakeFiles/wheeltec_rrt_msg__rosidl_typesupport_introspection_c.dir/rosidl_typesupport_introspection_c/wheeltec_rrt_msg/action/detail/find_coloured_box__type_support.c.o[0m
[ 49%] [32mBuilding CXX object CMakeFiles/wheeltec_rrt_msg__rosidl_typesupport_fastrtps_c.dir/rosidl_typesupport_fastrtps_c/wheeltec_rrt_msg/action/detail/change_position__type_support_c.cpp.o[0m
[ 49%] Built target wheeltec_rrt_msg__rosidl_typesupport_c
[ 50%] [32mBuilding CXX object CMakeFiles/wheeltec_rrt_msg__rosidl_typesupport_cpp.dir/rosidl_typesupport_cpp/wheeltec_rrt_msg/msg/point_array__type_support.cpp.o[0m
[ 52%] [32mBuilding C object CMakeFiles/wheeltec_rrt_msg__rosidl_typesupport_introspection_c.dir/rosidl_typesupport_introspection_c/wheeltec_rrt_msg/action/detail/pick_coloured_box__type_support.c.o[0m
[ 53%] [32mBuilding C object CMakeFiles/wheeltec_rrt_msg__rosidl_typesupport_introspection_c.dir/rosidl_typesupport_introspection_c/wheeltec_rrt_msg/srv/detail/delete_shape__type_support.c.o[0m
[ 55%] [32mBuilding C object CMakeFiles/wheeltec_rrt_msg__rosidl_typesupport_introspection_c.dir/rosidl_typesupport_introspection_c/wheeltec_rrt_msg/msg/detail/point_array__type_support.c.o[0m
[ 57%] [32mBuilding CXX object CMakeFiles/wheeltec_rrt_msg__rosidl_typesupport_fastrtps_cpp.dir/rosidl_typesupport_fastrtps_cpp/wheeltec_rrt_msg/srv/detail/dds_fastrtps/delete_shape__type_support.cpp.o[0m
[ 58%] [32m[1mLinking C shared library libwheeltec_rrt_msg__rosidl_typesupport_introspection_c.so[0m
[ 60%] [32mBuilding CXX object CMakeFiles/wheeltec_rrt_msg__rosidl_typesupport_introspection_cpp.dir/rosidl_typesupport_introspection_cpp/wheeltec_rrt_msg/action/detail/find_coloured_box__type_support.cpp.o[0m
[ 61%] [32mBuilding CXX object CMakeFiles/wheeltec_rrt_msg__rosidl_typesupport_fastrtps_cpp.dir/rosidl_typesupport_fastrtps_cpp/wheeltec_rrt_msg/msg/detail/dds_fastrtps/point_array__type_support.cpp.o[0m
[ 63%] [32mBuilding CXX object CMakeFiles/wheeltec_rrt_msg__rosidl_typesupport_fastrtps_c.dir/rosidl_typesupport_fastrtps_c/wheeltec_rrt_msg/action/detail/find_coloured_box__type_support_c.cpp.o[0m
[ 65%] [32m[1mLinking CXX shared library libwheeltec_rrt_msg__rosidl_typesupport_cpp.so[0m
[ 66%] [32mBuilding CXX object CMakeFiles/wheeltec_rrt_msg__rosidl_typesupport_introspection_cpp.dir/rosidl_typesupport_introspection_cpp/wheeltec_rrt_msg/action/detail/pick_coloured_box__type_support.cpp.o[0m
[ 66%] Built target wheeltec_rrt_msg__rosidl_typesupport_introspection_c
[ 68%] [32mBuilding CXX object CMakeFiles/wheeltec_rrt_msg__rosidl_typesupport_fastrtps_c.dir/rosidl_typesupport_fastrtps_c/wheeltec_rrt_msg/action/detail/pick_coloured_box__type_support_c.cpp.o[0m
[ 69%] [32mBuilding CXX object CMakeFiles/wheeltec_rrt_msg__rosidl_typesupport_introspection_cpp.dir/rosidl_typesupport_introspection_cpp/wheeltec_rrt_msg/srv/detail/delete_shape__type_support.cpp.o[0m
[ 69%] Built target wheeltec_rrt_msg__rosidl_typesupport_cpp
[ 71%] [32mBuilding CXX object CMakeFiles/wheeltec_rrt_msg__rosidl_typesupport_fastrtps_c.dir/rosidl_typesupport_fastrtps_c/wheeltec_rrt_msg/srv/detail/delete_shape__type_support_c.cpp.o[0m
[ 73%] [32mBuilding CXX object CMakeFiles/wheeltec_rrt_msg__rosidl_typesupport_introspection_cpp.dir/rosidl_typesupport_introspection_cpp/wheeltec_rrt_msg/msg/detail/point_array__type_support.cpp.o[0m
[ 74%] [32mBuilding CXX object CMakeFiles/wheeltec_rrt_msg__rosidl_typesupport_fastrtps_c.dir/rosidl_typesupport_fastrtps_c/wheeltec_rrt_msg/msg/detail/point_array__type_support_c.cpp.o[0m
[ 76%] [32m[1mLinking CXX shared library libwheeltec_rrt_msg__rosidl_typesupport_fastrtps_cpp.so[0m
[ 76%] Built target wheeltec_rrt_msg__rosidl_typesupport_fastrtps_cpp
[ 77%] [32m[1mLinking CXX shared library libwheeltec_rrt_msg__rosidl_typesupport_fastrtps_c.so[0m
[ 79%] [32m[1mLinking CXX shared library libwheeltec_rrt_msg__rosidl_typesupport_introspection_cpp.so[0m
[ 79%] Built target wheeltec_rrt_msg__rosidl_typesupport_fastrtps_c
[ 79%] Built target wheeltec_rrt_msg__rosidl_typesupport_introspection_cpp
[ 79%] Built target wheeltec_rrt_msg
[ 80%] [34m[1mGenerating Python code for ROS interfaces[0m
[ 80%] Built target wheeltec_rrt_msg__py
[ 88%] [32mBuilding C object CMakeFiles/wheeltec_rrt_msg__rosidl_generator_py.dir/rosidl_generator_py/wheeltec_rrt_msg/action/_change_position_s.c.o[0m
[ 88%] [32mBuilding C object CMakeFiles/wheeltec_rrt_msg__rosidl_generator_py.dir/rosidl_generator_py/wheeltec_rrt_msg/action/_pick_coloured_box_s.c.o[0m
[ 88%] [32mBuilding C object CMakeFiles/wheeltec_rrt_msg__rosidl_generator_py.dir/rosidl_generator_py/wheeltec_rrt_msg/msg/_point_array_s.c.o[0m
[ 88%] [32mBuilding C object CMakeFiles/wheeltec_rrt_msg__rosidl_generator_py.dir/rosidl_generator_py/wheeltec_rrt_msg/action/_find_coloured_box_s.c.o[0m
[ 88%] [32mBuilding C object CMakeFiles/wheeltec_rrt_msg__rosidl_generator_py.dir/rosidl_generator_py/wheeltec_rrt_msg/srv/_delete_shape_s.c.o[0m
[ 90%] [32m[1mLinking C shared library rosidl_generator_py/wheeltec_rrt_msg/libwheeltec_rrt_msg__rosidl_generator_py.so[0m
[ 90%] Built target wheeltec_rrt_msg__rosidl_generator_py
[ 95%] [32mBuilding C object CMakeFiles/wheeltec_rrt_msg__rosidl_typesupport_fastrtps_c__pyext.dir/rosidl_generator_py/wheeltec_rrt_msg/_wheeltec_rrt_msg_s.ep.rosidl_typesupport_fastrtps_c.c.o[0m
[ 95%] [32mBuilding C object CMakeFiles/wheeltec_rrt_msg__rosidl_typesupport_c__pyext.dir/rosidl_generator_py/wheeltec_rrt_msg/_wheeltec_rrt_msg_s.ep.rosidl_typesupport_c.c.o[0m
[ 95%] [32mBuilding C object CMakeFiles/wheeltec_rrt_msg__rosidl_typesupport_introspection_c__pyext.dir/rosidl_generator_py/wheeltec_rrt_msg/_wheeltec_rrt_msg_s.ep.rosidl_typesupport_introspection_c.c.o[0m
[ 98%] [32m[1mLinking C shared library rosidl_generator_py/wheeltec_rrt_msg/wheeltec_rrt_msg_s__rosidl_typesupport_c.cpython-310-aarch64-linux-gnu.so[0m
[ 98%] [32m[1mLinking C shared library rosidl_generator_py/wheeltec_rrt_msg/wheeltec_rrt_msg_s__rosidl_typesupport_fastrtps_c.cpython-310-aarch64-linux-gnu.so[0m
[100%] [32m[1mLinking C shared library rosidl_generator_py/wheeltec_rrt_msg/wheeltec_rrt_msg_s__rosidl_typesupport_introspection_c.cpython-310-aarch64-linux-gnu.so[0m
[100%] Built target wheeltec_rrt_msg__rosidl_typesupport_c__pyext
[100%] Built target wheeltec_rrt_msg__rosidl_typesupport_introspection_c__pyext
[100%] Built target wheeltec_rrt_msg__rosidl_typesupport_fastrtps_c__pyext
-- Install configuration: ""
-- Execute custom install script
-- Symlinking: /home/wheeltec/wheeltec_robot/install/wheeltec_rrt_msg/share/ament_index/resource_index/rosidl_interfaces/wheeltec_rrt_msg
-- Symlinking: /home/wheeltec/wheeltec_robot/install/wheeltec_rrt_msg/include/wheeltec_rrt_msg/wheeltec_rrt_msg/action/change_position.h
-- Symlinking: /home/wheeltec/wheeltec_robot/install/wheeltec_rrt_msg/include/wheeltec_rrt_msg/wheeltec_rrt_msg/action/detail/change_position__functions.h
-- Symlinking: /home/wheeltec/wheeltec_robot/install/wheeltec_rrt_msg/include/wheeltec_rrt_msg/wheeltec_rrt_msg/action/detail/change_position__struct.h
-- Symlinking: /home/wheeltec/wheeltec_robot/install/wheeltec_rrt_msg/include/wheeltec_rrt_msg/wheeltec_rrt_msg/action/detail/change_position__type_support.h
-- Symlinking: /home/wheeltec/wheeltec_robot/install/wheeltec_rrt_msg/include/wheeltec_rrt_msg/wheeltec_rrt_msg/action/detail/find_coloured_box__functions.h
-- Symlinking: /home/wheeltec/wheeltec_robot/install/wheeltec_rrt_msg/include/wheeltec_rrt_msg/wheeltec_rrt_msg/action/detail/find_coloured_box__struct.h
-- Symlinking: /home/wheeltec/wheeltec_robot/install/wheeltec_rrt_msg/include/wheeltec_rrt_msg/wheeltec_rrt_msg/action/detail/find_coloured_box__type_support.h
-- Symlinking: /home/wheeltec/wheeltec_robot/install/wheeltec_rrt_msg/include/wheeltec_rrt_msg/wheeltec_rrt_msg/action/detail/pick_coloured_box__functions.h
-- Symlinking: /home/wheeltec/wheeltec_robot/install/wheeltec_rrt_msg/include/wheeltec_rrt_msg/wheeltec_rrt_msg/action/detail/pick_coloured_box__struct.h
-- Symlinking: /home/wheeltec/wheeltec_robot/install/wheeltec_rrt_msg/include/wheeltec_rrt_msg/wheeltec_rrt_msg/action/detail/pick_coloured_box__type_support.h
-- Symlinking: /home/wheeltec/wheeltec_robot/install/wheeltec_rrt_msg/include/wheeltec_rrt_msg/wheeltec_rrt_msg/action/find_coloured_box.h
-- Symlinking: /home/wheeltec/wheeltec_robot/install/wheeltec_rrt_msg/include/wheeltec_rrt_msg/wheeltec_rrt_msg/action/pick_coloured_box.h
-- Symlinking: /home/wheeltec/wheeltec_robot/install/wheeltec_rrt_msg/include/wheeltec_rrt_msg/wheeltec_rrt_msg/msg/detail/point_array__functions.h
-- Symlinking: /home/wheeltec/wheeltec_robot/install/wheeltec_rrt_msg/include/wheeltec_rrt_msg/wheeltec_rrt_msg/msg/detail/point_array__struct.h
-- Symlinking: /home/wheeltec/wheeltec_robot/install/wheeltec_rrt_msg/include/wheeltec_rrt_msg/wheeltec_rrt_msg/msg/detail/point_array__type_support.h
-- Symlinking: /home/wheeltec/wheeltec_robot/install/wheeltec_rrt_msg/include/wheeltec_rrt_msg/wheeltec_rrt_msg/msg/point_array.h
-- Symlinking: /home/wheeltec/wheeltec_robot/install/wheeltec_rrt_msg/include/wheeltec_rrt_msg/wheeltec_rrt_msg/msg/rosidl_generator_c__visibility_control.h
-- Symlinking: /home/wheeltec/wheeltec_robot/install/wheeltec_rrt_msg/include/wheeltec_rrt_msg/wheeltec_rrt_msg/srv/delete_shape.h
-- Symlinking: /home/wheeltec/wheeltec_robot/install/wheeltec_rrt_msg/include/wheeltec_rrt_msg/wheeltec_rrt_msg/srv/detail/delete_shape__functions.h
-- Symlinking: /home/wheeltec/wheeltec_robot/install/wheeltec_rrt_msg/include/wheeltec_rrt_msg/wheeltec_rrt_msg/srv/detail/delete_shape__struct.h
-- Symlinking: /home/wheeltec/wheeltec_robot/install/wheeltec_rrt_msg/include/wheeltec_rrt_msg/wheeltec_rrt_msg/srv/detail/delete_shape__type_support.h
-- Symlinking: /home/wheeltec/wheeltec_robot/install/wheeltec_rrt_msg/share/wheeltec_rrt_msg/environment/library_path.sh
-- Symlinking: /home/wheeltec/wheeltec_robot/install/wheeltec_rrt_msg/share/wheeltec_rrt_msg/environment/library_path.dsv
-- Symlinking: /home/wheeltec/wheeltec_robot/install/wheeltec_rrt_msg/include/wheeltec_rrt_msg/wheeltec_rrt_msg/action/detail/change_position__rosidl_typesupport_fastrtps_c.h
-- Symlinking: /home/wheeltec/wheeltec_robot/install/wheeltec_rrt_msg/include/wheeltec_rrt_msg/wheeltec_rrt_msg/action/detail/find_coloured_box__rosidl_typesupport_fastrtps_c.h
-- Symlinking: /home/wheeltec/wheeltec_robot/install/wheeltec_rrt_msg/include/wheeltec_rrt_msg/wheeltec_rrt_msg/action/detail/pick_coloured_box__rosidl_typesupport_fastrtps_c.h
-- Symlinking: /home/wheeltec/wheeltec_robot/install/wheeltec_rrt_msg/include/wheeltec_rrt_msg/wheeltec_rrt_msg/msg/detail/point_array__rosidl_typesupport_fastrtps_c.h
-- Symlinking: /home/wheeltec/wheeltec_robot/install/wheeltec_rrt_msg/include/wheeltec_rrt_msg/wheeltec_rrt_msg/msg/rosidl_typesupport_fastrtps_c__visibility_control.h
-- Symlinking: /home/wheeltec/wheeltec_robot/install/wheeltec_rrt_msg/include/wheeltec_rrt_msg/wheeltec_rrt_msg/srv/detail/delete_shape__rosidl_typesupport_fastrtps_c.h
-- Symlinking: /home/wheeltec/wheeltec_robot/install/wheeltec_rrt_msg/include/wheeltec_rrt_msg/wheeltec_rrt_msg/action/detail/change_position__rosidl_typesupport_introspection_c.h
-- Symlinking: /home/wheeltec/wheeltec_robot/install/wheeltec_rrt_msg/include/wheeltec_rrt_msg/wheeltec_rrt_msg/action/detail/find_coloured_box__rosidl_typesupport_introspection_c.h
-- Symlinking: /home/wheeltec/wheeltec_robot/install/wheeltec_rrt_msg/include/wheeltec_rrt_msg/wheeltec_rrt_msg/action/detail/pick_coloured_box__rosidl_typesupport_introspection_c.h
-- Symlinking: /home/wheeltec/wheeltec_robot/install/wheeltec_rrt_msg/include/wheeltec_rrt_msg/wheeltec_rrt_msg/msg/detail/point_array__rosidl_typesupport_introspection_c.h
-- Symlinking: /home/wheeltec/wheeltec_robot/install/wheeltec_rrt_msg/include/wheeltec_rrt_msg/wheeltec_rrt_msg/msg/rosidl_typesupport_introspection_c__visibility_control.h
-- Symlinking: /home/wheeltec/wheeltec_robot/install/wheeltec_rrt_msg/include/wheeltec_rrt_msg/wheeltec_rrt_msg/srv/detail/delete_shape__rosidl_typesupport_introspection_c.h
-- Symlinking: /home/wheeltec/wheeltec_robot/install/wheeltec_rrt_msg/include/wheeltec_rrt_msg/wheeltec_rrt_msg/action/change_position.hpp
-- Symlinking: /home/wheeltec/wheeltec_robot/install/wheeltec_rrt_msg/include/wheeltec_rrt_msg/wheeltec_rrt_msg/action/detail/change_position__builder.hpp
-- Symlinking: /home/wheeltec/wheeltec_robot/install/wheeltec_rrt_msg/include/wheeltec_rrt_msg/wheeltec_rrt_msg/action/detail/change_position__struct.hpp
-- Symlinking: /home/wheeltec/wheeltec_robot/install/wheeltec_rrt_msg/include/wheeltec_rrt_msg/wheeltec_rrt_msg/action/detail/change_position__traits.hpp
-- Symlinking: /home/wheeltec/wheeltec_robot/install/wheeltec_rrt_msg/include/wheeltec_rrt_msg/wheeltec_rrt_msg/action/detail/change_position__type_support.hpp
-- Symlinking: /home/wheeltec/wheeltec_robot/install/wheeltec_rrt_msg/include/wheeltec_rrt_msg/wheeltec_rrt_msg/action/detail/find_coloured_box__builder.hpp
-- Symlinking: /home/wheeltec/wheeltec_robot/install/wheeltec_rrt_msg/include/wheeltec_rrt_msg/wheeltec_rrt_msg/action/detail/find_coloured_box__struct.hpp
-- Symlinking: /home/wheeltec/wheeltec_robot/install/wheeltec_rrt_msg/include/wheeltec_rrt_msg/wheeltec_rrt_msg/action/detail/find_coloured_box__traits.hpp
-- Symlinking: /home/wheeltec/wheeltec_robot/install/wheeltec_rrt_msg/include/wheeltec_rrt_msg/wheeltec_rrt_msg/action/detail/find_coloured_box__type_support.hpp
-- Symlinking: /home/wheeltec/wheeltec_robot/install/wheeltec_rrt_msg/include/wheeltec_rrt_msg/wheeltec_rrt_msg/action/detail/pick_coloured_box__builder.hpp
-- Symlinking: /home/wheeltec/wheeltec_robot/install/wheeltec_rrt_msg/include/wheeltec_rrt_msg/wheeltec_rrt_msg/action/detail/pick_coloured_box__struct.hpp
-- Symlinking: /home/wheeltec/wheeltec_robot/install/wheeltec_rrt_msg/include/wheeltec_rrt_msg/wheeltec_rrt_msg/action/detail/pick_coloured_box__traits.hpp
-- Symlinking: /home/wheeltec/wheeltec_robot/install/wheeltec_rrt_msg/include/wheeltec_rrt_msg/wheeltec_rrt_msg/action/detail/pick_coloured_box__type_support.hpp
-- Symlinking: /home/wheeltec/wheeltec_robot/install/wheeltec_rrt_msg/include/wheeltec_rrt_msg/wheeltec_rrt_msg/action/find_coloured_box.hpp
-- Symlinking: /home/wheeltec/wheeltec_robot/install/wheeltec_rrt_msg/include/wheeltec_rrt_msg/wheeltec_rrt_msg/action/pick_coloured_box.hpp
-- Symlinking: /home/wheeltec/wheeltec_robot/install/wheeltec_rrt_msg/include/wheeltec_rrt_msg/wheeltec_rrt_msg/msg/detail/point_array__builder.hpp
-- Symlinking: /home/wheeltec/wheeltec_robot/install/wheeltec_rrt_msg/include/wheeltec_rrt_msg/wheeltec_rrt_msg/msg/detail/point_array__struct.hpp
-- Symlinking: /home/wheeltec/wheeltec_robot/install/wheeltec_rrt_msg/include/wheeltec_rrt_msg/wheeltec_rrt_msg/msg/detail/point_array__traits.hpp
-- Symlinking: /home/wheeltec/wheeltec_robot/install/wheeltec_rrt_msg/include/wheeltec_rrt_msg/wheeltec_rrt_msg/msg/detail/point_array__type_support.hpp
-- Symlinking: /home/wheeltec/wheeltec_robot/install/wheeltec_rrt_msg/include/wheeltec_rrt_msg/wheeltec_rrt_msg/msg/point_array.hpp
-- Symlinking: /home/wheeltec/wheeltec_robot/install/wheeltec_rrt_msg/include/wheeltec_rrt_msg/wheeltec_rrt_msg/msg/rosidl_generator_cpp__visibility_control.hpp
-- Symlinking: /home/wheeltec/wheeltec_robot/install/wheeltec_rrt_msg/include/wheeltec_rrt_msg/wheeltec_rrt_msg/srv/delete_shape.hpp
-- Symlinking: /home/wheeltec/wheeltec_robot/install/wheeltec_rrt_msg/include/wheeltec_rrt_msg/wheeltec_rrt_msg/srv/detail/delete_shape__builder.hpp
-- Symlinking: /home/wheeltec/wheeltec_robot/install/wheeltec_rrt_msg/include/wheeltec_rrt_msg/wheeltec_rrt_msg/srv/detail/delete_shape__struct.hpp
-- Symlinking: /home/wheeltec/wheeltec_robot/install/wheeltec_rrt_msg/include/wheeltec_rrt_msg/wheeltec_rrt_msg/srv/detail/delete_shape__traits.hpp
-- Symlinking: /home/wheeltec/wheeltec_robot/install/wheeltec_rrt_msg/include/wheeltec_rrt_msg/wheeltec_rrt_msg/srv/detail/delete_shape__type_support.hpp
-- Symlinking: /home/wheeltec/wheeltec_robot/install/wheeltec_rrt_msg/include/wheeltec_rrt_msg/wheeltec_rrt_msg/action/detail/change_position__rosidl_typesupport_fastrtps_cpp.hpp
-- Symlinking: /home/wheeltec/wheeltec_robot/install/wheeltec_rrt_msg/include/wheeltec_rrt_msg/wheeltec_rrt_msg/action/detail/find_coloured_box__rosidl_typesupport_fastrtps_cpp.hpp
-- Symlinking: /home/wheeltec/wheeltec_robot/install/wheeltec_rrt_msg/include/wheeltec_rrt_msg/wheeltec_rrt_msg/action/detail/pick_coloured_box__rosidl_typesupport_fastrtps_cpp.hpp
-- Symlinking: /home/wheeltec/wheeltec_robot/install/wheeltec_rrt_msg/include/wheeltec_rrt_msg/wheeltec_rrt_msg/msg/detail/point_array__rosidl_typesupport_fastrtps_cpp.hpp
-- Symlinking: /home/wheeltec/wheeltec_robot/install/wheeltec_rrt_msg/include/wheeltec_rrt_msg/wheeltec_rrt_msg/msg/rosidl_typesupport_fastrtps_cpp__visibility_control.h
-- Symlinking: /home/wheeltec/wheeltec_robot/install/wheeltec_rrt_msg/include/wheeltec_rrt_msg/wheeltec_rrt_msg/srv/detail/delete_shape__rosidl_typesupport_fastrtps_cpp.hpp
-- Symlinking: /home/wheeltec/wheeltec_robot/install/wheeltec_rrt_msg/include/wheeltec_rrt_msg/wheeltec_rrt_msg/action/detail/change_position__rosidl_typesupport_introspection_cpp.hpp
-- Symlinking: /home/wheeltec/wheeltec_robot/install/wheeltec_rrt_msg/include/wheeltec_rrt_msg/wheeltec_rrt_msg/action/detail/find_coloured_box__rosidl_typesupport_introspection_cpp.hpp
-- Symlinking: /home/wheeltec/wheeltec_robot/install/wheeltec_rrt_msg/include/wheeltec_rrt_msg/wheeltec_rrt_msg/action/detail/pick_coloured_box__rosidl_typesupport_introspection_cpp.hpp
-- Symlinking: /home/wheeltec/wheeltec_robot/install/wheeltec_rrt_msg/include/wheeltec_rrt_msg/wheeltec_rrt_msg/msg/detail/point_array__rosidl_typesupport_introspection_cpp.hpp
-- Symlinking: /home/wheeltec/wheeltec_robot/install/wheeltec_rrt_msg/include/wheeltec_rrt_msg/wheeltec_rrt_msg/srv/detail/delete_shape__rosidl_typesupport_introspection_cpp.hpp
-- Symlinking: /home/wheeltec/wheeltec_robot/install/wheeltec_rrt_msg/share/wheeltec_rrt_msg/environment/pythonpath.sh
-- Symlinking: /home/wheeltec/wheeltec_robot/install/wheeltec_rrt_msg/share/wheeltec_rrt_msg/environment/pythonpath.dsv
-- Symlinking: /home/wheeltec/wheeltec_robot/install/wheeltec_rrt_msg/local/lib/python3.10/dist-packages/wheeltec_rrt_msg-0.0.0-py3.10.egg-info/PKG-INFO
-- Symlinking: /home/wheeltec/wheeltec_robot/install/wheeltec_rrt_msg/local/lib/python3.10/dist-packages/wheeltec_rrt_msg-0.0.0-py3.10.egg-info/SOURCES.txt
-- Symlinking: /home/wheeltec/wheeltec_robot/install/wheeltec_rrt_msg/local/lib/python3.10/dist-packages/wheeltec_rrt_msg-0.0.0-py3.10.egg-info/dependency_links.txt
-- Symlinking: /home/wheeltec/wheeltec_robot/install/wheeltec_rrt_msg/local/lib/python3.10/dist-packages/wheeltec_rrt_msg-0.0.0-py3.10.egg-info/top_level.txt
-- Symlinking: /home/wheeltec/wheeltec_robot/install/wheeltec_rrt_msg/local/lib/python3.10/dist-packages/wheeltec_rrt_msg/__init__.py
-- Symlinking: /home/wheeltec/wheeltec_robot/install/wheeltec_rrt_msg/local/lib/python3.10/dist-packages/wheeltec_rrt_msg/_wheeltec_rrt_msg_s.ep.rosidl_typesupport_c.c
-- Symlinking: /home/wheeltec/wheeltec_robot/install/wheeltec_rrt_msg/local/lib/python3.10/dist-packages/wheeltec_rrt_msg/_wheeltec_rrt_msg_s.ep.rosidl_typesupport_fastrtps_c.c
-- Symlinking: /home/wheeltec/wheeltec_robot/install/wheeltec_rrt_msg/local/lib/python3.10/dist-packages/wheeltec_rrt_msg/_wheeltec_rrt_msg_s.ep.rosidl_typesupport_introspection_c.c
-- Symlinking: /home/wheeltec/wheeltec_robot/install/wheeltec_rrt_msg/local/lib/python3.10/dist-packages/wheeltec_rrt_msg/action/__init__.py
-- Symlinking: /home/wheeltec/wheeltec_robot/install/wheeltec_rrt_msg/local/lib/python3.10/dist-packages/wheeltec_rrt_msg/action/_change_position.py
-- Symlinking: /home/wheeltec/wheeltec_robot/install/wheeltec_rrt_msg/local/lib/python3.10/dist-packages/wheeltec_rrt_msg/action/_change_position_s.c
-- Symlinking: /home/wheeltec/wheeltec_robot/install/wheeltec_rrt_msg/local/lib/python3.10/dist-packages/wheeltec_rrt_msg/action/_find_coloured_box.py
-- Symlinking: /home/wheeltec/wheeltec_robot/install/wheeltec_rrt_msg/local/lib/python3.10/dist-packages/wheeltec_rrt_msg/action/_find_coloured_box_s.c
-- Symlinking: /home/wheeltec/wheeltec_robot/install/wheeltec_rrt_msg/local/lib/python3.10/dist-packages/wheeltec_rrt_msg/action/_pick_coloured_box.py
-- Symlinking: /home/wheeltec/wheeltec_robot/install/wheeltec_rrt_msg/local/lib/python3.10/dist-packages/wheeltec_rrt_msg/action/_pick_coloured_box_s.c
-- Symlinking: /home/wheeltec/wheeltec_robot/install/wheeltec_rrt_msg/local/lib/python3.10/dist-packages/wheeltec_rrt_msg/libwheeltec_rrt_msg__rosidl_generator_py.so
-- Symlinking: /home/wheeltec/wheeltec_robot/install/wheeltec_rrt_msg/local/lib/python3.10/dist-packages/wheeltec_rrt_msg/msg/__init__.py
-- Symlinking: /home/wheeltec/wheeltec_robot/install/wheeltec_rrt_msg/local/lib/python3.10/dist-packages/wheeltec_rrt_msg/msg/_point_array.py
-- Symlinking: /home/wheeltec/wheeltec_robot/install/wheeltec_rrt_msg/local/lib/python3.10/dist-packages/wheeltec_rrt_msg/msg/_point_array_s.c
-- Symlinking: /home/wheeltec/wheeltec_robot/install/wheeltec_rrt_msg/local/lib/python3.10/dist-packages/wheeltec_rrt_msg/srv/__init__.py
-- Symlinking: /home/wheeltec/wheeltec_robot/install/wheeltec_rrt_msg/local/lib/python3.10/dist-packages/wheeltec_rrt_msg/srv/_delete_shape.py
-- Symlinking: /home/wheeltec/wheeltec_robot/install/wheeltec_rrt_msg/local/lib/python3.10/dist-packages/wheeltec_rrt_msg/srv/_delete_shape_s.c
-- Symlinking: /home/wheeltec/wheeltec_robot/install/wheeltec_rrt_msg/local/lib/python3.10/dist-packages/wheeltec_rrt_msg/wheeltec_rrt_msg_s__rosidl_typesupport_c.cpython-310-aarch64-linux-gnu.so
-- Symlinking: /home/wheeltec/wheeltec_robot/install/wheeltec_rrt_msg/local/lib/python3.10/dist-packages/wheeltec_rrt_msg/wheeltec_rrt_msg_s__rosidl_typesupport_fastrtps_c.cpython-310-aarch64-linux-gnu.so
-- Symlinking: /home/wheeltec/wheeltec_robot/install/wheeltec_rrt_msg/local/lib/python3.10/dist-packages/wheeltec_rrt_msg/wheeltec_rrt_msg_s__rosidl_typesupport_introspection_c.cpython-310-aarch64-linux-gnu.so
-- Up-to-date symlink: /home/wheeltec/wheeltec_robot/install/wheeltec_rrt_msg/local/lib/python3.10/dist-packages/wheeltec_rrt_msg/wheeltec_rrt_msg_s__rosidl_typesupport_fastrtps_c.cpython-310-aarch64-linux-gnu.so
-- Up-to-date symlink: /home/wheeltec/wheeltec_robot/install/wheeltec_rrt_msg/local/lib/python3.10/dist-packages/wheeltec_rrt_msg/wheeltec_rrt_msg_s__rosidl_typesupport_introspection_c.cpython-310-aarch64-linux-gnu.so
-- Up-to-date symlink: /home/wheeltec/wheeltec_robot/install/wheeltec_rrt_msg/local/lib/python3.10/dist-packages/wheeltec_rrt_msg/wheeltec_rrt_msg_s__rosidl_typesupport_c.cpython-310-aarch64-linux-gnu.so
-- Symlinking: /home/wheeltec/wheeltec_robot/install/wheeltec_rrt_msg/share/wheeltec_rrt_msg/action/ChangePosition.idl
-- Symlinking: /home/wheeltec/wheeltec_robot/install/wheeltec_rrt_msg/share/wheeltec_rrt_msg/action/FindColouredBox.idl
-- Symlinking: /home/wheeltec/wheeltec_robot/install/wheeltec_rrt_msg/share/wheeltec_rrt_msg/action/PickColouredBox.idl
-- Symlinking: /home/wheeltec/wheeltec_robot/install/wheeltec_rrt_msg/share/wheeltec_rrt_msg/srv/DeleteShape.idl
-- Symlinking: /home/wheeltec/wheeltec_robot/install/wheeltec_rrt_msg/share/wheeltec_rrt_msg/msg/PointArray.idl
-- Symlinking: /home/wheeltec/wheeltec_robot/install/wheeltec_rrt_msg/share/wheeltec_rrt_msg/action/ChangePosition.action
-- Symlinking: /home/wheeltec/wheeltec_robot/install/wheeltec_rrt_msg/share/wheeltec_rrt_msg/action/FindColouredBox.action
-- Symlinking: /home/wheeltec/wheeltec_robot/install/wheeltec_rrt_msg/share/wheeltec_rrt_msg/action/PickColouredBox.action
-- Symlinking: /home/wheeltec/wheeltec_robot/install/wheeltec_rrt_msg/share/wheeltec_rrt_msg/srv/DeleteShape.srv
-- Symlinking: /home/wheeltec/wheeltec_robot/install/wheeltec_rrt_msg/share/wheeltec_rrt_msg/srv/DeleteShape_Request.msg
-- Symlinking: /home/wheeltec/wheeltec_robot/install/wheeltec_rrt_msg/share/wheeltec_rrt_msg/srv/DeleteShape_Response.msg
-- Symlinking: /home/wheeltec/wheeltec_robot/install/wheeltec_rrt_msg/share/wheeltec_rrt_msg/msg/PointArray.msg
-- Symlinking: /home/wheeltec/wheeltec_robot/install/wheeltec_rrt_msg/share/ament_index/resource_index/package_run_dependencies/wheeltec_rrt_msg
-- Symlinking: /home/wheeltec/wheeltec_robot/install/wheeltec_rrt_msg/share/ament_index/resource_index/parent_prefix_path/wheeltec_rrt_msg
-- Symlinking: /home/wheeltec/wheeltec_robot/install/wheeltec_rrt_msg/share/wheeltec_rrt_msg/environment/ament_prefix_path.sh
-- Symlinking: /home/wheeltec/wheeltec_robot/install/wheeltec_rrt_msg/share/wheeltec_rrt_msg/environment/ament_prefix_path.dsv
-- Symlinking: /home/wheeltec/wheeltec_robot/install/wheeltec_rrt_msg/share/wheeltec_rrt_msg/environment/path.sh
-- Symlinking: /home/wheeltec/wheeltec_robot/install/wheeltec_rrt_msg/share/wheeltec_rrt_msg/environment/path.dsv
-- Symlinking: /home/wheeltec/wheeltec_robot/install/wheeltec_rrt_msg/share/wheeltec_rrt_msg/local_setup.bash
-- Symlinking: /home/wheeltec/wheeltec_robot/install/wheeltec_rrt_msg/share/wheeltec_rrt_msg/local_setup.sh
-- Symlinking: /home/wheeltec/wheeltec_robot/install/wheeltec_rrt_msg/share/wheeltec_rrt_msg/local_setup.zsh
-- Symlinking: /home/wheeltec/wheeltec_robot/install/wheeltec_rrt_msg/share/wheeltec_rrt_msg/local_setup.dsv
-- Symlinking: /home/wheeltec/wheeltec_robot/install/wheeltec_rrt_msg/share/wheeltec_rrt_msg/package.dsv
-- Symlinking: /home/wheeltec/wheeltec_robot/install/wheeltec_rrt_msg/share/ament_index/resource_index/packages/wheeltec_rrt_msg
-- Symlinking: /home/wheeltec/wheeltec_robot/install/wheeltec_rrt_msg/share/wheeltec_rrt_msg/cmake/rosidl_cmake-extras.cmake
-- Symlinking: /home/wheeltec/wheeltec_robot/install/wheeltec_rrt_msg/share/wheeltec_rrt_msg/cmake/ament_cmake_export_dependencies-extras.cmake
-- Symlinking: /home/wheeltec/wheeltec_robot/install/wheeltec_rrt_msg/share/wheeltec_rrt_msg/cmake/ament_cmake_export_include_directories-extras.cmake
-- Symlinking: /home/wheeltec/wheeltec_robot/install/wheeltec_rrt_msg/share/wheeltec_rrt_msg/cmake/ament_cmake_export_libraries-extras.cmake
-- Symlinking: /home/wheeltec/wheeltec_robot/install/wheeltec_rrt_msg/share/wheeltec_rrt_msg/cmake/ament_cmake_export_targets-extras.cmake
-- Symlinking: /home/wheeltec/wheeltec_robot/install/wheeltec_rrt_msg/share/wheeltec_rrt_msg/cmake/rosidl_cmake_export_typesupport_targets-extras.cmake
-- Symlinking: /home/wheeltec/wheeltec_robot/install/wheeltec_rrt_msg/share/wheeltec_rrt_msg/cmake/rosidl_cmake_export_typesupport_libraries-extras.cmake
-- Symlinking: /home/wheeltec/wheeltec_robot/install/wheeltec_rrt_msg/share/wheeltec_rrt_msg/cmake/wheeltec_rrt_msgConfig.cmake
-- Symlinking: /home/wheeltec/wheeltec_robot/install/wheeltec_rrt_msg/share/wheeltec_rrt_msg/cmake/wheeltec_rrt_msgConfig-version.cmake
-- Symlinking: /home/wheeltec/wheeltec_robot/install/wheeltec_rrt_msg/share/wheeltec_rrt_msg/package.xml
-- Installing: /home/wheeltec/wheeltec_robot/install/wheeltec_rrt_msg/lib/libwheeltec_rrt_msg__rosidl_generator_c.so
-- Set runtime path of "/home/wheeltec/wheeltec_robot/install/wheeltec_rrt_msg/lib/libwheeltec_rrt_msg__rosidl_generator_c.so" to ""
-- Installing: /home/wheeltec/wheeltec_robot/install/wheeltec_rrt_msg/lib/libwheeltec_rrt_msg__rosidl_typesupport_fastrtps_c.so
-- Set runtime path of "/home/wheeltec/wheeltec_robot/install/wheeltec_rrt_msg/lib/libwheeltec_rrt_msg__rosidl_typesupport_fastrtps_c.so" to ""
-- Installing: /home/wheeltec/wheeltec_robot/install/wheeltec_rrt_msg/lib/libwheeltec_rrt_msg__rosidl_typesupport_introspection_c.so
-- Set runtime path of "/home/wheeltec/wheeltec_robot/install/wheeltec_rrt_msg/lib/libwheeltec_rrt_msg__rosidl_typesupport_introspection_c.so" to ""
-- Installing: /home/wheeltec/wheeltec_robot/install/wheeltec_rrt_msg/lib/libwheeltec_rrt_msg__rosidl_typesupport_c.so
-- Set runtime path of "/home/wheeltec/wheeltec_robot/install/wheeltec_rrt_msg/lib/libwheeltec_rrt_msg__rosidl_typesupport_c.so" to ""
-- Installing: /home/wheeltec/wheeltec_robot/install/wheeltec_rrt_msg/lib/libwheeltec_rrt_msg__rosidl_typesupport_fastrtps_cpp.so
-- Set runtime path of "/home/wheeltec/wheeltec_robot/install/wheeltec_rrt_msg/lib/libwheeltec_rrt_msg__rosidl_typesupport_fastrtps_cpp.so" to ""
-- Installing: /home/wheeltec/wheeltec_robot/install/wheeltec_rrt_msg/lib/libwheeltec_rrt_msg__rosidl_typesupport_introspection_cpp.so
-- Set runtime path of "/home/wheeltec/wheeltec_robot/install/wheeltec_rrt_msg/lib/libwheeltec_rrt_msg__rosidl_typesupport_introspection_cpp.so" to ""
-- Installing: /home/wheeltec/wheeltec_robot/install/wheeltec_rrt_msg/lib/libwheeltec_rrt_msg__rosidl_typesupport_cpp.so
-- Set runtime path of "/home/wheeltec/wheeltec_robot/install/wheeltec_rrt_msg/lib/libwheeltec_rrt_msg__rosidl_typesupport_cpp.so" to ""
Listing '/home/wheeltec/wheeltec_robot/install/wheeltec_rrt_msg/local/lib/python3.10/dist-packages/wheeltec_rrt_msg'...
Compiling '/home/wheeltec/wheeltec_robot/install/wheeltec_rrt_msg/local/lib/python3.10/dist-packages/wheeltec_rrt_msg/__init__.py'...
Listing '/home/wheeltec/wheeltec_robot/install/wheeltec_rrt_msg/local/lib/python3.10/dist-packages/wheeltec_rrt_msg/action'...
Compiling '/home/wheeltec/wheeltec_robot/install/wheeltec_rrt_msg/local/lib/python3.10/dist-packages/wheeltec_rrt_msg/action/__init__.py'...
Compiling '/home/wheeltec/wheeltec_robot/install/wheeltec_rrt_msg/local/lib/python3.10/dist-packages/wheeltec_rrt_msg/action/_change_position.py'...
Compiling '/home/wheeltec/wheeltec_robot/install/wheeltec_rrt_msg/local/lib/python3.10/dist-packages/wheeltec_rrt_msg/action/_find_coloured_box.py'...
Compiling '/home/wheeltec/wheeltec_robot/install/wheeltec_rrt_msg/local/lib/python3.10/dist-packages/wheeltec_rrt_msg/action/_pick_coloured_box.py'...
Listing '/home/wheeltec/wheeltec_robot/install/wheeltec_rrt_msg/local/lib/python3.10/dist-packages/wheeltec_rrt_msg/msg'...
Compiling '/home/wheeltec/wheeltec_robot/install/wheeltec_rrt_msg/local/lib/python3.10/dist-packages/wheeltec_rrt_msg/msg/__init__.py'...
Compiling '/home/wheeltec/wheeltec_robot/install/wheeltec_rrt_msg/local/lib/python3.10/dist-packages/wheeltec_rrt_msg/msg/_point_array.py'...
Listing '/home/wheeltec/wheeltec_robot/install/wheeltec_rrt_msg/local/lib/python3.10/dist-packages/wheeltec_rrt_msg/srv'...
Compiling '/home/wheeltec/wheeltec_robot/install/wheeltec_rrt_msg/local/lib/python3.10/dist-packages/wheeltec_rrt_msg/srv/__init__.py'...
Compiling '/home/wheeltec/wheeltec_robot/install/wheeltec_rrt_msg/local/lib/python3.10/dist-packages/wheeltec_rrt_msg/srv/_delete_shape.py'...
-- Installing: /home/wheeltec/wheeltec_robot/install/wheeltec_rrt_msg/lib/libwheeltec_rrt_msg__rosidl_generator_py.so
-- Set runtime path of "/home/wheeltec/wheeltec_robot/install/wheeltec_rrt_msg/lib/libwheeltec_rrt_msg__rosidl_generator_py.so" to ""
-- Installing: /home/wheeltec/wheeltec_robot/install/wheeltec_rrt_msg/share/wheeltec_rrt_msg/cmake/export_wheeltec_rrt_msg__rosidl_generator_cExport.cmake
-- Installing: /home/wheeltec/wheeltec_robot/install/wheeltec_rrt_msg/share/wheeltec_rrt_msg/cmake/export_wheeltec_rrt_msg__rosidl_generator_cExport-noconfig.cmake
-- Installing: /home/wheeltec/wheeltec_robot/install/wheeltec_rrt_msg/share/wheeltec_rrt_msg/cmake/export_wheeltec_rrt_msg__rosidl_typesupport_fastrtps_cExport.cmake
-- Installing: /home/wheeltec/wheeltec_robot/install/wheeltec_rrt_msg/share/wheeltec_rrt_msg/cmake/export_wheeltec_rrt_msg__rosidl_typesupport_fastrtps_cExport-noconfig.cmake
-- Installing: /home/wheeltec/wheeltec_robot/install/wheeltec_rrt_msg/share/wheeltec_rrt_msg/cmake/wheeltec_rrt_msg__rosidl_typesupport_introspection_cExport.cmake
-- Installing: /home/wheeltec/wheeltec_robot/install/wheeltec_rrt_msg/share/wheeltec_rrt_msg/cmake/wheeltec_rrt_msg__rosidl_typesupport_introspection_cExport-noconfig.cmake
-- Installing: /home/wheeltec/wheeltec_robot/install/wheeltec_rrt_msg/share/wheeltec_rrt_msg/cmake/wheeltec_rrt_msg__rosidl_typesupport_cExport.cmake
-- Installing: /home/wheeltec/wheeltec_robot/install/wheeltec_rrt_msg/share/wheeltec_rrt_msg/cmake/wheeltec_rrt_msg__rosidl_typesupport_cExport-noconfig.cmake
-- Installing: /home/wheeltec/wheeltec_robot/install/wheeltec_rrt_msg/share/wheeltec_rrt_msg/cmake/export_wheeltec_rrt_msg__rosidl_generator_cppExport.cmake
-- Installing: /home/wheeltec/wheeltec_robot/install/wheeltec_rrt_msg/share/wheeltec_rrt_msg/cmake/export_wheeltec_rrt_msg__rosidl_typesupport_fastrtps_cppExport.cmake
-- Installing: /home/wheeltec/wheeltec_robot/install/wheeltec_rrt_msg/share/wheeltec_rrt_msg/cmake/export_wheeltec_rrt_msg__rosidl_typesupport_fastrtps_cppExport-noconfig.cmake
-- Installing: /home/wheeltec/wheeltec_robot/install/wheeltec_rrt_msg/share/wheeltec_rrt_msg/cmake/wheeltec_rrt_msg__rosidl_typesupport_introspection_cppExport.cmake
-- Installing: /home/wheeltec/wheeltec_robot/install/wheeltec_rrt_msg/share/wheeltec_rrt_msg/cmake/wheeltec_rrt_msg__rosidl_typesupport_introspection_cppExport-noconfig.cmake
-- Installing: /home/wheeltec/wheeltec_robot/install/wheeltec_rrt_msg/share/wheeltec_rrt_msg/cmake/wheeltec_rrt_msg__rosidl_typesupport_cppExport.cmake
-- Installing: /home/wheeltec/wheeltec_robot/install/wheeltec_rrt_msg/share/wheeltec_rrt_msg/cmake/wheeltec_rrt_msg__rosidl_typesupport_cppExport-noconfig.cmake
-- Installing: /home/wheeltec/wheeltec_robot/install/wheeltec_rrt_msg/share/wheeltec_rrt_msg/cmake/export_wheeltec_rrt_msg__rosidl_generator_pyExport.cmake
-- Installing: /home/wheeltec/wheeltec_robot/install/wheeltec_rrt_msg/share/wheeltec_rrt_msg/cmake/export_wheeltec_rrt_msg__rosidl_generator_pyExport-noconfig.cmake
