[0.099s] Invoking command in '/home/wheeltec/wheeltec_robot/build/nav2_voxel_grid': AMENT_PREFIX_PATH=/home/wheeltec/wheeltec_robot/install/nav2_common:${AMENT_PREFIX_PATH} CMAKE_PREFIX_PATH=/home/wheeltec/wheeltec_robot/install/nav2_common:/opt/ros/humble PYTHONPATH=/home/wheeltec/wheeltec_robot/install/nav2_common/local/lib/python3.10/dist-packages:${PYTHONPATH} /usr/bin/cmake /home/wheeltec/wheeltec_robot/src/navigation2-humble/nav2_voxel_grid -DCMAKE_INSTALL_PREFIX=/home/wheeltec/wheeltec_robot/install/nav2_voxel_grid
[0.139s] -- Found ament_cmake: 1.3.12 (/opt/ros/humble/share/ament_cmake/cmake)
[0.488s] -- Override CMake install command with custom implementation using symlinks instead of copying resources
[0.508s] -- Found nav2_common: 1.1.6 (/home/wheeltec/wheeltec_robot/install/nav2_common/share/nav2_common/cmake)
[0.508s] -- Found rclcpp: 16.0.14 (/opt/ros/humble/share/rclcpp/cmake)
[0.624s] -- Found rosidl_generator_c: 3.1.7 (/opt/ros/humble/share/rosidl_generator_c/cmake)
[0.685s] -- Found rosidl_adapter: 3.1.7 (/opt/ros/humble/share/rosidl_adapter/cmake)
[0.685s] -- Found rosidl_generator_cpp: 3.1.7 (/opt/ros/humble/share/rosidl_generator_cpp/cmake)
[0.685s] -- Using all available rosidl_typesupport_c: rosidl_typesupport_fastrtps_c;rosidl_typesupport_introspection_c
[0.722s] -- Using all available rosidl_typesupport_cpp: rosidl_typesupport_fastrtps_cpp;rosidl_typesupport_introspection_cpp
[0.795s] -- Found rmw_implementation_cmake: 6.1.2 (/opt/ros/humble/share/rmw_implementation_cmake/cmake)
[0.798s] -- Found rmw_fastrtps_cpp: 6.2.8 (/opt/ros/humble/share/rmw_fastrtps_cpp/cmake)
[1.043s] -- Using RMW implementation 'rmw_fastrtps_cpp' as default
[1.165s] -- Found ament_lint_auto: 0.12.14 (/opt/ros/humble/share/ament_lint_auto/cmake)
[1.371s] -- Found gtest sources under '/opt/ros/humble/src/gtest_vendor': C++ tests using 'Google Test' will be built
[1.402s] -- Added test 'cppcheck' to perform static code analysis on C / C++ code
[1.405s] -- Configured cppcheck include dirs: /home/wheeltec/wheeltec_robot/src/navigation2-humble/nav2_voxel_grid/include
[1.405s] -- Configured cppcheck exclude dirs and/or files: 
[1.411s] -- Added test 'cpplint' to check C / C++ code against the Google style
[1.412s] -- Configured cpplint exclude dirs and/or files: 
[1.413s] -- Added test 'lint_cmake' to check CMake code style
[1.418s] -- Added test 'uncrustify' to check C / C++ code style
[1.418s] -- Configured uncrustify additional arguments: 
[1.419s] -- Added test 'xmllint' to check XML markup files
[1.433s] -- Configuring done
[1.475s] -- Generating done
[1.488s] -- Build files have been written to: /home/wheeltec/wheeltec_robot/build/nav2_voxel_grid
[1.516s] Invoked command in '/home/wheeltec/wheeltec_robot/build/nav2_voxel_grid' returned '0': AMENT_PREFIX_PATH=/home/wheeltec/wheeltec_robot/install/nav2_common:${AMENT_PREFIX_PATH} CMAKE_PREFIX_PATH=/home/wheeltec/wheeltec_robot/install/nav2_common:/opt/ros/humble PYTHONPATH=/home/wheeltec/wheeltec_robot/install/nav2_common/local/lib/python3.10/dist-packages:${PYTHONPATH} /usr/bin/cmake /home/wheeltec/wheeltec_robot/src/navigation2-humble/nav2_voxel_grid -DCMAKE_INSTALL_PREFIX=/home/wheeltec/wheeltec_robot/install/nav2_voxel_grid
[1.523s] Invoking command in '/home/wheeltec/wheeltec_robot/build/nav2_voxel_grid': AMENT_PREFIX_PATH=/home/wheeltec/wheeltec_robot/install/nav2_common:${AMENT_PREFIX_PATH} CMAKE_PREFIX_PATH=/home/wheeltec/wheeltec_robot/install/nav2_common:/opt/ros/humble PYTHONPATH=/home/wheeltec/wheeltec_robot/install/nav2_common/local/lib/python3.10/dist-packages:${PYTHONPATH} /usr/bin/cmake --build /home/wheeltec/wheeltec_robot/build/nav2_voxel_grid -- -j8 -l8
[2.111s] [35m[1mConsolidate compiler generated dependencies of target voxel_grid[0m
[2.111s] [35m[1mConsolidate compiler generated dependencies of target gtest_main[0m
[2.112s] [35m[1mConsolidate compiler generated dependencies of target gtest[0m
[2.112s] [ 20%] Built target gtest_main
[2.112s] [ 40%] Built target voxel_grid
[2.112s] [ 60%] Built target gtest
[2.112s] [35m[1mConsolidate compiler generated dependencies of target voxel_grid_bresenham_3d[0m
[2.112s] [35m[1mConsolidate compiler generated dependencies of target voxel_grid_tests[0m
[2.112s] [ 80%] Built target voxel_grid_bresenham_3d
[2.112s] [100%] Built target voxel_grid_tests
[2.265s] Invoked command in '/home/wheeltec/wheeltec_robot/build/nav2_voxel_grid' returned '0': AMENT_PREFIX_PATH=/home/wheeltec/wheeltec_robot/install/nav2_common:${AMENT_PREFIX_PATH} CMAKE_PREFIX_PATH=/home/wheeltec/wheeltec_robot/install/nav2_common:/opt/ros/humble PYTHONPATH=/home/wheeltec/wheeltec_robot/install/nav2_common/local/lib/python3.10/dist-packages:${PYTHONPATH} /usr/bin/cmake --build /home/wheeltec/wheeltec_robot/build/nav2_voxel_grid -- -j8 -l8
[2.267s] Invoking command in '/home/wheeltec/wheeltec_robot/build/nav2_voxel_grid': AMENT_PREFIX_PATH=/home/wheeltec/wheeltec_robot/install/nav2_common:${AMENT_PREFIX_PATH} CMAKE_PREFIX_PATH=/home/wheeltec/wheeltec_robot/install/nav2_common:/opt/ros/humble PYTHONPATH=/home/wheeltec/wheeltec_robot/install/nav2_common/local/lib/python3.10/dist-packages:${PYTHONPATH} /usr/bin/cmake --install /home/wheeltec/wheeltec_robot/build/nav2_voxel_grid
[2.356s] -- Install configuration: "Release"
[2.357s] -- Execute custom install script
[2.357s] -- Up-to-date symlink: /home/wheeltec/wheeltec_robot/install/nav2_voxel_grid/lib/libvoxel_grid.so
[2.357s] -- Up-to-date symlink: /home/wheeltec/wheeltec_robot/install/nav2_voxel_grid/include/nav2_voxel_grid/voxel_grid.hpp
[2.357s] -- Up-to-date symlink: /home/wheeltec/wheeltec_robot/install/nav2_voxel_grid/share/nav2_voxel_grid/environment/library_path.sh
[2.357s] -- Up-to-date symlink: /home/wheeltec/wheeltec_robot/install/nav2_voxel_grid/share/nav2_voxel_grid/environment/library_path.dsv
[2.357s] -- Up-to-date symlink: /home/wheeltec/wheeltec_robot/install/nav2_voxel_grid/share/ament_index/resource_index/package_run_dependencies/nav2_voxel_grid
[2.357s] -- Up-to-date symlink: /home/wheeltec/wheeltec_robot/install/nav2_voxel_grid/share/ament_index/resource_index/parent_prefix_path/nav2_voxel_grid
[2.357s] -- Up-to-date symlink: /home/wheeltec/wheeltec_robot/install/nav2_voxel_grid/share/nav2_voxel_grid/environment/ament_prefix_path.sh
[2.357s] -- Up-to-date symlink: /home/wheeltec/wheeltec_robot/install/nav2_voxel_grid/share/nav2_voxel_grid/environment/ament_prefix_path.dsv
[2.358s] -- Up-to-date symlink: /home/wheeltec/wheeltec_robot/install/nav2_voxel_grid/share/nav2_voxel_grid/environment/path.sh
[2.358s] -- Up-to-date symlink: /home/wheeltec/wheeltec_robot/install/nav2_voxel_grid/share/nav2_voxel_grid/environment/path.dsv
[2.358s] -- Up-to-date symlink: /home/wheeltec/wheeltec_robot/install/nav2_voxel_grid/share/nav2_voxel_grid/local_setup.bash
[2.358s] -- Up-to-date symlink: /home/wheeltec/wheeltec_robot/install/nav2_voxel_grid/share/nav2_voxel_grid/local_setup.sh
[2.358s] -- Up-to-date symlink: /home/wheeltec/wheeltec_robot/install/nav2_voxel_grid/share/nav2_voxel_grid/local_setup.zsh
[2.358s] -- Up-to-date symlink: /home/wheeltec/wheeltec_robot/install/nav2_voxel_grid/share/nav2_voxel_grid/local_setup.dsv
[2.358s] -- Symlinking: /home/wheeltec/wheeltec_robot/install/nav2_voxel_grid/share/nav2_voxel_grid/package.dsv
[2.358s] -- Up-to-date symlink: /home/wheeltec/wheeltec_robot/install/nav2_voxel_grid/share/ament_index/resource_index/packages/nav2_voxel_grid
[2.358s] -- Up-to-date symlink: /home/wheeltec/wheeltec_robot/install/nav2_voxel_grid/share/nav2_voxel_grid/cmake/ament_cmake_export_dependencies-extras.cmake
[2.358s] -- Up-to-date symlink: /home/wheeltec/wheeltec_robot/install/nav2_voxel_grid/share/nav2_voxel_grid/cmake/ament_cmake_export_include_directories-extras.cmake
[2.359s] -- Up-to-date symlink: /home/wheeltec/wheeltec_robot/install/nav2_voxel_grid/share/nav2_voxel_grid/cmake/ament_cmake_export_libraries-extras.cmake
[2.359s] -- Up-to-date symlink: /home/wheeltec/wheeltec_robot/install/nav2_voxel_grid/share/nav2_voxel_grid/cmake/nav2_voxel_gridConfig.cmake
[2.359s] -- Up-to-date symlink: /home/wheeltec/wheeltec_robot/install/nav2_voxel_grid/share/nav2_voxel_grid/cmake/nav2_voxel_gridConfig-version.cmake
[2.359s] -- Up-to-date symlink: /home/wheeltec/wheeltec_robot/install/nav2_voxel_grid/share/nav2_voxel_grid/package.xml
[2.380s] Invoked command in '/home/wheeltec/wheeltec_robot/build/nav2_voxel_grid' returned '0': AMENT_PREFIX_PATH=/home/wheeltec/wheeltec_robot/install/nav2_common:${AMENT_PREFIX_PATH} CMAKE_PREFIX_PATH=/home/wheeltec/wheeltec_robot/install/nav2_common:/opt/ros/humble PYTHONPATH=/home/wheeltec/wheeltec_robot/install/nav2_common/local/lib/python3.10/dist-packages:${PYTHONPATH} /usr/bin/cmake --install /home/wheeltec/wheeltec_robot/build/nav2_voxel_grid
