Performing C SOURCE FILE Test CMAKE_HAVE_LIBC_PTHREAD failed with the following output:
Change Dir: /home/wheeltec/wheeltec_robot/build/CMakeFiles/CMakeTmp

Run Build Command(s):/usr/bin/make cmTC_bb3db/fast && /usr/bin/make -f CMakeFiles/cmTC_bb3db.dir/build.make CMakeFiles/cmTC_bb3db.dir/build
make[1]: Entering directory '/home/wheeltec/wheeltec_robot/build/CMakeFiles/CMakeTmp'
Building C object CMakeFiles/cmTC_bb3db.dir/src.c.o
/usr/bin/cc   -DCMAKE_HAVE_LIBC_PTHREAD   -o CMakeFiles/cmTC_bb3db.dir/src.c.o   -c /home/wheeltec/wheeltec_robot/build/CMakeFiles/CMakeTmp/src.c
Linking C executable cmTC_bb3db
/usr/bin/cmake -E cmake_link_script CMakeFiles/cmTC_bb3db.dir/link.txt --verbose=1
/usr/bin/cc  -DCMAKE_HAVE_LIBC_PTHREAD    -rdynamic CMakeFiles/cmTC_bb3db.dir/src.c.o  -o cmTC_bb3db 
/usr/bin/ld: CMakeFiles/cmTC_bb3db.dir/src.c.o: in function `main':
src.c:(.text+0x48): undefined reference to `pthread_create'
/usr/bin/ld: src.c:(.text+0x50): undefined reference to `pthread_detach'
/usr/bin/ld: src.c:(.text+0x5c): undefined reference to `pthread_join'
collect2: error: ld returned 1 exit status
make[1]: *** [CMakeFiles/cmTC_bb3db.dir/build.make:87: cmTC_bb3db] Error 1
make[1]: Leaving directory '/home/wheeltec/wheeltec_robot/build/CMakeFiles/CMakeTmp'
make: *** [Makefile:121: cmTC_bb3db/fast] Error 2


Source file was:
#include <pthread.h>

void* test_func(void* data)
{
  return data;
}

int main(void)
{
  pthread_t thread;
  pthread_create(&thread, NULL, test_func, NULL);
  pthread_detach(thread);
  pthread_join(thread, NULL);
  pthread_atfork(NULL, NULL, NULL);
  pthread_exit(NULL);

  return 0;
}

Determining if the function pthread_create exists in the pthreads failed with the following output:
Change Dir: /home/wheeltec/wheeltec_robot/build/CMakeFiles/CMakeTmp

Run Build Command(s):/usr/bin/make cmTC_563aa/fast && /usr/bin/make -f CMakeFiles/cmTC_563aa.dir/build.make CMakeFiles/cmTC_563aa.dir/build
make[1]: Entering directory '/home/wheeltec/wheeltec_robot/build/CMakeFiles/CMakeTmp'
Building C object CMakeFiles/cmTC_563aa.dir/CheckFunctionExists.c.o
/usr/bin/cc   -DCHECK_FUNCTION_EXISTS=pthread_create   -o CMakeFiles/cmTC_563aa.dir/CheckFunctionExists.c.o   -c /usr/share/cmake-3.16/Modules/CheckFunctionExists.c
Linking C executable cmTC_563aa
/usr/bin/cmake -E cmake_link_script CMakeFiles/cmTC_563aa.dir/link.txt --verbose=1
/usr/bin/cc  -DCHECK_FUNCTION_EXISTS=pthread_create    -rdynamic CMakeFiles/cmTC_563aa.dir/CheckFunctionExists.c.o  -o cmTC_563aa  -lpthreads 
/usr/bin/ld: cannot find -lpthreads
collect2: error: ld returned 1 exit status
make[1]: *** [CMakeFiles/cmTC_563aa.dir/build.make:87: cmTC_563aa] Error 1
make[1]: Leaving directory '/home/wheeltec/wheeltec_robot/build/CMakeFiles/CMakeTmp'
make: *** [Makefile:121: cmTC_563aa/fast] Error 2



Determining if the include file pgm.h exists failed with the following output:
Change Dir: /home/wheeltec/wheeltec_robot/build/CMakeFiles/CMakeTmp

Run Build Command(s):/usr/bin/make cmTC_64eef/fast && /usr/bin/make -f CMakeFiles/cmTC_64eef.dir/build.make CMakeFiles/cmTC_64eef.dir/build
make[1]: Entering directory '/home/wheeltec/wheeltec_robot/build/CMakeFiles/CMakeTmp'
Building CXX object CMakeFiles/cmTC_64eef.dir/CheckIncludeFile.cxx.o
/usr/bin/c++     -o CMakeFiles/cmTC_64eef.dir/CheckIncludeFile.cxx.o -c /home/wheeltec/wheeltec_robot/build/CMakeFiles/CMakeTmp/CheckIncludeFile.cxx
/home/wheeltec/wheeltec_robot/build/CMakeFiles/CMakeTmp/CheckIncludeFile.cxx:1:10: fatal error: pgm.h: No such file or directory
    1 | #include <pgm.h>
      |          ^~~~~~~
compilation terminated.
make[1]: *** [CMakeFiles/cmTC_64eef.dir/build.make:66: CMakeFiles/cmTC_64eef.dir/CheckIncludeFile.cxx.o] Error 1
make[1]: Leaving directory '/home/wheeltec/wheeltec_robot/build/CMakeFiles/CMakeTmp'
make: *** [Makefile:121: cmTC_64eef/fast] Error 2



