[0mIn this package, headers install destination is set to `include` by ament_auto_package. It is recommended to install `include/usb_cam` instead and will be the default behavior of ament_auto_package from ROS 2 Kilted Kaiju. On distributions before Kilted, ament_auto_package behaves the same way when you use USE_SCOPED_HEADER_INSTALL_DIR option.[0m
In file included from [01m[K/home/wheeltec/wheeltec_robot/src/usb_cam-ros2/include/usb_cam/usb_cam.hpp:48[m[K,
                 from [01m[K/home/wheeltec/wheeltec_robot/src/usb_cam-ros2/src/usb_cam.cpp:49[m[K:
[01m[K/home/wheeltec/wheeltec_robot/src/usb_cam-ros2/include/usb_cam/formats/mjpeg.hpp:[m[K In destructor ‘[01m[Kusb_cam::formats::MJPEG2RGB::~MJPEG2RGB()[m[K’:
[01m[K/home/wheeltec/wheeltec_robot/src/usb_cam-ros2/include/usb_cam/formats/mjpeg.hpp:149:20:[m[K [01;35m[Kwarning: [m[K‘[01m[Kint avcodec_close(AVCodecContext*)[m[K’ is deprecated [[01;35m[K]8;;https://gcc.gnu.org/onlinedocs/gcc/Warning-Options.html#index-Wdeprecated-declarations-Wdeprecated-declarations]8;;[m[K]
  149 |       [01;35m[Kavcodec_close(m_avcodec_context)[m[K;
      |       [01;35m[K~~~~~~~~~~~~~^~~~~~~~~~~~~~~~~~~[m[K
In file included from [01m[K/home/wheeltec/wheeltec_robot/src/usb_cam-ros2/include/usb_cam/usb_cam.hpp:34[m[K,
                 from [01m[K/home/wheeltec/wheeltec_robot/src/usb_cam-ros2/src/usb_cam.cpp:49[m[K:
[01m[K/usr/include/aarch64-linux-gnu/libavcodec/avcodec.h:2398:5:[m[K [01;36m[Knote: [m[Kdeclared here
 2398 | int [01;36m[Kavcodec_close[m[K(AVCodecContext *avctx);
      |     [01;36m[K^~~~~~~~~~~~~[m[K
In file included from [01m[K/home/wheeltec/wheeltec_robot/src/usb_cam-ros2/include/usb_cam/usb_cam.hpp:48[m[K,
                 from [01m[K/home/wheeltec/wheeltec_robot/src/usb_cam-ros2/include/usb_cam/usb_cam_node.hpp:44[m[K,
                 from [01m[K/home/wheeltec/wheeltec_robot/src/usb_cam-ros2/src/usb_cam_node.cpp:34[m[K:
[01m[K/home/wheeltec/wheeltec_robot/src/usb_cam-ros2/include/usb_cam/formats/mjpeg.hpp:[m[K In destructor ‘[01m[Kusb_cam::formats::MJPEG2RGB::~MJPEG2RGB()[m[K’:
[01m[K/home/wheeltec/wheeltec_robot/src/usb_cam-ros2/include/usb_cam/formats/mjpeg.hpp:149:20:[m[K [01;35m[Kwarning: [m[K‘[01m[Kint avcodec_close(AVCodecContext*)[m[K’ is deprecated [[01;35m[K]8;;https://gcc.gnu.org/onlinedocs/gcc/Warning-Options.html#index-Wdeprecated-declarations-Wdeprecated-declarations]8;;[m[K]
  149 |       [01;35m[Kavcodec_close(m_avcodec_context)[m[K;
      |       [01;35m[K~~~~~~~~~~~~~^~~~~~~~~~~~~~~~~~~[m[K
In file included from [01m[K/home/wheeltec/wheeltec_robot/src/usb_cam-ros2/include/usb_cam/usb_cam.hpp:34[m[K,
                 from [01m[K/home/wheeltec/wheeltec_robot/src/usb_cam-ros2/include/usb_cam/usb_cam_node.hpp:44[m[K,
                 from [01m[K/home/wheeltec/wheeltec_robot/src/usb_cam-ros2/src/usb_cam_node.cpp:34[m[K:
[01m[K/usr/include/aarch64-linux-gnu/libavcodec/avcodec.h:2398:5:[m[K [01;36m[Knote: [m[Kdeclared here
 2398 | int [01;36m[Kavcodec_close[m[K(AVCodecContext *avctx);
      |     [01;36m[K^~~~~~~~~~~~~[m[K
