-- The C compiler identification is GNU 11.4.0
-- The CXX compiler identification is GNU 11.4.0
-- Detecting C compiler ABI info
-- Detecting C compiler ABI info - done
-- Check for working C compiler: /usr/bin/cc - skipped
-- Detecting C compile features
-- Detecting C compile features - done
-- Detecting CXX compiler ABI info
-- Detecting CXX compiler ABI info - done
-- Check for working CXX compiler: /usr/bin/c++ - skipped
-- Detecting CXX compile features
-- Detecting CXX compile features - done
-- Found ament_cmake_auto: 1.3.12 (/opt/ros/humble/share/ament_cmake_auto/cmake)
-- Found Python3: /usr/bin/python3 (found version "3.10.12") found components: Interpreter 
-- Override CMake install command with custom implementation using symlinks instead of copying resources
-- Found rosidl_generator_c: 3.1.7 (/opt/ros/humble/share/rosidl_generator_c/cmake)
-- Found rosidl_adapter: 3.1.7 (/opt/ros/humble/share/rosidl_adapter/cmake)
-- Found rosidl_generator_cpp: 3.1.7 (/opt/ros/humble/share/rosidl_generator_cpp/cmake)
-- Using all available rosidl_typesupport_c: rosidl_typesupport_fastrtps_c;rosidl_typesupport_introspection_c
-- Using all available rosidl_typesupport_cpp: rosidl_typesupport_fastrtps_cpp;rosidl_typesupport_introspection_cpp
-- Found rmw_implementation_cmake: 6.1.2 (/opt/ros/humble/share/rmw_implementation_cmake/cmake)
-- Found rmw_fastrtps_cpp: 6.2.8 (/opt/ros/humble/share/rmw_fastrtps_cpp/cmake)
-- Found OpenSSL: /usr/lib/aarch64-linux-gnu/libcrypto.so (found version "3.0.2")  
-- Found FastRTPS: /opt/ros/humble/include  
-- Using RMW implementation 'rmw_fastrtps_cpp' as default
-- Looking for pthread.h
-- Looking for pthread.h - found
-- Performing Test CMAKE_HAVE_LIBC_PTHREAD
-- Performing Test CMAKE_HAVE_LIBC_PTHREAD - Success
-- Found Threads: TRUE  
-- Found OpenCV: /usr (found version "4.8.0") 
-- Found PkgConfig: /usr/bin/pkg-config (found version "0.29.2") 
-- Checking for module 'libavcodec'
--   Found libavcodec, version 61.19.100
-- Checking for module 'libavutil'
--   Found libavutil, version 59.39.100
-- Checking for module 'libswscale'
--   Found libswscale, version 8.3.100
-- Found ament_lint_auto: 0.12.14 (/opt/ros/humble/share/ament_lint_auto/cmake)
-- Found gtest sources under '/opt/ros/humble/src/gtest_vendor': C++ tests using 'Google Test' will be built
[0mIn this package, headers install destination is set to `include` by ament_auto_package. It is recommended to install `include/usb_cam` instead and will be the default behavior of ament_auto_package from ROS 2 Kilted Kaiju. On distributions before Kilted, ament_auto_package behaves the same way when you use USE_SCOPED_HEADER_INSTALL_DIR option.[0m
-- Added test 'copyright' to check source files copyright and LICENSE
-- Added test 'cppcheck' to perform static code analysis on C / C++ code
-- Configured cppcheck include dirs: /home/wheeltec/wheeltec_robot/src/usb_cam-ros2/include
-- Configured cppcheck exclude dirs and/or files: 
-- Added test 'cpplint' to check C / C++ code against the Google style
-- Configured cpplint exclude dirs and/or files: 
-- Added test 'flake8' to check Python code syntax and style conventions
-- Added test 'lint_cmake' to check CMake code style
-- Added test 'pep257' to check Python code against some of the docstring style conventions in PEP 257
-- Added test 'uncrustify' to check C / C++ code style
-- Configured uncrustify additional arguments: 
-- Added test 'xmllint' to check XML markup files
-- Configuring done
-- Generating done
-- Build files have been written to: /home/wheeltec/wheeltec_robot/build/usb_cam
[  7%] [32mBuilding CXX object CMakeFiles/usb_cam.dir/src/usb_cam.cpp.o[0m
In file included from [01m[K/home/wheeltec/wheeltec_robot/src/usb_cam-ros2/include/usb_cam/usb_cam.hpp:48[m[K,
                 from [01m[K/home/wheeltec/wheeltec_robot/src/usb_cam-ros2/src/usb_cam.cpp:49[m[K:
[01m[K/home/wheeltec/wheeltec_robot/src/usb_cam-ros2/include/usb_cam/formats/mjpeg.hpp:[m[K In destructor ‘[01m[Kusb_cam::formats::MJPEG2RGB::~MJPEG2RGB()[m[K’:
[01m[K/home/wheeltec/wheeltec_robot/src/usb_cam-ros2/include/usb_cam/formats/mjpeg.hpp:149:20:[m[K [01;35m[Kwarning: [m[K‘[01m[Kint avcodec_close(AVCodecContext*)[m[K’ is deprecated [[01;35m[K]8;;https://gcc.gnu.org/onlinedocs/gcc/Warning-Options.html#index-Wdeprecated-declarations-Wdeprecated-declarations]8;;[m[K]
  149 |       [01;35m[Kavcodec_close(m_avcodec_context)[m[K;
      |       [01;35m[K~~~~~~~~~~~~~^~~~~~~~~~~~~~~~~~~[m[K
In file included from [01m[K/home/wheeltec/wheeltec_robot/src/usb_cam-ros2/include/usb_cam/usb_cam.hpp:34[m[K,
                 from [01m[K/home/wheeltec/wheeltec_robot/src/usb_cam-ros2/src/usb_cam.cpp:49[m[K:
[01m[K/usr/include/aarch64-linux-gnu/libavcodec/avcodec.h:2398:5:[m[K [01;36m[Knote: [m[Kdeclared here
 2398 | int [01;36m[Kavcodec_close[m[K(AVCodecContext *avctx);
      |     [01;36m[K^~~~~~~~~~~~~[m[K
[ 14%] [32m[1mLinking CXX shared library libusb_cam.so[0m
[ 14%] Built target usb_cam
[ 21%] [32mBuilding CXX object gtest/CMakeFiles/gtest.dir/src/gtest-all.cc.o[0m
[ 28%] [32m[1mLinking CXX static library libgtest.a[0m
[ 28%] Built target gtest
[ 35%] [32mBuilding CXX object CMakeFiles/usb_cam_node.dir/src/usb_cam_node.cpp.o[0m
In file included from [01m[K/home/wheeltec/wheeltec_robot/src/usb_cam-ros2/include/usb_cam/usb_cam.hpp:48[m[K,
                 from [01m[K/home/wheeltec/wheeltec_robot/src/usb_cam-ros2/include/usb_cam/usb_cam_node.hpp:44[m[K,
                 from [01m[K/home/wheeltec/wheeltec_robot/src/usb_cam-ros2/src/usb_cam_node.cpp:34[m[K:
[01m[K/home/wheeltec/wheeltec_robot/src/usb_cam-ros2/include/usb_cam/formats/mjpeg.hpp:[m[K In destructor ‘[01m[Kusb_cam::formats::MJPEG2RGB::~MJPEG2RGB()[m[K’:
[01m[K/home/wheeltec/wheeltec_robot/src/usb_cam-ros2/include/usb_cam/formats/mjpeg.hpp:149:20:[m[K [01;35m[Kwarning: [m[K‘[01m[Kint avcodec_close(AVCodecContext*)[m[K’ is deprecated [[01;35m[K]8;;https://gcc.gnu.org/onlinedocs/gcc/Warning-Options.html#index-Wdeprecated-declarations-Wdeprecated-declarations]8;;[m[K]
  149 |       [01;35m[Kavcodec_close(m_avcodec_context)[m[K;
      |       [01;35m[K~~~~~~~~~~~~~^~~~~~~~~~~~~~~~~~~[m[K
In file included from [01m[K/home/wheeltec/wheeltec_robot/src/usb_cam-ros2/include/usb_cam/usb_cam.hpp:34[m[K,
                 from [01m[K/home/wheeltec/wheeltec_robot/src/usb_cam-ros2/include/usb_cam/usb_cam_node.hpp:44[m[K,
                 from [01m[K/home/wheeltec/wheeltec_robot/src/usb_cam-ros2/src/usb_cam_node.cpp:34[m[K:
[01m[K/usr/include/aarch64-linux-gnu/libavcodec/avcodec.h:2398:5:[m[K [01;36m[Knote: [m[Kdeclared here
 2398 | int [01;36m[Kavcodec_close[m[K(AVCodecContext *avctx);
      |     [01;36m[K^~~~~~~~~~~~~[m[K
[ 42%] [32m[1mLinking CXX shared library libusb_cam_node.so[0m
[ 42%] Built target usb_cam_node
[ 50%] [32mBuilding CXX object gtest/CMakeFiles/gtest_main.dir/src/gtest_main.cc.o[0m
[ 57%] [32m[1mLinking CXX static library libgtest_main.a[0m
[ 57%] Built target gtest_main
[ 64%] [32mBuilding CXX object CMakeFiles/usb_cam_node_exe.dir/rclcpp_components/node_main_usb_cam_node_exe.cpp.o[0m
[ 71%] [32m[1mLinking CXX executable usb_cam_node_exe[0m
[ 71%] Built target usb_cam_node_exe
[ 78%] [32mBuilding CXX object CMakeFiles/test_pixel_formats.dir/test/test_pixel_formats.cpp.o[0m
[ 85%] [32m[1mLinking CXX executable test_pixel_formats[0m
[ 85%] Built target test_pixel_formats
[ 92%] [32mBuilding CXX object CMakeFiles/test_usb_cam_utils.dir/test/test_usb_cam_utils.cpp.o[0m
[100%] [32m[1mLinking CXX executable test_usb_cam_utils[0m
[100%] Built target test_usb_cam_utils
-- Install configuration: ""
-- Execute custom install script
-- Symlinking: /home/wheeltec/wheeltec_robot/install/usb_cam/share/usb_cam/environment/library_path.sh
-- Symlinking: /home/wheeltec/wheeltec_robot/install/usb_cam/share/usb_cam/environment/library_path.dsv
-- Symlinking: /home/wheeltec/wheeltec_robot/install/usb_cam/lib/usb_cam/usb_cam_node_exe
-- Symlinking: /home/wheeltec/wheeltec_robot/install/usb_cam/lib/usb_cam/show_image.py
-- Symlinking: /home/wheeltec/wheeltec_robot/install/usb_cam/lib/libusb_cam.so
-- Symlinking: /home/wheeltec/wheeltec_robot/install/usb_cam/lib/libusb_cam_node.so
-- Symlinking: /home/wheeltec/wheeltec_robot/install/usb_cam/include/usb_cam/constants.hpp
-- Symlinking: /home/wheeltec/wheeltec_robot/install/usb_cam/include/usb_cam/conversions.hpp
-- Symlinking: /home/wheeltec/wheeltec_robot/install/usb_cam/include/usb_cam/formats/m420.hpp
-- Symlinking: /home/wheeltec/wheeltec_robot/install/usb_cam/include/usb_cam/formats/mjpeg.hpp
-- Symlinking: /home/wheeltec/wheeltec_robot/install/usb_cam/include/usb_cam/formats/mono.hpp
-- Symlinking: /home/wheeltec/wheeltec_robot/install/usb_cam/include/usb_cam/formats/pixel_format_base.hpp
-- Symlinking: /home/wheeltec/wheeltec_robot/install/usb_cam/include/usb_cam/formats/rgb.hpp
-- Symlinking: /home/wheeltec/wheeltec_robot/install/usb_cam/include/usb_cam/formats/utils.hpp
-- Symlinking: /home/wheeltec/wheeltec_robot/install/usb_cam/include/usb_cam/formats/uyvy.hpp
-- Symlinking: /home/wheeltec/wheeltec_robot/install/usb_cam/include/usb_cam/formats/yuyv.hpp
-- Symlinking: /home/wheeltec/wheeltec_robot/install/usb_cam/include/usb_cam/usb_cam.hpp
-- Symlinking: /home/wheeltec/wheeltec_robot/install/usb_cam/include/usb_cam/usb_cam_node.hpp
-- Symlinking: /home/wheeltec/wheeltec_robot/install/usb_cam/include/usb_cam/utils.hpp
-- Up-to-date symlink: /home/wheeltec/wheeltec_robot/install/usb_cam/lib/libusb_cam_node.so
-- Symlinking: /home/wheeltec/wheeltec_robot/install/usb_cam/share/usb_cam/launch/demo.launch.py
-- Symlinking: /home/wheeltec/wheeltec_robot/install/usb_cam/share/usb_cam/launch/usb_cam_launch.py
-- Symlinking: /home/wheeltec/wheeltec_robot/install/usb_cam/share/usb_cam/config/camera_info.yaml
-- Symlinking: /home/wheeltec/wheeltec_robot/install/usb_cam/share/usb_cam/config/params.yaml
-- Symlinking: /home/wheeltec/wheeltec_robot/install/usb_cam/share/ament_index/resource_index/package_run_dependencies/usb_cam
-- Symlinking: /home/wheeltec/wheeltec_robot/install/usb_cam/share/ament_index/resource_index/parent_prefix_path/usb_cam
-- Symlinking: /home/wheeltec/wheeltec_robot/install/usb_cam/share/usb_cam/environment/ament_prefix_path.sh
-- Symlinking: /home/wheeltec/wheeltec_robot/install/usb_cam/share/usb_cam/environment/ament_prefix_path.dsv
-- Symlinking: /home/wheeltec/wheeltec_robot/install/usb_cam/share/usb_cam/environment/path.sh
-- Symlinking: /home/wheeltec/wheeltec_robot/install/usb_cam/share/usb_cam/environment/path.dsv
-- Symlinking: /home/wheeltec/wheeltec_robot/install/usb_cam/share/usb_cam/local_setup.bash
-- Symlinking: /home/wheeltec/wheeltec_robot/install/usb_cam/share/usb_cam/local_setup.sh
-- Symlinking: /home/wheeltec/wheeltec_robot/install/usb_cam/share/usb_cam/local_setup.zsh
-- Symlinking: /home/wheeltec/wheeltec_robot/install/usb_cam/share/usb_cam/local_setup.dsv
-- Symlinking: /home/wheeltec/wheeltec_robot/install/usb_cam/share/usb_cam/package.dsv
-- Symlinking: /home/wheeltec/wheeltec_robot/install/usb_cam/share/ament_index/resource_index/packages/usb_cam
-- Symlinking: /home/wheeltec/wheeltec_robot/install/usb_cam/share/ament_index/resource_index/rclcpp_components/usb_cam
-- Symlinking: /home/wheeltec/wheeltec_robot/install/usb_cam/share/usb_cam/cmake/ament_cmake_export_libraries-extras.cmake
-- Symlinking: /home/wheeltec/wheeltec_robot/install/usb_cam/share/usb_cam/cmake/ament_cmake_export_dependencies-extras.cmake
-- Symlinking: /home/wheeltec/wheeltec_robot/install/usb_cam/share/usb_cam/cmake/ament_cmake_export_include_directories-extras.cmake
-- Symlinking: /home/wheeltec/wheeltec_robot/install/usb_cam/share/usb_cam/cmake/usb_camConfig.cmake
-- Symlinking: /home/wheeltec/wheeltec_robot/install/usb_cam/share/usb_cam/cmake/usb_camConfig-version.cmake
-- Symlinking: /home/wheeltec/wheeltec_robot/install/usb_cam/share/usb_cam/package.xml
