[0.048s] Invoking command in '/home/wheeltec/wheeltec_robot/build/nav_2d_msgs': CMAKE_PREFIX_PATH=/opt/ros/humble /usr/bin/cmake /home/wheeltec/wheeltec_robot/src/navigation2-humble/nav2_dwb_controller/nav_2d_msgs -DCMAKE_INSTALL_PREFIX=/home/wheeltec/wheeltec_robot/install/nav_2d_msgs
[0.148s] -- Found geometry_msgs: 4.9.0 (/opt/ros/humble/share/geometry_msgs/cmake)
[0.432s] -- Override CMake install command with custom implementation using symlinks instead of copying resources
[0.495s] -- Found rosidl_generator_c: 3.1.7 (/opt/ros/humble/share/rosidl_generator_c/cmake)
[0.499s] -- Found rosidl_adapter: 3.1.7 (/opt/ros/humble/share/rosidl_adapter/cmake)
[0.508s] -- Found rosidl_generator_cpp: 3.1.7 (/opt/ros/humble/share/rosidl_generator_cpp/cmake)
[0.528s] -- Using all available rosidl_typesupport_c: rosidl_typesupport_fastrtps_c;rosidl_typesupport_introspection_c
[0.549s] -- Using all available rosidl_typesupport_cpp: rosidl_typesupport_fastrtps_cpp;rosidl_typesupport_introspection_cpp
[0.623s] -- Found rosidl_default_generators: 1.2.0 (/opt/ros/humble/share/rosidl_default_generators/cmake)
[1.236s] -- Found ament_cmake_ros: 0.10.0 (/opt/ros/humble/share/ament_cmake_ros/cmake)
[2.225s] -- Using all available rosidl_typesupport_c: rosidl_typesupport_fastrtps_c;rosidl_typesupport_introspection_c
[2.543s] -- Using all available rosidl_typesupport_cpp: rosidl_typesupport_fastrtps_cpp;rosidl_typesupport_introspection_cpp
[2.610s] -- Found python_cmake_module: 0.10.0 (/opt/ros/humble/share/python_cmake_module/cmake)
[2.671s] -- Using PYTHON_EXECUTABLE: /usr/bin/python3
[2.671s] -- Using PYTHON_INCLUDE_DIRS: /usr/include/python3.10
[2.671s] -- Using PYTHON_LIBRARIES: /usr/lib/aarch64-linux-gnu/libpython3.10.so
[2.796s] -- Configuring done
[2.949s] -- Generating done
[2.974s] -- Build files have been written to: /home/wheeltec/wheeltec_robot/build/nav_2d_msgs
[3.008s] Invoked command in '/home/wheeltec/wheeltec_robot/build/nav_2d_msgs' returned '0': CMAKE_PREFIX_PATH=/opt/ros/humble /usr/bin/cmake /home/wheeltec/wheeltec_robot/src/navigation2-humble/nav2_dwb_controller/nav_2d_msgs -DCMAKE_INSTALL_PREFIX=/home/wheeltec/wheeltec_robot/install/nav_2d_msgs
[3.009s] Invoking command in '/home/wheeltec/wheeltec_robot/build/nav_2d_msgs': CMAKE_PREFIX_PATH=/opt/ros/humble /usr/bin/cmake --build /home/wheeltec/wheeltec_robot/build/nav_2d_msgs -- -j8 -l8
[4.028s] [35m[1mConsolidate compiler generated dependencies of target nav_2d_msgs__rosidl_generator_c[0m
[4.029s] [  1%] Built target nav_2d_msgs__cpp
[4.029s] [ 12%] Built target nav_2d_msgs__rosidl_generator_c
[4.029s] [35m[1mConsolidate compiler generated dependencies of target nav_2d_msgs__rosidl_typesupport_introspection_cpp[0m
[4.029s] [35m[1mConsolidate compiler generated dependencies of target nav_2d_msgs__rosidl_typesupport_cpp[0m
[4.029s] [ 12%] Built target ament_cmake_python_symlink_nav_2d_msgs
[4.029s] [35m[1mConsolidate compiler generated dependencies of target nav_2d_msgs__rosidl_typesupport_fastrtps_cpp[0m
[4.029s] [ 23%] Built target nav_2d_msgs__rosidl_typesupport_introspection_cpp
[4.029s] [ 35%] Built target nav_2d_msgs__rosidl_typesupport_fastrtps_cpp
[4.029s] [35m[1mConsolidate compiler generated dependencies of target nav_2d_msgs__rosidl_typesupport_fastrtps_c[0m
[4.030s] [35m[1mConsolidate compiler generated dependencies of target nav_2d_msgs__rosidl_typesupport_introspection_c[0m
[4.030s] [ 46%] Built target nav_2d_msgs__rosidl_typesupport_cpp
[4.030s] [35m[1mConsolidate compiler generated dependencies of target nav_2d_msgs__rosidl_typesupport_c[0m
[4.030s] [ 57%] Built target nav_2d_msgs__rosidl_typesupport_introspection_c
[4.030s] [ 69%] Built target nav_2d_msgs__rosidl_typesupport_fastrtps_c
[4.030s] [ 80%] Built target nav_2d_msgs__rosidl_typesupport_c
[4.030s] [ 80%] Built target nav_2d_msgs
[4.030s] [ 81%] Built target nav_2d_msgs__py
[4.030s] [35m[1mConsolidate compiler generated dependencies of target nav_2d_msgs__rosidl_generator_py[0m
[4.031s] [ 91%] Built target nav_2d_msgs__rosidl_generator_py
[4.031s] [35m[1mConsolidate compiler generated dependencies of target nav_2d_msgs__rosidl_typesupport_introspection_c__pyext[0m
[4.031s] [35m[1mConsolidate compiler generated dependencies of target nav_2d_msgs__rosidl_typesupport_c__pyext[0m
[4.031s] [ 94%] Built target nav_2d_msgs__rosidl_typesupport_introspection_c__pyext
[4.031s] [35m[1mConsolidate compiler generated dependencies of target nav_2d_msgs__rosidl_typesupport_fastrtps_c__pyext[0m
[4.031s] running egg_info
[4.031s] [ 97%] Built target nav_2d_msgs__rosidl_typesupport_c__pyext
[4.031s] writing nav_2d_msgs.egg-info/PKG-INFO
[4.031s] writing dependency_links to nav_2d_msgs.egg-info/dependency_links.txt
[4.031s] writing top-level names to nav_2d_msgs.egg-info/top_level.txt
[4.032s] [100%] Built target nav_2d_msgs__rosidl_typesupport_fastrtps_c__pyext
[4.087s] reading manifest file 'nav_2d_msgs.egg-info/SOURCES.txt'
[4.089s] writing manifest file 'nav_2d_msgs.egg-info/SOURCES.txt'
[4.174s] [100%] Built target ament_cmake_python_build_nav_2d_msgs_egg
[4.221s] Invoked command in '/home/wheeltec/wheeltec_robot/build/nav_2d_msgs' returned '0': CMAKE_PREFIX_PATH=/opt/ros/humble /usr/bin/cmake --build /home/wheeltec/wheeltec_robot/build/nav_2d_msgs -- -j8 -l8
[4.232s] Invoking command in '/home/wheeltec/wheeltec_robot/build/nav_2d_msgs': CMAKE_PREFIX_PATH=/opt/ros/humble /usr/bin/cmake --install /home/wheeltec/wheeltec_robot/build/nav_2d_msgs
[4.345s] -- Install configuration: ""
[4.346s] -- Execute custom install script
[4.346s] -- Up-to-date symlink: /home/wheeltec/wheeltec_robot/install/nav_2d_msgs/share/ament_index/resource_index/rosidl_interfaces/nav_2d_msgs
[4.346s] -- Up-to-date symlink: /home/wheeltec/wheeltec_robot/install/nav_2d_msgs/include/nav_2d_msgs/nav_2d_msgs/msg/detail/path2_d__functions.h
[4.346s] -- Up-to-date symlink: /home/wheeltec/wheeltec_robot/install/nav_2d_msgs/include/nav_2d_msgs/nav_2d_msgs/msg/detail/path2_d__struct.h
[4.346s] -- Up-to-date symlink: /home/wheeltec/wheeltec_robot/install/nav_2d_msgs/include/nav_2d_msgs/nav_2d_msgs/msg/detail/path2_d__type_support.h
[4.346s] -- Up-to-date symlink: /home/wheeltec/wheeltec_robot/install/nav_2d_msgs/include/nav_2d_msgs/nav_2d_msgs/msg/detail/pose2_d32__functions.h
[4.346s] -- Up-to-date symlink: /home/wheeltec/wheeltec_robot/install/nav_2d_msgs/include/nav_2d_msgs/nav_2d_msgs/msg/detail/pose2_d32__struct.h
[4.346s] -- Up-to-date symlink: /home/wheeltec/wheeltec_robot/install/nav_2d_msgs/include/nav_2d_msgs/nav_2d_msgs/msg/detail/pose2_d32__type_support.h
[4.346s] -- Up-to-date symlink: /home/wheeltec/wheeltec_robot/install/nav_2d_msgs/include/nav_2d_msgs/nav_2d_msgs/msg/detail/pose2_d_stamped__functions.h
[4.347s] -- Up-to-date symlink: /home/wheeltec/wheeltec_robot/install/nav_2d_msgs/include/nav_2d_msgs/nav_2d_msgs/msg/detail/pose2_d_stamped__struct.h
[4.358s] -- Up-to-date symlink: /home/wheeltec/wheeltec_robot/install/nav_2d_msgs/include/nav_2d_msgs/nav_2d_msgs/msg/detail/pose2_d_stamped__type_support.h
[4.358s] -- Up-to-date symlink: /home/wheeltec/wheeltec_robot/install/nav_2d_msgs/include/nav_2d_msgs/nav_2d_msgs/msg/detail/twist2_d32__functions.h
[4.358s] -- Up-to-date symlink: /home/wheeltec/wheeltec_robot/install/nav_2d_msgs/include/nav_2d_msgs/nav_2d_msgs/msg/detail/twist2_d32__struct.h
[4.359s] -- Up-to-date symlink: /home/wheeltec/wheeltec_robot/install/nav_2d_msgs/include/nav_2d_msgs/nav_2d_msgs/msg/detail/twist2_d32__type_support.h
[4.359s] -- Up-to-date symlink: /home/wheeltec/wheeltec_robot/install/nav_2d_msgs/include/nav_2d_msgs/nav_2d_msgs/msg/detail/twist2_d__functions.h
[4.359s] -- Up-to-date symlink: /home/wheeltec/wheeltec_robot/install/nav_2d_msgs/include/nav_2d_msgs/nav_2d_msgs/msg/detail/twist2_d__struct.h
[4.359s] -- Up-to-date symlink: /home/wheeltec/wheeltec_robot/install/nav_2d_msgs/include/nav_2d_msgs/nav_2d_msgs/msg/detail/twist2_d__type_support.h
[4.359s] -- Up-to-date symlink: /home/wheeltec/wheeltec_robot/install/nav_2d_msgs/include/nav_2d_msgs/nav_2d_msgs/msg/detail/twist2_d_stamped__functions.h
[4.359s] -- Up-to-date symlink: /home/wheeltec/wheeltec_robot/install/nav_2d_msgs/include/nav_2d_msgs/nav_2d_msgs/msg/detail/twist2_d_stamped__struct.h
[4.359s] -- Up-to-date symlink: /home/wheeltec/wheeltec_robot/install/nav_2d_msgs/include/nav_2d_msgs/nav_2d_msgs/msg/detail/twist2_d_stamped__type_support.h
[4.359s] -- Up-to-date symlink: /home/wheeltec/wheeltec_robot/install/nav_2d_msgs/include/nav_2d_msgs/nav_2d_msgs/msg/path2_d.h
[4.359s] -- Up-to-date symlink: /home/wheeltec/wheeltec_robot/install/nav_2d_msgs/include/nav_2d_msgs/nav_2d_msgs/msg/pose2_d32.h
[4.359s] -- Up-to-date symlink: /home/wheeltec/wheeltec_robot/install/nav_2d_msgs/include/nav_2d_msgs/nav_2d_msgs/msg/pose2_d_stamped.h
[4.360s] -- Up-to-date symlink: /home/wheeltec/wheeltec_robot/install/nav_2d_msgs/include/nav_2d_msgs/nav_2d_msgs/msg/rosidl_generator_c__visibility_control.h
[4.360s] -- Up-to-date symlink: /home/wheeltec/wheeltec_robot/install/nav_2d_msgs/include/nav_2d_msgs/nav_2d_msgs/msg/twist2_d.h
[4.360s] -- Up-to-date symlink: /home/wheeltec/wheeltec_robot/install/nav_2d_msgs/include/nav_2d_msgs/nav_2d_msgs/msg/twist2_d32.h
[4.360s] -- Up-to-date symlink: /home/wheeltec/wheeltec_robot/install/nav_2d_msgs/include/nav_2d_msgs/nav_2d_msgs/msg/twist2_d_stamped.h
[4.360s] -- Up-to-date symlink: /home/wheeltec/wheeltec_robot/install/nav_2d_msgs/share/nav_2d_msgs/environment/library_path.sh
[4.360s] -- Up-to-date symlink: /home/wheeltec/wheeltec_robot/install/nav_2d_msgs/share/nav_2d_msgs/environment/library_path.dsv
[4.360s] -- Up-to-date symlink: /home/wheeltec/wheeltec_robot/install/nav_2d_msgs/include/nav_2d_msgs/nav_2d_msgs/msg/detail/path2_d__rosidl_typesupport_fastrtps_c.h
[4.360s] -- Up-to-date symlink: /home/wheeltec/wheeltec_robot/install/nav_2d_msgs/include/nav_2d_msgs/nav_2d_msgs/msg/detail/pose2_d32__rosidl_typesupport_fastrtps_c.h
[4.361s] -- Up-to-date symlink: /home/wheeltec/wheeltec_robot/install/nav_2d_msgs/include/nav_2d_msgs/nav_2d_msgs/msg/detail/pose2_d_stamped__rosidl_typesupport_fastrtps_c.h
[4.361s] -- Up-to-date symlink: /home/wheeltec/wheeltec_robot/install/nav_2d_msgs/include/nav_2d_msgs/nav_2d_msgs/msg/detail/twist2_d32__rosidl_typesupport_fastrtps_c.h
[4.361s] -- Up-to-date symlink: /home/wheeltec/wheeltec_robot/install/nav_2d_msgs/include/nav_2d_msgs/nav_2d_msgs/msg/detail/twist2_d__rosidl_typesupport_fastrtps_c.h
[4.362s] -- Up-to-date symlink: /home/wheeltec/wheeltec_robot/install/nav_2d_msgs/include/nav_2d_msgs/nav_2d_msgs/msg/detail/twist2_d_stamped__rosidl_typesupport_fastrtps_c.h
[4.362s] -- Up-to-date symlink: /home/wheeltec/wheeltec_robot/install/nav_2d_msgs/include/nav_2d_msgs/nav_2d_msgs/msg/rosidl_typesupport_fastrtps_c__visibility_control.h
[4.363s] -- Up-to-date symlink: /home/wheeltec/wheeltec_robot/install/nav_2d_msgs/include/nav_2d_msgs/nav_2d_msgs/msg/detail/path2_d__builder.hpp
[4.363s] -- Up-to-date symlink: /home/wheeltec/wheeltec_robot/install/nav_2d_msgs/include/nav_2d_msgs/nav_2d_msgs/msg/detail/path2_d__struct.hpp
[4.363s] -- Up-to-date symlink: /home/wheeltec/wheeltec_robot/install/nav_2d_msgs/include/nav_2d_msgs/nav_2d_msgs/msg/detail/path2_d__traits.hpp
[4.363s] -- Up-to-date symlink: /home/wheeltec/wheeltec_robot/install/nav_2d_msgs/include/nav_2d_msgs/nav_2d_msgs/msg/detail/path2_d__type_support.hpp
[4.363s] -- Up-to-date symlink: /home/wheeltec/wheeltec_robot/install/nav_2d_msgs/include/nav_2d_msgs/nav_2d_msgs/msg/detail/pose2_d32__builder.hpp
[4.363s] -- Up-to-date symlink: /home/wheeltec/wheeltec_robot/install/nav_2d_msgs/include/nav_2d_msgs/nav_2d_msgs/msg/detail/pose2_d32__struct.hpp
[4.363s] -- Up-to-date symlink: /home/wheeltec/wheeltec_robot/install/nav_2d_msgs/include/nav_2d_msgs/nav_2d_msgs/msg/detail/pose2_d32__traits.hpp
[4.364s] -- Up-to-date symlink: /home/wheeltec/wheeltec_robot/install/nav_2d_msgs/include/nav_2d_msgs/nav_2d_msgs/msg/detail/pose2_d32__type_support.hpp
[4.364s] -- Up-to-date symlink: /home/wheeltec/wheeltec_robot/install/nav_2d_msgs/include/nav_2d_msgs/nav_2d_msgs/msg/detail/pose2_d_stamped__builder.hpp
[4.364s] -- Up-to-date symlink: /home/wheeltec/wheeltec_robot/install/nav_2d_msgs/include/nav_2d_msgs/nav_2d_msgs/msg/detail/pose2_d_stamped__struct.hpp
[4.364s] -- Up-to-date symlink: /home/wheeltec/wheeltec_robot/install/nav_2d_msgs/include/nav_2d_msgs/nav_2d_msgs/msg/detail/pose2_d_stamped__traits.hpp
[4.364s] -- Up-to-date symlink: /home/wheeltec/wheeltec_robot/install/nav_2d_msgs/include/nav_2d_msgs/nav_2d_msgs/msg/detail/pose2_d_stamped__type_support.hpp
[4.364s] -- Up-to-date symlink: /home/wheeltec/wheeltec_robot/install/nav_2d_msgs/include/nav_2d_msgs/nav_2d_msgs/msg/detail/twist2_d32__builder.hpp
[4.364s] -- Up-to-date symlink: /home/wheeltec/wheeltec_robot/install/nav_2d_msgs/include/nav_2d_msgs/nav_2d_msgs/msg/detail/twist2_d32__struct.hpp
[4.364s] -- Up-to-date symlink: /home/wheeltec/wheeltec_robot/install/nav_2d_msgs/include/nav_2d_msgs/nav_2d_msgs/msg/detail/twist2_d32__traits.hpp
[4.364s] -- Up-to-date symlink: /home/wheeltec/wheeltec_robot/install/nav_2d_msgs/include/nav_2d_msgs/nav_2d_msgs/msg/detail/twist2_d32__type_support.hpp
[4.364s] -- Up-to-date symlink: /home/wheeltec/wheeltec_robot/install/nav_2d_msgs/include/nav_2d_msgs/nav_2d_msgs/msg/detail/twist2_d__builder.hpp
[4.365s] -- Up-to-date symlink: /home/wheeltec/wheeltec_robot/install/nav_2d_msgs/include/nav_2d_msgs/nav_2d_msgs/msg/detail/twist2_d__struct.hpp
[4.365s] -- Up-to-date symlink: /home/wheeltec/wheeltec_robot/install/nav_2d_msgs/include/nav_2d_msgs/nav_2d_msgs/msg/detail/twist2_d__traits.hpp
[4.365s] -- Up-to-date symlink: /home/wheeltec/wheeltec_robot/install/nav_2d_msgs/include/nav_2d_msgs/nav_2d_msgs/msg/detail/twist2_d__type_support.hpp
[4.365s] -- Up-to-date symlink: /home/wheeltec/wheeltec_robot/install/nav_2d_msgs/include/nav_2d_msgs/nav_2d_msgs/msg/detail/twist2_d_stamped__builder.hpp
[4.365s] -- Up-to-date symlink: /home/wheeltec/wheeltec_robot/install/nav_2d_msgs/include/nav_2d_msgs/nav_2d_msgs/msg/detail/twist2_d_stamped__struct.hpp
[4.365s] -- Up-to-date symlink: /home/wheeltec/wheeltec_robot/install/nav_2d_msgs/include/nav_2d_msgs/nav_2d_msgs/msg/detail/twist2_d_stamped__traits.hpp
[4.365s] -- Up-to-date symlink: /home/wheeltec/wheeltec_robot/install/nav_2d_msgs/include/nav_2d_msgs/nav_2d_msgs/msg/detail/twist2_d_stamped__type_support.hpp
[4.365s] -- Up-to-date symlink: /home/wheeltec/wheeltec_robot/install/nav_2d_msgs/include/nav_2d_msgs/nav_2d_msgs/msg/path2_d.hpp
[4.365s] -- Up-to-date symlink: /home/wheeltec/wheeltec_robot/install/nav_2d_msgs/include/nav_2d_msgs/nav_2d_msgs/msg/pose2_d32.hpp
[4.366s] -- Up-to-date symlink: /home/wheeltec/wheeltec_robot/install/nav_2d_msgs/include/nav_2d_msgs/nav_2d_msgs/msg/pose2_d_stamped.hpp
[4.366s] -- Up-to-date symlink: /home/wheeltec/wheeltec_robot/install/nav_2d_msgs/include/nav_2d_msgs/nav_2d_msgs/msg/rosidl_generator_cpp__visibility_control.hpp
[4.366s] -- Up-to-date symlink: /home/wheeltec/wheeltec_robot/install/nav_2d_msgs/include/nav_2d_msgs/nav_2d_msgs/msg/twist2_d.hpp
[4.366s] -- Up-to-date symlink: /home/wheeltec/wheeltec_robot/install/nav_2d_msgs/include/nav_2d_msgs/nav_2d_msgs/msg/twist2_d32.hpp
[4.366s] -- Up-to-date symlink: /home/wheeltec/wheeltec_robot/install/nav_2d_msgs/include/nav_2d_msgs/nav_2d_msgs/msg/twist2_d_stamped.hpp
[4.366s] -- Up-to-date symlink: /home/wheeltec/wheeltec_robot/install/nav_2d_msgs/include/nav_2d_msgs/nav_2d_msgs/msg/detail/path2_d__rosidl_typesupport_fastrtps_cpp.hpp
[4.366s] -- Up-to-date symlink: /home/wheeltec/wheeltec_robot/install/nav_2d_msgs/include/nav_2d_msgs/nav_2d_msgs/msg/detail/pose2_d32__rosidl_typesupport_fastrtps_cpp.hpp
[4.366s] -- Up-to-date symlink: /home/wheeltec/wheeltec_robot/install/nav_2d_msgs/include/nav_2d_msgs/nav_2d_msgs/msg/detail/pose2_d_stamped__rosidl_typesupport_fastrtps_cpp.hpp
[4.367s] -- Up-to-date symlink: /home/wheeltec/wheeltec_robot/install/nav_2d_msgs/include/nav_2d_msgs/nav_2d_msgs/msg/detail/twist2_d32__rosidl_typesupport_fastrtps_cpp.hpp
[4.367s] -- Up-to-date symlink: /home/wheeltec/wheeltec_robot/install/nav_2d_msgs/include/nav_2d_msgs/nav_2d_msgs/msg/detail/twist2_d__rosidl_typesupport_fastrtps_cpp.hpp
[4.367s] -- Up-to-date symlink: /home/wheeltec/wheeltec_robot/install/nav_2d_msgs/include/nav_2d_msgs/nav_2d_msgs/msg/detail/twist2_d_stamped__rosidl_typesupport_fastrtps_cpp.hpp
[4.367s] -- Up-to-date symlink: /home/wheeltec/wheeltec_robot/install/nav_2d_msgs/include/nav_2d_msgs/nav_2d_msgs/msg/rosidl_typesupport_fastrtps_cpp__visibility_control.h
[4.367s] -- Up-to-date symlink: /home/wheeltec/wheeltec_robot/install/nav_2d_msgs/include/nav_2d_msgs/nav_2d_msgs/msg/detail/path2_d__rosidl_typesupport_introspection_c.h
[4.367s] -- Up-to-date symlink: /home/wheeltec/wheeltec_robot/install/nav_2d_msgs/include/nav_2d_msgs/nav_2d_msgs/msg/detail/pose2_d32__rosidl_typesupport_introspection_c.h
[4.367s] -- Up-to-date symlink: /home/wheeltec/wheeltec_robot/install/nav_2d_msgs/include/nav_2d_msgs/nav_2d_msgs/msg/detail/pose2_d_stamped__rosidl_typesupport_introspection_c.h
[4.367s] -- Up-to-date symlink: /home/wheeltec/wheeltec_robot/install/nav_2d_msgs/include/nav_2d_msgs/nav_2d_msgs/msg/detail/twist2_d32__rosidl_typesupport_introspection_c.h
[4.367s] -- Up-to-date symlink: /home/wheeltec/wheeltec_robot/install/nav_2d_msgs/include/nav_2d_msgs/nav_2d_msgs/msg/detail/twist2_d__rosidl_typesupport_introspection_c.h
[4.368s] -- Up-to-date symlink: /home/wheeltec/wheeltec_robot/install/nav_2d_msgs/include/nav_2d_msgs/nav_2d_msgs/msg/detail/twist2_d_stamped__rosidl_typesupport_introspection_c.h
[4.368s] -- Up-to-date symlink: /home/wheeltec/wheeltec_robot/install/nav_2d_msgs/include/nav_2d_msgs/nav_2d_msgs/msg/rosidl_typesupport_introspection_c__visibility_control.h
[4.368s] -- Up-to-date symlink: /home/wheeltec/wheeltec_robot/install/nav_2d_msgs/include/nav_2d_msgs/nav_2d_msgs/msg/detail/path2_d__rosidl_typesupport_introspection_cpp.hpp
[4.368s] -- Up-to-date symlink: /home/wheeltec/wheeltec_robot/install/nav_2d_msgs/include/nav_2d_msgs/nav_2d_msgs/msg/detail/pose2_d32__rosidl_typesupport_introspection_cpp.hpp
[4.368s] -- Up-to-date symlink: /home/wheeltec/wheeltec_robot/install/nav_2d_msgs/include/nav_2d_msgs/nav_2d_msgs/msg/detail/pose2_d_stamped__rosidl_typesupport_introspection_cpp.hpp
[4.368s] -- Up-to-date symlink: /home/wheeltec/wheeltec_robot/install/nav_2d_msgs/include/nav_2d_msgs/nav_2d_msgs/msg/detail/twist2_d32__rosidl_typesupport_introspection_cpp.hpp
[4.368s] -- Up-to-date symlink: /home/wheeltec/wheeltec_robot/install/nav_2d_msgs/include/nav_2d_msgs/nav_2d_msgs/msg/detail/twist2_d__rosidl_typesupport_introspection_cpp.hpp
[4.368s] -- Up-to-date symlink: /home/wheeltec/wheeltec_robot/install/nav_2d_msgs/include/nav_2d_msgs/nav_2d_msgs/msg/detail/twist2_d_stamped__rosidl_typesupport_introspection_cpp.hpp
[4.368s] -- Up-to-date symlink: /home/wheeltec/wheeltec_robot/install/nav_2d_msgs/share/nav_2d_msgs/environment/pythonpath.sh
[4.368s] -- Up-to-date symlink: /home/wheeltec/wheeltec_robot/install/nav_2d_msgs/share/nav_2d_msgs/environment/pythonpath.dsv
[4.369s] -- Up-to-date symlink: /home/wheeltec/wheeltec_robot/install/nav_2d_msgs/local/lib/python3.10/dist-packages/nav_2d_msgs-1.1.6-py3.10.egg-info/PKG-INFO
[4.369s] -- Up-to-date symlink: /home/wheeltec/wheeltec_robot/install/nav_2d_msgs/local/lib/python3.10/dist-packages/nav_2d_msgs-1.1.6-py3.10.egg-info/SOURCES.txt
[4.369s] -- Up-to-date symlink: /home/wheeltec/wheeltec_robot/install/nav_2d_msgs/local/lib/python3.10/dist-packages/nav_2d_msgs-1.1.6-py3.10.egg-info/dependency_links.txt
[4.369s] -- Up-to-date symlink: /home/wheeltec/wheeltec_robot/install/nav_2d_msgs/local/lib/python3.10/dist-packages/nav_2d_msgs-1.1.6-py3.10.egg-info/top_level.txt
[4.369s] -- Up-to-date symlink: /home/wheeltec/wheeltec_robot/install/nav_2d_msgs/local/lib/python3.10/dist-packages/nav_2d_msgs/__init__.py
[4.369s] -- Up-to-date symlink: /home/wheeltec/wheeltec_robot/install/nav_2d_msgs/local/lib/python3.10/dist-packages/nav_2d_msgs/_nav_2d_msgs_s.ep.rosidl_typesupport_c.c
[4.369s] -- Up-to-date symlink: /home/wheeltec/wheeltec_robot/install/nav_2d_msgs/local/lib/python3.10/dist-packages/nav_2d_msgs/_nav_2d_msgs_s.ep.rosidl_typesupport_fastrtps_c.c
[4.369s] -- Up-to-date symlink: /home/wheeltec/wheeltec_robot/install/nav_2d_msgs/local/lib/python3.10/dist-packages/nav_2d_msgs/_nav_2d_msgs_s.ep.rosidl_typesupport_introspection_c.c
[4.369s] -- Up-to-date symlink: /home/wheeltec/wheeltec_robot/install/nav_2d_msgs/local/lib/python3.10/dist-packages/nav_2d_msgs/libnav_2d_msgs__rosidl_generator_py.so
[4.369s] -- Up-to-date symlink: /home/wheeltec/wheeltec_robot/install/nav_2d_msgs/local/lib/python3.10/dist-packages/nav_2d_msgs/msg/__init__.py
[4.370s] -- Up-to-date symlink: /home/wheeltec/wheeltec_robot/install/nav_2d_msgs/local/lib/python3.10/dist-packages/nav_2d_msgs/msg/_path2_d.py
[4.370s] -- Up-to-date symlink: /home/wheeltec/wheeltec_robot/install/nav_2d_msgs/local/lib/python3.10/dist-packages/nav_2d_msgs/msg/_path2_d_s.c
[4.370s] -- Up-to-date symlink: /home/wheeltec/wheeltec_robot/install/nav_2d_msgs/local/lib/python3.10/dist-packages/nav_2d_msgs/msg/_pose2_d32.py
[4.370s] -- Up-to-date symlink: /home/wheeltec/wheeltec_robot/install/nav_2d_msgs/local/lib/python3.10/dist-packages/nav_2d_msgs/msg/_pose2_d32_s.c
[4.370s] -- Up-to-date symlink: /home/wheeltec/wheeltec_robot/install/nav_2d_msgs/local/lib/python3.10/dist-packages/nav_2d_msgs/msg/_pose2_d_stamped.py
[4.370s] -- Up-to-date symlink: /home/wheeltec/wheeltec_robot/install/nav_2d_msgs/local/lib/python3.10/dist-packages/nav_2d_msgs/msg/_pose2_d_stamped_s.c
[4.370s] -- Up-to-date symlink: /home/wheeltec/wheeltec_robot/install/nav_2d_msgs/local/lib/python3.10/dist-packages/nav_2d_msgs/msg/_twist2_d.py
[4.370s] -- Up-to-date symlink: /home/wheeltec/wheeltec_robot/install/nav_2d_msgs/local/lib/python3.10/dist-packages/nav_2d_msgs/msg/_twist2_d32.py
[4.370s] -- Up-to-date symlink: /home/wheeltec/wheeltec_robot/install/nav_2d_msgs/local/lib/python3.10/dist-packages/nav_2d_msgs/msg/_twist2_d32_s.c
[4.370s] -- Up-to-date symlink: /home/wheeltec/wheeltec_robot/install/nav_2d_msgs/local/lib/python3.10/dist-packages/nav_2d_msgs/msg/_twist2_d_s.c
[4.371s] -- Up-to-date symlink: /home/wheeltec/wheeltec_robot/install/nav_2d_msgs/local/lib/python3.10/dist-packages/nav_2d_msgs/msg/_twist2_d_stamped.py
[4.371s] -- Up-to-date symlink: /home/wheeltec/wheeltec_robot/install/nav_2d_msgs/local/lib/python3.10/dist-packages/nav_2d_msgs/msg/_twist2_d_stamped_s.c
[4.371s] -- Up-to-date symlink: /home/wheeltec/wheeltec_robot/install/nav_2d_msgs/local/lib/python3.10/dist-packages/nav_2d_msgs/nav_2d_msgs_s__rosidl_typesupport_c.cpython-310-aarch64-linux-gnu.so
[4.371s] -- Up-to-date symlink: /home/wheeltec/wheeltec_robot/install/nav_2d_msgs/local/lib/python3.10/dist-packages/nav_2d_msgs/nav_2d_msgs_s__rosidl_typesupport_fastrtps_c.cpython-310-aarch64-linux-gnu.so
[4.371s] -- Up-to-date symlink: /home/wheeltec/wheeltec_robot/install/nav_2d_msgs/local/lib/python3.10/dist-packages/nav_2d_msgs/nav_2d_msgs_s__rosidl_typesupport_introspection_c.cpython-310-aarch64-linux-gnu.so
[4.371s] -- Up-to-date symlink: /home/wheeltec/wheeltec_robot/install/nav_2d_msgs/local/lib/python3.10/dist-packages/nav_2d_msgs/nav_2d_msgs_s__rosidl_typesupport_fastrtps_c.cpython-310-aarch64-linux-gnu.so
[4.371s] -- Up-to-date symlink: /home/wheeltec/wheeltec_robot/install/nav_2d_msgs/local/lib/python3.10/dist-packages/nav_2d_msgs/nav_2d_msgs_s__rosidl_typesupport_introspection_c.cpython-310-aarch64-linux-gnu.so
[4.371s] -- Up-to-date symlink: /home/wheeltec/wheeltec_robot/install/nav_2d_msgs/local/lib/python3.10/dist-packages/nav_2d_msgs/nav_2d_msgs_s__rosidl_typesupport_c.cpython-310-aarch64-linux-gnu.so
[4.371s] -- Up-to-date symlink: /home/wheeltec/wheeltec_robot/install/nav_2d_msgs/share/nav_2d_msgs/msg/Path2D.idl
[4.371s] -- Up-to-date symlink: /home/wheeltec/wheeltec_robot/install/nav_2d_msgs/share/nav_2d_msgs/msg/Pose2D32.idl
[4.372s] -- Up-to-date symlink: /home/wheeltec/wheeltec_robot/install/nav_2d_msgs/share/nav_2d_msgs/msg/Pose2DStamped.idl
[4.372s] -- Up-to-date symlink: /home/wheeltec/wheeltec_robot/install/nav_2d_msgs/share/nav_2d_msgs/msg/Twist2D.idl
[4.372s] -- Up-to-date symlink: /home/wheeltec/wheeltec_robot/install/nav_2d_msgs/share/nav_2d_msgs/msg/Twist2D32.idl
[4.372s] -- Up-to-date symlink: /home/wheeltec/wheeltec_robot/install/nav_2d_msgs/share/nav_2d_msgs/msg/Twist2DStamped.idl
[4.372s] -- Up-to-date symlink: /home/wheeltec/wheeltec_robot/install/nav_2d_msgs/share/nav_2d_msgs/msg/Path2D.msg
[4.372s] -- Up-to-date symlink: /home/wheeltec/wheeltec_robot/install/nav_2d_msgs/share/nav_2d_msgs/msg/Pose2D32.msg
[4.372s] -- Up-to-date symlink: /home/wheeltec/wheeltec_robot/install/nav_2d_msgs/share/nav_2d_msgs/msg/Pose2DStamped.msg
[4.372s] -- Up-to-date symlink: /home/wheeltec/wheeltec_robot/install/nav_2d_msgs/share/nav_2d_msgs/msg/Twist2D.msg
[4.372s] -- Up-to-date symlink: /home/wheeltec/wheeltec_robot/install/nav_2d_msgs/share/nav_2d_msgs/msg/Twist2D32.msg
[4.372s] -- Up-to-date symlink: /home/wheeltec/wheeltec_robot/install/nav_2d_msgs/share/nav_2d_msgs/msg/Twist2DStamped.msg
[4.372s] -- Up-to-date symlink: /home/wheeltec/wheeltec_robot/install/nav_2d_msgs/share/ament_index/resource_index/package_run_dependencies/nav_2d_msgs
[4.373s] -- Up-to-date symlink: /home/wheeltec/wheeltec_robot/install/nav_2d_msgs/share/ament_index/resource_index/parent_prefix_path/nav_2d_msgs
[4.373s] -- Up-to-date symlink: /home/wheeltec/wheeltec_robot/install/nav_2d_msgs/share/nav_2d_msgs/environment/ament_prefix_path.sh
[4.373s] -- Up-to-date symlink: /home/wheeltec/wheeltec_robot/install/nav_2d_msgs/share/nav_2d_msgs/environment/ament_prefix_path.dsv
[4.373s] -- Up-to-date symlink: /home/wheeltec/wheeltec_robot/install/nav_2d_msgs/share/nav_2d_msgs/environment/path.sh
[4.373s] -- Up-to-date symlink: /home/wheeltec/wheeltec_robot/install/nav_2d_msgs/share/nav_2d_msgs/environment/path.dsv
[4.373s] -- Up-to-date symlink: /home/wheeltec/wheeltec_robot/install/nav_2d_msgs/share/nav_2d_msgs/local_setup.bash
[4.373s] -- Up-to-date symlink: /home/wheeltec/wheeltec_robot/install/nav_2d_msgs/share/nav_2d_msgs/local_setup.sh
[4.373s] -- Up-to-date symlink: /home/wheeltec/wheeltec_robot/install/nav_2d_msgs/share/nav_2d_msgs/local_setup.zsh
[4.373s] -- Up-to-date symlink: /home/wheeltec/wheeltec_robot/install/nav_2d_msgs/share/nav_2d_msgs/local_setup.dsv
[4.373s] -- Symlinking: /home/wheeltec/wheeltec_robot/install/nav_2d_msgs/share/nav_2d_msgs/package.dsv
[4.374s] -- Up-to-date symlink: /home/wheeltec/wheeltec_robot/install/nav_2d_msgs/share/ament_index/resource_index/packages/nav_2d_msgs
[4.374s] -- Up-to-date symlink: /home/wheeltec/wheeltec_robot/install/nav_2d_msgs/share/nav_2d_msgs/cmake/rosidl_cmake-extras.cmake
[4.374s] -- Up-to-date symlink: /home/wheeltec/wheeltec_robot/install/nav_2d_msgs/share/nav_2d_msgs/cmake/ament_cmake_export_dependencies-extras.cmake
[4.374s] -- Up-to-date symlink: /home/wheeltec/wheeltec_robot/install/nav_2d_msgs/share/nav_2d_msgs/cmake/ament_cmake_export_include_directories-extras.cmake
[4.374s] -- Up-to-date symlink: /home/wheeltec/wheeltec_robot/install/nav_2d_msgs/share/nav_2d_msgs/cmake/ament_cmake_export_libraries-extras.cmake
[4.374s] -- Up-to-date symlink: /home/wheeltec/wheeltec_robot/install/nav_2d_msgs/share/nav_2d_msgs/cmake/ament_cmake_export_targets-extras.cmake
[4.374s] -- Up-to-date symlink: /home/wheeltec/wheeltec_robot/install/nav_2d_msgs/share/nav_2d_msgs/cmake/rosidl_cmake_export_typesupport_targets-extras.cmake
[4.374s] -- Up-to-date symlink: /home/wheeltec/wheeltec_robot/install/nav_2d_msgs/share/nav_2d_msgs/cmake/rosidl_cmake_export_typesupport_libraries-extras.cmake
[4.374s] -- Up-to-date symlink: /home/wheeltec/wheeltec_robot/install/nav_2d_msgs/share/nav_2d_msgs/cmake/nav_2d_msgsConfig.cmake
[4.374s] -- Up-to-date symlink: /home/wheeltec/wheeltec_robot/install/nav_2d_msgs/share/nav_2d_msgs/cmake/nav_2d_msgsConfig-version.cmake
[4.375s] -- Up-to-date symlink: /home/wheeltec/wheeltec_robot/install/nav_2d_msgs/share/nav_2d_msgs/package.xml
[4.375s] -- Up-to-date: /home/wheeltec/wheeltec_robot/install/nav_2d_msgs/lib/libnav_2d_msgs__rosidl_generator_c.so
[4.375s] -- Up-to-date: /home/wheeltec/wheeltec_robot/install/nav_2d_msgs/lib/libnav_2d_msgs__rosidl_typesupport_fastrtps_c.so
[4.375s] -- Up-to-date: /home/wheeltec/wheeltec_robot/install/nav_2d_msgs/lib/libnav_2d_msgs__rosidl_typesupport_fastrtps_cpp.so
[4.375s] -- Up-to-date: /home/wheeltec/wheeltec_robot/install/nav_2d_msgs/lib/libnav_2d_msgs__rosidl_typesupport_introspection_c.so
[4.375s] -- Up-to-date: /home/wheeltec/wheeltec_robot/install/nav_2d_msgs/lib/libnav_2d_msgs__rosidl_typesupport_c.so
[4.375s] -- Up-to-date: /home/wheeltec/wheeltec_robot/install/nav_2d_msgs/lib/libnav_2d_msgs__rosidl_typesupport_introspection_cpp.so
[4.375s] -- Up-to-date: /home/wheeltec/wheeltec_robot/install/nav_2d_msgs/lib/libnav_2d_msgs__rosidl_typesupport_cpp.so
[4.457s] Listing '/home/wheeltec/wheeltec_robot/install/nav_2d_msgs/local/lib/python3.10/dist-packages/nav_2d_msgs'...
[4.457s] Compiling '/home/wheeltec/wheeltec_robot/install/nav_2d_msgs/local/lib/python3.10/dist-packages/nav_2d_msgs/__init__.py'...
[4.457s] Listing '/home/wheeltec/wheeltec_robot/install/nav_2d_msgs/local/lib/python3.10/dist-packages/nav_2d_msgs/msg'...
[4.477s] -- Up-to-date: /home/wheeltec/wheeltec_robot/install/nav_2d_msgs/lib/libnav_2d_msgs__rosidl_generator_py.so
[4.477s] -- Up-to-date: /home/wheeltec/wheeltec_robot/install/nav_2d_msgs/share/nav_2d_msgs/cmake/export_nav_2d_msgs__rosidl_generator_cExport.cmake
[4.477s] -- Up-to-date: /home/wheeltec/wheeltec_robot/install/nav_2d_msgs/share/nav_2d_msgs/cmake/export_nav_2d_msgs__rosidl_generator_cExport-noconfig.cmake
[4.478s] -- Up-to-date: /home/wheeltec/wheeltec_robot/install/nav_2d_msgs/share/nav_2d_msgs/cmake/export_nav_2d_msgs__rosidl_typesupport_fastrtps_cExport.cmake
[4.478s] -- Up-to-date: /home/wheeltec/wheeltec_robot/install/nav_2d_msgs/share/nav_2d_msgs/cmake/export_nav_2d_msgs__rosidl_typesupport_fastrtps_cExport-noconfig.cmake
[4.478s] -- Up-to-date: /home/wheeltec/wheeltec_robot/install/nav_2d_msgs/share/nav_2d_msgs/cmake/export_nav_2d_msgs__rosidl_generator_cppExport.cmake
[4.478s] -- Up-to-date: /home/wheeltec/wheeltec_robot/install/nav_2d_msgs/share/nav_2d_msgs/cmake/export_nav_2d_msgs__rosidl_typesupport_fastrtps_cppExport.cmake
[4.478s] -- Up-to-date: /home/wheeltec/wheeltec_robot/install/nav_2d_msgs/share/nav_2d_msgs/cmake/export_nav_2d_msgs__rosidl_typesupport_fastrtps_cppExport-noconfig.cmake
[4.478s] -- Up-to-date: /home/wheeltec/wheeltec_robot/install/nav_2d_msgs/share/nav_2d_msgs/cmake/nav_2d_msgs__rosidl_typesupport_introspection_cExport.cmake
[4.478s] -- Up-to-date: /home/wheeltec/wheeltec_robot/install/nav_2d_msgs/share/nav_2d_msgs/cmake/nav_2d_msgs__rosidl_typesupport_introspection_cExport-noconfig.cmake
[4.478s] -- Up-to-date: /home/wheeltec/wheeltec_robot/install/nav_2d_msgs/share/nav_2d_msgs/cmake/nav_2d_msgs__rosidl_typesupport_cExport.cmake
[4.480s] -- Up-to-date: /home/wheeltec/wheeltec_robot/install/nav_2d_msgs/share/nav_2d_msgs/cmake/nav_2d_msgs__rosidl_typesupport_cExport-noconfig.cmake
[4.480s] -- Up-to-date: /home/wheeltec/wheeltec_robot/install/nav_2d_msgs/share/nav_2d_msgs/cmake/nav_2d_msgs__rosidl_typesupport_introspection_cppExport.cmake
[4.480s] -- Up-to-date: /home/wheeltec/wheeltec_robot/install/nav_2d_msgs/share/nav_2d_msgs/cmake/nav_2d_msgs__rosidl_typesupport_introspection_cppExport-noconfig.cmake
[4.480s] -- Up-to-date: /home/wheeltec/wheeltec_robot/install/nav_2d_msgs/share/nav_2d_msgs/cmake/nav_2d_msgs__rosidl_typesupport_cppExport.cmake
[4.480s] -- Up-to-date: /home/wheeltec/wheeltec_robot/install/nav_2d_msgs/share/nav_2d_msgs/cmake/nav_2d_msgs__rosidl_typesupport_cppExport-noconfig.cmake
[4.480s] -- Up-to-date: /home/wheeltec/wheeltec_robot/install/nav_2d_msgs/share/nav_2d_msgs/cmake/export_nav_2d_msgs__rosidl_generator_pyExport.cmake
[4.480s] -- Up-to-date: /home/wheeltec/wheeltec_robot/install/nav_2d_msgs/share/nav_2d_msgs/cmake/export_nav_2d_msgs__rosidl_generator_pyExport-noconfig.cmake
[4.516s] Invoked command in '/home/wheeltec/wheeltec_robot/build/nav_2d_msgs' returned '0': CMAKE_PREFIX_PATH=/opt/ros/humble /usr/bin/cmake --install /home/wheeltec/wheeltec_robot/build/nav_2d_msgs
