[0.044s] Invoking command in '/home/wheeltec/wheeltec_robot/build/astra_camera_msgs': CMAKE_PREFIX_PATH=/opt/ros/humble /usr/bin/cmake /home/wheeltec/wheeltec_robot/src/ros2_astra_camera-master/astra_camera_msgs -DCMAKE_INSTALL_PREFIX=/home/wheeltec/wheeltec_robot/install/astra_camera_msgs
[1.462s] -- Found ament_cmake: 1.3.12 (/opt/ros/humble/share/ament_cmake/cmake)
[1.463s] -- Override CMake install command with custom implementation using symlinks instead of copying resources
[1.463s] -- Found rosidl_default_generators: 1.2.0 (/opt/ros/humble/share/rosidl_default_generators/cmake)
[1.463s] -- Using all available rosidl_typesupport_c: rosidl_typesupport_fastrtps_c;rosidl_typesupport_introspection_c
[1.463s] -- Found rosidl_adapter: 3.1.7 (/opt/ros/humble/share/rosidl_adapter/cmake)
[1.463s] -- Using all available rosidl_typesupport_cpp: rosidl_typesupport_fastrtps_cpp;rosidl_typesupport_introspection_cpp
[1.463s] -- Found sensor_msgs: 4.9.0 (/opt/ros/humble/share/sensor_msgs/cmake)
[1.463s] -- Found ament_cmake_ros: 0.10.0 (/opt/ros/humble/share/ament_cmake_ros/cmake)
[2.175s] -- Using all available rosidl_typesupport_c: rosidl_typesupport_fastrtps_c;rosidl_typesupport_introspection_c
[3.193s] -- Using all available rosidl_typesupport_cpp: rosidl_typesupport_fastrtps_cpp;rosidl_typesupport_introspection_cpp
[3.205s] -- Found python_cmake_module: 0.10.0 (/opt/ros/humble/share/python_cmake_module/cmake)
[3.329s] -- Using PYTHON_EXECUTABLE: /usr/bin/python3
[3.329s] -- Using PYTHON_INCLUDE_DIRS: /usr/include/python3.10
[3.329s] -- Using PYTHON_LIBRARIES: /usr/lib/aarch64-linux-gnu/libpython3.10.so
[3.449s] -- Found ament_lint_auto: 0.12.14 (/opt/ros/humble/share/ament_lint_auto/cmake)
[3.491s] -- Added test 'copyright' to check source files copyright and LICENSE
[3.495s] -- Added test 'lint_cmake' to check CMake code style
[3.506s] -- Added test 'xmllint' to check XML markup files
[3.515s] -- Configuring done
[3.750s] -- Generating done
[3.800s] -- Build files have been written to: /home/wheeltec/wheeltec_robot/build/astra_camera_msgs
[3.846s] Invoked command in '/home/wheeltec/wheeltec_robot/build/astra_camera_msgs' returned '0': CMAKE_PREFIX_PATH=/opt/ros/humble /usr/bin/cmake /home/wheeltec/wheeltec_robot/src/ros2_astra_camera-master/astra_camera_msgs -DCMAKE_INSTALL_PREFIX=/home/wheeltec/wheeltec_robot/install/astra_camera_msgs
[3.897s] Invoking command in '/home/wheeltec/wheeltec_robot/build/astra_camera_msgs': CMAKE_PREFIX_PATH=/opt/ros/humble /usr/bin/cmake --build /home/wheeltec/wheeltec_robot/build/astra_camera_msgs -- -j8 -l8
[4.571s] [35m[1mConsolidate compiler generated dependencies of target astra_camera_msgs__rosidl_generator_c[0m
[4.580s] [ 11%] Built target astra_camera_msgs__rosidl_generator_c
[4.581s] [ 12%] Built target astra_camera_msgs__cpp
[4.581s] [35m[1mConsolidate compiler generated dependencies of target astra_camera_msgs__rosidl_typesupport_introspection_c[0m
[4.581s] [35m[1mConsolidate compiler generated dependencies of target astra_camera_msgs__rosidl_typesupport_fastrtps_c[0m
[4.581s] [ 12%] Built target ament_cmake_python_symlink_astra_camera_msgs
[4.581s] [35m[1mConsolidate compiler generated dependencies of target astra_camera_msgs__rosidl_typesupport_c[0m
[4.581s] [35m[1mConsolidate compiler generated dependencies of target astra_camera_msgs__rosidl_typesupport_cpp[0m
[4.581s] [35m[1mConsolidate compiler generated dependencies of target astra_camera_msgs__rosidl_typesupport_fastrtps_cpp[0m
[4.582s] [ 24%] Built target astra_camera_msgs__rosidl_typesupport_introspection_c
[4.582s] [ 35%] Built target astra_camera_msgs__rosidl_typesupport_c
[4.582s] [35m[1mConsolidate compiler generated dependencies of target astra_camera_msgs__rosidl_typesupport_introspection_cpp[0m
[4.582s] [ 47%] Built target astra_camera_msgs__rosidl_typesupport_fastrtps_c
[4.582s] [ 58%] Built target astra_camera_msgs__rosidl_typesupport_fastrtps_cpp
[4.582s] [ 70%] Built target astra_camera_msgs__rosidl_typesupport_cpp
[4.582s] [ 82%] Built target astra_camera_msgs__rosidl_typesupport_introspection_cpp
[4.582s] [ 82%] Built target astra_camera_msgs
[4.631s] [ 83%] Built target astra_camera_msgs__py
[4.698s] [35m[1mConsolidate compiler generated dependencies of target astra_camera_msgs__rosidl_generator_py[0m
[4.768s] [ 93%] Built target astra_camera_msgs__rosidl_generator_py
[4.809s] [35m[1mConsolidate compiler generated dependencies of target astra_camera_msgs__rosidl_typesupport_fastrtps_c__pyext[0m
[4.827s] [35m[1mConsolidate compiler generated dependencies of target astra_camera_msgs__rosidl_typesupport_introspection_c__pyext[0m
[4.840s] [35m[1mConsolidate compiler generated dependencies of target astra_camera_msgs__rosidl_typesupport_c__pyext[0m
[4.897s] [ 95%] Built target astra_camera_msgs__rosidl_typesupport_fastrtps_c__pyext
[4.926s] [ 98%] Built target astra_camera_msgs__rosidl_typesupport_introspection_c__pyext
[4.927s] [100%] Built target astra_camera_msgs__rosidl_typesupport_c__pyext
[5.070s] running egg_info
[5.128s] writing astra_camera_msgs.egg-info/PKG-INFO
[5.129s] writing dependency_links to astra_camera_msgs.egg-info/dependency_links.txt
[5.136s] writing top-level names to astra_camera_msgs.egg-info/top_level.txt
[5.283s] reading manifest file 'astra_camera_msgs.egg-info/SOURCES.txt'
[5.293s] writing manifest file 'astra_camera_msgs.egg-info/SOURCES.txt'
[5.463s] [100%] Built target ament_cmake_python_build_astra_camera_msgs_egg
[5.583s] Invoked command in '/home/wheeltec/wheeltec_robot/build/astra_camera_msgs' returned '0': CMAKE_PREFIX_PATH=/opt/ros/humble /usr/bin/cmake --build /home/wheeltec/wheeltec_robot/build/astra_camera_msgs -- -j8 -l8
[5.584s] Invoking command in '/home/wheeltec/wheeltec_robot/build/astra_camera_msgs': CMAKE_PREFIX_PATH=/opt/ros/humble /usr/bin/cmake --install /home/wheeltec/wheeltec_robot/build/astra_camera_msgs
[5.705s] -- Install configuration: ""
[5.705s] -- Execute custom install script
[5.705s] -- Up-to-date symlink: /home/wheeltec/wheeltec_robot/install/astra_camera_msgs/share/ament_index/resource_index/rosidl_interfaces/astra_camera_msgs
[5.712s] -- Up-to-date symlink: /home/wheeltec/wheeltec_robot/install/astra_camera_msgs/include/astra_camera_msgs/astra_camera_msgs/msg/detail/device_info__functions.h
[5.712s] -- Up-to-date symlink: /home/wheeltec/wheeltec_robot/install/astra_camera_msgs/include/astra_camera_msgs/astra_camera_msgs/msg/detail/device_info__struct.h
[5.712s] -- Up-to-date symlink: /home/wheeltec/wheeltec_robot/install/astra_camera_msgs/include/astra_camera_msgs/astra_camera_msgs/msg/detail/device_info__type_support.h
[5.714s] -- Up-to-date symlink: /home/wheeltec/wheeltec_robot/install/astra_camera_msgs/include/astra_camera_msgs/astra_camera_msgs/msg/detail/extrinsics__functions.h
[5.714s] -- Up-to-date symlink: /home/wheeltec/wheeltec_robot/install/astra_camera_msgs/include/astra_camera_msgs/astra_camera_msgs/msg/detail/extrinsics__struct.h
[5.714s] -- Up-to-date symlink: /home/wheeltec/wheeltec_robot/install/astra_camera_msgs/include/astra_camera_msgs/astra_camera_msgs/msg/detail/extrinsics__type_support.h
[5.715s] -- Up-to-date symlink: /home/wheeltec/wheeltec_robot/install/astra_camera_msgs/include/astra_camera_msgs/astra_camera_msgs/msg/detail/metadata__functions.h
[5.715s] -- Up-to-date symlink: /home/wheeltec/wheeltec_robot/install/astra_camera_msgs/include/astra_camera_msgs/astra_camera_msgs/msg/detail/metadata__struct.h
[5.715s] -- Up-to-date symlink: /home/wheeltec/wheeltec_robot/install/astra_camera_msgs/include/astra_camera_msgs/astra_camera_msgs/msg/detail/metadata__type_support.h
[5.715s] -- Up-to-date symlink: /home/wheeltec/wheeltec_robot/install/astra_camera_msgs/include/astra_camera_msgs/astra_camera_msgs/msg/device_info.h
[5.716s] -- Up-to-date symlink: /home/wheeltec/wheeltec_robot/install/astra_camera_msgs/include/astra_camera_msgs/astra_camera_msgs/msg/extrinsics.h
[5.716s] -- Up-to-date symlink: /home/wheeltec/wheeltec_robot/install/astra_camera_msgs/include/astra_camera_msgs/astra_camera_msgs/msg/metadata.h
[5.716s] -- Up-to-date symlink: /home/wheeltec/wheeltec_robot/install/astra_camera_msgs/include/astra_camera_msgs/astra_camera_msgs/msg/rosidl_generator_c__visibility_control.h
[5.719s] -- Up-to-date symlink: /home/wheeltec/wheeltec_robot/install/astra_camera_msgs/include/astra_camera_msgs/astra_camera_msgs/srv/detail/get_camera_info__functions.h
[5.720s] -- Up-to-date symlink: /home/wheeltec/wheeltec_robot/install/astra_camera_msgs/include/astra_camera_msgs/astra_camera_msgs/srv/detail/get_camera_info__struct.h
[5.720s] -- Up-to-date symlink: /home/wheeltec/wheeltec_robot/install/astra_camera_msgs/include/astra_camera_msgs/astra_camera_msgs/srv/detail/get_camera_info__type_support.h
[5.720s] -- Up-to-date symlink: /home/wheeltec/wheeltec_robot/install/astra_camera_msgs/include/astra_camera_msgs/astra_camera_msgs/srv/detail/get_camera_params__functions.h
[5.720s] -- Up-to-date symlink: /home/wheeltec/wheeltec_robot/install/astra_camera_msgs/include/astra_camera_msgs/astra_camera_msgs/srv/detail/get_camera_params__struct.h
[5.720s] -- Up-to-date symlink: /home/wheeltec/wheeltec_robot/install/astra_camera_msgs/include/astra_camera_msgs/astra_camera_msgs/srv/detail/get_camera_params__type_support.h
[5.721s] -- Up-to-date symlink: /home/wheeltec/wheeltec_robot/install/astra_camera_msgs/include/astra_camera_msgs/astra_camera_msgs/srv/detail/get_device_info__functions.h
[5.721s] -- Up-to-date symlink: /home/wheeltec/wheeltec_robot/install/astra_camera_msgs/include/astra_camera_msgs/astra_camera_msgs/srv/detail/get_device_info__struct.h
[5.721s] -- Up-to-date symlink: /home/wheeltec/wheeltec_robot/install/astra_camera_msgs/include/astra_camera_msgs/astra_camera_msgs/srv/detail/get_device_info__type_support.h
[5.721s] -- Up-to-date symlink: /home/wheeltec/wheeltec_robot/install/astra_camera_msgs/include/astra_camera_msgs/astra_camera_msgs/srv/detail/get_int32__functions.h
[5.722s] -- Up-to-date symlink: /home/wheeltec/wheeltec_robot/install/astra_camera_msgs/include/astra_camera_msgs/astra_camera_msgs/srv/detail/get_int32__struct.h
[5.722s] -- Up-to-date symlink: /home/wheeltec/wheeltec_robot/install/astra_camera_msgs/include/astra_camera_msgs/astra_camera_msgs/srv/detail/get_int32__type_support.h
[5.722s] -- Up-to-date symlink: /home/wheeltec/wheeltec_robot/install/astra_camera_msgs/include/astra_camera_msgs/astra_camera_msgs/srv/detail/get_string__functions.h
[5.722s] -- Up-to-date symlink: /home/wheeltec/wheeltec_robot/install/astra_camera_msgs/include/astra_camera_msgs/astra_camera_msgs/srv/detail/get_string__struct.h
[5.722s] -- Up-to-date symlink: /home/wheeltec/wheeltec_robot/install/astra_camera_msgs/include/astra_camera_msgs/astra_camera_msgs/srv/detail/get_string__type_support.h
[5.722s] -- Up-to-date symlink: /home/wheeltec/wheeltec_robot/install/astra_camera_msgs/include/astra_camera_msgs/astra_camera_msgs/srv/detail/set_int32__functions.h
[5.722s] -- Up-to-date symlink: /home/wheeltec/wheeltec_robot/install/astra_camera_msgs/include/astra_camera_msgs/astra_camera_msgs/srv/detail/set_int32__struct.h
[5.722s] -- Up-to-date symlink: /home/wheeltec/wheeltec_robot/install/astra_camera_msgs/include/astra_camera_msgs/astra_camera_msgs/srv/detail/set_int32__type_support.h
[5.723s] -- Up-to-date symlink: /home/wheeltec/wheeltec_robot/install/astra_camera_msgs/include/astra_camera_msgs/astra_camera_msgs/srv/get_camera_info.h
[5.723s] -- Up-to-date symlink: /home/wheeltec/wheeltec_robot/install/astra_camera_msgs/include/astra_camera_msgs/astra_camera_msgs/srv/get_camera_params.h
[5.723s] -- Up-to-date symlink: /home/wheeltec/wheeltec_robot/install/astra_camera_msgs/include/astra_camera_msgs/astra_camera_msgs/srv/get_device_info.h
[5.723s] -- Up-to-date symlink: /home/wheeltec/wheeltec_robot/install/astra_camera_msgs/include/astra_camera_msgs/astra_camera_msgs/srv/get_int32.h
[5.723s] -- Up-to-date symlink: /home/wheeltec/wheeltec_robot/install/astra_camera_msgs/include/astra_camera_msgs/astra_camera_msgs/srv/get_string.h
[5.723s] -- Up-to-date symlink: /home/wheeltec/wheeltec_robot/install/astra_camera_msgs/include/astra_camera_msgs/astra_camera_msgs/srv/set_int32.h
[5.723s] -- Up-to-date symlink: /home/wheeltec/wheeltec_robot/install/astra_camera_msgs/share/astra_camera_msgs/environment/library_path.sh
[5.723s] -- Up-to-date symlink: /home/wheeltec/wheeltec_robot/install/astra_camera_msgs/share/astra_camera_msgs/environment/library_path.dsv
[5.724s] -- Up-to-date symlink: /home/wheeltec/wheeltec_robot/install/astra_camera_msgs/include/astra_camera_msgs/astra_camera_msgs/msg/detail/device_info__rosidl_typesupport_fastrtps_c.h
[5.724s] -- Up-to-date symlink: /home/wheeltec/wheeltec_robot/install/astra_camera_msgs/include/astra_camera_msgs/astra_camera_msgs/msg/detail/extrinsics__rosidl_typesupport_fastrtps_c.h
[5.724s] -- Up-to-date symlink: /home/wheeltec/wheeltec_robot/install/astra_camera_msgs/include/astra_camera_msgs/astra_camera_msgs/msg/detail/metadata__rosidl_typesupport_fastrtps_c.h
[5.724s] -- Up-to-date symlink: /home/wheeltec/wheeltec_robot/install/astra_camera_msgs/include/astra_camera_msgs/astra_camera_msgs/msg/rosidl_typesupport_fastrtps_c__visibility_control.h
[5.724s] -- Up-to-date symlink: /home/wheeltec/wheeltec_robot/install/astra_camera_msgs/include/astra_camera_msgs/astra_camera_msgs/srv/detail/get_camera_info__rosidl_typesupport_fastrtps_c.h
[5.724s] -- Up-to-date symlink: /home/wheeltec/wheeltec_robot/install/astra_camera_msgs/include/astra_camera_msgs/astra_camera_msgs/srv/detail/get_camera_params__rosidl_typesupport_fastrtps_c.h
[5.724s] -- Up-to-date symlink: /home/wheeltec/wheeltec_robot/install/astra_camera_msgs/include/astra_camera_msgs/astra_camera_msgs/srv/detail/get_device_info__rosidl_typesupport_fastrtps_c.h
[5.724s] -- Up-to-date symlink: /home/wheeltec/wheeltec_robot/install/astra_camera_msgs/include/astra_camera_msgs/astra_camera_msgs/srv/detail/get_int32__rosidl_typesupport_fastrtps_c.h
[5.724s] -- Up-to-date symlink: /home/wheeltec/wheeltec_robot/install/astra_camera_msgs/include/astra_camera_msgs/astra_camera_msgs/srv/detail/get_string__rosidl_typesupport_fastrtps_c.h
[5.725s] -- Up-to-date symlink: /home/wheeltec/wheeltec_robot/install/astra_camera_msgs/include/astra_camera_msgs/astra_camera_msgs/srv/detail/set_int32__rosidl_typesupport_fastrtps_c.h
[5.725s] -- Up-to-date symlink: /home/wheeltec/wheeltec_robot/install/astra_camera_msgs/include/astra_camera_msgs/astra_camera_msgs/msg/detail/device_info__rosidl_typesupport_introspection_c.h
[5.725s] -- Up-to-date symlink: /home/wheeltec/wheeltec_robot/install/astra_camera_msgs/include/astra_camera_msgs/astra_camera_msgs/msg/detail/extrinsics__rosidl_typesupport_introspection_c.h
[5.725s] -- Up-to-date symlink: /home/wheeltec/wheeltec_robot/install/astra_camera_msgs/include/astra_camera_msgs/astra_camera_msgs/msg/detail/metadata__rosidl_typesupport_introspection_c.h
[5.725s] -- Up-to-date symlink: /home/wheeltec/wheeltec_robot/install/astra_camera_msgs/include/astra_camera_msgs/astra_camera_msgs/msg/rosidl_typesupport_introspection_c__visibility_control.h
[5.725s] -- Up-to-date symlink: /home/wheeltec/wheeltec_robot/install/astra_camera_msgs/include/astra_camera_msgs/astra_camera_msgs/srv/detail/get_camera_info__rosidl_typesupport_introspection_c.h
[5.725s] -- Up-to-date symlink: /home/wheeltec/wheeltec_robot/install/astra_camera_msgs/include/astra_camera_msgs/astra_camera_msgs/srv/detail/get_camera_params__rosidl_typesupport_introspection_c.h
[5.725s] -- Up-to-date symlink: /home/wheeltec/wheeltec_robot/install/astra_camera_msgs/include/astra_camera_msgs/astra_camera_msgs/srv/detail/get_device_info__rosidl_typesupport_introspection_c.h
[5.725s] -- Up-to-date symlink: /home/wheeltec/wheeltec_robot/install/astra_camera_msgs/include/astra_camera_msgs/astra_camera_msgs/srv/detail/get_int32__rosidl_typesupport_introspection_c.h
[5.725s] -- Up-to-date symlink: /home/wheeltec/wheeltec_robot/install/astra_camera_msgs/include/astra_camera_msgs/astra_camera_msgs/srv/detail/get_string__rosidl_typesupport_introspection_c.h
[5.726s] -- Up-to-date symlink: /home/wheeltec/wheeltec_robot/install/astra_camera_msgs/include/astra_camera_msgs/astra_camera_msgs/srv/detail/set_int32__rosidl_typesupport_introspection_c.h
[5.726s] -- Up-to-date symlink: /home/wheeltec/wheeltec_robot/install/astra_camera_msgs/include/astra_camera_msgs/astra_camera_msgs/msg/detail/device_info__builder.hpp
[5.726s] -- Up-to-date symlink: /home/wheeltec/wheeltec_robot/install/astra_camera_msgs/include/astra_camera_msgs/astra_camera_msgs/msg/detail/device_info__struct.hpp
[5.726s] -- Up-to-date symlink: /home/wheeltec/wheeltec_robot/install/astra_camera_msgs/include/astra_camera_msgs/astra_camera_msgs/msg/detail/device_info__traits.hpp
[5.726s] -- Up-to-date symlink: /home/wheeltec/wheeltec_robot/install/astra_camera_msgs/include/astra_camera_msgs/astra_camera_msgs/msg/detail/device_info__type_support.hpp
[5.726s] -- Up-to-date symlink: /home/wheeltec/wheeltec_robot/install/astra_camera_msgs/include/astra_camera_msgs/astra_camera_msgs/msg/detail/extrinsics__builder.hpp
[5.727s] -- Up-to-date symlink: /home/wheeltec/wheeltec_robot/install/astra_camera_msgs/include/astra_camera_msgs/astra_camera_msgs/msg/detail/extrinsics__struct.hpp
[5.729s] -- Up-to-date symlink: /home/wheeltec/wheeltec_robot/install/astra_camera_msgs/include/astra_camera_msgs/astra_camera_msgs/msg/detail/extrinsics__traits.hpp
[5.730s] -- Up-to-date symlink: /home/wheeltec/wheeltec_robot/install/astra_camera_msgs/include/astra_camera_msgs/astra_camera_msgs/msg/detail/extrinsics__type_support.hpp
[5.730s] -- Up-to-date symlink: /home/wheeltec/wheeltec_robot/install/astra_camera_msgs/include/astra_camera_msgs/astra_camera_msgs/msg/detail/metadata__builder.hpp
[5.730s] -- Up-to-date symlink: /home/wheeltec/wheeltec_robot/install/astra_camera_msgs/include/astra_camera_msgs/astra_camera_msgs/msg/detail/metadata__struct.hpp
[5.730s] -- Up-to-date symlink: /home/wheeltec/wheeltec_robot/install/astra_camera_msgs/include/astra_camera_msgs/astra_camera_msgs/msg/detail/metadata__traits.hpp
[5.730s] -- Up-to-date symlink: /home/wheeltec/wheeltec_robot/install/astra_camera_msgs/include/astra_camera_msgs/astra_camera_msgs/msg/detail/metadata__type_support.hpp
[5.730s] -- Up-to-date symlink: /home/wheeltec/wheeltec_robot/install/astra_camera_msgs/include/astra_camera_msgs/astra_camera_msgs/msg/device_info.hpp
[5.730s] -- Up-to-date symlink: /home/wheeltec/wheeltec_robot/install/astra_camera_msgs/include/astra_camera_msgs/astra_camera_msgs/msg/extrinsics.hpp
[5.730s] -- Up-to-date symlink: /home/wheeltec/wheeltec_robot/install/astra_camera_msgs/include/astra_camera_msgs/astra_camera_msgs/msg/metadata.hpp
[5.731s] -- Up-to-date symlink: /home/wheeltec/wheeltec_robot/install/astra_camera_msgs/include/astra_camera_msgs/astra_camera_msgs/msg/rosidl_generator_cpp__visibility_control.hpp
[5.731s] -- Up-to-date symlink: /home/wheeltec/wheeltec_robot/install/astra_camera_msgs/include/astra_camera_msgs/astra_camera_msgs/srv/detail/get_camera_info__builder.hpp
[5.731s] -- Up-to-date symlink: /home/wheeltec/wheeltec_robot/install/astra_camera_msgs/include/astra_camera_msgs/astra_camera_msgs/srv/detail/get_camera_info__struct.hpp
[5.731s] -- Up-to-date symlink: /home/wheeltec/wheeltec_robot/install/astra_camera_msgs/include/astra_camera_msgs/astra_camera_msgs/srv/detail/get_camera_info__traits.hpp
[5.731s] -- Up-to-date symlink: /home/wheeltec/wheeltec_robot/install/astra_camera_msgs/include/astra_camera_msgs/astra_camera_msgs/srv/detail/get_camera_info__type_support.hpp
[5.731s] -- Up-to-date symlink: /home/wheeltec/wheeltec_robot/install/astra_camera_msgs/include/astra_camera_msgs/astra_camera_msgs/srv/detail/get_camera_params__builder.hpp
[5.731s] -- Up-to-date symlink: /home/wheeltec/wheeltec_robot/install/astra_camera_msgs/include/astra_camera_msgs/astra_camera_msgs/srv/detail/get_camera_params__struct.hpp
[5.731s] -- Up-to-date symlink: /home/wheeltec/wheeltec_robot/install/astra_camera_msgs/include/astra_camera_msgs/astra_camera_msgs/srv/detail/get_camera_params__traits.hpp
[5.731s] -- Up-to-date symlink: /home/wheeltec/wheeltec_robot/install/astra_camera_msgs/include/astra_camera_msgs/astra_camera_msgs/srv/detail/get_camera_params__type_support.hpp
[5.731s] -- Up-to-date symlink: /home/wheeltec/wheeltec_robot/install/astra_camera_msgs/include/astra_camera_msgs/astra_camera_msgs/srv/detail/get_device_info__builder.hpp
[5.732s] -- Up-to-date symlink: /home/wheeltec/wheeltec_robot/install/astra_camera_msgs/include/astra_camera_msgs/astra_camera_msgs/srv/detail/get_device_info__struct.hpp
[5.732s] -- Up-to-date symlink: /home/wheeltec/wheeltec_robot/install/astra_camera_msgs/include/astra_camera_msgs/astra_camera_msgs/srv/detail/get_device_info__traits.hpp
[5.732s] -- Up-to-date symlink: /home/wheeltec/wheeltec_robot/install/astra_camera_msgs/include/astra_camera_msgs/astra_camera_msgs/srv/detail/get_device_info__type_support.hpp
[5.732s] -- Up-to-date symlink: /home/wheeltec/wheeltec_robot/install/astra_camera_msgs/include/astra_camera_msgs/astra_camera_msgs/srv/detail/get_int32__builder.hpp
[5.732s] -- Up-to-date symlink: /home/wheeltec/wheeltec_robot/install/astra_camera_msgs/include/astra_camera_msgs/astra_camera_msgs/srv/detail/get_int32__struct.hpp
[5.732s] -- Up-to-date symlink: /home/wheeltec/wheeltec_robot/install/astra_camera_msgs/include/astra_camera_msgs/astra_camera_msgs/srv/detail/get_int32__traits.hpp
[5.732s] -- Up-to-date symlink: /home/wheeltec/wheeltec_robot/install/astra_camera_msgs/include/astra_camera_msgs/astra_camera_msgs/srv/detail/get_int32__type_support.hpp
[5.732s] -- Up-to-date symlink: /home/wheeltec/wheeltec_robot/install/astra_camera_msgs/include/astra_camera_msgs/astra_camera_msgs/srv/detail/get_string__builder.hpp
[5.732s] -- Up-to-date symlink: /home/wheeltec/wheeltec_robot/install/astra_camera_msgs/include/astra_camera_msgs/astra_camera_msgs/srv/detail/get_string__struct.hpp
[5.732s] -- Up-to-date symlink: /home/wheeltec/wheeltec_robot/install/astra_camera_msgs/include/astra_camera_msgs/astra_camera_msgs/srv/detail/get_string__traits.hpp
[5.733s] -- Up-to-date symlink: /home/wheeltec/wheeltec_robot/install/astra_camera_msgs/include/astra_camera_msgs/astra_camera_msgs/srv/detail/get_string__type_support.hpp
[5.733s] -- Up-to-date symlink: /home/wheeltec/wheeltec_robot/install/astra_camera_msgs/include/astra_camera_msgs/astra_camera_msgs/srv/detail/set_int32__builder.hpp
[5.733s] -- Up-to-date symlink: /home/wheeltec/wheeltec_robot/install/astra_camera_msgs/include/astra_camera_msgs/astra_camera_msgs/srv/detail/set_int32__struct.hpp
[5.733s] -- Up-to-date symlink: /home/wheeltec/wheeltec_robot/install/astra_camera_msgs/include/astra_camera_msgs/astra_camera_msgs/srv/detail/set_int32__traits.hpp
[5.733s] -- Up-to-date symlink: /home/wheeltec/wheeltec_robot/install/astra_camera_msgs/include/astra_camera_msgs/astra_camera_msgs/srv/detail/set_int32__type_support.hpp
[5.733s] -- Up-to-date symlink: /home/wheeltec/wheeltec_robot/install/astra_camera_msgs/include/astra_camera_msgs/astra_camera_msgs/srv/get_camera_info.hpp
[5.733s] -- Up-to-date symlink: /home/wheeltec/wheeltec_robot/install/astra_camera_msgs/include/astra_camera_msgs/astra_camera_msgs/srv/get_camera_params.hpp
[5.733s] -- Up-to-date symlink: /home/wheeltec/wheeltec_robot/install/astra_camera_msgs/include/astra_camera_msgs/astra_camera_msgs/srv/get_device_info.hpp
[5.734s] -- Up-to-date symlink: /home/wheeltec/wheeltec_robot/install/astra_camera_msgs/include/astra_camera_msgs/astra_camera_msgs/srv/get_int32.hpp
[5.734s] -- Up-to-date symlink: /home/wheeltec/wheeltec_robot/install/astra_camera_msgs/include/astra_camera_msgs/astra_camera_msgs/srv/get_string.hpp
[5.734s] -- Up-to-date symlink: /home/wheeltec/wheeltec_robot/install/astra_camera_msgs/include/astra_camera_msgs/astra_camera_msgs/srv/set_int32.hpp
[5.734s] -- Up-to-date symlink: /home/wheeltec/wheeltec_robot/install/astra_camera_msgs/include/astra_camera_msgs/astra_camera_msgs/msg/detail/device_info__rosidl_typesupport_fastrtps_cpp.hpp
[5.734s] -- Up-to-date symlink: /home/wheeltec/wheeltec_robot/install/astra_camera_msgs/include/astra_camera_msgs/astra_camera_msgs/msg/detail/extrinsics__rosidl_typesupport_fastrtps_cpp.hpp
[5.734s] -- Up-to-date symlink: /home/wheeltec/wheeltec_robot/install/astra_camera_msgs/include/astra_camera_msgs/astra_camera_msgs/msg/detail/metadata__rosidl_typesupport_fastrtps_cpp.hpp
[5.734s] -- Up-to-date symlink: /home/wheeltec/wheeltec_robot/install/astra_camera_msgs/include/astra_camera_msgs/astra_camera_msgs/msg/rosidl_typesupport_fastrtps_cpp__visibility_control.h
[5.734s] -- Up-to-date symlink: /home/wheeltec/wheeltec_robot/install/astra_camera_msgs/include/astra_camera_msgs/astra_camera_msgs/srv/detail/get_camera_info__rosidl_typesupport_fastrtps_cpp.hpp
[5.734s] -- Up-to-date symlink: /home/wheeltec/wheeltec_robot/install/astra_camera_msgs/include/astra_camera_msgs/astra_camera_msgs/srv/detail/get_camera_params__rosidl_typesupport_fastrtps_cpp.hpp
[5.734s] -- Up-to-date symlink: /home/wheeltec/wheeltec_robot/install/astra_camera_msgs/include/astra_camera_msgs/astra_camera_msgs/srv/detail/get_device_info__rosidl_typesupport_fastrtps_cpp.hpp
[5.734s] -- Up-to-date symlink: /home/wheeltec/wheeltec_robot/install/astra_camera_msgs/include/astra_camera_msgs/astra_camera_msgs/srv/detail/get_int32__rosidl_typesupport_fastrtps_cpp.hpp
[5.735s] -- Up-to-date symlink: /home/wheeltec/wheeltec_robot/install/astra_camera_msgs/include/astra_camera_msgs/astra_camera_msgs/srv/detail/get_string__rosidl_typesupport_fastrtps_cpp.hpp
[5.735s] -- Up-to-date symlink: /home/wheeltec/wheeltec_robot/install/astra_camera_msgs/include/astra_camera_msgs/astra_camera_msgs/srv/detail/set_int32__rosidl_typesupport_fastrtps_cpp.hpp
[5.735s] -- Up-to-date symlink: /home/wheeltec/wheeltec_robot/install/astra_camera_msgs/include/astra_camera_msgs/astra_camera_msgs/msg/detail/device_info__rosidl_typesupport_introspection_cpp.hpp
[5.735s] -- Up-to-date symlink: /home/wheeltec/wheeltec_robot/install/astra_camera_msgs/include/astra_camera_msgs/astra_camera_msgs/msg/detail/extrinsics__rosidl_typesupport_introspection_cpp.hpp
[5.735s] -- Up-to-date symlink: /home/wheeltec/wheeltec_robot/install/astra_camera_msgs/include/astra_camera_msgs/astra_camera_msgs/msg/detail/metadata__rosidl_typesupport_introspection_cpp.hpp
[5.735s] -- Up-to-date symlink: /home/wheeltec/wheeltec_robot/install/astra_camera_msgs/include/astra_camera_msgs/astra_camera_msgs/srv/detail/get_camera_info__rosidl_typesupport_introspection_cpp.hpp
[5.735s] -- Up-to-date symlink: /home/wheeltec/wheeltec_robot/install/astra_camera_msgs/include/astra_camera_msgs/astra_camera_msgs/srv/detail/get_camera_params__rosidl_typesupport_introspection_cpp.hpp
[5.735s] -- Up-to-date symlink: /home/wheeltec/wheeltec_robot/install/astra_camera_msgs/include/astra_camera_msgs/astra_camera_msgs/srv/detail/get_device_info__rosidl_typesupport_introspection_cpp.hpp
[5.735s] -- Up-to-date symlink: /home/wheeltec/wheeltec_robot/install/astra_camera_msgs/include/astra_camera_msgs/astra_camera_msgs/srv/detail/get_int32__rosidl_typesupport_introspection_cpp.hpp
[5.736s] -- Up-to-date symlink: /home/wheeltec/wheeltec_robot/install/astra_camera_msgs/include/astra_camera_msgs/astra_camera_msgs/srv/detail/get_string__rosidl_typesupport_introspection_cpp.hpp
[5.736s] -- Up-to-date symlink: /home/wheeltec/wheeltec_robot/install/astra_camera_msgs/include/astra_camera_msgs/astra_camera_msgs/srv/detail/set_int32__rosidl_typesupport_introspection_cpp.hpp
[5.736s] -- Up-to-date symlink: /home/wheeltec/wheeltec_robot/install/astra_camera_msgs/share/astra_camera_msgs/environment/pythonpath.sh
[5.736s] -- Up-to-date symlink: /home/wheeltec/wheeltec_robot/install/astra_camera_msgs/share/astra_camera_msgs/environment/pythonpath.dsv
[5.736s] -- Up-to-date symlink: /home/wheeltec/wheeltec_robot/install/astra_camera_msgs/local/lib/python3.10/dist-packages/astra_camera_msgs-1.0.1-py3.10.egg-info/PKG-INFO
[5.736s] -- Up-to-date symlink: /home/wheeltec/wheeltec_robot/install/astra_camera_msgs/local/lib/python3.10/dist-packages/astra_camera_msgs-1.0.1-py3.10.egg-info/SOURCES.txt
[5.736s] -- Up-to-date symlink: /home/wheeltec/wheeltec_robot/install/astra_camera_msgs/local/lib/python3.10/dist-packages/astra_camera_msgs-1.0.1-py3.10.egg-info/dependency_links.txt
[5.736s] -- Up-to-date symlink: /home/wheeltec/wheeltec_robot/install/astra_camera_msgs/local/lib/python3.10/dist-packages/astra_camera_msgs-1.0.1-py3.10.egg-info/top_level.txt
[5.736s] -- Up-to-date symlink: /home/wheeltec/wheeltec_robot/install/astra_camera_msgs/local/lib/python3.10/dist-packages/astra_camera_msgs/__init__.py
[5.737s] -- Up-to-date symlink: /home/wheeltec/wheeltec_robot/install/astra_camera_msgs/local/lib/python3.10/dist-packages/astra_camera_msgs/_astra_camera_msgs_s.ep.rosidl_typesupport_c.c
[5.737s] -- Up-to-date symlink: /home/wheeltec/wheeltec_robot/install/astra_camera_msgs/local/lib/python3.10/dist-packages/astra_camera_msgs/_astra_camera_msgs_s.ep.rosidl_typesupport_fastrtps_c.c
[5.737s] -- Up-to-date symlink: /home/wheeltec/wheeltec_robot/install/astra_camera_msgs/local/lib/python3.10/dist-packages/astra_camera_msgs/_astra_camera_msgs_s.ep.rosidl_typesupport_introspection_c.c
[5.737s] -- Up-to-date symlink: /home/wheeltec/wheeltec_robot/install/astra_camera_msgs/local/lib/python3.10/dist-packages/astra_camera_msgs/astra_camera_msgs_s__rosidl_typesupport_c.cpython-310-aarch64-linux-gnu.so
[5.737s] -- Up-to-date symlink: /home/wheeltec/wheeltec_robot/install/astra_camera_msgs/local/lib/python3.10/dist-packages/astra_camera_msgs/astra_camera_msgs_s__rosidl_typesupport_fastrtps_c.cpython-310-aarch64-linux-gnu.so
[5.737s] -- Up-to-date symlink: /home/wheeltec/wheeltec_robot/install/astra_camera_msgs/local/lib/python3.10/dist-packages/astra_camera_msgs/astra_camera_msgs_s__rosidl_typesupport_introspection_c.cpython-310-aarch64-linux-gnu.so
[5.737s] -- Up-to-date symlink: /home/wheeltec/wheeltec_robot/install/astra_camera_msgs/local/lib/python3.10/dist-packages/astra_camera_msgs/libastra_camera_msgs__rosidl_generator_py.so
[5.737s] -- Up-to-date symlink: /home/wheeltec/wheeltec_robot/install/astra_camera_msgs/local/lib/python3.10/dist-packages/astra_camera_msgs/msg/__init__.py
[5.737s] -- Up-to-date symlink: /home/wheeltec/wheeltec_robot/install/astra_camera_msgs/local/lib/python3.10/dist-packages/astra_camera_msgs/msg/_device_info.py
[5.737s] -- Up-to-date symlink: /home/wheeltec/wheeltec_robot/install/astra_camera_msgs/local/lib/python3.10/dist-packages/astra_camera_msgs/msg/_device_info_s.c
[5.738s] -- Up-to-date symlink: /home/wheeltec/wheeltec_robot/install/astra_camera_msgs/local/lib/python3.10/dist-packages/astra_camera_msgs/msg/_extrinsics.py
[5.738s] -- Up-to-date symlink: /home/wheeltec/wheeltec_robot/install/astra_camera_msgs/local/lib/python3.10/dist-packages/astra_camera_msgs/msg/_extrinsics_s.c
[5.738s] -- Up-to-date symlink: /home/wheeltec/wheeltec_robot/install/astra_camera_msgs/local/lib/python3.10/dist-packages/astra_camera_msgs/msg/_metadata.py
[5.738s] -- Up-to-date symlink: /home/wheeltec/wheeltec_robot/install/astra_camera_msgs/local/lib/python3.10/dist-packages/astra_camera_msgs/msg/_metadata_s.c
[5.738s] -- Up-to-date symlink: /home/wheeltec/wheeltec_robot/install/astra_camera_msgs/local/lib/python3.10/dist-packages/astra_camera_msgs/srv/__init__.py
[5.738s] -- Up-to-date symlink: /home/wheeltec/wheeltec_robot/install/astra_camera_msgs/local/lib/python3.10/dist-packages/astra_camera_msgs/srv/_get_camera_info.py
[5.738s] -- Up-to-date symlink: /home/wheeltec/wheeltec_robot/install/astra_camera_msgs/local/lib/python3.10/dist-packages/astra_camera_msgs/srv/_get_camera_info_s.c
[5.738s] -- Up-to-date symlink: /home/wheeltec/wheeltec_robot/install/astra_camera_msgs/local/lib/python3.10/dist-packages/astra_camera_msgs/srv/_get_camera_params.py
[5.738s] -- Up-to-date symlink: /home/wheeltec/wheeltec_robot/install/astra_camera_msgs/local/lib/python3.10/dist-packages/astra_camera_msgs/srv/_get_camera_params_s.c
[5.738s] -- Up-to-date symlink: /home/wheeltec/wheeltec_robot/install/astra_camera_msgs/local/lib/python3.10/dist-packages/astra_camera_msgs/srv/_get_device_info.py
[5.740s] -- Up-to-date symlink: /home/wheeltec/wheeltec_robot/install/astra_camera_msgs/local/lib/python3.10/dist-packages/astra_camera_msgs/srv/_get_device_info_s.c
[5.740s] -- Up-to-date symlink: /home/wheeltec/wheeltec_robot/install/astra_camera_msgs/local/lib/python3.10/dist-packages/astra_camera_msgs/srv/_get_int32.py
[5.740s] -- Up-to-date symlink: /home/wheeltec/wheeltec_robot/install/astra_camera_msgs/local/lib/python3.10/dist-packages/astra_camera_msgs/srv/_get_int32_s.c
[5.740s] -- Up-to-date symlink: /home/wheeltec/wheeltec_robot/install/astra_camera_msgs/local/lib/python3.10/dist-packages/astra_camera_msgs/srv/_get_string.py
[5.740s] -- Up-to-date symlink: /home/wheeltec/wheeltec_robot/install/astra_camera_msgs/local/lib/python3.10/dist-packages/astra_camera_msgs/srv/_get_string_s.c
[5.740s] -- Up-to-date symlink: /home/wheeltec/wheeltec_robot/install/astra_camera_msgs/local/lib/python3.10/dist-packages/astra_camera_msgs/srv/_set_int32.py
[5.740s] -- Up-to-date symlink: /home/wheeltec/wheeltec_robot/install/astra_camera_msgs/local/lib/python3.10/dist-packages/astra_camera_msgs/srv/_set_int32_s.c
[5.741s] -- Up-to-date symlink: /home/wheeltec/wheeltec_robot/install/astra_camera_msgs/local/lib/python3.10/dist-packages/astra_camera_msgs/astra_camera_msgs_s__rosidl_typesupport_fastrtps_c.cpython-310-aarch64-linux-gnu.so
[5.741s] -- Up-to-date symlink: /home/wheeltec/wheeltec_robot/install/astra_camera_msgs/local/lib/python3.10/dist-packages/astra_camera_msgs/astra_camera_msgs_s__rosidl_typesupport_introspection_c.cpython-310-aarch64-linux-gnu.so
[5.741s] -- Up-to-date symlink: /home/wheeltec/wheeltec_robot/install/astra_camera_msgs/local/lib/python3.10/dist-packages/astra_camera_msgs/astra_camera_msgs_s__rosidl_typesupport_c.cpython-310-aarch64-linux-gnu.so
[5.741s] -- Up-to-date symlink: /home/wheeltec/wheeltec_robot/install/astra_camera_msgs/share/astra_camera_msgs/msg/DeviceInfo.idl
[5.741s] -- Up-to-date symlink: /home/wheeltec/wheeltec_robot/install/astra_camera_msgs/share/astra_camera_msgs/msg/Extrinsics.idl
[5.741s] -- Up-to-date symlink: /home/wheeltec/wheeltec_robot/install/astra_camera_msgs/share/astra_camera_msgs/msg/Metadata.idl
[5.741s] -- Up-to-date symlink: /home/wheeltec/wheeltec_robot/install/astra_camera_msgs/share/astra_camera_msgs/srv/GetDeviceInfo.idl
[5.741s] -- Up-to-date symlink: /home/wheeltec/wheeltec_robot/install/astra_camera_msgs/share/astra_camera_msgs/srv/GetCameraInfo.idl
[5.741s] -- Up-to-date symlink: /home/wheeltec/wheeltec_robot/install/astra_camera_msgs/share/astra_camera_msgs/srv/GetCameraParams.idl
[5.742s] -- Up-to-date symlink: /home/wheeltec/wheeltec_robot/install/astra_camera_msgs/share/astra_camera_msgs/srv/GetInt32.idl
[5.742s] -- Up-to-date symlink: /home/wheeltec/wheeltec_robot/install/astra_camera_msgs/share/astra_camera_msgs/srv/GetString.idl
[5.742s] -- Up-to-date symlink: /home/wheeltec/wheeltec_robot/install/astra_camera_msgs/share/astra_camera_msgs/srv/SetInt32.idl
[5.742s] -- Up-to-date symlink: /home/wheeltec/wheeltec_robot/install/astra_camera_msgs/share/astra_camera_msgs/msg/DeviceInfo.msg
[5.742s] -- Up-to-date symlink: /home/wheeltec/wheeltec_robot/install/astra_camera_msgs/share/astra_camera_msgs/msg/Extrinsics.msg
[5.742s] -- Up-to-date symlink: /home/wheeltec/wheeltec_robot/install/astra_camera_msgs/share/astra_camera_msgs/msg/Metadata.msg
[5.742s] -- Up-to-date symlink: /home/wheeltec/wheeltec_robot/install/astra_camera_msgs/share/astra_camera_msgs/srv/GetDeviceInfo.srv
[5.742s] -- Up-to-date symlink: /home/wheeltec/wheeltec_robot/install/astra_camera_msgs/share/astra_camera_msgs/srv/GetDeviceInfo_Request.msg
[5.742s] -- Up-to-date symlink: /home/wheeltec/wheeltec_robot/install/astra_camera_msgs/share/astra_camera_msgs/srv/GetDeviceInfo_Response.msg
[5.743s] -- Up-to-date symlink: /home/wheeltec/wheeltec_robot/install/astra_camera_msgs/share/astra_camera_msgs/srv/GetCameraInfo.srv
[5.743s] -- Up-to-date symlink: /home/wheeltec/wheeltec_robot/install/astra_camera_msgs/share/astra_camera_msgs/srv/GetCameraInfo_Request.msg
[5.743s] -- Up-to-date symlink: /home/wheeltec/wheeltec_robot/install/astra_camera_msgs/share/astra_camera_msgs/srv/GetCameraInfo_Response.msg
[5.743s] -- Up-to-date symlink: /home/wheeltec/wheeltec_robot/install/astra_camera_msgs/share/astra_camera_msgs/srv/GetCameraParams.srv
[5.743s] -- Up-to-date symlink: /home/wheeltec/wheeltec_robot/install/astra_camera_msgs/share/astra_camera_msgs/srv/GetCameraParams_Request.msg
[5.743s] -- Up-to-date symlink: /home/wheeltec/wheeltec_robot/install/astra_camera_msgs/share/astra_camera_msgs/srv/GetCameraParams_Response.msg
[5.745s] -- Up-to-date symlink: /home/wheeltec/wheeltec_robot/install/astra_camera_msgs/share/astra_camera_msgs/srv/GetInt32.srv
[5.746s] -- Up-to-date symlink: /home/wheeltec/wheeltec_robot/install/astra_camera_msgs/share/astra_camera_msgs/srv/GetInt32_Request.msg
[5.746s] -- Up-to-date symlink: /home/wheeltec/wheeltec_robot/install/astra_camera_msgs/share/astra_camera_msgs/srv/GetInt32_Response.msg
[5.746s] -- Up-to-date symlink: /home/wheeltec/wheeltec_robot/install/astra_camera_msgs/share/astra_camera_msgs/srv/GetString.srv
[5.746s] -- Up-to-date symlink: /home/wheeltec/wheeltec_robot/install/astra_camera_msgs/share/astra_camera_msgs/srv/GetString_Request.msg
[5.746s] -- Up-to-date symlink: /home/wheeltec/wheeltec_robot/install/astra_camera_msgs/share/astra_camera_msgs/srv/GetString_Response.msg
[5.746s] -- Up-to-date symlink: /home/wheeltec/wheeltec_robot/install/astra_camera_msgs/share/astra_camera_msgs/srv/SetInt32.srv
[5.746s] -- Up-to-date symlink: /home/wheeltec/wheeltec_robot/install/astra_camera_msgs/share/astra_camera_msgs/srv/SetInt32_Request.msg
[5.746s] -- Up-to-date symlink: /home/wheeltec/wheeltec_robot/install/astra_camera_msgs/share/astra_camera_msgs/srv/SetInt32_Response.msg
[5.746s] -- Up-to-date symlink: /home/wheeltec/wheeltec_robot/install/astra_camera_msgs/share/ament_index/resource_index/package_run_dependencies/astra_camera_msgs
[5.747s] -- Up-to-date symlink: /home/wheeltec/wheeltec_robot/install/astra_camera_msgs/share/ament_index/resource_index/parent_prefix_path/astra_camera_msgs
[5.747s] -- Up-to-date symlink: /home/wheeltec/wheeltec_robot/install/astra_camera_msgs/share/astra_camera_msgs/environment/ament_prefix_path.sh
[5.747s] -- Up-to-date symlink: /home/wheeltec/wheeltec_robot/install/astra_camera_msgs/share/astra_camera_msgs/environment/ament_prefix_path.dsv
[5.747s] -- Up-to-date symlink: /home/wheeltec/wheeltec_robot/install/astra_camera_msgs/share/astra_camera_msgs/environment/path.sh
[5.747s] -- Up-to-date symlink: /home/wheeltec/wheeltec_robot/install/astra_camera_msgs/share/astra_camera_msgs/environment/path.dsv
[5.747s] -- Up-to-date symlink: /home/wheeltec/wheeltec_robot/install/astra_camera_msgs/share/astra_camera_msgs/local_setup.bash
[5.747s] -- Up-to-date symlink: /home/wheeltec/wheeltec_robot/install/astra_camera_msgs/share/astra_camera_msgs/local_setup.sh
[5.747s] -- Up-to-date symlink: /home/wheeltec/wheeltec_robot/install/astra_camera_msgs/share/astra_camera_msgs/local_setup.zsh
[5.747s] -- Up-to-date symlink: /home/wheeltec/wheeltec_robot/install/astra_camera_msgs/share/astra_camera_msgs/local_setup.dsv
[5.748s] -- Symlinking: /home/wheeltec/wheeltec_robot/install/astra_camera_msgs/share/astra_camera_msgs/package.dsv
[5.748s] -- Up-to-date symlink: /home/wheeltec/wheeltec_robot/install/astra_camera_msgs/share/ament_index/resource_index/packages/astra_camera_msgs
[5.748s] -- Up-to-date symlink: /home/wheeltec/wheeltec_robot/install/astra_camera_msgs/share/astra_camera_msgs/cmake/rosidl_cmake-extras.cmake
[5.748s] -- Up-to-date symlink: /home/wheeltec/wheeltec_robot/install/astra_camera_msgs/share/astra_camera_msgs/cmake/ament_cmake_export_dependencies-extras.cmake
[5.748s] -- Up-to-date symlink: /home/wheeltec/wheeltec_robot/install/astra_camera_msgs/share/astra_camera_msgs/cmake/ament_cmake_export_include_directories-extras.cmake
[5.748s] -- Up-to-date symlink: /home/wheeltec/wheeltec_robot/install/astra_camera_msgs/share/astra_camera_msgs/cmake/ament_cmake_export_libraries-extras.cmake
[5.748s] -- Up-to-date symlink: /home/wheeltec/wheeltec_robot/install/astra_camera_msgs/share/astra_camera_msgs/cmake/ament_cmake_export_targets-extras.cmake
[5.748s] -- Up-to-date symlink: /home/wheeltec/wheeltec_robot/install/astra_camera_msgs/share/astra_camera_msgs/cmake/rosidl_cmake_export_typesupport_targets-extras.cmake
[5.748s] -- Up-to-date symlink: /home/wheeltec/wheeltec_robot/install/astra_camera_msgs/share/astra_camera_msgs/cmake/rosidl_cmake_export_typesupport_libraries-extras.cmake
[5.748s] -- Up-to-date symlink: /home/wheeltec/wheeltec_robot/install/astra_camera_msgs/share/astra_camera_msgs/cmake/astra_camera_msgsConfig.cmake
[5.749s] -- Up-to-date symlink: /home/wheeltec/wheeltec_robot/install/astra_camera_msgs/share/astra_camera_msgs/cmake/astra_camera_msgsConfig-version.cmake
[5.749s] -- Up-to-date symlink: /home/wheeltec/wheeltec_robot/install/astra_camera_msgs/share/astra_camera_msgs/package.xml
[5.749s] -- Up-to-date: /home/wheeltec/wheeltec_robot/install/astra_camera_msgs/lib/libastra_camera_msgs__rosidl_generator_c.so
[5.749s] -- Up-to-date: /home/wheeltec/wheeltec_robot/install/astra_camera_msgs/lib/libastra_camera_msgs__rosidl_typesupport_fastrtps_c.so
[5.749s] -- Up-to-date: /home/wheeltec/wheeltec_robot/install/astra_camera_msgs/lib/libastra_camera_msgs__rosidl_typesupport_introspection_c.so
[5.749s] -- Up-to-date: /home/wheeltec/wheeltec_robot/install/astra_camera_msgs/lib/libastra_camera_msgs__rosidl_typesupport_c.so
[5.749s] -- Up-to-date: /home/wheeltec/wheeltec_robot/install/astra_camera_msgs/lib/libastra_camera_msgs__rosidl_typesupport_fastrtps_cpp.so
[5.749s] -- Up-to-date: /home/wheeltec/wheeltec_robot/install/astra_camera_msgs/lib/libastra_camera_msgs__rosidl_typesupport_introspection_cpp.so
[5.749s] -- Up-to-date: /home/wheeltec/wheeltec_robot/install/astra_camera_msgs/lib/libastra_camera_msgs__rosidl_typesupport_cpp.so
[5.840s] Listing '/home/wheeltec/wheeltec_robot/install/astra_camera_msgs/local/lib/python3.10/dist-packages/astra_camera_msgs'...
[5.840s] Compiling '/home/wheeltec/wheeltec_robot/install/astra_camera_msgs/local/lib/python3.10/dist-packages/astra_camera_msgs/__init__.py'...
[5.840s] Listing '/home/wheeltec/wheeltec_robot/install/astra_camera_msgs/local/lib/python3.10/dist-packages/astra_camera_msgs/msg'...
[5.840s] Listing '/home/wheeltec/wheeltec_robot/install/astra_camera_msgs/local/lib/python3.10/dist-packages/astra_camera_msgs/srv'...
[5.852s] -- Up-to-date: /home/wheeltec/wheeltec_robot/install/astra_camera_msgs/lib/libastra_camera_msgs__rosidl_generator_py.so
[5.852s] -- Up-to-date: /home/wheeltec/wheeltec_robot/install/astra_camera_msgs/share/astra_camera_msgs/cmake/export_astra_camera_msgs__rosidl_generator_cExport.cmake
[5.853s] -- Up-to-date: /home/wheeltec/wheeltec_robot/install/astra_camera_msgs/share/astra_camera_msgs/cmake/export_astra_camera_msgs__rosidl_generator_cExport-noconfig.cmake
[5.853s] -- Up-to-date: /home/wheeltec/wheeltec_robot/install/astra_camera_msgs/share/astra_camera_msgs/cmake/export_astra_camera_msgs__rosidl_typesupport_fastrtps_cExport.cmake
[5.854s] -- Up-to-date: /home/wheeltec/wheeltec_robot/install/astra_camera_msgs/share/astra_camera_msgs/cmake/export_astra_camera_msgs__rosidl_typesupport_fastrtps_cExport-noconfig.cmake
[5.854s] -- Up-to-date: /home/wheeltec/wheeltec_robot/install/astra_camera_msgs/share/astra_camera_msgs/cmake/astra_camera_msgs__rosidl_typesupport_introspection_cExport.cmake
[5.854s] -- Up-to-date: /home/wheeltec/wheeltec_robot/install/astra_camera_msgs/share/astra_camera_msgs/cmake/astra_camera_msgs__rosidl_typesupport_introspection_cExport-noconfig.cmake
[5.854s] -- Up-to-date: /home/wheeltec/wheeltec_robot/install/astra_camera_msgs/share/astra_camera_msgs/cmake/astra_camera_msgs__rosidl_typesupport_cExport.cmake
[5.854s] -- Up-to-date: /home/wheeltec/wheeltec_robot/install/astra_camera_msgs/share/astra_camera_msgs/cmake/astra_camera_msgs__rosidl_typesupport_cExport-noconfig.cmake
[5.855s] -- Up-to-date: /home/wheeltec/wheeltec_robot/install/astra_camera_msgs/share/astra_camera_msgs/cmake/export_astra_camera_msgs__rosidl_generator_cppExport.cmake
[5.855s] -- Up-to-date: /home/wheeltec/wheeltec_robot/install/astra_camera_msgs/share/astra_camera_msgs/cmake/export_astra_camera_msgs__rosidl_typesupport_fastrtps_cppExport.cmake
[5.855s] -- Up-to-date: /home/wheeltec/wheeltec_robot/install/astra_camera_msgs/share/astra_camera_msgs/cmake/export_astra_camera_msgs__rosidl_typesupport_fastrtps_cppExport-noconfig.cmake
[5.855s] -- Up-to-date: /home/wheeltec/wheeltec_robot/install/astra_camera_msgs/share/astra_camera_msgs/cmake/astra_camera_msgs__rosidl_typesupport_introspection_cppExport.cmake
[5.855s] -- Up-to-date: /home/wheeltec/wheeltec_robot/install/astra_camera_msgs/share/astra_camera_msgs/cmake/astra_camera_msgs__rosidl_typesupport_introspection_cppExport-noconfig.cmake
[5.855s] -- Up-to-date: /home/wheeltec/wheeltec_robot/install/astra_camera_msgs/share/astra_camera_msgs/cmake/astra_camera_msgs__rosidl_typesupport_cppExport.cmake
[5.856s] -- Up-to-date: /home/wheeltec/wheeltec_robot/install/astra_camera_msgs/share/astra_camera_msgs/cmake/astra_camera_msgs__rosidl_typesupport_cppExport-noconfig.cmake
[5.856s] -- Up-to-date: /home/wheeltec/wheeltec_robot/install/astra_camera_msgs/share/astra_camera_msgs/cmake/export_astra_camera_msgs__rosidl_generator_pyExport.cmake
[5.859s] -- Up-to-date: /home/wheeltec/wheeltec_robot/install/astra_camera_msgs/share/astra_camera_msgs/cmake/export_astra_camera_msgs__rosidl_generator_pyExport-noconfig.cmake
[5.868s] Invoked command in '/home/wheeltec/wheeltec_robot/build/astra_camera_msgs' returned '0': CMAKE_PREFIX_PATH=/opt/ros/humble /usr/bin/cmake --install /home/wheeltec/wheeltec_robot/build/astra_camera_msgs
