[2.118s] Invoking command in '/home/wheeltec/wheeltec_robot/build/wheeltec_dual_rtk_driver': PYTHONPATH=/home/wheeltec/wheeltec_robot/build/wheeltec_dual_rtk_driver/prefix_override:/usr/lib/python3/dist-packages/colcon_core/task/python/colcon_distutils_commands:/home/wheeltec/wheeltec_robot/install/wheeltec_dual_rtk_driver/lib/python3.10/site-packages:${PYTHONPATH} /usr/bin/python3 -W ignore:setup.py install is deprecated -W ignore:easy_install command is deprecated setup.py develop --editable --build-directory /home/wheeltec/wheeltec_robot/build/wheeltec_dual_rtk_driver/build --no-deps symlink_data
[56.433s] running develop
[56.434s] running egg_info
[56.437s] writing wheeltec_dual_rtk_driver.egg-info/PKG-INFO
[56.437s] writing dependency_links to wheeltec_dual_rtk_driver.egg-info/dependency_links.txt
[56.438s] writing entry points to wheeltec_dual_rtk_driver.egg-info/entry_points.txt
[56.438s] writing requirements to wheeltec_dual_rtk_driver.egg-info/requires.txt
[56.438s] writing top-level names to wheeltec_dual_rtk_driver.egg-info/top_level.txt
[56.438s] reading manifest file 'wheeltec_dual_rtk_driver.egg-info/SOURCES.txt'
[56.438s] writing manifest file 'wheeltec_dual_rtk_driver.egg-info/SOURCES.txt'
[56.438s] running build_ext
[56.438s] Creating /home/wheeltec/wheeltec_robot/install/wheeltec_dual_rtk_driver/lib/python3.10/site-packages/wheeltec-dual-rtk-driver.egg-link (link to .)
[56.438s] Installing dual_rtk_driver_node script to /home/wheeltec/wheeltec_robot/install/wheeltec_dual_rtk_driver/lib/wheeltec_dual_rtk_driver
[56.438s] Installing serial_demo_node script to /home/wheeltec/wheeltec_robot/install/wheeltec_dual_rtk_driver/lib/wheeltec_dual_rtk_driver
[56.438s] 
[56.439s] Installed /home/wheeltec/wheeltec_robot/build/wheeltec_dual_rtk_driver
[56.439s] running symlink_data
[56.439s] /usr/local/lib/python3.10/dist-packages/setuptools/_distutils/dist.py:289: UserWarning: Unknown distribution option: 'tests_require'
[56.439s]   warnings.warn(msg)
[56.450s] Invoked command in '/home/wheeltec/wheeltec_robot/build/wheeltec_dual_rtk_driver' returned '0': PYTHONPATH=/home/wheeltec/wheeltec_robot/build/wheeltec_dual_rtk_driver/prefix_override:/usr/lib/python3/dist-packages/colcon_core/task/python/colcon_distutils_commands:/home/wheeltec/wheeltec_robot/install/wheeltec_dual_rtk_driver/lib/python3.10/site-packages:${PYTHONPATH} /usr/bin/python3 -W ignore:setup.py install is deprecated -W ignore:easy_install command is deprecated setup.py develop --editable --build-directory /home/wheeltec/wheeltec_robot/build/wheeltec_dual_rtk_driver/build --no-deps symlink_data
