-- Install configuration: ""
-- Execute custom install script
-- Up-to-date symlink: /home/wheeltec/wheeltec_robot/install/wheeltec_cartographer/share/wheeltec_cartographer/launch/cartographer.launch.py
-- Up-to-date symlink: /home/wheeltec/wheeltec_robot/install/wheeltec_cartographer/share/wheeltec_cartographer/launch/realsense_d400.launch.py
-- Up-to-date symlink: /home/wheeltec/wheeltec_robot/install/wheeltec_cartographer/share/wheeltec_cartographer/launch/slam_rtabmap.launch.py
-- Up-to-date symlink: /home/wheeltec/wheeltec_robot/install/wheeltec_cartographer/share/wheeltec_cartographer/launch/turtlebot3_scan.launch.py
-- Up-to-date symlink: /home/wheeltec/wheeltec_robot/install/wheeltec_cartographer/share/wheeltec_cartographer/config/cartographer.lua
-- Up-to-date symlink: /home/wheeltec/wheeltec_robot/install/wheeltec_cartographer/share/ament_index/resource_index/package_run_dependencies/wheeltec_cartographer
-- Up-to-date symlink: /home/wheeltec/wheeltec_robot/install/wheeltec_cartographer/share/ament_index/resource_index/parent_prefix_path/wheeltec_cartographer
-- Up-to-date symlink: /home/wheeltec/wheeltec_robot/install/wheeltec_cartographer/share/wheeltec_cartographer/environment/ament_prefix_path.sh
-- Up-to-date symlink: /home/wheeltec/wheeltec_robot/install/wheeltec_cartographer/share/wheeltec_cartographer/environment/ament_prefix_path.dsv
-- Up-to-date symlink: /home/wheeltec/wheeltec_robot/install/wheeltec_cartographer/share/wheeltec_cartographer/environment/path.sh
-- Up-to-date symlink: /home/wheeltec/wheeltec_robot/install/wheeltec_cartographer/share/wheeltec_cartographer/environment/path.dsv
-- Up-to-date symlink: /home/wheeltec/wheeltec_robot/install/wheeltec_cartographer/share/wheeltec_cartographer/local_setup.bash
-- Up-to-date symlink: /home/wheeltec/wheeltec_robot/install/wheeltec_cartographer/share/wheeltec_cartographer/local_setup.sh
-- Up-to-date symlink: /home/wheeltec/wheeltec_robot/install/wheeltec_cartographer/share/wheeltec_cartographer/local_setup.zsh
-- Up-to-date symlink: /home/wheeltec/wheeltec_robot/install/wheeltec_cartographer/share/wheeltec_cartographer/local_setup.dsv
-- Symlinking: /home/wheeltec/wheeltec_robot/install/wheeltec_cartographer/share/wheeltec_cartographer/package.dsv
-- Up-to-date symlink: /home/wheeltec/wheeltec_robot/install/wheeltec_cartographer/share/ament_index/resource_index/packages/wheeltec_cartographer
-- Up-to-date symlink: /home/wheeltec/wheeltec_robot/install/wheeltec_cartographer/share/wheeltec_cartographer/cmake/wheeltec_cartographerConfig.cmake
-- Up-to-date symlink: /home/wheeltec/wheeltec_robot/install/wheeltec_cartographer/share/wheeltec_cartographer/cmake/wheeltec_cartographerConfig-version.cmake
-- Up-to-date symlink: /home/wheeltec/wheeltec_robot/install/wheeltec_cartographer/share/wheeltec_cartographer/package.xml
