-- Install configuration: ""
-- Execute custom install script
-- Symlinking: /home/wheeltec/wheeltec_robot/install/wheeltec_robot_rtab/share/wheeltec_robot_rtab/launch/rtabmap.launch.py
-- Symlinking: /home/wheeltec/wheeltec_robot/install/wheeltec_robot_rtab/share/wheeltec_robot_rtab/launch/rtabmap_localization.launch.py
-- Symlinking: /home/wheeltec/wheeltec_robot/install/wheeltec_robot_rtab/share/wheeltec_robot_rtab/launch/rtabmap_localization_pure3d.launch.py
-- Symlinking: /home/wheeltec/wheeltec_robot/install/wheeltec_robot_rtab/share/wheeltec_robot_rtab/launch/wheeltec_nav2_rtab.launch.py
-- Symlinking: /home/wheeltec/wheeltec_robot/install/wheeltec_robot_rtab/share/wheeltec_robot_rtab/launch/wheeltec_nav2_rtab_pure3d.launch.py
-- Symlinking: /home/wheeltec/wheeltec_robot/install/wheeltec_robot_rtab/share/wheeltec_robot_rtab/launch/wheeltec_slam_rtab.launch.py
-- Symlinking: /home/wheeltec/wheeltec_robot/install/wheeltec_robot_rtab/share/wheeltec_robot_rtab/launch/wheeltec_slam_rtab_pure3d.launch.py
-- Symlinking: /home/wheeltec/wheeltec_robot/install/wheeltec_robot_rtab/share/wheeltec_robot_rtab/params/rtabmap_nav_params.yaml
-- Symlinking: /home/wheeltec/wheeltec_robot/install/wheeltec_robot_rtab/share/wheeltec_robot_rtab/params/rtabmap_nav_params_pure3d.yaml
-- Symlinking: /home/wheeltec/wheeltec_robot/install/wheeltec_robot_rtab/share/ament_index/resource_index/package_run_dependencies/wheeltec_robot_rtab
-- Symlinking: /home/wheeltec/wheeltec_robot/install/wheeltec_robot_rtab/share/ament_index/resource_index/parent_prefix_path/wheeltec_robot_rtab
-- Symlinking: /home/wheeltec/wheeltec_robot/install/wheeltec_robot_rtab/share/wheeltec_robot_rtab/environment/ament_prefix_path.sh
-- Symlinking: /home/wheeltec/wheeltec_robot/install/wheeltec_robot_rtab/share/wheeltec_robot_rtab/environment/ament_prefix_path.dsv
-- Symlinking: /home/wheeltec/wheeltec_robot/install/wheeltec_robot_rtab/share/wheeltec_robot_rtab/environment/path.sh
-- Symlinking: /home/wheeltec/wheeltec_robot/install/wheeltec_robot_rtab/share/wheeltec_robot_rtab/environment/path.dsv
-- Symlinking: /home/wheeltec/wheeltec_robot/install/wheeltec_robot_rtab/share/wheeltec_robot_rtab/local_setup.bash
-- Symlinking: /home/wheeltec/wheeltec_robot/install/wheeltec_robot_rtab/share/wheeltec_robot_rtab/local_setup.sh
-- Symlinking: /home/wheeltec/wheeltec_robot/install/wheeltec_robot_rtab/share/wheeltec_robot_rtab/local_setup.zsh
-- Symlinking: /home/wheeltec/wheeltec_robot/install/wheeltec_robot_rtab/share/wheeltec_robot_rtab/local_setup.dsv
-- Symlinking: /home/wheeltec/wheeltec_robot/install/wheeltec_robot_rtab/share/wheeltec_robot_rtab/package.dsv
-- Symlinking: /home/wheeltec/wheeltec_robot/install/wheeltec_robot_rtab/share/ament_index/resource_index/packages/wheeltec_robot_rtab
-- Symlinking: /home/wheeltec/wheeltec_robot/install/wheeltec_robot_rtab/share/wheeltec_robot_rtab/cmake/wheeltec_robot_rtabConfig.cmake
-- Symlinking: /home/wheeltec/wheeltec_robot/install/wheeltec_robot_rtab/share/wheeltec_robot_rtab/cmake/wheeltec_robot_rtabConfig-version.cmake
-- Symlinking: /home/wheeltec/wheeltec_robot/install/wheeltec_robot_rtab/share/wheeltec_robot_rtab/package.xml
