[2.580s] Invoking command in '/home/wheeltec/wheeltec_robot/build/multi_lidar_calibrator': PYTHONPATH=/home/wheeltec/wheeltec_robot/build/multi_lidar_calibrator/prefix_override:/usr/lib/python3/dist-packages/colcon_core/task/python/colcon_distutils_commands:/home/wheeltec/wheeltec_robot/install/multi_lidar_calibrator/lib/python3.10/site-packages:${PYTHONPATH} /usr/bin/python3 -W ignore:setup.py install is deprecated -W ignore:easy_install command is deprecated setup.py develop --editable --build-directory /home/wheeltec/wheeltec_robot/build/multi_lidar_calibrator/build --no-deps symlink_data
[5.730s] running develop
[5.730s] running egg_info
[5.730s] creating multi_lidar_calibrator.egg-info
[5.730s] writing multi_lidar_calibrator.egg-info/PKG-INFO
[5.730s] writing dependency_links to multi_lidar_calibrator.egg-info/dependency_links.txt
[5.730s] writing entry points to multi_lidar_calibrator.egg-info/entry_points.txt
[5.730s] writing requirements to multi_lidar_calibrator.egg-info/requires.txt
[5.730s] writing top-level names to multi_lidar_calibrator.egg-info/top_level.txt
[5.730s] writing manifest file 'multi_lidar_calibrator.egg-info/SOURCES.txt'
[5.731s] reading manifest file 'multi_lidar_calibrator.egg-info/SOURCES.txt'
[5.731s] writing manifest file 'multi_lidar_calibrator.egg-info/SOURCES.txt'
[5.731s] running build_ext
[5.731s] Creating /home/wheeltec/wheeltec_robot/install/multi_lidar_calibrator/lib/python3.10/site-packages/multi-lidar-calibrator.egg-link (link to .)
[5.731s] Installing multi_lidar_calibrator script to /home/wheeltec/wheeltec_robot/install/multi_lidar_calibrator/lib/multi_lidar_calibrator
[5.731s] 
[5.731s] Installed /home/wheeltec/wheeltec_robot/build/multi_lidar_calibrator
[5.731s] running symlink_data
[5.731s] creating /home/wheeltec/wheeltec_robot/install/multi_lidar_calibrator/share/ament_index/resource_index/packages
[5.738s] symbolically linking /home/wheeltec/wheeltec_robot/build/multi_lidar_calibrator/resource/multi_lidar_calibrator -> /home/wheeltec/wheeltec_robot/install/multi_lidar_calibrator/share/ament_index/resource_index/packages
[5.740s] symbolically linking /home/wheeltec/wheeltec_robot/build/multi_lidar_calibrator/package.xml -> /home/wheeltec/wheeltec_robot/install/multi_lidar_calibrator/share/multi_lidar_calibrator
[5.740s] creating /home/wheeltec/wheeltec_robot/install/multi_lidar_calibrator/share/multi_lidar_calibrator/launch
[5.740s] symbolically linking /home/wheeltec/wheeltec_robot/build/multi_lidar_calibrator/launch/calibration.launch.py -> /home/wheeltec/wheeltec_robot/install/multi_lidar_calibrator/share/multi_lidar_calibrator/launch
[5.740s] creating /home/wheeltec/wheeltec_robot/install/multi_lidar_calibrator/share/multi_lidar_calibrator/config
[5.740s] symbolically linking /home/wheeltec/wheeltec_robot/build/multi_lidar_calibrator/config/params.yaml -> /home/wheeltec/wheeltec_robot/install/multi_lidar_calibrator/share/multi_lidar_calibrator/config
[5.740s] symbolically linking /home/wheeltec/wheeltec_robot/build/multi_lidar_calibrator/config/demo.yaml -> /home/wheeltec/wheeltec_robot/install/multi_lidar_calibrator/share/multi_lidar_calibrator/config
[5.764s] Invoked command in '/home/wheeltec/wheeltec_robot/build/multi_lidar_calibrator' returned '0': PYTHONPATH=/home/wheeltec/wheeltec_robot/build/multi_lidar_calibrator/prefix_override:/usr/lib/python3/dist-packages/colcon_core/task/python/colcon_distutils_commands:/home/wheeltec/wheeltec_robot/install/multi_lidar_calibrator/lib/python3.10/site-packages:${PYTHONPATH} /usr/bin/python3 -W ignore:setup.py install is deprecated -W ignore:easy_install command is deprecated setup.py develop --editable --build-directory /home/wheeltec/wheeltec_robot/build/multi_lidar_calibrator/build --no-deps symlink_data
