[0.247s] Invoking command in '/home/wheeltec/wheeltec_robot/build/serial': CMAKE_PREFIX_PATH=${CMAKE_PREFIX_PATH}:/opt/ros/humble /usr/bin/cmake --build /home/wheeltec/wheeltec_robot/build/serial -- -j8 -l8
[0.410s] [35m[1mConsolidate compiler generated dependencies of target serial[0m
[0.440s] [100%] Built target serial
[0.530s] Invoked command in '/home/wheeltec/wheeltec_robot/build/serial' returned '0': CMAKE_PREFIX_PATH=${CMAKE_PREFIX_PATH}:/opt/ros/humble /usr/bin/cmake --build /home/wheeltec/wheeltec_robot/build/serial -- -j8 -l8
[0.531s] Invoking command in '/home/wheeltec/wheeltec_robot/build/serial': CMAKE_PREFIX_PATH=${CMAKE_PREFIX_PATH}:/opt/ros/humble /usr/bin/cmake --install /home/wheeltec/wheeltec_robot/build/serial
[0.619s] -- Install configuration: ""
[0.619s] -- Execute custom install script
[0.619s] -- Up-to-date symlink: /home/wheeltec/wheeltec_robot/install/serial/lib/libserial.a
[0.619s] -- Up-to-date symlink: /home/wheeltec/wheeltec_robot/install/serial/share/serial/environment/library_path.sh
[0.619s] -- Up-to-date symlink: /home/wheeltec/wheeltec_robot/install/serial/share/serial/environment/library_path.dsv
[0.619s] -- Up-to-date symlink: /home/wheeltec/wheeltec_robot/install/serial/include/serial/impl/unix.h
[0.619s] -- Up-to-date symlink: /home/wheeltec/wheeltec_robot/install/serial/include/serial/impl/win.h
[0.619s] -- Up-to-date symlink: /home/wheeltec/wheeltec_robot/install/serial/include/serial/serial.h
[0.620s] -- Up-to-date symlink: /home/wheeltec/wheeltec_robot/install/serial/include/serial/v8stdint.h
[0.620s] -- Up-to-date symlink: /home/wheeltec/wheeltec_robot/install/serial/share/ament_index/resource_index/package_run_dependencies/serial
[0.620s] -- Up-to-date symlink: /home/wheeltec/wheeltec_robot/install/serial/share/ament_index/resource_index/parent_prefix_path/serial
[0.620s] -- Up-to-date symlink: /home/wheeltec/wheeltec_robot/install/serial/share/serial/environment/ament_prefix_path.sh
[0.620s] -- Up-to-date symlink: /home/wheeltec/wheeltec_robot/install/serial/share/serial/environment/ament_prefix_path.dsv
[0.620s] -- Up-to-date symlink: /home/wheeltec/wheeltec_robot/install/serial/share/serial/environment/path.sh
[0.621s] -- Up-to-date symlink: /home/wheeltec/wheeltec_robot/install/serial/share/serial/environment/path.dsv
[0.621s] -- Up-to-date symlink: /home/wheeltec/wheeltec_robot/install/serial/share/serial/local_setup.bash
[0.621s] -- Up-to-date symlink: /home/wheeltec/wheeltec_robot/install/serial/share/serial/local_setup.sh
[0.621s] -- Up-to-date symlink: /home/wheeltec/wheeltec_robot/install/serial/share/serial/local_setup.zsh
[0.622s] -- Up-to-date symlink: /home/wheeltec/wheeltec_robot/install/serial/share/serial/local_setup.dsv
[0.622s] -- Symlinking: /home/wheeltec/wheeltec_robot/install/serial/share/serial/package.dsv
[0.630s] -- Up-to-date symlink: /home/wheeltec/wheeltec_robot/install/serial/share/ament_index/resource_index/packages/serial
[0.630s] -- Up-to-date symlink: /home/wheeltec/wheeltec_robot/install/serial/share/serial/cmake/ament_cmake_export_include_directories-extras.cmake
[0.630s] -- Up-to-date symlink: /home/wheeltec/wheeltec_robot/install/serial/share/serial/cmake/ament_cmake_export_libraries-extras.cmake
[0.630s] -- Up-to-date symlink: /home/wheeltec/wheeltec_robot/install/serial/share/serial/cmake/ament_cmake_export_dependencies-extras.cmake
[0.631s] -- Up-to-date symlink: /home/wheeltec/wheeltec_robot/install/serial/share/serial/cmake/serialConfig.cmake
[0.631s] -- Up-to-date symlink: /home/wheeltec/wheeltec_robot/install/serial/share/serial/cmake/serialConfig-version.cmake
[0.631s] -- Up-to-date symlink: /home/wheeltec/wheeltec_robot/install/serial/share/serial/package.xml
[0.749s] Invoked command in '/home/wheeltec/wheeltec_robot/build/serial' returned '0': CMAKE_PREFIX_PATH=${CMAKE_PREFIX_PATH}:/opt/ros/humble /usr/bin/cmake --install /home/wheeltec/wheeltec_robot/build/serial
