[3.919s] Invoking command in '/home/wheeltec/wheeltec_robot/src/build/wheeltec_robot_keyboard': PYTHONPATH=/home/wheeltec/wheeltec_robot/src/build/wheeltec_robot_keyboard/prefix_override:/usr/lib/python3/dist-packages/colcon_core/task/python/colcon_distutils_commands:/home/wheeltec/wheeltec_robot/src/install/wheeltec_robot_keyboard/lib/python3.10/site-packages:${PYTHONPATH} /usr/bin/python3 -W ignore:setup.py install is deprecated -W ignore:easy_install command is deprecated setup.py develop --editable --build-directory /home/wheeltec/wheeltec_robot/src/build/wheeltec_robot_keyboard/build --no-deps symlink_data
[18.589s] running develop
[18.589s] running egg_info
[18.589s] creating wheeltec_robot_keyboard.egg-info
[18.589s] writing wheeltec_robot_keyboard.egg-info/PKG-INFO
[18.589s] writing dependency_links to wheeltec_robot_keyboard.egg-info/dependency_links.txt
[18.589s] writing entry points to wheeltec_robot_keyboard.egg-info/entry_points.txt
[18.589s] writing requirements to wheeltec_robot_keyboard.egg-info/requires.txt
[18.589s] writing top-level names to wheeltec_robot_keyboard.egg-info/top_level.txt
[18.589s] writing manifest file 'wheeltec_robot_keyboard.egg-info/SOURCES.txt'
[18.589s] reading manifest file 'wheeltec_robot_keyboard.egg-info/SOURCES.txt'
[18.590s] writing manifest file 'wheeltec_robot_keyboard.egg-info/SOURCES.txt'
[18.590s] running build_ext
[18.590s] Creating /home/wheeltec/wheeltec_robot/src/install/wheeltec_robot_keyboard/lib/python3.10/site-packages/wheeltec-robot-keyboard.egg-link (link to .)
[18.590s] Installing wheeltec_keyboard script to /home/wheeltec/wheeltec_robot/src/install/wheeltec_robot_keyboard/lib/wheeltec_robot_keyboard
[18.591s] 
[18.591s] Installed /home/wheeltec/wheeltec_robot/src/build/wheeltec_robot_keyboard
[18.591s] running symlink_data
[18.591s] creating /home/wheeltec/wheeltec_robot/src/install/wheeltec_robot_keyboard/share/ament_index/resource_index/packages
[18.591s] symbolically linking /home/wheeltec/wheeltec_robot/src/build/wheeltec_robot_keyboard/resource/wheeltec_robot_keyboard -> /home/wheeltec/wheeltec_robot/src/install/wheeltec_robot_keyboard/share/ament_index/resource_index/packages
[18.591s] symbolically linking /home/wheeltec/wheeltec_robot/src/build/wheeltec_robot_keyboard/package.xml -> /home/wheeltec/wheeltec_robot/src/install/wheeltec_robot_keyboard/share/wheeltec_robot_keyboard
[18.607s] /usr/local/lib/python3.10/dist-packages/setuptools/_distutils/dist.py:289: UserWarning: Unknown distribution option: 'tests_require'
[18.607s]   warnings.warn(msg)
[18.621s] Invoked command in '/home/wheeltec/wheeltec_robot/src/build/wheeltec_robot_keyboard' returned '0': PYTHONPATH=/home/wheeltec/wheeltec_robot/src/build/wheeltec_robot_keyboard/prefix_override:/usr/lib/python3/dist-packages/colcon_core/task/python/colcon_distutils_commands:/home/wheeltec/wheeltec_robot/src/install/wheeltec_robot_keyboard/lib/python3.10/site-packages:${PYTHONPATH} /usr/bin/python3 -W ignore:setup.py install is deprecated -W ignore:easy_install command is deprecated setup.py develop --editable --build-directory /home/wheeltec/wheeltec_robot/src/build/wheeltec_robot_keyboard/build --no-deps symlink_data
