[0.045s] Invoking command in '/home/wheeltec/wheeltec_robot/build/nav2_common': CMAKE_PREFIX_PATH=/opt/ros/humble /usr/bin/cmake /home/wheeltec/wheeltec_robot/src/navigation2-humble/nav2_common -DAMENT_CMAKE_SYMLINK_INSTALL=1 -DCMAKE_INSTALL_PREFIX=/home/wheeltec/wheeltec_robot/install/nav2_common
[0.081s] -- Found ament_cmake_core: 1.3.12 (/opt/ros/humble/share/ament_cmake_core/cmake)
[0.925s] -- Found Python3: /usr/bin/python3 (found version "3.10.12") found components: Interpreter 
[1.066s] -- Override CMake install command with custom implementation using symlinks instead of copying resources
[1.070s] -- Found ament_cmake_python: 1.3.12 (/opt/ros/humble/share/ament_cmake_python/cmake)
[1.559s] -- Configuring done
[1.564s] -- Generating done
[1.566s] -- Build files have been written to: /home/wheeltec/wheeltec_robot/build/nav2_common
[1.587s] Invoked command in '/home/wheeltec/wheeltec_robot/build/nav2_common' returned '0': CMAKE_PREFIX_PATH=/opt/ros/humble /usr/bin/cmake /home/wheeltec/wheeltec_robot/src/navigation2-humble/nav2_common -DAMENT_CMAKE_SYMLINK_INSTALL=1 -DCMAKE_INSTALL_PREFIX=/home/wheeltec/wheeltec_robot/install/nav2_common
[1.588s] Invoking command in '/home/wheeltec/wheeltec_robot/build/nav2_common': CMAKE_PREFIX_PATH=/opt/ros/humble /usr/bin/cmake --build /home/wheeltec/wheeltec_robot/build/nav2_common -- -j8 -l8
[2.276s] Built target ament_cmake_python_symlink_nav2_common
[2.276s] running egg_info
[2.276s] creating nav2_common.egg-info
[2.276s] writing nav2_common.egg-info/PKG-INFO
[2.276s] writing dependency_links to nav2_common.egg-info/dependency_links.txt
[2.276s] writing top-level names to nav2_common.egg-info/top_level.txt
[2.276s] writing manifest file 'nav2_common.egg-info/SOURCES.txt'
[2.361s] reading manifest file 'nav2_common.egg-info/SOURCES.txt'
[2.363s] writing manifest file 'nav2_common.egg-info/SOURCES.txt'
[2.446s] Built target ament_cmake_python_build_nav2_common_egg
[2.505s] Invoked command in '/home/wheeltec/wheeltec_robot/build/nav2_common' returned '0': CMAKE_PREFIX_PATH=/opt/ros/humble /usr/bin/cmake --build /home/wheeltec/wheeltec_robot/build/nav2_common -- -j8 -l8
[2.513s] Invoking command in '/home/wheeltec/wheeltec_robot/build/nav2_common': CMAKE_PREFIX_PATH=/opt/ros/humble /usr/bin/cmake --install /home/wheeltec/wheeltec_robot/build/nav2_common
[4.020s] -- Install configuration: ""
[4.020s] -- Execute custom install script
[4.020s] -- Symlinking: /home/wheeltec/wheeltec_robot/install/nav2_common/share/nav2_common/environment/pythonpath.sh
[4.020s] -- Symlinking: /home/wheeltec/wheeltec_robot/install/nav2_common/share/nav2_common/environment/pythonpath.dsv
[4.020s] -- Symlinking: /home/wheeltec/wheeltec_robot/install/nav2_common/local/lib/python3.10/dist-packages/nav2_common-1.1.6-py3.10.egg-info/PKG-INFO
[4.020s] -- Symlinking: /home/wheeltec/wheeltec_robot/install/nav2_common/local/lib/python3.10/dist-packages/nav2_common-1.1.6-py3.10.egg-info/SOURCES.txt
[4.020s] -- Symlinking: /home/wheeltec/wheeltec_robot/install/nav2_common/local/lib/python3.10/dist-packages/nav2_common-1.1.6-py3.10.egg-info/dependency_links.txt
[4.020s] -- Symlinking: /home/wheeltec/wheeltec_robot/install/nav2_common/local/lib/python3.10/dist-packages/nav2_common-1.1.6-py3.10.egg-info/top_level.txt
[4.020s] -- Symlinking: /home/wheeltec/wheeltec_robot/install/nav2_common/local/lib/python3.10/dist-packages/nav2_common/__init__.py
[4.020s] -- Symlinking: /home/wheeltec/wheeltec_robot/install/nav2_common/local/lib/python3.10/dist-packages/nav2_common/launch/__init__.py
[4.020s] -- Symlinking: /home/wheeltec/wheeltec_robot/install/nav2_common/local/lib/python3.10/dist-packages/nav2_common/launch/has_node_params.py
[4.021s] -- Symlinking: /home/wheeltec/wheeltec_robot/install/nav2_common/local/lib/python3.10/dist-packages/nav2_common/launch/replace_string.py
[4.021s] -- Symlinking: /home/wheeltec/wheeltec_robot/install/nav2_common/local/lib/python3.10/dist-packages/nav2_common/launch/rewritten_yaml.py
[4.021s] -- Symlinking: /home/wheeltec/wheeltec_robot/install/nav2_common/share/ament_index/resource_index/package_run_dependencies/nav2_common
[4.021s] -- Symlinking: /home/wheeltec/wheeltec_robot/install/nav2_common/share/ament_index/resource_index/parent_prefix_path/nav2_common
[4.021s] -- Symlinking: /home/wheeltec/wheeltec_robot/install/nav2_common/share/nav2_common/environment/ament_prefix_path.sh
[4.021s] -- Symlinking: /home/wheeltec/wheeltec_robot/install/nav2_common/share/nav2_common/environment/ament_prefix_path.dsv
[4.021s] -- Symlinking: /home/wheeltec/wheeltec_robot/install/nav2_common/share/nav2_common/environment/path.sh
[4.021s] -- Symlinking: /home/wheeltec/wheeltec_robot/install/nav2_common/share/nav2_common/environment/path.dsv
[4.021s] -- Symlinking: /home/wheeltec/wheeltec_robot/install/nav2_common/share/nav2_common/local_setup.bash
[4.021s] -- Symlinking: /home/wheeltec/wheeltec_robot/install/nav2_common/share/nav2_common/local_setup.sh
[4.021s] -- Symlinking: /home/wheeltec/wheeltec_robot/install/nav2_common/share/nav2_common/local_setup.zsh
[4.022s] -- Symlinking: /home/wheeltec/wheeltec_robot/install/nav2_common/share/nav2_common/local_setup.dsv
[4.022s] -- Symlinking: /home/wheeltec/wheeltec_robot/install/nav2_common/share/nav2_common/package.dsv
[4.022s] -- Symlinking: /home/wheeltec/wheeltec_robot/install/nav2_common/share/ament_index/resource_index/packages/nav2_common
[4.022s] -- Symlinking: /home/wheeltec/wheeltec_robot/install/nav2_common/share/nav2_common/cmake/nav2_common-extras.cmake
[4.022s] -- Symlinking: /home/wheeltec/wheeltec_robot/install/nav2_common/share/nav2_common/cmake/nav2_commonConfig.cmake
[4.022s] -- Symlinking: /home/wheeltec/wheeltec_robot/install/nav2_common/share/nav2_common/cmake/nav2_commonConfig-version.cmake
[4.022s] -- Symlinking: /home/wheeltec/wheeltec_robot/install/nav2_common/share/nav2_common/package.xml
[4.022s] -- Symlinking: /home/wheeltec/wheeltec_robot/install/nav2_common/share/nav2_common/cmake/nav2_package.cmake
[4.022s] Listing '/home/wheeltec/wheeltec_robot/install/nav2_common/local/lib/python3.10/dist-packages/nav2_common'...
[4.022s] Compiling '/home/wheeltec/wheeltec_robot/install/nav2_common/local/lib/python3.10/dist-packages/nav2_common/__init__.py'...
[4.023s] Listing '/home/wheeltec/wheeltec_robot/install/nav2_common/local/lib/python3.10/dist-packages/nav2_common/launch'...
[4.023s] Compiling '/home/wheeltec/wheeltec_robot/install/nav2_common/local/lib/python3.10/dist-packages/nav2_common/launch/__init__.py'...
[4.023s] Compiling '/home/wheeltec/wheeltec_robot/install/nav2_common/local/lib/python3.10/dist-packages/nav2_common/launch/has_node_params.py'...
[4.023s] Compiling '/home/wheeltec/wheeltec_robot/install/nav2_common/local/lib/python3.10/dist-packages/nav2_common/launch/replace_string.py'...
[4.023s] Compiling '/home/wheeltec/wheeltec_robot/install/nav2_common/local/lib/python3.10/dist-packages/nav2_common/launch/rewritten_yaml.py'...
[4.215s] Invoked command in '/home/wheeltec/wheeltec_robot/build/nav2_common' returned '0': CMAKE_PREFIX_PATH=/opt/ros/humble /usr/bin/cmake --install /home/wheeltec/wheeltec_robot/build/nav2_common
