[2.059s] Invoking command in '/home/wheeltec/wheeltec_robot/build/wheeltec_dual_rtk_driver': PYTHONPATH=/home/wheeltec/wheeltec_robot/build/wheeltec_dual_rtk_driver/prefix_override:/usr/lib/python3/dist-packages/colcon_core/task/python/colcon_distutils_commands:/home/wheeltec/wheeltec_robot/install/wheeltec_dual_rtk_driver/lib/python3.10/site-packages:${PYTHONPATH} /usr/bin/python3 -W ignore:setup.py install is deprecated -W ignore:easy_install command is deprecated setup.py develop --editable --build-directory /home/wheeltec/wheeltec_robot/build/wheeltec_dual_rtk_driver/build --no-deps symlink_data
[6.312s] running develop
[6.312s] running egg_info
[6.312s] creating wheeltec_dual_rtk_driver.egg-info
[6.312s] writing wheeltec_dual_rtk_driver.egg-info/PKG-INFO
[6.312s] writing dependency_links to wheeltec_dual_rtk_driver.egg-info/dependency_links.txt
[6.312s] writing entry points to wheeltec_dual_rtk_driver.egg-info/entry_points.txt
[6.312s] writing requirements to wheeltec_dual_rtk_driver.egg-info/requires.txt
[6.312s] writing top-level names to wheeltec_dual_rtk_driver.egg-info/top_level.txt
[6.312s] writing manifest file 'wheeltec_dual_rtk_driver.egg-info/SOURCES.txt'
[6.312s] reading manifest file 'wheeltec_dual_rtk_driver.egg-info/SOURCES.txt'
[6.313s] writing manifest file 'wheeltec_dual_rtk_driver.egg-info/SOURCES.txt'
[6.313s] running build_ext
[6.313s] Creating /home/wheeltec/wheeltec_robot/install/wheeltec_dual_rtk_driver/lib/python3.10/site-packages/wheeltec-dual-rtk-driver.egg-link (link to .)
[6.313s] Installing dual_rtk_driver_node script to /home/wheeltec/wheeltec_robot/install/wheeltec_dual_rtk_driver/lib/wheeltec_dual_rtk_driver
[6.313s] Installing serial_demo_node script to /home/wheeltec/wheeltec_robot/install/wheeltec_dual_rtk_driver/lib/wheeltec_dual_rtk_driver
[6.313s] 
[6.313s] Installed /home/wheeltec/wheeltec_robot/build/wheeltec_dual_rtk_driver
[6.313s] running symlink_data
[6.313s] creating /home/wheeltec/wheeltec_robot/install/wheeltec_dual_rtk_driver/share/ament_index/resource_index/packages
[6.313s] symbolically linking /home/wheeltec/wheeltec_robot/build/wheeltec_dual_rtk_driver/resource/wheeltec_dual_rtk_driver -> /home/wheeltec/wheeltec_robot/install/wheeltec_dual_rtk_driver/share/ament_index/resource_index/packages
[6.313s] symbolically linking /home/wheeltec/wheeltec_robot/build/wheeltec_dual_rtk_driver/launch/wheeltec_dual_rtk_driver_unicore.launch.py -> /home/wheeltec/wheeltec_robot/install/wheeltec_dual_rtk_driver/share/wheeltec_dual_rtk_driver
[6.314s] symbolically linking /home/wheeltec/wheeltec_robot/build/wheeltec_dual_rtk_driver/package.xml -> /home/wheeltec/wheeltec_robot/install/wheeltec_dual_rtk_driver/share/wheeltec_dual_rtk_driver
[6.314s] /usr/local/lib/python3.10/dist-packages/setuptools/_distutils/dist.py:289: UserWarning: Unknown distribution option: 'tests_require'
[6.314s]   warnings.warn(msg)
[6.368s] Invoked command in '/home/wheeltec/wheeltec_robot/build/wheeltec_dual_rtk_driver' returned '0': PYTHONPATH=/home/wheeltec/wheeltec_robot/build/wheeltec_dual_rtk_driver/prefix_override:/usr/lib/python3/dist-packages/colcon_core/task/python/colcon_distutils_commands:/home/wheeltec/wheeltec_robot/install/wheeltec_dual_rtk_driver/lib/python3.10/site-packages:${PYTHONPATH} /usr/bin/python3 -W ignore:setup.py install is deprecated -W ignore:easy_install command is deprecated setup.py develop --editable --build-directory /home/wheeltec/wheeltec_robot/build/wheeltec_dual_rtk_driver/build --no-deps symlink_data
