running develop
running egg_info
creating src/nmea_navsat_driver.egg-info
writing src/nmea_navsat_driver.egg-info/PKG-INFO
writing dependency_links to src/nmea_navsat_driver.egg-info/dependency_links.txt
writing entry points to src/nmea_navsat_driver.egg-info/entry_points.txt
writing requirements to src/nmea_navsat_driver.egg-info/requires.txt
writing top-level names to src/nmea_navsat_driver.egg-info/top_level.txt
writing manifest file 'src/nmea_navsat_driver.egg-info/SOURCES.txt'
reading manifest file 'src/nmea_navsat_driver.egg-info/SOURCES.txt'
writing manifest file 'src/nmea_navsat_driver.egg-info/SOURCES.txt'
running build_ext
Creating /home/wheeltec/wheeltec_robot/src/install/nmea_navsat_driver/lib/python3.10/site-packages/nmea-navsat-driver.egg-link (link to src)
Installing nmea_serial_driver script to /home/wheeltec/wheeltec_robot/src/install/nmea_navsat_driver/lib/nmea_navsat_driver
Installing nmea_socket_driver script to /home/wheeltec/wheeltec_robot/src/install/nmea_navsat_driver/lib/nmea_navsat_driver
Installing nmea_tcpclient_driver script to /home/wheeltec/wheeltec_robot/src/install/nmea_navsat_driver/lib/nmea_navsat_driver
Installing nmea_topic_driver script to /home/wheeltec/wheeltec_robot/src/install/nmea_navsat_driver/lib/nmea_navsat_driver
Installing nmea_topic_serial_reader script to /home/wheeltec/wheeltec_robot/src/install/nmea_navsat_driver/lib/nmea_navsat_driver

Installed /home/wheeltec/wheeltec_robot/src/build/nmea_navsat_driver/src
running symlink_data
creating /home/wheeltec/wheeltec_robot/src/install/nmea_navsat_driver/share/ament_index/resource_index/packages
symbolically linking /home/wheeltec/wheeltec_robot/src/build/nmea_navsat_driver/resource/nmea_navsat_driver -> /home/wheeltec/wheeltec_robot/src/install/nmea_navsat_driver/share/ament_index/resource_index/packages
symbolically linking /home/wheeltec/wheeltec_robot/src/build/nmea_navsat_driver/package.xml -> /home/wheeltec/wheeltec_robot/src/install/nmea_navsat_driver/share/nmea_navsat_driver
creating /home/wheeltec/wheeltec_robot/src/install/nmea_navsat_driver/share/nmea_navsat_driver/launch
symbolically linking /home/wheeltec/wheeltec_robot/src/build/nmea_navsat_driver/launch/nmea_serial_driver.launch.py -> /home/wheeltec/wheeltec_robot/src/install/nmea_navsat_driver/share/nmea_navsat_driver/launch
creating /home/wheeltec/wheeltec_robot/src/install/nmea_navsat_driver/share/nmea_navsat_driver/config
symbolically linking /home/wheeltec/wheeltec_robot/src/build/nmea_navsat_driver/config/nmea_serial_driver.yaml -> /home/wheeltec/wheeltec_robot/src/install/nmea_navsat_driver/share/nmea_navsat_driver/config
