-- The C compiler identification is GNU 11.4.0
-- The CXX compiler identification is GNU 11.4.0
-- Detecting C compiler ABI info
-- Detecting C compiler ABI info - done
-- Check for working C compiler: /usr/bin/cc - skipped
-- Detecting C compile features
-- Detecting C compile features - done
-- Detecting CXX compiler ABI info
-- Detecting CXX compiler ABI info - done
-- Check for working CXX compiler: /usr/bin/c++ - skipped
-- Detecting CXX compile features
-- Detecting CXX compile features - done
-- Found ament_cmake: 1.3.12 (/opt/ros/humble/share/ament_cmake/cmake)
-- Found Python3: /usr/bin/python3 (found version "3.10.12") found components: Interpreter 
-- Override CMake install command with custom implementation using symlinks instead of copying resources
-- Found ament_lint_auto: 0.12.14 (/opt/ros/humble/share/ament_lint_auto/cmake)
-- Added test 'copyright' to check source files copyright and LICENSE
-- Added test 'flake8' to check Python code syntax and style conventions
-- Added test 'lint_cmake' to check CMake code style
-- Added test 'pep257' to check Python code against some of the docstring style conventions in PEP 257
-- Added test 'xmllint' to check XML markup files
-- Configuring done
-- Generating done
-- Build files have been written to: /home/wheeltec/wheeltec_robot/build/wheeltec_rviz2
-- Install configuration: ""
-- Execute custom install script
-- Symlinking: /home/wheeltec/wheeltec_robot/install/wheeltec_rviz2/share/wheeltec_rviz2/launch/wheeltec_rtabmapviz.launch.py
-- Symlinking: /home/wheeltec/wheeltec_robot/install/wheeltec_rviz2/share/wheeltec_rviz2/launch/wheeltec_rviz.launch.py
-- Symlinking: /home/wheeltec/wheeltec_robot/install/wheeltec_rviz2/share/wheeltec_rviz2/rviz/carto_3d.rviz
-- Symlinking: /home/wheeltec/wheeltec_robot/install/wheeltec_rviz2/share/wheeltec_rviz2/rviz/lego_loam.rviz
-- Symlinking: /home/wheeltec/wheeltec_robot/install/wheeltec_rviz2/share/wheeltec_rviz2/rviz/lio-sam.rviz
-- Symlinking: /home/wheeltec/wheeltec_robot/install/wheeltec_rviz2/share/wheeltec_rviz2/rviz/orb_config.rviz
-- Symlinking: /home/wheeltec/wheeltec_robot/install/wheeltec_rviz2/share/wheeltec_rviz2/rviz/wheeltec.rviz
-- Symlinking: /home/wheeltec/wheeltec_robot/install/wheeltec_rviz2/share/ament_index/resource_index/package_run_dependencies/wheeltec_rviz2
-- Symlinking: /home/wheeltec/wheeltec_robot/install/wheeltec_rviz2/share/ament_index/resource_index/parent_prefix_path/wheeltec_rviz2
-- Symlinking: /home/wheeltec/wheeltec_robot/install/wheeltec_rviz2/share/wheeltec_rviz2/environment/ament_prefix_path.sh
-- Symlinking: /home/wheeltec/wheeltec_robot/install/wheeltec_rviz2/share/wheeltec_rviz2/environment/ament_prefix_path.dsv
-- Symlinking: /home/wheeltec/wheeltec_robot/install/wheeltec_rviz2/share/wheeltec_rviz2/environment/path.sh
-- Symlinking: /home/wheeltec/wheeltec_robot/install/wheeltec_rviz2/share/wheeltec_rviz2/environment/path.dsv
-- Symlinking: /home/wheeltec/wheeltec_robot/install/wheeltec_rviz2/share/wheeltec_rviz2/local_setup.bash
-- Symlinking: /home/wheeltec/wheeltec_robot/install/wheeltec_rviz2/share/wheeltec_rviz2/local_setup.sh
-- Symlinking: /home/wheeltec/wheeltec_robot/install/wheeltec_rviz2/share/wheeltec_rviz2/local_setup.zsh
-- Symlinking: /home/wheeltec/wheeltec_robot/install/wheeltec_rviz2/share/wheeltec_rviz2/local_setup.dsv
-- Symlinking: /home/wheeltec/wheeltec_robot/install/wheeltec_rviz2/share/wheeltec_rviz2/package.dsv
-- Symlinking: /home/wheeltec/wheeltec_robot/install/wheeltec_rviz2/share/ament_index/resource_index/packages/wheeltec_rviz2
-- Symlinking: /home/wheeltec/wheeltec_robot/install/wheeltec_rviz2/share/wheeltec_rviz2/cmake/wheeltec_rviz2Config.cmake
-- Symlinking: /home/wheeltec/wheeltec_robot/install/wheeltec_rviz2/share/wheeltec_rviz2/cmake/wheeltec_rviz2Config-version.cmake
-- Symlinking: /home/wheeltec/wheeltec_robot/install/wheeltec_rviz2/share/wheeltec_rviz2/package.xml
