[0.047s] Invoking command in '/home/wheeltec/wheeltec_robot/build/ublox_serialization': CMAKE_PREFIX_PATH=/opt/ros/humble /usr/bin/cmake /home/wheeltec/wheeltec_robot/src/wheeltec_gps/ublox-ros2/ublox_serialization -DCMAKE_INSTALL_PREFIX=/home/wheeltec/wheeltec_robot/install/ublox_serialization
[0.167s] -- Found ament_cmake: 1.3.12 (/opt/ros/humble/share/ament_cmake/cmake)
[0.424s] -- Override CMake install command with custom implementation using symlinks instead of copying resources
[0.639s] -- Configuring done
[0.645s] -- Generating done
[0.656s] -- Build files have been written to: /home/wheeltec/wheeltec_robot/build/ublox_serialization
[0.675s] Invoked command in '/home/wheeltec/wheeltec_robot/build/ublox_serialization' returned '0': CMAKE_PREFIX_PATH=/opt/ros/humble /usr/bin/cmake /home/wheeltec/wheeltec_robot/src/wheeltec_gps/ublox-ros2/ublox_serialization -DCMAKE_INSTALL_PREFIX=/home/wheeltec/wheeltec_robot/install/ublox_serialization
[0.676s] Invoking command in '/home/wheeltec/wheeltec_robot/build/ublox_serialization': CMAKE_PREFIX_PATH=/opt/ros/humble /usr/bin/cmake --build /home/wheeltec/wheeltec_robot/build/ublox_serialization -- -j8 -l8
[0.784s] Invoked command in '/home/wheeltec/wheeltec_robot/build/ublox_serialization' returned '0': CMAKE_PREFIX_PATH=/opt/ros/humble /usr/bin/cmake --build /home/wheeltec/wheeltec_robot/build/ublox_serialization -- -j8 -l8
[0.800s] Invoking command in '/home/wheeltec/wheeltec_robot/build/ublox_serialization': CMAKE_PREFIX_PATH=/opt/ros/humble /usr/bin/cmake --install /home/wheeltec/wheeltec_robot/build/ublox_serialization
[0.938s] -- Install configuration: ""
[0.938s] -- Execute custom install script
[0.938s] -- Up-to-date symlink: /home/wheeltec/wheeltec_robot/install/ublox_serialization/include/ublox_serialization/ublox_serialization/checksum.hpp
[0.938s] -- Up-to-date symlink: /home/wheeltec/wheeltec_robot/install/ublox_serialization/include/ublox_serialization/ublox_serialization/serialization.hpp
[0.939s] -- Up-to-date symlink: /home/wheeltec/wheeltec_robot/install/ublox_serialization/share/ament_index/resource_index/package_run_dependencies/ublox_serialization
[0.939s] -- Up-to-date symlink: /home/wheeltec/wheeltec_robot/install/ublox_serialization/share/ament_index/resource_index/parent_prefix_path/ublox_serialization
[0.939s] -- Up-to-date symlink: /home/wheeltec/wheeltec_robot/install/ublox_serialization/share/ublox_serialization/environment/ament_prefix_path.sh
[0.939s] -- Up-to-date symlink: /home/wheeltec/wheeltec_robot/install/ublox_serialization/share/ublox_serialization/environment/ament_prefix_path.dsv
[0.939s] -- Up-to-date symlink: /home/wheeltec/wheeltec_robot/install/ublox_serialization/share/ublox_serialization/environment/path.sh
[0.939s] -- Up-to-date symlink: /home/wheeltec/wheeltec_robot/install/ublox_serialization/share/ublox_serialization/environment/path.dsv
[0.939s] -- Up-to-date symlink: /home/wheeltec/wheeltec_robot/install/ublox_serialization/share/ublox_serialization/local_setup.bash
[0.939s] -- Up-to-date symlink: /home/wheeltec/wheeltec_robot/install/ublox_serialization/share/ublox_serialization/local_setup.sh
[0.939s] -- Up-to-date symlink: /home/wheeltec/wheeltec_robot/install/ublox_serialization/share/ublox_serialization/local_setup.zsh
[0.939s] -- Up-to-date symlink: /home/wheeltec/wheeltec_robot/install/ublox_serialization/share/ublox_serialization/local_setup.dsv
[0.940s] -- Symlinking: /home/wheeltec/wheeltec_robot/install/ublox_serialization/share/ublox_serialization/package.dsv
[0.940s] -- Up-to-date symlink: /home/wheeltec/wheeltec_robot/install/ublox_serialization/share/ament_index/resource_index/packages/ublox_serialization
[0.940s] -- Up-to-date symlink: /home/wheeltec/wheeltec_robot/install/ublox_serialization/share/ublox_serialization/cmake/ament_cmake_export_include_directories-extras.cmake
[0.940s] -- Up-to-date symlink: /home/wheeltec/wheeltec_robot/install/ublox_serialization/share/ublox_serialization/cmake/ament_cmake_export_targets-extras.cmake
[0.940s] -- Up-to-date symlink: /home/wheeltec/wheeltec_robot/install/ublox_serialization/share/ublox_serialization/cmake/ublox_serializationConfig.cmake
[0.940s] -- Up-to-date symlink: /home/wheeltec/wheeltec_robot/install/ublox_serialization/share/ublox_serialization/cmake/ublox_serializationConfig-version.cmake
[0.940s] -- Up-to-date symlink: /home/wheeltec/wheeltec_robot/install/ublox_serialization/share/ublox_serialization/package.xml
[0.940s] -- Up-to-date: /home/wheeltec/wheeltec_robot/install/ublox_serialization/share/ublox_serialization/cmake/export_ublox_serializationExport.cmake
[0.971s] Invoked command in '/home/wheeltec/wheeltec_robot/build/ublox_serialization' returned '0': CMAKE_PREFIX_PATH=/opt/ros/humble /usr/bin/cmake --install /home/wheeltec/wheeltec_robot/build/ublox_serialization
