[0.180s] Invoking command in '/home/wheeltec/wheeltec_robot/build/nav2_util': AMENT_PREFIX_PATH=/home/wheeltec/wheeltec_robot/install/nav2_msgs:/home/wheeltec/wheeltec_robot/install/nav2_common:${AMENT_PREFIX_PATH} CMAKE_PREFIX_PATH=/home/wheeltec/wheeltec_robot/install/nav2_msgs:/home/wheeltec/wheeltec_robot/install/nav2_common:/opt/ros/humble LD_LIBRARY_PATH=/home/wheeltec/wheeltec_robot/install/nav2_msgs/lib:/usr/local/cuda-12.6/lib64:/opt/ros/humble/opt/rviz_ogre_vendor/lib:/opt/ros/humble/lib/aarch64-linux-gnu:/opt/ros/humble/lib:/usr/local/cuda-12.6/lib64 PYTHONPATH=/home/wheeltec/wheeltec_robot/install/nav2_msgs/local/lib/python3.10/dist-packages:/home/wheeltec/wheeltec_robot/install/nav2_common/local/lib/python3.10/dist-packages:${PYTHONPATH} /usr/bin/cmake /home/wheeltec/wheeltec_robot/src/navigation2-humble/nav2_util -DCMAKE_INSTALL_PREFIX=/home/wheeltec/wheeltec_robot/install/nav2_util
[0.387s] -- The C compiler identification is GNU 11.4.0
[0.594s] -- The CXX compiler identification is GNU 11.4.0
[0.606s] -- Detecting C compiler ABI info
[0.904s] -- Detecting C compiler ABI info - done
[0.915s] -- Check for working C compiler: /usr/bin/cc - skipped
[0.915s] -- Detecting C compile features
[0.918s] -- Detecting C compile features - done
[0.921s] -- Detecting CXX compiler ABI info
[1.151s] -- Detecting CXX compiler ABI info - done
[1.180s] -- Check for working CXX compiler: /usr/bin/c++ - skipped
[1.180s] -- Detecting CXX compile features
[1.180s] -- Detecting CXX compile features - done
[1.183s] -- Found ament_cmake: 1.3.12 (/opt/ros/humble/share/ament_cmake/cmake)
[2.706s] -- Found Python3: /usr/bin/python3 (found version "3.10.12") found components: Interpreter 
[2.922s] -- Found nav2_common: 1.1.6 (/home/wheeltec/wheeltec_robot/install/nav2_common/share/nav2_common/cmake)
[2.922s] -- Found nav2_msgs: 1.1.6 (/home/wheeltec/wheeltec_robot/install/nav2_msgs/share/nav2_msgs/cmake)
[2.990s] -- Found rosidl_generator_c: 3.1.7 (/opt/ros/humble/share/rosidl_generator_c/cmake)
[3.010s] -- Found rosidl_adapter: 3.1.7 (/opt/ros/humble/share/rosidl_adapter/cmake)
[3.036s] -- Found rosidl_generator_cpp: 3.1.7 (/opt/ros/humble/share/rosidl_generator_cpp/cmake)
[3.064s] -- Using all available rosidl_typesupport_c: rosidl_typesupport_fastrtps_c;rosidl_typesupport_introspection_c
[3.128s] -- Using all available rosidl_typesupport_cpp: rosidl_typesupport_fastrtps_cpp;rosidl_typesupport_introspection_cpp
[3.370s] -- Found tf2_ros: 0.25.15 (/opt/ros/humble/share/tf2_ros/cmake)
[3.592s] -- Found rmw_implementation_cmake: 6.1.2 (/opt/ros/humble/share/rmw_implementation_cmake/cmake)
[3.593s] -- Found rmw_fastrtps_cpp: 6.2.8 (/opt/ros/humble/share/rmw_fastrtps_cpp/cmake)
[4.032s] -- Found OpenSSL: /usr/lib/aarch64-linux-gnu/libcrypto.so (found version "3.0.2")  
[4.163s] -- Found FastRTPS: /opt/ros/humble/include  
[4.284s] -- Using RMW implementation 'rmw_fastrtps_cpp' as default
[4.328s] -- Looking for pthread.h
[4.837s] -- Looking for pthread.h - found
[4.837s] -- Performing Test CMAKE_HAVE_LIBC_PTHREAD
[5.236s] -- Performing Test CMAKE_HAVE_LIBC_PTHREAD - Success
[5.237s] -- Found Threads: TRUE  
[5.488s] -- Found tf2_geometry_msgs: 0.25.15 (/opt/ros/humble/share/tf2_geometry_msgs/cmake)
[5.538s] -- Found eigen3_cmake_module: 0.1.1 (/opt/ros/humble/share/eigen3_cmake_module/cmake)
[5.541s] -- Found Eigen3: TRUE (found version "3.4.0") 
[5.541s] -- Ensuring Eigen3 include directory is part of orocos-kdl CMake target
[5.558s] -- Found lifecycle_msgs: 1.2.2 (/opt/ros/humble/share/lifecycle_msgs/cmake)
[5.628s] -- Found rclcpp_lifecycle: 16.0.14 (/opt/ros/humble/share/rclcpp_lifecycle/cmake)
[5.701s] -- Found bondcpp: 4.1.2 (/opt/ros/humble/share/bondcpp/cmake)
[5.864s] -- Setting build type to Release as none was specified.
[5.956s] -- Found Boost: /usr/lib/aarch64-linux-gnu/cmake/Boost-1.74.0/BoostConfig.cmake (found version "1.74.0") found components: program_options 
[5.959s] -- Found ament_lint_auto: 0.12.14 (/opt/ros/humble/share/ament_lint_auto/cmake)
[5.962s] -- Found ament_cmake_pytest: 1.3.12 (/opt/ros/humble/share/ament_cmake_pytest/cmake)
[5.995s] -- Found launch_testing_ament_cmake: 1.0.10 (/opt/ros/humble/share/launch_testing_ament_cmake/cmake)
[5.997s] -- Found python_cmake_module: 0.10.0 (/opt/ros/humble/share/python_cmake_module/cmake)
[6.128s] -- Found PythonInterp: /usr/bin/python3 (found suitable version "3.10.12", minimum required is "3.6") 
[6.128s] -- Found PythonLibs: /usr/lib/aarch64-linux-gnu/libpython3.10.so (found suitable version "3.10.12", minimum required is "3.5") 
[6.128s] -- Using PYTHON_EXECUTABLE: /usr/bin/python3
[6.128s] -- Using PYTHON_INCLUDE_DIRS: /usr/include/python3.10
[6.128s] -- Using PYTHON_LIBRARIES: /usr/lib/aarch64-linux-gnu/libpython3.10.so
[6.327s] -- Found PythonExtra: .so  
[6.963s] -- Found gtest sources under '/opt/ros/humble/src/gtest_vendor': C++ tests using 'Google Test' will be built
[7.050s] -- Added test 'copyright' to check source files copyright and LICENSE
[7.055s] -- Added test 'cppcheck' to perform static code analysis on C / C++ code
[7.056s] -- Configured cppcheck include dirs: /home/wheeltec/wheeltec_robot/src/navigation2-humble/nav2_util/include
[7.056s] -- Configured cppcheck exclude dirs and/or files: 
[7.058s] -- Added test 'cpplint' to check C / C++ code against the Google style
[7.058s] -- Configured cpplint exclude dirs and/or files: 
[7.060s] -- Added test 'lint_cmake' to check CMake code style
[7.065s] -- Added test 'uncrustify' to check C / C++ code style
[7.066s] -- Configured uncrustify additional arguments: 
[7.066s] -- Added test 'xmllint' to check XML markup files
[7.080s] -- Configuring done
[7.461s] -- Generating done
[7.523s] -- Build files have been written to: /home/wheeltec/wheeltec_robot/build/nav2_util
