-- The C compiler identification is GNU 11.4.0
-- The CXX compiler identification is GNU 11.4.0
-- Detecting C compiler ABI info
-- Detecting C compiler ABI info - done
-- Check for working C compiler: /usr/bin/cc - skipped
-- Detecting C compile features
-- Detecting C compile features - done
-- Detecting CXX compiler ABI info
-- Detecting CXX compiler ABI info - done
-- Check for working CXX compiler: /usr/bin/c++ - skipped
-- Detecting CXX compile features
-- Detecting CXX compile features - done
-- Found ament_cmake: 1.3.12 (/opt/ros/humble/share/ament_cmake/cmake)
-- Found Python3: /usr/bin/python3 (found version "3.10.12") found components: Interpreter 
-- Override CMake install command with custom implementation using symlinks instead of copying resources
-- Found rclcpp: 16.0.14 (/opt/ros/humble/share/rclcpp/cmake)
-- Found rosidl_generator_c: 3.1.7 (/opt/ros/humble/share/rosidl_generator_c/cmake)
-- Found rosidl_adapter: 3.1.7 (/opt/ros/humble/share/rosidl_adapter/cmake)
-- Found rosidl_generator_cpp: 3.1.7 (/opt/ros/humble/share/rosidl_generator_cpp/cmake)
-- Using all available rosidl_typesupport_c: rosidl_typesupport_fastrtps_c;rosidl_typesupport_introspection_c
-- Using all available rosidl_typesupport_cpp: rosidl_typesupport_fastrtps_cpp;rosidl_typesupport_introspection_cpp
-- Found rmw_implementation_cmake: 6.1.2 (/opt/ros/humble/share/rmw_implementation_cmake/cmake)
-- Found rmw_fastrtps_cpp: 6.2.8 (/opt/ros/humble/share/rmw_fastrtps_cpp/cmake)
-- Found OpenSSL: /usr/lib/aarch64-linux-gnu/libcrypto.so (found version "3.0.2")  
-- Found FastRTPS: /opt/ros/humble/include  
-- Using RMW implementation 'rmw_fastrtps_cpp' as default
-- Looking for pthread.h
-- Looking for pthread.h - found
-- Performing Test CMAKE_HAVE_LIBC_PTHREAD
-- Performing Test CMAKE_HAVE_LIBC_PTHREAD - Success
-- Found Threads: TRUE  
-- Found rosidl_default_generators: 1.2.0 (/opt/ros/humble/share/rosidl_default_generators/cmake)
-- Found ament_cmake_ros: 0.10.0 (/opt/ros/humble/share/ament_cmake_ros/cmake)
-- Using all available rosidl_typesupport_c: rosidl_typesupport_fastrtps_c;rosidl_typesupport_introspection_c
-- Using all available rosidl_typesupport_cpp: rosidl_typesupport_fastrtps_cpp;rosidl_typesupport_introspection_cpp
-- Found PythonInterp: /usr/bin/python3 (found suitable version "3.10.12", minimum required is "3.6") 
-- Found python_cmake_module: 0.10.0 (/opt/ros/humble/share/python_cmake_module/cmake)
-- Found PythonLibs: /usr/lib/aarch64-linux-gnu/libpython3.10.so (found suitable version "3.10.12", minimum required is "3.5") 
-- Using PYTHON_EXECUTABLE: /usr/bin/python3
-- Using PYTHON_INCLUDE_DIRS: /usr/include/python3.10
-- Using PYTHON_LIBRARIES: /usr/lib/aarch64-linux-gnu/libpython3.10.so
-- Found PythonExtra: .so  
-- Configuring done
-- Generating done
-- Build files have been written to: /home/wheeltec/wheeltec_robot/src/build/wheeltec_mic_msg
[  1%] [34m[1mGenerating C++ code for ROS interfaces[0m
[  1%] Built target wheeltec_mic_msg__cpp
[  1%] Built target ament_cmake_python_symlink_wheeltec_mic_msg
[  2%] [34m[1mGenerating C++ introspection for ROS interfaces[0m
[  3%] [32mBuilding CXX object CMakeFiles/wheeltec_mic_msg__rosidl_typesupport_introspection_cpp.dir/rosidl_typesupport_introspection_cpp/wheeltec_mic_msg/msg/detail/pcm_msg__type_support.cpp.o[0m
[  5%] [32mBuilding CXX object CMakeFiles/wheeltec_mic_msg__rosidl_typesupport_introspection_cpp.dir/rosidl_typesupport_introspection_cpp/wheeltec_mic_msg/srv/detail/get_offline_result__type_support.cpp.o[0m
[  6%] [32mBuilding CXX object CMakeFiles/wheeltec_mic_msg__rosidl_typesupport_introspection_cpp.dir/rosidl_typesupport_introspection_cpp/wheeltec_mic_msg/srv/detail/set_awake_word__type_support.cpp.o[0m
[  7%] [32mBuilding CXX object CMakeFiles/wheeltec_mic_msg__rosidl_typesupport_introspection_cpp.dir/rosidl_typesupport_introspection_cpp/wheeltec_mic_msg/srv/detail/set_major_mic__type_support.cpp.o[0m
[  8%] [32mBuilding CXX object CMakeFiles/wheeltec_mic_msg__rosidl_typesupport_introspection_cpp.dir/rosidl_typesupport_introspection_cpp/wheeltec_mic_msg/srv/detail/switch_mic__type_support.cpp.o[0m
[ 10%] [32mBuilding CXX object CMakeFiles/wheeltec_mic_msg__rosidl_typesupport_introspection_cpp.dir/rosidl_typesupport_introspection_cpp/wheeltec_mic_msg/srv/detail/get_device_type__type_support.cpp.o[0m
[ 11%] [32mBuilding CXX object CMakeFiles/wheeltec_mic_msg__rosidl_typesupport_introspection_cpp.dir/rosidl_typesupport_introspection_cpp/wheeltec_mic_msg/msg/detail/motion_control__type_support.cpp.o[0m
[ 12%] [32m[1mLinking CXX shared library libwheeltec_mic_msg__rosidl_typesupport_introspection_cpp.so[0m
[ 12%] Built target wheeltec_mic_msg__rosidl_typesupport_introspection_cpp
running egg_info
creating wheeltec_mic_msg.egg-info
writing wheeltec_mic_msg.egg-info/PKG-INFO
writing dependency_links to wheeltec_mic_msg.egg-info/dependency_links.txt
writing top-level names to wheeltec_mic_msg.egg-info/top_level.txt
writing manifest file 'wheeltec_mic_msg.egg-info/SOURCES.txt'
reading manifest file 'wheeltec_mic_msg.egg-info/SOURCES.txt'
writing manifest file 'wheeltec_mic_msg.egg-info/SOURCES.txt'
[ 12%] Built target ament_cmake_python_build_wheeltec_mic_msg_egg
[ 13%] [34m[1mGenerating C++ type support for eProsima Fast-RTPS[0m
[ 15%] [32mBuilding CXX object CMakeFiles/wheeltec_mic_msg__rosidl_typesupport_fastrtps_cpp.dir/rosidl_typesupport_fastrtps_cpp/wheeltec_mic_msg/msg/detail/dds_fastrtps/pcm_msg__type_support.cpp.o[0m
[ 16%] [32mBuilding CXX object CMakeFiles/wheeltec_mic_msg__rosidl_typesupport_fastrtps_cpp.dir/rosidl_typesupport_fastrtps_cpp/wheeltec_mic_msg/srv/detail/dds_fastrtps/set_major_mic__type_support.cpp.o[0m
[ 17%] [32mBuilding CXX object CMakeFiles/wheeltec_mic_msg__rosidl_typesupport_fastrtps_cpp.dir/rosidl_typesupport_fastrtps_cpp/wheeltec_mic_msg/srv/detail/dds_fastrtps/switch_mic__type_support.cpp.o[0m
[ 18%] [32mBuilding CXX object CMakeFiles/wheeltec_mic_msg__rosidl_typesupport_fastrtps_cpp.dir/rosidl_typesupport_fastrtps_cpp/wheeltec_mic_msg/srv/detail/dds_fastrtps/set_awake_word__type_support.cpp.o[0m
[ 20%] [32mBuilding CXX object CMakeFiles/wheeltec_mic_msg__rosidl_typesupport_fastrtps_cpp.dir/rosidl_typesupport_fastrtps_cpp/wheeltec_mic_msg/srv/detail/dds_fastrtps/get_offline_result__type_support.cpp.o[0m
[ 21%] [32mBuilding CXX object CMakeFiles/wheeltec_mic_msg__rosidl_typesupport_fastrtps_cpp.dir/rosidl_typesupport_fastrtps_cpp/wheeltec_mic_msg/srv/detail/dds_fastrtps/get_device_type__type_support.cpp.o[0m
[ 22%] [32mBuilding CXX object CMakeFiles/wheeltec_mic_msg__rosidl_typesupport_fastrtps_cpp.dir/rosidl_typesupport_fastrtps_cpp/wheeltec_mic_msg/msg/detail/dds_fastrtps/motion_control__type_support.cpp.o[0m
[ 24%] [32m[1mLinking CXX shared library libwheeltec_mic_msg__rosidl_typesupport_fastrtps_cpp.so[0m
[ 24%] Built target wheeltec_mic_msg__rosidl_typesupport_fastrtps_cpp
[ 25%] [34m[1mGenerating C++ type support dispatch for ROS interfaces[0m
[ 26%] [32mBuilding CXX object CMakeFiles/wheeltec_mic_msg__rosidl_typesupport_cpp.dir/rosidl_typesupport_cpp/wheeltec_mic_msg/msg/pcm_msg__type_support.cpp.o[0m
[ 27%] [32mBuilding CXX object CMakeFiles/wheeltec_mic_msg__rosidl_typesupport_cpp.dir/rosidl_typesupport_cpp/wheeltec_mic_msg/srv/switch_mic__type_support.cpp.o[0m
[ 29%] [32mBuilding CXX object CMakeFiles/wheeltec_mic_msg__rosidl_typesupport_cpp.dir/rosidl_typesupport_cpp/wheeltec_mic_msg/srv/set_major_mic__type_support.cpp.o[0m
[ 30%] [32mBuilding CXX object CMakeFiles/wheeltec_mic_msg__rosidl_typesupport_cpp.dir/rosidl_typesupport_cpp/wheeltec_mic_msg/srv/set_awake_word__type_support.cpp.o[0m
[ 31%] [32mBuilding CXX object CMakeFiles/wheeltec_mic_msg__rosidl_typesupport_cpp.dir/rosidl_typesupport_cpp/wheeltec_mic_msg/srv/get_offline_result__type_support.cpp.o[0m
[ 32%] [32mBuilding CXX object CMakeFiles/wheeltec_mic_msg__rosidl_typesupport_cpp.dir/rosidl_typesupport_cpp/wheeltec_mic_msg/srv/get_device_type__type_support.cpp.o[0m
[ 34%] [32mBuilding CXX object CMakeFiles/wheeltec_mic_msg__rosidl_typesupport_cpp.dir/rosidl_typesupport_cpp/wheeltec_mic_msg/msg/motion_control__type_support.cpp.o[0m
[ 35%] [32m[1mLinking CXX shared library libwheeltec_mic_msg__rosidl_typesupport_cpp.so[0m
[ 35%] Built target wheeltec_mic_msg__rosidl_typesupport_cpp
[ 36%] [34m[1mGenerating C code for ROS interfaces[0m
[ 37%] [32mBuilding C object CMakeFiles/wheeltec_mic_msg__rosidl_generator_c.dir/rosidl_generator_c/wheeltec_mic_msg/msg/detail/pcm_msg__functions.c.o[0m
[ 39%] [32mBuilding C object CMakeFiles/wheeltec_mic_msg__rosidl_generator_c.dir/rosidl_generator_c/wheeltec_mic_msg/srv/detail/switch_mic__functions.c.o[0m
[ 40%] [32mBuilding C object CMakeFiles/wheeltec_mic_msg__rosidl_generator_c.dir/rosidl_generator_c/wheeltec_mic_msg/srv/detail/set_major_mic__functions.c.o[0m
[ 41%] [32mBuilding C object CMakeFiles/wheeltec_mic_msg__rosidl_generator_c.dir/rosidl_generator_c/wheeltec_mic_msg/srv/detail/set_awake_word__functions.c.o[0m
[ 43%] [32mBuilding C object CMakeFiles/wheeltec_mic_msg__rosidl_generator_c.dir/rosidl_generator_c/wheeltec_mic_msg/srv/detail/get_offline_result__functions.c.o[0m
[ 44%] [32mBuilding C object CMakeFiles/wheeltec_mic_msg__rosidl_generator_c.dir/rosidl_generator_c/wheeltec_mic_msg/srv/detail/get_device_type__functions.c.o[0m
[ 45%] [32mBuilding C object CMakeFiles/wheeltec_mic_msg__rosidl_generator_c.dir/rosidl_generator_c/wheeltec_mic_msg/msg/detail/motion_control__functions.c.o[0m
[ 46%] [32m[1mLinking C shared library libwheeltec_mic_msg__rosidl_generator_c.so[0m
[ 46%] Built target wheeltec_mic_msg__rosidl_generator_c
[ 48%] [34m[1mGenerating C type support for eProsima Fast-RTPS[0m
[ 49%] [32mBuilding CXX object CMakeFiles/wheeltec_mic_msg__rosidl_typesupport_fastrtps_c.dir/rosidl_typesupport_fastrtps_c/wheeltec_mic_msg/msg/detail/pcm_msg__type_support_c.cpp.o[0m
[ 50%] [32mBuilding CXX object CMakeFiles/wheeltec_mic_msg__rosidl_typesupport_fastrtps_c.dir/rosidl_typesupport_fastrtps_c/wheeltec_mic_msg/srv/detail/set_major_mic__type_support_c.cpp.o[0m
[ 51%] [32mBuilding CXX object CMakeFiles/wheeltec_mic_msg__rosidl_typesupport_fastrtps_c.dir/rosidl_typesupport_fastrtps_c/wheeltec_mic_msg/srv/detail/switch_mic__type_support_c.cpp.o[0m
[ 53%] [32mBuilding CXX object CMakeFiles/wheeltec_mic_msg__rosidl_typesupport_fastrtps_c.dir/rosidl_typesupport_fastrtps_c/wheeltec_mic_msg/srv/detail/set_awake_word__type_support_c.cpp.o[0m
[ 54%] [32mBuilding CXX object CMakeFiles/wheeltec_mic_msg__rosidl_typesupport_fastrtps_c.dir/rosidl_typesupport_fastrtps_c/wheeltec_mic_msg/srv/detail/get_offline_result__type_support_c.cpp.o[0m
[ 55%] [32mBuilding CXX object CMakeFiles/wheeltec_mic_msg__rosidl_typesupport_fastrtps_c.dir/rosidl_typesupport_fastrtps_c/wheeltec_mic_msg/srv/detail/get_device_type__type_support_c.cpp.o[0m
[ 56%] [32mBuilding CXX object CMakeFiles/wheeltec_mic_msg__rosidl_typesupport_fastrtps_c.dir/rosidl_typesupport_fastrtps_c/wheeltec_mic_msg/msg/detail/motion_control__type_support_c.cpp.o[0m
[ 58%] [32m[1mLinking CXX shared library libwheeltec_mic_msg__rosidl_typesupport_fastrtps_c.so[0m
[ 58%] Built target wheeltec_mic_msg__rosidl_typesupport_fastrtps_c
[ 59%] [34m[1mGenerating C type support dispatch for ROS interfaces[0m
[ 60%] [32mBuilding CXX object CMakeFiles/wheeltec_mic_msg__rosidl_typesupport_c.dir/rosidl_typesupport_c/wheeltec_mic_msg/msg/pcm_msg__type_support.cpp.o[0m
[ 62%] [32mBuilding CXX object CMakeFiles/wheeltec_mic_msg__rosidl_typesupport_c.dir/rosidl_typesupport_c/wheeltec_mic_msg/srv/switch_mic__type_support.cpp.o[0m
[ 63%] [32mBuilding CXX object CMakeFiles/wheeltec_mic_msg__rosidl_typesupport_c.dir/rosidl_typesupport_c/wheeltec_mic_msg/srv/set_major_mic__type_support.cpp.o[0m
[ 64%] [32mBuilding CXX object CMakeFiles/wheeltec_mic_msg__rosidl_typesupport_c.dir/rosidl_typesupport_c/wheeltec_mic_msg/srv/set_awake_word__type_support.cpp.o[0m
[ 65%] [32mBuilding CXX object CMakeFiles/wheeltec_mic_msg__rosidl_typesupport_c.dir/rosidl_typesupport_c/wheeltec_mic_msg/srv/get_offline_result__type_support.cpp.o[0m
[ 67%] [32mBuilding CXX object CMakeFiles/wheeltec_mic_msg__rosidl_typesupport_c.dir/rosidl_typesupport_c/wheeltec_mic_msg/srv/get_device_type__type_support.cpp.o[0m
[ 68%] [32mBuilding CXX object CMakeFiles/wheeltec_mic_msg__rosidl_typesupport_c.dir/rosidl_typesupport_c/wheeltec_mic_msg/msg/motion_control__type_support.cpp.o[0m
[ 69%] [32m[1mLinking CXX shared library libwheeltec_mic_msg__rosidl_typesupport_c.so[0m
[ 69%] Built target wheeltec_mic_msg__rosidl_typesupport_c
[ 70%] [34m[1mGenerating C introspection for ROS interfaces[0m
[ 72%] [32mBuilding C object CMakeFiles/wheeltec_mic_msg__rosidl_typesupport_introspection_c.dir/rosidl_typesupport_introspection_c/wheeltec_mic_msg/msg/detail/pcm_msg__type_support.c.o[0m
[ 73%] [32mBuilding C object CMakeFiles/wheeltec_mic_msg__rosidl_typesupport_introspection_c.dir/rosidl_typesupport_introspection_c/wheeltec_mic_msg/srv/detail/switch_mic__type_support.c.o[0m
[ 74%] [32mBuilding C object CMakeFiles/wheeltec_mic_msg__rosidl_typesupport_introspection_c.dir/rosidl_typesupport_introspection_c/wheeltec_mic_msg/srv/detail/set_major_mic__type_support.c.o[0m
[ 75%] [32mBuilding C object CMakeFiles/wheeltec_mic_msg__rosidl_typesupport_introspection_c.dir/rosidl_typesupport_introspection_c/wheeltec_mic_msg/srv/detail/set_awake_word__type_support.c.o[0m
[ 77%] [32mBuilding C object CMakeFiles/wheeltec_mic_msg__rosidl_typesupport_introspection_c.dir/rosidl_typesupport_introspection_c/wheeltec_mic_msg/srv/detail/get_offline_result__type_support.c.o[0m
[ 78%] [32mBuilding C object CMakeFiles/wheeltec_mic_msg__rosidl_typesupport_introspection_c.dir/rosidl_typesupport_introspection_c/wheeltec_mic_msg/srv/detail/get_device_type__type_support.c.o[0m
[ 79%] [32mBuilding C object CMakeFiles/wheeltec_mic_msg__rosidl_typesupport_introspection_c.dir/rosidl_typesupport_introspection_c/wheeltec_mic_msg/msg/detail/motion_control__type_support.c.o[0m
[ 81%] [32m[1mLinking C shared library libwheeltec_mic_msg__rosidl_typesupport_introspection_c.so[0m
[ 81%] Built target wheeltec_mic_msg__rosidl_typesupport_introspection_c
[ 81%] Built target wheeltec_mic_msg
[ 82%] [34m[1mGenerating Python code for ROS interfaces[0m
[ 82%] Built target wheeltec_mic_msg__py
[ 83%] [32mBuilding C object CMakeFiles/wheeltec_mic_msg__rosidl_generator_py.dir/rosidl_generator_py/wheeltec_mic_msg/msg/_pcm_msg_s.c.o[0m
[ 84%] [32mBuilding C object CMakeFiles/wheeltec_mic_msg__rosidl_generator_py.dir/rosidl_generator_py/wheeltec_mic_msg/srv/_switch_mic_s.c.o[0m
[ 86%] [32mBuilding C object CMakeFiles/wheeltec_mic_msg__rosidl_generator_py.dir/rosidl_generator_py/wheeltec_mic_msg/srv/_set_major_mic_s.c.o[0m
[ 87%] [32mBuilding C object CMakeFiles/wheeltec_mic_msg__rosidl_generator_py.dir/rosidl_generator_py/wheeltec_mic_msg/srv/_set_awake_word_s.c.o[0m
[ 88%] [32mBuilding C object CMakeFiles/wheeltec_mic_msg__rosidl_generator_py.dir/rosidl_generator_py/wheeltec_mic_msg/srv/_get_offline_result_s.c.o[0m
[ 89%] [32mBuilding C object CMakeFiles/wheeltec_mic_msg__rosidl_generator_py.dir/rosidl_generator_py/wheeltec_mic_msg/srv/_get_device_type_s.c.o[0m
[ 91%] [32mBuilding C object CMakeFiles/wheeltec_mic_msg__rosidl_generator_py.dir/rosidl_generator_py/wheeltec_mic_msg/msg/_motion_control_s.c.o[0m
[ 92%] [32m[1mLinking C shared library rosidl_generator_py/wheeltec_mic_msg/libwheeltec_mic_msg__rosidl_generator_py.so[0m
[ 92%] Built target wheeltec_mic_msg__rosidl_generator_py
[ 93%] [32mBuilding C object CMakeFiles/wheeltec_mic_msg__rosidl_typesupport_fastrtps_c__pyext.dir/rosidl_generator_py/wheeltec_mic_msg/_wheeltec_mic_msg_s.ep.rosidl_typesupport_fastrtps_c.c.o[0m
[ 94%] [32m[1mLinking C shared library rosidl_generator_py/wheeltec_mic_msg/wheeltec_mic_msg_s__rosidl_typesupport_fastrtps_c.cpython-310-aarch64-linux-gnu.so[0m
[ 94%] Built target wheeltec_mic_msg__rosidl_typesupport_fastrtps_c__pyext
[ 96%] [32mBuilding C object CMakeFiles/wheeltec_mic_msg__rosidl_typesupport_c__pyext.dir/rosidl_generator_py/wheeltec_mic_msg/_wheeltec_mic_msg_s.ep.rosidl_typesupport_c.c.o[0m
[ 97%] [32m[1mLinking C shared library rosidl_generator_py/wheeltec_mic_msg/wheeltec_mic_msg_s__rosidl_typesupport_c.cpython-310-aarch64-linux-gnu.so[0m
[ 97%] Built target wheeltec_mic_msg__rosidl_typesupport_c__pyext
[ 98%] [32mBuilding C object CMakeFiles/wheeltec_mic_msg__rosidl_typesupport_introspection_c__pyext.dir/rosidl_generator_py/wheeltec_mic_msg/_wheeltec_mic_msg_s.ep.rosidl_typesupport_introspection_c.c.o[0m
[100%] [32m[1mLinking C shared library rosidl_generator_py/wheeltec_mic_msg/wheeltec_mic_msg_s__rosidl_typesupport_introspection_c.cpython-310-aarch64-linux-gnu.so[0m
[100%] Built target wheeltec_mic_msg__rosidl_typesupport_introspection_c__pyext
-- Install configuration: ""
-- Execute custom install script
-- Symlinking: /home/wheeltec/wheeltec_robot/src/install/wheeltec_mic_msg/share/ament_index/resource_index/rosidl_interfaces/wheeltec_mic_msg
-- Symlinking: /home/wheeltec/wheeltec_robot/src/install/wheeltec_mic_msg/include/wheeltec_mic_msg/wheeltec_mic_msg/msg/detail/motion_control__functions.h
-- Symlinking: /home/wheeltec/wheeltec_robot/src/install/wheeltec_mic_msg/include/wheeltec_mic_msg/wheeltec_mic_msg/msg/detail/motion_control__struct.h
-- Symlinking: /home/wheeltec/wheeltec_robot/src/install/wheeltec_mic_msg/include/wheeltec_mic_msg/wheeltec_mic_msg/msg/detail/motion_control__type_support.h
-- Symlinking: /home/wheeltec/wheeltec_robot/src/install/wheeltec_mic_msg/include/wheeltec_mic_msg/wheeltec_mic_msg/msg/detail/pcm_msg__functions.h
-- Symlinking: /home/wheeltec/wheeltec_robot/src/install/wheeltec_mic_msg/include/wheeltec_mic_msg/wheeltec_mic_msg/msg/detail/pcm_msg__struct.h
-- Symlinking: /home/wheeltec/wheeltec_robot/src/install/wheeltec_mic_msg/include/wheeltec_mic_msg/wheeltec_mic_msg/msg/detail/pcm_msg__type_support.h
-- Symlinking: /home/wheeltec/wheeltec_robot/src/install/wheeltec_mic_msg/include/wheeltec_mic_msg/wheeltec_mic_msg/msg/motion_control.h
-- Symlinking: /home/wheeltec/wheeltec_robot/src/install/wheeltec_mic_msg/include/wheeltec_mic_msg/wheeltec_mic_msg/msg/pcm_msg.h
-- Symlinking: /home/wheeltec/wheeltec_robot/src/install/wheeltec_mic_msg/include/wheeltec_mic_msg/wheeltec_mic_msg/msg/rosidl_generator_c__visibility_control.h
-- Symlinking: /home/wheeltec/wheeltec_robot/src/install/wheeltec_mic_msg/include/wheeltec_mic_msg/wheeltec_mic_msg/srv/detail/get_device_type__functions.h
-- Symlinking: /home/wheeltec/wheeltec_robot/src/install/wheeltec_mic_msg/include/wheeltec_mic_msg/wheeltec_mic_msg/srv/detail/get_device_type__struct.h
-- Symlinking: /home/wheeltec/wheeltec_robot/src/install/wheeltec_mic_msg/include/wheeltec_mic_msg/wheeltec_mic_msg/srv/detail/get_device_type__type_support.h
-- Symlinking: /home/wheeltec/wheeltec_robot/src/install/wheeltec_mic_msg/include/wheeltec_mic_msg/wheeltec_mic_msg/srv/detail/get_offline_result__functions.h
-- Symlinking: /home/wheeltec/wheeltec_robot/src/install/wheeltec_mic_msg/include/wheeltec_mic_msg/wheeltec_mic_msg/srv/detail/get_offline_result__struct.h
-- Symlinking: /home/wheeltec/wheeltec_robot/src/install/wheeltec_mic_msg/include/wheeltec_mic_msg/wheeltec_mic_msg/srv/detail/get_offline_result__type_support.h
-- Symlinking: /home/wheeltec/wheeltec_robot/src/install/wheeltec_mic_msg/include/wheeltec_mic_msg/wheeltec_mic_msg/srv/detail/set_awake_word__functions.h
-- Symlinking: /home/wheeltec/wheeltec_robot/src/install/wheeltec_mic_msg/include/wheeltec_mic_msg/wheeltec_mic_msg/srv/detail/set_awake_word__struct.h
-- Symlinking: /home/wheeltec/wheeltec_robot/src/install/wheeltec_mic_msg/include/wheeltec_mic_msg/wheeltec_mic_msg/srv/detail/set_awake_word__type_support.h
-- Symlinking: /home/wheeltec/wheeltec_robot/src/install/wheeltec_mic_msg/include/wheeltec_mic_msg/wheeltec_mic_msg/srv/detail/set_major_mic__functions.h
-- Symlinking: /home/wheeltec/wheeltec_robot/src/install/wheeltec_mic_msg/include/wheeltec_mic_msg/wheeltec_mic_msg/srv/detail/set_major_mic__struct.h
-- Symlinking: /home/wheeltec/wheeltec_robot/src/install/wheeltec_mic_msg/include/wheeltec_mic_msg/wheeltec_mic_msg/srv/detail/set_major_mic__type_support.h
-- Symlinking: /home/wheeltec/wheeltec_robot/src/install/wheeltec_mic_msg/include/wheeltec_mic_msg/wheeltec_mic_msg/srv/detail/switch_mic__functions.h
-- Symlinking: /home/wheeltec/wheeltec_robot/src/install/wheeltec_mic_msg/include/wheeltec_mic_msg/wheeltec_mic_msg/srv/detail/switch_mic__struct.h
-- Symlinking: /home/wheeltec/wheeltec_robot/src/install/wheeltec_mic_msg/include/wheeltec_mic_msg/wheeltec_mic_msg/srv/detail/switch_mic__type_support.h
-- Symlinking: /home/wheeltec/wheeltec_robot/src/install/wheeltec_mic_msg/include/wheeltec_mic_msg/wheeltec_mic_msg/srv/get_device_type.h
-- Symlinking: /home/wheeltec/wheeltec_robot/src/install/wheeltec_mic_msg/include/wheeltec_mic_msg/wheeltec_mic_msg/srv/get_offline_result.h
-- Symlinking: /home/wheeltec/wheeltec_robot/src/install/wheeltec_mic_msg/include/wheeltec_mic_msg/wheeltec_mic_msg/srv/set_awake_word.h
-- Symlinking: /home/wheeltec/wheeltec_robot/src/install/wheeltec_mic_msg/include/wheeltec_mic_msg/wheeltec_mic_msg/srv/set_major_mic.h
-- Symlinking: /home/wheeltec/wheeltec_robot/src/install/wheeltec_mic_msg/include/wheeltec_mic_msg/wheeltec_mic_msg/srv/switch_mic.h
-- Symlinking: /home/wheeltec/wheeltec_robot/src/install/wheeltec_mic_msg/share/wheeltec_mic_msg/environment/library_path.sh
-- Symlinking: /home/wheeltec/wheeltec_robot/src/install/wheeltec_mic_msg/share/wheeltec_mic_msg/environment/library_path.dsv
-- Symlinking: /home/wheeltec/wheeltec_robot/src/install/wheeltec_mic_msg/include/wheeltec_mic_msg/wheeltec_mic_msg/msg/detail/motion_control__rosidl_typesupport_fastrtps_c.h
-- Symlinking: /home/wheeltec/wheeltec_robot/src/install/wheeltec_mic_msg/include/wheeltec_mic_msg/wheeltec_mic_msg/msg/detail/pcm_msg__rosidl_typesupport_fastrtps_c.h
-- Symlinking: /home/wheeltec/wheeltec_robot/src/install/wheeltec_mic_msg/include/wheeltec_mic_msg/wheeltec_mic_msg/msg/rosidl_typesupport_fastrtps_c__visibility_control.h
-- Symlinking: /home/wheeltec/wheeltec_robot/src/install/wheeltec_mic_msg/include/wheeltec_mic_msg/wheeltec_mic_msg/srv/detail/get_device_type__rosidl_typesupport_fastrtps_c.h
-- Symlinking: /home/wheeltec/wheeltec_robot/src/install/wheeltec_mic_msg/include/wheeltec_mic_msg/wheeltec_mic_msg/srv/detail/get_offline_result__rosidl_typesupport_fastrtps_c.h
-- Symlinking: /home/wheeltec/wheeltec_robot/src/install/wheeltec_mic_msg/include/wheeltec_mic_msg/wheeltec_mic_msg/srv/detail/set_awake_word__rosidl_typesupport_fastrtps_c.h
-- Symlinking: /home/wheeltec/wheeltec_robot/src/install/wheeltec_mic_msg/include/wheeltec_mic_msg/wheeltec_mic_msg/srv/detail/set_major_mic__rosidl_typesupport_fastrtps_c.h
-- Symlinking: /home/wheeltec/wheeltec_robot/src/install/wheeltec_mic_msg/include/wheeltec_mic_msg/wheeltec_mic_msg/srv/detail/switch_mic__rosidl_typesupport_fastrtps_c.h
-- Symlinking: /home/wheeltec/wheeltec_robot/src/install/wheeltec_mic_msg/include/wheeltec_mic_msg/wheeltec_mic_msg/msg/detail/motion_control__builder.hpp
-- Symlinking: /home/wheeltec/wheeltec_robot/src/install/wheeltec_mic_msg/include/wheeltec_mic_msg/wheeltec_mic_msg/msg/detail/motion_control__struct.hpp
-- Symlinking: /home/wheeltec/wheeltec_robot/src/install/wheeltec_mic_msg/include/wheeltec_mic_msg/wheeltec_mic_msg/msg/detail/motion_control__traits.hpp
-- Symlinking: /home/wheeltec/wheeltec_robot/src/install/wheeltec_mic_msg/include/wheeltec_mic_msg/wheeltec_mic_msg/msg/detail/motion_control__type_support.hpp
-- Symlinking: /home/wheeltec/wheeltec_robot/src/install/wheeltec_mic_msg/include/wheeltec_mic_msg/wheeltec_mic_msg/msg/detail/pcm_msg__builder.hpp
-- Symlinking: /home/wheeltec/wheeltec_robot/src/install/wheeltec_mic_msg/include/wheeltec_mic_msg/wheeltec_mic_msg/msg/detail/pcm_msg__struct.hpp
-- Symlinking: /home/wheeltec/wheeltec_robot/src/install/wheeltec_mic_msg/include/wheeltec_mic_msg/wheeltec_mic_msg/msg/detail/pcm_msg__traits.hpp
-- Symlinking: /home/wheeltec/wheeltec_robot/src/install/wheeltec_mic_msg/include/wheeltec_mic_msg/wheeltec_mic_msg/msg/detail/pcm_msg__type_support.hpp
-- Symlinking: /home/wheeltec/wheeltec_robot/src/install/wheeltec_mic_msg/include/wheeltec_mic_msg/wheeltec_mic_msg/msg/motion_control.hpp
-- Symlinking: /home/wheeltec/wheeltec_robot/src/install/wheeltec_mic_msg/include/wheeltec_mic_msg/wheeltec_mic_msg/msg/pcm_msg.hpp
-- Symlinking: /home/wheeltec/wheeltec_robot/src/install/wheeltec_mic_msg/include/wheeltec_mic_msg/wheeltec_mic_msg/msg/rosidl_generator_cpp__visibility_control.hpp
-- Symlinking: /home/wheeltec/wheeltec_robot/src/install/wheeltec_mic_msg/include/wheeltec_mic_msg/wheeltec_mic_msg/srv/detail/get_device_type__builder.hpp
-- Symlinking: /home/wheeltec/wheeltec_robot/src/install/wheeltec_mic_msg/include/wheeltec_mic_msg/wheeltec_mic_msg/srv/detail/get_device_type__struct.hpp
-- Symlinking: /home/wheeltec/wheeltec_robot/src/install/wheeltec_mic_msg/include/wheeltec_mic_msg/wheeltec_mic_msg/srv/detail/get_device_type__traits.hpp
-- Symlinking: /home/wheeltec/wheeltec_robot/src/install/wheeltec_mic_msg/include/wheeltec_mic_msg/wheeltec_mic_msg/srv/detail/get_device_type__type_support.hpp
-- Symlinking: /home/wheeltec/wheeltec_robot/src/install/wheeltec_mic_msg/include/wheeltec_mic_msg/wheeltec_mic_msg/srv/detail/get_offline_result__builder.hpp
-- Symlinking: /home/wheeltec/wheeltec_robot/src/install/wheeltec_mic_msg/include/wheeltec_mic_msg/wheeltec_mic_msg/srv/detail/get_offline_result__struct.hpp
-- Symlinking: /home/wheeltec/wheeltec_robot/src/install/wheeltec_mic_msg/include/wheeltec_mic_msg/wheeltec_mic_msg/srv/detail/get_offline_result__traits.hpp
-- Symlinking: /home/wheeltec/wheeltec_robot/src/install/wheeltec_mic_msg/include/wheeltec_mic_msg/wheeltec_mic_msg/srv/detail/get_offline_result__type_support.hpp
-- Symlinking: /home/wheeltec/wheeltec_robot/src/install/wheeltec_mic_msg/include/wheeltec_mic_msg/wheeltec_mic_msg/srv/detail/set_awake_word__builder.hpp
-- Symlinking: /home/wheeltec/wheeltec_robot/src/install/wheeltec_mic_msg/include/wheeltec_mic_msg/wheeltec_mic_msg/srv/detail/set_awake_word__struct.hpp
-- Symlinking: /home/wheeltec/wheeltec_robot/src/install/wheeltec_mic_msg/include/wheeltec_mic_msg/wheeltec_mic_msg/srv/detail/set_awake_word__traits.hpp
-- Symlinking: /home/wheeltec/wheeltec_robot/src/install/wheeltec_mic_msg/include/wheeltec_mic_msg/wheeltec_mic_msg/srv/detail/set_awake_word__type_support.hpp
-- Symlinking: /home/wheeltec/wheeltec_robot/src/install/wheeltec_mic_msg/include/wheeltec_mic_msg/wheeltec_mic_msg/srv/detail/set_major_mic__builder.hpp
-- Symlinking: /home/wheeltec/wheeltec_robot/src/install/wheeltec_mic_msg/include/wheeltec_mic_msg/wheeltec_mic_msg/srv/detail/set_major_mic__struct.hpp
-- Symlinking: /home/wheeltec/wheeltec_robot/src/install/wheeltec_mic_msg/include/wheeltec_mic_msg/wheeltec_mic_msg/srv/detail/set_major_mic__traits.hpp
-- Symlinking: /home/wheeltec/wheeltec_robot/src/install/wheeltec_mic_msg/include/wheeltec_mic_msg/wheeltec_mic_msg/srv/detail/set_major_mic__type_support.hpp
-- Symlinking: /home/wheeltec/wheeltec_robot/src/install/wheeltec_mic_msg/include/wheeltec_mic_msg/wheeltec_mic_msg/srv/detail/switch_mic__builder.hpp
-- Symlinking: /home/wheeltec/wheeltec_robot/src/install/wheeltec_mic_msg/include/wheeltec_mic_msg/wheeltec_mic_msg/srv/detail/switch_mic__struct.hpp
-- Symlinking: /home/wheeltec/wheeltec_robot/src/install/wheeltec_mic_msg/include/wheeltec_mic_msg/wheeltec_mic_msg/srv/detail/switch_mic__traits.hpp
-- Symlinking: /home/wheeltec/wheeltec_robot/src/install/wheeltec_mic_msg/include/wheeltec_mic_msg/wheeltec_mic_msg/srv/detail/switch_mic__type_support.hpp
-- Symlinking: /home/wheeltec/wheeltec_robot/src/install/wheeltec_mic_msg/include/wheeltec_mic_msg/wheeltec_mic_msg/srv/get_device_type.hpp
-- Symlinking: /home/wheeltec/wheeltec_robot/src/install/wheeltec_mic_msg/include/wheeltec_mic_msg/wheeltec_mic_msg/srv/get_offline_result.hpp
-- Symlinking: /home/wheeltec/wheeltec_robot/src/install/wheeltec_mic_msg/include/wheeltec_mic_msg/wheeltec_mic_msg/srv/set_awake_word.hpp
-- Symlinking: /home/wheeltec/wheeltec_robot/src/install/wheeltec_mic_msg/include/wheeltec_mic_msg/wheeltec_mic_msg/srv/set_major_mic.hpp
-- Symlinking: /home/wheeltec/wheeltec_robot/src/install/wheeltec_mic_msg/include/wheeltec_mic_msg/wheeltec_mic_msg/srv/switch_mic.hpp
-- Symlinking: /home/wheeltec/wheeltec_robot/src/install/wheeltec_mic_msg/include/wheeltec_mic_msg/wheeltec_mic_msg/msg/detail/motion_control__rosidl_typesupport_fastrtps_cpp.hpp
-- Symlinking: /home/wheeltec/wheeltec_robot/src/install/wheeltec_mic_msg/include/wheeltec_mic_msg/wheeltec_mic_msg/msg/detail/pcm_msg__rosidl_typesupport_fastrtps_cpp.hpp
-- Symlinking: /home/wheeltec/wheeltec_robot/src/install/wheeltec_mic_msg/include/wheeltec_mic_msg/wheeltec_mic_msg/msg/rosidl_typesupport_fastrtps_cpp__visibility_control.h
-- Symlinking: /home/wheeltec/wheeltec_robot/src/install/wheeltec_mic_msg/include/wheeltec_mic_msg/wheeltec_mic_msg/srv/detail/get_device_type__rosidl_typesupport_fastrtps_cpp.hpp
-- Symlinking: /home/wheeltec/wheeltec_robot/src/install/wheeltec_mic_msg/include/wheeltec_mic_msg/wheeltec_mic_msg/srv/detail/get_offline_result__rosidl_typesupport_fastrtps_cpp.hpp
-- Symlinking: /home/wheeltec/wheeltec_robot/src/install/wheeltec_mic_msg/include/wheeltec_mic_msg/wheeltec_mic_msg/srv/detail/set_awake_word__rosidl_typesupport_fastrtps_cpp.hpp
-- Symlinking: /home/wheeltec/wheeltec_robot/src/install/wheeltec_mic_msg/include/wheeltec_mic_msg/wheeltec_mic_msg/srv/detail/set_major_mic__rosidl_typesupport_fastrtps_cpp.hpp
-- Symlinking: /home/wheeltec/wheeltec_robot/src/install/wheeltec_mic_msg/include/wheeltec_mic_msg/wheeltec_mic_msg/srv/detail/switch_mic__rosidl_typesupport_fastrtps_cpp.hpp
-- Symlinking: /home/wheeltec/wheeltec_robot/src/install/wheeltec_mic_msg/include/wheeltec_mic_msg/wheeltec_mic_msg/msg/detail/motion_control__rosidl_typesupport_introspection_c.h
-- Symlinking: /home/wheeltec/wheeltec_robot/src/install/wheeltec_mic_msg/include/wheeltec_mic_msg/wheeltec_mic_msg/msg/detail/pcm_msg__rosidl_typesupport_introspection_c.h
-- Symlinking: /home/wheeltec/wheeltec_robot/src/install/wheeltec_mic_msg/include/wheeltec_mic_msg/wheeltec_mic_msg/msg/rosidl_typesupport_introspection_c__visibility_control.h
-- Symlinking: /home/wheeltec/wheeltec_robot/src/install/wheeltec_mic_msg/include/wheeltec_mic_msg/wheeltec_mic_msg/srv/detail/get_device_type__rosidl_typesupport_introspection_c.h
-- Symlinking: /home/wheeltec/wheeltec_robot/src/install/wheeltec_mic_msg/include/wheeltec_mic_msg/wheeltec_mic_msg/srv/detail/get_offline_result__rosidl_typesupport_introspection_c.h
-- Symlinking: /home/wheeltec/wheeltec_robot/src/install/wheeltec_mic_msg/include/wheeltec_mic_msg/wheeltec_mic_msg/srv/detail/set_awake_word__rosidl_typesupport_introspection_c.h
-- Symlinking: /home/wheeltec/wheeltec_robot/src/install/wheeltec_mic_msg/include/wheeltec_mic_msg/wheeltec_mic_msg/srv/detail/set_major_mic__rosidl_typesupport_introspection_c.h
-- Symlinking: /home/wheeltec/wheeltec_robot/src/install/wheeltec_mic_msg/include/wheeltec_mic_msg/wheeltec_mic_msg/srv/detail/switch_mic__rosidl_typesupport_introspection_c.h
-- Symlinking: /home/wheeltec/wheeltec_robot/src/install/wheeltec_mic_msg/include/wheeltec_mic_msg/wheeltec_mic_msg/msg/detail/motion_control__rosidl_typesupport_introspection_cpp.hpp
-- Symlinking: /home/wheeltec/wheeltec_robot/src/install/wheeltec_mic_msg/include/wheeltec_mic_msg/wheeltec_mic_msg/msg/detail/pcm_msg__rosidl_typesupport_introspection_cpp.hpp
-- Symlinking: /home/wheeltec/wheeltec_robot/src/install/wheeltec_mic_msg/include/wheeltec_mic_msg/wheeltec_mic_msg/srv/detail/get_device_type__rosidl_typesupport_introspection_cpp.hpp
-- Symlinking: /home/wheeltec/wheeltec_robot/src/install/wheeltec_mic_msg/include/wheeltec_mic_msg/wheeltec_mic_msg/srv/detail/get_offline_result__rosidl_typesupport_introspection_cpp.hpp
-- Symlinking: /home/wheeltec/wheeltec_robot/src/install/wheeltec_mic_msg/include/wheeltec_mic_msg/wheeltec_mic_msg/srv/detail/set_awake_word__rosidl_typesupport_introspection_cpp.hpp
-- Symlinking: /home/wheeltec/wheeltec_robot/src/install/wheeltec_mic_msg/include/wheeltec_mic_msg/wheeltec_mic_msg/srv/detail/set_major_mic__rosidl_typesupport_introspection_cpp.hpp
-- Symlinking: /home/wheeltec/wheeltec_robot/src/install/wheeltec_mic_msg/include/wheeltec_mic_msg/wheeltec_mic_msg/srv/detail/switch_mic__rosidl_typesupport_introspection_cpp.hpp
-- Symlinking: /home/wheeltec/wheeltec_robot/src/install/wheeltec_mic_msg/share/wheeltec_mic_msg/environment/pythonpath.sh
-- Symlinking: /home/wheeltec/wheeltec_robot/src/install/wheeltec_mic_msg/share/wheeltec_mic_msg/environment/pythonpath.dsv
-- Symlinking: /home/wheeltec/wheeltec_robot/src/install/wheeltec_mic_msg/local/lib/python3.10/dist-packages/wheeltec_mic_msg-0.0.0-py3.10.egg-info/PKG-INFO
-- Symlinking: /home/wheeltec/wheeltec_robot/src/install/wheeltec_mic_msg/local/lib/python3.10/dist-packages/wheeltec_mic_msg-0.0.0-py3.10.egg-info/SOURCES.txt
-- Symlinking: /home/wheeltec/wheeltec_robot/src/install/wheeltec_mic_msg/local/lib/python3.10/dist-packages/wheeltec_mic_msg-0.0.0-py3.10.egg-info/dependency_links.txt
-- Symlinking: /home/wheeltec/wheeltec_robot/src/install/wheeltec_mic_msg/local/lib/python3.10/dist-packages/wheeltec_mic_msg-0.0.0-py3.10.egg-info/top_level.txt
-- Symlinking: /home/wheeltec/wheeltec_robot/src/install/wheeltec_mic_msg/local/lib/python3.10/dist-packages/wheeltec_mic_msg/__init__.py
-- Symlinking: /home/wheeltec/wheeltec_robot/src/install/wheeltec_mic_msg/local/lib/python3.10/dist-packages/wheeltec_mic_msg/_wheeltec_mic_msg_s.ep.rosidl_typesupport_c.c
-- Symlinking: /home/wheeltec/wheeltec_robot/src/install/wheeltec_mic_msg/local/lib/python3.10/dist-packages/wheeltec_mic_msg/_wheeltec_mic_msg_s.ep.rosidl_typesupport_fastrtps_c.c
-- Symlinking: /home/wheeltec/wheeltec_robot/src/install/wheeltec_mic_msg/local/lib/python3.10/dist-packages/wheeltec_mic_msg/_wheeltec_mic_msg_s.ep.rosidl_typesupport_introspection_c.c
-- Symlinking: /home/wheeltec/wheeltec_robot/src/install/wheeltec_mic_msg/local/lib/python3.10/dist-packages/wheeltec_mic_msg/libwheeltec_mic_msg__rosidl_generator_py.so
-- Symlinking: /home/wheeltec/wheeltec_robot/src/install/wheeltec_mic_msg/local/lib/python3.10/dist-packages/wheeltec_mic_msg/msg/__init__.py
-- Symlinking: /home/wheeltec/wheeltec_robot/src/install/wheeltec_mic_msg/local/lib/python3.10/dist-packages/wheeltec_mic_msg/msg/_motion_control.py
-- Symlinking: /home/wheeltec/wheeltec_robot/src/install/wheeltec_mic_msg/local/lib/python3.10/dist-packages/wheeltec_mic_msg/msg/_motion_control_s.c
-- Symlinking: /home/wheeltec/wheeltec_robot/src/install/wheeltec_mic_msg/local/lib/python3.10/dist-packages/wheeltec_mic_msg/msg/_pcm_msg.py
-- Symlinking: /home/wheeltec/wheeltec_robot/src/install/wheeltec_mic_msg/local/lib/python3.10/dist-packages/wheeltec_mic_msg/msg/_pcm_msg_s.c
-- Symlinking: /home/wheeltec/wheeltec_robot/src/install/wheeltec_mic_msg/local/lib/python3.10/dist-packages/wheeltec_mic_msg/srv/__init__.py
-- Symlinking: /home/wheeltec/wheeltec_robot/src/install/wheeltec_mic_msg/local/lib/python3.10/dist-packages/wheeltec_mic_msg/srv/_get_device_type.py
-- Symlinking: /home/wheeltec/wheeltec_robot/src/install/wheeltec_mic_msg/local/lib/python3.10/dist-packages/wheeltec_mic_msg/srv/_get_device_type_s.c
-- Symlinking: /home/wheeltec/wheeltec_robot/src/install/wheeltec_mic_msg/local/lib/python3.10/dist-packages/wheeltec_mic_msg/srv/_get_offline_result.py
-- Symlinking: /home/wheeltec/wheeltec_robot/src/install/wheeltec_mic_msg/local/lib/python3.10/dist-packages/wheeltec_mic_msg/srv/_get_offline_result_s.c
-- Symlinking: /home/wheeltec/wheeltec_robot/src/install/wheeltec_mic_msg/local/lib/python3.10/dist-packages/wheeltec_mic_msg/srv/_set_awake_word.py
-- Symlinking: /home/wheeltec/wheeltec_robot/src/install/wheeltec_mic_msg/local/lib/python3.10/dist-packages/wheeltec_mic_msg/srv/_set_awake_word_s.c
-- Symlinking: /home/wheeltec/wheeltec_robot/src/install/wheeltec_mic_msg/local/lib/python3.10/dist-packages/wheeltec_mic_msg/srv/_set_major_mic.py
-- Symlinking: /home/wheeltec/wheeltec_robot/src/install/wheeltec_mic_msg/local/lib/python3.10/dist-packages/wheeltec_mic_msg/srv/_set_major_mic_s.c
-- Symlinking: /home/wheeltec/wheeltec_robot/src/install/wheeltec_mic_msg/local/lib/python3.10/dist-packages/wheeltec_mic_msg/srv/_switch_mic.py
-- Symlinking: /home/wheeltec/wheeltec_robot/src/install/wheeltec_mic_msg/local/lib/python3.10/dist-packages/wheeltec_mic_msg/srv/_switch_mic_s.c
-- Symlinking: /home/wheeltec/wheeltec_robot/src/install/wheeltec_mic_msg/local/lib/python3.10/dist-packages/wheeltec_mic_msg/wheeltec_mic_msg_s__rosidl_typesupport_c.cpython-310-aarch64-linux-gnu.so
-- Symlinking: /home/wheeltec/wheeltec_robot/src/install/wheeltec_mic_msg/local/lib/python3.10/dist-packages/wheeltec_mic_msg/wheeltec_mic_msg_s__rosidl_typesupport_fastrtps_c.cpython-310-aarch64-linux-gnu.so
-- Symlinking: /home/wheeltec/wheeltec_robot/src/install/wheeltec_mic_msg/local/lib/python3.10/dist-packages/wheeltec_mic_msg/wheeltec_mic_msg_s__rosidl_typesupport_introspection_c.cpython-310-aarch64-linux-gnu.so
-- Up-to-date symlink: /home/wheeltec/wheeltec_robot/src/install/wheeltec_mic_msg/local/lib/python3.10/dist-packages/wheeltec_mic_msg/wheeltec_mic_msg_s__rosidl_typesupport_fastrtps_c.cpython-310-aarch64-linux-gnu.so
-- Up-to-date symlink: /home/wheeltec/wheeltec_robot/src/install/wheeltec_mic_msg/local/lib/python3.10/dist-packages/wheeltec_mic_msg/wheeltec_mic_msg_s__rosidl_typesupport_introspection_c.cpython-310-aarch64-linux-gnu.so
-- Up-to-date symlink: /home/wheeltec/wheeltec_robot/src/install/wheeltec_mic_msg/local/lib/python3.10/dist-packages/wheeltec_mic_msg/wheeltec_mic_msg_s__rosidl_typesupport_c.cpython-310-aarch64-linux-gnu.so
-- Symlinking: /home/wheeltec/wheeltec_robot/src/install/wheeltec_mic_msg/share/wheeltec_mic_msg/msg/PcmMsg.idl
-- Symlinking: /home/wheeltec/wheeltec_robot/src/install/wheeltec_mic_msg/share/wheeltec_mic_msg/msg/MotionControl.idl
-- Symlinking: /home/wheeltec/wheeltec_robot/src/install/wheeltec_mic_msg/share/wheeltec_mic_msg/srv/GetDeviceType.idl
-- Symlinking: /home/wheeltec/wheeltec_robot/src/install/wheeltec_mic_msg/share/wheeltec_mic_msg/srv/GetOfflineResult.idl
-- Symlinking: /home/wheeltec/wheeltec_robot/src/install/wheeltec_mic_msg/share/wheeltec_mic_msg/srv/SetAwakeWord.idl
-- Symlinking: /home/wheeltec/wheeltec_robot/src/install/wheeltec_mic_msg/share/wheeltec_mic_msg/srv/SetMajorMic.idl
-- Symlinking: /home/wheeltec/wheeltec_robot/src/install/wheeltec_mic_msg/share/wheeltec_mic_msg/srv/SwitchMic.idl
-- Symlinking: /home/wheeltec/wheeltec_robot/src/install/wheeltec_mic_msg/share/wheeltec_mic_msg/msg/PcmMsg.msg
-- Symlinking: /home/wheeltec/wheeltec_robot/src/install/wheeltec_mic_msg/share/wheeltec_mic_msg/msg/MotionControl.msg
-- Symlinking: /home/wheeltec/wheeltec_robot/src/install/wheeltec_mic_msg/share/wheeltec_mic_msg/srv/GetDeviceType.srv
-- Symlinking: /home/wheeltec/wheeltec_robot/src/install/wheeltec_mic_msg/share/wheeltec_mic_msg/srv/GetDeviceType_Request.msg
-- Symlinking: /home/wheeltec/wheeltec_robot/src/install/wheeltec_mic_msg/share/wheeltec_mic_msg/srv/GetDeviceType_Response.msg
-- Symlinking: /home/wheeltec/wheeltec_robot/src/install/wheeltec_mic_msg/share/wheeltec_mic_msg/srv/GetOfflineResult.srv
-- Symlinking: /home/wheeltec/wheeltec_robot/src/install/wheeltec_mic_msg/share/wheeltec_mic_msg/srv/GetOfflineResult_Request.msg
-- Symlinking: /home/wheeltec/wheeltec_robot/src/install/wheeltec_mic_msg/share/wheeltec_mic_msg/srv/GetOfflineResult_Response.msg
-- Symlinking: /home/wheeltec/wheeltec_robot/src/install/wheeltec_mic_msg/share/wheeltec_mic_msg/srv/SetAwakeWord.srv
-- Symlinking: /home/wheeltec/wheeltec_robot/src/install/wheeltec_mic_msg/share/wheeltec_mic_msg/srv/SetAwakeWord_Request.msg
-- Symlinking: /home/wheeltec/wheeltec_robot/src/install/wheeltec_mic_msg/share/wheeltec_mic_msg/srv/SetAwakeWord_Response.msg
-- Symlinking: /home/wheeltec/wheeltec_robot/src/install/wheeltec_mic_msg/share/wheeltec_mic_msg/srv/SetMajorMic.srv
-- Symlinking: /home/wheeltec/wheeltec_robot/src/install/wheeltec_mic_msg/share/wheeltec_mic_msg/srv/SetMajorMic_Request.msg
-- Symlinking: /home/wheeltec/wheeltec_robot/src/install/wheeltec_mic_msg/share/wheeltec_mic_msg/srv/SetMajorMic_Response.msg
-- Symlinking: /home/wheeltec/wheeltec_robot/src/install/wheeltec_mic_msg/share/wheeltec_mic_msg/srv/SwitchMic.srv
-- Symlinking: /home/wheeltec/wheeltec_robot/src/install/wheeltec_mic_msg/share/wheeltec_mic_msg/srv/SwitchMic_Request.msg
-- Symlinking: /home/wheeltec/wheeltec_robot/src/install/wheeltec_mic_msg/share/wheeltec_mic_msg/srv/SwitchMic_Response.msg
-- Symlinking: /home/wheeltec/wheeltec_robot/src/install/wheeltec_mic_msg/share/ament_index/resource_index/package_run_dependencies/wheeltec_mic_msg
-- Symlinking: /home/wheeltec/wheeltec_robot/src/install/wheeltec_mic_msg/share/ament_index/resource_index/parent_prefix_path/wheeltec_mic_msg
-- Symlinking: /home/wheeltec/wheeltec_robot/src/install/wheeltec_mic_msg/share/wheeltec_mic_msg/environment/ament_prefix_path.sh
-- Symlinking: /home/wheeltec/wheeltec_robot/src/install/wheeltec_mic_msg/share/wheeltec_mic_msg/environment/ament_prefix_path.dsv
-- Symlinking: /home/wheeltec/wheeltec_robot/src/install/wheeltec_mic_msg/share/wheeltec_mic_msg/environment/path.sh
-- Symlinking: /home/wheeltec/wheeltec_robot/src/install/wheeltec_mic_msg/share/wheeltec_mic_msg/environment/path.dsv
-- Symlinking: /home/wheeltec/wheeltec_robot/src/install/wheeltec_mic_msg/share/wheeltec_mic_msg/local_setup.bash
-- Symlinking: /home/wheeltec/wheeltec_robot/src/install/wheeltec_mic_msg/share/wheeltec_mic_msg/local_setup.sh
-- Symlinking: /home/wheeltec/wheeltec_robot/src/install/wheeltec_mic_msg/share/wheeltec_mic_msg/local_setup.zsh
-- Symlinking: /home/wheeltec/wheeltec_robot/src/install/wheeltec_mic_msg/share/wheeltec_mic_msg/local_setup.dsv
-- Symlinking: /home/wheeltec/wheeltec_robot/src/install/wheeltec_mic_msg/share/wheeltec_mic_msg/package.dsv
-- Symlinking: /home/wheeltec/wheeltec_robot/src/install/wheeltec_mic_msg/share/ament_index/resource_index/packages/wheeltec_mic_msg
-- Symlinking: /home/wheeltec/wheeltec_robot/src/install/wheeltec_mic_msg/share/wheeltec_mic_msg/cmake/rosidl_cmake-extras.cmake
-- Symlinking: /home/wheeltec/wheeltec_robot/src/install/wheeltec_mic_msg/share/wheeltec_mic_msg/cmake/ament_cmake_export_dependencies-extras.cmake
-- Symlinking: /home/wheeltec/wheeltec_robot/src/install/wheeltec_mic_msg/share/wheeltec_mic_msg/cmake/ament_cmake_export_include_directories-extras.cmake
-- Symlinking: /home/wheeltec/wheeltec_robot/src/install/wheeltec_mic_msg/share/wheeltec_mic_msg/cmake/ament_cmake_export_libraries-extras.cmake
-- Symlinking: /home/wheeltec/wheeltec_robot/src/install/wheeltec_mic_msg/share/wheeltec_mic_msg/cmake/ament_cmake_export_targets-extras.cmake
-- Symlinking: /home/wheeltec/wheeltec_robot/src/install/wheeltec_mic_msg/share/wheeltec_mic_msg/cmake/rosidl_cmake_export_typesupport_targets-extras.cmake
-- Symlinking: /home/wheeltec/wheeltec_robot/src/install/wheeltec_mic_msg/share/wheeltec_mic_msg/cmake/rosidl_cmake_export_typesupport_libraries-extras.cmake
-- Symlinking: /home/wheeltec/wheeltec_robot/src/install/wheeltec_mic_msg/share/wheeltec_mic_msg/cmake/wheeltec_mic_msgConfig.cmake
-- Symlinking: /home/wheeltec/wheeltec_robot/src/install/wheeltec_mic_msg/share/wheeltec_mic_msg/cmake/wheeltec_mic_msgConfig-version.cmake
-- Symlinking: /home/wheeltec/wheeltec_robot/src/install/wheeltec_mic_msg/share/wheeltec_mic_msg/package.xml
-- Installing: /home/wheeltec/wheeltec_robot/src/install/wheeltec_mic_msg/lib/libwheeltec_mic_msg__rosidl_generator_c.so
-- Set runtime path of "/home/wheeltec/wheeltec_robot/src/install/wheeltec_mic_msg/lib/libwheeltec_mic_msg__rosidl_generator_c.so" to ""
-- Installing: /home/wheeltec/wheeltec_robot/src/install/wheeltec_mic_msg/lib/libwheeltec_mic_msg__rosidl_typesupport_fastrtps_c.so
-- Set runtime path of "/home/wheeltec/wheeltec_robot/src/install/wheeltec_mic_msg/lib/libwheeltec_mic_msg__rosidl_typesupport_fastrtps_c.so" to ""
-- Installing: /home/wheeltec/wheeltec_robot/src/install/wheeltec_mic_msg/lib/libwheeltec_mic_msg__rosidl_typesupport_fastrtps_cpp.so
-- Set runtime path of "/home/wheeltec/wheeltec_robot/src/install/wheeltec_mic_msg/lib/libwheeltec_mic_msg__rosidl_typesupport_fastrtps_cpp.so" to ""
-- Installing: /home/wheeltec/wheeltec_robot/src/install/wheeltec_mic_msg/lib/libwheeltec_mic_msg__rosidl_typesupport_introspection_c.so
-- Set runtime path of "/home/wheeltec/wheeltec_robot/src/install/wheeltec_mic_msg/lib/libwheeltec_mic_msg__rosidl_typesupport_introspection_c.so" to ""
-- Installing: /home/wheeltec/wheeltec_robot/src/install/wheeltec_mic_msg/lib/libwheeltec_mic_msg__rosidl_typesupport_c.so
-- Set runtime path of "/home/wheeltec/wheeltec_robot/src/install/wheeltec_mic_msg/lib/libwheeltec_mic_msg__rosidl_typesupport_c.so" to ""
-- Installing: /home/wheeltec/wheeltec_robot/src/install/wheeltec_mic_msg/lib/libwheeltec_mic_msg__rosidl_typesupport_introspection_cpp.so
-- Set runtime path of "/home/wheeltec/wheeltec_robot/src/install/wheeltec_mic_msg/lib/libwheeltec_mic_msg__rosidl_typesupport_introspection_cpp.so" to ""
-- Installing: /home/wheeltec/wheeltec_robot/src/install/wheeltec_mic_msg/lib/libwheeltec_mic_msg__rosidl_typesupport_cpp.so
-- Set runtime path of "/home/wheeltec/wheeltec_robot/src/install/wheeltec_mic_msg/lib/libwheeltec_mic_msg__rosidl_typesupport_cpp.so" to ""
Listing '/home/wheeltec/wheeltec_robot/src/install/wheeltec_mic_msg/local/lib/python3.10/dist-packages/wheeltec_mic_msg'...
Compiling '/home/wheeltec/wheeltec_robot/src/install/wheeltec_mic_msg/local/lib/python3.10/dist-packages/wheeltec_mic_msg/__init__.py'...
Listing '/home/wheeltec/wheeltec_robot/src/install/wheeltec_mic_msg/local/lib/python3.10/dist-packages/wheeltec_mic_msg/msg'...
Compiling '/home/wheeltec/wheeltec_robot/src/install/wheeltec_mic_msg/local/lib/python3.10/dist-packages/wheeltec_mic_msg/msg/__init__.py'...
Compiling '/home/wheeltec/wheeltec_robot/src/install/wheeltec_mic_msg/local/lib/python3.10/dist-packages/wheeltec_mic_msg/msg/_motion_control.py'...
Compiling '/home/wheeltec/wheeltec_robot/src/install/wheeltec_mic_msg/local/lib/python3.10/dist-packages/wheeltec_mic_msg/msg/_pcm_msg.py'...
Listing '/home/wheeltec/wheeltec_robot/src/install/wheeltec_mic_msg/local/lib/python3.10/dist-packages/wheeltec_mic_msg/srv'...
Compiling '/home/wheeltec/wheeltec_robot/src/install/wheeltec_mic_msg/local/lib/python3.10/dist-packages/wheeltec_mic_msg/srv/__init__.py'...
Compiling '/home/wheeltec/wheeltec_robot/src/install/wheeltec_mic_msg/local/lib/python3.10/dist-packages/wheeltec_mic_msg/srv/_get_device_type.py'...
Compiling '/home/wheeltec/wheeltec_robot/src/install/wheeltec_mic_msg/local/lib/python3.10/dist-packages/wheeltec_mic_msg/srv/_get_offline_result.py'...
Compiling '/home/wheeltec/wheeltec_robot/src/install/wheeltec_mic_msg/local/lib/python3.10/dist-packages/wheeltec_mic_msg/srv/_set_awake_word.py'...
Compiling '/home/wheeltec/wheeltec_robot/src/install/wheeltec_mic_msg/local/lib/python3.10/dist-packages/wheeltec_mic_msg/srv/_set_major_mic.py'...
Compiling '/home/wheeltec/wheeltec_robot/src/install/wheeltec_mic_msg/local/lib/python3.10/dist-packages/wheeltec_mic_msg/srv/_switch_mic.py'...
-- Installing: /home/wheeltec/wheeltec_robot/src/install/wheeltec_mic_msg/lib/libwheeltec_mic_msg__rosidl_generator_py.so
-- Set runtime path of "/home/wheeltec/wheeltec_robot/src/install/wheeltec_mic_msg/lib/libwheeltec_mic_msg__rosidl_generator_py.so" to ""
-- Installing: /home/wheeltec/wheeltec_robot/src/install/wheeltec_mic_msg/share/wheeltec_mic_msg/cmake/export_wheeltec_mic_msg__rosidl_generator_cExport.cmake
-- Installing: /home/wheeltec/wheeltec_robot/src/install/wheeltec_mic_msg/share/wheeltec_mic_msg/cmake/export_wheeltec_mic_msg__rosidl_generator_cExport-noconfig.cmake
-- Installing: /home/wheeltec/wheeltec_robot/src/install/wheeltec_mic_msg/share/wheeltec_mic_msg/cmake/export_wheeltec_mic_msg__rosidl_typesupport_fastrtps_cExport.cmake
-- Installing: /home/wheeltec/wheeltec_robot/src/install/wheeltec_mic_msg/share/wheeltec_mic_msg/cmake/export_wheeltec_mic_msg__rosidl_typesupport_fastrtps_cExport-noconfig.cmake
-- Installing: /home/wheeltec/wheeltec_robot/src/install/wheeltec_mic_msg/share/wheeltec_mic_msg/cmake/export_wheeltec_mic_msg__rosidl_generator_cppExport.cmake
-- Installing: /home/wheeltec/wheeltec_robot/src/install/wheeltec_mic_msg/share/wheeltec_mic_msg/cmake/export_wheeltec_mic_msg__rosidl_typesupport_fastrtps_cppExport.cmake
-- Installing: /home/wheeltec/wheeltec_robot/src/install/wheeltec_mic_msg/share/wheeltec_mic_msg/cmake/export_wheeltec_mic_msg__rosidl_typesupport_fastrtps_cppExport-noconfig.cmake
-- Installing: /home/wheeltec/wheeltec_robot/src/install/wheeltec_mic_msg/share/wheeltec_mic_msg/cmake/wheeltec_mic_msg__rosidl_typesupport_introspection_cExport.cmake
-- Installing: /home/wheeltec/wheeltec_robot/src/install/wheeltec_mic_msg/share/wheeltec_mic_msg/cmake/wheeltec_mic_msg__rosidl_typesupport_introspection_cExport-noconfig.cmake
-- Installing: /home/wheeltec/wheeltec_robot/src/install/wheeltec_mic_msg/share/wheeltec_mic_msg/cmake/wheeltec_mic_msg__rosidl_typesupport_cExport.cmake
-- Installing: /home/wheeltec/wheeltec_robot/src/install/wheeltec_mic_msg/share/wheeltec_mic_msg/cmake/wheeltec_mic_msg__rosidl_typesupport_cExport-noconfig.cmake
-- Installing: /home/wheeltec/wheeltec_robot/src/install/wheeltec_mic_msg/share/wheeltec_mic_msg/cmake/wheeltec_mic_msg__rosidl_typesupport_introspection_cppExport.cmake
-- Installing: /home/wheeltec/wheeltec_robot/src/install/wheeltec_mic_msg/share/wheeltec_mic_msg/cmake/wheeltec_mic_msg__rosidl_typesupport_introspection_cppExport-noconfig.cmake
-- Installing: /home/wheeltec/wheeltec_robot/src/install/wheeltec_mic_msg/share/wheeltec_mic_msg/cmake/wheeltec_mic_msg__rosidl_typesupport_cppExport.cmake
-- Installing: /home/wheeltec/wheeltec_robot/src/install/wheeltec_mic_msg/share/wheeltec_mic_msg/cmake/wheeltec_mic_msg__rosidl_typesupport_cppExport-noconfig.cmake
-- Installing: /home/wheeltec/wheeltec_robot/src/install/wheeltec_mic_msg/share/wheeltec_mic_msg/cmake/export_wheeltec_mic_msg__rosidl_generator_pyExport.cmake
-- Installing: /home/wheeltec/wheeltec_robot/src/install/wheeltec_mic_msg/share/wheeltec_mic_msg/cmake/export_wheeltec_mic_msg__rosidl_generator_pyExport-noconfig.cmake
