-- The C compiler identification is GNU 11.4.0
-- The CXX compiler identification is GNU 11.4.0
-- Detecting C compiler ABI info
-- Detecting C compiler ABI info - done
-- Check for working C compiler: /usr/bin/cc - skipped
-- Detecting C compile features
-- Detecting C compile features - done
-- Detecting CXX compiler ABI info
-- Detecting CXX compiler ABI info - done
-- Check for working CXX compiler: /usr/bin/c++ - skipped
-- Detecting CXX compile features
-- Detecting CXX compile features - done
-- Found tf2_geometry_msgs: 0.25.15 (/opt/ros/humble/share/tf2_geometry_msgs/cmake)
-- Found Python3: /usr/bin/python3 (found version "3.10.12") found components: Interpreter 
-- Override CMake install command with custom implementation using symlinks instead of copying resources
-- Found rosidl_generator_c: 3.1.7 (/opt/ros/humble/share/rosidl_generator_c/cmake)
-- Found rosidl_adapter: 3.1.7 (/opt/ros/humble/share/rosidl_adapter/cmake)
-- Found rosidl_generator_cpp: 3.1.7 (/opt/ros/humble/share/rosidl_generator_cpp/cmake)
-- Using all available rosidl_typesupport_c: rosidl_typesupport_fastrtps_c;rosidl_typesupport_introspection_c
-- Using all available rosidl_typesupport_cpp: rosidl_typesupport_fastrtps_cpp;rosidl_typesupport_introspection_cpp
-- Found eigen3_cmake_module: 0.1.1 (/opt/ros/humble/share/eigen3_cmake_module/cmake)
-- Found Eigen3: TRUE (found version "3.4.0") 
-- Ensuring Eigen3 include directory is part of orocos-kdl CMake target
-- Found rmw_implementation_cmake: 6.1.2 (/opt/ros/humble/share/rmw_implementation_cmake/cmake)
-- Found rmw_fastrtps_cpp: 6.2.8 (/opt/ros/humble/share/rmw_fastrtps_cpp/cmake)
-- Found OpenSSL: /usr/lib/aarch64-linux-gnu/libcrypto.so (found version "3.0.2")  
-- Found FastRTPS: /opt/ros/humble/include  
-- Using RMW implementation 'rmw_fastrtps_cpp' as default
-- Looking for pthread.h
-- Looking for pthread.h - found
-- Performing Test CMAKE_HAVE_LIBC_PTHREAD
-- Performing Test CMAKE_HAVE_LIBC_PTHREAD - Success
-- Found Threads: TRUE  
-- Found nav2_msgs: 1.1.6 (/home/wheeltec/wheeltec_robot/src/install/nav2_msgs/share/nav2_msgs/cmake)
-- Found sensor_msgs: 4.9.0 (/opt/ros/humble/share/sensor_msgs/cmake)
-- Found rosidl_default_generators: 1.2.0 (/opt/ros/humble/share/rosidl_default_generators/cmake)
-- Found serial: 1.2.1 (/home/wheeltec/wheeltec_robot/src/install/serial/share/serial/cmake)
-- Found wheeltec_mic_msg: 0.0.0 (/home/wheeltec/wheeltec_robot/src/install/wheeltec_mic_msg/share/wheeltec_mic_msg/cmake)
-- Found turn_on_wheeltec_robot: 0.0.0 (/home/wheeltec/wheeltec_robot/install/turn_on_wheeltec_robot/share/turn_on_wheeltec_robot/cmake)
-- Found ament_lint_auto: 0.12.14 (/opt/ros/humble/share/ament_lint_auto/cmake)
-- Added test 'copyright' to check source files copyright and LICENSE
-- Added test 'cppcheck' to perform static code analysis on C / C++ code
-- Configured cppcheck include dirs: /home/wheeltec/wheeltec_robot/src/wheeltec_mic/wheeltec_mic_ros2/include
-- Configured cppcheck exclude dirs and/or files: 
-- Added test 'cpplint' to check C / C++ code against the Google style
-- Configured cpplint exclude dirs and/or files: 
-- Added test 'flake8' to check Python code syntax and style conventions
-- Added test 'lint_cmake' to check CMake code style
-- Added test 'pep257' to check Python code against some of the docstring style conventions in PEP 257
-- Added test 'uncrustify' to check C / C++ code style
-- Configured uncrustify additional arguments: 
-- Added test 'xmllint' to check XML markup files
-- Configuring done
-- Generating done
-- Build files have been written to: /home/wheeltec/wheeltec_robot/src/build/wheeltec_mic_ros2
[  7%] [32mBuilding CXX object CMakeFiles/call_recognition.dir/src/call_recognition.cpp.o[0m
[ 15%] [32m[1mLinking CXX executable call_recognition[0m
[ 15%] Built target call_recognition
[ 23%] [32mBuilding CXX object CMakeFiles/motion_control.dir/src/motion_control.cpp.o[0m
[ 30%] [32m[1mLinking CXX executable motion_control[0m
[ 30%] Built target motion_control
[ 38%] [32mBuilding CXX object CMakeFiles/voice_control.dir/src/voice_control.cpp.o[0m
[ 46%] [32m[1mLinking CXX executable voice_control[0m
[ 46%] Built target voice_control
[ 53%] [32mBuilding CXX object CMakeFiles/wheeltec_mic.dir/src/wheeltec_mic.cpp.o[0m
[ 61%] [32mBuilding CXX object CMakeFiles/wheeltec_mic.dir/src/ros2_service.cpp.o[0m
[ 69%] [32m[1mLinking CXX executable wheeltec_mic[0m
[ 69%] Built target wheeltec_mic
[ 76%] [32mBuilding CXX object CMakeFiles/node_feedback.dir/src/node_feedback.cpp.o[0m
[ 84%] [32m[1mLinking CXX executable node_feedback[0m
[ 84%] Built target node_feedback
[ 92%] [32mBuilding CXX object CMakeFiles/command_recognition.dir/src/command_recognition.cpp.o[0m
[100%] [32m[1mLinking CXX executable command_recognition[0m
[100%] Built target command_recognition
-- Install configuration: ""
-- Installing: /home/wheeltec/wheeltec_robot/src/install/wheeltec_mic_ros2/share/wheeltec_mic_ros2/launch
-- Installing: /home/wheeltec/wheeltec_robot/src/install/wheeltec_mic_ros2/share/wheeltec_mic_ros2/launch/mic_init.launch.py
-- Installing: /home/wheeltec/wheeltec_robot/src/install/wheeltec_mic_ros2/share/wheeltec_mic_ros2/launch/base.launch.py
-- Installing: /home/wheeltec/wheeltec_robot/src/install/wheeltec_mic_ros2/share/wheeltec_mic_ros2/launch/include
-- Installing: /home/wheeltec/wheeltec_robot/src/install/wheeltec_mic_ros2/share/wheeltec_mic_ros2/launch/include/laserfollower.launch.py
-- Installing: /home/wheeltec/wheeltec_robot/src/install/wheeltec_mic_ros2/share/wheeltec_mic_ros2/launch/include/voi_navigation.launch.py
-- Installing: /home/wheeltec/wheeltec_robot/src/install/wheeltec_mic_ros2/share/wheeltec_mic_ros2/launch/include/lasertracker.launch.py
-- Installing: /home/wheeltec/wheeltec_robot/src/install/wheeltec_mic_ros2/share/wheeltec_mic_ros2/config
-- Installing: /home/wheeltec/wheeltec_robot/src/install/wheeltec_mic_ros2/share/wheeltec_mic_ros2/config/call.bnf
-- Installing: /home/wheeltec/wheeltec_robot/src/install/wheeltec_mic_ros2/share/wheeltec_mic_ros2/config/msc
-- Installing: /home/wheeltec/wheeltec_robot/src/install/wheeltec_mic_ros2/share/wheeltec_mic_ros2/config/msc/grm_lex.log
-- Installing: /home/wheeltec/wheeltec_robot/src/install/wheeltec_mic_ros2/share/wheeltec_mic_ros2/config/msc/waiter.log
-- Installing: /home/wheeltec/wheeltec_robot/src/install/wheeltec_mic_ros2/share/wheeltec_mic_ros2/config/msc/res
-- Installing: /home/wheeltec/wheeltec_robot/src/install/wheeltec_mic_ros2/share/wheeltec_mic_ros2/config/msc/res/asr
-- Installing: /home/wheeltec/wheeltec_robot/src/install/wheeltec_mic_ros2/share/wheeltec_mic_ros2/config/msc/res/asr/GrmBuilld
-- Installing: /home/wheeltec/wheeltec_robot/src/install/wheeltec_mic_ros2/share/wheeltec_mic_ros2/config/msc/res/asr/GrmBuilld/rbswtvaa.d
-- Installing: /home/wheeltec/wheeltec_robot/src/install/wheeltec_mic_ros2/share/wheeltec_mic_ros2/config/msc/res/asr/GrmBuilld/arlfaaaa.d
-- Installing: /home/wheeltec/wheeltec_robot/src/install/wheeltec_mic_ros2/share/wheeltec_mic_ros2/config/msc/res/asr/GrmBuilld/gcoeaaaa.d
-- Installing: /home/wheeltec/wheeltec_robot/src/install/wheeltec_mic_ros2/share/wheeltec_mic_ros2/config/msc/res/asr/GrmBuilld/bzvskdaa.d
-- Installing: /home/wheeltec/wheeltec_robot/src/install/wheeltec_mic_ros2/share/wheeltec_mic_ros2/config/msc/res/asr/GrmBuilld/deofaaaa.d
-- Installing: /home/wheeltec/wheeltec_robot/src/install/wheeltec_mic_ros2/share/wheeltec_mic_ros2/config/msc/res/asr/GrmBuilld/azcfaaaa.d
-- Installing: /home/wheeltec/wheeltec_robot/src/install/wheeltec_mic_ros2/share/wheeltec_mic_ros2/config/msc/res/asr/GrmBuilld/fyrdwpaa.d
-- Installing: /home/wheeltec/wheeltec_robot/src/install/wheeltec_mic_ros2/share/wheeltec_mic_ros2/config/msc/res/asr/GrmBuilld/ddykzcaa.d
-- Installing: /home/wheeltec/wheeltec_robot/src/install/wheeltec_mic_ros2/share/wheeltec_mic_ros2/config/msc/res/asr/GrmBuilld/mcaudaaa.d
-- Installing: /home/wheeltec/wheeltec_robot/src/install/wheeltec_mic_ros2/share/wheeltec_mic_ros2/config/msc/res/asr/GrmBuilld/lhheaaaa.d
-- Installing: /home/wheeltec/wheeltec_robot/src/install/wheeltec_mic_ros2/share/wheeltec_mic_ros2/config/msc/res/asr/GrmBuilld/mkexkkca.d
-- Installing: /home/wheeltec/wheeltec_robot/src/install/wheeltec_mic_ros2/share/wheeltec_mic_ros2/config/msc/res/asr/GrmBuilld/rlieaaaa.d
-- Installing: /home/wheeltec/wheeltec_robot/src/install/wheeltec_mic_ros2/share/wheeltec_mic_ros2/config/msc/res/asr/GrmBuilld/imqhxtba.d
-- Installing: /home/wheeltec/wheeltec_robot/src/install/wheeltec_mic_ros2/share/wheeltec_mic_ros2/config/msc/res/asr/GrmBuilld/zwwzwvaa.d
-- Installing: /home/wheeltec/wheeltec_robot/src/install/wheeltec_mic_ros2/share/wheeltec_mic_ros2/config/msc/res/asr/GrmBuilld/call_16K
-- Installing: /home/wheeltec/wheeltec_robot/src/install/wheeltec_mic_ros2/share/wheeltec_mic_ros2/config/msc/res/asr/GrmBuilld/mmheaaaa.d
-- Installing: /home/wheeltec/wheeltec_robot/src/install/wheeltec_mic_ros2/share/wheeltec_mic_ros2/config/msc/res/asr/GrmBuilld/rtpyyuba.d
-- Installing: /home/wheeltec/wheeltec_robot/src/install/wheeltec_mic_ros2/share/wheeltec_mic_ros2/config/msc/res/asr/GrmBuilld/kcheaaaa.d
-- Installing: /home/wheeltec/wheeltec_robot/src/install/wheeltec_mic_ros2/share/wheeltec_mic_ros2/config/msc/res/asr/GrmBuilld/temp
-- Installing: /home/wheeltec/wheeltec_robot/src/install/wheeltec_mic_ros2/share/wheeltec_mic_ros2/config/msc/res/asr/GrmBuilld/temp/rbswtvaa.d
-- Installing: /home/wheeltec/wheeltec_robot/src/install/wheeltec_mic_ros2/share/wheeltec_mic_ros2/config/msc/res/asr/GrmBuilld/temp/arlfaaaa.d
-- Installing: /home/wheeltec/wheeltec_robot/src/install/wheeltec_mic_ros2/share/wheeltec_mic_ros2/config/msc/res/asr/GrmBuilld/temp/gcoeaaaa.d
-- Installing: /home/wheeltec/wheeltec_robot/src/install/wheeltec_mic_ros2/share/wheeltec_mic_ros2/config/msc/res/asr/GrmBuilld/temp/bzvskdaa.d
-- Installing: /home/wheeltec/wheeltec_robot/src/install/wheeltec_mic_ros2/share/wheeltec_mic_ros2/config/msc/res/asr/GrmBuilld/temp/deofaaaa.d
-- Installing: /home/wheeltec/wheeltec_robot/src/install/wheeltec_mic_ros2/share/wheeltec_mic_ros2/config/msc/res/asr/GrmBuilld/temp/azcfaaaa.d
-- Installing: /home/wheeltec/wheeltec_robot/src/install/wheeltec_mic_ros2/share/wheeltec_mic_ros2/config/msc/res/asr/GrmBuilld/temp/fyrdwpaa.d
-- Installing: /home/wheeltec/wheeltec_robot/src/install/wheeltec_mic_ros2/share/wheeltec_mic_ros2/config/msc/res/asr/GrmBuilld/temp/ddykzcaa.d
-- Installing: /home/wheeltec/wheeltec_robot/src/install/wheeltec_mic_ros2/share/wheeltec_mic_ros2/config/msc/res/asr/GrmBuilld/temp/mcaudaaa.d
-- Installing: /home/wheeltec/wheeltec_robot/src/install/wheeltec_mic_ros2/share/wheeltec_mic_ros2/config/msc/res/asr/GrmBuilld/temp/lhheaaaa.d
-- Installing: /home/wheeltec/wheeltec_robot/src/install/wheeltec_mic_ros2/share/wheeltec_mic_ros2/config/msc/res/asr/GrmBuilld/temp/mkexkkca.d
-- Installing: /home/wheeltec/wheeltec_robot/src/install/wheeltec_mic_ros2/share/wheeltec_mic_ros2/config/msc/res/asr/GrmBuilld/temp/rlieaaaa.d
-- Installing: /home/wheeltec/wheeltec_robot/src/install/wheeltec_mic_ros2/share/wheeltec_mic_ros2/config/msc/res/asr/GrmBuilld/temp/imqhxtba.d
-- Installing: /home/wheeltec/wheeltec_robot/src/install/wheeltec_mic_ros2/share/wheeltec_mic_ros2/config/msc/res/asr/GrmBuilld/temp/zwwzwvaa.d
-- Installing: /home/wheeltec/wheeltec_robot/src/install/wheeltec_mic_ros2/share/wheeltec_mic_ros2/config/msc/res/asr/GrmBuilld/temp/call_16K
-- Installing: /home/wheeltec/wheeltec_robot/src/install/wheeltec_mic_ros2/share/wheeltec_mic_ros2/config/msc/res/asr/GrmBuilld/temp/mmheaaaa.d
-- Installing: /home/wheeltec/wheeltec_robot/src/install/wheeltec_mic_ros2/share/wheeltec_mic_ros2/config/msc/res/asr/GrmBuilld/temp/rtpyyuba.d
-- Installing: /home/wheeltec/wheeltec_robot/src/install/wheeltec_mic_ros2/share/wheeltec_mic_ros2/config/msc/res/asr/GrmBuilld/temp/kcheaaaa.d
-- Installing: /home/wheeltec/wheeltec_robot/src/install/wheeltec_mic_ros2/share/wheeltec_mic_ros2/config/msc/res/asr/GrmBuilld/temp/zhdfaaaa.d
-- Installing: /home/wheeltec/wheeltec_robot/src/install/wheeltec_mic_ros2/share/wheeltec_mic_ros2/config/msc/res/asr/GrmBuilld/temp/sqieaaaa.d
-- Installing: /home/wheeltec/wheeltec_robot/src/install/wheeltec_mic_ros2/share/wheeltec_mic_ros2/config/msc/res/asr/GrmBuilld/temp/uikawbda.d
-- Installing: /home/wheeltec/wheeltec_robot/src/install/wheeltec_mic_ros2/share/wheeltec_mic_ros2/config/msc/res/asr/GrmBuilld/temp/whsnkqba.d
-- Installing: /home/wheeltec/wheeltec_robot/src/install/wheeltec_mic_ros2/share/wheeltec_mic_ros2/config/msc/res/asr/GrmBuilld/temp/qgieaaaa.d
-- Installing: /home/wheeltec/wheeltec_robot/src/install/wheeltec_mic_ros2/share/wheeltec_mic_ros2/config/msc/res/asr/GrmBuilld/temp/call.g
-- Installing: /home/wheeltec/wheeltec_robot/src/install/wheeltec_mic_ros2/share/wheeltec_mic_ros2/config/msc/res/asr/GrmBuilld/zhdfaaaa.d
-- Installing: /home/wheeltec/wheeltec_robot/src/install/wheeltec_mic_ros2/share/wheeltec_mic_ros2/config/msc/res/asr/GrmBuilld/sqieaaaa.d
-- Installing: /home/wheeltec/wheeltec_robot/src/install/wheeltec_mic_ros2/share/wheeltec_mic_ros2/config/msc/res/asr/GrmBuilld/uikawbda.d
-- Installing: /home/wheeltec/wheeltec_robot/src/install/wheeltec_mic_ros2/share/wheeltec_mic_ros2/config/msc/res/asr/GrmBuilld/whsnkqba.d
-- Installing: /home/wheeltec/wheeltec_robot/src/install/wheeltec_mic_ros2/share/wheeltec_mic_ros2/config/msc/res/asr/GrmBuilld/qgieaaaa.d
-- Installing: /home/wheeltec/wheeltec_robot/src/install/wheeltec_mic_ros2/share/wheeltec_mic_ros2/config/msc/res/asr/GrmBuilld/call.g
-- Installing: /home/wheeltec/wheeltec_robot/src/install/wheeltec_mic_ros2/share/wheeltec_mic_ros2/config/msc/res/asr/common.jet
-- Installing: /home/wheeltec/wheeltec_robot/src/install/wheeltec_mic_ros2/share/wheeltec_mic_ros2/config/msc/lgi.log
-- Installing: /home/wheeltec/wheeltec_robot/src/install/wheeltec_mic_ros2/share/wheeltec_mic_ros2/config/msc/isr.log
-- Installing: /home/wheeltec/wheeltec_robot/src/install/wheeltec_mic_ros2/share/wheeltec_mic_ros2/config/msc/msc.cfg
-- Installing: /home/wheeltec/wheeltec_robot/src/install/wheeltec_mic_ros2/share/wheeltec_mic_ros2/config/msc/isr_local.log
-- Installing: /home/wheeltec/wheeltec_robot/src/install/wheeltec_mic_ros2/share/wheeltec_mic_ros2/config/msc/msc.log
-- Installing: /home/wheeltec/wheeltec_robot/src/install/wheeltec_mic_ros2/share/wheeltec_mic_ros2/config/param.yaml
-- Installing: /home/wheeltec/wheeltec_robot/src/install/wheeltec_mic_ros2/share/wheeltec_mic_ros2/feedback_voice
-- Installing: /home/wheeltec/wheeltec_robot/src/install/wheeltec_mic_ros2/share/wheeltec_mic_ros2/feedback_voice/turn_right.wav
-- Installing: /home/wheeltec/wheeltec_robot/src/install/wheeltec_mic_ros2/share/wheeltec_mic_ros2/feedback_voice/car_front.wav
-- Installing: /home/wheeltec/wheeltec_robot/src/install/wheeltec_mic_ros2/share/wheeltec_mic_ros2/feedback_voice/3d_mapping_open.wav
-- Installing: /home/wheeltec/wheeltec_robot/src/install/wheeltec_mic_ros2/share/wheeltec_mic_ros2/feedback_voice/line_close.wav
-- Installing: /home/wheeltec/wheeltec_robot/src/install/wheeltec_mic_ros2/share/wheeltec_mic_ros2/feedback_voice/navigation_close.wav
-- Installing: /home/wheeltec/wheeltec_robot/src/install/wheeltec_mic_ros2/share/wheeltec_mic_ros2/feedback_voice/Tracker.wav
-- Installing: /home/wheeltec/wheeltec_robot/src/install/wheeltec_mic_ros2/share/wheeltec_mic_ros2/feedback_voice/pure3d_mapping_open.wav
-- Installing: /home/wheeltec/wheeltec_robot/src/install/wheeltec_mic_ros2/share/wheeltec_mic_ros2/feedback_voice/rrt_close.wav
-- Installing: /home/wheeltec/wheeltec_robot/src/install/wheeltec_mic_ros2/share/wheeltec_mic_ros2/feedback_voice/AR_close.wav
-- Installing: /home/wheeltec/wheeltec_robot/src/install/wheeltec_mic_ros2/share/wheeltec_mic_ros2/feedback_voice/visual_open.wav
-- Installing: /home/wheeltec/wheeltec_robot/src/install/wheeltec_mic_ros2/share/wheeltec_mic_ros2/feedback_voice/close_node.wav
-- Installing: /home/wheeltec/wheeltec_robot/src/install/wheeltec_mic_ros2/share/wheeltec_mic_ros2/feedback_voice/OK.wav
-- Installing: /home/wheeltec/wheeltec_robot/src/install/wheeltec_mic_ros2/share/wheeltec_mic_ros2/feedback_voice/search_voice.wav
-- Installing: /home/wheeltec/wheeltec_robot/src/install/wheeltec_mic_ros2/share/wheeltec_mic_ros2/feedback_voice/AR_open.wav
-- Installing: /home/wheeltec/wheeltec_robot/src/install/wheeltec_mic_ros2/share/wheeltec_mic_ros2/feedback_voice/2d_navigation.wav
-- Installing: /home/wheeltec/wheeltec_robot/src/install/wheeltec_mic_ros2/share/wheeltec_mic_ros2/feedback_voice/stop.wav
-- Installing: /home/wheeltec/wheeltec_robot/src/install/wheeltec_mic_ros2/share/wheeltec_mic_ros2/feedback_voice/car_back.wav
-- Installing: /home/wheeltec/wheeltec_robot/src/install/wheeltec_mic_ros2/share/wheeltec_mic_ros2/feedback_voice/pure3d_mapping_close.wav
-- Installing: /home/wheeltec/wheeltec_robot/src/install/wheeltec_mic_ros2/share/wheeltec_mic_ros2/feedback_voice/pure3d_navigation_open.wav
-- Installing: /home/wheeltec/wheeltec_robot/src/install/wheeltec_mic_ros2/share/wheeltec_mic_ros2/feedback_voice/3d_navigation_close.wav
-- Installing: /home/wheeltec/wheeltec_robot/src/install/wheeltec_mic_ros2/share/wheeltec_mic_ros2/feedback_voice/2d_navigation_close.wav
-- Installing: /home/wheeltec/wheeltec_robot/src/install/wheeltec_mic_ros2/share/wheeltec_mic_ros2/feedback_voice/pure3d_navigation_close.wav
-- Installing: /home/wheeltec/wheeltec_robot/src/install/wheeltec_mic_ros2/share/wheeltec_mic_ros2/feedback_voice/web_close.wav
-- Installing: /home/wheeltec/wheeltec_robot/src/install/wheeltec_mic_ros2/share/wheeltec_mic_ros2/feedback_voice/web_open.wav
-- Installing: /home/wheeltec/wheeltec_robot/src/install/wheeltec_mic_ros2/share/wheeltec_mic_ros2/feedback_voice/reach_goal.wav
-- Installing: /home/wheeltec/wheeltec_robot/src/install/wheeltec_mic_ros2/share/wheeltec_mic_ros2/feedback_voice/3d_mapping_close.wav
-- Installing: /home/wheeltec/wheeltec_robot/src/install/wheeltec_mic_ros2/share/wheeltec_mic_ros2/feedback_voice/rplidar_open.wav
-- Installing: /home/wheeltec/wheeltec_robot/src/install/wheeltec_mic_ros2/share/wheeltec_mic_ros2/feedback_voice/rplidar_close.wav
-- Installing: /home/wheeltec/wheeltec_robot/src/install/wheeltec_mic_ros2/share/wheeltec_mic_ros2/feedback_voice/open_node.wav
-- Installing: /home/wheeltec/wheeltec_robot/src/install/wheeltec_mic_ros2/share/wheeltec_mic_ros2/feedback_voice/classify_open.wav
-- Installing: /home/wheeltec/wheeltec_robot/src/install/wheeltec_mic_ros2/share/wheeltec_mic_ros2/feedback_voice/visual_close.wav
-- Installing: /home/wheeltec/wheeltec_robot/src/install/wheeltec_mic_ros2/share/wheeltec_mic_ros2/feedback_voice/overmap.wav
-- Installing: /home/wheeltec/wheeltec_robot/src/install/wheeltec_mic_ros2/share/wheeltec_mic_ros2/feedback_voice/2d_mapping.wav
-- Installing: /home/wheeltec/wheeltec_robot/src/install/wheeltec_mic_ros2/share/wheeltec_mic_ros2/feedback_voice/kcf_close.wav
-- Installing: /home/wheeltec/wheeltec_robot/src/install/wheeltec_mic_ros2/share/wheeltec_mic_ros2/feedback_voice/rrt_open.wav
-- Installing: /home/wheeltec/wheeltec_robot/src/install/wheeltec_mic_ros2/share/wheeltec_mic_ros2/feedback_voice/sleep.wav
-- Installing: /home/wheeltec/wheeltec_robot/src/install/wheeltec_mic_ros2/share/wheeltec_mic_ros2/feedback_voice/2d_mapping_close.wav
-- Installing: /home/wheeltec/wheeltec_robot/src/install/wheeltec_mic_ros2/share/wheeltec_mic_ros2/feedback_voice/line_open.wav
-- Installing: /home/wheeltec/wheeltec_robot/src/install/wheeltec_mic_ros2/share/wheeltec_mic_ros2/feedback_voice/voice_control.wav
-- Installing: /home/wheeltec/wheeltec_robot/src/install/wheeltec_mic_ros2/share/wheeltec_mic_ros2/feedback_voice/turn_left.wav
-- Installing: /home/wheeltec/wheeltec_robot/src/install/wheeltec_mic_ros2/share/wheeltec_mic_ros2/feedback_voice/3d_navigation_open.wav
-- Installing: /home/wheeltec/wheeltec_robot/src/install/wheeltec_mic_ros2/share/wheeltec_mic_ros2/feedback_voice/find.wav
-- Installing: /home/wheeltec/wheeltec_robot/src/install/wheeltec_mic_ros2/share/wheeltec_mic_ros2/feedback_voice/kcf_open.wav
-- Installing: /home/wheeltec/wheeltec_robot/src/install/wheeltec_mic_ros2/share/wheeltec_mic_ros2/feedback_voice/classify_close.wav
-- Installing: /home/wheeltec/wheeltec_robot/src/install/wheeltec_mic_ros2/share/wheeltec_mic_ros2/feedback_voice/awake.wav
-- Execute custom install script
-- Symlinking: /home/wheeltec/wheeltec_robot/src/install/wheeltec_mic_ros2/lib/wheeltec_mic_ros2/call_recognition
-- Symlinking: /home/wheeltec/wheeltec_robot/src/install/wheeltec_mic_ros2/lib/wheeltec_mic_ros2/command_recognition
-- Symlinking: /home/wheeltec/wheeltec_robot/src/install/wheeltec_mic_ros2/lib/wheeltec_mic_ros2/node_feedback
-- Symlinking: /home/wheeltec/wheeltec_robot/src/install/wheeltec_mic_ros2/lib/wheeltec_mic_ros2/wheeltec_mic
-- Symlinking: /home/wheeltec/wheeltec_robot/src/install/wheeltec_mic_ros2/lib/wheeltec_mic_ros2/voice_control
-- Symlinking: /home/wheeltec/wheeltec_robot/src/install/wheeltec_mic_ros2/lib/wheeltec_mic_ros2/motion_control
-- Symlinking: /home/wheeltec/wheeltec_robot/src/install/wheeltec_mic_ros2/share/ament_index/resource_index/package_run_dependencies/wheeltec_mic_ros2
-- Symlinking: /home/wheeltec/wheeltec_robot/src/install/wheeltec_mic_ros2/share/ament_index/resource_index/parent_prefix_path/wheeltec_mic_ros2
-- Symlinking: /home/wheeltec/wheeltec_robot/src/install/wheeltec_mic_ros2/share/wheeltec_mic_ros2/environment/ament_prefix_path.sh
-- Symlinking: /home/wheeltec/wheeltec_robot/src/install/wheeltec_mic_ros2/share/wheeltec_mic_ros2/environment/ament_prefix_path.dsv
-- Symlinking: /home/wheeltec/wheeltec_robot/src/install/wheeltec_mic_ros2/share/wheeltec_mic_ros2/environment/path.sh
-- Symlinking: /home/wheeltec/wheeltec_robot/src/install/wheeltec_mic_ros2/share/wheeltec_mic_ros2/environment/path.dsv
-- Symlinking: /home/wheeltec/wheeltec_robot/src/install/wheeltec_mic_ros2/share/wheeltec_mic_ros2/local_setup.bash
-- Symlinking: /home/wheeltec/wheeltec_robot/src/install/wheeltec_mic_ros2/share/wheeltec_mic_ros2/local_setup.sh
-- Symlinking: /home/wheeltec/wheeltec_robot/src/install/wheeltec_mic_ros2/share/wheeltec_mic_ros2/local_setup.zsh
-- Symlinking: /home/wheeltec/wheeltec_robot/src/install/wheeltec_mic_ros2/share/wheeltec_mic_ros2/local_setup.dsv
-- Symlinking: /home/wheeltec/wheeltec_robot/src/install/wheeltec_mic_ros2/share/wheeltec_mic_ros2/package.dsv
-- Symlinking: /home/wheeltec/wheeltec_robot/src/install/wheeltec_mic_ros2/share/ament_index/resource_index/packages/wheeltec_mic_ros2
-- Symlinking: /home/wheeltec/wheeltec_robot/src/install/wheeltec_mic_ros2/share/wheeltec_mic_ros2/cmake/wheeltec_mic_ros2Config.cmake
-- Symlinking: /home/wheeltec/wheeltec_robot/src/install/wheeltec_mic_ros2/share/wheeltec_mic_ros2/cmake/wheeltec_mic_ros2Config-version.cmake
-- Symlinking: /home/wheeltec/wheeltec_robot/src/install/wheeltec_mic_ros2/share/wheeltec_mic_ros2/package.xml
