[0.064s] Invoking command in '/home/wheeltec/wheeltec_robot/build/nav2_msgs': AMENT_PREFIX_PATH=/home/wheeltec/wheeltec_robot/install/nav2_common:${AMENT_PREFIX_PATH} CMAKE_PREFIX_PATH=/home/wheeltec/wheeltec_robot/install/nav2_common:/opt/ros/humble PYTHONPATH=/home/wheeltec/wheeltec_robot/install/nav2_common/local/lib/python3.10/dist-packages:${PYTHONPATH} /usr/bin/cmake /home/wheeltec/wheeltec_robot/src/navigation2-humble/nav2_msgs -DCMAKE_INSTALL_PREFIX=/home/wheeltec/wheeltec_robot/install/nav2_msgs
[1.170s] -- Found ament_cmake: 1.3.12 (/opt/ros/humble/share/ament_cmake/cmake)
[1.171s] -- Override CMake install command with custom implementation using symlinks instead of copying resources
[1.171s] -- Found nav2_common: 1.1.6 (/home/wheeltec/wheeltec_robot/install/nav2_common/share/nav2_common/cmake)
[1.171s] -- Found builtin_interfaces: 1.2.2 (/opt/ros/humble/share/builtin_interfaces/cmake)
[1.171s] -- Found rosidl_generator_c: 3.1.7 (/opt/ros/humble/share/rosidl_generator_c/cmake)
[1.171s] -- Found rosidl_adapter: 3.1.7 (/opt/ros/humble/share/rosidl_adapter/cmake)
[1.171s] -- Found rosidl_generator_cpp: 3.1.7 (/opt/ros/humble/share/rosidl_generator_cpp/cmake)
[1.171s] -- Using all available rosidl_typesupport_c: rosidl_typesupport_fastrtps_c;rosidl_typesupport_introspection_c
[1.171s] -- Using all available rosidl_typesupport_cpp: rosidl_typesupport_fastrtps_cpp;rosidl_typesupport_introspection_cpp
[1.172s] -- Found nav_msgs: 4.9.0 (/opt/ros/humble/share/nav_msgs/cmake)
[1.172s] -- Found rosidl_default_generators: 1.2.0 (/opt/ros/humble/share/rosidl_default_generators/cmake)
[1.172s] -- Found action_msgs: 1.2.2 (/opt/ros/humble/share/action_msgs/cmake)
[2.174s] -- Found ament_cmake_ros: 0.10.0 (/opt/ros/humble/share/ament_cmake_ros/cmake)
[3.420s] -- Using all available rosidl_typesupport_c: rosidl_typesupport_fastrtps_c;rosidl_typesupport_introspection_c
[4.277s] -- Using all available rosidl_typesupport_cpp: rosidl_typesupport_fastrtps_cpp;rosidl_typesupport_introspection_cpp
[4.417s] -- Found python_cmake_module: 0.10.0 (/opt/ros/humble/share/python_cmake_module/cmake)
[4.669s] -- Using PYTHON_EXECUTABLE: /usr/bin/python3
[4.670s] -- Using PYTHON_INCLUDE_DIRS: /usr/include/python3.10
[4.670s] -- Using PYTHON_LIBRARIES: /usr/lib/aarch64-linux-gnu/libpython3.10.so
[5.022s] -- Configuring done
[5.249s] -- Generating done
[5.292s] -- Build files have been written to: /home/wheeltec/wheeltec_robot/build/nav2_msgs
[5.326s] Invoked command in '/home/wheeltec/wheeltec_robot/build/nav2_msgs' returned '0': AMENT_PREFIX_PATH=/home/wheeltec/wheeltec_robot/install/nav2_common:${AMENT_PREFIX_PATH} CMAKE_PREFIX_PATH=/home/wheeltec/wheeltec_robot/install/nav2_common:/opt/ros/humble PYTHONPATH=/home/wheeltec/wheeltec_robot/install/nav2_common/local/lib/python3.10/dist-packages:${PYTHONPATH} /usr/bin/cmake /home/wheeltec/wheeltec_robot/src/navigation2-humble/nav2_msgs -DCMAKE_INSTALL_PREFIX=/home/wheeltec/wheeltec_robot/install/nav2_msgs
[5.330s] Invoking command in '/home/wheeltec/wheeltec_robot/build/nav2_msgs': AMENT_PREFIX_PATH=/home/wheeltec/wheeltec_robot/install/nav2_common:${AMENT_PREFIX_PATH} CMAKE_PREFIX_PATH=/home/wheeltec/wheeltec_robot/install/nav2_common:/opt/ros/humble PYTHONPATH=/home/wheeltec/wheeltec_robot/install/nav2_common/local/lib/python3.10/dist-packages:${PYTHONPATH} /usr/bin/cmake --build /home/wheeltec/wheeltec_robot/build/nav2_msgs -- -j8 -l8
[5.632s] [35m[1mConsolidate compiler generated dependencies of target nav2_msgs__rosidl_generator_c[0m
[5.632s] [  0%] Built target nav2_msgs__cpp
[5.655s] [ 12%] Built target nav2_msgs__rosidl_generator_c
[5.690s] [35m[1mConsolidate compiler generated dependencies of target nav2_msgs__rosidl_typesupport_cpp[0m
[5.730s] [35m[1mConsolidate compiler generated dependencies of target nav2_msgs__rosidl_typesupport_fastrtps_c[0m
[5.735s] [35m[1mConsolidate compiler generated dependencies of target nav2_msgs__rosidl_typesupport_fastrtps_cpp[0m
[5.755s] [35m[1mConsolidate compiler generated dependencies of target nav2_msgs__rosidl_typesupport_introspection_cpp[0m
[5.802s] [ 12%] Built target ament_cmake_python_symlink_nav2_msgs
[5.813s] [35m[1mConsolidate compiler generated dependencies of target nav2_msgs__rosidl_typesupport_introspection_c[0m
[5.826s] [35m[1mConsolidate compiler generated dependencies of target nav2_msgs__rosidl_typesupport_c[0m
[5.864s] [ 24%] Built target nav2_msgs__rosidl_typesupport_cpp
[5.917s] [ 36%] Built target nav2_msgs__rosidl_typesupport_fastrtps_c
[6.016s] [ 48%] Built target nav2_msgs__rosidl_typesupport_c
[6.031s] [ 60%] Built target nav2_msgs__rosidl_typesupport_fastrtps_cpp
[6.052s] [ 73%] Built target nav2_msgs__rosidl_typesupport_introspection_c
[6.052s] [ 86%] Built target nav2_msgs__rosidl_typesupport_introspection_cpp
[6.250s] [ 86%] Built target nav2_msgs
[6.381s] [ 86%] Built target nav2_msgs__py
[6.519s] [35m[1mConsolidate compiler generated dependencies of target nav2_msgs__rosidl_generator_py[0m
[6.770s] [ 98%] Built target nav2_msgs__rosidl_generator_py
[6.891s] [35m[1mConsolidate compiler generated dependencies of target nav2_msgs__rosidl_typesupport_introspection_c__pyext[0m
[6.896s] running egg_info
[6.898s] [35m[1mConsolidate compiler generated dependencies of target nav2_msgs__rosidl_typesupport_fastrtps_c__pyext[0m
[6.933s] [35m[1mConsolidate compiler generated dependencies of target nav2_msgs__rosidl_typesupport_c__pyext[0m
[6.986s] [ 99%] Built target nav2_msgs__rosidl_typesupport_fastrtps_c__pyext
[7.015s] [ 99%] Built target nav2_msgs__rosidl_typesupport_introspection_c__pyext
[7.041s] writing nav2_msgs.egg-info/PKG-INFO
[7.042s] writing dependency_links to nav2_msgs.egg-info/dependency_links.txt
[7.043s] writing top-level names to nav2_msgs.egg-info/top_level.txt
[7.065s] [100%] Built target nav2_msgs__rosidl_typesupport_c__pyext
[7.213s] reading manifest file 'nav2_msgs.egg-info/SOURCES.txt'
[7.213s] writing manifest file 'nav2_msgs.egg-info/SOURCES.txt'
[7.362s] [100%] Built target ament_cmake_python_build_nav2_msgs_egg
[7.563s] Invoked command in '/home/wheeltec/wheeltec_robot/build/nav2_msgs' returned '0': AMENT_PREFIX_PATH=/home/wheeltec/wheeltec_robot/install/nav2_common:${AMENT_PREFIX_PATH} CMAKE_PREFIX_PATH=/home/wheeltec/wheeltec_robot/install/nav2_common:/opt/ros/humble PYTHONPATH=/home/wheeltec/wheeltec_robot/install/nav2_common/local/lib/python3.10/dist-packages:${PYTHONPATH} /usr/bin/cmake --build /home/wheeltec/wheeltec_robot/build/nav2_msgs -- -j8 -l8
[7.563s] Invoking command in '/home/wheeltec/wheeltec_robot/build/nav2_msgs': AMENT_PREFIX_PATH=/home/wheeltec/wheeltec_robot/install/nav2_common:${AMENT_PREFIX_PATH} CMAKE_PREFIX_PATH=/home/wheeltec/wheeltec_robot/install/nav2_common:/opt/ros/humble PYTHONPATH=/home/wheeltec/wheeltec_robot/install/nav2_common/local/lib/python3.10/dist-packages:${PYTHONPATH} /usr/bin/cmake --install /home/wheeltec/wheeltec_robot/build/nav2_msgs
[7.614s] -- Install configuration: "Release"
[7.614s] -- Execute custom install script
[7.614s] -- Up-to-date symlink: /home/wheeltec/wheeltec_robot/install/nav2_msgs/share/ament_index/resource_index/rosidl_interfaces/nav2_msgs
[7.614s] -- Up-to-date symlink: /home/wheeltec/wheeltec_robot/install/nav2_msgs/include/nav2_msgs/nav2_msgs/action/assisted_teleop.h
[7.614s] -- Up-to-date symlink: /home/wheeltec/wheeltec_robot/install/nav2_msgs/include/nav2_msgs/nav2_msgs/action/back_up.h
[7.614s] -- Up-to-date symlink: /home/wheeltec/wheeltec_robot/install/nav2_msgs/include/nav2_msgs/nav2_msgs/action/compute_path_through_poses.h
[7.614s] -- Up-to-date symlink: /home/wheeltec/wheeltec_robot/install/nav2_msgs/include/nav2_msgs/nav2_msgs/action/compute_path_to_pose.h
[7.614s] -- Up-to-date symlink: /home/wheeltec/wheeltec_robot/install/nav2_msgs/include/nav2_msgs/nav2_msgs/action/detail/assisted_teleop__functions.h
[7.615s] -- Up-to-date symlink: /home/wheeltec/wheeltec_robot/install/nav2_msgs/include/nav2_msgs/nav2_msgs/action/detail/assisted_teleop__struct.h
[7.615s] -- Up-to-date symlink: /home/wheeltec/wheeltec_robot/install/nav2_msgs/include/nav2_msgs/nav2_msgs/action/detail/assisted_teleop__type_support.h
[7.615s] -- Up-to-date symlink: /home/wheeltec/wheeltec_robot/install/nav2_msgs/include/nav2_msgs/nav2_msgs/action/detail/back_up__functions.h
[7.615s] -- Up-to-date symlink: /home/wheeltec/wheeltec_robot/install/nav2_msgs/include/nav2_msgs/nav2_msgs/action/detail/back_up__struct.h
[7.615s] -- Up-to-date symlink: /home/wheeltec/wheeltec_robot/install/nav2_msgs/include/nav2_msgs/nav2_msgs/action/detail/back_up__type_support.h
[7.615s] -- Up-to-date symlink: /home/wheeltec/wheeltec_robot/install/nav2_msgs/include/nav2_msgs/nav2_msgs/action/detail/compute_path_through_poses__functions.h
[7.615s] -- Up-to-date symlink: /home/wheeltec/wheeltec_robot/install/nav2_msgs/include/nav2_msgs/nav2_msgs/action/detail/compute_path_through_poses__struct.h
[7.615s] -- Up-to-date symlink: /home/wheeltec/wheeltec_robot/install/nav2_msgs/include/nav2_msgs/nav2_msgs/action/detail/compute_path_through_poses__type_support.h
[7.615s] -- Up-to-date symlink: /home/wheeltec/wheeltec_robot/install/nav2_msgs/include/nav2_msgs/nav2_msgs/action/detail/compute_path_to_pose__functions.h
[7.615s] -- Up-to-date symlink: /home/wheeltec/wheeltec_robot/install/nav2_msgs/include/nav2_msgs/nav2_msgs/action/detail/compute_path_to_pose__struct.h
[7.616s] -- Up-to-date symlink: /home/wheeltec/wheeltec_robot/install/nav2_msgs/include/nav2_msgs/nav2_msgs/action/detail/compute_path_to_pose__type_support.h
[7.616s] -- Up-to-date symlink: /home/wheeltec/wheeltec_robot/install/nav2_msgs/include/nav2_msgs/nav2_msgs/action/detail/drive_on_heading__functions.h
[7.616s] -- Up-to-date symlink: /home/wheeltec/wheeltec_robot/install/nav2_msgs/include/nav2_msgs/nav2_msgs/action/detail/drive_on_heading__struct.h
[7.616s] -- Up-to-date symlink: /home/wheeltec/wheeltec_robot/install/nav2_msgs/include/nav2_msgs/nav2_msgs/action/detail/drive_on_heading__type_support.h
[7.616s] -- Up-to-date symlink: /home/wheeltec/wheeltec_robot/install/nav2_msgs/include/nav2_msgs/nav2_msgs/action/detail/dummy_behavior__functions.h
[7.616s] -- Up-to-date symlink: /home/wheeltec/wheeltec_robot/install/nav2_msgs/include/nav2_msgs/nav2_msgs/action/detail/dummy_behavior__struct.h
[7.616s] -- Up-to-date symlink: /home/wheeltec/wheeltec_robot/install/nav2_msgs/include/nav2_msgs/nav2_msgs/action/detail/dummy_behavior__type_support.h
[7.616s] -- Up-to-date symlink: /home/wheeltec/wheeltec_robot/install/nav2_msgs/include/nav2_msgs/nav2_msgs/action/detail/follow_path__functions.h
[7.616s] -- Up-to-date symlink: /home/wheeltec/wheeltec_robot/install/nav2_msgs/include/nav2_msgs/nav2_msgs/action/detail/follow_path__struct.h
[7.616s] -- Up-to-date symlink: /home/wheeltec/wheeltec_robot/install/nav2_msgs/include/nav2_msgs/nav2_msgs/action/detail/follow_path__type_support.h
[7.617s] -- Up-to-date symlink: /home/wheeltec/wheeltec_robot/install/nav2_msgs/include/nav2_msgs/nav2_msgs/action/detail/follow_waypoints__functions.h
[7.617s] -- Up-to-date symlink: /home/wheeltec/wheeltec_robot/install/nav2_msgs/include/nav2_msgs/nav2_msgs/action/detail/follow_waypoints__struct.h
[7.619s] -- Up-to-date symlink: /home/wheeltec/wheeltec_robot/install/nav2_msgs/include/nav2_msgs/nav2_msgs/action/detail/follow_waypoints__type_support.h
[7.619s] -- Up-to-date symlink: /home/wheeltec/wheeltec_robot/install/nav2_msgs/include/nav2_msgs/nav2_msgs/action/detail/navigate_through_poses__functions.h
[7.619s] -- Up-to-date symlink: /home/wheeltec/wheeltec_robot/install/nav2_msgs/include/nav2_msgs/nav2_msgs/action/detail/navigate_through_poses__struct.h
[7.619s] -- Up-to-date symlink: /home/wheeltec/wheeltec_robot/install/nav2_msgs/include/nav2_msgs/nav2_msgs/action/detail/navigate_through_poses__type_support.h
[7.619s] -- Up-to-date symlink: /home/wheeltec/wheeltec_robot/install/nav2_msgs/include/nav2_msgs/nav2_msgs/action/detail/navigate_to_pose__functions.h
[7.620s] -- Up-to-date symlink: /home/wheeltec/wheeltec_robot/install/nav2_msgs/include/nav2_msgs/nav2_msgs/action/detail/navigate_to_pose__struct.h
[7.620s] -- Up-to-date symlink: /home/wheeltec/wheeltec_robot/install/nav2_msgs/include/nav2_msgs/nav2_msgs/action/detail/navigate_to_pose__type_support.h
[7.620s] -- Up-to-date symlink: /home/wheeltec/wheeltec_robot/install/nav2_msgs/include/nav2_msgs/nav2_msgs/action/detail/smooth_path__functions.h
[7.620s] -- Up-to-date symlink: /home/wheeltec/wheeltec_robot/install/nav2_msgs/include/nav2_msgs/nav2_msgs/action/detail/smooth_path__struct.h
[7.620s] -- Up-to-date symlink: /home/wheeltec/wheeltec_robot/install/nav2_msgs/include/nav2_msgs/nav2_msgs/action/detail/smooth_path__type_support.h
[7.620s] -- Up-to-date symlink: /home/wheeltec/wheeltec_robot/install/nav2_msgs/include/nav2_msgs/nav2_msgs/action/detail/spin__functions.h
[7.620s] -- Up-to-date symlink: /home/wheeltec/wheeltec_robot/install/nav2_msgs/include/nav2_msgs/nav2_msgs/action/detail/spin__struct.h
[7.620s] -- Up-to-date symlink: /home/wheeltec/wheeltec_robot/install/nav2_msgs/include/nav2_msgs/nav2_msgs/action/detail/spin__type_support.h
[7.621s] -- Up-to-date symlink: /home/wheeltec/wheeltec_robot/install/nav2_msgs/include/nav2_msgs/nav2_msgs/action/detail/wait__functions.h
[7.621s] -- Up-to-date symlink: /home/wheeltec/wheeltec_robot/install/nav2_msgs/include/nav2_msgs/nav2_msgs/action/detail/wait__struct.h
[7.621s] -- Up-to-date symlink: /home/wheeltec/wheeltec_robot/install/nav2_msgs/include/nav2_msgs/nav2_msgs/action/detail/wait__type_support.h
[7.621s] -- Up-to-date symlink: /home/wheeltec/wheeltec_robot/install/nav2_msgs/include/nav2_msgs/nav2_msgs/action/drive_on_heading.h
[7.621s] -- Up-to-date symlink: /home/wheeltec/wheeltec_robot/install/nav2_msgs/include/nav2_msgs/nav2_msgs/action/dummy_behavior.h
[7.621s] -- Up-to-date symlink: /home/wheeltec/wheeltec_robot/install/nav2_msgs/include/nav2_msgs/nav2_msgs/action/follow_path.h
[7.621s] -- Up-to-date symlink: /home/wheeltec/wheeltec_robot/install/nav2_msgs/include/nav2_msgs/nav2_msgs/action/follow_waypoints.h
[7.622s] -- Up-to-date symlink: /home/wheeltec/wheeltec_robot/install/nav2_msgs/include/nav2_msgs/nav2_msgs/action/navigate_through_poses.h
[7.622s] -- Up-to-date symlink: /home/wheeltec/wheeltec_robot/install/nav2_msgs/include/nav2_msgs/nav2_msgs/action/navigate_to_pose.h
[7.622s] -- Up-to-date symlink: /home/wheeltec/wheeltec_robot/install/nav2_msgs/include/nav2_msgs/nav2_msgs/action/smooth_path.h
[7.622s] -- Up-to-date symlink: /home/wheeltec/wheeltec_robot/install/nav2_msgs/include/nav2_msgs/nav2_msgs/action/spin.h
[7.622s] -- Up-to-date symlink: /home/wheeltec/wheeltec_robot/install/nav2_msgs/include/nav2_msgs/nav2_msgs/action/wait.h
[7.622s] -- Up-to-date symlink: /home/wheeltec/wheeltec_robot/install/nav2_msgs/include/nav2_msgs/nav2_msgs/msg/behavior_tree_log.h
[7.622s] -- Up-to-date symlink: /home/wheeltec/wheeltec_robot/install/nav2_msgs/include/nav2_msgs/nav2_msgs/msg/behavior_tree_status_change.h
[7.623s] -- Up-to-date symlink: /home/wheeltec/wheeltec_robot/install/nav2_msgs/include/nav2_msgs/nav2_msgs/msg/costmap.h
[7.623s] -- Up-to-date symlink: /home/wheeltec/wheeltec_robot/install/nav2_msgs/include/nav2_msgs/nav2_msgs/msg/costmap_filter_info.h
[7.623s] -- Up-to-date symlink: /home/wheeltec/wheeltec_robot/install/nav2_msgs/include/nav2_msgs/nav2_msgs/msg/costmap_meta_data.h
[7.623s] -- Up-to-date symlink: /home/wheeltec/wheeltec_robot/install/nav2_msgs/include/nav2_msgs/nav2_msgs/msg/detail/behavior_tree_log__functions.h
[7.623s] -- Up-to-date symlink: /home/wheeltec/wheeltec_robot/install/nav2_msgs/include/nav2_msgs/nav2_msgs/msg/detail/behavior_tree_log__struct.h
[7.623s] -- Up-to-date symlink: /home/wheeltec/wheeltec_robot/install/nav2_msgs/include/nav2_msgs/nav2_msgs/msg/detail/behavior_tree_log__type_support.h
[7.623s] -- Up-to-date symlink: /home/wheeltec/wheeltec_robot/install/nav2_msgs/include/nav2_msgs/nav2_msgs/msg/detail/behavior_tree_status_change__functions.h
[7.623s] -- Up-to-date symlink: /home/wheeltec/wheeltec_robot/install/nav2_msgs/include/nav2_msgs/nav2_msgs/msg/detail/behavior_tree_status_change__struct.h
[7.624s] -- Up-to-date symlink: /home/wheeltec/wheeltec_robot/install/nav2_msgs/include/nav2_msgs/nav2_msgs/msg/detail/behavior_tree_status_change__type_support.h
[7.624s] -- Up-to-date symlink: /home/wheeltec/wheeltec_robot/install/nav2_msgs/include/nav2_msgs/nav2_msgs/msg/detail/costmap__functions.h
[7.624s] -- Up-to-date symlink: /home/wheeltec/wheeltec_robot/install/nav2_msgs/include/nav2_msgs/nav2_msgs/msg/detail/costmap__struct.h
[7.624s] -- Up-to-date symlink: /home/wheeltec/wheeltec_robot/install/nav2_msgs/include/nav2_msgs/nav2_msgs/msg/detail/costmap__type_support.h
[7.624s] -- Up-to-date symlink: /home/wheeltec/wheeltec_robot/install/nav2_msgs/include/nav2_msgs/nav2_msgs/msg/detail/costmap_filter_info__functions.h
[7.624s] -- Up-to-date symlink: /home/wheeltec/wheeltec_robot/install/nav2_msgs/include/nav2_msgs/nav2_msgs/msg/detail/costmap_filter_info__struct.h
[7.624s] -- Up-to-date symlink: /home/wheeltec/wheeltec_robot/install/nav2_msgs/include/nav2_msgs/nav2_msgs/msg/detail/costmap_filter_info__type_support.h
[7.624s] -- Up-to-date symlink: /home/wheeltec/wheeltec_robot/install/nav2_msgs/include/nav2_msgs/nav2_msgs/msg/detail/costmap_meta_data__functions.h
[7.625s] -- Up-to-date symlink: /home/wheeltec/wheeltec_robot/install/nav2_msgs/include/nav2_msgs/nav2_msgs/msg/detail/costmap_meta_data__struct.h
[7.625s] -- Up-to-date symlink: /home/wheeltec/wheeltec_robot/install/nav2_msgs/include/nav2_msgs/nav2_msgs/msg/detail/costmap_meta_data__type_support.h
[7.625s] -- Up-to-date symlink: /home/wheeltec/wheeltec_robot/install/nav2_msgs/include/nav2_msgs/nav2_msgs/msg/detail/particle__functions.h
[7.625s] -- Up-to-date symlink: /home/wheeltec/wheeltec_robot/install/nav2_msgs/include/nav2_msgs/nav2_msgs/msg/detail/particle__struct.h
[7.667s] -- Up-to-date symlink: /home/wheeltec/wheeltec_robot/install/nav2_msgs/include/nav2_msgs/nav2_msgs/msg/detail/particle__type_support.h
[7.667s] -- Up-to-date symlink: /home/wheeltec/wheeltec_robot/install/nav2_msgs/include/nav2_msgs/nav2_msgs/msg/detail/particle_cloud__functions.h
[7.667s] -- Up-to-date symlink: /home/wheeltec/wheeltec_robot/install/nav2_msgs/include/nav2_msgs/nav2_msgs/msg/detail/particle_cloud__struct.h
[7.668s] -- Up-to-date symlink: /home/wheeltec/wheeltec_robot/install/nav2_msgs/include/nav2_msgs/nav2_msgs/msg/detail/particle_cloud__type_support.h
[7.668s] -- Up-to-date symlink: /home/wheeltec/wheeltec_robot/install/nav2_msgs/include/nav2_msgs/nav2_msgs/msg/detail/speed_limit__functions.h
[7.668s] -- Up-to-date symlink: /home/wheeltec/wheeltec_robot/install/nav2_msgs/include/nav2_msgs/nav2_msgs/msg/detail/speed_limit__struct.h
[7.668s] -- Up-to-date symlink: /home/wheeltec/wheeltec_robot/install/nav2_msgs/include/nav2_msgs/nav2_msgs/msg/detail/speed_limit__type_support.h
[7.668s] -- Up-to-date symlink: /home/wheeltec/wheeltec_robot/install/nav2_msgs/include/nav2_msgs/nav2_msgs/msg/detail/voxel_grid__functions.h
[7.668s] -- Up-to-date symlink: /home/wheeltec/wheeltec_robot/install/nav2_msgs/include/nav2_msgs/nav2_msgs/msg/detail/voxel_grid__struct.h
[7.668s] -- Up-to-date symlink: /home/wheeltec/wheeltec_robot/install/nav2_msgs/include/nav2_msgs/nav2_msgs/msg/detail/voxel_grid__type_support.h
[7.668s] -- Up-to-date symlink: /home/wheeltec/wheeltec_robot/install/nav2_msgs/include/nav2_msgs/nav2_msgs/msg/particle.h
[7.669s] -- Up-to-date symlink: /home/wheeltec/wheeltec_robot/install/nav2_msgs/include/nav2_msgs/nav2_msgs/msg/particle_cloud.h
[7.669s] -- Up-to-date symlink: /home/wheeltec/wheeltec_robot/install/nav2_msgs/include/nav2_msgs/nav2_msgs/msg/rosidl_generator_c__visibility_control.h
[7.669s] -- Up-to-date symlink: /home/wheeltec/wheeltec_robot/install/nav2_msgs/include/nav2_msgs/nav2_msgs/msg/speed_limit.h
[7.669s] -- Up-to-date symlink: /home/wheeltec/wheeltec_robot/install/nav2_msgs/include/nav2_msgs/nav2_msgs/msg/voxel_grid.h
[7.669s] -- Up-to-date symlink: /home/wheeltec/wheeltec_robot/install/nav2_msgs/include/nav2_msgs/nav2_msgs/srv/clear_costmap_around_robot.h
[7.669s] -- Up-to-date symlink: /home/wheeltec/wheeltec_robot/install/nav2_msgs/include/nav2_msgs/nav2_msgs/srv/clear_costmap_except_region.h
[7.669s] -- Up-to-date symlink: /home/wheeltec/wheeltec_robot/install/nav2_msgs/include/nav2_msgs/nav2_msgs/srv/clear_entire_costmap.h
[7.669s] -- Up-to-date symlink: /home/wheeltec/wheeltec_robot/install/nav2_msgs/include/nav2_msgs/nav2_msgs/srv/detail/clear_costmap_around_robot__functions.h
[7.669s] -- Up-to-date symlink: /home/wheeltec/wheeltec_robot/install/nav2_msgs/include/nav2_msgs/nav2_msgs/srv/detail/clear_costmap_around_robot__struct.h
[7.669s] -- Up-to-date symlink: /home/wheeltec/wheeltec_robot/install/nav2_msgs/include/nav2_msgs/nav2_msgs/srv/detail/clear_costmap_around_robot__type_support.h
[7.670s] -- Up-to-date symlink: /home/wheeltec/wheeltec_robot/install/nav2_msgs/include/nav2_msgs/nav2_msgs/srv/detail/clear_costmap_except_region__functions.h
[7.670s] -- Up-to-date symlink: /home/wheeltec/wheeltec_robot/install/nav2_msgs/include/nav2_msgs/nav2_msgs/srv/detail/clear_costmap_except_region__struct.h
[7.670s] -- Up-to-date symlink: /home/wheeltec/wheeltec_robot/install/nav2_msgs/include/nav2_msgs/nav2_msgs/srv/detail/clear_costmap_except_region__type_support.h
[7.670s] -- Up-to-date symlink: /home/wheeltec/wheeltec_robot/install/nav2_msgs/include/nav2_msgs/nav2_msgs/srv/detail/clear_entire_costmap__functions.h
[7.670s] -- Up-to-date symlink: /home/wheeltec/wheeltec_robot/install/nav2_msgs/include/nav2_msgs/nav2_msgs/srv/detail/clear_entire_costmap__struct.h
[7.670s] -- Up-to-date symlink: /home/wheeltec/wheeltec_robot/install/nav2_msgs/include/nav2_msgs/nav2_msgs/srv/detail/clear_entire_costmap__type_support.h
[7.670s] -- Up-to-date symlink: /home/wheeltec/wheeltec_robot/install/nav2_msgs/include/nav2_msgs/nav2_msgs/srv/detail/get_costmap__functions.h
[7.670s] -- Up-to-date symlink: /home/wheeltec/wheeltec_robot/install/nav2_msgs/include/nav2_msgs/nav2_msgs/srv/detail/get_costmap__struct.h
[7.670s] -- Up-to-date symlink: /home/wheeltec/wheeltec_robot/install/nav2_msgs/include/nav2_msgs/nav2_msgs/srv/detail/get_costmap__type_support.h
[7.670s] -- Up-to-date symlink: /home/wheeltec/wheeltec_robot/install/nav2_msgs/include/nav2_msgs/nav2_msgs/srv/detail/is_path_valid__functions.h
[7.671s] -- Up-to-date symlink: /home/wheeltec/wheeltec_robot/install/nav2_msgs/include/nav2_msgs/nav2_msgs/srv/detail/is_path_valid__struct.h
[7.671s] -- Up-to-date symlink: /home/wheeltec/wheeltec_robot/install/nav2_msgs/include/nav2_msgs/nav2_msgs/srv/detail/is_path_valid__type_support.h
[7.671s] -- Up-to-date symlink: /home/wheeltec/wheeltec_robot/install/nav2_msgs/include/nav2_msgs/nav2_msgs/srv/detail/load_map__functions.h
[7.671s] -- Up-to-date symlink: /home/wheeltec/wheeltec_robot/install/nav2_msgs/include/nav2_msgs/nav2_msgs/srv/detail/load_map__struct.h
[7.671s] -- Up-to-date symlink: /home/wheeltec/wheeltec_robot/install/nav2_msgs/include/nav2_msgs/nav2_msgs/srv/detail/load_map__type_support.h
[7.671s] -- Up-to-date symlink: /home/wheeltec/wheeltec_robot/install/nav2_msgs/include/nav2_msgs/nav2_msgs/srv/detail/manage_lifecycle_nodes__functions.h
[7.671s] -- Up-to-date symlink: /home/wheeltec/wheeltec_robot/install/nav2_msgs/include/nav2_msgs/nav2_msgs/srv/detail/manage_lifecycle_nodes__struct.h
[7.671s] -- Up-to-date symlink: /home/wheeltec/wheeltec_robot/install/nav2_msgs/include/nav2_msgs/nav2_msgs/srv/detail/manage_lifecycle_nodes__type_support.h
[7.671s] -- Up-to-date symlink: /home/wheeltec/wheeltec_robot/install/nav2_msgs/include/nav2_msgs/nav2_msgs/srv/detail/save_map__functions.h
[7.672s] -- Up-to-date symlink: /home/wheeltec/wheeltec_robot/install/nav2_msgs/include/nav2_msgs/nav2_msgs/srv/detail/save_map__struct.h
[7.672s] -- Up-to-date symlink: /home/wheeltec/wheeltec_robot/install/nav2_msgs/include/nav2_msgs/nav2_msgs/srv/detail/save_map__type_support.h
[7.672s] -- Up-to-date symlink: /home/wheeltec/wheeltec_robot/install/nav2_msgs/include/nav2_msgs/nav2_msgs/srv/get_costmap.h
[7.672s] -- Up-to-date symlink: /home/wheeltec/wheeltec_robot/install/nav2_msgs/include/nav2_msgs/nav2_msgs/srv/is_path_valid.h
[7.672s] -- Up-to-date symlink: /home/wheeltec/wheeltec_robot/install/nav2_msgs/include/nav2_msgs/nav2_msgs/srv/load_map.h
[7.672s] -- Up-to-date symlink: /home/wheeltec/wheeltec_robot/install/nav2_msgs/include/nav2_msgs/nav2_msgs/srv/manage_lifecycle_nodes.h
[7.673s] -- Up-to-date symlink: /home/wheeltec/wheeltec_robot/install/nav2_msgs/include/nav2_msgs/nav2_msgs/srv/save_map.h
[7.673s] -- Up-to-date symlink: /home/wheeltec/wheeltec_robot/install/nav2_msgs/share/nav2_msgs/environment/library_path.sh
[7.673s] -- Up-to-date symlink: /home/wheeltec/wheeltec_robot/install/nav2_msgs/share/nav2_msgs/environment/library_path.dsv
[7.680s] -- Up-to-date symlink: /home/wheeltec/wheeltec_robot/install/nav2_msgs/include/nav2_msgs/nav2_msgs/action/detail/assisted_teleop__rosidl_typesupport_fastrtps_c.h
[7.680s] -- Up-to-date symlink: /home/wheeltec/wheeltec_robot/install/nav2_msgs/include/nav2_msgs/nav2_msgs/action/detail/back_up__rosidl_typesupport_fastrtps_c.h
[7.680s] -- Up-to-date symlink: /home/wheeltec/wheeltec_robot/install/nav2_msgs/include/nav2_msgs/nav2_msgs/action/detail/compute_path_through_poses__rosidl_typesupport_fastrtps_c.h
[7.680s] -- Up-to-date symlink: /home/wheeltec/wheeltec_robot/install/nav2_msgs/include/nav2_msgs/nav2_msgs/action/detail/compute_path_to_pose__rosidl_typesupport_fastrtps_c.h
[7.680s] -- Up-to-date symlink: /home/wheeltec/wheeltec_robot/install/nav2_msgs/include/nav2_msgs/nav2_msgs/action/detail/drive_on_heading__rosidl_typesupport_fastrtps_c.h
[7.680s] -- Up-to-date symlink: /home/wheeltec/wheeltec_robot/install/nav2_msgs/include/nav2_msgs/nav2_msgs/action/detail/dummy_behavior__rosidl_typesupport_fastrtps_c.h
[7.681s] -- Up-to-date symlink: /home/wheeltec/wheeltec_robot/install/nav2_msgs/include/nav2_msgs/nav2_msgs/action/detail/follow_path__rosidl_typesupport_fastrtps_c.h
[7.681s] -- Up-to-date symlink: /home/wheeltec/wheeltec_robot/install/nav2_msgs/include/nav2_msgs/nav2_msgs/action/detail/follow_waypoints__rosidl_typesupport_fastrtps_c.h
[7.681s] -- Up-to-date symlink: /home/wheeltec/wheeltec_robot/install/nav2_msgs/include/nav2_msgs/nav2_msgs/action/detail/navigate_through_poses__rosidl_typesupport_fastrtps_c.h
[7.681s] -- Up-to-date symlink: /home/wheeltec/wheeltec_robot/install/nav2_msgs/include/nav2_msgs/nav2_msgs/action/detail/navigate_to_pose__rosidl_typesupport_fastrtps_c.h
[7.681s] -- Up-to-date symlink: /home/wheeltec/wheeltec_robot/install/nav2_msgs/include/nav2_msgs/nav2_msgs/action/detail/smooth_path__rosidl_typesupport_fastrtps_c.h
[7.681s] -- Up-to-date symlink: /home/wheeltec/wheeltec_robot/install/nav2_msgs/include/nav2_msgs/nav2_msgs/action/detail/spin__rosidl_typesupport_fastrtps_c.h
[7.681s] -- Up-to-date symlink: /home/wheeltec/wheeltec_robot/install/nav2_msgs/include/nav2_msgs/nav2_msgs/action/detail/wait__rosidl_typesupport_fastrtps_c.h
[7.681s] -- Up-to-date symlink: /home/wheeltec/wheeltec_robot/install/nav2_msgs/include/nav2_msgs/nav2_msgs/msg/detail/behavior_tree_log__rosidl_typesupport_fastrtps_c.h
[7.681s] -- Up-to-date symlink: /home/wheeltec/wheeltec_robot/install/nav2_msgs/include/nav2_msgs/nav2_msgs/msg/detail/behavior_tree_status_change__rosidl_typesupport_fastrtps_c.h
[7.681s] -- Up-to-date symlink: /home/wheeltec/wheeltec_robot/install/nav2_msgs/include/nav2_msgs/nav2_msgs/msg/detail/costmap__rosidl_typesupport_fastrtps_c.h
[7.682s] -- Up-to-date symlink: /home/wheeltec/wheeltec_robot/install/nav2_msgs/include/nav2_msgs/nav2_msgs/msg/detail/costmap_filter_info__rosidl_typesupport_fastrtps_c.h
[7.682s] -- Up-to-date symlink: /home/wheeltec/wheeltec_robot/install/nav2_msgs/include/nav2_msgs/nav2_msgs/msg/detail/costmap_meta_data__rosidl_typesupport_fastrtps_c.h
[7.682s] -- Up-to-date symlink: /home/wheeltec/wheeltec_robot/install/nav2_msgs/include/nav2_msgs/nav2_msgs/msg/detail/particle__rosidl_typesupport_fastrtps_c.h
[7.682s] -- Up-to-date symlink: /home/wheeltec/wheeltec_robot/install/nav2_msgs/include/nav2_msgs/nav2_msgs/msg/detail/particle_cloud__rosidl_typesupport_fastrtps_c.h
[7.682s] -- Up-to-date symlink: /home/wheeltec/wheeltec_robot/install/nav2_msgs/include/nav2_msgs/nav2_msgs/msg/detail/speed_limit__rosidl_typesupport_fastrtps_c.h
[7.682s] -- Up-to-date symlink: /home/wheeltec/wheeltec_robot/install/nav2_msgs/include/nav2_msgs/nav2_msgs/msg/detail/voxel_grid__rosidl_typesupport_fastrtps_c.h
[7.682s] -- Up-to-date symlink: /home/wheeltec/wheeltec_robot/install/nav2_msgs/include/nav2_msgs/nav2_msgs/msg/rosidl_typesupport_fastrtps_c__visibility_control.h
[7.682s] -- Up-to-date symlink: /home/wheeltec/wheeltec_robot/install/nav2_msgs/include/nav2_msgs/nav2_msgs/srv/detail/clear_costmap_around_robot__rosidl_typesupport_fastrtps_c.h
[7.682s] -- Up-to-date symlink: /home/wheeltec/wheeltec_robot/install/nav2_msgs/include/nav2_msgs/nav2_msgs/srv/detail/clear_costmap_except_region__rosidl_typesupport_fastrtps_c.h
[7.683s] -- Up-to-date symlink: /home/wheeltec/wheeltec_robot/install/nav2_msgs/include/nav2_msgs/nav2_msgs/srv/detail/clear_entire_costmap__rosidl_typesupport_fastrtps_c.h
[7.683s] -- Up-to-date symlink: /home/wheeltec/wheeltec_robot/install/nav2_msgs/include/nav2_msgs/nav2_msgs/srv/detail/get_costmap__rosidl_typesupport_fastrtps_c.h
[7.683s] -- Up-to-date symlink: /home/wheeltec/wheeltec_robot/install/nav2_msgs/include/nav2_msgs/nav2_msgs/srv/detail/is_path_valid__rosidl_typesupport_fastrtps_c.h
[7.683s] -- Up-to-date symlink: /home/wheeltec/wheeltec_robot/install/nav2_msgs/include/nav2_msgs/nav2_msgs/srv/detail/load_map__rosidl_typesupport_fastrtps_c.h
[7.683s] -- Up-to-date symlink: /home/wheeltec/wheeltec_robot/install/nav2_msgs/include/nav2_msgs/nav2_msgs/srv/detail/manage_lifecycle_nodes__rosidl_typesupport_fastrtps_c.h
[7.683s] -- Up-to-date symlink: /home/wheeltec/wheeltec_robot/install/nav2_msgs/include/nav2_msgs/nav2_msgs/srv/detail/save_map__rosidl_typesupport_fastrtps_c.h
[7.683s] -- Up-to-date symlink: /home/wheeltec/wheeltec_robot/install/nav2_msgs/include/nav2_msgs/nav2_msgs/action/assisted_teleop.hpp
[7.683s] -- Up-to-date symlink: /home/wheeltec/wheeltec_robot/install/nav2_msgs/include/nav2_msgs/nav2_msgs/action/back_up.hpp
[7.683s] -- Up-to-date symlink: /home/wheeltec/wheeltec_robot/install/nav2_msgs/include/nav2_msgs/nav2_msgs/action/compute_path_through_poses.hpp
[7.684s] -- Up-to-date symlink: /home/wheeltec/wheeltec_robot/install/nav2_msgs/include/nav2_msgs/nav2_msgs/action/compute_path_to_pose.hpp
[7.684s] -- Up-to-date symlink: /home/wheeltec/wheeltec_robot/install/nav2_msgs/include/nav2_msgs/nav2_msgs/action/detail/assisted_teleop__builder.hpp
[7.684s] -- Up-to-date symlink: /home/wheeltec/wheeltec_robot/install/nav2_msgs/include/nav2_msgs/nav2_msgs/action/detail/assisted_teleop__struct.hpp
[7.684s] -- Up-to-date symlink: /home/wheeltec/wheeltec_robot/install/nav2_msgs/include/nav2_msgs/nav2_msgs/action/detail/assisted_teleop__traits.hpp
[7.684s] -- Up-to-date symlink: /home/wheeltec/wheeltec_robot/install/nav2_msgs/include/nav2_msgs/nav2_msgs/action/detail/assisted_teleop__type_support.hpp
[7.684s] -- Up-to-date symlink: /home/wheeltec/wheeltec_robot/install/nav2_msgs/include/nav2_msgs/nav2_msgs/action/detail/back_up__builder.hpp
[7.684s] -- Up-to-date symlink: /home/wheeltec/wheeltec_robot/install/nav2_msgs/include/nav2_msgs/nav2_msgs/action/detail/back_up__struct.hpp
[7.684s] -- Up-to-date symlink: /home/wheeltec/wheeltec_robot/install/nav2_msgs/include/nav2_msgs/nav2_msgs/action/detail/back_up__traits.hpp
[7.684s] -- Up-to-date symlink: /home/wheeltec/wheeltec_robot/install/nav2_msgs/include/nav2_msgs/nav2_msgs/action/detail/back_up__type_support.hpp
[7.684s] -- Up-to-date symlink: /home/wheeltec/wheeltec_robot/install/nav2_msgs/include/nav2_msgs/nav2_msgs/action/detail/compute_path_through_poses__builder.hpp
[7.684s] -- Up-to-date symlink: /home/wheeltec/wheeltec_robot/install/nav2_msgs/include/nav2_msgs/nav2_msgs/action/detail/compute_path_through_poses__struct.hpp
[7.685s] -- Up-to-date symlink: /home/wheeltec/wheeltec_robot/install/nav2_msgs/include/nav2_msgs/nav2_msgs/action/detail/compute_path_through_poses__traits.hpp
[7.685s] -- Up-to-date symlink: /home/wheeltec/wheeltec_robot/install/nav2_msgs/include/nav2_msgs/nav2_msgs/action/detail/compute_path_through_poses__type_support.hpp
[7.685s] -- Up-to-date symlink: /home/wheeltec/wheeltec_robot/install/nav2_msgs/include/nav2_msgs/nav2_msgs/action/detail/compute_path_to_pose__builder.hpp
[7.685s] -- Up-to-date symlink: /home/wheeltec/wheeltec_robot/install/nav2_msgs/include/nav2_msgs/nav2_msgs/action/detail/compute_path_to_pose__struct.hpp
[7.685s] -- Up-to-date symlink: /home/wheeltec/wheeltec_robot/install/nav2_msgs/include/nav2_msgs/nav2_msgs/action/detail/compute_path_to_pose__traits.hpp
[7.685s] -- Up-to-date symlink: /home/wheeltec/wheeltec_robot/install/nav2_msgs/include/nav2_msgs/nav2_msgs/action/detail/compute_path_to_pose__type_support.hpp
[7.685s] -- Up-to-date symlink: /home/wheeltec/wheeltec_robot/install/nav2_msgs/include/nav2_msgs/nav2_msgs/action/detail/drive_on_heading__builder.hpp
[7.685s] -- Up-to-date symlink: /home/wheeltec/wheeltec_robot/install/nav2_msgs/include/nav2_msgs/nav2_msgs/action/detail/drive_on_heading__struct.hpp
[7.688s] -- Up-to-date symlink: /home/wheeltec/wheeltec_robot/install/nav2_msgs/include/nav2_msgs/nav2_msgs/action/detail/drive_on_heading__traits.hpp
[7.688s] -- Up-to-date symlink: /home/wheeltec/wheeltec_robot/install/nav2_msgs/include/nav2_msgs/nav2_msgs/action/detail/drive_on_heading__type_support.hpp
[7.688s] -- Up-to-date symlink: /home/wheeltec/wheeltec_robot/install/nav2_msgs/include/nav2_msgs/nav2_msgs/action/detail/dummy_behavior__builder.hpp
[7.688s] -- Up-to-date symlink: /home/wheeltec/wheeltec_robot/install/nav2_msgs/include/nav2_msgs/nav2_msgs/action/detail/dummy_behavior__struct.hpp
[7.688s] -- Up-to-date symlink: /home/wheeltec/wheeltec_robot/install/nav2_msgs/include/nav2_msgs/nav2_msgs/action/detail/dummy_behavior__traits.hpp
[7.688s] -- Up-to-date symlink: /home/wheeltec/wheeltec_robot/install/nav2_msgs/include/nav2_msgs/nav2_msgs/action/detail/dummy_behavior__type_support.hpp
[7.689s] -- Up-to-date symlink: /home/wheeltec/wheeltec_robot/install/nav2_msgs/include/nav2_msgs/nav2_msgs/action/detail/follow_path__builder.hpp
[7.689s] -- Up-to-date symlink: /home/wheeltec/wheeltec_robot/install/nav2_msgs/include/nav2_msgs/nav2_msgs/action/detail/follow_path__struct.hpp
[7.689s] -- Up-to-date symlink: /home/wheeltec/wheeltec_robot/install/nav2_msgs/include/nav2_msgs/nav2_msgs/action/detail/follow_path__traits.hpp
[7.689s] -- Up-to-date symlink: /home/wheeltec/wheeltec_robot/install/nav2_msgs/include/nav2_msgs/nav2_msgs/action/detail/follow_path__type_support.hpp
[7.689s] -- Up-to-date symlink: /home/wheeltec/wheeltec_robot/install/nav2_msgs/include/nav2_msgs/nav2_msgs/action/detail/follow_waypoints__builder.hpp
[7.689s] -- Up-to-date symlink: /home/wheeltec/wheeltec_robot/install/nav2_msgs/include/nav2_msgs/nav2_msgs/action/detail/follow_waypoints__struct.hpp
[7.689s] -- Up-to-date symlink: /home/wheeltec/wheeltec_robot/install/nav2_msgs/include/nav2_msgs/nav2_msgs/action/detail/follow_waypoints__traits.hpp
[7.692s] -- Up-to-date symlink: /home/wheeltec/wheeltec_robot/install/nav2_msgs/include/nav2_msgs/nav2_msgs/action/detail/follow_waypoints__type_support.hpp
[7.692s] -- Up-to-date symlink: /home/wheeltec/wheeltec_robot/install/nav2_msgs/include/nav2_msgs/nav2_msgs/action/detail/navigate_through_poses__builder.hpp
[7.692s] -- Up-to-date symlink: /home/wheeltec/wheeltec_robot/install/nav2_msgs/include/nav2_msgs/nav2_msgs/action/detail/navigate_through_poses__struct.hpp
[7.692s] -- Up-to-date symlink: /home/wheeltec/wheeltec_robot/install/nav2_msgs/include/nav2_msgs/nav2_msgs/action/detail/navigate_through_poses__traits.hpp
[7.692s] -- Up-to-date symlink: /home/wheeltec/wheeltec_robot/install/nav2_msgs/include/nav2_msgs/nav2_msgs/action/detail/navigate_through_poses__type_support.hpp
[7.692s] -- Up-to-date symlink: /home/wheeltec/wheeltec_robot/install/nav2_msgs/include/nav2_msgs/nav2_msgs/action/detail/navigate_to_pose__builder.hpp
[7.692s] -- Up-to-date symlink: /home/wheeltec/wheeltec_robot/install/nav2_msgs/include/nav2_msgs/nav2_msgs/action/detail/navigate_to_pose__struct.hpp
[7.692s] -- Up-to-date symlink: /home/wheeltec/wheeltec_robot/install/nav2_msgs/include/nav2_msgs/nav2_msgs/action/detail/navigate_to_pose__traits.hpp
[7.693s] -- Up-to-date symlink: /home/wheeltec/wheeltec_robot/install/nav2_msgs/include/nav2_msgs/nav2_msgs/action/detail/navigate_to_pose__type_support.hpp
[7.693s] -- Up-to-date symlink: /home/wheeltec/wheeltec_robot/install/nav2_msgs/include/nav2_msgs/nav2_msgs/action/detail/smooth_path__builder.hpp
[7.693s] -- Up-to-date symlink: /home/wheeltec/wheeltec_robot/install/nav2_msgs/include/nav2_msgs/nav2_msgs/action/detail/smooth_path__struct.hpp
[7.693s] -- Up-to-date symlink: /home/wheeltec/wheeltec_robot/install/nav2_msgs/include/nav2_msgs/nav2_msgs/action/detail/smooth_path__traits.hpp
[7.693s] -- Up-to-date symlink: /home/wheeltec/wheeltec_robot/install/nav2_msgs/include/nav2_msgs/nav2_msgs/action/detail/smooth_path__type_support.hpp
[7.693s] -- Up-to-date symlink: /home/wheeltec/wheeltec_robot/install/nav2_msgs/include/nav2_msgs/nav2_msgs/action/detail/spin__builder.hpp
[7.693s] -- Up-to-date symlink: /home/wheeltec/wheeltec_robot/install/nav2_msgs/include/nav2_msgs/nav2_msgs/action/detail/spin__struct.hpp
[7.693s] -- Up-to-date symlink: /home/wheeltec/wheeltec_robot/install/nav2_msgs/include/nav2_msgs/nav2_msgs/action/detail/spin__traits.hpp
[7.693s] -- Up-to-date symlink: /home/wheeltec/wheeltec_robot/install/nav2_msgs/include/nav2_msgs/nav2_msgs/action/detail/spin__type_support.hpp
[7.693s] -- Up-to-date symlink: /home/wheeltec/wheeltec_robot/install/nav2_msgs/include/nav2_msgs/nav2_msgs/action/detail/wait__builder.hpp
[7.694s] -- Up-to-date symlink: /home/wheeltec/wheeltec_robot/install/nav2_msgs/include/nav2_msgs/nav2_msgs/action/detail/wait__struct.hpp
[7.694s] -- Up-to-date symlink: /home/wheeltec/wheeltec_robot/install/nav2_msgs/include/nav2_msgs/nav2_msgs/action/detail/wait__traits.hpp
[7.694s] -- Up-to-date symlink: /home/wheeltec/wheeltec_robot/install/nav2_msgs/include/nav2_msgs/nav2_msgs/action/detail/wait__type_support.hpp
[7.694s] -- Up-to-date symlink: /home/wheeltec/wheeltec_robot/install/nav2_msgs/include/nav2_msgs/nav2_msgs/action/drive_on_heading.hpp
[7.694s] -- Up-to-date symlink: /home/wheeltec/wheeltec_robot/install/nav2_msgs/include/nav2_msgs/nav2_msgs/action/dummy_behavior.hpp
[7.694s] -- Up-to-date symlink: /home/wheeltec/wheeltec_robot/install/nav2_msgs/include/nav2_msgs/nav2_msgs/action/follow_path.hpp
[7.694s] -- Up-to-date symlink: /home/wheeltec/wheeltec_robot/install/nav2_msgs/include/nav2_msgs/nav2_msgs/action/follow_waypoints.hpp
[7.694s] -- Up-to-date symlink: /home/wheeltec/wheeltec_robot/install/nav2_msgs/include/nav2_msgs/nav2_msgs/action/navigate_through_poses.hpp
[7.694s] -- Up-to-date symlink: /home/wheeltec/wheeltec_robot/install/nav2_msgs/include/nav2_msgs/nav2_msgs/action/navigate_to_pose.hpp
[7.694s] -- Up-to-date symlink: /home/wheeltec/wheeltec_robot/install/nav2_msgs/include/nav2_msgs/nav2_msgs/action/smooth_path.hpp
[7.695s] -- Up-to-date symlink: /home/wheeltec/wheeltec_robot/install/nav2_msgs/include/nav2_msgs/nav2_msgs/action/spin.hpp
[7.695s] -- Up-to-date symlink: /home/wheeltec/wheeltec_robot/install/nav2_msgs/include/nav2_msgs/nav2_msgs/action/wait.hpp
[7.699s] -- Up-to-date symlink: /home/wheeltec/wheeltec_robot/install/nav2_msgs/include/nav2_msgs/nav2_msgs/msg/behavior_tree_log.hpp
[7.699s] -- Up-to-date symlink: /home/wheeltec/wheeltec_robot/install/nav2_msgs/include/nav2_msgs/nav2_msgs/msg/behavior_tree_status_change.hpp
[7.699s] -- Up-to-date symlink: /home/wheeltec/wheeltec_robot/install/nav2_msgs/include/nav2_msgs/nav2_msgs/msg/costmap.hpp
[7.700s] -- Up-to-date symlink: /home/wheeltec/wheeltec_robot/install/nav2_msgs/include/nav2_msgs/nav2_msgs/msg/costmap_filter_info.hpp
[7.700s] -- Up-to-date symlink: /home/wheeltec/wheeltec_robot/install/nav2_msgs/include/nav2_msgs/nav2_msgs/msg/costmap_meta_data.hpp
[7.700s] -- Up-to-date symlink: /home/wheeltec/wheeltec_robot/install/nav2_msgs/include/nav2_msgs/nav2_msgs/msg/detail/behavior_tree_log__builder.hpp
[7.700s] -- Up-to-date symlink: /home/wheeltec/wheeltec_robot/install/nav2_msgs/include/nav2_msgs/nav2_msgs/msg/detail/behavior_tree_log__struct.hpp
[7.700s] -- Up-to-date symlink: /home/wheeltec/wheeltec_robot/install/nav2_msgs/include/nav2_msgs/nav2_msgs/msg/detail/behavior_tree_log__traits.hpp
[7.700s] -- Up-to-date symlink: /home/wheeltec/wheeltec_robot/install/nav2_msgs/include/nav2_msgs/nav2_msgs/msg/detail/behavior_tree_log__type_support.hpp
[7.700s] -- Up-to-date symlink: /home/wheeltec/wheeltec_robot/install/nav2_msgs/include/nav2_msgs/nav2_msgs/msg/detail/behavior_tree_status_change__builder.hpp
[7.700s] -- Up-to-date symlink: /home/wheeltec/wheeltec_robot/install/nav2_msgs/include/nav2_msgs/nav2_msgs/msg/detail/behavior_tree_status_change__struct.hpp
[7.700s] -- Up-to-date symlink: /home/wheeltec/wheeltec_robot/install/nav2_msgs/include/nav2_msgs/nav2_msgs/msg/detail/behavior_tree_status_change__traits.hpp
[7.701s] -- Up-to-date symlink: /home/wheeltec/wheeltec_robot/install/nav2_msgs/include/nav2_msgs/nav2_msgs/msg/detail/behavior_tree_status_change__type_support.hpp
[7.701s] -- Up-to-date symlink: /home/wheeltec/wheeltec_robot/install/nav2_msgs/include/nav2_msgs/nav2_msgs/msg/detail/costmap__builder.hpp
[7.701s] -- Up-to-date symlink: /home/wheeltec/wheeltec_robot/install/nav2_msgs/include/nav2_msgs/nav2_msgs/msg/detail/costmap__struct.hpp
[7.701s] -- Up-to-date symlink: /home/wheeltec/wheeltec_robot/install/nav2_msgs/include/nav2_msgs/nav2_msgs/msg/detail/costmap__traits.hpp
[7.702s] -- Up-to-date symlink: /home/wheeltec/wheeltec_robot/install/nav2_msgs/include/nav2_msgs/nav2_msgs/msg/detail/costmap__type_support.hpp
[7.702s] -- Up-to-date symlink: /home/wheeltec/wheeltec_robot/install/nav2_msgs/include/nav2_msgs/nav2_msgs/msg/detail/costmap_filter_info__builder.hpp
[7.702s] -- Up-to-date symlink: /home/wheeltec/wheeltec_robot/install/nav2_msgs/include/nav2_msgs/nav2_msgs/msg/detail/costmap_filter_info__struct.hpp
[7.702s] -- Up-to-date symlink: /home/wheeltec/wheeltec_robot/install/nav2_msgs/include/nav2_msgs/nav2_msgs/msg/detail/costmap_filter_info__traits.hpp
[7.702s] -- Up-to-date symlink: /home/wheeltec/wheeltec_robot/install/nav2_msgs/include/nav2_msgs/nav2_msgs/msg/detail/costmap_filter_info__type_support.hpp
[7.702s] -- Up-to-date symlink: /home/wheeltec/wheeltec_robot/install/nav2_msgs/include/nav2_msgs/nav2_msgs/msg/detail/costmap_meta_data__builder.hpp
[7.702s] -- Up-to-date symlink: /home/wheeltec/wheeltec_robot/install/nav2_msgs/include/nav2_msgs/nav2_msgs/msg/detail/costmap_meta_data__struct.hpp
[7.703s] -- Up-to-date symlink: /home/wheeltec/wheeltec_robot/install/nav2_msgs/include/nav2_msgs/nav2_msgs/msg/detail/costmap_meta_data__traits.hpp
[7.703s] -- Up-to-date symlink: /home/wheeltec/wheeltec_robot/install/nav2_msgs/include/nav2_msgs/nav2_msgs/msg/detail/costmap_meta_data__type_support.hpp
[7.703s] -- Up-to-date symlink: /home/wheeltec/wheeltec_robot/install/nav2_msgs/include/nav2_msgs/nav2_msgs/msg/detail/particle__builder.hpp
[7.703s] -- Up-to-date symlink: /home/wheeltec/wheeltec_robot/install/nav2_msgs/include/nav2_msgs/nav2_msgs/msg/detail/particle__struct.hpp
[7.703s] -- Up-to-date symlink: /home/wheeltec/wheeltec_robot/install/nav2_msgs/include/nav2_msgs/nav2_msgs/msg/detail/particle__traits.hpp
[7.703s] -- Up-to-date symlink: /home/wheeltec/wheeltec_robot/install/nav2_msgs/include/nav2_msgs/nav2_msgs/msg/detail/particle__type_support.hpp
[7.704s] -- Up-to-date symlink: /home/wheeltec/wheeltec_robot/install/nav2_msgs/include/nav2_msgs/nav2_msgs/msg/detail/particle_cloud__builder.hpp
[7.704s] -- Up-to-date symlink: /home/wheeltec/wheeltec_robot/install/nav2_msgs/include/nav2_msgs/nav2_msgs/msg/detail/particle_cloud__struct.hpp
[7.704s] -- Up-to-date symlink: /home/wheeltec/wheeltec_robot/install/nav2_msgs/include/nav2_msgs/nav2_msgs/msg/detail/particle_cloud__traits.hpp
[7.704s] -- Up-to-date symlink: /home/wheeltec/wheeltec_robot/install/nav2_msgs/include/nav2_msgs/nav2_msgs/msg/detail/particle_cloud__type_support.hpp
[7.705s] -- Up-to-date symlink: /home/wheeltec/wheeltec_robot/install/nav2_msgs/include/nav2_msgs/nav2_msgs/msg/detail/speed_limit__builder.hpp
[7.705s] -- Up-to-date symlink: /home/wheeltec/wheeltec_robot/install/nav2_msgs/include/nav2_msgs/nav2_msgs/msg/detail/speed_limit__struct.hpp
[7.705s] -- Up-to-date symlink: /home/wheeltec/wheeltec_robot/install/nav2_msgs/include/nav2_msgs/nav2_msgs/msg/detail/speed_limit__traits.hpp
[7.705s] -- Up-to-date symlink: /home/wheeltec/wheeltec_robot/install/nav2_msgs/include/nav2_msgs/nav2_msgs/msg/detail/speed_limit__type_support.hpp
[7.705s] -- Up-to-date symlink: /home/wheeltec/wheeltec_robot/install/nav2_msgs/include/nav2_msgs/nav2_msgs/msg/detail/voxel_grid__builder.hpp
[7.705s] -- Up-to-date symlink: /home/wheeltec/wheeltec_robot/install/nav2_msgs/include/nav2_msgs/nav2_msgs/msg/detail/voxel_grid__struct.hpp
[7.705s] -- Up-to-date symlink: /home/wheeltec/wheeltec_robot/install/nav2_msgs/include/nav2_msgs/nav2_msgs/msg/detail/voxel_grid__traits.hpp
[7.706s] -- Up-to-date symlink: /home/wheeltec/wheeltec_robot/install/nav2_msgs/include/nav2_msgs/nav2_msgs/msg/detail/voxel_grid__type_support.hpp
[7.706s] -- Up-to-date symlink: /home/wheeltec/wheeltec_robot/install/nav2_msgs/include/nav2_msgs/nav2_msgs/msg/particle.hpp
[7.706s] -- Up-to-date symlink: /home/wheeltec/wheeltec_robot/install/nav2_msgs/include/nav2_msgs/nav2_msgs/msg/particle_cloud.hpp
[7.713s] -- Up-to-date symlink: /home/wheeltec/wheeltec_robot/install/nav2_msgs/include/nav2_msgs/nav2_msgs/msg/rosidl_generator_cpp__visibility_control.hpp
[7.714s] -- Up-to-date symlink: /home/wheeltec/wheeltec_robot/install/nav2_msgs/include/nav2_msgs/nav2_msgs/msg/speed_limit.hpp
[7.714s] -- Up-to-date symlink: /home/wheeltec/wheeltec_robot/install/nav2_msgs/include/nav2_msgs/nav2_msgs/msg/voxel_grid.hpp
[7.714s] -- Up-to-date symlink: /home/wheeltec/wheeltec_robot/install/nav2_msgs/include/nav2_msgs/nav2_msgs/srv/clear_costmap_around_robot.hpp
[7.714s] -- Up-to-date symlink: /home/wheeltec/wheeltec_robot/install/nav2_msgs/include/nav2_msgs/nav2_msgs/srv/clear_costmap_except_region.hpp
[7.714s] -- Up-to-date symlink: /home/wheeltec/wheeltec_robot/install/nav2_msgs/include/nav2_msgs/nav2_msgs/srv/clear_entire_costmap.hpp
[7.718s] -- Up-to-date symlink: /home/wheeltec/wheeltec_robot/install/nav2_msgs/include/nav2_msgs/nav2_msgs/srv/detail/clear_costmap_around_robot__builder.hpp
[7.719s] -- Up-to-date symlink: /home/wheeltec/wheeltec_robot/install/nav2_msgs/include/nav2_msgs/nav2_msgs/srv/detail/clear_costmap_around_robot__struct.hpp
[7.719s] -- Up-to-date symlink: /home/wheeltec/wheeltec_robot/install/nav2_msgs/include/nav2_msgs/nav2_msgs/srv/detail/clear_costmap_around_robot__traits.hpp
[7.719s] -- Up-to-date symlink: /home/wheeltec/wheeltec_robot/install/nav2_msgs/include/nav2_msgs/nav2_msgs/srv/detail/clear_costmap_around_robot__type_support.hpp
[7.719s] -- Up-to-date symlink: /home/wheeltec/wheeltec_robot/install/nav2_msgs/include/nav2_msgs/nav2_msgs/srv/detail/clear_costmap_except_region__builder.hpp
[7.719s] -- Up-to-date symlink: /home/wheeltec/wheeltec_robot/install/nav2_msgs/include/nav2_msgs/nav2_msgs/srv/detail/clear_costmap_except_region__struct.hpp
[7.720s] -- Up-to-date symlink: /home/wheeltec/wheeltec_robot/install/nav2_msgs/include/nav2_msgs/nav2_msgs/srv/detail/clear_costmap_except_region__traits.hpp
[7.720s] -- Up-to-date symlink: /home/wheeltec/wheeltec_robot/install/nav2_msgs/include/nav2_msgs/nav2_msgs/srv/detail/clear_costmap_except_region__type_support.hpp
[7.720s] -- Up-to-date symlink: /home/wheeltec/wheeltec_robot/install/nav2_msgs/include/nav2_msgs/nav2_msgs/srv/detail/clear_entire_costmap__builder.hpp
[7.720s] -- Up-to-date symlink: /home/wheeltec/wheeltec_robot/install/nav2_msgs/include/nav2_msgs/nav2_msgs/srv/detail/clear_entire_costmap__struct.hpp
[7.720s] -- Up-to-date symlink: /home/wheeltec/wheeltec_robot/install/nav2_msgs/include/nav2_msgs/nav2_msgs/srv/detail/clear_entire_costmap__traits.hpp
[7.721s] -- Up-to-date symlink: /home/wheeltec/wheeltec_robot/install/nav2_msgs/include/nav2_msgs/nav2_msgs/srv/detail/clear_entire_costmap__type_support.hpp
[7.721s] -- Up-to-date symlink: /home/wheeltec/wheeltec_robot/install/nav2_msgs/include/nav2_msgs/nav2_msgs/srv/detail/get_costmap__builder.hpp
[7.721s] -- Up-to-date symlink: /home/wheeltec/wheeltec_robot/install/nav2_msgs/include/nav2_msgs/nav2_msgs/srv/detail/get_costmap__struct.hpp
[7.721s] -- Up-to-date symlink: /home/wheeltec/wheeltec_robot/install/nav2_msgs/include/nav2_msgs/nav2_msgs/srv/detail/get_costmap__traits.hpp
[7.721s] -- Up-to-date symlink: /home/wheeltec/wheeltec_robot/install/nav2_msgs/include/nav2_msgs/nav2_msgs/srv/detail/get_costmap__type_support.hpp
[7.721s] -- Up-to-date symlink: /home/wheeltec/wheeltec_robot/install/nav2_msgs/include/nav2_msgs/nav2_msgs/srv/detail/is_path_valid__builder.hpp
[7.721s] -- Up-to-date symlink: /home/wheeltec/wheeltec_robot/install/nav2_msgs/include/nav2_msgs/nav2_msgs/srv/detail/is_path_valid__struct.hpp
[7.722s] -- Up-to-date symlink: /home/wheeltec/wheeltec_robot/install/nav2_msgs/include/nav2_msgs/nav2_msgs/srv/detail/is_path_valid__traits.hpp
[7.722s] -- Up-to-date symlink: /home/wheeltec/wheeltec_robot/install/nav2_msgs/include/nav2_msgs/nav2_msgs/srv/detail/is_path_valid__type_support.hpp
[7.722s] -- Up-to-date symlink: /home/wheeltec/wheeltec_robot/install/nav2_msgs/include/nav2_msgs/nav2_msgs/srv/detail/load_map__builder.hpp
[7.722s] -- Up-to-date symlink: /home/wheeltec/wheeltec_robot/install/nav2_msgs/include/nav2_msgs/nav2_msgs/srv/detail/load_map__struct.hpp
[7.722s] -- Up-to-date symlink: /home/wheeltec/wheeltec_robot/install/nav2_msgs/include/nav2_msgs/nav2_msgs/srv/detail/load_map__traits.hpp
[7.723s] -- Up-to-date symlink: /home/wheeltec/wheeltec_robot/install/nav2_msgs/include/nav2_msgs/nav2_msgs/srv/detail/load_map__type_support.hpp
[7.723s] -- Up-to-date symlink: /home/wheeltec/wheeltec_robot/install/nav2_msgs/include/nav2_msgs/nav2_msgs/srv/detail/manage_lifecycle_nodes__builder.hpp
[7.723s] -- Up-to-date symlink: /home/wheeltec/wheeltec_robot/install/nav2_msgs/include/nav2_msgs/nav2_msgs/srv/detail/manage_lifecycle_nodes__struct.hpp
[7.724s] -- Up-to-date symlink: /home/wheeltec/wheeltec_robot/install/nav2_msgs/include/nav2_msgs/nav2_msgs/srv/detail/manage_lifecycle_nodes__traits.hpp
[7.724s] -- Up-to-date symlink: /home/wheeltec/wheeltec_robot/install/nav2_msgs/include/nav2_msgs/nav2_msgs/srv/detail/manage_lifecycle_nodes__type_support.hpp
[7.724s] -- Up-to-date symlink: /home/wheeltec/wheeltec_robot/install/nav2_msgs/include/nav2_msgs/nav2_msgs/srv/detail/save_map__builder.hpp
[7.724s] -- Up-to-date symlink: /home/wheeltec/wheeltec_robot/install/nav2_msgs/include/nav2_msgs/nav2_msgs/srv/detail/save_map__struct.hpp
[7.724s] -- Up-to-date symlink: /home/wheeltec/wheeltec_robot/install/nav2_msgs/include/nav2_msgs/nav2_msgs/srv/detail/save_map__traits.hpp
[7.724s] -- Up-to-date symlink: /home/wheeltec/wheeltec_robot/install/nav2_msgs/include/nav2_msgs/nav2_msgs/srv/detail/save_map__type_support.hpp
[7.724s] -- Up-to-date symlink: /home/wheeltec/wheeltec_robot/install/nav2_msgs/include/nav2_msgs/nav2_msgs/srv/get_costmap.hpp
[7.724s] -- Up-to-date symlink: /home/wheeltec/wheeltec_robot/install/nav2_msgs/include/nav2_msgs/nav2_msgs/srv/is_path_valid.hpp
[7.725s] -- Up-to-date symlink: /home/wheeltec/wheeltec_robot/install/nav2_msgs/include/nav2_msgs/nav2_msgs/srv/load_map.hpp
[7.725s] -- Up-to-date symlink: /home/wheeltec/wheeltec_robot/install/nav2_msgs/include/nav2_msgs/nav2_msgs/srv/manage_lifecycle_nodes.hpp
[7.725s] -- Up-to-date symlink: /home/wheeltec/wheeltec_robot/install/nav2_msgs/include/nav2_msgs/nav2_msgs/srv/save_map.hpp
[7.725s] -- Up-to-date symlink: /home/wheeltec/wheeltec_robot/install/nav2_msgs/include/nav2_msgs/nav2_msgs/action/detail/assisted_teleop__rosidl_typesupport_fastrtps_cpp.hpp
[7.725s] -- Up-to-date symlink: /home/wheeltec/wheeltec_robot/install/nav2_msgs/include/nav2_msgs/nav2_msgs/action/detail/back_up__rosidl_typesupport_fastrtps_cpp.hpp
[7.725s] -- Up-to-date symlink: /home/wheeltec/wheeltec_robot/install/nav2_msgs/include/nav2_msgs/nav2_msgs/action/detail/compute_path_through_poses__rosidl_typesupport_fastrtps_cpp.hpp
[7.725s] -- Up-to-date symlink: /home/wheeltec/wheeltec_robot/install/nav2_msgs/include/nav2_msgs/nav2_msgs/action/detail/compute_path_to_pose__rosidl_typesupport_fastrtps_cpp.hpp
[7.726s] -- Up-to-date symlink: /home/wheeltec/wheeltec_robot/install/nav2_msgs/include/nav2_msgs/nav2_msgs/action/detail/drive_on_heading__rosidl_typesupport_fastrtps_cpp.hpp
[7.726s] -- Up-to-date symlink: /home/wheeltec/wheeltec_robot/install/nav2_msgs/include/nav2_msgs/nav2_msgs/action/detail/dummy_behavior__rosidl_typesupport_fastrtps_cpp.hpp
[7.726s] -- Up-to-date symlink: /home/wheeltec/wheeltec_robot/install/nav2_msgs/include/nav2_msgs/nav2_msgs/action/detail/follow_path__rosidl_typesupport_fastrtps_cpp.hpp
[7.726s] -- Up-to-date symlink: /home/wheeltec/wheeltec_robot/install/nav2_msgs/include/nav2_msgs/nav2_msgs/action/detail/follow_waypoints__rosidl_typesupport_fastrtps_cpp.hpp
[7.726s] -- Up-to-date symlink: /home/wheeltec/wheeltec_robot/install/nav2_msgs/include/nav2_msgs/nav2_msgs/action/detail/navigate_through_poses__rosidl_typesupport_fastrtps_cpp.hpp
[7.727s] -- Up-to-date symlink: /home/wheeltec/wheeltec_robot/install/nav2_msgs/include/nav2_msgs/nav2_msgs/action/detail/navigate_to_pose__rosidl_typesupport_fastrtps_cpp.hpp
[7.727s] -- Up-to-date symlink: /home/wheeltec/wheeltec_robot/install/nav2_msgs/include/nav2_msgs/nav2_msgs/action/detail/smooth_path__rosidl_typesupport_fastrtps_cpp.hpp
[7.727s] -- Up-to-date symlink: /home/wheeltec/wheeltec_robot/install/nav2_msgs/include/nav2_msgs/nav2_msgs/action/detail/spin__rosidl_typesupport_fastrtps_cpp.hpp
[7.727s] -- Up-to-date symlink: /home/wheeltec/wheeltec_robot/install/nav2_msgs/include/nav2_msgs/nav2_msgs/action/detail/wait__rosidl_typesupport_fastrtps_cpp.hpp
[7.727s] -- Up-to-date symlink: /home/wheeltec/wheeltec_robot/install/nav2_msgs/include/nav2_msgs/nav2_msgs/msg/detail/behavior_tree_log__rosidl_typesupport_fastrtps_cpp.hpp
[7.728s] -- Up-to-date symlink: /home/wheeltec/wheeltec_robot/install/nav2_msgs/include/nav2_msgs/nav2_msgs/msg/detail/behavior_tree_status_change__rosidl_typesupport_fastrtps_cpp.hpp
[7.728s] -- Up-to-date symlink: /home/wheeltec/wheeltec_robot/install/nav2_msgs/include/nav2_msgs/nav2_msgs/msg/detail/costmap__rosidl_typesupport_fastrtps_cpp.hpp
[7.728s] -- Up-to-date symlink: /home/wheeltec/wheeltec_robot/install/nav2_msgs/include/nav2_msgs/nav2_msgs/msg/detail/costmap_filter_info__rosidl_typesupport_fastrtps_cpp.hpp
[7.728s] -- Up-to-date symlink: /home/wheeltec/wheeltec_robot/install/nav2_msgs/include/nav2_msgs/nav2_msgs/msg/detail/costmap_meta_data__rosidl_typesupport_fastrtps_cpp.hpp
[7.729s] -- Up-to-date symlink: /home/wheeltec/wheeltec_robot/install/nav2_msgs/include/nav2_msgs/nav2_msgs/msg/detail/particle__rosidl_typesupport_fastrtps_cpp.hpp
[7.729s] -- Up-to-date symlink: /home/wheeltec/wheeltec_robot/install/nav2_msgs/include/nav2_msgs/nav2_msgs/msg/detail/particle_cloud__rosidl_typesupport_fastrtps_cpp.hpp
[7.729s] -- Up-to-date symlink: /home/wheeltec/wheeltec_robot/install/nav2_msgs/include/nav2_msgs/nav2_msgs/msg/detail/speed_limit__rosidl_typesupport_fastrtps_cpp.hpp
[7.729s] -- Up-to-date symlink: /home/wheeltec/wheeltec_robot/install/nav2_msgs/include/nav2_msgs/nav2_msgs/msg/detail/voxel_grid__rosidl_typesupport_fastrtps_cpp.hpp
[7.729s] -- Up-to-date symlink: /home/wheeltec/wheeltec_robot/install/nav2_msgs/include/nav2_msgs/nav2_msgs/msg/rosidl_typesupport_fastrtps_cpp__visibility_control.h
[7.729s] -- Up-to-date symlink: /home/wheeltec/wheeltec_robot/install/nav2_msgs/include/nav2_msgs/nav2_msgs/srv/detail/clear_costmap_around_robot__rosidl_typesupport_fastrtps_cpp.hpp
[7.729s] -- Up-to-date symlink: /home/wheeltec/wheeltec_robot/install/nav2_msgs/include/nav2_msgs/nav2_msgs/srv/detail/clear_costmap_except_region__rosidl_typesupport_fastrtps_cpp.hpp
[7.730s] -- Up-to-date symlink: /home/wheeltec/wheeltec_robot/install/nav2_msgs/include/nav2_msgs/nav2_msgs/srv/detail/clear_entire_costmap__rosidl_typesupport_fastrtps_cpp.hpp
[7.730s] -- Up-to-date symlink: /home/wheeltec/wheeltec_robot/install/nav2_msgs/include/nav2_msgs/nav2_msgs/srv/detail/get_costmap__rosidl_typesupport_fastrtps_cpp.hpp
[7.730s] -- Up-to-date symlink: /home/wheeltec/wheeltec_robot/install/nav2_msgs/include/nav2_msgs/nav2_msgs/srv/detail/is_path_valid__rosidl_typesupport_fastrtps_cpp.hpp
[7.730s] -- Up-to-date symlink: /home/wheeltec/wheeltec_robot/install/nav2_msgs/include/nav2_msgs/nav2_msgs/srv/detail/load_map__rosidl_typesupport_fastrtps_cpp.hpp
[7.730s] -- Up-to-date symlink: /home/wheeltec/wheeltec_robot/install/nav2_msgs/include/nav2_msgs/nav2_msgs/srv/detail/manage_lifecycle_nodes__rosidl_typesupport_fastrtps_cpp.hpp
[7.730s] -- Up-to-date symlink: /home/wheeltec/wheeltec_robot/install/nav2_msgs/include/nav2_msgs/nav2_msgs/srv/detail/save_map__rosidl_typesupport_fastrtps_cpp.hpp
[7.730s] -- Up-to-date symlink: /home/wheeltec/wheeltec_robot/install/nav2_msgs/include/nav2_msgs/nav2_msgs/action/detail/assisted_teleop__rosidl_typesupport_introspection_c.h
[7.731s] -- Up-to-date symlink: /home/wheeltec/wheeltec_robot/install/nav2_msgs/include/nav2_msgs/nav2_msgs/action/detail/back_up__rosidl_typesupport_introspection_c.h
[7.731s] -- Up-to-date symlink: /home/wheeltec/wheeltec_robot/install/nav2_msgs/include/nav2_msgs/nav2_msgs/action/detail/compute_path_through_poses__rosidl_typesupport_introspection_c.h
[7.731s] -- Up-to-date symlink: /home/wheeltec/wheeltec_robot/install/nav2_msgs/include/nav2_msgs/nav2_msgs/action/detail/compute_path_to_pose__rosidl_typesupport_introspection_c.h
[7.731s] -- Up-to-date symlink: /home/wheeltec/wheeltec_robot/install/nav2_msgs/include/nav2_msgs/nav2_msgs/action/detail/drive_on_heading__rosidl_typesupport_introspection_c.h
[7.731s] -- Up-to-date symlink: /home/wheeltec/wheeltec_robot/install/nav2_msgs/include/nav2_msgs/nav2_msgs/action/detail/dummy_behavior__rosidl_typesupport_introspection_c.h
[7.731s] -- Up-to-date symlink: /home/wheeltec/wheeltec_robot/install/nav2_msgs/include/nav2_msgs/nav2_msgs/action/detail/follow_path__rosidl_typesupport_introspection_c.h
[7.731s] -- Up-to-date symlink: /home/wheeltec/wheeltec_robot/install/nav2_msgs/include/nav2_msgs/nav2_msgs/action/detail/follow_waypoints__rosidl_typesupport_introspection_c.h
[7.732s] -- Up-to-date symlink: /home/wheeltec/wheeltec_robot/install/nav2_msgs/include/nav2_msgs/nav2_msgs/action/detail/navigate_through_poses__rosidl_typesupport_introspection_c.h
[7.732s] -- Up-to-date symlink: /home/wheeltec/wheeltec_robot/install/nav2_msgs/include/nav2_msgs/nav2_msgs/action/detail/navigate_to_pose__rosidl_typesupport_introspection_c.h
[7.732s] -- Up-to-date symlink: /home/wheeltec/wheeltec_robot/install/nav2_msgs/include/nav2_msgs/nav2_msgs/action/detail/smooth_path__rosidl_typesupport_introspection_c.h
[7.732s] -- Up-to-date symlink: /home/wheeltec/wheeltec_robot/install/nav2_msgs/include/nav2_msgs/nav2_msgs/action/detail/spin__rosidl_typesupport_introspection_c.h
[7.732s] -- Up-to-date symlink: /home/wheeltec/wheeltec_robot/install/nav2_msgs/include/nav2_msgs/nav2_msgs/action/detail/wait__rosidl_typesupport_introspection_c.h
[7.732s] -- Up-to-date symlink: /home/wheeltec/wheeltec_robot/install/nav2_msgs/include/nav2_msgs/nav2_msgs/msg/detail/behavior_tree_log__rosidl_typesupport_introspection_c.h
[7.733s] -- Up-to-date symlink: /home/wheeltec/wheeltec_robot/install/nav2_msgs/include/nav2_msgs/nav2_msgs/msg/detail/behavior_tree_status_change__rosidl_typesupport_introspection_c.h
[7.733s] -- Up-to-date symlink: /home/wheeltec/wheeltec_robot/install/nav2_msgs/include/nav2_msgs/nav2_msgs/msg/detail/costmap__rosidl_typesupport_introspection_c.h
[7.733s] -- Up-to-date symlink: /home/wheeltec/wheeltec_robot/install/nav2_msgs/include/nav2_msgs/nav2_msgs/msg/detail/costmap_filter_info__rosidl_typesupport_introspection_c.h
[7.733s] -- Up-to-date symlink: /home/wheeltec/wheeltec_robot/install/nav2_msgs/include/nav2_msgs/nav2_msgs/msg/detail/costmap_meta_data__rosidl_typesupport_introspection_c.h
[7.733s] -- Up-to-date symlink: /home/wheeltec/wheeltec_robot/install/nav2_msgs/include/nav2_msgs/nav2_msgs/msg/detail/particle__rosidl_typesupport_introspection_c.h
[7.733s] -- Up-to-date symlink: /home/wheeltec/wheeltec_robot/install/nav2_msgs/include/nav2_msgs/nav2_msgs/msg/detail/particle_cloud__rosidl_typesupport_introspection_c.h
[7.733s] -- Up-to-date symlink: /home/wheeltec/wheeltec_robot/install/nav2_msgs/include/nav2_msgs/nav2_msgs/msg/detail/speed_limit__rosidl_typesupport_introspection_c.h
[7.733s] -- Up-to-date symlink: /home/wheeltec/wheeltec_robot/install/nav2_msgs/include/nav2_msgs/nav2_msgs/msg/detail/voxel_grid__rosidl_typesupport_introspection_c.h
[7.733s] -- Up-to-date symlink: /home/wheeltec/wheeltec_robot/install/nav2_msgs/include/nav2_msgs/nav2_msgs/msg/rosidl_typesupport_introspection_c__visibility_control.h
[7.734s] -- Up-to-date symlink: /home/wheeltec/wheeltec_robot/install/nav2_msgs/include/nav2_msgs/nav2_msgs/srv/detail/clear_costmap_around_robot__rosidl_typesupport_introspection_c.h
[7.734s] -- Up-to-date symlink: /home/wheeltec/wheeltec_robot/install/nav2_msgs/include/nav2_msgs/nav2_msgs/srv/detail/clear_costmap_except_region__rosidl_typesupport_introspection_c.h
[7.734s] -- Up-to-date symlink: /home/wheeltec/wheeltec_robot/install/nav2_msgs/include/nav2_msgs/nav2_msgs/srv/detail/clear_entire_costmap__rosidl_typesupport_introspection_c.h
[7.734s] -- Up-to-date symlink: /home/wheeltec/wheeltec_robot/install/nav2_msgs/include/nav2_msgs/nav2_msgs/srv/detail/get_costmap__rosidl_typesupport_introspection_c.h
[7.734s] -- Up-to-date symlink: /home/wheeltec/wheeltec_robot/install/nav2_msgs/include/nav2_msgs/nav2_msgs/srv/detail/is_path_valid__rosidl_typesupport_introspection_c.h
[7.734s] -- Up-to-date symlink: /home/wheeltec/wheeltec_robot/install/nav2_msgs/include/nav2_msgs/nav2_msgs/srv/detail/load_map__rosidl_typesupport_introspection_c.h
[7.734s] -- Up-to-date symlink: /home/wheeltec/wheeltec_robot/install/nav2_msgs/include/nav2_msgs/nav2_msgs/srv/detail/manage_lifecycle_nodes__rosidl_typesupport_introspection_c.h
[7.734s] -- Up-to-date symlink: /home/wheeltec/wheeltec_robot/install/nav2_msgs/include/nav2_msgs/nav2_msgs/srv/detail/save_map__rosidl_typesupport_introspection_c.h
[7.734s] -- Up-to-date symlink: /home/wheeltec/wheeltec_robot/install/nav2_msgs/include/nav2_msgs/nav2_msgs/action/detail/assisted_teleop__rosidl_typesupport_introspection_cpp.hpp
[7.735s] -- Up-to-date symlink: /home/wheeltec/wheeltec_robot/install/nav2_msgs/include/nav2_msgs/nav2_msgs/action/detail/back_up__rosidl_typesupport_introspection_cpp.hpp
[7.735s] -- Up-to-date symlink: /home/wheeltec/wheeltec_robot/install/nav2_msgs/include/nav2_msgs/nav2_msgs/action/detail/compute_path_through_poses__rosidl_typesupport_introspection_cpp.hpp
[7.735s] -- Up-to-date symlink: /home/wheeltec/wheeltec_robot/install/nav2_msgs/include/nav2_msgs/nav2_msgs/action/detail/compute_path_to_pose__rosidl_typesupport_introspection_cpp.hpp
[7.735s] -- Up-to-date symlink: /home/wheeltec/wheeltec_robot/install/nav2_msgs/include/nav2_msgs/nav2_msgs/action/detail/drive_on_heading__rosidl_typesupport_introspection_cpp.hpp
[7.735s] -- Up-to-date symlink: /home/wheeltec/wheeltec_robot/install/nav2_msgs/include/nav2_msgs/nav2_msgs/action/detail/dummy_behavior__rosidl_typesupport_introspection_cpp.hpp
[7.735s] -- Up-to-date symlink: /home/wheeltec/wheeltec_robot/install/nav2_msgs/include/nav2_msgs/nav2_msgs/action/detail/follow_path__rosidl_typesupport_introspection_cpp.hpp
[7.736s] -- Up-to-date symlink: /home/wheeltec/wheeltec_robot/install/nav2_msgs/include/nav2_msgs/nav2_msgs/action/detail/follow_waypoints__rosidl_typesupport_introspection_cpp.hpp
[7.736s] -- Up-to-date symlink: /home/wheeltec/wheeltec_robot/install/nav2_msgs/include/nav2_msgs/nav2_msgs/action/detail/navigate_through_poses__rosidl_typesupport_introspection_cpp.hpp
[7.736s] -- Up-to-date symlink: /home/wheeltec/wheeltec_robot/install/nav2_msgs/include/nav2_msgs/nav2_msgs/action/detail/navigate_to_pose__rosidl_typesupport_introspection_cpp.hpp
[7.736s] -- Up-to-date symlink: /home/wheeltec/wheeltec_robot/install/nav2_msgs/include/nav2_msgs/nav2_msgs/action/detail/smooth_path__rosidl_typesupport_introspection_cpp.hpp
[7.736s] -- Up-to-date symlink: /home/wheeltec/wheeltec_robot/install/nav2_msgs/include/nav2_msgs/nav2_msgs/action/detail/spin__rosidl_typesupport_introspection_cpp.hpp
[7.736s] -- Up-to-date symlink: /home/wheeltec/wheeltec_robot/install/nav2_msgs/include/nav2_msgs/nav2_msgs/action/detail/wait__rosidl_typesupport_introspection_cpp.hpp
[7.736s] -- Up-to-date symlink: /home/wheeltec/wheeltec_robot/install/nav2_msgs/include/nav2_msgs/nav2_msgs/msg/detail/behavior_tree_log__rosidl_typesupport_introspection_cpp.hpp
[7.736s] -- Up-to-date symlink: /home/wheeltec/wheeltec_robot/install/nav2_msgs/include/nav2_msgs/nav2_msgs/msg/detail/behavior_tree_status_change__rosidl_typesupport_introspection_cpp.hpp
[7.736s] -- Up-to-date symlink: /home/wheeltec/wheeltec_robot/install/nav2_msgs/include/nav2_msgs/nav2_msgs/msg/detail/costmap__rosidl_typesupport_introspection_cpp.hpp
[7.737s] -- Up-to-date symlink: /home/wheeltec/wheeltec_robot/install/nav2_msgs/include/nav2_msgs/nav2_msgs/msg/detail/costmap_filter_info__rosidl_typesupport_introspection_cpp.hpp
[7.737s] -- Up-to-date symlink: /home/wheeltec/wheeltec_robot/install/nav2_msgs/include/nav2_msgs/nav2_msgs/msg/detail/costmap_meta_data__rosidl_typesupport_introspection_cpp.hpp
[7.737s] -- Up-to-date symlink: /home/wheeltec/wheeltec_robot/install/nav2_msgs/include/nav2_msgs/nav2_msgs/msg/detail/particle__rosidl_typesupport_introspection_cpp.hpp
[7.737s] -- Up-to-date symlink: /home/wheeltec/wheeltec_robot/install/nav2_msgs/include/nav2_msgs/nav2_msgs/msg/detail/particle_cloud__rosidl_typesupport_introspection_cpp.hpp
[7.767s] -- Up-to-date symlink: /home/wheeltec/wheeltec_robot/install/nav2_msgs/include/nav2_msgs/nav2_msgs/msg/detail/speed_limit__rosidl_typesupport_introspection_cpp.hpp
[7.767s] -- Up-to-date symlink: /home/wheeltec/wheeltec_robot/install/nav2_msgs/include/nav2_msgs/nav2_msgs/msg/detail/voxel_grid__rosidl_typesupport_introspection_cpp.hpp
[7.767s] -- Up-to-date symlink: /home/wheeltec/wheeltec_robot/install/nav2_msgs/include/nav2_msgs/nav2_msgs/srv/detail/clear_costmap_around_robot__rosidl_typesupport_introspection_cpp.hpp
[7.767s] -- Up-to-date symlink: /home/wheeltec/wheeltec_robot/install/nav2_msgs/include/nav2_msgs/nav2_msgs/srv/detail/clear_costmap_except_region__rosidl_typesupport_introspection_cpp.hpp
[7.769s] -- Up-to-date symlink: /home/wheeltec/wheeltec_robot/install/nav2_msgs/include/nav2_msgs/nav2_msgs/srv/detail/clear_entire_costmap__rosidl_typesupport_introspection_cpp.hpp
[7.770s] -- Up-to-date symlink: /home/wheeltec/wheeltec_robot/install/nav2_msgs/include/nav2_msgs/nav2_msgs/srv/detail/get_costmap__rosidl_typesupport_introspection_cpp.hpp
[7.770s] -- Up-to-date symlink: /home/wheeltec/wheeltec_robot/install/nav2_msgs/include/nav2_msgs/nav2_msgs/srv/detail/is_path_valid__rosidl_typesupport_introspection_cpp.hpp
[7.770s] -- Up-to-date symlink: /home/wheeltec/wheeltec_robot/install/nav2_msgs/include/nav2_msgs/nav2_msgs/srv/detail/load_map__rosidl_typesupport_introspection_cpp.hpp
[7.770s] -- Up-to-date symlink: /home/wheeltec/wheeltec_robot/install/nav2_msgs/include/nav2_msgs/nav2_msgs/srv/detail/manage_lifecycle_nodes__rosidl_typesupport_introspection_cpp.hpp
[7.770s] -- Up-to-date symlink: /home/wheeltec/wheeltec_robot/install/nav2_msgs/include/nav2_msgs/nav2_msgs/srv/detail/save_map__rosidl_typesupport_introspection_cpp.hpp
[7.770s] -- Up-to-date symlink: /home/wheeltec/wheeltec_robot/install/nav2_msgs/share/nav2_msgs/environment/pythonpath.sh
[7.770s] -- Up-to-date symlink: /home/wheeltec/wheeltec_robot/install/nav2_msgs/share/nav2_msgs/environment/pythonpath.dsv
[7.770s] -- Up-to-date symlink: /home/wheeltec/wheeltec_robot/install/nav2_msgs/local/lib/python3.10/dist-packages/nav2_msgs-1.1.6-py3.10.egg-info/PKG-INFO
[7.771s] -- Up-to-date symlink: /home/wheeltec/wheeltec_robot/install/nav2_msgs/local/lib/python3.10/dist-packages/nav2_msgs-1.1.6-py3.10.egg-info/SOURCES.txt
[7.771s] -- Up-to-date symlink: /home/wheeltec/wheeltec_robot/install/nav2_msgs/local/lib/python3.10/dist-packages/nav2_msgs-1.1.6-py3.10.egg-info/dependency_links.txt
[7.771s] -- Up-to-date symlink: /home/wheeltec/wheeltec_robot/install/nav2_msgs/local/lib/python3.10/dist-packages/nav2_msgs-1.1.6-py3.10.egg-info/top_level.txt
[7.771s] -- Up-to-date symlink: /home/wheeltec/wheeltec_robot/install/nav2_msgs/local/lib/python3.10/dist-packages/nav2_msgs/__init__.py
[7.771s] -- Up-to-date symlink: /home/wheeltec/wheeltec_robot/install/nav2_msgs/local/lib/python3.10/dist-packages/nav2_msgs/_nav2_msgs_s.ep.rosidl_typesupport_c.c
[7.771s] -- Up-to-date symlink: /home/wheeltec/wheeltec_robot/install/nav2_msgs/local/lib/python3.10/dist-packages/nav2_msgs/_nav2_msgs_s.ep.rosidl_typesupport_fastrtps_c.c
[7.772s] -- Up-to-date symlink: /home/wheeltec/wheeltec_robot/install/nav2_msgs/local/lib/python3.10/dist-packages/nav2_msgs/_nav2_msgs_s.ep.rosidl_typesupport_introspection_c.c
[7.772s] -- Up-to-date symlink: /home/wheeltec/wheeltec_robot/install/nav2_msgs/local/lib/python3.10/dist-packages/nav2_msgs/action/__init__.py
[7.772s] -- Up-to-date symlink: /home/wheeltec/wheeltec_robot/install/nav2_msgs/local/lib/python3.10/dist-packages/nav2_msgs/action/_assisted_teleop.py
[7.772s] -- Up-to-date symlink: /home/wheeltec/wheeltec_robot/install/nav2_msgs/local/lib/python3.10/dist-packages/nav2_msgs/action/_assisted_teleop_s.c
[7.772s] -- Up-to-date symlink: /home/wheeltec/wheeltec_robot/install/nav2_msgs/local/lib/python3.10/dist-packages/nav2_msgs/action/_back_up.py
[7.772s] -- Up-to-date symlink: /home/wheeltec/wheeltec_robot/install/nav2_msgs/local/lib/python3.10/dist-packages/nav2_msgs/action/_back_up_s.c
[7.772s] -- Up-to-date symlink: /home/wheeltec/wheeltec_robot/install/nav2_msgs/local/lib/python3.10/dist-packages/nav2_msgs/action/_compute_path_through_poses.py
[7.772s] -- Up-to-date symlink: /home/wheeltec/wheeltec_robot/install/nav2_msgs/local/lib/python3.10/dist-packages/nav2_msgs/action/_compute_path_through_poses_s.c
[7.772s] -- Up-to-date symlink: /home/wheeltec/wheeltec_robot/install/nav2_msgs/local/lib/python3.10/dist-packages/nav2_msgs/action/_compute_path_to_pose.py
[7.772s] -- Up-to-date symlink: /home/wheeltec/wheeltec_robot/install/nav2_msgs/local/lib/python3.10/dist-packages/nav2_msgs/action/_compute_path_to_pose_s.c
[7.773s] -- Up-to-date symlink: /home/wheeltec/wheeltec_robot/install/nav2_msgs/local/lib/python3.10/dist-packages/nav2_msgs/action/_drive_on_heading.py
[7.773s] -- Up-to-date symlink: /home/wheeltec/wheeltec_robot/install/nav2_msgs/local/lib/python3.10/dist-packages/nav2_msgs/action/_drive_on_heading_s.c
[7.773s] -- Up-to-date symlink: /home/wheeltec/wheeltec_robot/install/nav2_msgs/local/lib/python3.10/dist-packages/nav2_msgs/action/_dummy_behavior.py
[7.773s] -- Up-to-date symlink: /home/wheeltec/wheeltec_robot/install/nav2_msgs/local/lib/python3.10/dist-packages/nav2_msgs/action/_dummy_behavior_s.c
[7.773s] -- Up-to-date symlink: /home/wheeltec/wheeltec_robot/install/nav2_msgs/local/lib/python3.10/dist-packages/nav2_msgs/action/_follow_path.py
[7.774s] -- Up-to-date symlink: /home/wheeltec/wheeltec_robot/install/nav2_msgs/local/lib/python3.10/dist-packages/nav2_msgs/action/_follow_path_s.c
[7.775s] -- Up-to-date symlink: /home/wheeltec/wheeltec_robot/install/nav2_msgs/local/lib/python3.10/dist-packages/nav2_msgs/action/_follow_waypoints.py
[7.775s] -- Up-to-date symlink: /home/wheeltec/wheeltec_robot/install/nav2_msgs/local/lib/python3.10/dist-packages/nav2_msgs/action/_follow_waypoints_s.c
[7.775s] -- Up-to-date symlink: /home/wheeltec/wheeltec_robot/install/nav2_msgs/local/lib/python3.10/dist-packages/nav2_msgs/action/_navigate_through_poses.py
[7.775s] -- Up-to-date symlink: /home/wheeltec/wheeltec_robot/install/nav2_msgs/local/lib/python3.10/dist-packages/nav2_msgs/action/_navigate_through_poses_s.c
[7.779s] -- Up-to-date symlink: /home/wheeltec/wheeltec_robot/install/nav2_msgs/local/lib/python3.10/dist-packages/nav2_msgs/action/_navigate_to_pose.py
[7.780s] -- Up-to-date symlink: /home/wheeltec/wheeltec_robot/install/nav2_msgs/local/lib/python3.10/dist-packages/nav2_msgs/action/_navigate_to_pose_s.c
[7.780s] -- Up-to-date symlink: /home/wheeltec/wheeltec_robot/install/nav2_msgs/local/lib/python3.10/dist-packages/nav2_msgs/action/_smooth_path.py
[7.780s] -- Up-to-date symlink: /home/wheeltec/wheeltec_robot/install/nav2_msgs/local/lib/python3.10/dist-packages/nav2_msgs/action/_smooth_path_s.c
[7.780s] -- Up-to-date symlink: /home/wheeltec/wheeltec_robot/install/nav2_msgs/local/lib/python3.10/dist-packages/nav2_msgs/action/_spin.py
[7.780s] -- Up-to-date symlink: /home/wheeltec/wheeltec_robot/install/nav2_msgs/local/lib/python3.10/dist-packages/nav2_msgs/action/_spin_s.c
[7.781s] -- Up-to-date symlink: /home/wheeltec/wheeltec_robot/install/nav2_msgs/local/lib/python3.10/dist-packages/nav2_msgs/action/_wait.py
[7.781s] -- Up-to-date symlink: /home/wheeltec/wheeltec_robot/install/nav2_msgs/local/lib/python3.10/dist-packages/nav2_msgs/action/_wait_s.c
[7.782s] -- Up-to-date symlink: /home/wheeltec/wheeltec_robot/install/nav2_msgs/local/lib/python3.10/dist-packages/nav2_msgs/libnav2_msgs__rosidl_generator_py.so
[7.782s] -- Up-to-date symlink: /home/wheeltec/wheeltec_robot/install/nav2_msgs/local/lib/python3.10/dist-packages/nav2_msgs/msg/__init__.py
[7.782s] -- Up-to-date symlink: /home/wheeltec/wheeltec_robot/install/nav2_msgs/local/lib/python3.10/dist-packages/nav2_msgs/msg/_behavior_tree_log.py
[7.782s] -- Up-to-date symlink: /home/wheeltec/wheeltec_robot/install/nav2_msgs/local/lib/python3.10/dist-packages/nav2_msgs/msg/_behavior_tree_log_s.c
[7.782s] -- Up-to-date symlink: /home/wheeltec/wheeltec_robot/install/nav2_msgs/local/lib/python3.10/dist-packages/nav2_msgs/msg/_behavior_tree_status_change.py
[7.782s] -- Up-to-date symlink: /home/wheeltec/wheeltec_robot/install/nav2_msgs/local/lib/python3.10/dist-packages/nav2_msgs/msg/_behavior_tree_status_change_s.c
[7.782s] -- Up-to-date symlink: /home/wheeltec/wheeltec_robot/install/nav2_msgs/local/lib/python3.10/dist-packages/nav2_msgs/msg/_costmap.py
[7.783s] -- Up-to-date symlink: /home/wheeltec/wheeltec_robot/install/nav2_msgs/local/lib/python3.10/dist-packages/nav2_msgs/msg/_costmap_filter_info.py
[7.783s] -- Up-to-date symlink: /home/wheeltec/wheeltec_robot/install/nav2_msgs/local/lib/python3.10/dist-packages/nav2_msgs/msg/_costmap_filter_info_s.c
[7.783s] -- Up-to-date symlink: /home/wheeltec/wheeltec_robot/install/nav2_msgs/local/lib/python3.10/dist-packages/nav2_msgs/msg/_costmap_meta_data.py
[7.783s] -- Up-to-date symlink: /home/wheeltec/wheeltec_robot/install/nav2_msgs/local/lib/python3.10/dist-packages/nav2_msgs/msg/_costmap_meta_data_s.c
[7.783s] -- Up-to-date symlink: /home/wheeltec/wheeltec_robot/install/nav2_msgs/local/lib/python3.10/dist-packages/nav2_msgs/msg/_costmap_s.c
[7.783s] -- Up-to-date symlink: /home/wheeltec/wheeltec_robot/install/nav2_msgs/local/lib/python3.10/dist-packages/nav2_msgs/msg/_particle.py
[7.783s] -- Up-to-date symlink: /home/wheeltec/wheeltec_robot/install/nav2_msgs/local/lib/python3.10/dist-packages/nav2_msgs/msg/_particle_cloud.py
[7.783s] -- Up-to-date symlink: /home/wheeltec/wheeltec_robot/install/nav2_msgs/local/lib/python3.10/dist-packages/nav2_msgs/msg/_particle_cloud_s.c
[7.783s] -- Up-to-date symlink: /home/wheeltec/wheeltec_robot/install/nav2_msgs/local/lib/python3.10/dist-packages/nav2_msgs/msg/_particle_s.c
[7.784s] -- Up-to-date symlink: /home/wheeltec/wheeltec_robot/install/nav2_msgs/local/lib/python3.10/dist-packages/nav2_msgs/msg/_speed_limit.py
[7.784s] -- Up-to-date symlink: /home/wheeltec/wheeltec_robot/install/nav2_msgs/local/lib/python3.10/dist-packages/nav2_msgs/msg/_speed_limit_s.c
[7.784s] -- Up-to-date symlink: /home/wheeltec/wheeltec_robot/install/nav2_msgs/local/lib/python3.10/dist-packages/nav2_msgs/msg/_voxel_grid.py
[7.784s] -- Up-to-date symlink: /home/wheeltec/wheeltec_robot/install/nav2_msgs/local/lib/python3.10/dist-packages/nav2_msgs/msg/_voxel_grid_s.c
[7.784s] -- Up-to-date symlink: /home/wheeltec/wheeltec_robot/install/nav2_msgs/local/lib/python3.10/dist-packages/nav2_msgs/nav2_msgs_s__rosidl_typesupport_c.cpython-310-aarch64-linux-gnu.so
[7.784s] -- Up-to-date symlink: /home/wheeltec/wheeltec_robot/install/nav2_msgs/local/lib/python3.10/dist-packages/nav2_msgs/nav2_msgs_s__rosidl_typesupport_fastrtps_c.cpython-310-aarch64-linux-gnu.so
[7.784s] -- Up-to-date symlink: /home/wheeltec/wheeltec_robot/install/nav2_msgs/local/lib/python3.10/dist-packages/nav2_msgs/nav2_msgs_s__rosidl_typesupport_introspection_c.cpython-310-aarch64-linux-gnu.so
[7.784s] -- Up-to-date symlink: /home/wheeltec/wheeltec_robot/install/nav2_msgs/local/lib/python3.10/dist-packages/nav2_msgs/srv/__init__.py
[7.784s] -- Up-to-date symlink: /home/wheeltec/wheeltec_robot/install/nav2_msgs/local/lib/python3.10/dist-packages/nav2_msgs/srv/_clear_costmap_around_robot.py
[7.785s] -- Up-to-date symlink: /home/wheeltec/wheeltec_robot/install/nav2_msgs/local/lib/python3.10/dist-packages/nav2_msgs/srv/_clear_costmap_around_robot_s.c
[7.785s] -- Up-to-date symlink: /home/wheeltec/wheeltec_robot/install/nav2_msgs/local/lib/python3.10/dist-packages/nav2_msgs/srv/_clear_costmap_except_region.py
[7.785s] -- Up-to-date symlink: /home/wheeltec/wheeltec_robot/install/nav2_msgs/local/lib/python3.10/dist-packages/nav2_msgs/srv/_clear_costmap_except_region_s.c
[7.785s] -- Up-to-date symlink: /home/wheeltec/wheeltec_robot/install/nav2_msgs/local/lib/python3.10/dist-packages/nav2_msgs/srv/_clear_entire_costmap.py
[7.785s] -- Up-to-date symlink: /home/wheeltec/wheeltec_robot/install/nav2_msgs/local/lib/python3.10/dist-packages/nav2_msgs/srv/_clear_entire_costmap_s.c
[7.785s] -- Up-to-date symlink: /home/wheeltec/wheeltec_robot/install/nav2_msgs/local/lib/python3.10/dist-packages/nav2_msgs/srv/_get_costmap.py
[7.785s] -- Up-to-date symlink: /home/wheeltec/wheeltec_robot/install/nav2_msgs/local/lib/python3.10/dist-packages/nav2_msgs/srv/_get_costmap_s.c
[7.785s] -- Up-to-date symlink: /home/wheeltec/wheeltec_robot/install/nav2_msgs/local/lib/python3.10/dist-packages/nav2_msgs/srv/_is_path_valid.py
[7.785s] -- Up-to-date symlink: /home/wheeltec/wheeltec_robot/install/nav2_msgs/local/lib/python3.10/dist-packages/nav2_msgs/srv/_is_path_valid_s.c
[7.786s] -- Up-to-date symlink: /home/wheeltec/wheeltec_robot/install/nav2_msgs/local/lib/python3.10/dist-packages/nav2_msgs/srv/_load_map.py
[7.786s] -- Up-to-date symlink: /home/wheeltec/wheeltec_robot/install/nav2_msgs/local/lib/python3.10/dist-packages/nav2_msgs/srv/_load_map_s.c
[7.786s] -- Up-to-date symlink: /home/wheeltec/wheeltec_robot/install/nav2_msgs/local/lib/python3.10/dist-packages/nav2_msgs/srv/_manage_lifecycle_nodes.py
[7.786s] -- Up-to-date symlink: /home/wheeltec/wheeltec_robot/install/nav2_msgs/local/lib/python3.10/dist-packages/nav2_msgs/srv/_manage_lifecycle_nodes_s.c
[7.786s] -- Up-to-date symlink: /home/wheeltec/wheeltec_robot/install/nav2_msgs/local/lib/python3.10/dist-packages/nav2_msgs/srv/_save_map.py
[7.786s] -- Up-to-date symlink: /home/wheeltec/wheeltec_robot/install/nav2_msgs/local/lib/python3.10/dist-packages/nav2_msgs/srv/_save_map_s.c
[7.786s] -- Up-to-date symlink: /home/wheeltec/wheeltec_robot/install/nav2_msgs/local/lib/python3.10/dist-packages/nav2_msgs/nav2_msgs_s__rosidl_typesupport_fastrtps_c.cpython-310-aarch64-linux-gnu.so
[7.786s] -- Up-to-date symlink: /home/wheeltec/wheeltec_robot/install/nav2_msgs/local/lib/python3.10/dist-packages/nav2_msgs/nav2_msgs_s__rosidl_typesupport_introspection_c.cpython-310-aarch64-linux-gnu.so
[7.786s] -- Up-to-date symlink: /home/wheeltec/wheeltec_robot/install/nav2_msgs/local/lib/python3.10/dist-packages/nav2_msgs/nav2_msgs_s__rosidl_typesupport_c.cpython-310-aarch64-linux-gnu.so
[7.786s] -- Up-to-date symlink: /home/wheeltec/wheeltec_robot/install/nav2_msgs/share/nav2_msgs/msg/Costmap.idl
[7.786s] -- Up-to-date symlink: /home/wheeltec/wheeltec_robot/install/nav2_msgs/share/nav2_msgs/msg/CostmapMetaData.idl
[7.787s] -- Up-to-date symlink: /home/wheeltec/wheeltec_robot/install/nav2_msgs/share/nav2_msgs/msg/CostmapFilterInfo.idl
[7.787s] -- Up-to-date symlink: /home/wheeltec/wheeltec_robot/install/nav2_msgs/share/nav2_msgs/msg/SpeedLimit.idl
[7.787s] -- Up-to-date symlink: /home/wheeltec/wheeltec_robot/install/nav2_msgs/share/nav2_msgs/msg/VoxelGrid.idl
[7.787s] -- Up-to-date symlink: /home/wheeltec/wheeltec_robot/install/nav2_msgs/share/nav2_msgs/msg/BehaviorTreeStatusChange.idl
[7.787s] -- Up-to-date symlink: /home/wheeltec/wheeltec_robot/install/nav2_msgs/share/nav2_msgs/msg/BehaviorTreeLog.idl
[7.787s] -- Up-to-date symlink: /home/wheeltec/wheeltec_robot/install/nav2_msgs/share/nav2_msgs/msg/Particle.idl
[7.787s] -- Up-to-date symlink: /home/wheeltec/wheeltec_robot/install/nav2_msgs/share/nav2_msgs/msg/ParticleCloud.idl
[7.787s] -- Up-to-date symlink: /home/wheeltec/wheeltec_robot/install/nav2_msgs/share/nav2_msgs/srv/GetCostmap.idl
[7.787s] -- Up-to-date symlink: /home/wheeltec/wheeltec_robot/install/nav2_msgs/share/nav2_msgs/srv/IsPathValid.idl
[7.787s] -- Up-to-date symlink: /home/wheeltec/wheeltec_robot/install/nav2_msgs/share/nav2_msgs/srv/ClearCostmapExceptRegion.idl
[7.788s] -- Up-to-date symlink: /home/wheeltec/wheeltec_robot/install/nav2_msgs/share/nav2_msgs/srv/ClearCostmapAroundRobot.idl
[7.788s] -- Up-to-date symlink: /home/wheeltec/wheeltec_robot/install/nav2_msgs/share/nav2_msgs/srv/ClearEntireCostmap.idl
[7.788s] -- Up-to-date symlink: /home/wheeltec/wheeltec_robot/install/nav2_msgs/share/nav2_msgs/srv/ManageLifecycleNodes.idl
[7.788s] -- Up-to-date symlink: /home/wheeltec/wheeltec_robot/install/nav2_msgs/share/nav2_msgs/srv/LoadMap.idl
[7.788s] -- Up-to-date symlink: /home/wheeltec/wheeltec_robot/install/nav2_msgs/share/nav2_msgs/srv/SaveMap.idl
[7.788s] -- Up-to-date symlink: /home/wheeltec/wheeltec_robot/install/nav2_msgs/share/nav2_msgs/action/AssistedTeleop.idl
[7.788s] -- Up-to-date symlink: /home/wheeltec/wheeltec_robot/install/nav2_msgs/share/nav2_msgs/action/BackUp.idl
[7.788s] -- Up-to-date symlink: /home/wheeltec/wheeltec_robot/install/nav2_msgs/share/nav2_msgs/action/ComputePathToPose.idl
[7.788s] -- Up-to-date symlink: /home/wheeltec/wheeltec_robot/install/nav2_msgs/share/nav2_msgs/action/ComputePathThroughPoses.idl
[7.788s] -- Up-to-date symlink: /home/wheeltec/wheeltec_robot/install/nav2_msgs/share/nav2_msgs/action/DriveOnHeading.idl
[7.789s] -- Up-to-date symlink: /home/wheeltec/wheeltec_robot/install/nav2_msgs/share/nav2_msgs/action/SmoothPath.idl
[7.789s] -- Up-to-date symlink: /home/wheeltec/wheeltec_robot/install/nav2_msgs/share/nav2_msgs/action/FollowPath.idl
[7.789s] -- Up-to-date symlink: /home/wheeltec/wheeltec_robot/install/nav2_msgs/share/nav2_msgs/action/NavigateToPose.idl
[7.789s] -- Up-to-date symlink: /home/wheeltec/wheeltec_robot/install/nav2_msgs/share/nav2_msgs/action/NavigateThroughPoses.idl
[7.789s] -- Up-to-date symlink: /home/wheeltec/wheeltec_robot/install/nav2_msgs/share/nav2_msgs/action/Wait.idl
[7.789s] -- Up-to-date symlink: /home/wheeltec/wheeltec_robot/install/nav2_msgs/share/nav2_msgs/action/Spin.idl
[7.789s] -- Up-to-date symlink: /home/wheeltec/wheeltec_robot/install/nav2_msgs/share/nav2_msgs/action/DummyBehavior.idl
[7.789s] -- Up-to-date symlink: /home/wheeltec/wheeltec_robot/install/nav2_msgs/share/nav2_msgs/action/FollowWaypoints.idl
[7.789s] -- Up-to-date symlink: /home/wheeltec/wheeltec_robot/install/nav2_msgs/share/nav2_msgs/msg/Costmap.msg
[7.790s] -- Up-to-date symlink: /home/wheeltec/wheeltec_robot/install/nav2_msgs/share/nav2_msgs/msg/CostmapMetaData.msg
[7.790s] -- Up-to-date symlink: /home/wheeltec/wheeltec_robot/install/nav2_msgs/share/nav2_msgs/msg/CostmapFilterInfo.msg
[7.790s] -- Up-to-date symlink: /home/wheeltec/wheeltec_robot/install/nav2_msgs/share/nav2_msgs/msg/SpeedLimit.msg
[7.790s] -- Up-to-date symlink: /home/wheeltec/wheeltec_robot/install/nav2_msgs/share/nav2_msgs/msg/VoxelGrid.msg
[7.790s] -- Up-to-date symlink: /home/wheeltec/wheeltec_robot/install/nav2_msgs/share/nav2_msgs/msg/BehaviorTreeStatusChange.msg
[7.790s] -- Up-to-date symlink: /home/wheeltec/wheeltec_robot/install/nav2_msgs/share/nav2_msgs/msg/BehaviorTreeLog.msg
[7.790s] -- Up-to-date symlink: /home/wheeltec/wheeltec_robot/install/nav2_msgs/share/nav2_msgs/msg/Particle.msg
[7.790s] -- Up-to-date symlink: /home/wheeltec/wheeltec_robot/install/nav2_msgs/share/nav2_msgs/msg/ParticleCloud.msg
[7.790s] -- Up-to-date symlink: /home/wheeltec/wheeltec_robot/install/nav2_msgs/share/nav2_msgs/srv/GetCostmap.srv
[7.790s] -- Up-to-date symlink: /home/wheeltec/wheeltec_robot/install/nav2_msgs/share/nav2_msgs/srv/GetCostmap_Request.msg
[7.791s] -- Up-to-date symlink: /home/wheeltec/wheeltec_robot/install/nav2_msgs/share/nav2_msgs/srv/GetCostmap_Response.msg
[7.791s] -- Up-to-date symlink: /home/wheeltec/wheeltec_robot/install/nav2_msgs/share/nav2_msgs/srv/IsPathValid.srv
[7.791s] -- Up-to-date symlink: /home/wheeltec/wheeltec_robot/install/nav2_msgs/share/nav2_msgs/srv/IsPathValid_Request.msg
[7.791s] -- Up-to-date symlink: /home/wheeltec/wheeltec_robot/install/nav2_msgs/share/nav2_msgs/srv/IsPathValid_Response.msg
[7.791s] -- Up-to-date symlink: /home/wheeltec/wheeltec_robot/install/nav2_msgs/share/nav2_msgs/srv/ClearCostmapExceptRegion.srv
[7.791s] -- Up-to-date symlink: /home/wheeltec/wheeltec_robot/install/nav2_msgs/share/nav2_msgs/srv/ClearCostmapExceptRegion_Request.msg
[7.791s] -- Up-to-date symlink: /home/wheeltec/wheeltec_robot/install/nav2_msgs/share/nav2_msgs/srv/ClearCostmapExceptRegion_Response.msg
[7.791s] -- Up-to-date symlink: /home/wheeltec/wheeltec_robot/install/nav2_msgs/share/nav2_msgs/srv/ClearCostmapAroundRobot.srv
[7.791s] -- Up-to-date symlink: /home/wheeltec/wheeltec_robot/install/nav2_msgs/share/nav2_msgs/srv/ClearCostmapAroundRobot_Request.msg
[7.791s] -- Up-to-date symlink: /home/wheeltec/wheeltec_robot/install/nav2_msgs/share/nav2_msgs/srv/ClearCostmapAroundRobot_Response.msg
[7.792s] -- Up-to-date symlink: /home/wheeltec/wheeltec_robot/install/nav2_msgs/share/nav2_msgs/srv/ClearEntireCostmap.srv
[7.792s] -- Up-to-date symlink: /home/wheeltec/wheeltec_robot/install/nav2_msgs/share/nav2_msgs/srv/ClearEntireCostmap_Request.msg
[7.792s] -- Up-to-date symlink: /home/wheeltec/wheeltec_robot/install/nav2_msgs/share/nav2_msgs/srv/ClearEntireCostmap_Response.msg
[7.792s] -- Up-to-date symlink: /home/wheeltec/wheeltec_robot/install/nav2_msgs/share/nav2_msgs/srv/ManageLifecycleNodes.srv
[7.792s] -- Up-to-date symlink: /home/wheeltec/wheeltec_robot/install/nav2_msgs/share/nav2_msgs/srv/ManageLifecycleNodes_Request.msg
[7.792s] -- Up-to-date symlink: /home/wheeltec/wheeltec_robot/install/nav2_msgs/share/nav2_msgs/srv/ManageLifecycleNodes_Response.msg
[7.792s] -- Up-to-date symlink: /home/wheeltec/wheeltec_robot/install/nav2_msgs/share/nav2_msgs/srv/LoadMap.srv
[7.792s] -- Up-to-date symlink: /home/wheeltec/wheeltec_robot/install/nav2_msgs/share/nav2_msgs/srv/LoadMap_Request.msg
[7.792s] -- Up-to-date symlink: /home/wheeltec/wheeltec_robot/install/nav2_msgs/share/nav2_msgs/srv/LoadMap_Response.msg
[7.792s] -- Up-to-date symlink: /home/wheeltec/wheeltec_robot/install/nav2_msgs/share/nav2_msgs/srv/SaveMap.srv
[7.799s] -- Up-to-date symlink: /home/wheeltec/wheeltec_robot/install/nav2_msgs/share/nav2_msgs/srv/SaveMap_Request.msg
[7.799s] -- Up-to-date symlink: /home/wheeltec/wheeltec_robot/install/nav2_msgs/share/nav2_msgs/srv/SaveMap_Response.msg
[7.800s] -- Up-to-date symlink: /home/wheeltec/wheeltec_robot/install/nav2_msgs/share/nav2_msgs/action/AssistedTeleop.action
[7.800s] -- Up-to-date symlink: /home/wheeltec/wheeltec_robot/install/nav2_msgs/share/nav2_msgs/action/BackUp.action
[7.800s] -- Up-to-date symlink: /home/wheeltec/wheeltec_robot/install/nav2_msgs/share/nav2_msgs/action/ComputePathToPose.action
[7.801s] -- Up-to-date symlink: /home/wheeltec/wheeltec_robot/install/nav2_msgs/share/nav2_msgs/action/ComputePathThroughPoses.action
[7.801s] -- Up-to-date symlink: /home/wheeltec/wheeltec_robot/install/nav2_msgs/share/nav2_msgs/action/DriveOnHeading.action
[7.801s] -- Up-to-date symlink: /home/wheeltec/wheeltec_robot/install/nav2_msgs/share/nav2_msgs/action/SmoothPath.action
[7.801s] -- Up-to-date symlink: /home/wheeltec/wheeltec_robot/install/nav2_msgs/share/nav2_msgs/action/FollowPath.action
[7.801s] -- Up-to-date symlink: /home/wheeltec/wheeltec_robot/install/nav2_msgs/share/nav2_msgs/action/NavigateToPose.action
[7.801s] -- Up-to-date symlink: /home/wheeltec/wheeltec_robot/install/nav2_msgs/share/nav2_msgs/action/NavigateThroughPoses.action
[7.801s] -- Up-to-date symlink: /home/wheeltec/wheeltec_robot/install/nav2_msgs/share/nav2_msgs/action/Wait.action
[7.801s] -- Up-to-date symlink: /home/wheeltec/wheeltec_robot/install/nav2_msgs/share/nav2_msgs/action/Spin.action
[7.801s] -- Up-to-date symlink: /home/wheeltec/wheeltec_robot/install/nav2_msgs/share/nav2_msgs/action/DummyBehavior.action
[7.801s] -- Up-to-date symlink: /home/wheeltec/wheeltec_robot/install/nav2_msgs/share/nav2_msgs/action/FollowWaypoints.action
[7.802s] -- Up-to-date symlink: /home/wheeltec/wheeltec_robot/install/nav2_msgs/share/ament_index/resource_index/package_run_dependencies/nav2_msgs
[7.802s] -- Up-to-date symlink: /home/wheeltec/wheeltec_robot/install/nav2_msgs/share/ament_index/resource_index/parent_prefix_path/nav2_msgs
[7.802s] -- Up-to-date symlink: /home/wheeltec/wheeltec_robot/install/nav2_msgs/share/nav2_msgs/environment/ament_prefix_path.sh
[7.802s] -- Up-to-date symlink: /home/wheeltec/wheeltec_robot/install/nav2_msgs/share/nav2_msgs/environment/ament_prefix_path.dsv
[7.802s] -- Up-to-date symlink: /home/wheeltec/wheeltec_robot/install/nav2_msgs/share/nav2_msgs/environment/path.sh
[7.802s] -- Up-to-date symlink: /home/wheeltec/wheeltec_robot/install/nav2_msgs/share/nav2_msgs/environment/path.dsv
[7.802s] -- Up-to-date symlink: /home/wheeltec/wheeltec_robot/install/nav2_msgs/share/nav2_msgs/local_setup.bash
[7.802s] -- Up-to-date symlink: /home/wheeltec/wheeltec_robot/install/nav2_msgs/share/nav2_msgs/local_setup.sh
[7.803s] -- Up-to-date symlink: /home/wheeltec/wheeltec_robot/install/nav2_msgs/share/nav2_msgs/local_setup.zsh
[7.803s] -- Up-to-date symlink: /home/wheeltec/wheeltec_robot/install/nav2_msgs/share/nav2_msgs/local_setup.dsv
[7.803s] -- Up-to-date symlink: /home/wheeltec/wheeltec_robot/install/nav2_msgs/share/nav2_msgs/package.dsv
[7.803s] -- Up-to-date symlink: /home/wheeltec/wheeltec_robot/install/nav2_msgs/share/ament_index/resource_index/packages/nav2_msgs
[7.803s] -- Up-to-date symlink: /home/wheeltec/wheeltec_robot/install/nav2_msgs/share/nav2_msgs/cmake/rosidl_cmake-extras.cmake
[7.803s] -- Up-to-date symlink: /home/wheeltec/wheeltec_robot/install/nav2_msgs/share/nav2_msgs/cmake/ament_cmake_export_dependencies-extras.cmake
[7.803s] -- Up-to-date symlink: /home/wheeltec/wheeltec_robot/install/nav2_msgs/share/nav2_msgs/cmake/ament_cmake_export_include_directories-extras.cmake
[7.803s] -- Up-to-date symlink: /home/wheeltec/wheeltec_robot/install/nav2_msgs/share/nav2_msgs/cmake/ament_cmake_export_libraries-extras.cmake
[7.803s] -- Up-to-date symlink: /home/wheeltec/wheeltec_robot/install/nav2_msgs/share/nav2_msgs/cmake/ament_cmake_export_targets-extras.cmake
[7.803s] -- Up-to-date symlink: /home/wheeltec/wheeltec_robot/install/nav2_msgs/share/nav2_msgs/cmake/rosidl_cmake_export_typesupport_targets-extras.cmake
[7.804s] -- Up-to-date symlink: /home/wheeltec/wheeltec_robot/install/nav2_msgs/share/nav2_msgs/cmake/rosidl_cmake_export_typesupport_libraries-extras.cmake
[7.814s] -- Up-to-date symlink: /home/wheeltec/wheeltec_robot/install/nav2_msgs/share/nav2_msgs/cmake/nav2_msgsConfig.cmake
[7.815s] -- Up-to-date symlink: /home/wheeltec/wheeltec_robot/install/nav2_msgs/share/nav2_msgs/cmake/nav2_msgsConfig-version.cmake
[7.815s] -- Up-to-date symlink: /home/wheeltec/wheeltec_robot/install/nav2_msgs/share/nav2_msgs/package.xml
[7.815s] -- Up-to-date: /home/wheeltec/wheeltec_robot/install/nav2_msgs/lib/libnav2_msgs__rosidl_generator_c.so
[7.815s] -- Up-to-date: /home/wheeltec/wheeltec_robot/install/nav2_msgs/lib/libnav2_msgs__rosidl_typesupport_fastrtps_c.so
[7.816s] -- Up-to-date: /home/wheeltec/wheeltec_robot/install/nav2_msgs/lib/libnav2_msgs__rosidl_typesupport_fastrtps_cpp.so
[7.816s] -- Up-to-date: /home/wheeltec/wheeltec_robot/install/nav2_msgs/lib/libnav2_msgs__rosidl_typesupport_introspection_c.so
[7.816s] -- Up-to-date: /home/wheeltec/wheeltec_robot/install/nav2_msgs/lib/libnav2_msgs__rosidl_typesupport_c.so
[7.816s] -- Up-to-date: /home/wheeltec/wheeltec_robot/install/nav2_msgs/lib/libnav2_msgs__rosidl_typesupport_introspection_cpp.so
[7.816s] -- Up-to-date: /home/wheeltec/wheeltec_robot/install/nav2_msgs/lib/libnav2_msgs__rosidl_typesupport_cpp.so
[7.979s] Listing '/home/wheeltec/wheeltec_robot/install/nav2_msgs/local/lib/python3.10/dist-packages/nav2_msgs'...
[7.979s] Compiling '/home/wheeltec/wheeltec_robot/install/nav2_msgs/local/lib/python3.10/dist-packages/nav2_msgs/__init__.py'...
[7.979s] Listing '/home/wheeltec/wheeltec_robot/install/nav2_msgs/local/lib/python3.10/dist-packages/nav2_msgs/action'...
[7.979s] Listing '/home/wheeltec/wheeltec_robot/install/nav2_msgs/local/lib/python3.10/dist-packages/nav2_msgs/msg'...
[7.980s] Listing '/home/wheeltec/wheeltec_robot/install/nav2_msgs/local/lib/python3.10/dist-packages/nav2_msgs/srv'...
[7.982s] -- Up-to-date: /home/wheeltec/wheeltec_robot/install/nav2_msgs/lib/libnav2_msgs__rosidl_generator_py.so
[7.983s] -- Up-to-date: /home/wheeltec/wheeltec_robot/install/nav2_msgs/share/nav2_msgs/cmake/export_nav2_msgs__rosidl_generator_cExport.cmake
[7.983s] -- Up-to-date: /home/wheeltec/wheeltec_robot/install/nav2_msgs/share/nav2_msgs/cmake/export_nav2_msgs__rosidl_generator_cExport-release.cmake
[7.983s] -- Up-to-date: /home/wheeltec/wheeltec_robot/install/nav2_msgs/share/nav2_msgs/cmake/export_nav2_msgs__rosidl_typesupport_fastrtps_cExport.cmake
[7.983s] -- Up-to-date: /home/wheeltec/wheeltec_robot/install/nav2_msgs/share/nav2_msgs/cmake/export_nav2_msgs__rosidl_typesupport_fastrtps_cExport-release.cmake
[7.983s] -- Up-to-date: /home/wheeltec/wheeltec_robot/install/nav2_msgs/share/nav2_msgs/cmake/export_nav2_msgs__rosidl_generator_cppExport.cmake
[7.983s] -- Up-to-date: /home/wheeltec/wheeltec_robot/install/nav2_msgs/share/nav2_msgs/cmake/export_nav2_msgs__rosidl_typesupport_fastrtps_cppExport.cmake
[7.984s] -- Up-to-date: /home/wheeltec/wheeltec_robot/install/nav2_msgs/share/nav2_msgs/cmake/export_nav2_msgs__rosidl_typesupport_fastrtps_cppExport-release.cmake
[7.984s] -- Up-to-date: /home/wheeltec/wheeltec_robot/install/nav2_msgs/share/nav2_msgs/cmake/nav2_msgs__rosidl_typesupport_introspection_cExport.cmake
[7.984s] -- Up-to-date: /home/wheeltec/wheeltec_robot/install/nav2_msgs/share/nav2_msgs/cmake/nav2_msgs__rosidl_typesupport_introspection_cExport-release.cmake
[7.984s] -- Up-to-date: /home/wheeltec/wheeltec_robot/install/nav2_msgs/share/nav2_msgs/cmake/nav2_msgs__rosidl_typesupport_cExport.cmake
[7.985s] -- Up-to-date: /home/wheeltec/wheeltec_robot/install/nav2_msgs/share/nav2_msgs/cmake/nav2_msgs__rosidl_typesupport_cExport-release.cmake
[7.985s] -- Up-to-date: /home/wheeltec/wheeltec_robot/install/nav2_msgs/share/nav2_msgs/cmake/nav2_msgs__rosidl_typesupport_introspection_cppExport.cmake
[7.986s] -- Up-to-date: /home/wheeltec/wheeltec_robot/install/nav2_msgs/share/nav2_msgs/cmake/nav2_msgs__rosidl_typesupport_introspection_cppExport-release.cmake
[7.986s] -- Up-to-date: /home/wheeltec/wheeltec_robot/install/nav2_msgs/share/nav2_msgs/cmake/nav2_msgs__rosidl_typesupport_cppExport.cmake
[7.986s] -- Up-to-date: /home/wheeltec/wheeltec_robot/install/nav2_msgs/share/nav2_msgs/cmake/nav2_msgs__rosidl_typesupport_cppExport-release.cmake
[7.986s] -- Up-to-date: /home/wheeltec/wheeltec_robot/install/nav2_msgs/share/nav2_msgs/cmake/export_nav2_msgs__rosidl_generator_pyExport.cmake
[7.986s] -- Up-to-date: /home/wheeltec/wheeltec_robot/install/nav2_msgs/share/nav2_msgs/cmake/export_nav2_msgs__rosidl_generator_pyExport-release.cmake
[7.990s] Invoked command in '/home/wheeltec/wheeltec_robot/build/nav2_msgs' returned '0': AMENT_PREFIX_PATH=/home/wheeltec/wheeltec_robot/install/nav2_common:${AMENT_PREFIX_PATH} CMAKE_PREFIX_PATH=/home/wheeltec/wheeltec_robot/install/nav2_common:/opt/ros/humble PYTHONPATH=/home/wheeltec/wheeltec_robot/install/nav2_common/local/lib/python3.10/dist-packages:${PYTHONPATH} /usr/bin/cmake --install /home/wheeltec/wheeltec_robot/build/nav2_msgs
