[1.037s] Invoking command in '/home/wheeltec/wheeltec_robot/src/auto_recharge_ros2': PYTHONPATH=/home/wheeltec/wheeltec_robot/build/auto_recharge_ros2/prefix_override:/usr/lib/python3/dist-packages/colcon_core/task/python/colcon_distutils_commands:/home/wheeltec/wheeltec_robot/install/auto_recharge_ros2/lib/python3.10/site-packages:${PYTHONPATH} /usr/bin/python3 -W ignore:setup.py install is deprecated -W ignore:easy_install command is deprecated setup.py egg_info --egg-base ../../build/auto_recharge_ros2 build --build-base /home/wheeltec/wheeltec_robot/build/auto_recharge_ros2/build install --record /home/wheeltec/wheeltec_robot/build/auto_recharge_ros2/install.log --single-version-externally-managed install_data
[1.454s] running egg_info
[1.481s] creating ../../build/auto_recharge_ros2/auto_recharge_ros2.egg-info
[1.481s] writing ../../build/auto_recharge_ros2/auto_recharge_ros2.egg-info/PKG-INFO
[1.482s] writing dependency_links to ../../build/auto_recharge_ros2/auto_recharge_ros2.egg-info/dependency_links.txt
[1.482s] writing entry points to ../../build/auto_recharge_ros2/auto_recharge_ros2.egg-info/entry_points.txt
[1.483s] writing requirements to ../../build/auto_recharge_ros2/auto_recharge_ros2.egg-info/requires.txt
[1.483s] writing top-level names to ../../build/auto_recharge_ros2/auto_recharge_ros2.egg-info/top_level.txt
[1.483s] writing manifest file '../../build/auto_recharge_ros2/auto_recharge_ros2.egg-info/SOURCES.txt'
[1.540s] reading manifest file '../../build/auto_recharge_ros2/auto_recharge_ros2.egg-info/SOURCES.txt'
[1.542s] writing manifest file '../../build/auto_recharge_ros2/auto_recharge_ros2.egg-info/SOURCES.txt'
[1.542s] running build
[1.542s] running build_py
[1.543s] creating /home/wheeltec/wheeltec_robot/build/auto_recharge_ros2/build/lib/auto_recharge_ros2
[1.543s] copying auto_recharge_ros2/auto_recharger.py -> /home/wheeltec/wheeltec_robot/build/auto_recharge_ros2/build/lib/auto_recharge_ros2
[1.543s] copying auto_recharge_ros2/__init__.py -> /home/wheeltec/wheeltec_robot/build/auto_recharge_ros2/build/lib/auto_recharge_ros2
[1.544s] running install
[1.551s] running install_lib
[1.578s] creating /home/wheeltec/wheeltec_robot/install/auto_recharge_ros2/lib/python3.10/site-packages/auto_recharge_ros2
[1.579s] copying /home/wheeltec/wheeltec_robot/build/auto_recharge_ros2/build/lib/auto_recharge_ros2/auto_recharger.py -> /home/wheeltec/wheeltec_robot/install/auto_recharge_ros2/lib/python3.10/site-packages/auto_recharge_ros2
[1.579s] copying /home/wheeltec/wheeltec_robot/build/auto_recharge_ros2/build/lib/auto_recharge_ros2/__init__.py -> /home/wheeltec/wheeltec_robot/install/auto_recharge_ros2/lib/python3.10/site-packages/auto_recharge_ros2
[1.580s] byte-compiling /home/wheeltec/wheeltec_robot/install/auto_recharge_ros2/lib/python3.10/site-packages/auto_recharge_ros2/auto_recharger.py to auto_recharger.cpython-310.pyc
[1.585s] byte-compiling /home/wheeltec/wheeltec_robot/install/auto_recharge_ros2/lib/python3.10/site-packages/auto_recharge_ros2/__init__.py to __init__.cpython-310.pyc
[1.585s] running install_data
[1.586s] creating /home/wheeltec/wheeltec_robot/install/auto_recharge_ros2/share/ament_index/resource_index/packages
[1.586s] copying resource/auto_recharge_ros2 -> /home/wheeltec/wheeltec_robot/install/auto_recharge_ros2/share/ament_index/resource_index/packages
[1.586s] copying package.xml -> /home/wheeltec/wheeltec_robot/install/auto_recharge_ros2/share/auto_recharge_ros2
[1.587s] running install_egg_info
[1.617s] Copying ../../build/auto_recharge_ros2/auto_recharge_ros2.egg-info to /home/wheeltec/wheeltec_robot/install/auto_recharge_ros2/lib/python3.10/site-packages/auto_recharge_ros2-0.0.1-py3.10.egg-info
[1.619s] running install_scripts
[1.676s] Installing auto_recharge script to /home/wheeltec/wheeltec_robot/install/auto_recharge_ros2/lib/auto_recharge_ros2
[1.677s] writing list of installed files to '/home/wheeltec/wheeltec_robot/build/auto_recharge_ros2/install.log'
[1.724s] Invoked command in '/home/wheeltec/wheeltec_robot/src/auto_recharge_ros2' returned '0': PYTHONPATH=/home/wheeltec/wheeltec_robot/build/auto_recharge_ros2/prefix_override:/usr/lib/python3/dist-packages/colcon_core/task/python/colcon_distutils_commands:/home/wheeltec/wheeltec_robot/install/auto_recharge_ros2/lib/python3.10/site-packages:${PYTHONPATH} /usr/bin/python3 -W ignore:setup.py install is deprecated -W ignore:easy_install command is deprecated setup.py egg_info --egg-base ../../build/auto_recharge_ros2 build --build-base /home/wheeltec/wheeltec_robot/build/auto_recharge_ros2/build install --record /home/wheeltec/wheeltec_robot/build/auto_recharge_ros2/install.log --single-version-externally-managed install_data
