[35m[1mConsolidate compiler generated dependencies of target tts_node[0m
[100%] Built target tts_node
-- Install configuration: ""
-- Up-to-date: /home/wheeltec/wheeltec_robot/install/tts/share/tts/launch
-- Up-to-date: /home/wheeltec/wheeltec_robot/install/tts/share/tts/launch/tts_make.launch.py
-- Up-to-date: /home/wheeltec/wheeltec_robot/install/tts/share/tts/config
-- Up-to-date: /home/wheeltec/wheeltec_robot/install/tts/share/tts/config/bin
-- Up-to-date: /home/wheeltec/wheeltec_robot/install/tts/share/tts/config/bin/msc
-- Up-to-date: /home/wheeltec/wheeltec_robot/install/tts/share/tts/config/bin/msc/res
-- Up-to-date: /home/wheeltec/wheeltec_robot/install/tts/share/tts/config/bin/msc/res/tts
-- Up-to-date: /home/wheeltec/wheeltec_robot/install/tts/share/tts/config/bin/msc/res/tts/xiaoyan.jet
-- Up-to-date: /home/wheeltec/wheeltec_robot/install/tts/share/tts/config/bin/msc/res/tts/xiaofeng.jet
-- Up-to-date: /home/wheeltec/wheeltec_robot/install/tts/share/tts/config/bin/msc/res/tts/common.jet
-- Up-to-date: /home/wheeltec/wheeltec_robot/install/tts/share/tts/config/bin/msc/res/xtts
-- Up-to-date: /home/wheeltec/wheeltec_robot/install/tts/share/tts/config/bin/msc/res/xtts/common_en.jet
-- Up-to-date: /home/wheeltec/wheeltec_robot/install/tts/share/tts/config/bin/msc/res/xtts/xiaoyan.jet
-- Up-to-date: /home/wheeltec/wheeltec_robot/install/tts/share/tts/config/bin/msc/res/xtts/xiaofeng.jet
-- Up-to-date: /home/wheeltec/wheeltec_robot/install/tts/share/tts/config/bin/msc/res/xtts/common.jet
-- Up-to-date: /home/wheeltec/wheeltec_robot/install/tts/share/tts/config/bin/msc/msc.cfg
-- Up-to-date: /home/wheeltec/wheeltec_robot/install/tts/share/tts/config/tts_params.yaml
-- Execute custom install script
-- Up-to-date symlink: /home/wheeltec/wheeltec_robot/install/tts/lib/tts/tts_node
-- Up-to-date symlink: /home/wheeltec/wheeltec_robot/install/tts/share/ament_index/resource_index/package_run_dependencies/tts
-- Up-to-date symlink: /home/wheeltec/wheeltec_robot/install/tts/share/ament_index/resource_index/parent_prefix_path/tts
-- Up-to-date symlink: /home/wheeltec/wheeltec_robot/install/tts/share/tts/environment/ament_prefix_path.sh
-- Up-to-date symlink: /home/wheeltec/wheeltec_robot/install/tts/share/tts/environment/ament_prefix_path.dsv
-- Up-to-date symlink: /home/wheeltec/wheeltec_robot/install/tts/share/tts/environment/path.sh
-- Up-to-date symlink: /home/wheeltec/wheeltec_robot/install/tts/share/tts/environment/path.dsv
-- Up-to-date symlink: /home/wheeltec/wheeltec_robot/install/tts/share/tts/local_setup.bash
-- Up-to-date symlink: /home/wheeltec/wheeltec_robot/install/tts/share/tts/local_setup.sh
-- Up-to-date symlink: /home/wheeltec/wheeltec_robot/install/tts/share/tts/local_setup.zsh
-- Up-to-date symlink: /home/wheeltec/wheeltec_robot/install/tts/share/tts/local_setup.dsv
-- Symlinking: /home/wheeltec/wheeltec_robot/install/tts/share/tts/package.dsv
-- Up-to-date symlink: /home/wheeltec/wheeltec_robot/install/tts/share/ament_index/resource_index/packages/tts
-- Up-to-date symlink: /home/wheeltec/wheeltec_robot/install/tts/share/tts/cmake/ttsConfig.cmake
-- Up-to-date symlink: /home/wheeltec/wheeltec_robot/install/tts/share/tts/cmake/ttsConfig-version.cmake
-- Up-to-date symlink: /home/wheeltec/wheeltec_robot/install/tts/share/tts/package.xml
