[0.244s] Invoking command in '/home/wheeltec/wheeltec_robot/build/nav2_common': CMAKE_PREFIX_PATH=${CMAKE_PREFIX_PATH}:/opt/ros/humble /usr/bin/cmake --build /home/wheeltec/wheeltec_robot/build/nav2_common -- -j8 -l8
[0.529s] Built target ament_cmake_python_symlink_nav2_common
[1.261s] running egg_info
[1.328s] writing nav2_common.egg-info/PKG-INFO
[1.329s] writing dependency_links to nav2_common.egg-info/dependency_links.txt
[1.330s] writing top-level names to nav2_common.egg-info/top_level.txt
[1.543s] reading manifest file 'nav2_common.egg-info/SOURCES.txt'
[1.566s] writing manifest file 'nav2_common.egg-info/SOURCES.txt'
[1.784s] Built target ament_cmake_python_build_nav2_common_egg
[1.845s] Invoked command in '/home/wheeltec/wheeltec_robot/build/nav2_common' returned '0': CMAKE_PREFIX_PATH=${CMAKE_PREFIX_PATH}:/opt/ros/humble /usr/bin/cmake --build /home/wheeltec/wheeltec_robot/build/nav2_common -- -j8 -l8
[1.846s] Invoking command in '/home/wheeltec/wheeltec_robot/build/nav2_common': CMAKE_PREFIX_PATH=${CMAKE_PREFIX_PATH}:/opt/ros/humble /usr/bin/cmake --install /home/wheeltec/wheeltec_robot/build/nav2_common
[4.255s] -- Install configuration: ""
[4.256s] -- Execute custom install script
[4.256s] -- Up-to-date symlink: /home/wheeltec/wheeltec_robot/install/nav2_common/share/nav2_common/environment/pythonpath.sh
[4.256s] -- Up-to-date symlink: /home/wheeltec/wheeltec_robot/install/nav2_common/share/nav2_common/environment/pythonpath.dsv
[4.256s] -- Up-to-date symlink: /home/wheeltec/wheeltec_robot/install/nav2_common/local/lib/python3.10/dist-packages/nav2_common-1.1.6-py3.10.egg-info/PKG-INFO
[4.256s] -- Up-to-date symlink: /home/wheeltec/wheeltec_robot/install/nav2_common/local/lib/python3.10/dist-packages/nav2_common-1.1.6-py3.10.egg-info/SOURCES.txt
[4.256s] -- Up-to-date symlink: /home/wheeltec/wheeltec_robot/install/nav2_common/local/lib/python3.10/dist-packages/nav2_common-1.1.6-py3.10.egg-info/dependency_links.txt
[4.256s] -- Up-to-date symlink: /home/wheeltec/wheeltec_robot/install/nav2_common/local/lib/python3.10/dist-packages/nav2_common-1.1.6-py3.10.egg-info/top_level.txt
[4.256s] -- Up-to-date symlink: /home/wheeltec/wheeltec_robot/install/nav2_common/local/lib/python3.10/dist-packages/nav2_common/__init__.py
[4.256s] -- Up-to-date symlink: /home/wheeltec/wheeltec_robot/install/nav2_common/local/lib/python3.10/dist-packages/nav2_common/launch/__init__.py
[4.257s] -- Up-to-date symlink: /home/wheeltec/wheeltec_robot/install/nav2_common/local/lib/python3.10/dist-packages/nav2_common/launch/has_node_params.py
[4.257s] -- Up-to-date symlink: /home/wheeltec/wheeltec_robot/install/nav2_common/local/lib/python3.10/dist-packages/nav2_common/launch/replace_string.py
[4.257s] -- Up-to-date symlink: /home/wheeltec/wheeltec_robot/install/nav2_common/local/lib/python3.10/dist-packages/nav2_common/launch/rewritten_yaml.py
[4.258s] -- Up-to-date symlink: /home/wheeltec/wheeltec_robot/install/nav2_common/share/ament_index/resource_index/package_run_dependencies/nav2_common
[4.258s] -- Up-to-date symlink: /home/wheeltec/wheeltec_robot/install/nav2_common/share/ament_index/resource_index/parent_prefix_path/nav2_common
[4.258s] -- Up-to-date symlink: /home/wheeltec/wheeltec_robot/install/nav2_common/share/nav2_common/environment/ament_prefix_path.sh
[4.258s] -- Up-to-date symlink: /home/wheeltec/wheeltec_robot/install/nav2_common/share/nav2_common/environment/ament_prefix_path.dsv
[4.258s] -- Up-to-date symlink: /home/wheeltec/wheeltec_robot/install/nav2_common/share/nav2_common/environment/path.sh
[4.258s] -- Up-to-date symlink: /home/wheeltec/wheeltec_robot/install/nav2_common/share/nav2_common/environment/path.dsv
[4.258s] -- Up-to-date symlink: /home/wheeltec/wheeltec_robot/install/nav2_common/share/nav2_common/local_setup.bash
[4.259s] -- Up-to-date symlink: /home/wheeltec/wheeltec_robot/install/nav2_common/share/nav2_common/local_setup.sh
[4.259s] -- Up-to-date symlink: /home/wheeltec/wheeltec_robot/install/nav2_common/share/nav2_common/local_setup.zsh
[4.259s] -- Up-to-date symlink: /home/wheeltec/wheeltec_robot/install/nav2_common/share/nav2_common/local_setup.dsv
[4.259s] -- Symlinking: /home/wheeltec/wheeltec_robot/install/nav2_common/share/nav2_common/package.dsv
[4.259s] -- Up-to-date symlink: /home/wheeltec/wheeltec_robot/install/nav2_common/share/ament_index/resource_index/packages/nav2_common
[4.259s] -- Up-to-date symlink: /home/wheeltec/wheeltec_robot/install/nav2_common/share/nav2_common/cmake/nav2_common-extras.cmake
[4.259s] -- Up-to-date symlink: /home/wheeltec/wheeltec_robot/install/nav2_common/share/nav2_common/cmake/nav2_commonConfig.cmake
[4.259s] -- Up-to-date symlink: /home/wheeltec/wheeltec_robot/install/nav2_common/share/nav2_common/cmake/nav2_commonConfig-version.cmake
[4.259s] -- Up-to-date symlink: /home/wheeltec/wheeltec_robot/install/nav2_common/share/nav2_common/package.xml
[4.259s] -- Up-to-date symlink: /home/wheeltec/wheeltec_robot/install/nav2_common/share/nav2_common/cmake/nav2_package.cmake
[4.260s] Listing '/home/wheeltec/wheeltec_robot/install/nav2_common/local/lib/python3.10/dist-packages/nav2_common'...
[4.260s] Listing '/home/wheeltec/wheeltec_robot/install/nav2_common/local/lib/python3.10/dist-packages/nav2_common/launch'...
[4.303s] Invoked command in '/home/wheeltec/wheeltec_robot/build/nav2_common' returned '0': CMAKE_PREFIX_PATH=${CMAKE_PREFIX_PATH}:/opt/ros/humble /usr/bin/cmake --install /home/wheeltec/wheeltec_robot/build/nav2_common
