[2.808s] Invoking command in '/home/wheeltec/wheeltec_robot/build/nav2_waypoint_cycle': PYTHONPATH=/home/wheeltec/wheeltec_robot/build/nav2_waypoint_cycle/prefix_override:/usr/lib/python3/dist-packages/colcon_core/task/python/colcon_distutils_commands:/home/wheeltec/wheeltec_robot/install/nav2_waypoint_cycle/lib/python3.10/site-packages:${PYTHONPATH} /usr/bin/python3 -W ignore:setup.py install is deprecated -W ignore:easy_install command is deprecated setup.py develop --editable --build-directory /home/wheeltec/wheeltec_robot/build/nav2_waypoint_cycle/build --no-deps symlink_data
[5.727s] running develop
[5.728s] running egg_info
[5.728s] creating nav2_waypoint_cycle.egg-info
[5.728s] writing nav2_waypoint_cycle.egg-info/PKG-INFO
[5.728s] writing dependency_links to nav2_waypoint_cycle.egg-info/dependency_links.txt
[5.728s] writing entry points to nav2_waypoint_cycle.egg-info/entry_points.txt
[5.728s] writing requirements to nav2_waypoint_cycle.egg-info/requires.txt
[5.728s] writing top-level names to nav2_waypoint_cycle.egg-info/top_level.txt
[5.728s] writing manifest file 'nav2_waypoint_cycle.egg-info/SOURCES.txt'
[5.728s] reading manifest file 'nav2_waypoint_cycle.egg-info/SOURCES.txt'
[5.728s] writing manifest file 'nav2_waypoint_cycle.egg-info/SOURCES.txt'
[5.729s] running build_ext
[5.729s] Creating /home/wheeltec/wheeltec_robot/install/nav2_waypoint_cycle/lib/python3.10/site-packages/nav2-waypoint-cycle.egg-link (link to .)
[5.729s] Installing nav2_waypoint_cycle script to /home/wheeltec/wheeltec_robot/install/nav2_waypoint_cycle/lib/nav2_waypoint_cycle
[5.729s] 
[5.729s] Installed /home/wheeltec/wheeltec_robot/build/nav2_waypoint_cycle
[5.729s] running symlink_data
[5.729s] creating /home/wheeltec/wheeltec_robot/install/nav2_waypoint_cycle/share/ament_index/resource_index/packages
[5.729s] symbolically linking /home/wheeltec/wheeltec_robot/build/nav2_waypoint_cycle/resource/nav2_waypoint_cycle -> /home/wheeltec/wheeltec_robot/install/nav2_waypoint_cycle/share/ament_index/resource_index/packages
[5.729s] symbolically linking /home/wheeltec/wheeltec_robot/build/nav2_waypoint_cycle/package.xml -> /home/wheeltec/wheeltec_robot/install/nav2_waypoint_cycle/share/nav2_waypoint_cycle
[5.729s] /usr/local/lib/python3.10/dist-packages/setuptools/_distutils/dist.py:289: UserWarning: Unknown distribution option: 'tests_require'
[5.730s]   warnings.warn(msg)
[5.764s] Invoked command in '/home/wheeltec/wheeltec_robot/build/nav2_waypoint_cycle' returned '0': PYTHONPATH=/home/wheeltec/wheeltec_robot/build/nav2_waypoint_cycle/prefix_override:/usr/lib/python3/dist-packages/colcon_core/task/python/colcon_distutils_commands:/home/wheeltec/wheeltec_robot/install/nav2_waypoint_cycle/lib/python3.10/site-packages:${PYTHONPATH} /usr/bin/python3 -W ignore:setup.py install is deprecated -W ignore:easy_install command is deprecated setup.py develop --editable --build-directory /home/wheeltec/wheeltec_robot/build/nav2_waypoint_cycle/build --no-deps symlink_data
