[35m[1mConsolidate compiler generated dependencies of target ublox_gps[0m
[  4%] [32mBuilding CXX object CMakeFiles/ublox_gps.dir/src/tim_product.cpp.o[0m
[ 13%] [32mBuilding CXX object CMakeFiles/ublox_gps.dir/src/ublox_firmware9.cpp.o[0m
[ 18%] [32mBuilding CXX object CMakeFiles/ublox_gps.dir/src/ublox_firmware8.cpp.o[0m
[ 22%] [32mBuilding CXX object CMakeFiles/ublox_gps.dir/src/ublox_firmware7.cpp.o[0m
[ 27%] [32mBuilding CXX object CMakeFiles/ublox_gps.dir/src/ublox_firmware6.cpp.o[0m
[01m[K/home/wheeltec/wheeltec_robot/src/wheeltec_gps/ublox-ros2/ublox_gps/src/ublox_firmware6.cpp:[m[K In member function ‘[01m[Kvirtual void ublox_node::UbloxFirmware6::fixDiagnostic(diagnostic_updater::DiagnosticStatusWrapper&)[m[K’:
[01m[K/home/wheeltec/wheeltec_robot/src/wheeltec_gps/ublox-ros2/ublox_gps/src/ublox_firmware6.cpp:167:18:[m[K [01;35m[Kwarning: [m[Kformat ‘[01m[K%f[m[K’ expects argument of type ‘[01m[Kdouble[m[K’, but argument 2 has type ‘[01m[Kublox_msgs::msg::NavPOSLLH_<std::allocator<void> >::_height_type[m[K’ {aka ‘[01m[Kint[m[K’} [[01;35m[K]8;;https://gcc.gnu.org/onlinedocs/gcc/Warning-Options.html#index-Wformat=-Wformat=]8;;[m[K]
  167 |   printf("hb is [01;35m[K%f[m[K\n",[32m[Klast_nav_pos_.height[m[K);
      |                 [01;35m[K~^[m[K    [32m[K~~~~~~~~~~~~~~~~~~~~[m[K
      |                  [01;35m[K|[m[K                  [32m[K|[m[K
      |                  [01;35m[Kdouble[m[K             [32m[Kublox_msgs::msg::NavPOSLLH_<std::allocator<void> >::_height_type {aka int}[m[K
      |                 [32m[K%d[m[K
[ 27%] [32mBuilding CXX object CMakeFiles/ublox_gps.dir/src/ublox_firmware.cpp.o[0m
[ 31%] [32m[1mLinking CXX shared library libublox_gps.so[0m
[ 81%] Built target ublox_gps
[ 81%] [32mBuilding CXX object CMakeFiles/ublox_gps_node.dir/src/node_main.cpp.o[0m
[ 95%] [32m[1mLinking CXX executable ublox_gps_node[0m
[ 95%] Built target ublox_gps_node
[ 95%] [32mBuilding CXX object CMakeFiles/ublox_logger.dir/src/logger_node_pa.cpp.o[0m
[ 95%] [32mBuilding CXX object CMakeFiles/ublox_logger.dir/src/raw_data_pa.cpp.o[0m
[32m[1mLinking CXX executable ublox_logger[0m
Built target ublox_logger
