[0.058s] Invoking command in '/home/wheeltec/wheeltec_robot/build/wheeltec_mic_msg': CMAKE_PREFIX_PATH=${CMAKE_PREFIX_PATH}:/opt/ros/humble /usr/bin/cmake --build /home/wheeltec/wheeltec_robot/build/wheeltec_mic_msg -- -j8 -l8
[0.706s] [  1%] Built target wheeltec_mic_msg__cpp
[0.706s] [  1%] Built target ament_cmake_python_symlink_wheeltec_mic_msg
[0.707s] [ 12%] Built target wheeltec_mic_msg__rosidl_typesupport_introspection_cpp
[1.661s] running egg_info
[1.762s] writing wheeltec_mic_msg.egg-info/PKG-INFO
[1.762s] writing dependency_links to wheeltec_mic_msg.egg-info/dependency_links.txt
[1.762s] writing top-level names to wheeltec_mic_msg.egg-info/top_level.txt
[1.803s] reading manifest file 'wheeltec_mic_msg.egg-info/SOURCES.txt'
[1.804s] writing manifest file 'wheeltec_mic_msg.egg-info/SOURCES.txt'
[1.813s] [ 12%] Built target ament_cmake_python_build_wheeltec_mic_msg_egg
[1.837s] [ 24%] Built target wheeltec_mic_msg__rosidl_typesupport_fastrtps_cpp
[1.898s] [ 35%] Built target wheeltec_mic_msg__rosidl_typesupport_cpp
[1.955s] [ 46%] Built target wheeltec_mic_msg__rosidl_generator_c
[2.019s] [ 58%] Built target wheeltec_mic_msg__rosidl_typesupport_fastrtps_c
[2.098s] [ 69%] Built target wheeltec_mic_msg__rosidl_typesupport_c
[2.158s] [ 81%] Built target wheeltec_mic_msg__rosidl_typesupport_introspection_c
[2.236s] [ 81%] Built target wheeltec_mic_msg
[2.300s] [ 82%] Built target wheeltec_mic_msg__py
[2.377s] [ 92%] Built target wheeltec_mic_msg__rosidl_generator_py
[2.450s] [ 94%] Built target wheeltec_mic_msg__rosidl_typesupport_fastrtps_c__pyext
[2.509s] [ 97%] Built target wheeltec_mic_msg__rosidl_typesupport_c__pyext
[2.587s] [100%] Built target wheeltec_mic_msg__rosidl_typesupport_introspection_c__pyext
[3.352s] Invoked command in '/home/wheeltec/wheeltec_robot/build/wheeltec_mic_msg' returned '0': CMAKE_PREFIX_PATH=${CMAKE_PREFIX_PATH}:/opt/ros/humble /usr/bin/cmake --build /home/wheeltec/wheeltec_robot/build/wheeltec_mic_msg -- -j8 -l8
[3.368s] Invoking command in '/home/wheeltec/wheeltec_robot/build/wheeltec_mic_msg': CMAKE_PREFIX_PATH=${CMAKE_PREFIX_PATH}:/opt/ros/humble /usr/bin/cmake --install /home/wheeltec/wheeltec_robot/build/wheeltec_mic_msg
[3.408s] -- Install configuration: ""
[3.410s] -- Execute custom install script
[3.411s] -- Up-to-date symlink: /home/wheeltec/wheeltec_robot/install/wheeltec_mic_msg/share/ament_index/resource_index/rosidl_interfaces/wheeltec_mic_msg
[3.416s] -- Up-to-date symlink: /home/wheeltec/wheeltec_robot/install/wheeltec_mic_msg/include/wheeltec_mic_msg/wheeltec_mic_msg/msg/detail/motion_control__functions.h
[3.417s] -- Up-to-date symlink: /home/wheeltec/wheeltec_robot/install/wheeltec_mic_msg/include/wheeltec_mic_msg/wheeltec_mic_msg/msg/detail/motion_control__struct.h
[3.417s] -- Up-to-date symlink: /home/wheeltec/wheeltec_robot/install/wheeltec_mic_msg/include/wheeltec_mic_msg/wheeltec_mic_msg/msg/detail/motion_control__type_support.h
[3.418s] -- Up-to-date symlink: /home/wheeltec/wheeltec_robot/install/wheeltec_mic_msg/include/wheeltec_mic_msg/wheeltec_mic_msg/msg/detail/pcm_msg__functions.h
[3.418s] -- Up-to-date symlink: /home/wheeltec/wheeltec_robot/install/wheeltec_mic_msg/include/wheeltec_mic_msg/wheeltec_mic_msg/msg/detail/pcm_msg__struct.h
[3.423s] -- Up-to-date symlink: /home/wheeltec/wheeltec_robot/install/wheeltec_mic_msg/include/wheeltec_mic_msg/wheeltec_mic_msg/msg/detail/pcm_msg__type_support.h
[3.431s] -- Up-to-date symlink: /home/wheeltec/wheeltec_robot/install/wheeltec_mic_msg/include/wheeltec_mic_msg/wheeltec_mic_msg/msg/motion_control.h
[3.441s] -- Up-to-date symlink: /home/wheeltec/wheeltec_robot/install/wheeltec_mic_msg/include/wheeltec_mic_msg/wheeltec_mic_msg/msg/pcm_msg.h
[3.441s] -- Up-to-date symlink: /home/wheeltec/wheeltec_robot/install/wheeltec_mic_msg/include/wheeltec_mic_msg/wheeltec_mic_msg/msg/rosidl_generator_c__visibility_control.h
[3.442s] -- Up-to-date symlink: /home/wheeltec/wheeltec_robot/install/wheeltec_mic_msg/include/wheeltec_mic_msg/wheeltec_mic_msg/srv/detail/get_device_type__functions.h
[3.442s] -- Up-to-date symlink: /home/wheeltec/wheeltec_robot/install/wheeltec_mic_msg/include/wheeltec_mic_msg/wheeltec_mic_msg/srv/detail/get_device_type__struct.h
[3.442s] -- Up-to-date symlink: /home/wheeltec/wheeltec_robot/install/wheeltec_mic_msg/include/wheeltec_mic_msg/wheeltec_mic_msg/srv/detail/get_device_type__type_support.h
[3.442s] -- Up-to-date symlink: /home/wheeltec/wheeltec_robot/install/wheeltec_mic_msg/include/wheeltec_mic_msg/wheeltec_mic_msg/srv/detail/get_offline_result__functions.h
[3.442s] -- Up-to-date symlink: /home/wheeltec/wheeltec_robot/install/wheeltec_mic_msg/include/wheeltec_mic_msg/wheeltec_mic_msg/srv/detail/get_offline_result__struct.h
[3.442s] -- Up-to-date symlink: /home/wheeltec/wheeltec_robot/install/wheeltec_mic_msg/include/wheeltec_mic_msg/wheeltec_mic_msg/srv/detail/get_offline_result__type_support.h
[3.442s] -- Up-to-date symlink: /home/wheeltec/wheeltec_robot/install/wheeltec_mic_msg/include/wheeltec_mic_msg/wheeltec_mic_msg/srv/detail/set_awake_word__functions.h
[3.442s] -- Up-to-date symlink: /home/wheeltec/wheeltec_robot/install/wheeltec_mic_msg/include/wheeltec_mic_msg/wheeltec_mic_msg/srv/detail/set_awake_word__struct.h
[3.452s] -- Up-to-date symlink: /home/wheeltec/wheeltec_robot/install/wheeltec_mic_msg/include/wheeltec_mic_msg/wheeltec_mic_msg/srv/detail/set_awake_word__type_support.h
[3.453s] -- Up-to-date symlink: /home/wheeltec/wheeltec_robot/install/wheeltec_mic_msg/include/wheeltec_mic_msg/wheeltec_mic_msg/srv/detail/set_major_mic__functions.h
[3.454s] -- Up-to-date symlink: /home/wheeltec/wheeltec_robot/install/wheeltec_mic_msg/include/wheeltec_mic_msg/wheeltec_mic_msg/srv/detail/set_major_mic__struct.h
[3.462s] -- Up-to-date symlink: /home/wheeltec/wheeltec_robot/install/wheeltec_mic_msg/include/wheeltec_mic_msg/wheeltec_mic_msg/srv/detail/set_major_mic__type_support.h
[3.463s] -- Up-to-date symlink: /home/wheeltec/wheeltec_robot/install/wheeltec_mic_msg/include/wheeltec_mic_msg/wheeltec_mic_msg/srv/detail/switch_mic__functions.h
[3.464s] -- Up-to-date symlink: /home/wheeltec/wheeltec_robot/install/wheeltec_mic_msg/include/wheeltec_mic_msg/wheeltec_mic_msg/srv/detail/switch_mic__struct.h
[3.465s] -- Up-to-date symlink: /home/wheeltec/wheeltec_robot/install/wheeltec_mic_msg/include/wheeltec_mic_msg/wheeltec_mic_msg/srv/detail/switch_mic__type_support.h
[3.466s] -- Up-to-date symlink: /home/wheeltec/wheeltec_robot/install/wheeltec_mic_msg/include/wheeltec_mic_msg/wheeltec_mic_msg/srv/get_device_type.h
[3.467s] -- Up-to-date symlink: /home/wheeltec/wheeltec_robot/install/wheeltec_mic_msg/include/wheeltec_mic_msg/wheeltec_mic_msg/srv/get_offline_result.h
[3.468s] -- Up-to-date symlink: /home/wheeltec/wheeltec_robot/install/wheeltec_mic_msg/include/wheeltec_mic_msg/wheeltec_mic_msg/srv/set_awake_word.h
[3.469s] -- Up-to-date symlink: /home/wheeltec/wheeltec_robot/install/wheeltec_mic_msg/include/wheeltec_mic_msg/wheeltec_mic_msg/srv/set_major_mic.h
[3.469s] -- Up-to-date symlink: /home/wheeltec/wheeltec_robot/install/wheeltec_mic_msg/include/wheeltec_mic_msg/wheeltec_mic_msg/srv/switch_mic.h
[3.470s] -- Up-to-date symlink: /home/wheeltec/wheeltec_robot/install/wheeltec_mic_msg/share/wheeltec_mic_msg/environment/library_path.sh
[3.471s] -- Up-to-date symlink: /home/wheeltec/wheeltec_robot/install/wheeltec_mic_msg/share/wheeltec_mic_msg/environment/library_path.dsv
[3.473s] -- Up-to-date symlink: /home/wheeltec/wheeltec_robot/install/wheeltec_mic_msg/include/wheeltec_mic_msg/wheeltec_mic_msg/msg/detail/motion_control__rosidl_typesupport_fastrtps_c.h
[3.474s] -- Up-to-date symlink: /home/wheeltec/wheeltec_robot/install/wheeltec_mic_msg/include/wheeltec_mic_msg/wheeltec_mic_msg/msg/detail/pcm_msg__rosidl_typesupport_fastrtps_c.h
[3.475s] -- Up-to-date symlink: /home/wheeltec/wheeltec_robot/install/wheeltec_mic_msg/include/wheeltec_mic_msg/wheeltec_mic_msg/msg/rosidl_typesupport_fastrtps_c__visibility_control.h
[3.476s] -- Up-to-date symlink: /home/wheeltec/wheeltec_robot/install/wheeltec_mic_msg/include/wheeltec_mic_msg/wheeltec_mic_msg/srv/detail/get_device_type__rosidl_typesupport_fastrtps_c.h
[3.476s] -- Up-to-date symlink: /home/wheeltec/wheeltec_robot/install/wheeltec_mic_msg/include/wheeltec_mic_msg/wheeltec_mic_msg/srv/detail/get_offline_result__rosidl_typesupport_fastrtps_c.h
[3.477s] -- Up-to-date symlink: /home/wheeltec/wheeltec_robot/install/wheeltec_mic_msg/include/wheeltec_mic_msg/wheeltec_mic_msg/srv/detail/set_awake_word__rosidl_typesupport_fastrtps_c.h
[3.478s] -- Up-to-date symlink: /home/wheeltec/wheeltec_robot/install/wheeltec_mic_msg/include/wheeltec_mic_msg/wheeltec_mic_msg/srv/detail/set_major_mic__rosidl_typesupport_fastrtps_c.h
[3.479s] -- Up-to-date symlink: /home/wheeltec/wheeltec_robot/install/wheeltec_mic_msg/include/wheeltec_mic_msg/wheeltec_mic_msg/srv/detail/switch_mic__rosidl_typesupport_fastrtps_c.h
[3.481s] -- Up-to-date symlink: /home/wheeltec/wheeltec_robot/install/wheeltec_mic_msg/include/wheeltec_mic_msg/wheeltec_mic_msg/msg/detail/motion_control__builder.hpp
[3.482s] -- Up-to-date symlink: /home/wheeltec/wheeltec_robot/install/wheeltec_mic_msg/include/wheeltec_mic_msg/wheeltec_mic_msg/msg/detail/motion_control__struct.hpp
[3.482s] -- Up-to-date symlink: /home/wheeltec/wheeltec_robot/install/wheeltec_mic_msg/include/wheeltec_mic_msg/wheeltec_mic_msg/msg/detail/motion_control__traits.hpp
[3.483s] -- Up-to-date symlink: /home/wheeltec/wheeltec_robot/install/wheeltec_mic_msg/include/wheeltec_mic_msg/wheeltec_mic_msg/msg/detail/motion_control__type_support.hpp
[3.484s] -- Up-to-date symlink: /home/wheeltec/wheeltec_robot/install/wheeltec_mic_msg/include/wheeltec_mic_msg/wheeltec_mic_msg/msg/detail/pcm_msg__builder.hpp
[3.485s] -- Up-to-date symlink: /home/wheeltec/wheeltec_robot/install/wheeltec_mic_msg/include/wheeltec_mic_msg/wheeltec_mic_msg/msg/detail/pcm_msg__struct.hpp
[3.486s] -- Up-to-date symlink: /home/wheeltec/wheeltec_robot/install/wheeltec_mic_msg/include/wheeltec_mic_msg/wheeltec_mic_msg/msg/detail/pcm_msg__traits.hpp
[3.487s] -- Up-to-date symlink: /home/wheeltec/wheeltec_robot/install/wheeltec_mic_msg/include/wheeltec_mic_msg/wheeltec_mic_msg/msg/detail/pcm_msg__type_support.hpp
[3.488s] -- Up-to-date symlink: /home/wheeltec/wheeltec_robot/install/wheeltec_mic_msg/include/wheeltec_mic_msg/wheeltec_mic_msg/msg/motion_control.hpp
[3.488s] -- Up-to-date symlink: /home/wheeltec/wheeltec_robot/install/wheeltec_mic_msg/include/wheeltec_mic_msg/wheeltec_mic_msg/msg/pcm_msg.hpp
[3.489s] -- Up-to-date symlink: /home/wheeltec/wheeltec_robot/install/wheeltec_mic_msg/include/wheeltec_mic_msg/wheeltec_mic_msg/msg/rosidl_generator_cpp__visibility_control.hpp
[3.490s] -- Up-to-date symlink: /home/wheeltec/wheeltec_robot/install/wheeltec_mic_msg/include/wheeltec_mic_msg/wheeltec_mic_msg/srv/detail/get_device_type__builder.hpp
[3.491s] -- Up-to-date symlink: /home/wheeltec/wheeltec_robot/install/wheeltec_mic_msg/include/wheeltec_mic_msg/wheeltec_mic_msg/srv/detail/get_device_type__struct.hpp
[3.492s] -- Up-to-date symlink: /home/wheeltec/wheeltec_robot/install/wheeltec_mic_msg/include/wheeltec_mic_msg/wheeltec_mic_msg/srv/detail/get_device_type__traits.hpp
[3.493s] -- Up-to-date symlink: /home/wheeltec/wheeltec_robot/install/wheeltec_mic_msg/include/wheeltec_mic_msg/wheeltec_mic_msg/srv/detail/get_device_type__type_support.hpp
[3.493s] -- Up-to-date symlink: /home/wheeltec/wheeltec_robot/install/wheeltec_mic_msg/include/wheeltec_mic_msg/wheeltec_mic_msg/srv/detail/get_offline_result__builder.hpp
[3.494s] -- Up-to-date symlink: /home/wheeltec/wheeltec_robot/install/wheeltec_mic_msg/include/wheeltec_mic_msg/wheeltec_mic_msg/srv/detail/get_offline_result__struct.hpp
[3.511s] -- Up-to-date symlink: /home/wheeltec/wheeltec_robot/install/wheeltec_mic_msg/include/wheeltec_mic_msg/wheeltec_mic_msg/srv/detail/get_offline_result__traits.hpp
[3.511s] -- Up-to-date symlink: /home/wheeltec/wheeltec_robot/install/wheeltec_mic_msg/include/wheeltec_mic_msg/wheeltec_mic_msg/srv/detail/get_offline_result__type_support.hpp
[3.511s] -- Up-to-date symlink: /home/wheeltec/wheeltec_robot/install/wheeltec_mic_msg/include/wheeltec_mic_msg/wheeltec_mic_msg/srv/detail/set_awake_word__builder.hpp
[3.512s] -- Up-to-date symlink: /home/wheeltec/wheeltec_robot/install/wheeltec_mic_msg/include/wheeltec_mic_msg/wheeltec_mic_msg/srv/detail/set_awake_word__struct.hpp
[3.513s] -- Up-to-date symlink: /home/wheeltec/wheeltec_robot/install/wheeltec_mic_msg/include/wheeltec_mic_msg/wheeltec_mic_msg/srv/detail/set_awake_word__traits.hpp
[3.513s] -- Up-to-date symlink: /home/wheeltec/wheeltec_robot/install/wheeltec_mic_msg/include/wheeltec_mic_msg/wheeltec_mic_msg/srv/detail/set_awake_word__type_support.hpp
[3.514s] -- Up-to-date symlink: /home/wheeltec/wheeltec_robot/install/wheeltec_mic_msg/include/wheeltec_mic_msg/wheeltec_mic_msg/srv/detail/set_major_mic__builder.hpp
[3.514s] -- Up-to-date symlink: /home/wheeltec/wheeltec_robot/install/wheeltec_mic_msg/include/wheeltec_mic_msg/wheeltec_mic_msg/srv/detail/set_major_mic__struct.hpp
[3.514s] -- Up-to-date symlink: /home/wheeltec/wheeltec_robot/install/wheeltec_mic_msg/include/wheeltec_mic_msg/wheeltec_mic_msg/srv/detail/set_major_mic__traits.hpp
[3.516s] -- Up-to-date symlink: /home/wheeltec/wheeltec_robot/install/wheeltec_mic_msg/include/wheeltec_mic_msg/wheeltec_mic_msg/srv/detail/set_major_mic__type_support.hpp
[3.516s] -- Up-to-date symlink: /home/wheeltec/wheeltec_robot/install/wheeltec_mic_msg/include/wheeltec_mic_msg/wheeltec_mic_msg/srv/detail/switch_mic__builder.hpp
[3.516s] -- Up-to-date symlink: /home/wheeltec/wheeltec_robot/install/wheeltec_mic_msg/include/wheeltec_mic_msg/wheeltec_mic_msg/srv/detail/switch_mic__struct.hpp
[3.516s] -- Up-to-date symlink: /home/wheeltec/wheeltec_robot/install/wheeltec_mic_msg/include/wheeltec_mic_msg/wheeltec_mic_msg/srv/detail/switch_mic__traits.hpp
[3.517s] -- Up-to-date symlink: /home/wheeltec/wheeltec_robot/install/wheeltec_mic_msg/include/wheeltec_mic_msg/wheeltec_mic_msg/srv/detail/switch_mic__type_support.hpp
[3.517s] -- Up-to-date symlink: /home/wheeltec/wheeltec_robot/install/wheeltec_mic_msg/include/wheeltec_mic_msg/wheeltec_mic_msg/srv/get_device_type.hpp
[3.517s] -- Up-to-date symlink: /home/wheeltec/wheeltec_robot/install/wheeltec_mic_msg/include/wheeltec_mic_msg/wheeltec_mic_msg/srv/get_offline_result.hpp
[3.518s] -- Up-to-date symlink: /home/wheeltec/wheeltec_robot/install/wheeltec_mic_msg/include/wheeltec_mic_msg/wheeltec_mic_msg/srv/set_awake_word.hpp
[3.518s] -- Up-to-date symlink: /home/wheeltec/wheeltec_robot/install/wheeltec_mic_msg/include/wheeltec_mic_msg/wheeltec_mic_msg/srv/set_major_mic.hpp
[3.518s] -- Up-to-date symlink: /home/wheeltec/wheeltec_robot/install/wheeltec_mic_msg/include/wheeltec_mic_msg/wheeltec_mic_msg/srv/switch_mic.hpp
[3.519s] -- Up-to-date symlink: /home/wheeltec/wheeltec_robot/install/wheeltec_mic_msg/include/wheeltec_mic_msg/wheeltec_mic_msg/msg/detail/motion_control__rosidl_typesupport_fastrtps_cpp.hpp
[3.521s] -- Up-to-date symlink: /home/wheeltec/wheeltec_robot/install/wheeltec_mic_msg/include/wheeltec_mic_msg/wheeltec_mic_msg/msg/detail/pcm_msg__rosidl_typesupport_fastrtps_cpp.hpp
[3.521s] -- Up-to-date symlink: /home/wheeltec/wheeltec_robot/install/wheeltec_mic_msg/include/wheeltec_mic_msg/wheeltec_mic_msg/msg/rosidl_typesupport_fastrtps_cpp__visibility_control.h
[3.522s] -- Up-to-date symlink: /home/wheeltec/wheeltec_robot/install/wheeltec_mic_msg/include/wheeltec_mic_msg/wheeltec_mic_msg/srv/detail/get_device_type__rosidl_typesupport_fastrtps_cpp.hpp
[3.522s] -- Up-to-date symlink: /home/wheeltec/wheeltec_robot/install/wheeltec_mic_msg/include/wheeltec_mic_msg/wheeltec_mic_msg/srv/detail/get_offline_result__rosidl_typesupport_fastrtps_cpp.hpp
[3.522s] -- Up-to-date symlink: /home/wheeltec/wheeltec_robot/install/wheeltec_mic_msg/include/wheeltec_mic_msg/wheeltec_mic_msg/srv/detail/set_awake_word__rosidl_typesupport_fastrtps_cpp.hpp
[3.523s] -- Up-to-date symlink: /home/wheeltec/wheeltec_robot/install/wheeltec_mic_msg/include/wheeltec_mic_msg/wheeltec_mic_msg/srv/detail/set_major_mic__rosidl_typesupport_fastrtps_cpp.hpp
[3.523s] -- Up-to-date symlink: /home/wheeltec/wheeltec_robot/install/wheeltec_mic_msg/include/wheeltec_mic_msg/wheeltec_mic_msg/srv/detail/switch_mic__rosidl_typesupport_fastrtps_cpp.hpp
[3.525s] -- Up-to-date symlink: /home/wheeltec/wheeltec_robot/install/wheeltec_mic_msg/include/wheeltec_mic_msg/wheeltec_mic_msg/msg/detail/motion_control__rosidl_typesupport_introspection_c.h
[3.529s] -- Up-to-date symlink: /home/wheeltec/wheeltec_robot/install/wheeltec_mic_msg/include/wheeltec_mic_msg/wheeltec_mic_msg/msg/detail/pcm_msg__rosidl_typesupport_introspection_c.h
[3.534s] -- Up-to-date symlink: /home/wheeltec/wheeltec_robot/install/wheeltec_mic_msg/include/wheeltec_mic_msg/wheeltec_mic_msg/msg/rosidl_typesupport_introspection_c__visibility_control.h
[3.535s] -- Up-to-date symlink: /home/wheeltec/wheeltec_robot/install/wheeltec_mic_msg/include/wheeltec_mic_msg/wheeltec_mic_msg/srv/detail/get_device_type__rosidl_typesupport_introspection_c.h
[3.535s] -- Up-to-date symlink: /home/wheeltec/wheeltec_robot/install/wheeltec_mic_msg/include/wheeltec_mic_msg/wheeltec_mic_msg/srv/detail/get_offline_result__rosidl_typesupport_introspection_c.h
[3.535s] -- Up-to-date symlink: /home/wheeltec/wheeltec_robot/install/wheeltec_mic_msg/include/wheeltec_mic_msg/wheeltec_mic_msg/srv/detail/set_awake_word__rosidl_typesupport_introspection_c.h
[3.536s] -- Up-to-date symlink: /home/wheeltec/wheeltec_robot/install/wheeltec_mic_msg/include/wheeltec_mic_msg/wheeltec_mic_msg/srv/detail/set_major_mic__rosidl_typesupport_introspection_c.h
[3.536s] -- Up-to-date symlink: /home/wheeltec/wheeltec_robot/install/wheeltec_mic_msg/include/wheeltec_mic_msg/wheeltec_mic_msg/srv/detail/switch_mic__rosidl_typesupport_introspection_c.h
[3.537s] -- Up-to-date symlink: /home/wheeltec/wheeltec_robot/install/wheeltec_mic_msg/include/wheeltec_mic_msg/wheeltec_mic_msg/msg/detail/motion_control__rosidl_typesupport_introspection_cpp.hpp
[3.539s] -- Up-to-date symlink: /home/wheeltec/wheeltec_robot/install/wheeltec_mic_msg/include/wheeltec_mic_msg/wheeltec_mic_msg/msg/detail/pcm_msg__rosidl_typesupport_introspection_cpp.hpp
[3.543s] -- Up-to-date symlink: /home/wheeltec/wheeltec_robot/install/wheeltec_mic_msg/include/wheeltec_mic_msg/wheeltec_mic_msg/srv/detail/get_device_type__rosidl_typesupport_introspection_cpp.hpp
[3.544s] -- Up-to-date symlink: /home/wheeltec/wheeltec_robot/install/wheeltec_mic_msg/include/wheeltec_mic_msg/wheeltec_mic_msg/srv/detail/get_offline_result__rosidl_typesupport_introspection_cpp.hpp
[3.544s] -- Up-to-date symlink: /home/wheeltec/wheeltec_robot/install/wheeltec_mic_msg/include/wheeltec_mic_msg/wheeltec_mic_msg/srv/detail/set_awake_word__rosidl_typesupport_introspection_cpp.hpp
[3.545s] -- Up-to-date symlink: /home/wheeltec/wheeltec_robot/install/wheeltec_mic_msg/include/wheeltec_mic_msg/wheeltec_mic_msg/srv/detail/set_major_mic__rosidl_typesupport_introspection_cpp.hpp
[3.545s] -- Up-to-date symlink: /home/wheeltec/wheeltec_robot/install/wheeltec_mic_msg/include/wheeltec_mic_msg/wheeltec_mic_msg/srv/detail/switch_mic__rosidl_typesupport_introspection_cpp.hpp
[3.546s] -- Up-to-date symlink: /home/wheeltec/wheeltec_robot/install/wheeltec_mic_msg/share/wheeltec_mic_msg/environment/pythonpath.sh
[3.547s] -- Up-to-date symlink: /home/wheeltec/wheeltec_robot/install/wheeltec_mic_msg/share/wheeltec_mic_msg/environment/pythonpath.dsv
[3.547s] -- Up-to-date symlink: /home/wheeltec/wheeltec_robot/install/wheeltec_mic_msg/local/lib/python3.10/dist-packages/wheeltec_mic_msg-0.0.0-py3.10.egg-info/PKG-INFO
[3.548s] -- Up-to-date symlink: /home/wheeltec/wheeltec_robot/install/wheeltec_mic_msg/local/lib/python3.10/dist-packages/wheeltec_mic_msg-0.0.0-py3.10.egg-info/SOURCES.txt
[3.550s] -- Up-to-date symlink: /home/wheeltec/wheeltec_robot/install/wheeltec_mic_msg/local/lib/python3.10/dist-packages/wheeltec_mic_msg-0.0.0-py3.10.egg-info/dependency_links.txt
[3.550s] -- Up-to-date symlink: /home/wheeltec/wheeltec_robot/install/wheeltec_mic_msg/local/lib/python3.10/dist-packages/wheeltec_mic_msg-0.0.0-py3.10.egg-info/top_level.txt
[3.552s] -- Up-to-date symlink: /home/wheeltec/wheeltec_robot/install/wheeltec_mic_msg/local/lib/python3.10/dist-packages/wheeltec_mic_msg/__init__.py
[3.559s] -- Up-to-date symlink: /home/wheeltec/wheeltec_robot/install/wheeltec_mic_msg/local/lib/python3.10/dist-packages/wheeltec_mic_msg/_wheeltec_mic_msg_s.ep.rosidl_typesupport_c.c
[3.560s] -- Up-to-date symlink: /home/wheeltec/wheeltec_robot/install/wheeltec_mic_msg/local/lib/python3.10/dist-packages/wheeltec_mic_msg/_wheeltec_mic_msg_s.ep.rosidl_typesupport_fastrtps_c.c
[3.560s] -- Up-to-date symlink: /home/wheeltec/wheeltec_robot/install/wheeltec_mic_msg/local/lib/python3.10/dist-packages/wheeltec_mic_msg/_wheeltec_mic_msg_s.ep.rosidl_typesupport_introspection_c.c
[3.561s] -- Up-to-date symlink: /home/wheeltec/wheeltec_robot/install/wheeltec_mic_msg/local/lib/python3.10/dist-packages/wheeltec_mic_msg/libwheeltec_mic_msg__rosidl_generator_py.so
[3.561s] -- Up-to-date symlink: /home/wheeltec/wheeltec_robot/install/wheeltec_mic_msg/local/lib/python3.10/dist-packages/wheeltec_mic_msg/msg/__init__.py
[3.562s] -- Up-to-date symlink: /home/wheeltec/wheeltec_robot/install/wheeltec_mic_msg/local/lib/python3.10/dist-packages/wheeltec_mic_msg/msg/_motion_control.py
[3.564s] -- Up-to-date symlink: /home/wheeltec/wheeltec_robot/install/wheeltec_mic_msg/local/lib/python3.10/dist-packages/wheeltec_mic_msg/msg/_motion_control_s.c
[3.565s] -- Up-to-date symlink: /home/wheeltec/wheeltec_robot/install/wheeltec_mic_msg/local/lib/python3.10/dist-packages/wheeltec_mic_msg/msg/_pcm_msg.py
[3.565s] -- Up-to-date symlink: /home/wheeltec/wheeltec_robot/install/wheeltec_mic_msg/local/lib/python3.10/dist-packages/wheeltec_mic_msg/msg/_pcm_msg_s.c
[3.566s] -- Up-to-date symlink: /home/wheeltec/wheeltec_robot/install/wheeltec_mic_msg/local/lib/python3.10/dist-packages/wheeltec_mic_msg/srv/__init__.py
[3.566s] -- Up-to-date symlink: /home/wheeltec/wheeltec_robot/install/wheeltec_mic_msg/local/lib/python3.10/dist-packages/wheeltec_mic_msg/srv/_get_device_type.py
[3.567s] -- Up-to-date symlink: /home/wheeltec/wheeltec_robot/install/wheeltec_mic_msg/local/lib/python3.10/dist-packages/wheeltec_mic_msg/srv/_get_device_type_s.c
[3.567s] -- Up-to-date symlink: /home/wheeltec/wheeltec_robot/install/wheeltec_mic_msg/local/lib/python3.10/dist-packages/wheeltec_mic_msg/srv/_get_offline_result.py
[3.568s] -- Up-to-date symlink: /home/wheeltec/wheeltec_robot/install/wheeltec_mic_msg/local/lib/python3.10/dist-packages/wheeltec_mic_msg/srv/_get_offline_result_s.c
[3.568s] -- Up-to-date symlink: /home/wheeltec/wheeltec_robot/install/wheeltec_mic_msg/local/lib/python3.10/dist-packages/wheeltec_mic_msg/srv/_set_awake_word.py
[3.569s] -- Up-to-date symlink: /home/wheeltec/wheeltec_robot/install/wheeltec_mic_msg/local/lib/python3.10/dist-packages/wheeltec_mic_msg/srv/_set_awake_word_s.c
[3.571s] -- Up-to-date symlink: /home/wheeltec/wheeltec_robot/install/wheeltec_mic_msg/local/lib/python3.10/dist-packages/wheeltec_mic_msg/srv/_set_major_mic.py
[3.575s] -- Up-to-date symlink: /home/wheeltec/wheeltec_robot/install/wheeltec_mic_msg/local/lib/python3.10/dist-packages/wheeltec_mic_msg/srv/_set_major_mic_s.c
[3.583s] -- Up-to-date symlink: /home/wheeltec/wheeltec_robot/install/wheeltec_mic_msg/local/lib/python3.10/dist-packages/wheeltec_mic_msg/srv/_switch_mic.py
[3.584s] -- Up-to-date symlink: /home/wheeltec/wheeltec_robot/install/wheeltec_mic_msg/local/lib/python3.10/dist-packages/wheeltec_mic_msg/srv/_switch_mic_s.c
[3.585s] -- Up-to-date symlink: /home/wheeltec/wheeltec_robot/install/wheeltec_mic_msg/local/lib/python3.10/dist-packages/wheeltec_mic_msg/wheeltec_mic_msg_s__rosidl_typesupport_c.cpython-310-aarch64-linux-gnu.so
[3.585s] -- Up-to-date symlink: /home/wheeltec/wheeltec_robot/install/wheeltec_mic_msg/local/lib/python3.10/dist-packages/wheeltec_mic_msg/wheeltec_mic_msg_s__rosidl_typesupport_fastrtps_c.cpython-310-aarch64-linux-gnu.so
[3.586s] -- Up-to-date symlink: /home/wheeltec/wheeltec_robot/install/wheeltec_mic_msg/local/lib/python3.10/dist-packages/wheeltec_mic_msg/wheeltec_mic_msg_s__rosidl_typesupport_introspection_c.cpython-310-aarch64-linux-gnu.so
[3.587s] -- Up-to-date symlink: /home/wheeltec/wheeltec_robot/install/wheeltec_mic_msg/local/lib/python3.10/dist-packages/wheeltec_mic_msg/wheeltec_mic_msg_s__rosidl_typesupport_fastrtps_c.cpython-310-aarch64-linux-gnu.so
[3.587s] -- Up-to-date symlink: /home/wheeltec/wheeltec_robot/install/wheeltec_mic_msg/local/lib/python3.10/dist-packages/wheeltec_mic_msg/wheeltec_mic_msg_s__rosidl_typesupport_introspection_c.cpython-310-aarch64-linux-gnu.so
[3.590s] -- Up-to-date symlink: /home/wheeltec/wheeltec_robot/install/wheeltec_mic_msg/local/lib/python3.10/dist-packages/wheeltec_mic_msg/wheeltec_mic_msg_s__rosidl_typesupport_c.cpython-310-aarch64-linux-gnu.so
[3.591s] -- Up-to-date symlink: /home/wheeltec/wheeltec_robot/install/wheeltec_mic_msg/share/wheeltec_mic_msg/msg/PcmMsg.idl
[3.591s] -- Up-to-date symlink: /home/wheeltec/wheeltec_robot/install/wheeltec_mic_msg/share/wheeltec_mic_msg/msg/MotionControl.idl
[3.592s] -- Up-to-date symlink: /home/wheeltec/wheeltec_robot/install/wheeltec_mic_msg/share/wheeltec_mic_msg/srv/GetDeviceType.idl
[3.599s] -- Up-to-date symlink: /home/wheeltec/wheeltec_robot/install/wheeltec_mic_msg/share/wheeltec_mic_msg/srv/GetOfflineResult.idl
[3.600s] -- Up-to-date symlink: /home/wheeltec/wheeltec_robot/install/wheeltec_mic_msg/share/wheeltec_mic_msg/srv/SetAwakeWord.idl
[3.600s] -- Up-to-date symlink: /home/wheeltec/wheeltec_robot/install/wheeltec_mic_msg/share/wheeltec_mic_msg/srv/SetMajorMic.idl
[3.601s] -- Up-to-date symlink: /home/wheeltec/wheeltec_robot/install/wheeltec_mic_msg/share/wheeltec_mic_msg/srv/SwitchMic.idl
[3.602s] -- Up-to-date symlink: /home/wheeltec/wheeltec_robot/install/wheeltec_mic_msg/share/wheeltec_mic_msg/msg/PcmMsg.msg
[3.603s] -- Up-to-date symlink: /home/wheeltec/wheeltec_robot/install/wheeltec_mic_msg/share/wheeltec_mic_msg/msg/MotionControl.msg
[3.615s] -- Up-to-date symlink: /home/wheeltec/wheeltec_robot/install/wheeltec_mic_msg/share/wheeltec_mic_msg/srv/GetDeviceType.srv
[3.616s] -- Up-to-date symlink: /home/wheeltec/wheeltec_robot/install/wheeltec_mic_msg/share/wheeltec_mic_msg/srv/GetDeviceType_Request.msg
[3.624s] -- Up-to-date symlink: /home/wheeltec/wheeltec_robot/install/wheeltec_mic_msg/share/wheeltec_mic_msg/srv/GetDeviceType_Response.msg
[3.625s] -- Up-to-date symlink: /home/wheeltec/wheeltec_robot/install/wheeltec_mic_msg/share/wheeltec_mic_msg/srv/GetOfflineResult.srv
[3.626s] -- Up-to-date symlink: /home/wheeltec/wheeltec_robot/install/wheeltec_mic_msg/share/wheeltec_mic_msg/srv/GetOfflineResult_Request.msg
[3.626s] -- Up-to-date symlink: /home/wheeltec/wheeltec_robot/install/wheeltec_mic_msg/share/wheeltec_mic_msg/srv/GetOfflineResult_Response.msg
[3.627s] -- Up-to-date symlink: /home/wheeltec/wheeltec_robot/install/wheeltec_mic_msg/share/wheeltec_mic_msg/srv/SetAwakeWord.srv
[3.628s] -- Up-to-date symlink: /home/wheeltec/wheeltec_robot/install/wheeltec_mic_msg/share/wheeltec_mic_msg/srv/SetAwakeWord_Request.msg
[3.629s] -- Up-to-date symlink: /home/wheeltec/wheeltec_robot/install/wheeltec_mic_msg/share/wheeltec_mic_msg/srv/SetAwakeWord_Response.msg
[3.630s] -- Up-to-date symlink: /home/wheeltec/wheeltec_robot/install/wheeltec_mic_msg/share/wheeltec_mic_msg/srv/SetMajorMic.srv
[3.630s] -- Up-to-date symlink: /home/wheeltec/wheeltec_robot/install/wheeltec_mic_msg/share/wheeltec_mic_msg/srv/SetMajorMic_Request.msg
[3.630s] -- Up-to-date symlink: /home/wheeltec/wheeltec_robot/install/wheeltec_mic_msg/share/wheeltec_mic_msg/srv/SetMajorMic_Response.msg
[3.630s] -- Up-to-date symlink: /home/wheeltec/wheeltec_robot/install/wheeltec_mic_msg/share/wheeltec_mic_msg/srv/SwitchMic.srv
[3.630s] -- Up-to-date symlink: /home/wheeltec/wheeltec_robot/install/wheeltec_mic_msg/share/wheeltec_mic_msg/srv/SwitchMic_Request.msg
[3.630s] -- Up-to-date symlink: /home/wheeltec/wheeltec_robot/install/wheeltec_mic_msg/share/wheeltec_mic_msg/srv/SwitchMic_Response.msg
[3.631s] -- Up-to-date symlink: /home/wheeltec/wheeltec_robot/install/wheeltec_mic_msg/share/ament_index/resource_index/package_run_dependencies/wheeltec_mic_msg
[3.631s] -- Up-to-date symlink: /home/wheeltec/wheeltec_robot/install/wheeltec_mic_msg/share/ament_index/resource_index/parent_prefix_path/wheeltec_mic_msg
[3.631s] -- Up-to-date symlink: /home/wheeltec/wheeltec_robot/install/wheeltec_mic_msg/share/wheeltec_mic_msg/environment/ament_prefix_path.sh
[3.631s] -- Up-to-date symlink: /home/wheeltec/wheeltec_robot/install/wheeltec_mic_msg/share/wheeltec_mic_msg/environment/ament_prefix_path.dsv
[3.631s] -- Up-to-date symlink: /home/wheeltec/wheeltec_robot/install/wheeltec_mic_msg/share/wheeltec_mic_msg/environment/path.sh
[3.631s] -- Up-to-date symlink: /home/wheeltec/wheeltec_robot/install/wheeltec_mic_msg/share/wheeltec_mic_msg/environment/path.dsv
[3.632s] -- Up-to-date symlink: /home/wheeltec/wheeltec_robot/install/wheeltec_mic_msg/share/wheeltec_mic_msg/local_setup.bash
[3.632s] -- Up-to-date symlink: /home/wheeltec/wheeltec_robot/install/wheeltec_mic_msg/share/wheeltec_mic_msg/local_setup.sh
[3.632s] -- Up-to-date symlink: /home/wheeltec/wheeltec_robot/install/wheeltec_mic_msg/share/wheeltec_mic_msg/local_setup.zsh
[3.632s] -- Up-to-date symlink: /home/wheeltec/wheeltec_robot/install/wheeltec_mic_msg/share/wheeltec_mic_msg/local_setup.dsv
[3.632s] -- Symlinking: /home/wheeltec/wheeltec_robot/install/wheeltec_mic_msg/share/wheeltec_mic_msg/package.dsv
[3.698s] -- Up-to-date symlink: /home/wheeltec/wheeltec_robot/install/wheeltec_mic_msg/share/ament_index/resource_index/packages/wheeltec_mic_msg
[3.698s] -- Up-to-date symlink: /home/wheeltec/wheeltec_robot/install/wheeltec_mic_msg/share/wheeltec_mic_msg/cmake/rosidl_cmake-extras.cmake
[3.698s] -- Up-to-date symlink: /home/wheeltec/wheeltec_robot/install/wheeltec_mic_msg/share/wheeltec_mic_msg/cmake/ament_cmake_export_dependencies-extras.cmake
[3.699s] -- Up-to-date symlink: /home/wheeltec/wheeltec_robot/install/wheeltec_mic_msg/share/wheeltec_mic_msg/cmake/ament_cmake_export_include_directories-extras.cmake
[3.699s] -- Up-to-date symlink: /home/wheeltec/wheeltec_robot/install/wheeltec_mic_msg/share/wheeltec_mic_msg/cmake/ament_cmake_export_libraries-extras.cmake
[3.699s] -- Up-to-date symlink: /home/wheeltec/wheeltec_robot/install/wheeltec_mic_msg/share/wheeltec_mic_msg/cmake/ament_cmake_export_targets-extras.cmake
[3.699s] -- Up-to-date symlink: /home/wheeltec/wheeltec_robot/install/wheeltec_mic_msg/share/wheeltec_mic_msg/cmake/rosidl_cmake_export_typesupport_targets-extras.cmake
[3.700s] -- Up-to-date symlink: /home/wheeltec/wheeltec_robot/install/wheeltec_mic_msg/share/wheeltec_mic_msg/cmake/rosidl_cmake_export_typesupport_libraries-extras.cmake
[3.700s] -- Up-to-date symlink: /home/wheeltec/wheeltec_robot/install/wheeltec_mic_msg/share/wheeltec_mic_msg/cmake/wheeltec_mic_msgConfig.cmake
[3.700s] -- Up-to-date symlink: /home/wheeltec/wheeltec_robot/install/wheeltec_mic_msg/share/wheeltec_mic_msg/cmake/wheeltec_mic_msgConfig-version.cmake
[3.700s] -- Up-to-date symlink: /home/wheeltec/wheeltec_robot/install/wheeltec_mic_msg/share/wheeltec_mic_msg/package.xml
[3.701s] -- Up-to-date: /home/wheeltec/wheeltec_robot/install/wheeltec_mic_msg/lib/libwheeltec_mic_msg__rosidl_generator_c.so
[3.701s] -- Up-to-date: /home/wheeltec/wheeltec_robot/install/wheeltec_mic_msg/lib/libwheeltec_mic_msg__rosidl_typesupport_fastrtps_c.so
[3.701s] -- Up-to-date: /home/wheeltec/wheeltec_robot/install/wheeltec_mic_msg/lib/libwheeltec_mic_msg__rosidl_typesupport_fastrtps_cpp.so
[3.702s] -- Up-to-date: /home/wheeltec/wheeltec_robot/install/wheeltec_mic_msg/lib/libwheeltec_mic_msg__rosidl_typesupport_introspection_c.so
[3.703s] -- Up-to-date: /home/wheeltec/wheeltec_robot/install/wheeltec_mic_msg/lib/libwheeltec_mic_msg__rosidl_typesupport_c.so
[3.703s] -- Up-to-date: /home/wheeltec/wheeltec_robot/install/wheeltec_mic_msg/lib/libwheeltec_mic_msg__rosidl_typesupport_introspection_cpp.so
[3.703s] -- Up-to-date: /home/wheeltec/wheeltec_robot/install/wheeltec_mic_msg/lib/libwheeltec_mic_msg__rosidl_typesupport_cpp.so
[3.950s] Listing '/home/wheeltec/wheeltec_robot/install/wheeltec_mic_msg/local/lib/python3.10/dist-packages/wheeltec_mic_msg'...
[3.950s] Listing '/home/wheeltec/wheeltec_robot/install/wheeltec_mic_msg/local/lib/python3.10/dist-packages/wheeltec_mic_msg/msg'...
[3.950s] Listing '/home/wheeltec/wheeltec_robot/install/wheeltec_mic_msg/local/lib/python3.10/dist-packages/wheeltec_mic_msg/srv'...
[3.967s] -- Up-to-date: /home/wheeltec/wheeltec_robot/install/wheeltec_mic_msg/lib/libwheeltec_mic_msg__rosidl_generator_py.so
[3.968s] -- Up-to-date: /home/wheeltec/wheeltec_robot/install/wheeltec_mic_msg/share/wheeltec_mic_msg/cmake/export_wheeltec_mic_msg__rosidl_generator_cExport.cmake
[3.968s] -- Up-to-date: /home/wheeltec/wheeltec_robot/install/wheeltec_mic_msg/share/wheeltec_mic_msg/cmake/export_wheeltec_mic_msg__rosidl_generator_cExport-noconfig.cmake
[3.968s] -- Up-to-date: /home/wheeltec/wheeltec_robot/install/wheeltec_mic_msg/share/wheeltec_mic_msg/cmake/export_wheeltec_mic_msg__rosidl_typesupport_fastrtps_cExport.cmake
[3.968s] -- Up-to-date: /home/wheeltec/wheeltec_robot/install/wheeltec_mic_msg/share/wheeltec_mic_msg/cmake/export_wheeltec_mic_msg__rosidl_typesupport_fastrtps_cExport-noconfig.cmake
[3.968s] -- Up-to-date: /home/wheeltec/wheeltec_robot/install/wheeltec_mic_msg/share/wheeltec_mic_msg/cmake/export_wheeltec_mic_msg__rosidl_generator_cppExport.cmake
[3.969s] -- Up-to-date: /home/wheeltec/wheeltec_robot/install/wheeltec_mic_msg/share/wheeltec_mic_msg/cmake/export_wheeltec_mic_msg__rosidl_typesupport_fastrtps_cppExport.cmake
[3.969s] -- Up-to-date: /home/wheeltec/wheeltec_robot/install/wheeltec_mic_msg/share/wheeltec_mic_msg/cmake/export_wheeltec_mic_msg__rosidl_typesupport_fastrtps_cppExport-noconfig.cmake
[3.969s] -- Up-to-date: /home/wheeltec/wheeltec_robot/install/wheeltec_mic_msg/share/wheeltec_mic_msg/cmake/wheeltec_mic_msg__rosidl_typesupport_introspection_cExport.cmake
[3.969s] -- Up-to-date: /home/wheeltec/wheeltec_robot/install/wheeltec_mic_msg/share/wheeltec_mic_msg/cmake/wheeltec_mic_msg__rosidl_typesupport_introspection_cExport-noconfig.cmake
[3.969s] -- Up-to-date: /home/wheeltec/wheeltec_robot/install/wheeltec_mic_msg/share/wheeltec_mic_msg/cmake/wheeltec_mic_msg__rosidl_typesupport_cExport.cmake
[3.969s] -- Up-to-date: /home/wheeltec/wheeltec_robot/install/wheeltec_mic_msg/share/wheeltec_mic_msg/cmake/wheeltec_mic_msg__rosidl_typesupport_cExport-noconfig.cmake
[3.969s] -- Up-to-date: /home/wheeltec/wheeltec_robot/install/wheeltec_mic_msg/share/wheeltec_mic_msg/cmake/wheeltec_mic_msg__rosidl_typesupport_introspection_cppExport.cmake
[3.973s] -- Up-to-date: /home/wheeltec/wheeltec_robot/install/wheeltec_mic_msg/share/wheeltec_mic_msg/cmake/wheeltec_mic_msg__rosidl_typesupport_introspection_cppExport-noconfig.cmake
[3.973s] -- Up-to-date: /home/wheeltec/wheeltec_robot/install/wheeltec_mic_msg/share/wheeltec_mic_msg/cmake/wheeltec_mic_msg__rosidl_typesupport_cppExport.cmake
[3.973s] -- Up-to-date: /home/wheeltec/wheeltec_robot/install/wheeltec_mic_msg/share/wheeltec_mic_msg/cmake/wheeltec_mic_msg__rosidl_typesupport_cppExport-noconfig.cmake
[3.973s] -- Up-to-date: /home/wheeltec/wheeltec_robot/install/wheeltec_mic_msg/share/wheeltec_mic_msg/cmake/export_wheeltec_mic_msg__rosidl_generator_pyExport.cmake
[3.974s] -- Up-to-date: /home/wheeltec/wheeltec_robot/install/wheeltec_mic_msg/share/wheeltec_mic_msg/cmake/export_wheeltec_mic_msg__rosidl_generator_pyExport-noconfig.cmake
[3.978s] Invoked command in '/home/wheeltec/wheeltec_robot/build/wheeltec_mic_msg' returned '0': CMAKE_PREFIX_PATH=${CMAKE_PREFIX_PATH}:/opt/ros/humble /usr/bin/cmake --install /home/wheeltec/wheeltec_robot/build/wheeltec_mic_msg
