[  2%] [34m[1mGenerating C++ code for ROS interfaces[0m
[  2%] Built target turn_on_wheeltec_robot__cpp
[  5%] [32mBuilding CXX object CMakeFiles/wheeltec_robot_node.dir/src/wheeltec_robot.cpp.o[0m
[01m[K/home/wheeltec/wheeltec_robot/src/turn_on_wheeltec_robot/src/wheeltec_robot.cpp:734:70:[m[K [01;35m[Kwarning: [m[Kbackslash and newline separated by space
  734 |   ("/set_charge",std::bind(&turn_on_robot::Set_Charge_Callback,this, \
      |                                                                       
[01m[K/home/wheeltec/wheeltec_robot/src/turn_on_wheeltec_robot/src/wheeltec_robot.cpp:[m[K In member function ‘[01m[Kbool turn_on_robot::Get_Sensor_Data()[m[K’:
[01m[K/home/wheeltec/wheeltec_robot/src/turn_on_wheeltec_robot/src/wheeltec_robot.cpp:381:50:[m[K [01;35m[Kwarning: [m[KISO C++ forbids variable length array ‘[01m[KReceive_Data_Tr[m[K’ [[01;35m[K]8;;https://gcc.gnu.org/onlinedocs/gcc/Warning-Options.html#index-Wvla-Wvla]8;;[m[K]
  381 |   uint8_t Receive_Data_Pr[RECEIVE_DATA_SIZE]={0},[01;35m[KReceive_Data_Tr[m[K[temp]={0}; //Temporary variable to save the data of the lower machine //临时变量，保存下位机数据
      |                                                  [01;35m[K^~~~~~~~~~~~~~~[m[K
[  8%] [32mBuilding CXX object CMakeFiles/wheeltec_robot_node.dir/src/Quaternion_Solution.cpp.o[0m
[ 11%] [32m[1mLinking CXX executable wheeltec_robot_node[0m
[ 11%] Built target wheeltec_robot_node
[ 14%] [34m[1mGenerating C++ introspection for ROS interfaces[0m
[ 17%] [32mBuilding CXX object CMakeFiles/turn_on_wheeltec_robot__rosidl_typesupport_introspection_cpp.dir/rosidl_typesupport_introspection_cpp/turn_on_wheeltec_robot/msg/detail/position__type_support.cpp.o[0m
[ 20%] [32m[1mLinking CXX shared library libturn_on_wheeltec_robot__rosidl_typesupport_introspection_cpp.so[0m
[ 20%] Built target turn_on_wheeltec_robot__rosidl_typesupport_introspection_cpp
[ 23%] [34m[1mGenerating C++ type support for eProsima Fast-RTPS[0m
[ 26%] [32mBuilding CXX object CMakeFiles/turn_on_wheeltec_robot__rosidl_typesupport_fastrtps_cpp.dir/rosidl_typesupport_fastrtps_cpp/turn_on_wheeltec_robot/msg/detail/dds_fastrtps/position__type_support.cpp.o[0m
[ 29%] [32m[1mLinking CXX shared library libturn_on_wheeltec_robot__rosidl_typesupport_fastrtps_cpp.so[0m
[ 29%] Built target turn_on_wheeltec_robot__rosidl_typesupport_fastrtps_cpp
[ 32%] [34m[1mGenerating C++ type support dispatch for ROS interfaces[0m
[ 35%] [32mBuilding CXX object CMakeFiles/turn_on_wheeltec_robot__rosidl_typesupport_cpp.dir/rosidl_typesupport_cpp/turn_on_wheeltec_robot/msg/position__type_support.cpp.o[0m
[ 38%] [32m[1mLinking CXX shared library libturn_on_wheeltec_robot__rosidl_typesupport_cpp.so[0m
[ 38%] Built target turn_on_wheeltec_robot__rosidl_typesupport_cpp
[ 38%] Built target ament_cmake_python_copy_turn_on_wheeltec_robot
[ 41%] [34m[1mGenerating C code for ROS interfaces[0m
[ 44%] [32mBuilding C object CMakeFiles/turn_on_wheeltec_robot__rosidl_generator_c.dir/rosidl_generator_c/turn_on_wheeltec_robot/msg/detail/position__functions.c.o[0m
[ 47%] [32m[1mLinking C shared library libturn_on_wheeltec_robot__rosidl_generator_c.so[0m
[ 47%] Built target turn_on_wheeltec_robot__rosidl_generator_c
running egg_info
creating turn_on_wheeltec_robot.egg-info
writing turn_on_wheeltec_robot.egg-info/PKG-INFO
writing dependency_links to turn_on_wheeltec_robot.egg-info/dependency_links.txt
writing top-level names to turn_on_wheeltec_robot.egg-info/top_level.txt
writing manifest file 'turn_on_wheeltec_robot.egg-info/SOURCES.txt'
reading manifest file 'turn_on_wheeltec_robot.egg-info/SOURCES.txt'
writing manifest file 'turn_on_wheeltec_robot.egg-info/SOURCES.txt'
[ 47%] Built target ament_cmake_python_build_turn_on_wheeltec_robot_egg
[ 50%] [34m[1mGenerating C type support dispatch for ROS interfaces[0m
[ 52%] [32mBuilding CXX object CMakeFiles/turn_on_wheeltec_robot__rosidl_typesupport_c.dir/rosidl_typesupport_c/turn_on_wheeltec_robot/msg/position__type_support.cpp.o[0m
[ 55%] [32m[1mLinking CXX shared library libturn_on_wheeltec_robot__rosidl_typesupport_c.so[0m
[ 55%] Built target turn_on_wheeltec_robot__rosidl_typesupport_c
[ 58%] [34m[1mGenerating C introspection for ROS interfaces[0m
[ 61%] [32mBuilding C object CMakeFiles/turn_on_wheeltec_robot__rosidl_typesupport_introspection_c.dir/rosidl_typesupport_introspection_c/turn_on_wheeltec_robot/msg/detail/position__type_support.c.o[0m
[ 64%] [32m[1mLinking C shared library libturn_on_wheeltec_robot__rosidl_typesupport_introspection_c.so[0m
[ 64%] Built target turn_on_wheeltec_robot__rosidl_typesupport_introspection_c
[ 67%] [34m[1mGenerating C type support for eProsima Fast-RTPS[0m
[ 70%] [32mBuilding CXX object CMakeFiles/turn_on_wheeltec_robot__rosidl_typesupport_fastrtps_c.dir/rosidl_typesupport_fastrtps_c/turn_on_wheeltec_robot/msg/detail/position__type_support_c.cpp.o[0m
[ 73%] [32m[1mLinking CXX shared library libturn_on_wheeltec_robot__rosidl_typesupport_fastrtps_c.so[0m
[ 73%] Built target turn_on_wheeltec_robot__rosidl_typesupport_fastrtps_c
[ 73%] Built target turn_on_wheeltec_robot
[ 76%] [34m[1mGenerating Python code for ROS interfaces[0m
[ 76%] Built target turn_on_wheeltec_robot__py
[ 79%] [32mBuilding C object CMakeFiles/turn_on_wheeltec_robot__rosidl_generator_py.dir/rosidl_generator_py/turn_on_wheeltec_robot/msg/_position_s.c.o[0m
[ 82%] [32m[1mLinking C shared library rosidl_generator_py/turn_on_wheeltec_robot/libturn_on_wheeltec_robot__rosidl_generator_py.so[0m
[ 82%] Built target turn_on_wheeltec_robot__rosidl_generator_py
[ 85%] [32mBuilding C object CMakeFiles/turn_on_wheeltec_robot__rosidl_typesupport_fastrtps_c__pyext.dir/rosidl_generator_py/turn_on_wheeltec_robot/_turn_on_wheeltec_robot_s.ep.rosidl_typesupport_fastrtps_c.c.o[0m
[ 88%] [32m[1mLinking C shared library rosidl_generator_py/turn_on_wheeltec_robot/turn_on_wheeltec_robot_s__rosidl_typesupport_fastrtps_c.cpython-310-aarch64-linux-gnu.so[0m
[ 88%] Built target turn_on_wheeltec_robot__rosidl_typesupport_fastrtps_c__pyext
[ 91%] [32mBuilding C object CMakeFiles/turn_on_wheeltec_robot__rosidl_typesupport_c__pyext.dir/rosidl_generator_py/turn_on_wheeltec_robot/_turn_on_wheeltec_robot_s.ep.rosidl_typesupport_c.c.o[0m
[ 94%] [32m[1mLinking C shared library rosidl_generator_py/turn_on_wheeltec_robot/turn_on_wheeltec_robot_s__rosidl_typesupport_c.cpython-310-aarch64-linux-gnu.so[0m
[ 94%] Built target turn_on_wheeltec_robot__rosidl_typesupport_c__pyext
[ 97%] [32mBuilding C object CMakeFiles/turn_on_wheeltec_robot__rosidl_typesupport_introspection_c__pyext.dir/rosidl_generator_py/turn_on_wheeltec_robot/_turn_on_wheeltec_robot_s.ep.rosidl_typesupport_introspection_c.c.o[0m
[100%] [32m[1mLinking C shared library rosidl_generator_py/turn_on_wheeltec_robot/turn_on_wheeltec_robot_s__rosidl_typesupport_introspection_c.cpython-310-aarch64-linux-gnu.so[0m
[100%] Built target turn_on_wheeltec_robot__rosidl_typesupport_introspection_c__pyext
