[0.021s] Invoking command in '/home/wheeltec/wheeltec_robot/build/openslam_gmapping': CMAKE_PREFIX_PATH=/opt/ros/humble /usr/bin/cmake /home/wheeltec/wheeltec_robot/src/wheeltec_robot_slam/openslam_gmapping -DAMENT_CMAKE_SYMLINK_INSTALL=1 -DCMAKE_INSTALL_PREFIX=/home/wheeltec/wheeltec_robot/install/openslam_gmapping
[3.321s] -- The C compiler identification is GNU 11.4.0
[3.321s] -- The CXX compiler identification is GNU 11.4.0
[3.321s] -- Detecting C compiler ABI info
[3.321s] -- Detecting C compiler ABI info - done
[3.321s] -- Check for working C compiler: /usr/bin/cc - skipped
[3.321s] -- Detecting C compile features
[3.322s] -- Detecting C compile features - done
[3.322s] -- Detecting CXX compiler ABI info
[3.322s] -- Detecting CXX compiler ABI info - done
[3.322s] -- Check for working CXX compiler: /usr/bin/c++ - skipped
[3.322s] -- Detecting CXX compile features
[3.322s] -- Detecting CXX compile features - done
[3.322s] -- Found ament_cmake: 1.3.12 (/opt/ros/humble/share/ament_cmake/cmake)
[3.322s] -- Found Python3: /usr/bin/python3 (found version "3.10.12") found components: Interpreter 
[3.322s] -- Override CMake install command with custom implementation using symlinks instead of copying resources
[3.323s] -- Configuring done
[3.323s] -- Generating done
[3.323s] -- Build files have been written to: /home/wheeltec/wheeltec_robot/build/openslam_gmapping
[3.325s] Invoked command in '/home/wheeltec/wheeltec_robot/build/openslam_gmapping' returned '0': CMAKE_PREFIX_PATH=/opt/ros/humble /usr/bin/cmake /home/wheeltec/wheeltec_robot/src/wheeltec_robot_slam/openslam_gmapping -DAMENT_CMAKE_SYMLINK_INSTALL=1 -DCMAKE_INSTALL_PREFIX=/home/wheeltec/wheeltec_robot/install/openslam_gmapping
[3.327s] Invoking command in '/home/wheeltec/wheeltec_robot/build/openslam_gmapping': CMAKE_PREFIX_PATH=/opt/ros/humble /usr/bin/cmake --build /home/wheeltec/wheeltec_robot/build/openslam_gmapping -- -j8 -l8
[15.010s] [  4%] [32mBuilding CXX object utils/CMakeFiles/utils.dir/movement.cpp.o[0m
[15.011s] [  9%] [32mBuilding CXX object utils/CMakeFiles/utils.dir/stat.cpp.o[0m
[15.011s] [ 13%] [32m[1mLinking CXX static library libutils.a[0m
[15.011s] [ 13%] Built target utils
[15.011s] [ 18%] [32mBuilding CXX object sensor/sensor_base/CMakeFiles/sensor_base.dir/sensor.cpp.o[0m
[15.012s] [ 22%] [32mBuilding CXX object sensor/sensor_base/CMakeFiles/sensor_base.dir/sensorreading.cpp.o[0m
[15.012s] [ 27%] [32m[1mLinking CXX static library libsensor_base.a[0m
[15.012s] [ 27%] Built target sensor_base
[15.014s] [ 31%] [32mBuilding CXX object sensor/sensor_range/CMakeFiles/sensor_range.dir/rangereading.cpp.o[0m
[15.015s] [ 36%] [32mBuilding CXX object sensor/sensor_range/CMakeFiles/sensor_range.dir/rangesensor.cpp.o[0m
[15.015s] [ 40%] [32m[1mLinking CXX static library libsensor_range.a[0m
[15.015s] [ 40%] Built target sensor_range
[15.015s] [ 45%] [32mBuilding CXX object sensor/sensor_odometry/CMakeFiles/sensor_odometry.dir/odometryreading.cpp.o[0m
[15.015s] [ 50%] [32mBuilding CXX object sensor/sensor_odometry/CMakeFiles/sensor_odometry.dir/odometrysensor.cpp.o[0m
[15.015s] [ 54%] [32m[1mLinking CXX static library libsensor_odometry.a[0m
[15.015s] [ 54%] Built target sensor_odometry
[15.015s] [ 59%] [32mBuilding CXX object scanmatcher/CMakeFiles/scanmatcher.dir/eig3.cpp.o[0m
[15.015s] [ 63%] [32mBuilding CXX object scanmatcher/CMakeFiles/scanmatcher.dir/smmap.cpp.o[0m
[15.015s] [ 68%] [32mBuilding CXX object scanmatcher/CMakeFiles/scanmatcher.dir/scanmatcherprocessor.cpp.o[0m
[15.016s] [ 72%] [32mBuilding CXX object scanmatcher/CMakeFiles/scanmatcher.dir/scanmatcher.cpp.o[0m
[15.016s] [ 77%] [32m[1mLinking CXX static library libscanmatcher.a[0m
[15.016s] [ 77%] Built target scanmatcher
[15.016s] [ 81%] [32mBuilding CXX object gridfastslam/CMakeFiles/gridfastslam.dir/gfsreader.cpp.o[0m
[15.683s] [ 86%] [32mBuilding CXX object gridfastslam/CMakeFiles/gridfastslam.dir/motionmodel.cpp.o[0m
[16.322s] [ 90%] [32mBuilding CXX object gridfastslam/CMakeFiles/gridfastslam.dir/gridslamprocessor_tree.cpp.o[0m
[18.105s] [ 95%] [32mBuilding CXX object gridfastslam/CMakeFiles/gridfastslam.dir/gridslamprocessor.cpp.o[0m
[21.233s] [100%] [32m[1mLinking CXX static library libgridfastslam.a[0m
[21.291s] [100%] Built target gridfastslam
[21.312s] Invoked command in '/home/wheeltec/wheeltec_robot/build/openslam_gmapping' returned '0': CMAKE_PREFIX_PATH=/opt/ros/humble /usr/bin/cmake --build /home/wheeltec/wheeltec_robot/build/openslam_gmapping -- -j8 -l8
[21.321s] Invoking command in '/home/wheeltec/wheeltec_robot/build/openslam_gmapping': CMAKE_PREFIX_PATH=/opt/ros/humble /usr/bin/cmake --install /home/wheeltec/wheeltec_robot/build/openslam_gmapping
[28.178s] -- Install configuration: ""
[28.179s] -- Execute custom install script
[28.179s] -- Symlinking: /home/wheeltec/wheeltec_robot/install/openslam_gmapping/lib/libgridfastslam.a
[28.179s] -- Symlinking: /home/wheeltec/wheeltec_robot/install/openslam_gmapping/lib/libscanmatcher.a
[28.179s] -- Symlinking: /home/wheeltec/wheeltec_robot/install/openslam_gmapping/lib/libsensor_base.a
[28.179s] -- Symlinking: /home/wheeltec/wheeltec_robot/install/openslam_gmapping/share/openslam_gmapping/environment/library_path.sh
[28.179s] -- Symlinking: /home/wheeltec/wheeltec_robot/install/openslam_gmapping/share/openslam_gmapping/environment/library_path.dsv
[28.179s] -- Up-to-date symlink: /home/wheeltec/wheeltec_robot/install/openslam_gmapping/share/openslam_gmapping/environment/library_path.sh
[28.179s] -- Up-to-date symlink: /home/wheeltec/wheeltec_robot/install/openslam_gmapping/share/openslam_gmapping/environment/library_path.dsv
[28.179s] -- Symlinking: /home/wheeltec/wheeltec_robot/install/openslam_gmapping/lib/libsensor_odometry.a
[28.179s] -- Symlinking: /home/wheeltec/wheeltec_robot/install/openslam_gmapping/lib/libsensor_range.a
[28.179s] -- Symlinking: /home/wheeltec/wheeltec_robot/install/openslam_gmapping/lib/libutils.a
[28.180s] -- Up-to-date symlink: /home/wheeltec/wheeltec_robot/install/openslam_gmapping/share/openslam_gmapping/environment/library_path.sh
[28.180s] -- Up-to-date symlink: /home/wheeltec/wheeltec_robot/install/openslam_gmapping/share/openslam_gmapping/environment/library_path.dsv
[28.180s] -- Up-to-date symlink: /home/wheeltec/wheeltec_robot/install/openslam_gmapping/share/openslam_gmapping/environment/library_path.sh
[28.180s] -- Up-to-date symlink: /home/wheeltec/wheeltec_robot/install/openslam_gmapping/share/openslam_gmapping/environment/library_path.dsv
[28.180s] -- Symlinking: /home/wheeltec/wheeltec_robot/install/openslam_gmapping/include//gmapping/grid/accessstate.h
[28.180s] -- Symlinking: /home/wheeltec/wheeltec_robot/install/openslam_gmapping/include//gmapping/grid/array2d.h
[28.180s] -- Symlinking: /home/wheeltec/wheeltec_robot/install/openslam_gmapping/include//gmapping/grid/harray2d.h
[28.180s] -- Symlinking: /home/wheeltec/wheeltec_robot/install/openslam_gmapping/include//gmapping/grid/map.h
[28.180s] -- Symlinking: /home/wheeltec/wheeltec_robot/install/openslam_gmapping/include//gmapping/gridfastslam/gridslamprocessor.h
[28.180s] -- Symlinking: /home/wheeltec/wheeltec_robot/install/openslam_gmapping/include//gmapping/gridfastslam/gridslamprocessor.hxx
[28.180s] -- Symlinking: /home/wheeltec/wheeltec_robot/install/openslam_gmapping/include//gmapping/gridfastslam/motionmodel.h
[28.180s] -- Symlinking: /home/wheeltec/wheeltec_robot/install/openslam_gmapping/include//gmapping/log/configuration.h
[28.181s] -- Symlinking: /home/wheeltec/wheeltec_robot/install/openslam_gmapping/include//gmapping/log/sensorlog.h
[28.181s] -- Symlinking: /home/wheeltec/wheeltec_robot/install/openslam_gmapping/include//gmapping/particlefilter/particlefilter.h
[28.181s] -- Symlinking: /home/wheeltec/wheeltec_robot/install/openslam_gmapping/include//gmapping/scanmatcher/icp.h
[28.181s] -- Symlinking: /home/wheeltec/wheeltec_robot/install/openslam_gmapping/include//gmapping/scanmatcher/scanmatcher.h
[28.181s] -- Symlinking: /home/wheeltec/wheeltec_robot/install/openslam_gmapping/include//gmapping/scanmatcher/smmap.h
[28.181s] -- Symlinking: /home/wheeltec/wheeltec_robot/install/openslam_gmapping/include//gmapping/sensor/sensor_base/sensor.h
[28.181s] -- Symlinking: /home/wheeltec/wheeltec_robot/install/openslam_gmapping/include//gmapping/sensor/sensor_base/sensorreading.h
[28.181s] -- Symlinking: /home/wheeltec/wheeltec_robot/install/openslam_gmapping/include//gmapping/sensor/sensor_odometry/odometryreading.h
[28.181s] -- Symlinking: /home/wheeltec/wheeltec_robot/install/openslam_gmapping/include//gmapping/sensor/sensor_odometry/odometrysensor.h
[28.181s] -- Symlinking: /home/wheeltec/wheeltec_robot/install/openslam_gmapping/include//gmapping/sensor/sensor_range/rangereading.h
[28.181s] -- Symlinking: /home/wheeltec/wheeltec_robot/install/openslam_gmapping/include//gmapping/sensor/sensor_range/rangesensor.h
[28.181s] -- Symlinking: /home/wheeltec/wheeltec_robot/install/openslam_gmapping/include//gmapping/utils/autoptr.h
[28.182s] -- Symlinking: /home/wheeltec/wheeltec_robot/install/openslam_gmapping/include//gmapping/utils/commandline.h
[28.182s] -- Symlinking: /home/wheeltec/wheeltec_robot/install/openslam_gmapping/include//gmapping/utils/gvalues.h
[28.182s] -- Symlinking: /home/wheeltec/wheeltec_robot/install/openslam_gmapping/include//gmapping/utils/macro_params.h
[28.182s] -- Symlinking: /home/wheeltec/wheeltec_robot/install/openslam_gmapping/include//gmapping/utils/point.h
[28.182s] -- Symlinking: /home/wheeltec/wheeltec_robot/install/openslam_gmapping/include//gmapping/utils/stat.h
[28.182s] -- Symlinking: /home/wheeltec/wheeltec_robot/install/openslam_gmapping/share/ament_index/resource_index/package_run_dependencies/openslam_gmapping
[28.182s] -- Symlinking: /home/wheeltec/wheeltec_robot/install/openslam_gmapping/share/ament_index/resource_index/parent_prefix_path/openslam_gmapping
[28.182s] -- Symlinking: /home/wheeltec/wheeltec_robot/install/openslam_gmapping/share/openslam_gmapping/environment/ament_prefix_path.sh
[28.183s] -- Symlinking: /home/wheeltec/wheeltec_robot/install/openslam_gmapping/share/openslam_gmapping/environment/ament_prefix_path.dsv
[28.183s] -- Symlinking: /home/wheeltec/wheeltec_robot/install/openslam_gmapping/share/openslam_gmapping/environment/path.sh
[28.183s] -- Symlinking: /home/wheeltec/wheeltec_robot/install/openslam_gmapping/share/openslam_gmapping/environment/path.dsv
[28.183s] -- Symlinking: /home/wheeltec/wheeltec_robot/install/openslam_gmapping/share/openslam_gmapping/local_setup.bash
[28.183s] -- Symlinking: /home/wheeltec/wheeltec_robot/install/openslam_gmapping/share/openslam_gmapping/local_setup.sh
[28.183s] -- Symlinking: /home/wheeltec/wheeltec_robot/install/openslam_gmapping/share/openslam_gmapping/local_setup.zsh
[28.183s] -- Symlinking: /home/wheeltec/wheeltec_robot/install/openslam_gmapping/share/openslam_gmapping/local_setup.dsv
[28.183s] -- Symlinking: /home/wheeltec/wheeltec_robot/install/openslam_gmapping/share/openslam_gmapping/package.dsv
[28.183s] -- Symlinking: /home/wheeltec/wheeltec_robot/install/openslam_gmapping/share/ament_index/resource_index/packages/openslam_gmapping
[28.183s] -- Symlinking: /home/wheeltec/wheeltec_robot/install/openslam_gmapping/share/openslam_gmapping/cmake/ament_cmake_export_libraries-extras.cmake
[28.183s] -- Symlinking: /home/wheeltec/wheeltec_robot/install/openslam_gmapping/share/openslam_gmapping/cmake/ament_cmake_export_include_directories-extras.cmake
[28.183s] -- Symlinking: /home/wheeltec/wheeltec_robot/install/openslam_gmapping/share/openslam_gmapping/cmake/openslam_gmappingConfig.cmake
[28.184s] -- Symlinking: /home/wheeltec/wheeltec_robot/install/openslam_gmapping/share/openslam_gmapping/cmake/openslam_gmappingConfig-version.cmake
[28.184s] -- Symlinking: /home/wheeltec/wheeltec_robot/install/openslam_gmapping/share/openslam_gmapping/package.xml
[28.243s] Invoked command in '/home/wheeltec/wheeltec_robot/build/openslam_gmapping' returned '0': CMAKE_PREFIX_PATH=/opt/ros/humble /usr/bin/cmake --install /home/wheeltec/wheeltec_robot/build/openslam_gmapping
